ARM GAS  /tmp/ccBToExr.s 			page 1


   1              		.syntax unified
   2              		.cpu cortex-m4
   3              		.eabi_attribute 27, 1
   4              		.eabi_attribute 28, 1
   5              		.fpu fpv4-sp-d16
   6              		.eabi_attribute 20, 1
   7              		.eabi_attribute 21, 1
   8              		.eabi_attribute 23, 3
   9              		.eabi_attribute 24, 1
  10              		.eabi_attribute 25, 1
  11              		.eabi_attribute 26, 1
  12              		.eabi_attribute 30, 2
  13              		.eabi_attribute 34, 1
  14              		.eabi_attribute 18, 4
  15              		.thumb
  16              		.file	"chvt.c"
  17              		.text
  18              	.Ltext0:
  19              		.cfi_sections	.debug_frame
  20              		.section	.text._vt_init,"ax",%progbits
  21              		.align	2
  22              		.p2align 4,,15
  23              		.global	_vt_init
  24              		.thumb
  25              		.thumb_func
  26              		.type	_vt_init, %function
  27              	_vt_init:
  28              	.LFB219:
  29              		.file 1 "ChibiOS_3.0.2/os/rt/src/chvt.c"
  30              		.loc 1 61 0
  31              		.cfi_startproc
  32              		@ args = 0, pretend = 0, frame = 0
  33              		@ frame_needed = 0, uses_anonymous_args = 0
  34              		@ link register save eliminated.
  35              		.loc 1 63 0
  36 0000 054B     		ldr	r3, .L2
  37              		.loc 1 65 0
  38 0002 4FF0FF30 		mov	r0, #-1
  39              		.loc 1 63 0
  40 0006 03F11C02 		add	r2, r3, #28
  41              		.loc 1 67 0
  42 000a 0021     		movs	r1, #0
  43              		.loc 1 65 0
  44 000c 5862     		str	r0, [r3, #36]
  45              		.loc 1 67 0
  46 000e 9962     		str	r1, [r3, #40]
  47              		.loc 1 63 0
  48 0010 DA61     		str	r2, [r3, #28]
  49              		.loc 1 64 0
  50 0012 1A62     		str	r2, [r3, #32]
  51 0014 7047     		bx	lr
  52              	.L3:
  53 0016 00BF     		.align	2
  54              	.L2:
  55 0018 00000000 		.word	ch
  56              		.cfi_endproc
  57              	.LFE219:
ARM GAS  /tmp/ccBToExr.s 			page 2


  58              		.size	_vt_init, .-_vt_init
  59              		.section	.text.chVTDoSetI,"ax",%progbits
  60              		.align	2
  61              		.p2align 4,,15
  62              		.global	chVTDoSetI
  63              		.thumb
  64              		.thumb_func
  65              		.type	chVTDoSetI, %function
  66              	chVTDoSetI:
  67              	.LFB220:
  68              		.loc 1 96 0
  69              		.cfi_startproc
  70              		@ args = 0, pretend = 0, frame = 0
  71              		@ frame_needed = 0, uses_anonymous_args = 0
  72              		@ link register save eliminated.
  73              	.LVL0:
  74 0000 70B4     		push	{r4, r5, r6}
  75              		.cfi_def_cfa_offset 12
  76              		.cfi_offset 4, -12
  77              		.cfi_offset 5, -8
  78              		.cfi_offset 6, -4
  79              		.loc 1 150 0
  80 0002 0D4E     		ldr	r6, .L10
  81 0004 F469     		ldr	r4, [r6, #28]
  82              		.loc 1 151 0
  83 0006 A568     		ldr	r5, [r4, #8]
  84              		.loc 1 103 0
  85 0008 0361     		str	r3, [r0, #16]
  86              		.loc 1 151 0
  87 000a A942     		cmp	r1, r5
  88              		.loc 1 104 0
  89 000c C260     		str	r2, [r0, #12]
  90              	.LVL1:
  91              		.loc 1 151 0
  92 000e 04D9     		bls	.L5
  93              	.LVL2:
  94              	.L6:
  95              		.loc 1 153 0
  96 0010 2468     		ldr	r4, [r4]
  97              	.LVL3:
  98              		.loc 1 152 0
  99 0012 491B     		subs	r1, r1, r5
 100              	.LVL4:
 101              		.loc 1 151 0
 102 0014 A568     		ldr	r5, [r4, #8]
 103 0016 8D42     		cmp	r5, r1
 104 0018 FAD3     		bcc	.L6
 105              	.L5:
 106              		.loc 1 158 0
 107 001a 6368     		ldr	r3, [r4, #4]
 108              	.LVL5:
 109 001c 4360     		str	r3, [r0, #4]
 110              		.loc 1 157 0
 111 001e 0460     		str	r4, [r0]
 112              		.loc 1 159 0
 113 0020 1860     		str	r0, [r3]
 114              		.loc 1 160 0
ARM GAS  /tmp/ccBToExr.s 			page 3


 115 0022 6060     		str	r0, [r4, #4]
 116              		.loc 1 161 0
 117 0024 8160     		str	r1, [r0, #8]
 118              		.loc 1 165 0
 119 0026 A368     		ldr	r3, [r4, #8]
 120              		.loc 1 166 0
 121 0028 4FF0FF32 		mov	r2, #-1
 122              	.LVL6:
 123              		.loc 1 165 0
 124 002c 591A     		subs	r1, r3, r1
 125              	.LVL7:
 126 002e A160     		str	r1, [r4, #8]
 127              	.LVL8:
 128              		.loc 1 166 0
 129 0030 7262     		str	r2, [r6, #36]
 130              		.loc 1 167 0
 131 0032 70BC     		pop	{r4, r5, r6}
 132              		.cfi_restore 6
 133              		.cfi_restore 5
 134              		.cfi_restore 4
 135              		.cfi_def_cfa_offset 0
 136              	.LVL9:
 137 0034 7047     		bx	lr
 138              	.L11:
 139 0036 00BF     		.align	2
 140              	.L10:
 141 0038 00000000 		.word	ch
 142              		.cfi_endproc
 143              	.LFE220:
 144              		.size	chVTDoSetI, .-chVTDoSetI
 145              		.section	.text.chVTDoResetI,"ax",%progbits
 146              		.align	2
 147              		.p2align 4,,15
 148              		.global	chVTDoResetI
 149              		.thumb
 150              		.thumb_func
 151              		.type	chVTDoResetI, %function
 152              	chVTDoResetI:
 153              	.LFB221:
 154              		.loc 1 177 0
 155              		.cfi_startproc
 156              		@ args = 0, pretend = 0, frame = 0
 157              		@ frame_needed = 0, uses_anonymous_args = 0
 158              		@ link register save eliminated.
 159              	.LVL10:
 160              		.loc 1 186 0
 161 0000 0368     		ldr	r3, [r0]
 162 0002 8268     		ldr	r2, [r0, #8]
 163              		.loc 1 189 0
 164 0004 4168     		ldr	r1, [r0, #4]
 165              		.loc 1 177 0
 166 0006 30B4     		push	{r4, r5}
 167              		.cfi_def_cfa_offset 8
 168              		.cfi_offset 4, -8
 169              		.cfi_offset 5, -4
 170              		.loc 1 186 0
 171 0008 9D68     		ldr	r5, [r3, #8]
ARM GAS  /tmp/ccBToExr.s 			page 4


 172              		.loc 1 195 0
 173 000a 064C     		ldr	r4, .L14
 174              		.loc 1 186 0
 175 000c 2A44     		add	r2, r2, r5
 176 000e 9A60     		str	r2, [r3, #8]
 177              		.loc 1 189 0
 178 0010 0B60     		str	r3, [r1]
 179              		.loc 1 190 0
 180 0012 0568     		ldr	r5, [r0]
 181              		.loc 1 191 0
 182 0014 0022     		movs	r2, #0
 183              		.loc 1 195 0
 184 0016 4FF0FF33 		mov	r3, #-1
 185              		.loc 1 190 0
 186 001a 6960     		str	r1, [r5, #4]
 187              		.loc 1 191 0
 188 001c C260     		str	r2, [r0, #12]
 189              		.loc 1 195 0
 190 001e 6362     		str	r3, [r4, #36]
 191              		.loc 1 255 0
 192 0020 30BC     		pop	{r4, r5}
 193              		.cfi_restore 5
 194              		.cfi_restore 4
 195              		.cfi_def_cfa_offset 0
 196 0022 7047     		bx	lr
 197              	.L15:
 198              		.align	2
 199              	.L14:
 200 0024 00000000 		.word	ch
 201              		.cfi_endproc
 202              	.LFE221:
 203              		.size	chVTDoResetI, .-chVTDoResetI
 204              		.text
 205              	.Letext0:
 206              		.file 2 "/usr/arm-none-eabi/include/machine/_default_types.h"
 207              		.file 3 "/usr/arm-none-eabi/include/sys/_stdint.h"
 208              		.file 4 "ChibiOS_3.0.2/os/rt/ports/ARMCMx/compilers/GCC/chtypes.h"
 209              		.file 5 "ChibiOS_3.0.2/os/rt/include/chsystypes.h"
 210              		.file 6 "ChibiOS_3.0.2/os/rt/include/chschd.h"
 211              		.file 7 "ChibiOS_3.0.2/os/rt/ports/ARMCMx/chcore.h"
 212              		.file 8 "ChibiOS_3.0.2/os/rt/ports/ARMCMx/chcore_v7m.h"
 213              		.file 9 "ChibiOS_3.0.2/os/rt/include/chtm.h"
 214              		.file 10 "ChibiOS_3.0.2/os/rt/include/chsem.h"
 215              		.file 11 "ChibiOS_3.0.2/os/rt/include/chmtx.h"
 216              		.file 12 "ChibiOS_3.0.2/os/ext/CMSIS/include/core_cm4.h"
 217              		.section	.debug_info,"",%progbits
 218              	.Ldebug_info0:
 219 0000 F9070000 		.4byte	0x7f9
 220 0004 0400     		.2byte	0x4
 221 0006 00000000 		.4byte	.Ldebug_abbrev0
 222 000a 04       		.byte	0x4
 223 000b 01       		.uleb128 0x1
 224 000c DE030000 		.4byte	.LASF111
 225 0010 01       		.byte	0x1
 226 0011 61050000 		.4byte	.LASF112
 227 0015 F0000000 		.4byte	.LASF113
 228 0019 00000000 		.4byte	.Ldebug_ranges0+0
ARM GAS  /tmp/ccBToExr.s 			page 5


 229 001d 00000000 		.4byte	0
 230 0021 00000000 		.4byte	.Ldebug_line0
 231 0025 02       		.uleb128 0x2
 232 0026 04       		.byte	0x4
 233 0027 05       		.byte	0x5
 234 0028 696E7400 		.ascii	"int\000"
 235 002c 03       		.uleb128 0x3
 236 002d 04       		.byte	0x4
 237 002e 07       		.byte	0x7
 238 002f AD010000 		.4byte	.LASF0
 239 0033 03       		.uleb128 0x3
 240 0034 01       		.byte	0x1
 241 0035 06       		.byte	0x6
 242 0036 E4000000 		.4byte	.LASF1
 243 003a 04       		.uleb128 0x4
 244 003b 35000000 		.4byte	.LASF5
 245 003f 02       		.byte	0x2
 246 0040 1D       		.byte	0x1d
 247 0041 45000000 		.4byte	0x45
 248 0045 03       		.uleb128 0x3
 249 0046 01       		.byte	0x1
 250 0047 08       		.byte	0x8
 251 0048 16030000 		.4byte	.LASF2
 252 004c 03       		.uleb128 0x3
 253 004d 02       		.byte	0x2
 254 004e 05       		.byte	0x5
 255 004f 34030000 		.4byte	.LASF3
 256 0053 03       		.uleb128 0x3
 257 0054 02       		.byte	0x2
 258 0055 07       		.byte	0x7
 259 0056 EA010000 		.4byte	.LASF4
 260 005a 04       		.uleb128 0x4
 261 005b 3A020000 		.4byte	.LASF6
 262 005f 02       		.byte	0x2
 263 0060 3F       		.byte	0x3f
 264 0061 65000000 		.4byte	0x65
 265 0065 03       		.uleb128 0x3
 266 0066 04       		.byte	0x4
 267 0067 05       		.byte	0x5
 268 0068 55010000 		.4byte	.LASF7
 269 006c 04       		.uleb128 0x4
 270 006d 27050000 		.4byte	.LASF8
 271 0071 02       		.byte	0x2
 272 0072 41       		.byte	0x41
 273 0073 77000000 		.4byte	0x77
 274 0077 03       		.uleb128 0x3
 275 0078 04       		.byte	0x4
 276 0079 07       		.byte	0x7
 277 007a C7030000 		.4byte	.LASF9
 278 007e 03       		.uleb128 0x3
 279 007f 08       		.byte	0x8
 280 0080 05       		.byte	0x5
 281 0081 D6000000 		.4byte	.LASF10
 282 0085 04       		.uleb128 0x4
 283 0086 CC020000 		.4byte	.LASF11
 284 008a 02       		.byte	0x2
 285 008b 5B       		.byte	0x5b
ARM GAS  /tmp/ccBToExr.s 			page 6


 286 008c 90000000 		.4byte	0x90
 287 0090 03       		.uleb128 0x3
 288 0091 08       		.byte	0x8
 289 0092 07       		.byte	0x7
 290 0093 5A000000 		.4byte	.LASF12
 291 0097 04       		.uleb128 0x4
 292 0098 AF050000 		.4byte	.LASF13
 293 009c 03       		.byte	0x3
 294 009d 14       		.byte	0x14
 295 009e 3A000000 		.4byte	0x3a
 296 00a2 04       		.uleb128 0x4
 297 00a3 0E030000 		.4byte	.LASF14
 298 00a7 03       		.byte	0x3
 299 00a8 1F       		.byte	0x1f
 300 00a9 5A000000 		.4byte	0x5a
 301 00ad 04       		.uleb128 0x4
 302 00ae 9F030000 		.4byte	.LASF15
 303 00b2 03       		.byte	0x3
 304 00b3 20       		.byte	0x20
 305 00b4 6C000000 		.4byte	0x6c
 306 00b8 04       		.uleb128 0x4
 307 00b9 20000000 		.4byte	.LASF16
 308 00bd 03       		.byte	0x3
 309 00be 26       		.byte	0x26
 310 00bf 85000000 		.4byte	0x85
 311 00c3 05       		.uleb128 0x5
 312 00c4 A2000000 		.4byte	0xa2
 313 00c8 04       		.uleb128 0x4
 314 00c9 4B050000 		.4byte	.LASF17
 315 00cd 04       		.byte	0x4
 316 00ce 45       		.byte	0x45
 317 00cf AD000000 		.4byte	0xad
 318 00d3 04       		.uleb128 0x4
 319 00d4 19020000 		.4byte	.LASF18
 320 00d8 04       		.byte	0x4
 321 00d9 48       		.byte	0x48
 322 00da 97000000 		.4byte	0x97
 323 00de 04       		.uleb128 0x4
 324 00df 5E010000 		.4byte	.LASF19
 325 00e3 04       		.byte	0x4
 326 00e4 49       		.byte	0x49
 327 00e5 97000000 		.4byte	0x97
 328 00e9 04       		.uleb128 0x4
 329 00ea D7020000 		.4byte	.LASF20
 330 00ee 04       		.byte	0x4
 331 00ef 4A       		.byte	0x4a
 332 00f0 97000000 		.4byte	0x97
 333 00f4 04       		.uleb128 0x4
 334 00f5 41010000 		.4byte	.LASF21
 335 00f9 04       		.byte	0x4
 336 00fa 4B       		.byte	0x4b
 337 00fb 97000000 		.4byte	0x97
 338 00ff 04       		.uleb128 0x4
 339 0100 F6020000 		.4byte	.LASF22
 340 0104 04       		.byte	0x4
 341 0105 4C       		.byte	0x4c
 342 0106 AD000000 		.4byte	0xad
ARM GAS  /tmp/ccBToExr.s 			page 7


 343 010a 04       		.uleb128 0x4
 344 010b 07020000 		.4byte	.LASF23
 345 010f 04       		.byte	0x4
 346 0110 4D       		.byte	0x4d
 347 0111 A2000000 		.4byte	0xa2
 348 0115 04       		.uleb128 0x4
 349 0116 29000000 		.4byte	.LASF24
 350 011a 04       		.byte	0x4
 351 011b 4F       		.byte	0x4f
 352 011c AD000000 		.4byte	0xad
 353 0120 04       		.uleb128 0x4
 354 0121 A7010000 		.4byte	.LASF25
 355 0125 04       		.byte	0x4
 356 0126 51       		.byte	0x51
 357 0127 A2000000 		.4byte	0xa2
 358 012b 04       		.uleb128 0x4
 359 012c 09050000 		.4byte	.LASF26
 360 0130 05       		.byte	0x5
 361 0131 33       		.byte	0x33
 362 0132 AD000000 		.4byte	0xad
 363 0136 04       		.uleb128 0x4
 364 0137 A0050000 		.4byte	.LASF27
 365 013b 05       		.byte	0x5
 366 013c 3F       		.byte	0x3f
 367 013d 41010000 		.4byte	0x141
 368 0141 06       		.uleb128 0x6
 369 0142 FD010000 		.4byte	.LASF49
 370 0146 48       		.byte	0x48
 371 0147 06       		.byte	0x6
 372 0148 C2       		.byte	0xc2
 373 0149 46020000 		.4byte	0x246
 374 014d 07       		.uleb128 0x7
 375 014e 5E030000 		.4byte	.LASF28
 376 0152 06       		.byte	0x6
 377 0153 C3       		.byte	0xc3
 378 0154 51020000 		.4byte	0x251
 379 0158 00       		.byte	0
 380 0159 07       		.uleb128 0x7
 381 015a EF020000 		.4byte	.LASF29
 382 015e 06       		.byte	0x6
 383 015f C5       		.byte	0xc5
 384 0160 51020000 		.4byte	0x251
 385 0164 04       		.byte	0x4
 386 0165 07       		.uleb128 0x7
 387 0166 C6000000 		.4byte	.LASF30
 388 016a 06       		.byte	0x6
 389 016b C7       		.byte	0xc7
 390 016c FF000000 		.4byte	0xff
 391 0170 08       		.byte	0x8
 392 0171 07       		.uleb128 0x7
 393 0172 DE050000 		.4byte	.LASF31
 394 0176 06       		.byte	0x6
 395 0177 C8       		.byte	0xc8
 396 0178 81040000 		.4byte	0x481
 397 017c 0C       		.byte	0xc
 398 017d 07       		.uleb128 0x7
 399 017e 67010000 		.4byte	.LASF32
ARM GAS  /tmp/ccBToExr.s 			page 8


 400 0182 06       		.byte	0x6
 401 0183 CA       		.byte	0xca
 402 0184 51020000 		.4byte	0x251
 403 0188 10       		.byte	0x10
 404 0189 07       		.uleb128 0x7
 405 018a 9B020000 		.4byte	.LASF33
 406 018e 06       		.byte	0x6
 407 018f CB       		.byte	0xcb
 408 0190 51020000 		.4byte	0x251
 409 0194 14       		.byte	0x14
 410 0195 07       		.uleb128 0x7
 411 0196 BE050000 		.4byte	.LASF34
 412 019a 06       		.byte	0x6
 413 019b D2       		.byte	0xd2
 414 019c C6060000 		.4byte	0x6c6
 415 01a0 18       		.byte	0x18
 416 01a1 07       		.uleb128 0x7
 417 01a2 3E030000 		.4byte	.LASF35
 418 01a6 06       		.byte	0x6
 419 01a7 DD       		.byte	0xdd
 420 01a8 DE000000 		.4byte	0xde
 421 01ac 1C       		.byte	0x1c
 422 01ad 07       		.uleb128 0x7
 423 01ae 65030000 		.4byte	.LASF36
 424 01b2 06       		.byte	0x6
 425 01b3 E1       		.byte	0xe1
 426 01b4 D3000000 		.4byte	0xd3
 427 01b8 1D       		.byte	0x1d
 428 01b9 07       		.uleb128 0x7
 429 01ba 99050000 		.4byte	.LASF37
 430 01be 06       		.byte	0x6
 431 01bf E6       		.byte	0xe6
 432 01c0 E9000000 		.4byte	0xe9
 433 01c4 1E       		.byte	0x1e
 434 01c5 07       		.uleb128 0x7
 435 01c6 46030000 		.4byte	.LASF38
 436 01ca 06       		.byte	0x6
 437 01cb EC       		.byte	0xec
 438 01cc F4000000 		.4byte	0xf4
 439 01d0 1F       		.byte	0x1f
 440 01d1 07       		.uleb128 0x7
 441 01d2 C2010000 		.4byte	.LASF39
 442 01d6 06       		.byte	0x6
 443 01d7 F3       		.byte	0xf3
 444 01d8 D8060000 		.4byte	0x6d8
 445 01dc 20       		.byte	0x20
 446 01dd 08       		.uleb128 0x8
 447 01de 705F7500 		.ascii	"p_u\000"
 448 01e2 06       		.byte	0x6
 449 01e3 3101     		.2byte	0x131
 450 01e5 01060000 		.4byte	0x601
 451 01e9 24       		.byte	0x24
 452 01ea 09       		.uleb128 0x9
 453 01eb 5E020000 		.4byte	.LASF40
 454 01ef 06       		.byte	0x6
 455 01f0 3601     		.2byte	0x136
 456 01f2 57020000 		.4byte	0x257
ARM GAS  /tmp/ccBToExr.s 			page 9


 457 01f6 28       		.byte	0x28
 458 01f7 09       		.uleb128 0x9
 459 01f8 D9010000 		.4byte	.LASF41
 460 01fc 06       		.byte	0x6
 461 01fd 3C01     		.2byte	0x13c
 462 01ff 7B020000 		.4byte	0x27b
 463 0203 2C       		.byte	0x2c
 464 0204 09       		.uleb128 0x9
 465 0205 D0050000 		.4byte	.LASF42
 466 0209 06       		.byte	0x6
 467 020a 4001     		.2byte	0x140
 468 020c 0A010000 		.4byte	0x10a
 469 0210 34       		.byte	0x34
 470 0211 09       		.uleb128 0x9
 471 0212 94030000 		.4byte	.LASF43
 472 0216 06       		.byte	0x6
 473 0217 4601     		.2byte	0x146
 474 0219 15010000 		.4byte	0x115
 475 021d 38       		.byte	0x38
 476 021e 09       		.uleb128 0x9
 477 021f 2A030000 		.4byte	.LASF44
 478 0223 06       		.byte	0x6
 479 0224 4D01     		.2byte	0x14d
 480 0226 C0060000 		.4byte	0x6c0
 481 022a 3C       		.byte	0x3c
 482 022b 09       		.uleb128 0x9
 483 022c 13050000 		.4byte	.LASF45
 484 0230 06       		.byte	0x6
 485 0231 5101     		.2byte	0x151
 486 0233 FF000000 		.4byte	0xff
 487 0237 40       		.byte	0x40
 488 0238 09       		.uleb128 0x9
 489 0239 2A010000 		.4byte	.LASF46
 490 023d 06       		.byte	0x6
 491 023e 5801     		.2byte	0x158
 492 0240 2E030000 		.4byte	0x32e
 493 0244 44       		.byte	0x44
 494 0245 00       		.byte	0
 495 0246 04       		.uleb128 0x4
 496 0247 71020000 		.4byte	.LASF47
 497 024b 05       		.byte	0x5
 498 024c 44       		.byte	0x44
 499 024d 51020000 		.4byte	0x251
 500 0251 0A       		.uleb128 0xa
 501 0252 04       		.byte	0x4
 502 0253 36010000 		.4byte	0x136
 503 0257 04       		.uleb128 0x4
 504 0258 4F020000 		.4byte	.LASF48
 505 025c 05       		.byte	0x5
 506 025d 49       		.byte	0x49
 507 025e 62020000 		.4byte	0x262
 508 0262 06       		.uleb128 0x6
 509 0263 B7030000 		.4byte	.LASF50
 510 0267 04       		.byte	0x4
 511 0268 06       		.byte	0x6
 512 0269 B0       		.byte	0xb0
 513 026a 7B020000 		.4byte	0x27b
ARM GAS  /tmp/ccBToExr.s 			page 10


 514 026e 07       		.uleb128 0x7
 515 026f 5E030000 		.4byte	.LASF28
 516 0273 06       		.byte	0x6
 517 0274 B1       		.byte	0xb1
 518 0275 51020000 		.4byte	0x251
 519 0279 00       		.byte	0
 520 027a 00       		.byte	0
 521 027b 04       		.uleb128 0x4
 522 027c 80050000 		.4byte	.LASF51
 523 0280 05       		.byte	0x5
 524 0281 50       		.byte	0x50
 525 0282 86020000 		.4byte	0x286
 526 0286 06       		.uleb128 0x6
 527 0287 B5000000 		.4byte	.LASF52
 528 028b 08       		.byte	0x8
 529 028c 06       		.byte	0x6
 530 028d B7       		.byte	0xb7
 531 028e AB020000 		.4byte	0x2ab
 532 0292 07       		.uleb128 0x7
 533 0293 5E030000 		.4byte	.LASF28
 534 0297 06       		.byte	0x6
 535 0298 B8       		.byte	0xb8
 536 0299 51020000 		.4byte	0x251
 537 029d 00       		.byte	0
 538 029e 07       		.uleb128 0x7
 539 029f EF020000 		.4byte	.LASF29
 540 02a3 06       		.byte	0x6
 541 02a4 B9       		.byte	0xb9
 542 02a5 51020000 		.4byte	0x251
 543 02a9 04       		.byte	0x4
 544 02aa 00       		.byte	0
 545 02ab 04       		.uleb128 0x4
 546 02ac 00000000 		.4byte	.LASF53
 547 02b0 05       		.byte	0x5
 548 02b1 57       		.byte	0x57
 549 02b2 B6020000 		.4byte	0x2b6
 550 02b6 0B       		.uleb128 0xb
 551 02b7 21020000 		.4byte	.LASF54
 552 02bb 1C       		.byte	0x1c
 553 02bc 06       		.byte	0x6
 554 02bd 9001     		.2byte	0x190
 555 02bf 12030000 		.4byte	0x312
 556 02c3 09       		.uleb128 0x9
 557 02c4 AF030000 		.4byte	.LASF55
 558 02c8 06       		.byte	0x6
 559 02c9 9101     		.2byte	0x191
 560 02cb 7B020000 		.4byte	0x27b
 561 02cf 00       		.byte	0
 562 02d0 09       		.uleb128 0x9
 563 02d1 50030000 		.4byte	.LASF56
 564 02d5 06       		.byte	0x6
 565 02d6 9201     		.2byte	0x192
 566 02d8 FF000000 		.4byte	0xff
 567 02dc 08       		.byte	0x8
 568 02dd 09       		.uleb128 0x9
 569 02de A3020000 		.4byte	.LASF57
 570 02e2 06       		.byte	0x6
ARM GAS  /tmp/ccBToExr.s 			page 11


 571 02e3 9401     		.2byte	0x194
 572 02e5 81040000 		.4byte	0x481
 573 02e9 0C       		.byte	0xc
 574 02ea 09       		.uleb128 0x9
 575 02eb 77010000 		.4byte	.LASF58
 576 02ef 06       		.byte	0x6
 577 02f0 9701     		.2byte	0x197
 578 02f2 51020000 		.4byte	0x251
 579 02f6 10       		.byte	0x10
 580 02f7 09       		.uleb128 0x9
 581 02f8 C4020000 		.4byte	.LASF59
 582 02fc 06       		.byte	0x6
 583 02fd 9801     		.2byte	0x198
 584 02ff 51020000 		.4byte	0x251
 585 0303 14       		.byte	0x14
 586 0304 09       		.uleb128 0x9
 587 0305 BA020000 		.4byte	.LASF60
 588 0309 06       		.byte	0x6
 589 030a 9B01     		.2byte	0x19b
 590 030c 51020000 		.4byte	0x251
 591 0310 18       		.byte	0x18
 592 0311 00       		.byte	0
 593 0312 04       		.uleb128 0x4
 594 0313 1E050000 		.4byte	.LASF61
 595 0317 05       		.byte	0x5
 596 0318 5C       		.byte	0x5c
 597 0319 1D030000 		.4byte	0x31d
 598 031d 0A       		.uleb128 0xa
 599 031e 04       		.byte	0x4
 600 031f 23030000 		.4byte	0x323
 601 0323 0C       		.uleb128 0xc
 602 0324 2E030000 		.4byte	0x32e
 603 0328 0D       		.uleb128 0xd
 604 0329 2E030000 		.4byte	0x32e
 605 032d 00       		.byte	0
 606 032e 0E       		.uleb128 0xe
 607 032f 04       		.byte	0x4
 608 0330 04       		.uleb128 0x4
 609 0331 DF020000 		.4byte	.LASF62
 610 0335 05       		.byte	0x5
 611 0336 61       		.byte	0x61
 612 0337 3B030000 		.4byte	0x33b
 613 033b 0B       		.uleb128 0xb
 614 033c 76030000 		.4byte	.LASF63
 615 0340 14       		.byte	0x14
 616 0341 06       		.byte	0x6
 617 0342 6B01     		.2byte	0x16b
 618 0344 8A030000 		.4byte	0x38a
 619 0348 09       		.uleb128 0x9
 620 0349 BA010000 		.4byte	.LASF64
 621 034d 06       		.byte	0x6
 622 034e 6C01     		.2byte	0x16c
 623 0350 DD060000 		.4byte	0x6dd
 624 0354 00       		.byte	0
 625 0355 09       		.uleb128 0x9
 626 0356 88010000 		.4byte	.LASF65
 627 035a 06       		.byte	0x6
ARM GAS  /tmp/ccBToExr.s 			page 12


 628 035b 6D01     		.2byte	0x16d
 629 035d DD060000 		.4byte	0x6dd
 630 0361 04       		.byte	0x4
 631 0362 09       		.uleb128 0x9
 632 0363 D0010000 		.4byte	.LASF66
 633 0367 06       		.byte	0x6
 634 0368 6E01     		.2byte	0x16e
 635 036a 2B010000 		.4byte	0x12b
 636 036e 08       		.byte	0x8
 637 036f 09       		.uleb128 0x9
 638 0370 E4050000 		.4byte	.LASF67
 639 0374 06       		.byte	0x6
 640 0375 6F01     		.2byte	0x16f
 641 0377 12030000 		.4byte	0x312
 642 037b 0C       		.byte	0xc
 643 037c 09       		.uleb128 0x9
 644 037d 53050000 		.4byte	.LASF68
 645 0381 06       		.byte	0x6
 646 0382 7101     		.2byte	0x171
 647 0384 2E030000 		.4byte	0x32e
 648 0388 10       		.byte	0x10
 649 0389 00       		.byte	0
 650 038a 04       		.uleb128 0x4
 651 038b 92000000 		.4byte	.LASF69
 652 038f 05       		.byte	0x5
 653 0390 66       		.byte	0x66
 654 0391 95030000 		.4byte	0x395
 655 0395 0B       		.uleb128 0xb
 656 0396 84020000 		.4byte	.LASF70
 657 039a 10       		.byte	0x10
 658 039b 06       		.byte	0x6
 659 039c 7B01     		.2byte	0x17b
 660 039e D7030000 		.4byte	0x3d7
 661 03a2 09       		.uleb128 0x9
 662 03a3 BA010000 		.4byte	.LASF64
 663 03a7 06       		.byte	0x6
 664 03a8 7C01     		.2byte	0x17c
 665 03aa DD060000 		.4byte	0x6dd
 666 03ae 00       		.byte	0
 667 03af 09       		.uleb128 0x9
 668 03b0 88010000 		.4byte	.LASF65
 669 03b4 06       		.byte	0x6
 670 03b5 7E01     		.2byte	0x17e
 671 03b7 DD060000 		.4byte	0x6dd
 672 03bb 04       		.byte	0x4
 673 03bc 09       		.uleb128 0x9
 674 03bd D0010000 		.4byte	.LASF66
 675 03c1 06       		.byte	0x6
 676 03c2 8001     		.2byte	0x180
 677 03c4 2B010000 		.4byte	0x12b
 678 03c8 08       		.byte	0x8
 679 03c9 09       		.uleb128 0x9
 680 03ca C5050000 		.4byte	.LASF71
 681 03ce 06       		.byte	0x6
 682 03cf 8201     		.2byte	0x182
 683 03d1 D8060000 		.4byte	0x6d8
 684 03d5 0C       		.byte	0xc
ARM GAS  /tmp/ccBToExr.s 			page 13


 685 03d6 00       		.byte	0
 686 03d7 04       		.uleb128 0x4
 687 03d8 4B000000 		.4byte	.LASF72
 688 03dc 05       		.byte	0x5
 689 03dd 6B       		.byte	0x6b
 690 03de E2030000 		.4byte	0x3e2
 691 03e2 0B       		.uleb128 0xb
 692 03e3 FE020000 		.4byte	.LASF73
 693 03e7 04       		.byte	0x4
 694 03e8 06       		.byte	0x6
 695 03e9 A201     		.2byte	0x1a2
 696 03eb FD030000 		.4byte	0x3fd
 697 03ef 09       		.uleb128 0x9
 698 03f0 32050000 		.4byte	.LASF74
 699 03f4 06       		.byte	0x6
 700 03f5 AA01     		.2byte	0x1aa
 701 03f7 E3060000 		.4byte	0x6e3
 702 03fb 00       		.byte	0
 703 03fc 00       		.byte	0
 704 03fd 04       		.uleb128 0x4
 705 03fe 0D020000 		.4byte	.LASF75
 706 0402 05       		.byte	0x5
 707 0403 70       		.byte	0x70
 708 0404 08040000 		.4byte	0x408
 709 0408 0F       		.uleb128 0xf
 710 0409 4B010000 		.4byte	.LASF76
 711 040d 5802     		.2byte	0x258
 712 040f 06       		.byte	0x6
 713 0410 C201     		.2byte	0x1c2
 714 0412 64040000 		.4byte	0x464
 715 0416 09       		.uleb128 0x9
 716 0417 A9050000 		.4byte	.LASF77
 717 041b 06       		.byte	0x6
 718 041c C601     		.2byte	0x1c6
 719 041e AB020000 		.4byte	0x2ab
 720 0422 00       		.byte	0
 721 0423 09       		.uleb128 0x9
 722 0424 3A010000 		.4byte	.LASF78
 723 0428 06       		.byte	0x6
 724 0429 CA01     		.2byte	0x1ca
 725 042b 8A030000 		.4byte	0x38a
 726 042f 1C       		.byte	0x1c
 727 0430 08       		.uleb128 0x8
 728 0431 64626700 		.ascii	"dbg\000"
 729 0435 06       		.byte	0x6
 730 0436 CE01     		.2byte	0x1ce
 731 0438 D7030000 		.4byte	0x3d7
 732 043c 2C       		.byte	0x2c
 733 043d 09       		.uleb128 0x9
 734 043e 87000000 		.4byte	.LASF79
 735 0442 06       		.byte	0x6
 736 0443 D201     		.2byte	0x1d2
 737 0445 36010000 		.4byte	0x136
 738 0449 30       		.byte	0x30
 739 044a 08       		.uleb128 0x8
 740 044b 746D00   		.ascii	"tm\000"
 741 044e 06       		.byte	0x6
ARM GAS  /tmp/ccBToExr.s 			page 14


 742 044f D701     		.2byte	0x1d7
 743 0451 F6050000 		.4byte	0x5f6
 744 0455 78       		.byte	0x78
 745 0456 09       		.uleb128 0x9
 746 0457 98010000 		.4byte	.LASF80
 747 045b 06       		.byte	0x6
 748 045c E301     		.2byte	0x1e3
 749 045e E8060000 		.4byte	0x6e8
 750 0462 80       		.byte	0x80
 751 0463 00       		.byte	0
 752 0464 03       		.uleb128 0x3
 753 0465 04       		.byte	0x4
 754 0466 07       		.byte	0x7
 755 0467 68020000 		.4byte	.LASF81
 756 046b 04       		.uleb128 0x4
 757 046c 7F010000 		.4byte	.LASF82
 758 0470 07       		.byte	0x7
 759 0471 65       		.byte	0x65
 760 0472 2E030000 		.4byte	0x32e
 761 0476 04       		.uleb128 0x4
 762 0477 44020000 		.4byte	.LASF83
 763 047b 07       		.byte	0x7
 764 047c 6D       		.byte	0x6d
 765 047d B8000000 		.4byte	0xb8
 766 0481 06       		.uleb128 0x6
 767 0482 43050000 		.4byte	.LASF84
 768 0486 04       		.byte	0x4
 769 0487 07       		.byte	0x7
 770 0488 89       		.byte	0x89
 771 0489 9A040000 		.4byte	0x49a
 772 048d 10       		.uleb128 0x10
 773 048e 72313300 		.ascii	"r13\000"
 774 0492 07       		.byte	0x7
 775 0493 8A       		.byte	0x8a
 776 0494 DB050000 		.4byte	0x5db
 777 0498 00       		.byte	0
 778 0499 00       		.byte	0
 779 049a 06       		.uleb128 0x6
 780 049b 3F000000 		.4byte	.LASF85
 781 049f 64       		.byte	0x64
 782 04a0 08       		.byte	0x8
 783 04a1 F4       		.byte	0xf4
 784 04a2 DB050000 		.4byte	0x5db
 785 04a6 10       		.uleb128 0x10
 786 04a7 73313600 		.ascii	"s16\000"
 787 04ab 08       		.byte	0x8
 788 04ac F6       		.byte	0xf6
 789 04ad 6B040000 		.4byte	0x46b
 790 04b1 00       		.byte	0
 791 04b2 10       		.uleb128 0x10
 792 04b3 73313700 		.ascii	"s17\000"
 793 04b7 08       		.byte	0x8
 794 04b8 F7       		.byte	0xf7
 795 04b9 6B040000 		.4byte	0x46b
 796 04bd 04       		.byte	0x4
 797 04be 10       		.uleb128 0x10
 798 04bf 73313800 		.ascii	"s18\000"
ARM GAS  /tmp/ccBToExr.s 			page 15


 799 04c3 08       		.byte	0x8
 800 04c4 F8       		.byte	0xf8
 801 04c5 6B040000 		.4byte	0x46b
 802 04c9 08       		.byte	0x8
 803 04ca 10       		.uleb128 0x10
 804 04cb 73313900 		.ascii	"s19\000"
 805 04cf 08       		.byte	0x8
 806 04d0 F9       		.byte	0xf9
 807 04d1 6B040000 		.4byte	0x46b
 808 04d5 0C       		.byte	0xc
 809 04d6 10       		.uleb128 0x10
 810 04d7 73323000 		.ascii	"s20\000"
 811 04db 08       		.byte	0x8
 812 04dc FA       		.byte	0xfa
 813 04dd 6B040000 		.4byte	0x46b
 814 04e1 10       		.byte	0x10
 815 04e2 10       		.uleb128 0x10
 816 04e3 73323100 		.ascii	"s21\000"
 817 04e7 08       		.byte	0x8
 818 04e8 FB       		.byte	0xfb
 819 04e9 6B040000 		.4byte	0x46b
 820 04ed 14       		.byte	0x14
 821 04ee 10       		.uleb128 0x10
 822 04ef 73323200 		.ascii	"s22\000"
 823 04f3 08       		.byte	0x8
 824 04f4 FC       		.byte	0xfc
 825 04f5 6B040000 		.4byte	0x46b
 826 04f9 18       		.byte	0x18
 827 04fa 10       		.uleb128 0x10
 828 04fb 73323300 		.ascii	"s23\000"
 829 04ff 08       		.byte	0x8
 830 0500 FD       		.byte	0xfd
 831 0501 6B040000 		.4byte	0x46b
 832 0505 1C       		.byte	0x1c
 833 0506 10       		.uleb128 0x10
 834 0507 73323400 		.ascii	"s24\000"
 835 050b 08       		.byte	0x8
 836 050c FE       		.byte	0xfe
 837 050d 6B040000 		.4byte	0x46b
 838 0511 20       		.byte	0x20
 839 0512 10       		.uleb128 0x10
 840 0513 73323500 		.ascii	"s25\000"
 841 0517 08       		.byte	0x8
 842 0518 FF       		.byte	0xff
 843 0519 6B040000 		.4byte	0x46b
 844 051d 24       		.byte	0x24
 845 051e 08       		.uleb128 0x8
 846 051f 73323600 		.ascii	"s26\000"
 847 0523 08       		.byte	0x8
 848 0524 0001     		.2byte	0x100
 849 0526 6B040000 		.4byte	0x46b
 850 052a 28       		.byte	0x28
 851 052b 08       		.uleb128 0x8
 852 052c 73323700 		.ascii	"s27\000"
 853 0530 08       		.byte	0x8
 854 0531 0101     		.2byte	0x101
 855 0533 6B040000 		.4byte	0x46b
ARM GAS  /tmp/ccBToExr.s 			page 16


 856 0537 2C       		.byte	0x2c
 857 0538 08       		.uleb128 0x8
 858 0539 73323800 		.ascii	"s28\000"
 859 053d 08       		.byte	0x8
 860 053e 0201     		.2byte	0x102
 861 0540 6B040000 		.4byte	0x46b
 862 0544 30       		.byte	0x30
 863 0545 08       		.uleb128 0x8
 864 0546 73323900 		.ascii	"s29\000"
 865 054a 08       		.byte	0x8
 866 054b 0301     		.2byte	0x103
 867 054d 6B040000 		.4byte	0x46b
 868 0551 34       		.byte	0x34
 869 0552 08       		.uleb128 0x8
 870 0553 73333000 		.ascii	"s30\000"
 871 0557 08       		.byte	0x8
 872 0558 0401     		.2byte	0x104
 873 055a 6B040000 		.4byte	0x46b
 874 055e 38       		.byte	0x38
 875 055f 08       		.uleb128 0x8
 876 0560 73333100 		.ascii	"s31\000"
 877 0564 08       		.byte	0x8
 878 0565 0501     		.2byte	0x105
 879 0567 6B040000 		.4byte	0x46b
 880 056b 3C       		.byte	0x3c
 881 056c 08       		.uleb128 0x8
 882 056d 723400   		.ascii	"r4\000"
 883 0570 08       		.byte	0x8
 884 0571 0701     		.2byte	0x107
 885 0573 6B040000 		.4byte	0x46b
 886 0577 40       		.byte	0x40
 887 0578 08       		.uleb128 0x8
 888 0579 723500   		.ascii	"r5\000"
 889 057c 08       		.byte	0x8
 890 057d 0801     		.2byte	0x108
 891 057f 6B040000 		.4byte	0x46b
 892 0583 44       		.byte	0x44
 893 0584 08       		.uleb128 0x8
 894 0585 723600   		.ascii	"r6\000"
 895 0588 08       		.byte	0x8
 896 0589 0901     		.2byte	0x109
 897 058b 6B040000 		.4byte	0x46b
 898 058f 48       		.byte	0x48
 899 0590 08       		.uleb128 0x8
 900 0591 723700   		.ascii	"r7\000"
 901 0594 08       		.byte	0x8
 902 0595 0A01     		.2byte	0x10a
 903 0597 6B040000 		.4byte	0x46b
 904 059b 4C       		.byte	0x4c
 905 059c 08       		.uleb128 0x8
 906 059d 723800   		.ascii	"r8\000"
 907 05a0 08       		.byte	0x8
 908 05a1 0B01     		.2byte	0x10b
 909 05a3 6B040000 		.4byte	0x46b
 910 05a7 50       		.byte	0x50
 911 05a8 08       		.uleb128 0x8
 912 05a9 723900   		.ascii	"r9\000"
ARM GAS  /tmp/ccBToExr.s 			page 17


 913 05ac 08       		.byte	0x8
 914 05ad 0C01     		.2byte	0x10c
 915 05af 6B040000 		.4byte	0x46b
 916 05b3 54       		.byte	0x54
 917 05b4 08       		.uleb128 0x8
 918 05b5 72313000 		.ascii	"r10\000"
 919 05b9 08       		.byte	0x8
 920 05ba 0D01     		.2byte	0x10d
 921 05bc 6B040000 		.4byte	0x46b
 922 05c0 58       		.byte	0x58
 923 05c1 08       		.uleb128 0x8
 924 05c2 72313100 		.ascii	"r11\000"
 925 05c6 08       		.byte	0x8
 926 05c7 0E01     		.2byte	0x10e
 927 05c9 6B040000 		.4byte	0x46b
 928 05cd 5C       		.byte	0x5c
 929 05ce 08       		.uleb128 0x8
 930 05cf 6C7200   		.ascii	"lr\000"
 931 05d2 08       		.byte	0x8
 932 05d3 0F01     		.2byte	0x10f
 933 05d5 6B040000 		.4byte	0x46b
 934 05d9 60       		.byte	0x60
 935 05da 00       		.byte	0
 936 05db 0A       		.uleb128 0xa
 937 05dc 04       		.byte	0x4
 938 05dd 9A040000 		.4byte	0x49a
 939 05e1 11       		.uleb128 0x11
 940 05e2 04       		.byte	0x4
 941 05e3 09       		.byte	0x9
 942 05e4 38       		.byte	0x38
 943 05e5 F6050000 		.4byte	0x5f6
 944 05e9 07       		.uleb128 0x7
 945 05ea 3C050000 		.4byte	.LASF86
 946 05ee 09       		.byte	0x9
 947 05ef 3C       		.byte	0x3c
 948 05f0 C8000000 		.4byte	0xc8
 949 05f4 00       		.byte	0
 950 05f5 00       		.byte	0
 951 05f6 04       		.uleb128 0x4
 952 05f7 A9020000 		.4byte	.LASF87
 953 05fb 09       		.byte	0x9
 954 05fc 3D       		.byte	0x3d
 955 05fd E1050000 		.4byte	0x5e1
 956 0601 12       		.uleb128 0x12
 957 0602 04       		.byte	0x4
 958 0603 06       		.byte	0x6
 959 0604 FA       		.byte	0xfa
 960 0605 5E060000 		.4byte	0x65e
 961 0609 13       		.uleb128 0x13
 962 060a 19000000 		.4byte	.LASF88
 963 060e 06       		.byte	0x6
 964 060f 0101     		.2byte	0x101
 965 0611 0A010000 		.4byte	0x10a
 966 0615 13       		.uleb128 0x13
 967 0616 7E000000 		.4byte	.LASF89
 968 061a 06       		.byte	0x6
 969 061b 0801     		.2byte	0x108
ARM GAS  /tmp/ccBToExr.s 			page 18


 970 061d 0A010000 		.4byte	0x10a
 971 0621 13       		.uleb128 0x13
 972 0622 B7050000 		.4byte	.LASF90
 973 0626 06       		.byte	0x6
 974 0627 0F01     		.2byte	0x10f
 975 0629 2E030000 		.4byte	0x32e
 976 062d 13       		.uleb128 0x13
 977 062e 0D000000 		.4byte	.LASF91
 978 0632 06       		.byte	0x6
 979 0633 1601     		.2byte	0x116
 980 0635 5E060000 		.4byte	0x65e
 981 0639 13       		.uleb128 0x13
 982 063a C9010000 		.4byte	.LASF92
 983 063e 06       		.byte	0x6
 984 063f 1E01     		.2byte	0x11e
 985 0641 89060000 		.4byte	0x689
 986 0645 13       		.uleb128 0x13
 987 0646 A8030000 		.4byte	.LASF93
 988 064a 06       		.byte	0x6
 989 064b 2701     		.2byte	0x127
 990 064d C0060000 		.4byte	0x6c0
 991 0651 13       		.uleb128 0x13
 992 0652 57030000 		.4byte	.LASF94
 993 0656 06       		.byte	0x6
 994 0657 2F01     		.2byte	0x12f
 995 0659 15010000 		.4byte	0x115
 996 065d 00       		.byte	0
 997 065e 0A       		.uleb128 0xa
 998 065f 04       		.byte	0x4
 999 0660 46020000 		.4byte	0x246
 1000 0664 06       		.uleb128 0x6
 1001 0665 87030000 		.4byte	.LASF95
 1002 0669 0C       		.byte	0xc
 1003 066a 0A       		.byte	0xa
 1004 066b 34       		.byte	0x34
 1005 066c 89060000 		.4byte	0x689
 1006 0670 07       		.uleb128 0x7
 1007 0671 6F010000 		.4byte	.LASF96
 1008 0675 0A       		.byte	0xa
 1009 0676 35       		.byte	0x35
 1010 0677 7B020000 		.4byte	0x27b
 1011 067b 00       		.byte	0
 1012 067c 07       		.uleb128 0x7
 1013 067d E4010000 		.4byte	.LASF97
 1014 0681 0A       		.byte	0xa
 1015 0682 37       		.byte	0x37
 1016 0683 20010000 		.4byte	0x120
 1017 0687 08       		.byte	0x8
 1018 0688 00       		.byte	0
 1019 0689 0A       		.uleb128 0xa
 1020 068a 04       		.byte	0x4
 1021 068b 64060000 		.4byte	0x664
 1022 068f 06       		.uleb128 0x6
 1023 0690 90050000 		.4byte	.LASF98
 1024 0694 10       		.byte	0x10
 1025 0695 0B       		.byte	0xb
 1026 0696 39       		.byte	0x39
ARM GAS  /tmp/ccBToExr.s 			page 19


 1027 0697 C0060000 		.4byte	0x6c0
 1028 069b 07       		.uleb128 0x7
 1029 069c 32010000 		.4byte	.LASF99
 1030 06a0 0B       		.byte	0xb
 1031 06a1 3A       		.byte	0x3a
 1032 06a2 7B020000 		.4byte	0x27b
 1033 06a6 00       		.byte	0
 1034 06a7 07       		.uleb128 0x7
 1035 06a8 D6050000 		.4byte	.LASF100
 1036 06ac 0B       		.byte	0xb
 1037 06ad 3C       		.byte	0x3c
 1038 06ae 51020000 		.4byte	0x251
 1039 06b2 08       		.byte	0x8
 1040 06b3 07       		.uleb128 0x7
 1041 06b4 02050000 		.4byte	.LASF101
 1042 06b8 0B       		.byte	0xb
 1043 06b9 3E       		.byte	0x3e
 1044 06ba 03070000 		.4byte	0x703
 1045 06be 0C       		.byte	0xc
 1046 06bf 00       		.byte	0
 1047 06c0 0A       		.uleb128 0xa
 1048 06c1 04       		.byte	0x4
 1049 06c2 8F060000 		.4byte	0x68f
 1050 06c6 0A       		.uleb128 0xa
 1051 06c7 04       		.byte	0x4
 1052 06c8 CC060000 		.4byte	0x6cc
 1053 06cc 14       		.uleb128 0x14
 1054 06cd D1060000 		.4byte	0x6d1
 1055 06d1 03       		.uleb128 0x3
 1056 06d2 01       		.byte	0x1
 1057 06d3 08       		.byte	0x8
 1058 06d4 D9030000 		.4byte	.LASF102
 1059 06d8 05       		.uleb128 0x5
 1060 06d9 2B010000 		.4byte	0x12b
 1061 06dd 0A       		.uleb128 0xa
 1062 06de 04       		.byte	0x4
 1063 06df 30030000 		.4byte	0x330
 1064 06e3 05       		.uleb128 0x5
 1065 06e4 C6060000 		.4byte	0x6c6
 1066 06e8 15       		.uleb128 0x15
 1067 06e9 76040000 		.4byte	0x476
 1068 06ed F8060000 		.4byte	0x6f8
 1069 06f1 16       		.uleb128 0x16
 1070 06f2 64040000 		.4byte	0x464
 1071 06f6 3A       		.byte	0x3a
 1072 06f7 00       		.byte	0
 1073 06f8 04       		.uleb128 0x4
 1074 06f9 90010000 		.4byte	.LASF103
 1075 06fd 0B       		.byte	0xb
 1076 06fe 34       		.byte	0x34
 1077 06ff 8F060000 		.4byte	0x68f
 1078 0703 0A       		.uleb128 0xa
 1079 0704 04       		.byte	0x4
 1080 0705 F8060000 		.4byte	0x6f8
 1081 0709 17       		.uleb128 0x17
 1082 070a CD000000 		.4byte	.LASF114
 1083 070e 01       		.byte	0x1
ARM GAS  /tmp/ccBToExr.s 			page 20


 1084 070f 3D       		.byte	0x3d
 1085 0710 00000000 		.4byte	.LFB219
 1086 0714 1C000000 		.4byte	.LFE219-.LFB219
 1087 0718 01       		.uleb128 0x1
 1088 0719 9C       		.byte	0x9c
 1089 071a 18       		.uleb128 0x18
 1090 071b 2F020000 		.4byte	.LASF107
 1091 071f 01       		.byte	0x1
 1092 0720 5F       		.byte	0x5f
 1093 0721 00000000 		.4byte	.LFB220
 1094 0725 3C000000 		.4byte	.LFE220-.LFB220
 1095 0729 01       		.uleb128 0x1
 1096 072a 9C       		.byte	0x9c
 1097 072b 8F070000 		.4byte	0x78f
 1098 072f 19       		.uleb128 0x19
 1099 0730 76747000 		.ascii	"vtp\000"
 1100 0734 01       		.byte	0x1
 1101 0735 5F       		.byte	0x5f
 1102 0736 DD060000 		.4byte	0x6dd
 1103 073a 01       		.uleb128 0x1
 1104 073b 50       		.byte	0x50
 1105 073c 1A       		.uleb128 0x1a
 1106 073d 24030000 		.4byte	.LASF104
 1107 0741 01       		.byte	0x1
 1108 0742 5F       		.byte	0x5f
 1109 0743 2B010000 		.4byte	0x12b
 1110 0747 00000000 		.4byte	.LLST0
 1111 074b 1A       		.uleb128 0x1a
 1112 074c 5A050000 		.4byte	.LASF105
 1113 0750 01       		.byte	0x1
 1114 0751 60       		.byte	0x60
 1115 0752 12030000 		.4byte	0x312
 1116 0756 21000000 		.4byte	.LLST1
 1117 075a 1B       		.uleb128 0x1b
 1118 075b 70617200 		.ascii	"par\000"
 1119 075f 01       		.byte	0x1
 1120 0760 60       		.byte	0x60
 1121 0761 2E030000 		.4byte	0x32e
 1122 0765 40000000 		.4byte	.LLST2
 1123 0769 1C       		.uleb128 0x1c
 1124 076a 7000     		.ascii	"p\000"
 1125 076c 01       		.byte	0x1
 1126 076d 61       		.byte	0x61
 1127 076e DD060000 		.4byte	0x6dd
 1128 0772 5F000000 		.4byte	.LLST3
 1129 0776 1D       		.uleb128 0x1d
 1130 0777 13000000 		.4byte	.LASF106
 1131 077b 01       		.byte	0x1
 1132 077c 62       		.byte	0x62
 1133 077d 2B010000 		.4byte	0x12b
 1134 0781 7D000000 		.4byte	.LLST4
 1135 0785 1E       		.uleb128 0x1e
 1136 0786 6D030000 		.4byte	.LASF109
 1137 078a 9F070000 		.4byte	0x79f
 1138 078e 00       		.byte	0
 1139 078f 15       		.uleb128 0x15
 1140 0790 D1060000 		.4byte	0x6d1
ARM GAS  /tmp/ccBToExr.s 			page 21


 1141 0794 9F070000 		.4byte	0x79f
 1142 0798 16       		.uleb128 0x16
 1143 0799 64040000 		.4byte	0x464
 1144 079d 0A       		.byte	0xa
 1145 079e 00       		.byte	0
 1146 079f 14       		.uleb128 0x14
 1147 07a0 8F070000 		.4byte	0x78f
 1148 07a4 18       		.uleb128 0x18
 1149 07a5 71000000 		.4byte	.LASF108
 1150 07a9 01       		.byte	0x1
 1151 07aa B1       		.byte	0xb1
 1152 07ab 00000000 		.4byte	.LFB221
 1153 07af 28000000 		.4byte	.LFE221-.LFB221
 1154 07b3 01       		.uleb128 0x1
 1155 07b4 9C       		.byte	0x9c
 1156 07b5 D0070000 		.4byte	0x7d0
 1157 07b9 19       		.uleb128 0x19
 1158 07ba 76747000 		.ascii	"vtp\000"
 1159 07be 01       		.byte	0x1
 1160 07bf B1       		.byte	0xb1
 1161 07c0 DD060000 		.4byte	0x6dd
 1162 07c4 01       		.uleb128 0x1
 1163 07c5 50       		.byte	0x50
 1164 07c6 1E       		.uleb128 0x1e
 1165 07c7 6D030000 		.4byte	.LASF109
 1166 07cb E0070000 		.4byte	0x7e0
 1167 07cf 00       		.byte	0
 1168 07d0 15       		.uleb128 0x15
 1169 07d1 D1060000 		.4byte	0x6d1
 1170 07d5 E0070000 		.4byte	0x7e0
 1171 07d9 16       		.uleb128 0x16
 1172 07da 64040000 		.4byte	0x464
 1173 07de 0C       		.byte	0xc
 1174 07df 00       		.byte	0
 1175 07e0 14       		.uleb128 0x14
 1176 07e1 D0070000 		.4byte	0x7d0
 1177 07e5 1F       		.uleb128 0x1f
 1178 07e6 A8000000 		.4byte	.LASF110
 1179 07ea 0C       		.byte	0xc
 1180 07eb A706     		.2byte	0x6a7
 1181 07ed C3000000 		.4byte	0xc3
 1182 07f1 20       		.uleb128 0x20
 1183 07f2 636800   		.ascii	"ch\000"
 1184 07f5 06       		.byte	0x6
 1185 07f6 0902     		.2byte	0x209
 1186 07f8 FD030000 		.4byte	0x3fd
 1187 07fc 00       		.byte	0
 1188              		.section	.debug_abbrev,"",%progbits
 1189              	.Ldebug_abbrev0:
 1190 0000 01       		.uleb128 0x1
 1191 0001 11       		.uleb128 0x11
 1192 0002 01       		.byte	0x1
 1193 0003 25       		.uleb128 0x25
 1194 0004 0E       		.uleb128 0xe
 1195 0005 13       		.uleb128 0x13
 1196 0006 0B       		.uleb128 0xb
 1197 0007 03       		.uleb128 0x3
ARM GAS  /tmp/ccBToExr.s 			page 22


 1198 0008 0E       		.uleb128 0xe
 1199 0009 1B       		.uleb128 0x1b
 1200 000a 0E       		.uleb128 0xe
 1201 000b 55       		.uleb128 0x55
 1202 000c 17       		.uleb128 0x17
 1203 000d 11       		.uleb128 0x11
 1204 000e 01       		.uleb128 0x1
 1205 000f 10       		.uleb128 0x10
 1206 0010 17       		.uleb128 0x17
 1207 0011 00       		.byte	0
 1208 0012 00       		.byte	0
 1209 0013 02       		.uleb128 0x2
 1210 0014 24       		.uleb128 0x24
 1211 0015 00       		.byte	0
 1212 0016 0B       		.uleb128 0xb
 1213 0017 0B       		.uleb128 0xb
 1214 0018 3E       		.uleb128 0x3e
 1215 0019 0B       		.uleb128 0xb
 1216 001a 03       		.uleb128 0x3
 1217 001b 08       		.uleb128 0x8
 1218 001c 00       		.byte	0
 1219 001d 00       		.byte	0
 1220 001e 03       		.uleb128 0x3
 1221 001f 24       		.uleb128 0x24
 1222 0020 00       		.byte	0
 1223 0021 0B       		.uleb128 0xb
 1224 0022 0B       		.uleb128 0xb
 1225 0023 3E       		.uleb128 0x3e
 1226 0024 0B       		.uleb128 0xb
 1227 0025 03       		.uleb128 0x3
 1228 0026 0E       		.uleb128 0xe
 1229 0027 00       		.byte	0
 1230 0028 00       		.byte	0
 1231 0029 04       		.uleb128 0x4
 1232 002a 16       		.uleb128 0x16
 1233 002b 00       		.byte	0
 1234 002c 03       		.uleb128 0x3
 1235 002d 0E       		.uleb128 0xe
 1236 002e 3A       		.uleb128 0x3a
 1237 002f 0B       		.uleb128 0xb
 1238 0030 3B       		.uleb128 0x3b
 1239 0031 0B       		.uleb128 0xb
 1240 0032 49       		.uleb128 0x49
 1241 0033 13       		.uleb128 0x13
 1242 0034 00       		.byte	0
 1243 0035 00       		.byte	0
 1244 0036 05       		.uleb128 0x5
 1245 0037 35       		.uleb128 0x35
 1246 0038 00       		.byte	0
 1247 0039 49       		.uleb128 0x49
 1248 003a 13       		.uleb128 0x13
 1249 003b 00       		.byte	0
 1250 003c 00       		.byte	0
 1251 003d 06       		.uleb128 0x6
 1252 003e 13       		.uleb128 0x13
 1253 003f 01       		.byte	0x1
 1254 0040 03       		.uleb128 0x3
ARM GAS  /tmp/ccBToExr.s 			page 23


 1255 0041 0E       		.uleb128 0xe
 1256 0042 0B       		.uleb128 0xb
 1257 0043 0B       		.uleb128 0xb
 1258 0044 3A       		.uleb128 0x3a
 1259 0045 0B       		.uleb128 0xb
 1260 0046 3B       		.uleb128 0x3b
 1261 0047 0B       		.uleb128 0xb
 1262 0048 01       		.uleb128 0x1
 1263 0049 13       		.uleb128 0x13
 1264 004a 00       		.byte	0
 1265 004b 00       		.byte	0
 1266 004c 07       		.uleb128 0x7
 1267 004d 0D       		.uleb128 0xd
 1268 004e 00       		.byte	0
 1269 004f 03       		.uleb128 0x3
 1270 0050 0E       		.uleb128 0xe
 1271 0051 3A       		.uleb128 0x3a
 1272 0052 0B       		.uleb128 0xb
 1273 0053 3B       		.uleb128 0x3b
 1274 0054 0B       		.uleb128 0xb
 1275 0055 49       		.uleb128 0x49
 1276 0056 13       		.uleb128 0x13
 1277 0057 38       		.uleb128 0x38
 1278 0058 0B       		.uleb128 0xb
 1279 0059 00       		.byte	0
 1280 005a 00       		.byte	0
 1281 005b 08       		.uleb128 0x8
 1282 005c 0D       		.uleb128 0xd
 1283 005d 00       		.byte	0
 1284 005e 03       		.uleb128 0x3
 1285 005f 08       		.uleb128 0x8
 1286 0060 3A       		.uleb128 0x3a
 1287 0061 0B       		.uleb128 0xb
 1288 0062 3B       		.uleb128 0x3b
 1289 0063 05       		.uleb128 0x5
 1290 0064 49       		.uleb128 0x49
 1291 0065 13       		.uleb128 0x13
 1292 0066 38       		.uleb128 0x38
 1293 0067 0B       		.uleb128 0xb
 1294 0068 00       		.byte	0
 1295 0069 00       		.byte	0
 1296 006a 09       		.uleb128 0x9
 1297 006b 0D       		.uleb128 0xd
 1298 006c 00       		.byte	0
 1299 006d 03       		.uleb128 0x3
 1300 006e 0E       		.uleb128 0xe
 1301 006f 3A       		.uleb128 0x3a
 1302 0070 0B       		.uleb128 0xb
 1303 0071 3B       		.uleb128 0x3b
 1304 0072 05       		.uleb128 0x5
 1305 0073 49       		.uleb128 0x49
 1306 0074 13       		.uleb128 0x13
 1307 0075 38       		.uleb128 0x38
 1308 0076 0B       		.uleb128 0xb
 1309 0077 00       		.byte	0
 1310 0078 00       		.byte	0
 1311 0079 0A       		.uleb128 0xa
ARM GAS  /tmp/ccBToExr.s 			page 24


 1312 007a 0F       		.uleb128 0xf
 1313 007b 00       		.byte	0
 1314 007c 0B       		.uleb128 0xb
 1315 007d 0B       		.uleb128 0xb
 1316 007e 49       		.uleb128 0x49
 1317 007f 13       		.uleb128 0x13
 1318 0080 00       		.byte	0
 1319 0081 00       		.byte	0
 1320 0082 0B       		.uleb128 0xb
 1321 0083 13       		.uleb128 0x13
 1322 0084 01       		.byte	0x1
 1323 0085 03       		.uleb128 0x3
 1324 0086 0E       		.uleb128 0xe
 1325 0087 0B       		.uleb128 0xb
 1326 0088 0B       		.uleb128 0xb
 1327 0089 3A       		.uleb128 0x3a
 1328 008a 0B       		.uleb128 0xb
 1329 008b 3B       		.uleb128 0x3b
 1330 008c 05       		.uleb128 0x5
 1331 008d 01       		.uleb128 0x1
 1332 008e 13       		.uleb128 0x13
 1333 008f 00       		.byte	0
 1334 0090 00       		.byte	0
 1335 0091 0C       		.uleb128 0xc
 1336 0092 15       		.uleb128 0x15
 1337 0093 01       		.byte	0x1
 1338 0094 27       		.uleb128 0x27
 1339 0095 19       		.uleb128 0x19
 1340 0096 01       		.uleb128 0x1
 1341 0097 13       		.uleb128 0x13
 1342 0098 00       		.byte	0
 1343 0099 00       		.byte	0
 1344 009a 0D       		.uleb128 0xd
 1345 009b 05       		.uleb128 0x5
 1346 009c 00       		.byte	0
 1347 009d 49       		.uleb128 0x49
 1348 009e 13       		.uleb128 0x13
 1349 009f 00       		.byte	0
 1350 00a0 00       		.byte	0
 1351 00a1 0E       		.uleb128 0xe
 1352 00a2 0F       		.uleb128 0xf
 1353 00a3 00       		.byte	0
 1354 00a4 0B       		.uleb128 0xb
 1355 00a5 0B       		.uleb128 0xb
 1356 00a6 00       		.byte	0
 1357 00a7 00       		.byte	0
 1358 00a8 0F       		.uleb128 0xf
 1359 00a9 13       		.uleb128 0x13
 1360 00aa 01       		.byte	0x1
 1361 00ab 03       		.uleb128 0x3
 1362 00ac 0E       		.uleb128 0xe
 1363 00ad 0B       		.uleb128 0xb
 1364 00ae 05       		.uleb128 0x5
 1365 00af 3A       		.uleb128 0x3a
 1366 00b0 0B       		.uleb128 0xb
 1367 00b1 3B       		.uleb128 0x3b
 1368 00b2 05       		.uleb128 0x5
ARM GAS  /tmp/ccBToExr.s 			page 25


 1369 00b3 01       		.uleb128 0x1
 1370 00b4 13       		.uleb128 0x13
 1371 00b5 00       		.byte	0
 1372 00b6 00       		.byte	0
 1373 00b7 10       		.uleb128 0x10
 1374 00b8 0D       		.uleb128 0xd
 1375 00b9 00       		.byte	0
 1376 00ba 03       		.uleb128 0x3
 1377 00bb 08       		.uleb128 0x8
 1378 00bc 3A       		.uleb128 0x3a
 1379 00bd 0B       		.uleb128 0xb
 1380 00be 3B       		.uleb128 0x3b
 1381 00bf 0B       		.uleb128 0xb
 1382 00c0 49       		.uleb128 0x49
 1383 00c1 13       		.uleb128 0x13
 1384 00c2 38       		.uleb128 0x38
 1385 00c3 0B       		.uleb128 0xb
 1386 00c4 00       		.byte	0
 1387 00c5 00       		.byte	0
 1388 00c6 11       		.uleb128 0x11
 1389 00c7 13       		.uleb128 0x13
 1390 00c8 01       		.byte	0x1
 1391 00c9 0B       		.uleb128 0xb
 1392 00ca 0B       		.uleb128 0xb
 1393 00cb 3A       		.uleb128 0x3a
 1394 00cc 0B       		.uleb128 0xb
 1395 00cd 3B       		.uleb128 0x3b
 1396 00ce 0B       		.uleb128 0xb
 1397 00cf 01       		.uleb128 0x1
 1398 00d0 13       		.uleb128 0x13
 1399 00d1 00       		.byte	0
 1400 00d2 00       		.byte	0
 1401 00d3 12       		.uleb128 0x12
 1402 00d4 17       		.uleb128 0x17
 1403 00d5 01       		.byte	0x1
 1404 00d6 0B       		.uleb128 0xb
 1405 00d7 0B       		.uleb128 0xb
 1406 00d8 3A       		.uleb128 0x3a
 1407 00d9 0B       		.uleb128 0xb
 1408 00da 3B       		.uleb128 0x3b
 1409 00db 0B       		.uleb128 0xb
 1410 00dc 01       		.uleb128 0x1
 1411 00dd 13       		.uleb128 0x13
 1412 00de 00       		.byte	0
 1413 00df 00       		.byte	0
 1414 00e0 13       		.uleb128 0x13
 1415 00e1 0D       		.uleb128 0xd
 1416 00e2 00       		.byte	0
 1417 00e3 03       		.uleb128 0x3
 1418 00e4 0E       		.uleb128 0xe
 1419 00e5 3A       		.uleb128 0x3a
 1420 00e6 0B       		.uleb128 0xb
 1421 00e7 3B       		.uleb128 0x3b
 1422 00e8 05       		.uleb128 0x5
 1423 00e9 49       		.uleb128 0x49
 1424 00ea 13       		.uleb128 0x13
 1425 00eb 00       		.byte	0
ARM GAS  /tmp/ccBToExr.s 			page 26


 1426 00ec 00       		.byte	0
 1427 00ed 14       		.uleb128 0x14
 1428 00ee 26       		.uleb128 0x26
 1429 00ef 00       		.byte	0
 1430 00f0 49       		.uleb128 0x49
 1431 00f1 13       		.uleb128 0x13
 1432 00f2 00       		.byte	0
 1433 00f3 00       		.byte	0
 1434 00f4 15       		.uleb128 0x15
 1435 00f5 01       		.uleb128 0x1
 1436 00f6 01       		.byte	0x1
 1437 00f7 49       		.uleb128 0x49
 1438 00f8 13       		.uleb128 0x13
 1439 00f9 01       		.uleb128 0x1
 1440 00fa 13       		.uleb128 0x13
 1441 00fb 00       		.byte	0
 1442 00fc 00       		.byte	0
 1443 00fd 16       		.uleb128 0x16
 1444 00fe 21       		.uleb128 0x21
 1445 00ff 00       		.byte	0
 1446 0100 49       		.uleb128 0x49
 1447 0101 13       		.uleb128 0x13
 1448 0102 2F       		.uleb128 0x2f
 1449 0103 0B       		.uleb128 0xb
 1450 0104 00       		.byte	0
 1451 0105 00       		.byte	0
 1452 0106 17       		.uleb128 0x17
 1453 0107 2E       		.uleb128 0x2e
 1454 0108 00       		.byte	0
 1455 0109 3F       		.uleb128 0x3f
 1456 010a 19       		.uleb128 0x19
 1457 010b 03       		.uleb128 0x3
 1458 010c 0E       		.uleb128 0xe
 1459 010d 3A       		.uleb128 0x3a
 1460 010e 0B       		.uleb128 0xb
 1461 010f 3B       		.uleb128 0x3b
 1462 0110 0B       		.uleb128 0xb
 1463 0111 27       		.uleb128 0x27
 1464 0112 19       		.uleb128 0x19
 1465 0113 11       		.uleb128 0x11
 1466 0114 01       		.uleb128 0x1
 1467 0115 12       		.uleb128 0x12
 1468 0116 06       		.uleb128 0x6
 1469 0117 40       		.uleb128 0x40
 1470 0118 18       		.uleb128 0x18
 1471 0119 9742     		.uleb128 0x2117
 1472 011b 19       		.uleb128 0x19
 1473 011c 00       		.byte	0
 1474 011d 00       		.byte	0
 1475 011e 18       		.uleb128 0x18
 1476 011f 2E       		.uleb128 0x2e
 1477 0120 01       		.byte	0x1
 1478 0121 3F       		.uleb128 0x3f
 1479 0122 19       		.uleb128 0x19
 1480 0123 03       		.uleb128 0x3
 1481 0124 0E       		.uleb128 0xe
 1482 0125 3A       		.uleb128 0x3a
ARM GAS  /tmp/ccBToExr.s 			page 27


 1483 0126 0B       		.uleb128 0xb
 1484 0127 3B       		.uleb128 0x3b
 1485 0128 0B       		.uleb128 0xb
 1486 0129 27       		.uleb128 0x27
 1487 012a 19       		.uleb128 0x19
 1488 012b 11       		.uleb128 0x11
 1489 012c 01       		.uleb128 0x1
 1490 012d 12       		.uleb128 0x12
 1491 012e 06       		.uleb128 0x6
 1492 012f 40       		.uleb128 0x40
 1493 0130 18       		.uleb128 0x18
 1494 0131 9742     		.uleb128 0x2117
 1495 0133 19       		.uleb128 0x19
 1496 0134 01       		.uleb128 0x1
 1497 0135 13       		.uleb128 0x13
 1498 0136 00       		.byte	0
 1499 0137 00       		.byte	0
 1500 0138 19       		.uleb128 0x19
 1501 0139 05       		.uleb128 0x5
 1502 013a 00       		.byte	0
 1503 013b 03       		.uleb128 0x3
 1504 013c 08       		.uleb128 0x8
 1505 013d 3A       		.uleb128 0x3a
 1506 013e 0B       		.uleb128 0xb
 1507 013f 3B       		.uleb128 0x3b
 1508 0140 0B       		.uleb128 0xb
 1509 0141 49       		.uleb128 0x49
 1510 0142 13       		.uleb128 0x13
 1511 0143 02       		.uleb128 0x2
 1512 0144 18       		.uleb128 0x18
 1513 0145 00       		.byte	0
 1514 0146 00       		.byte	0
 1515 0147 1A       		.uleb128 0x1a
 1516 0148 05       		.uleb128 0x5
 1517 0149 00       		.byte	0
 1518 014a 03       		.uleb128 0x3
 1519 014b 0E       		.uleb128 0xe
 1520 014c 3A       		.uleb128 0x3a
 1521 014d 0B       		.uleb128 0xb
 1522 014e 3B       		.uleb128 0x3b
 1523 014f 0B       		.uleb128 0xb
 1524 0150 49       		.uleb128 0x49
 1525 0151 13       		.uleb128 0x13
 1526 0152 02       		.uleb128 0x2
 1527 0153 17       		.uleb128 0x17
 1528 0154 00       		.byte	0
 1529 0155 00       		.byte	0
 1530 0156 1B       		.uleb128 0x1b
 1531 0157 05       		.uleb128 0x5
 1532 0158 00       		.byte	0
 1533 0159 03       		.uleb128 0x3
 1534 015a 08       		.uleb128 0x8
 1535 015b 3A       		.uleb128 0x3a
 1536 015c 0B       		.uleb128 0xb
 1537 015d 3B       		.uleb128 0x3b
 1538 015e 0B       		.uleb128 0xb
 1539 015f 49       		.uleb128 0x49
ARM GAS  /tmp/ccBToExr.s 			page 28


 1540 0160 13       		.uleb128 0x13
 1541 0161 02       		.uleb128 0x2
 1542 0162 17       		.uleb128 0x17
 1543 0163 00       		.byte	0
 1544 0164 00       		.byte	0
 1545 0165 1C       		.uleb128 0x1c
 1546 0166 34       		.uleb128 0x34
 1547 0167 00       		.byte	0
 1548 0168 03       		.uleb128 0x3
 1549 0169 08       		.uleb128 0x8
 1550 016a 3A       		.uleb128 0x3a
 1551 016b 0B       		.uleb128 0xb
 1552 016c 3B       		.uleb128 0x3b
 1553 016d 0B       		.uleb128 0xb
 1554 016e 49       		.uleb128 0x49
 1555 016f 13       		.uleb128 0x13
 1556 0170 02       		.uleb128 0x2
 1557 0171 17       		.uleb128 0x17
 1558 0172 00       		.byte	0
 1559 0173 00       		.byte	0
 1560 0174 1D       		.uleb128 0x1d
 1561 0175 34       		.uleb128 0x34
 1562 0176 00       		.byte	0
 1563 0177 03       		.uleb128 0x3
 1564 0178 0E       		.uleb128 0xe
 1565 0179 3A       		.uleb128 0x3a
 1566 017a 0B       		.uleb128 0xb
 1567 017b 3B       		.uleb128 0x3b
 1568 017c 0B       		.uleb128 0xb
 1569 017d 49       		.uleb128 0x49
 1570 017e 13       		.uleb128 0x13
 1571 017f 02       		.uleb128 0x2
 1572 0180 17       		.uleb128 0x17
 1573 0181 00       		.byte	0
 1574 0182 00       		.byte	0
 1575 0183 1E       		.uleb128 0x1e
 1576 0184 34       		.uleb128 0x34
 1577 0185 00       		.byte	0
 1578 0186 03       		.uleb128 0x3
 1579 0187 0E       		.uleb128 0xe
 1580 0188 49       		.uleb128 0x49
 1581 0189 13       		.uleb128 0x13
 1582 018a 34       		.uleb128 0x34
 1583 018b 19       		.uleb128 0x19
 1584 018c 00       		.byte	0
 1585 018d 00       		.byte	0
 1586 018e 1F       		.uleb128 0x1f
 1587 018f 34       		.uleb128 0x34
 1588 0190 00       		.byte	0
 1589 0191 03       		.uleb128 0x3
 1590 0192 0E       		.uleb128 0xe
 1591 0193 3A       		.uleb128 0x3a
 1592 0194 0B       		.uleb128 0xb
 1593 0195 3B       		.uleb128 0x3b
 1594 0196 05       		.uleb128 0x5
 1595 0197 49       		.uleb128 0x49
 1596 0198 13       		.uleb128 0x13
ARM GAS  /tmp/ccBToExr.s 			page 29


 1597 0199 3F       		.uleb128 0x3f
 1598 019a 19       		.uleb128 0x19
 1599 019b 3C       		.uleb128 0x3c
 1600 019c 19       		.uleb128 0x19
 1601 019d 00       		.byte	0
 1602 019e 00       		.byte	0
 1603 019f 20       		.uleb128 0x20
 1604 01a0 34       		.uleb128 0x34
 1605 01a1 00       		.byte	0
 1606 01a2 03       		.uleb128 0x3
 1607 01a3 08       		.uleb128 0x8
 1608 01a4 3A       		.uleb128 0x3a
 1609 01a5 0B       		.uleb128 0xb
 1610 01a6 3B       		.uleb128 0x3b
 1611 01a7 05       		.uleb128 0x5
 1612 01a8 49       		.uleb128 0x49
 1613 01a9 13       		.uleb128 0x13
 1614 01aa 3F       		.uleb128 0x3f
 1615 01ab 19       		.uleb128 0x19
 1616 01ac 3C       		.uleb128 0x3c
 1617 01ad 19       		.uleb128 0x19
 1618 01ae 00       		.byte	0
 1619 01af 00       		.byte	0
 1620 01b0 00       		.byte	0
 1621              		.section	.debug_loc,"",%progbits
 1622              	.Ldebug_loc0:
 1623              	.LLST0:
 1624 0000 00000000 		.4byte	.LVL0
 1625 0004 10000000 		.4byte	.LVL2
 1626 0008 0100     		.2byte	0x1
 1627 000a 51       		.byte	0x51
 1628 000b 10000000 		.4byte	.LVL2
 1629 000f 3C000000 		.4byte	.LFE220
 1630 0013 0400     		.2byte	0x4
 1631 0015 F3       		.byte	0xf3
 1632 0016 01       		.uleb128 0x1
 1633 0017 51       		.byte	0x51
 1634 0018 9F       		.byte	0x9f
 1635 0019 00000000 		.4byte	0
 1636 001d 00000000 		.4byte	0
 1637              	.LLST1:
 1638 0021 00000000 		.4byte	.LVL0
 1639 0025 2C000000 		.4byte	.LVL6
 1640 0029 0100     		.2byte	0x1
 1641 002b 52       		.byte	0x52
 1642 002c 2C000000 		.4byte	.LVL6
 1643 0030 3C000000 		.4byte	.LFE220
 1644 0034 0200     		.2byte	0x2
 1645 0036 70       		.byte	0x70
 1646 0037 0C       		.sleb128 12
 1647 0038 00000000 		.4byte	0
 1648 003c 00000000 		.4byte	0
 1649              	.LLST2:
 1650 0040 00000000 		.4byte	.LVL0
 1651 0044 1C000000 		.4byte	.LVL5
 1652 0048 0100     		.2byte	0x1
 1653 004a 53       		.byte	0x53
ARM GAS  /tmp/ccBToExr.s 			page 30


 1654 004b 1C000000 		.4byte	.LVL5
 1655 004f 3C000000 		.4byte	.LFE220
 1656 0053 0200     		.2byte	0x2
 1657 0055 70       		.byte	0x70
 1658 0056 10       		.sleb128 16
 1659 0057 00000000 		.4byte	0
 1660 005b 00000000 		.4byte	0
 1661              	.LLST3:
 1662 005f 0E000000 		.4byte	.LVL1
 1663 0063 12000000 		.4byte	.LVL3
 1664 0067 0100     		.2byte	0x1
 1665 0069 54       		.byte	0x54
 1666 006a 14000000 		.4byte	.LVL4
 1667 006e 34000000 		.4byte	.LVL9
 1668 0072 0100     		.2byte	0x1
 1669 0074 54       		.byte	0x54
 1670 0075 00000000 		.4byte	0
 1671 0079 00000000 		.4byte	0
 1672              	.LLST4:
 1673 007d 0E000000 		.4byte	.LVL1
 1674 0081 2E000000 		.4byte	.LVL7
 1675 0085 0100     		.2byte	0x1
 1676 0087 51       		.byte	0x51
 1677 0088 2E000000 		.4byte	.LVL7
 1678 008c 30000000 		.4byte	.LVL8
 1679 0090 0500     		.2byte	0x5
 1680 0092 74       		.byte	0x74
 1681 0093 04       		.sleb128 4
 1682 0094 06       		.byte	0x6
 1683 0095 23       		.byte	0x23
 1684 0096 08       		.uleb128 0x8
 1685 0097 00000000 		.4byte	0
 1686 009b 00000000 		.4byte	0
 1687              		.section	.debug_aranges,"",%progbits
 1688 0000 2C000000 		.4byte	0x2c
 1689 0004 0200     		.2byte	0x2
 1690 0006 00000000 		.4byte	.Ldebug_info0
 1691 000a 04       		.byte	0x4
 1692 000b 00       		.byte	0
 1693 000c 0000     		.2byte	0
 1694 000e 0000     		.2byte	0
 1695 0010 00000000 		.4byte	.LFB219
 1696 0014 1C000000 		.4byte	.LFE219-.LFB219
 1697 0018 00000000 		.4byte	.LFB220
 1698 001c 3C000000 		.4byte	.LFE220-.LFB220
 1699 0020 00000000 		.4byte	.LFB221
 1700 0024 28000000 		.4byte	.LFE221-.LFB221
 1701 0028 00000000 		.4byte	0
 1702 002c 00000000 		.4byte	0
 1703              		.section	.debug_ranges,"",%progbits
 1704              	.Ldebug_ranges0:
 1705 0000 00000000 		.4byte	.LFB219
 1706 0004 1C000000 		.4byte	.LFE219
 1707 0008 00000000 		.4byte	.LFB220
 1708 000c 3C000000 		.4byte	.LFE220
 1709 0010 00000000 		.4byte	.LFB221
 1710 0014 28000000 		.4byte	.LFE221
ARM GAS  /tmp/ccBToExr.s 			page 31


 1711 0018 00000000 		.4byte	0
 1712 001c 00000000 		.4byte	0
 1713              		.section	.debug_line,"",%progbits
 1714              	.Ldebug_line0:
 1715 0000 0E020000 		.section	.debug_str,"MS",%progbits,1
 1715      02009A01 
 1715      00000201 
 1715      FB0E0D00 
 1715      01010101 
 1716              	.LASF53:
 1717 0000 72656164 		.ascii	"ready_list_t\000"
 1717      795F6C69 
 1717      73745F74 
 1717      00
 1718              	.LASF91:
 1719 000d 77747472 		.ascii	"wttrp\000"
 1719      7000
 1720              	.LASF106:
 1721 0013 64656C74 		.ascii	"delta\000"
 1721      6100
 1722              	.LASF88:
 1723 0019 7264796D 		.ascii	"rdymsg\000"
 1723      736700
 1724              	.LASF16:
 1725 0020 75696E74 		.ascii	"uint64_t\000"
 1725      36345F74 
 1725      00
 1726              	.LASF24:
 1727 0029 6576656E 		.ascii	"eventmask_t\000"
 1727      746D6173 
 1727      6B5F7400 
 1728              	.LASF5:
 1729 0035 5F5F7569 		.ascii	"__uint8_t\000"
 1729      6E74385F 
 1729      7400
 1730              	.LASF85:
 1731 003f 706F7274 		.ascii	"port_intctx\000"
 1731      5F696E74 
 1731      63747800 
 1732              	.LASF72:
 1733 004b 73797374 		.ascii	"system_debug_t\000"
 1733      656D5F64 
 1733      65627567 
 1733      5F7400
 1734              	.LASF12:
 1735 005a 6C6F6E67 		.ascii	"long long unsigned int\000"
 1735      206C6F6E 
 1735      6720756E 
 1735      7369676E 
 1735      65642069 
 1736              	.LASF108:
 1737 0071 63685654 		.ascii	"chVTDoResetI\000"
 1737      446F5265 
 1737      73657449 
 1737      00
 1738              	.LASF89:
 1739 007e 65786974 		.ascii	"exitcode\000"
ARM GAS  /tmp/ccBToExr.s 			page 32


 1739      636F6465 
 1739      00
 1740              	.LASF79:
 1741 0087 6D61696E 		.ascii	"mainthread\000"
 1741      74687265 
 1741      616400
 1742              	.LASF69:
 1743 0092 76697274 		.ascii	"virtual_timers_list_t\000"
 1743      75616C5F 
 1743      74696D65 
 1743      72735F6C 
 1743      6973745F 
 1744              	.LASF110:
 1745 00a8 49544D5F 		.ascii	"ITM_RxBuffer\000"
 1745      52784275 
 1745      66666572 
 1745      00
 1746              	.LASF52:
 1747 00b5 63685F74 		.ascii	"ch_threads_queue\000"
 1747      68726561 
 1747      64735F71 
 1747      75657565 
 1747      00
 1748              	.LASF30:
 1749 00c6 705F7072 		.ascii	"p_prio\000"
 1749      696F00
 1750              	.LASF114:
 1751 00cd 5F76745F 		.ascii	"_vt_init\000"
 1751      696E6974 
 1751      00
 1752              	.LASF10:
 1753 00d6 6C6F6E67 		.ascii	"long long int\000"
 1753      206C6F6E 
 1753      6720696E 
 1753      7400
 1754              	.LASF1:
 1755 00e4 7369676E 		.ascii	"signed char\000"
 1755      65642063 
 1755      68617200 
 1756              	.LASF113:
 1757 00f0 2F686F6D 		.ascii	"/home/benjamin/Skrivbord/SP-RCCar/Embedded/RC_Contr"
 1757      652F6265 
 1757      6E6A616D 
 1757      696E2F53 
 1757      6B726976 
 1758 0123 6F6C6C65 		.ascii	"oller/\000"
 1758      722F00
 1759              	.LASF46:
 1760 012a 705F6D70 		.ascii	"p_mpool\000"
 1760      6F6F6C00 
 1761              	.LASF99:
 1762 0132 6D5F7175 		.ascii	"m_queue\000"
 1762      65756500 
 1763              	.LASF78:
 1764 013a 76746C69 		.ascii	"vtlist\000"
 1764      737400
 1765              	.LASF21:
ARM GAS  /tmp/ccBToExr.s 			page 33


 1766 0141 74736C69 		.ascii	"tslices_t\000"
 1766      6365735F 
 1766      7400
 1767              	.LASF76:
 1768 014b 63685F73 		.ascii	"ch_system\000"
 1768      79737465 
 1768      6D00
 1769              	.LASF7:
 1770 0155 6C6F6E67 		.ascii	"long int\000"
 1770      20696E74 
 1770      00
 1771              	.LASF19:
 1772 015e 74737461 		.ascii	"tstate_t\000"
 1772      74655F74 
 1772      00
 1773              	.LASF32:
 1774 0167 705F6E65 		.ascii	"p_newer\000"
 1774      77657200 
 1775              	.LASF96:
 1776 016f 735F7175 		.ascii	"s_queue\000"
 1776      65756500 
 1777              	.LASF58:
 1778 0177 725F6E65 		.ascii	"r_newer\000"
 1778      77657200 
 1779              	.LASF82:
 1780 017f 72656761 		.ascii	"regarm_t\000"
 1780      726D5F74 
 1780      00
 1781              	.LASF65:
 1782 0188 76745F70 		.ascii	"vt_prev\000"
 1782      72657600 
 1783              	.LASF103:
 1784 0190 6D757465 		.ascii	"mutex_t\000"
 1784      785F7400 
 1785              	.LASF80:
 1786 0198 69646C65 		.ascii	"idle_thread_wa\000"
 1786      5F746872 
 1786      6561645F 
 1786      776100
 1787              	.LASF25:
 1788 01a7 636E745F 		.ascii	"cnt_t\000"
 1788      7400
 1789              	.LASF0:
 1790 01ad 756E7369 		.ascii	"unsigned int\000"
 1790      676E6564 
 1790      20696E74 
 1790      00
 1791              	.LASF64:
 1792 01ba 76745F6E 		.ascii	"vt_next\000"
 1792      65787400 
 1793              	.LASF39:
 1794 01c2 705F7469 		.ascii	"p_time\000"
 1794      6D6500
 1795              	.LASF92:
 1796 01c9 77747365 		.ascii	"wtsemp\000"
 1796      6D7000
 1797              	.LASF66:
ARM GAS  /tmp/ccBToExr.s 			page 34


 1798 01d0 76745F64 		.ascii	"vt_delta\000"
 1798      656C7461 
 1798      00
 1799              	.LASF41:
 1800 01d9 705F6D73 		.ascii	"p_msgqueue\000"
 1800      67717565 
 1800      756500
 1801              	.LASF97:
 1802 01e4 735F636E 		.ascii	"s_cnt\000"
 1802      7400
 1803              	.LASF4:
 1804 01ea 73686F72 		.ascii	"short unsigned int\000"
 1804      7420756E 
 1804      7369676E 
 1804      65642069 
 1804      6E7400
 1805              	.LASF49:
 1806 01fd 63685F74 		.ascii	"ch_thread\000"
 1806      68726561 
 1806      6400
 1807              	.LASF23:
 1808 0207 6D73675F 		.ascii	"msg_t\000"
 1808      7400
 1809              	.LASF75:
 1810 020d 63685F73 		.ascii	"ch_system_t\000"
 1810      79737465 
 1810      6D5F7400 
 1811              	.LASF18:
 1812 0219 746D6F64 		.ascii	"tmode_t\000"
 1812      655F7400 
 1813              	.LASF54:
 1814 0221 63685F72 		.ascii	"ch_ready_list\000"
 1814      65616479 
 1814      5F6C6973 
 1814      7400
 1815              	.LASF107:
 1816 022f 63685654 		.ascii	"chVTDoSetI\000"
 1816      446F5365 
 1816      744900
 1817              	.LASF6:
 1818 023a 5F5F696E 		.ascii	"__int32_t\000"
 1818      7433325F 
 1818      7400
 1819              	.LASF83:
 1820 0244 73746B61 		.ascii	"stkalign_t\000"
 1820      6C69676E 
 1820      5F7400
 1821              	.LASF48:
 1822 024f 74687265 		.ascii	"threads_list_t\000"
 1822      6164735F 
 1822      6C697374 
 1822      5F7400
 1823              	.LASF40:
 1824 025e 705F7761 		.ascii	"p_waiting\000"
 1824      6974696E 
 1824      6700
 1825              	.LASF81:
ARM GAS  /tmp/ccBToExr.s 			page 35


 1826 0268 73697A65 		.ascii	"sizetype\000"
 1826      74797065 
 1826      00
 1827              	.LASF47:
 1828 0271 74687265 		.ascii	"thread_reference_t\000"
 1828      61645F72 
 1828      65666572 
 1828      656E6365 
 1828      5F7400
 1829              	.LASF70:
 1830 0284 63685F76 		.ascii	"ch_virtual_timers_list\000"
 1830      69727475 
 1830      616C5F74 
 1830      696D6572 
 1830      735F6C69 
 1831              	.LASF33:
 1832 029b 705F6F6C 		.ascii	"p_older\000"
 1832      64657200 
 1833              	.LASF57:
 1834 02a3 725F6374 		.ascii	"r_ctx\000"
 1834      7800
 1835              	.LASF87:
 1836 02a9 746D5F63 		.ascii	"tm_calibration_t\000"
 1836      616C6962 
 1836      72617469 
 1836      6F6E5F74 
 1836      00
 1837              	.LASF60:
 1838 02ba 725F6375 		.ascii	"r_current\000"
 1838      7272656E 
 1838      7400
 1839              	.LASF59:
 1840 02c4 725F6F6C 		.ascii	"r_older\000"
 1840      64657200 
 1841              	.LASF11:
 1842 02cc 5F5F7569 		.ascii	"__uint64_t\000"
 1842      6E743634 
 1842      5F7400
 1843              	.LASF20:
 1844 02d7 74726566 		.ascii	"trefs_t\000"
 1844      735F7400 
 1845              	.LASF62:
 1846 02df 76697274 		.ascii	"virtual_timer_t\000"
 1846      75616C5F 
 1846      74696D65 
 1846      725F7400 
 1847              	.LASF29:
 1848 02ef 705F7072 		.ascii	"p_prev\000"
 1848      657600
 1849              	.LASF22:
 1850 02f6 74707269 		.ascii	"tprio_t\000"
 1850      6F5F7400 
 1851              	.LASF73:
 1852 02fe 63685F73 		.ascii	"ch_system_debug\000"
 1852      79737465 
 1852      6D5F6465 
 1852      62756700 
ARM GAS  /tmp/ccBToExr.s 			page 36


 1853              	.LASF14:
 1854 030e 696E7433 		.ascii	"int32_t\000"
 1854      325F7400 
 1855              	.LASF2:
 1856 0316 756E7369 		.ascii	"unsigned char\000"
 1856      676E6564 
 1856      20636861 
 1856      7200
 1857              	.LASF104:
 1858 0324 64656C61 		.ascii	"delay\000"
 1858      7900
 1859              	.LASF44:
 1860 032a 705F6D74 		.ascii	"p_mtxlist\000"
 1860      786C6973 
 1860      7400
 1861              	.LASF3:
 1862 0334 73686F72 		.ascii	"short int\000"
 1862      7420696E 
 1862      7400
 1863              	.LASF35:
 1864 033e 705F7374 		.ascii	"p_state\000"
 1864      61746500 
 1865              	.LASF38:
 1866 0346 705F7072 		.ascii	"p_preempt\000"
 1866      65656D70 
 1866      7400
 1867              	.LASF56:
 1868 0350 725F7072 		.ascii	"r_prio\000"
 1868      696F00
 1869              	.LASF94:
 1870 0357 65776D61 		.ascii	"ewmask\000"
 1870      736B00
 1871              	.LASF28:
 1872 035e 705F6E65 		.ascii	"p_next\000"
 1872      787400
 1873              	.LASF36:
 1874 0365 705F666C 		.ascii	"p_flags\000"
 1874      61677300 
 1875              	.LASF109:
 1876 036d 5F5F6675 		.ascii	"__func__\000"
 1876      6E635F5F 
 1876      00
 1877              	.LASF63:
 1878 0376 63685F76 		.ascii	"ch_virtual_timer\000"
 1878      69727475 
 1878      616C5F74 
 1878      696D6572 
 1878      00
 1879              	.LASF95:
 1880 0387 63685F73 		.ascii	"ch_semaphore\000"
 1880      656D6170 
 1880      686F7265 
 1880      00
 1881              	.LASF43:
 1882 0394 705F6570 		.ascii	"p_epending\000"
 1882      656E6469 
 1882      6E6700
ARM GAS  /tmp/ccBToExr.s 			page 37


 1883              	.LASF15:
 1884 039f 75696E74 		.ascii	"uint32_t\000"
 1884      33325F74 
 1884      00
 1885              	.LASF93:
 1886 03a8 77746D74 		.ascii	"wtmtxp\000"
 1886      787000
 1887              	.LASF55:
 1888 03af 725F7175 		.ascii	"r_queue\000"
 1888      65756500 
 1889              	.LASF50:
 1890 03b7 63685F74 		.ascii	"ch_threads_list\000"
 1890      68726561 
 1890      64735F6C 
 1890      69737400 
 1891              	.LASF9:
 1892 03c7 6C6F6E67 		.ascii	"long unsigned int\000"
 1892      20756E73 
 1892      69676E65 
 1892      6420696E 
 1892      7400
 1893              	.LASF102:
 1894 03d9 63686172 		.ascii	"char\000"
 1894      00
 1895              	.LASF111:
 1896 03de 474E5520 		.ascii	"GNU C 4.9.3 20150529 (release) [ARM/embedded-4_9-br"
 1896      4320342E 
 1896      392E3320 
 1896      32303135 
 1896      30353239 
 1897 0411 616E6368 		.ascii	"anch revision 227977] -mcpu=cortex-m4 -mfloat-abi=h"
 1897      20726576 
 1897      6973696F 
 1897      6E203232 
 1897      37393737 
 1898 0444 61726420 		.ascii	"ard -mfpu=fpv4-sp-d16 -mno-thumb-interwork -mthumb "
 1898      2D6D6670 
 1898      753D6670 
 1898      76342D73 
 1898      702D6431 
 1899 0477 2D676764 		.ascii	"-ggdb -O2 -std=gnu99 -fomit-frame-pointer -falign-f"
 1899      62202D4F 
 1899      32202D73 
 1899      74643D67 
 1899      6E753939 
 1900 04aa 756E6374 		.ascii	"unctions=16 -ffunction-sections -fdata-sections -fn"
 1900      696F6E73 
 1900      3D313620 
 1900      2D666675 
 1900      6E637469 
 1901 04dd 6F2D636F 		.ascii	"o-common -fsingle-precision-constant\000"
 1901      6D6D6F6E 
 1901      202D6673 
 1901      696E676C 
 1901      652D7072 
 1902              	.LASF101:
 1903 0502 6D5F6E65 		.ascii	"m_next\000"
ARM GAS  /tmp/ccBToExr.s 			page 38


 1903      787400
 1904              	.LASF26:
 1905 0509 73797374 		.ascii	"systime_t\000"
 1905      696D655F 
 1905      7400
 1906              	.LASF45:
 1907 0513 705F7265 		.ascii	"p_realprio\000"
 1907      616C7072 
 1907      696F00
 1908              	.LASF61:
 1909 051e 76746675 		.ascii	"vtfunc_t\000"
 1909      6E635F74 
 1909      00
 1910              	.LASF8:
 1911 0527 5F5F7569 		.ascii	"__uint32_t\000"
 1911      6E743332 
 1911      5F7400
 1912              	.LASF74:
 1913 0532 70616E69 		.ascii	"panic_msg\000"
 1913      635F6D73 
 1913      6700
 1914              	.LASF86:
 1915 053c 6F666673 		.ascii	"offset\000"
 1915      657400
 1916              	.LASF84:
 1917 0543 636F6E74 		.ascii	"context\000"
 1917      65787400 
 1918              	.LASF17:
 1919 054b 7274636E 		.ascii	"rtcnt_t\000"
 1919      745F7400 
 1920              	.LASF68:
 1921 0553 76745F70 		.ascii	"vt_par\000"
 1921      617200
 1922              	.LASF105:
 1923 055a 76746675 		.ascii	"vtfunc\000"
 1923      6E6300
 1924              	.LASF112:
 1925 0561 43686962 		.ascii	"ChibiOS_3.0.2/os/rt/src/chvt.c\000"
 1925      694F535F 
 1925      332E302E 
 1925      322F6F73 
 1925      2F72742F 
 1926              	.LASF51:
 1927 0580 74687265 		.ascii	"threads_queue_t\000"
 1927      6164735F 
 1927      71756575 
 1927      655F7400 
 1928              	.LASF98:
 1929 0590 63685F6D 		.ascii	"ch_mutex\000"
 1929      75746578 
 1929      00
 1930              	.LASF37:
 1931 0599 705F7265 		.ascii	"p_refs\000"
 1931      667300
 1932              	.LASF27:
 1933 05a0 74687265 		.ascii	"thread_t\000"
 1933      61645F74 
ARM GAS  /tmp/ccBToExr.s 			page 39


 1933      00
 1934              	.LASF77:
 1935 05a9 726C6973 		.ascii	"rlist\000"
 1935      7400
 1936              	.LASF13:
 1937 05af 75696E74 		.ascii	"uint8_t\000"
 1937      385F7400 
 1938              	.LASF90:
 1939 05b7 77746F62 		.ascii	"wtobjp\000"
 1939      6A7000
 1940              	.LASF34:
 1941 05be 705F6E61 		.ascii	"p_name\000"
 1941      6D6500
 1942              	.LASF71:
 1943 05c5 76745F73 		.ascii	"vt_systime\000"
 1943      79737469 
 1943      6D6500
 1944              	.LASF42:
 1945 05d0 705F6D73 		.ascii	"p_msg\000"
 1945      6700
 1946              	.LASF100:
 1947 05d6 6D5F6F77 		.ascii	"m_owner\000"
 1947      6E657200 
 1948              	.LASF31:
 1949 05de 705F6374 		.ascii	"p_ctx\000"
 1949      7800
 1950              	.LASF67:
 1951 05e4 76745F66 		.ascii	"vt_func\000"
 1951      756E6300 
 1952              		.ident	"GCC: (GNU Tools for ARM Embedded Processors) 4.9.3 20150529 (release) [ARM/embedded-4_9-br
ARM GAS  /tmp/ccBToExr.s 			page 40


DEFINED SYMBOLS
                            *ABS*:0000000000000000 chvt.c
     /tmp/ccBToExr.s:21     .text._vt_init:0000000000000000 $t
     /tmp/ccBToExr.s:27     .text._vt_init:0000000000000000 _vt_init
     /tmp/ccBToExr.s:55     .text._vt_init:0000000000000018 $d
     /tmp/ccBToExr.s:60     .text.chVTDoSetI:0000000000000000 $t
     /tmp/ccBToExr.s:66     .text.chVTDoSetI:0000000000000000 chVTDoSetI
     /tmp/ccBToExr.s:141    .text.chVTDoSetI:0000000000000038 $d
     /tmp/ccBToExr.s:146    .text.chVTDoResetI:0000000000000000 $t
     /tmp/ccBToExr.s:152    .text.chVTDoResetI:0000000000000000 chVTDoResetI
     /tmp/ccBToExr.s:200    .text.chVTDoResetI:0000000000000024 $d
                     .debug_frame:0000000000000010 $d

UNDEFINED SYMBOLS
ch
