ARM GAS  /tmp/ccH276Of.s 			page 1


   1              		.syntax unified
   2              		.cpu cortex-m4
   3              		.eabi_attribute 27, 1
   4              		.eabi_attribute 28, 1
   5              		.fpu fpv4-sp-d16
   6              		.eabi_attribute 20, 1
   7              		.eabi_attribute 21, 1
   8              		.eabi_attribute 23, 3
   9              		.eabi_attribute 24, 1
  10              		.eabi_attribute 25, 1
  11              		.eabi_attribute 26, 1
  12              		.eabi_attribute 30, 2
  13              		.eabi_attribute 34, 1
  14              		.eabi_attribute 18, 4
  15              		.thumb
  16              		.file	"conf_general.c"
  17              		.text
  18              	.Ltext0:
  19              		.cfi_sections	.debug_frame
  20              		.section	.text.conf_general_init,"ax",%progbits
  21              		.align	2
  22              		.p2align 4,,15
  23              		.global	conf_general_init
  24              		.thumb
  25              		.thumb_func
  26              		.type	conf_general_init, %function
  27              	conf_general_init:
  28              	.LFB256:
  29              		.file 1 "conf_general.c"
  30              		.loc 1 33 0
  31              		.cfi_startproc
  32              		@ args = 0, pretend = 0, frame = 0
  33              		@ frame_needed = 0, uses_anonymous_args = 0
  34 0000 10B5     		push	{r4, lr}
  35              		.cfi_def_cfa_offset 8
  36              		.cfi_offset 4, -8
  37              		.cfi_offset 14, -4
  38              		.loc 1 34 0
  39 0002 1E4C     		ldr	r4, .L3
  40 0004 4FF48071 		mov	r1, #256
  41 0008 2046     		mov	r0, r4
  42 000a 2022     		movs	r2, #32
  43 000c FFF7FEFF 		bl	_pal_lld_setgroupmode
  44              	.LVL0:
  45              		.loc 1 35 0
  46 0010 2046     		mov	r0, r4
  47 0012 4FF40071 		mov	r1, #512
  48 0016 2022     		movs	r2, #32
  49 0018 FFF7FEFF 		bl	_pal_lld_setgroupmode
  50              	.LVL1:
  51              		.loc 1 36 0
  52 001c 2046     		mov	r0, r4
  53 001e 4FF48061 		mov	r1, #1024
  54 0022 2022     		movs	r2, #32
  55 0024 FFF7FEFF 		bl	_pal_lld_setgroupmode
  56              	.LVL2:
  57              		.loc 1 37 0
ARM GAS  /tmp/ccH276Of.s 			page 2


  58 0028 2046     		mov	r0, r4
  59 002a 4FF40061 		mov	r1, #2048
  60 002e 2022     		movs	r2, #32
  61 0030 FFF7FEFF 		bl	_pal_lld_setgroupmode
  62              	.LVL3:
  63              		.loc 1 38 0
  64 0034 2046     		mov	r0, r4
  65 0036 4FF48051 		mov	r1, #4096
  66 003a 2022     		movs	r2, #32
  67 003c FFF7FEFF 		bl	_pal_lld_setgroupmode
  68              	.LVL4:
  69              		.loc 1 39 0
  70 0040 2046     		mov	r0, r4
  71 0042 4FF40051 		mov	r1, #8192
  72 0046 2022     		movs	r2, #32
  73 0048 FFF7FEFF 		bl	_pal_lld_setgroupmode
  74              	.LVL5:
  75              		.loc 1 40 0
  76 004c 2046     		mov	r0, r4
  77 004e 4FF48041 		mov	r1, #16384
  78 0052 2022     		movs	r2, #32
  79 0054 FFF7FEFF 		bl	_pal_lld_setgroupmode
  80              	.LVL6:
  81              		.loc 1 41 0
  82 0058 2022     		movs	r2, #32
  83 005a 2046     		mov	r0, r4
  84 005c 4FF40041 		mov	r1, #32768
  85 0060 FFF7FEFF 		bl	_pal_lld_setgroupmode
  86              	.LVL7:
  87              		.loc 1 43 0
  88 0064 6420     		movs	r0, #100
  89 0066 FFF7FEFF 		bl	chThdSleep
  90              	.LVL8:
  91              		.loc 1 45 0
  92 006a 2369     		ldr	r3, [r4, #16]
  93 006c 044A     		ldr	r2, .L3+4
  94 006e 6FEA1323 		mvn	r3, r3, lsr #8
  95 0072 03F00F03 		and	r3, r3, #15
  96 0076 1360     		str	r3, [r2]
  97 0078 10BD     		pop	{r4, pc}
  98              	.L4:
  99 007a 00BF     		.align	2
 100              	.L3:
 101 007c 00100240 		.word	1073876992
 102 0080 00000000 		.word	.LANCHOR0
 103              		.cfi_endproc
 104              	.LFE256:
 105              		.size	conf_general_init, .-conf_general_init
 106              		.global	main_config
 107              		.section	.bss.main_config,"aw",%nobits
 108              		.align	2
 109              		.set	.LANCHOR0,. + 0
 110              		.type	main_config, %object
 111              		.size	main_config, 4
 112              	main_config:
 113 0000 00000000 		.space	4
 114              		.text
ARM GAS  /tmp/ccH276Of.s 			page 3


 115              	.Letext0:
 116              		.file 2 "/usr/arm-none-eabi/include/machine/_default_types.h"
 117              		.file 3 "/usr/arm-none-eabi/include/sys/_stdint.h"
 118              		.file 4 "datatypes.h"
 119              		.file 5 "/usr/lib/gcc/arm-none-eabi/4.9.3/include/stddef.h"
 120              		.file 6 "ChibiOS_3.0.2/os/rt/ports/ARMCMx/compilers/GCC/chtypes.h"
 121              		.file 7 "ChibiOS_3.0.2/os/rt/include/chsystypes.h"
 122              		.file 8 "ChibiOS_3.0.2/os/rt/include/chschd.h"
 123              		.file 9 "ChibiOS_3.0.2/os/rt/ports/ARMCMx/chcore.h"
 124              		.file 10 "ChibiOS_3.0.2/os/rt/ports/ARMCMx/chcore_v7m.h"
 125              		.file 11 "ChibiOS_3.0.2/os/rt/include/chtm.h"
 126              		.file 12 "ChibiOS_3.0.2/os/rt/include/chsem.h"
 127              		.file 13 "ChibiOS_3.0.2/os/rt/include/chmtx.h"
 128              		.file 14 "ChibiOS_3.0.2/os/hal/ports/STM32/LLD/GPIOv2/pal_lld.h"
 129              		.file 15 "ChibiOS_3.0.2/os/ext/CMSIS/include/core_cm4.h"
 130              		.file 16 "ChibiOS_3.0.2/os/rt/include/chthreads.h"
 131              		.section	.debug_info,"",%progbits
 132              	.Ldebug_info0:
 133 0000 DB090000 		.4byte	0x9db
 134 0004 0400     		.2byte	0x4
 135 0006 00000000 		.4byte	.Ldebug_abbrev0
 136 000a 04       		.byte	0x4
 137 000b 01       		.uleb128 0x1
 138 000c 62040000 		.4byte	.LASF125
 139 0010 01       		.byte	0x1
 140 0011 4C030000 		.4byte	.LASF126
 141 0015 FA000000 		.4byte	.LASF127
 142 0019 00000000 		.4byte	.Ldebug_ranges0+0
 143 001d 00000000 		.4byte	0
 144 0021 00000000 		.4byte	.Ldebug_line0
 145 0025 02       		.uleb128 0x2
 146 0026 01       		.byte	0x1
 147 0027 06       		.byte	0x6
 148 0028 E9000000 		.4byte	.LASF0
 149 002c 03       		.uleb128 0x3
 150 002d 24000000 		.4byte	.LASF3
 151 0031 02       		.byte	0x2
 152 0032 1D       		.byte	0x1d
 153 0033 37000000 		.4byte	0x37
 154 0037 02       		.uleb128 0x2
 155 0038 01       		.byte	0x1
 156 0039 08       		.byte	0x8
 157 003a 81030000 		.4byte	.LASF1
 158 003e 02       		.uleb128 0x2
 159 003f 02       		.byte	0x2
 160 0040 05       		.byte	0x5
 161 0041 99030000 		.4byte	.LASF2
 162 0045 03       		.uleb128 0x3
 163 0046 57040000 		.4byte	.LASF4
 164 004a 02       		.byte	0x2
 165 004b 2B       		.byte	0x2b
 166 004c 50000000 		.4byte	0x50
 167 0050 02       		.uleb128 0x2
 168 0051 02       		.byte	0x2
 169 0052 07       		.byte	0x7
 170 0053 29020000 		.4byte	.LASF5
 171 0057 03       		.uleb128 0x3
ARM GAS  /tmp/ccH276Of.s 			page 4


 172 0058 7A020000 		.4byte	.LASF6
 173 005c 02       		.byte	0x2
 174 005d 3F       		.byte	0x3f
 175 005e 62000000 		.4byte	0x62
 176 0062 02       		.uleb128 0x2
 177 0063 04       		.byte	0x4
 178 0064 05       		.byte	0x5
 179 0065 65010000 		.4byte	.LASF7
 180 0069 03       		.uleb128 0x3
 181 006a AB050000 		.4byte	.LASF8
 182 006e 02       		.byte	0x2
 183 006f 41       		.byte	0x41
 184 0070 74000000 		.4byte	0x74
 185 0074 02       		.uleb128 0x2
 186 0075 04       		.byte	0x4
 187 0076 07       		.byte	0x7
 188 0077 2E040000 		.4byte	.LASF9
 189 007b 02       		.uleb128 0x2
 190 007c 08       		.byte	0x8
 191 007d 05       		.byte	0x5
 192 007e DB000000 		.4byte	.LASF10
 193 0082 03       		.uleb128 0x3
 194 0083 12030000 		.4byte	.LASF11
 195 0087 02       		.byte	0x2
 196 0088 5B       		.byte	0x5b
 197 0089 8D000000 		.4byte	0x8d
 198 008d 02       		.uleb128 0x2
 199 008e 08       		.byte	0x8
 200 008f 07       		.byte	0x7
 201 0090 6F000000 		.4byte	.LASF12
 202 0094 04       		.uleb128 0x4
 203 0095 04       		.byte	0x4
 204 0096 05       		.byte	0x5
 205 0097 696E7400 		.ascii	"int\000"
 206 009b 02       		.uleb128 0x2
 207 009c 04       		.byte	0x4
 208 009d 07       		.byte	0x7
 209 009e D2010000 		.4byte	.LASF13
 210 00a2 03       		.uleb128 0x3
 211 00a3 2E060000 		.4byte	.LASF14
 212 00a7 03       		.byte	0x3
 213 00a8 14       		.byte	0x14
 214 00a9 2C000000 		.4byte	0x2c
 215 00ad 03       		.uleb128 0x3
 216 00ae E7010000 		.4byte	.LASF15
 217 00b2 03       		.byte	0x3
 218 00b3 1A       		.byte	0x1a
 219 00b4 45000000 		.4byte	0x45
 220 00b8 03       		.uleb128 0x3
 221 00b9 79030000 		.4byte	.LASF16
 222 00bd 03       		.byte	0x3
 223 00be 1F       		.byte	0x1f
 224 00bf 57000000 		.4byte	0x57
 225 00c3 03       		.uleb128 0x3
 226 00c4 06040000 		.4byte	.LASF17
 227 00c8 03       		.byte	0x3
 228 00c9 20       		.byte	0x20
ARM GAS  /tmp/ccH276Of.s 			page 5


 229 00ca 69000000 		.4byte	0x69
 230 00ce 03       		.uleb128 0x3
 231 00cf 1B000000 		.4byte	.LASF18
 232 00d3 03       		.byte	0x3
 233 00d4 26       		.byte	0x26
 234 00d5 82000000 		.4byte	0x82
 235 00d9 02       		.uleb128 0x2
 236 00da 04       		.byte	0x4
 237 00db 04       		.byte	0x4
 238 00dc 22030000 		.4byte	.LASF19
 239 00e0 05       		.uleb128 0x5
 240 00e1 04       		.byte	0x4
 241 00e2 04       		.byte	0x4
 242 00e3 38       		.byte	0x38
 243 00e4 F4000000 		.4byte	0xf4
 244 00e8 06       		.uleb128 0x6
 245 00e9 696400   		.ascii	"id\000"
 246 00ec 04       		.byte	0x4
 247 00ed 39       		.byte	0x39
 248 00ee 94000000 		.4byte	0x94
 249 00f2 00       		.byte	0
 250 00f3 00       		.byte	0
 251 00f4 03       		.uleb128 0x3
 252 00f5 12020000 		.4byte	.LASF20
 253 00f9 04       		.byte	0x4
 254 00fa 3A       		.byte	0x3a
 255 00fb E0000000 		.4byte	0xe0
 256 00ff 03       		.uleb128 0x3
 257 0100 0D000000 		.4byte	.LASF21
 258 0104 05       		.byte	0x5
 259 0105 D4       		.byte	0xd4
 260 0106 9B000000 		.4byte	0x9b
 261 010a 07       		.uleb128 0x7
 262 010b B8000000 		.4byte	0xb8
 263 010f 07       		.uleb128 0x7
 264 0110 C3000000 		.4byte	0xc3
 265 0114 03       		.uleb128 0x3
 266 0115 F0050000 		.4byte	.LASF22
 267 0119 06       		.byte	0x6
 268 011a 45       		.byte	0x45
 269 011b C3000000 		.4byte	0xc3
 270 011f 03       		.uleb128 0x3
 271 0120 58020000 		.4byte	.LASF23
 272 0124 06       		.byte	0x6
 273 0125 48       		.byte	0x48
 274 0126 A2000000 		.4byte	0xa2
 275 012a 03       		.uleb128 0x3
 276 012b 6E010000 		.4byte	.LASF24
 277 012f 06       		.byte	0x6
 278 0130 49       		.byte	0x49
 279 0131 A2000000 		.4byte	0xa2
 280 0135 03       		.uleb128 0x3
 281 0136 2D030000 		.4byte	.LASF25
 282 013a 06       		.byte	0x6
 283 013b 4A       		.byte	0x4a
 284 013c A2000000 		.4byte	0xa2
 285 0140 03       		.uleb128 0x3
ARM GAS  /tmp/ccH276Of.s 			page 6


 286 0141 4B010000 		.4byte	.LASF26
 287 0145 06       		.byte	0x6
 288 0146 4B       		.byte	0x4b
 289 0147 A2000000 		.4byte	0xa2
 290 014b 03       		.uleb128 0x3
 291 014c 5B030000 		.4byte	.LASF27
 292 0150 06       		.byte	0x6
 293 0151 4C       		.byte	0x4c
 294 0152 C3000000 		.4byte	0xc3
 295 0156 03       		.uleb128 0x3
 296 0157 46020000 		.4byte	.LASF28
 297 015b 06       		.byte	0x6
 298 015c 4D       		.byte	0x4d
 299 015d B8000000 		.4byte	0xb8
 300 0161 03       		.uleb128 0x3
 301 0162 6E020000 		.4byte	.LASF29
 302 0166 06       		.byte	0x6
 303 0167 4F       		.byte	0x4f
 304 0168 C3000000 		.4byte	0xc3
 305 016c 03       		.uleb128 0x3
 306 016d CC010000 		.4byte	.LASF30
 307 0171 06       		.byte	0x6
 308 0172 51       		.byte	0x51
 309 0173 B8000000 		.4byte	0xb8
 310 0177 03       		.uleb128 0x3
 311 0178 8D050000 		.4byte	.LASF31
 312 017c 07       		.byte	0x7
 313 017d 33       		.byte	0x33
 314 017e C3000000 		.4byte	0xc3
 315 0182 03       		.uleb128 0x3
 316 0183 1F060000 		.4byte	.LASF32
 317 0187 07       		.byte	0x7
 318 0188 3F       		.byte	0x3f
 319 0189 8D010000 		.4byte	0x18d
 320 018d 08       		.uleb128 0x8
 321 018e 3C020000 		.4byte	.LASF54
 322 0192 48       		.byte	0x48
 323 0193 08       		.byte	0x8
 324 0194 C2       		.byte	0xc2
 325 0195 92020000 		.4byte	0x292
 326 0199 09       		.uleb128 0x9
 327 019a C3030000 		.4byte	.LASF33
 328 019e 08       		.byte	0x8
 329 019f C3       		.byte	0xc3
 330 01a0 9D020000 		.4byte	0x29d
 331 01a4 00       		.byte	0
 332 01a5 09       		.uleb128 0x9
 333 01a6 45030000 		.4byte	.LASF34
 334 01aa 08       		.byte	0x8
 335 01ab C5       		.byte	0xc5
 336 01ac 9D020000 		.4byte	0x29d
 337 01b0 04       		.byte	0x4
 338 01b1 09       		.uleb128 0x9
 339 01b2 D4000000 		.4byte	.LASF35
 340 01b6 08       		.byte	0x8
 341 01b7 C7       		.byte	0xc7
 342 01b8 4B010000 		.4byte	0x14b
ARM GAS  /tmp/ccH276Of.s 			page 7


 343 01bc 08       		.byte	0x8
 344 01bd 09       		.uleb128 0x9
 345 01be 66060000 		.4byte	.LASF36
 346 01c2 08       		.byte	0x8
 347 01c3 C8       		.byte	0xc8
 348 01c4 CD040000 		.4byte	0x4cd
 349 01c8 0C       		.byte	0xc
 350 01c9 09       		.uleb128 0x9
 351 01ca 77010000 		.4byte	.LASF37
 352 01ce 08       		.byte	0x8
 353 01cf CA       		.byte	0xca
 354 01d0 9D020000 		.4byte	0x29d
 355 01d4 10       		.byte	0x10
 356 01d5 09       		.uleb128 0x9
 357 01d6 E1020000 		.4byte	.LASF38
 358 01da 08       		.byte	0x8
 359 01db CB       		.byte	0xcb
 360 01dc 9D020000 		.4byte	0x29d
 361 01e0 14       		.byte	0x14
 362 01e1 09       		.uleb128 0x9
 363 01e2 3D060000 		.4byte	.LASF39
 364 01e6 08       		.byte	0x8
 365 01e7 D2       		.byte	0xd2
 366 01e8 12070000 		.4byte	0x712
 367 01ec 18       		.byte	0x18
 368 01ed 09       		.uleb128 0x9
 369 01ee A3030000 		.4byte	.LASF40
 370 01f2 08       		.byte	0x8
 371 01f3 DD       		.byte	0xdd
 372 01f4 2A010000 		.4byte	0x12a
 373 01f8 1C       		.byte	0x1c
 374 01f9 09       		.uleb128 0x9
 375 01fa CA030000 		.4byte	.LASF41
 376 01fe 08       		.byte	0x8
 377 01ff E1       		.byte	0xe1
 378 0200 1F010000 		.4byte	0x11f
 379 0204 1D       		.byte	0x1d
 380 0205 09       		.uleb128 0x9
 381 0206 18060000 		.4byte	.LASF42
 382 020a 08       		.byte	0x8
 383 020b E6       		.byte	0xe6
 384 020c 35010000 		.4byte	0x135
 385 0210 1E       		.byte	0x1e
 386 0211 09       		.uleb128 0x9
 387 0212 AB030000 		.4byte	.LASF43
 388 0216 08       		.byte	0x8
 389 0217 EC       		.byte	0xec
 390 0218 40010000 		.4byte	0x140
 391 021c 1F       		.byte	0x1f
 392 021d 09       		.uleb128 0x9
 393 021e F0010000 		.4byte	.LASF44
 394 0222 08       		.byte	0x8
 395 0223 F3       		.byte	0xf3
 396 0224 24070000 		.4byte	0x724
 397 0228 20       		.byte	0x20
 398 0229 0A       		.uleb128 0xa
 399 022a 705F7500 		.ascii	"p_u\000"
ARM GAS  /tmp/ccH276Of.s 			page 8


 400 022e 08       		.byte	0x8
 401 022f 3101     		.2byte	0x131
 402 0231 4D060000 		.4byte	0x64d
 403 0235 24       		.byte	0x24
 404 0236 0B       		.uleb128 0xb
 405 0237 9E020000 		.4byte	.LASF45
 406 023b 08       		.byte	0x8
 407 023c 3601     		.2byte	0x136
 408 023e A3020000 		.4byte	0x2a3
 409 0242 28       		.byte	0x28
 410 0243 0B       		.uleb128 0xb
 411 0244 07020000 		.4byte	.LASF46
 412 0248 08       		.byte	0x8
 413 0249 3C01     		.2byte	0x13c
 414 024b C7020000 		.4byte	0x2c7
 415 024f 2C       		.byte	0x2c
 416 0250 0B       		.uleb128 0xb
 417 0251 4F060000 		.4byte	.LASF47
 418 0255 08       		.byte	0x8
 419 0256 4001     		.2byte	0x140
 420 0258 56010000 		.4byte	0x156
 421 025c 34       		.byte	0x34
 422 025d 0B       		.uleb128 0xb
 423 025e F0030000 		.4byte	.LASF48
 424 0262 08       		.byte	0x8
 425 0263 4601     		.2byte	0x146
 426 0265 61010000 		.4byte	0x161
 427 0269 38       		.byte	0x38
 428 026a 0B       		.uleb128 0xb
 429 026b 8F030000 		.4byte	.LASF49
 430 026f 08       		.byte	0x8
 431 0270 4D01     		.2byte	0x14d
 432 0272 0C070000 		.4byte	0x70c
 433 0276 3C       		.byte	0x3c
 434 0277 0B       		.uleb128 0xb
 435 0278 97050000 		.4byte	.LASF50
 436 027c 08       		.byte	0x8
 437 027d 5101     		.2byte	0x151
 438 027f 4B010000 		.4byte	0x14b
 439 0283 40       		.byte	0x40
 440 0284 0B       		.uleb128 0xb
 441 0285 34010000 		.4byte	.LASF51
 442 0289 08       		.byte	0x8
 443 028a 5801     		.2byte	0x158
 444 028c 7A030000 		.4byte	0x37a
 445 0290 44       		.byte	0x44
 446 0291 00       		.byte	0
 447 0292 03       		.uleb128 0x3
 448 0293 B1020000 		.4byte	.LASF52
 449 0297 07       		.byte	0x7
 450 0298 44       		.byte	0x44
 451 0299 9D020000 		.4byte	0x29d
 452 029d 0C       		.uleb128 0xc
 453 029e 04       		.byte	0x4
 454 029f 82010000 		.4byte	0x182
 455 02a3 03       		.uleb128 0x3
 456 02a4 8F020000 		.4byte	.LASF53
ARM GAS  /tmp/ccH276Of.s 			page 9


 457 02a8 07       		.byte	0x7
 458 02a9 49       		.byte	0x49
 459 02aa AE020000 		.4byte	0x2ae
 460 02ae 08       		.uleb128 0x8
 461 02af 1E040000 		.4byte	.LASF55
 462 02b3 04       		.byte	0x4
 463 02b4 08       		.byte	0x8
 464 02b5 B0       		.byte	0xb0
 465 02b6 C7020000 		.4byte	0x2c7
 466 02ba 09       		.uleb128 0x9
 467 02bb C3030000 		.4byte	.LASF33
 468 02bf 08       		.byte	0x8
 469 02c0 B1       		.byte	0xb1
 470 02c1 9D020000 		.4byte	0x29d
 471 02c5 00       		.byte	0
 472 02c6 00       		.byte	0
 473 02c7 03       		.uleb128 0x3
 474 02c8 FF050000 		.4byte	.LASF56
 475 02cc 07       		.byte	0x7
 476 02cd 50       		.byte	0x50
 477 02ce D2020000 		.4byte	0x2d2
 478 02d2 08       		.uleb128 0x8
 479 02d3 C3000000 		.4byte	.LASF57
 480 02d7 08       		.byte	0x8
 481 02d8 08       		.byte	0x8
 482 02d9 B7       		.byte	0xb7
 483 02da F7020000 		.4byte	0x2f7
 484 02de 09       		.uleb128 0x9
 485 02df C3030000 		.4byte	.LASF33
 486 02e3 08       		.byte	0x8
 487 02e4 B8       		.byte	0xb8
 488 02e5 9D020000 		.4byte	0x29d
 489 02e9 00       		.byte	0
 490 02ea 09       		.uleb128 0x9
 491 02eb 45030000 		.4byte	.LASF34
 492 02ef 08       		.byte	0x8
 493 02f0 B9       		.byte	0xb9
 494 02f1 9D020000 		.4byte	0x29d
 495 02f5 04       		.byte	0x4
 496 02f6 00       		.byte	0
 497 02f7 03       		.uleb128 0x3
 498 02f8 00000000 		.4byte	.LASF58
 499 02fc 07       		.byte	0x7
 500 02fd 57       		.byte	0x57
 501 02fe 02030000 		.4byte	0x302
 502 0302 0D       		.uleb128 0xd
 503 0303 60020000 		.4byte	.LASF59
 504 0307 1C       		.byte	0x1c
 505 0308 08       		.byte	0x8
 506 0309 9001     		.2byte	0x190
 507 030b 5E030000 		.4byte	0x35e
 508 030f 0B       		.uleb128 0xb
 509 0310 16040000 		.4byte	.LASF60
 510 0314 08       		.byte	0x8
 511 0315 9101     		.2byte	0x191
 512 0317 C7020000 		.4byte	0x2c7
 513 031b 00       		.byte	0
ARM GAS  /tmp/ccH276Of.s 			page 10


 514 031c 0B       		.uleb128 0xb
 515 031d B5030000 		.4byte	.LASF61
 516 0321 08       		.byte	0x8
 517 0322 9201     		.2byte	0x192
 518 0324 4B010000 		.4byte	0x14b
 519 0328 08       		.byte	0x8
 520 0329 0B       		.uleb128 0xb
 521 032a E9020000 		.4byte	.LASF62
 522 032e 08       		.byte	0x8
 523 032f 9401     		.2byte	0x194
 524 0331 CD040000 		.4byte	0x4cd
 525 0335 0C       		.byte	0xc
 526 0336 0B       		.uleb128 0xb
 527 0337 8F010000 		.4byte	.LASF63
 528 033b 08       		.byte	0x8
 529 033c 9701     		.2byte	0x197
 530 033e 9D020000 		.4byte	0x29d
 531 0342 10       		.byte	0x10
 532 0343 0B       		.uleb128 0xb
 533 0344 0A030000 		.4byte	.LASF64
 534 0348 08       		.byte	0x8
 535 0349 9801     		.2byte	0x198
 536 034b 9D020000 		.4byte	0x29d
 537 034f 14       		.byte	0x14
 538 0350 0B       		.uleb128 0xb
 539 0351 00030000 		.4byte	.LASF65
 540 0355 08       		.byte	0x8
 541 0356 9B01     		.2byte	0x19b
 542 0358 9D020000 		.4byte	0x29d
 543 035c 18       		.byte	0x18
 544 035d 00       		.byte	0
 545 035e 03       		.uleb128 0x3
 546 035f A2050000 		.4byte	.LASF66
 547 0363 07       		.byte	0x7
 548 0364 5C       		.byte	0x5c
 549 0365 69030000 		.4byte	0x369
 550 0369 0C       		.uleb128 0xc
 551 036a 04       		.byte	0x4
 552 036b 6F030000 		.4byte	0x36f
 553 036f 0E       		.uleb128 0xe
 554 0370 7A030000 		.4byte	0x37a
 555 0374 0F       		.uleb128 0xf
 556 0375 7A030000 		.4byte	0x37a
 557 0379 00       		.byte	0
 558 037a 10       		.uleb128 0x10
 559 037b 04       		.byte	0x4
 560 037c 03       		.uleb128 0x3
 561 037d 35030000 		.4byte	.LASF67
 562 0381 07       		.byte	0x7
 563 0382 61       		.byte	0x61
 564 0383 87030000 		.4byte	0x387
 565 0387 0D       		.uleb128 0xd
 566 0388 D2030000 		.4byte	.LASF68
 567 038c 14       		.byte	0x14
 568 038d 08       		.byte	0x8
 569 038e 6B01     		.2byte	0x16b
 570 0390 D6030000 		.4byte	0x3d6
ARM GAS  /tmp/ccH276Of.s 			page 11


 571 0394 0B       		.uleb128 0xb
 572 0395 DF010000 		.4byte	.LASF69
 573 0399 08       		.byte	0x8
 574 039a 6C01     		.2byte	0x16c
 575 039c 29070000 		.4byte	0x729
 576 03a0 00       		.byte	0
 577 03a1 0B       		.uleb128 0xb
 578 03a2 A0010000 		.4byte	.LASF70
 579 03a6 08       		.byte	0x8
 580 03a7 6D01     		.2byte	0x16d
 581 03a9 29070000 		.4byte	0x729
 582 03ad 04       		.byte	0x4
 583 03ae 0B       		.uleb128 0xb
 584 03af FE010000 		.4byte	.LASF71
 585 03b3 08       		.byte	0x8
 586 03b4 6E01     		.2byte	0x16e
 587 03b6 77010000 		.4byte	0x177
 588 03ba 08       		.byte	0x8
 589 03bb 0B       		.uleb128 0xb
 590 03bc 6C060000 		.4byte	.LASF72
 591 03c0 08       		.byte	0x8
 592 03c1 6F01     		.2byte	0x16f
 593 03c3 5E030000 		.4byte	0x35e
 594 03c7 0C       		.byte	0xc
 595 03c8 0B       		.uleb128 0xb
 596 03c9 F8050000 		.4byte	.LASF73
 597 03cd 08       		.byte	0x8
 598 03ce 7101     		.2byte	0x171
 599 03d0 7A030000 		.4byte	0x37a
 600 03d4 10       		.byte	0x10
 601 03d5 00       		.byte	0
 602 03d6 03       		.uleb128 0x3
 603 03d7 A0000000 		.4byte	.LASF74
 604 03db 07       		.byte	0x7
 605 03dc 66       		.byte	0x66
 606 03dd E1030000 		.4byte	0x3e1
 607 03e1 0D       		.uleb128 0xd
 608 03e2 C4020000 		.4byte	.LASF75
 609 03e6 10       		.byte	0x10
 610 03e7 08       		.byte	0x8
 611 03e8 7B01     		.2byte	0x17b
 612 03ea 23040000 		.4byte	0x423
 613 03ee 0B       		.uleb128 0xb
 614 03ef DF010000 		.4byte	.LASF69
 615 03f3 08       		.byte	0x8
 616 03f4 7C01     		.2byte	0x17c
 617 03f6 29070000 		.4byte	0x729
 618 03fa 00       		.byte	0
 619 03fb 0B       		.uleb128 0xb
 620 03fc A0010000 		.4byte	.LASF70
 621 0400 08       		.byte	0x8
 622 0401 7E01     		.2byte	0x17e
 623 0403 29070000 		.4byte	0x729
 624 0407 04       		.byte	0x4
 625 0408 0B       		.uleb128 0xb
 626 0409 FE010000 		.4byte	.LASF71
 627 040d 08       		.byte	0x8
ARM GAS  /tmp/ccH276Of.s 			page 12


 628 040e 8001     		.2byte	0x180
 629 0410 77010000 		.4byte	0x177
 630 0414 08       		.byte	0x8
 631 0415 0B       		.uleb128 0xb
 632 0416 44060000 		.4byte	.LASF76
 633 041a 08       		.byte	0x8
 634 041b 8201     		.2byte	0x182
 635 041d 24070000 		.4byte	0x724
 636 0421 0C       		.byte	0xc
 637 0422 00       		.byte	0
 638 0423 03       		.uleb128 0x3
 639 0424 4D000000 		.4byte	.LASF77
 640 0428 07       		.byte	0x7
 641 0429 6B       		.byte	0x6b
 642 042a 2E040000 		.4byte	0x42e
 643 042e 0D       		.uleb128 0xd
 644 042f 63030000 		.4byte	.LASF78
 645 0433 04       		.byte	0x4
 646 0434 08       		.byte	0x8
 647 0435 A201     		.2byte	0x1a2
 648 0437 49040000 		.4byte	0x449
 649 043b 0B       		.uleb128 0xb
 650 043c B6050000 		.4byte	.LASF79
 651 0440 08       		.byte	0x8
 652 0441 AA01     		.2byte	0x1aa
 653 0443 2F070000 		.4byte	0x72f
 654 0447 00       		.byte	0
 655 0448 00       		.byte	0
 656 0449 03       		.uleb128 0x3
 657 044a 4C020000 		.4byte	.LASF80
 658 044e 07       		.byte	0x7
 659 044f 70       		.byte	0x70
 660 0450 54040000 		.4byte	0x454
 661 0454 11       		.uleb128 0x11
 662 0455 5B010000 		.4byte	.LASF81
 663 0459 5802     		.2byte	0x258
 664 045b 08       		.byte	0x8
 665 045c C201     		.2byte	0x1c2
 666 045e B0040000 		.4byte	0x4b0
 667 0462 0B       		.uleb128 0xb
 668 0463 28060000 		.4byte	.LASF82
 669 0467 08       		.byte	0x8
 670 0468 C601     		.2byte	0x1c6
 671 046a F7020000 		.4byte	0x2f7
 672 046e 00       		.byte	0
 673 046f 0B       		.uleb128 0xb
 674 0470 44010000 		.4byte	.LASF83
 675 0474 08       		.byte	0x8
 676 0475 CA01     		.2byte	0x1ca
 677 0477 D6030000 		.4byte	0x3d6
 678 047b 1C       		.byte	0x1c
 679 047c 0A       		.uleb128 0xa
 680 047d 64626700 		.ascii	"dbg\000"
 681 0481 08       		.byte	0x8
 682 0482 CE01     		.2byte	0x1ce
 683 0484 23040000 		.4byte	0x423
 684 0488 2C       		.byte	0x2c
ARM GAS  /tmp/ccH276Of.s 			page 13


 685 0489 0B       		.uleb128 0xb
 686 048a 95000000 		.4byte	.LASF84
 687 048e 08       		.byte	0x8
 688 048f D201     		.2byte	0x1d2
 689 0491 82010000 		.4byte	0x182
 690 0495 30       		.byte	0x30
 691 0496 0A       		.uleb128 0xa
 692 0497 746D00   		.ascii	"tm\000"
 693 049a 08       		.byte	0x8
 694 049b D701     		.2byte	0x1d7
 695 049d 42060000 		.4byte	0x642
 696 04a1 78       		.byte	0x78
 697 04a2 0B       		.uleb128 0xb
 698 04a3 BD010000 		.4byte	.LASF85
 699 04a7 08       		.byte	0x8
 700 04a8 E301     		.2byte	0x1e3
 701 04aa 34070000 		.4byte	0x734
 702 04ae 80       		.byte	0x80
 703 04af 00       		.byte	0
 704 04b0 02       		.uleb128 0x2
 705 04b1 04       		.byte	0x4
 706 04b2 07       		.byte	0x7
 707 04b3 A8020000 		.4byte	.LASF86
 708 04b7 03       		.uleb128 0x3
 709 04b8 97010000 		.4byte	.LASF87
 710 04bc 09       		.byte	0x9
 711 04bd 65       		.byte	0x65
 712 04be 7A030000 		.4byte	0x37a
 713 04c2 03       		.uleb128 0x3
 714 04c3 84020000 		.4byte	.LASF88
 715 04c7 09       		.byte	0x9
 716 04c8 6D       		.byte	0x6d
 717 04c9 CE000000 		.4byte	0xce
 718 04cd 08       		.uleb128 0x8
 719 04ce D2050000 		.4byte	.LASF89
 720 04d2 04       		.byte	0x4
 721 04d3 09       		.byte	0x9
 722 04d4 89       		.byte	0x89
 723 04d5 E6040000 		.4byte	0x4e6
 724 04d9 06       		.uleb128 0x6
 725 04da 72313300 		.ascii	"r13\000"
 726 04de 09       		.byte	0x9
 727 04df 8A       		.byte	0x8a
 728 04e0 27060000 		.4byte	0x627
 729 04e4 00       		.byte	0
 730 04e5 00       		.byte	0
 731 04e6 08       		.uleb128 0x8
 732 04e7 35000000 		.4byte	.LASF90
 733 04eb 64       		.byte	0x64
 734 04ec 0A       		.byte	0xa
 735 04ed F4       		.byte	0xf4
 736 04ee 27060000 		.4byte	0x627
 737 04f2 06       		.uleb128 0x6
 738 04f3 73313600 		.ascii	"s16\000"
 739 04f7 0A       		.byte	0xa
 740 04f8 F6       		.byte	0xf6
 741 04f9 B7040000 		.4byte	0x4b7
ARM GAS  /tmp/ccH276Of.s 			page 14


 742 04fd 00       		.byte	0
 743 04fe 06       		.uleb128 0x6
 744 04ff 73313700 		.ascii	"s17\000"
 745 0503 0A       		.byte	0xa
 746 0504 F7       		.byte	0xf7
 747 0505 B7040000 		.4byte	0x4b7
 748 0509 04       		.byte	0x4
 749 050a 06       		.uleb128 0x6
 750 050b 73313800 		.ascii	"s18\000"
 751 050f 0A       		.byte	0xa
 752 0510 F8       		.byte	0xf8
 753 0511 B7040000 		.4byte	0x4b7
 754 0515 08       		.byte	0x8
 755 0516 06       		.uleb128 0x6
 756 0517 73313900 		.ascii	"s19\000"
 757 051b 0A       		.byte	0xa
 758 051c F9       		.byte	0xf9
 759 051d B7040000 		.4byte	0x4b7
 760 0521 0C       		.byte	0xc
 761 0522 06       		.uleb128 0x6
 762 0523 73323000 		.ascii	"s20\000"
 763 0527 0A       		.byte	0xa
 764 0528 FA       		.byte	0xfa
 765 0529 B7040000 		.4byte	0x4b7
 766 052d 10       		.byte	0x10
 767 052e 06       		.uleb128 0x6
 768 052f 73323100 		.ascii	"s21\000"
 769 0533 0A       		.byte	0xa
 770 0534 FB       		.byte	0xfb
 771 0535 B7040000 		.4byte	0x4b7
 772 0539 14       		.byte	0x14
 773 053a 06       		.uleb128 0x6
 774 053b 73323200 		.ascii	"s22\000"
 775 053f 0A       		.byte	0xa
 776 0540 FC       		.byte	0xfc
 777 0541 B7040000 		.4byte	0x4b7
 778 0545 18       		.byte	0x18
 779 0546 06       		.uleb128 0x6
 780 0547 73323300 		.ascii	"s23\000"
 781 054b 0A       		.byte	0xa
 782 054c FD       		.byte	0xfd
 783 054d B7040000 		.4byte	0x4b7
 784 0551 1C       		.byte	0x1c
 785 0552 06       		.uleb128 0x6
 786 0553 73323400 		.ascii	"s24\000"
 787 0557 0A       		.byte	0xa
 788 0558 FE       		.byte	0xfe
 789 0559 B7040000 		.4byte	0x4b7
 790 055d 20       		.byte	0x20
 791 055e 06       		.uleb128 0x6
 792 055f 73323500 		.ascii	"s25\000"
 793 0563 0A       		.byte	0xa
 794 0564 FF       		.byte	0xff
 795 0565 B7040000 		.4byte	0x4b7
 796 0569 24       		.byte	0x24
 797 056a 0A       		.uleb128 0xa
 798 056b 73323600 		.ascii	"s26\000"
ARM GAS  /tmp/ccH276Of.s 			page 15


 799 056f 0A       		.byte	0xa
 800 0570 0001     		.2byte	0x100
 801 0572 B7040000 		.4byte	0x4b7
 802 0576 28       		.byte	0x28
 803 0577 0A       		.uleb128 0xa
 804 0578 73323700 		.ascii	"s27\000"
 805 057c 0A       		.byte	0xa
 806 057d 0101     		.2byte	0x101
 807 057f B7040000 		.4byte	0x4b7
 808 0583 2C       		.byte	0x2c
 809 0584 0A       		.uleb128 0xa
 810 0585 73323800 		.ascii	"s28\000"
 811 0589 0A       		.byte	0xa
 812 058a 0201     		.2byte	0x102
 813 058c B7040000 		.4byte	0x4b7
 814 0590 30       		.byte	0x30
 815 0591 0A       		.uleb128 0xa
 816 0592 73323900 		.ascii	"s29\000"
 817 0596 0A       		.byte	0xa
 818 0597 0301     		.2byte	0x103
 819 0599 B7040000 		.4byte	0x4b7
 820 059d 34       		.byte	0x34
 821 059e 0A       		.uleb128 0xa
 822 059f 73333000 		.ascii	"s30\000"
 823 05a3 0A       		.byte	0xa
 824 05a4 0401     		.2byte	0x104
 825 05a6 B7040000 		.4byte	0x4b7
 826 05aa 38       		.byte	0x38
 827 05ab 0A       		.uleb128 0xa
 828 05ac 73333100 		.ascii	"s31\000"
 829 05b0 0A       		.byte	0xa
 830 05b1 0501     		.2byte	0x105
 831 05b3 B7040000 		.4byte	0x4b7
 832 05b7 3C       		.byte	0x3c
 833 05b8 0A       		.uleb128 0xa
 834 05b9 723400   		.ascii	"r4\000"
 835 05bc 0A       		.byte	0xa
 836 05bd 0701     		.2byte	0x107
 837 05bf B7040000 		.4byte	0x4b7
 838 05c3 40       		.byte	0x40
 839 05c4 0A       		.uleb128 0xa
 840 05c5 723500   		.ascii	"r5\000"
 841 05c8 0A       		.byte	0xa
 842 05c9 0801     		.2byte	0x108
 843 05cb B7040000 		.4byte	0x4b7
 844 05cf 44       		.byte	0x44
 845 05d0 0A       		.uleb128 0xa
 846 05d1 723600   		.ascii	"r6\000"
 847 05d4 0A       		.byte	0xa
 848 05d5 0901     		.2byte	0x109
 849 05d7 B7040000 		.4byte	0x4b7
 850 05db 48       		.byte	0x48
 851 05dc 0A       		.uleb128 0xa
 852 05dd 723700   		.ascii	"r7\000"
 853 05e0 0A       		.byte	0xa
 854 05e1 0A01     		.2byte	0x10a
 855 05e3 B7040000 		.4byte	0x4b7
ARM GAS  /tmp/ccH276Of.s 			page 16


 856 05e7 4C       		.byte	0x4c
 857 05e8 0A       		.uleb128 0xa
 858 05e9 723800   		.ascii	"r8\000"
 859 05ec 0A       		.byte	0xa
 860 05ed 0B01     		.2byte	0x10b
 861 05ef B7040000 		.4byte	0x4b7
 862 05f3 50       		.byte	0x50
 863 05f4 0A       		.uleb128 0xa
 864 05f5 723900   		.ascii	"r9\000"
 865 05f8 0A       		.byte	0xa
 866 05f9 0C01     		.2byte	0x10c
 867 05fb B7040000 		.4byte	0x4b7
 868 05ff 54       		.byte	0x54
 869 0600 0A       		.uleb128 0xa
 870 0601 72313000 		.ascii	"r10\000"
 871 0605 0A       		.byte	0xa
 872 0606 0D01     		.2byte	0x10d
 873 0608 B7040000 		.4byte	0x4b7
 874 060c 58       		.byte	0x58
 875 060d 0A       		.uleb128 0xa
 876 060e 72313100 		.ascii	"r11\000"
 877 0612 0A       		.byte	0xa
 878 0613 0E01     		.2byte	0x10e
 879 0615 B7040000 		.4byte	0x4b7
 880 0619 5C       		.byte	0x5c
 881 061a 0A       		.uleb128 0xa
 882 061b 6C7200   		.ascii	"lr\000"
 883 061e 0A       		.byte	0xa
 884 061f 0F01     		.2byte	0x10f
 885 0621 B7040000 		.4byte	0x4b7
 886 0625 60       		.byte	0x60
 887 0626 00       		.byte	0
 888 0627 0C       		.uleb128 0xc
 889 0628 04       		.byte	0x4
 890 0629 E6040000 		.4byte	0x4e6
 891 062d 05       		.uleb128 0x5
 892 062e 04       		.byte	0x4
 893 062f 0B       		.byte	0xb
 894 0630 38       		.byte	0x38
 895 0631 42060000 		.4byte	0x642
 896 0635 09       		.uleb128 0x9
 897 0636 C0050000 		.4byte	.LASF91
 898 063a 0B       		.byte	0xb
 899 063b 3C       		.byte	0x3c
 900 063c 14010000 		.4byte	0x114
 901 0640 00       		.byte	0
 902 0641 00       		.byte	0
 903 0642 03       		.uleb128 0x3
 904 0643 EF020000 		.4byte	.LASF92
 905 0647 0B       		.byte	0xb
 906 0648 3D       		.byte	0x3d
 907 0649 2D060000 		.4byte	0x62d
 908 064d 12       		.uleb128 0x12
 909 064e 04       		.byte	0x4
 910 064f 08       		.byte	0x8
 911 0650 FA       		.byte	0xfa
 912 0651 AA060000 		.4byte	0x6aa
ARM GAS  /tmp/ccH276Of.s 			page 17


 913 0655 13       		.uleb128 0x13
 914 0656 14000000 		.4byte	.LASF93
 915 065a 08       		.byte	0x8
 916 065b 0101     		.2byte	0x101
 917 065d 56010000 		.4byte	0x156
 918 0661 13       		.uleb128 0x13
 919 0662 8C000000 		.4byte	.LASF94
 920 0666 08       		.byte	0x8
 921 0667 0801     		.2byte	0x108
 922 0669 56010000 		.4byte	0x156
 923 066d 13       		.uleb128 0x13
 924 066e 36060000 		.4byte	.LASF95
 925 0672 08       		.byte	0x8
 926 0673 0F01     		.2byte	0x10f
 927 0675 7A030000 		.4byte	0x37a
 928 0679 13       		.uleb128 0x13
 929 067a 55010000 		.4byte	.LASF96
 930 067e 08       		.byte	0x8
 931 067f 1601     		.2byte	0x116
 932 0681 AA060000 		.4byte	0x6aa
 933 0685 13       		.uleb128 0x13
 934 0686 F7010000 		.4byte	.LASF97
 935 068a 08       		.byte	0x8
 936 068b 1E01     		.2byte	0x11e
 937 068d D5060000 		.4byte	0x6d5
 938 0691 13       		.uleb128 0x13
 939 0692 0F040000 		.4byte	.LASF98
 940 0696 08       		.byte	0x8
 941 0697 2701     		.2byte	0x127
 942 0699 0C070000 		.4byte	0x70c
 943 069d 13       		.uleb128 0x13
 944 069e BC030000 		.4byte	.LASF99
 945 06a2 08       		.byte	0x8
 946 06a3 2F01     		.2byte	0x12f
 947 06a5 61010000 		.4byte	0x161
 948 06a9 00       		.byte	0
 949 06aa 0C       		.uleb128 0xc
 950 06ab 04       		.byte	0x4
 951 06ac 92020000 		.4byte	0x292
 952 06b0 08       		.uleb128 0x8
 953 06b1 E3030000 		.4byte	.LASF100
 954 06b5 0C       		.byte	0xc
 955 06b6 0C       		.byte	0xc
 956 06b7 34       		.byte	0x34
 957 06b8 D5060000 		.4byte	0x6d5
 958 06bc 09       		.uleb128 0x9
 959 06bd 7F010000 		.4byte	.LASF101
 960 06c1 0C       		.byte	0xc
 961 06c2 35       		.byte	0x35
 962 06c3 C7020000 		.4byte	0x2c7
 963 06c7 00       		.byte	0
 964 06c8 09       		.uleb128 0x9
 965 06c9 23020000 		.4byte	.LASF102
 966 06cd 0C       		.byte	0xc
 967 06ce 37       		.byte	0x37
 968 06cf 6C010000 		.4byte	0x16c
 969 06d3 08       		.byte	0x8
ARM GAS  /tmp/ccH276Of.s 			page 18


 970 06d4 00       		.byte	0
 971 06d5 0C       		.uleb128 0xc
 972 06d6 04       		.byte	0x4
 973 06d7 B0060000 		.4byte	0x6b0
 974 06db 08       		.uleb128 0x8
 975 06dc 0F060000 		.4byte	.LASF103
 976 06e0 10       		.byte	0x10
 977 06e1 0D       		.byte	0xd
 978 06e2 39       		.byte	0x39
 979 06e3 0C070000 		.4byte	0x70c
 980 06e7 09       		.uleb128 0x9
 981 06e8 3C010000 		.4byte	.LASF104
 982 06ec 0D       		.byte	0xd
 983 06ed 3A       		.byte	0x3a
 984 06ee C7020000 		.4byte	0x2c7
 985 06f2 00       		.byte	0
 986 06f3 09       		.uleb128 0x9
 987 06f4 5E060000 		.4byte	.LASF105
 988 06f8 0D       		.byte	0xd
 989 06f9 3C       		.byte	0x3c
 990 06fa 9D020000 		.4byte	0x29d
 991 06fe 08       		.byte	0x8
 992 06ff 09       		.uleb128 0x9
 993 0700 86050000 		.4byte	.LASF106
 994 0704 0D       		.byte	0xd
 995 0705 3E       		.byte	0x3e
 996 0706 4F070000 		.4byte	0x74f
 997 070a 0C       		.byte	0xc
 998 070b 00       		.byte	0
 999 070c 0C       		.uleb128 0xc
 1000 070d 04       		.byte	0x4
 1001 070e DB060000 		.4byte	0x6db
 1002 0712 0C       		.uleb128 0xc
 1003 0713 04       		.byte	0x4
 1004 0714 18070000 		.4byte	0x718
 1005 0718 14       		.uleb128 0x14
 1006 0719 1D070000 		.4byte	0x71d
 1007 071d 02       		.uleb128 0x2
 1008 071e 01       		.byte	0x1
 1009 071f 08       		.byte	0x8
 1010 0720 40040000 		.4byte	.LASF107
 1011 0724 07       		.uleb128 0x7
 1012 0725 77010000 		.4byte	0x177
 1013 0729 0C       		.uleb128 0xc
 1014 072a 04       		.byte	0x4
 1015 072b 7C030000 		.4byte	0x37c
 1016 072f 07       		.uleb128 0x7
 1017 0730 12070000 		.4byte	0x712
 1018 0734 15       		.uleb128 0x15
 1019 0735 C2040000 		.4byte	0x4c2
 1020 0739 44070000 		.4byte	0x744
 1021 073d 16       		.uleb128 0x16
 1022 073e B0040000 		.4byte	0x4b0
 1023 0742 3A       		.byte	0x3a
 1024 0743 00       		.byte	0
 1025 0744 03       		.uleb128 0x3
 1026 0745 B5010000 		.4byte	.LASF108
ARM GAS  /tmp/ccH276Of.s 			page 19


 1027 0749 0D       		.byte	0xd
 1028 074a 34       		.byte	0x34
 1029 074b DB060000 		.4byte	0x6db
 1030 074f 0C       		.uleb128 0xc
 1031 0750 04       		.byte	0x4
 1032 0751 44070000 		.4byte	0x744
 1033 0755 02       		.uleb128 0x2
 1034 0756 01       		.byte	0x1
 1035 0757 02       		.byte	0x2
 1036 0758 73030000 		.4byte	.LASF109
 1037 075c 05       		.uleb128 0x5
 1038 075d 04       		.byte	0x4
 1039 075e 0E       		.byte	0xe
 1040 075f B3       		.byte	0xb3
 1041 0760 7D070000 		.4byte	0x77d
 1042 0764 06       		.uleb128 0x6
 1043 0765 73657400 		.ascii	"set\000"
 1044 0769 0E       		.byte	0xe
 1045 076a B4       		.byte	0xb4
 1046 076b AD000000 		.4byte	0xad
 1047 076f 00       		.byte	0
 1048 0770 09       		.uleb128 0x9
 1049 0771 DB020000 		.4byte	.LASF110
 1050 0775 0E       		.byte	0xe
 1051 0776 B5       		.byte	0xb5
 1052 0777 AD000000 		.4byte	0xad
 1053 077b 02       		.byte	0x2
 1054 077c 00       		.byte	0
 1055 077d 12       		.uleb128 0x12
 1056 077e 04       		.byte	0x4
 1057 077f 0E       		.byte	0xe
 1058 0780 B1       		.byte	0xb1
 1059 0781 98070000 		.4byte	0x798
 1060 0785 17       		.uleb128 0x17
 1061 0786 5700     		.ascii	"W\000"
 1062 0788 0E       		.byte	0xe
 1063 0789 B2       		.byte	0xb2
 1064 078a C3000000 		.4byte	0xc3
 1065 078e 17       		.uleb128 0x17
 1066 078f 4800     		.ascii	"H\000"
 1067 0791 0E       		.byte	0xe
 1068 0792 B6       		.byte	0xb6
 1069 0793 5C070000 		.4byte	0x75c
 1070 0797 00       		.byte	0
 1071 0798 05       		.uleb128 0x5
 1072 0799 2C       		.byte	0x2c
 1073 079a 0E       		.byte	0xe
 1074 079b A9       		.byte	0xa9
 1075 079c 25080000 		.4byte	0x825
 1076 07a0 09       		.uleb128 0x9
 1077 07a1 69000000 		.4byte	.LASF111
 1078 07a5 0E       		.byte	0xe
 1079 07a6 AB       		.byte	0xab
 1080 07a7 0F010000 		.4byte	0x10f
 1081 07ab 00       		.byte	0
 1082 07ac 09       		.uleb128 0x9
 1083 07ad 2E000000 		.4byte	.LASF112
ARM GAS  /tmp/ccH276Of.s 			page 20


 1084 07b1 0E       		.byte	0xe
 1085 07b2 AC       		.byte	0xac
 1086 07b3 0F010000 		.4byte	0x10f
 1087 07b7 04       		.byte	0x4
 1088 07b8 09       		.uleb128 0x9
 1089 07b9 87010000 		.4byte	.LASF113
 1090 07bd 0E       		.byte	0xe
 1091 07be AD       		.byte	0xad
 1092 07bf 0F010000 		.4byte	0x10f
 1093 07c3 08       		.byte	0x8
 1094 07c4 09       		.uleb128 0x9
 1095 07c5 86000000 		.4byte	.LASF114
 1096 07c9 0E       		.byte	0xe
 1097 07ca AE       		.byte	0xae
 1098 07cb 0F010000 		.4byte	0x10f
 1099 07cf 0C       		.byte	0xc
 1100 07d0 06       		.uleb128 0x6
 1101 07d1 49445200 		.ascii	"IDR\000"
 1102 07d5 0E       		.byte	0xe
 1103 07d6 AF       		.byte	0xaf
 1104 07d7 0F010000 		.4byte	0x10f
 1105 07db 10       		.byte	0x10
 1106 07dc 06       		.uleb128 0x6
 1107 07dd 4F445200 		.ascii	"ODR\000"
 1108 07e1 0E       		.byte	0xe
 1109 07e2 B0       		.byte	0xb0
 1110 07e3 0F010000 		.4byte	0x10f
 1111 07e7 14       		.byte	0x14
 1112 07e8 09       		.uleb128 0x9
 1113 07e9 F5000000 		.4byte	.LASF115
 1114 07ed 0E       		.byte	0xe
 1115 07ee B7       		.byte	0xb7
 1116 07ef 25080000 		.4byte	0x825
 1117 07f3 18       		.byte	0x18
 1118 07f4 09       		.uleb128 0x9
 1119 07f5 1E020000 		.4byte	.LASF116
 1120 07f9 0E       		.byte	0xe
 1121 07fa B8       		.byte	0xb8
 1122 07fb 0F010000 		.4byte	0x10f
 1123 07ff 1C       		.byte	0x1c
 1124 0800 09       		.uleb128 0x9
 1125 0801 28030000 		.4byte	.LASF117
 1126 0805 0E       		.byte	0xe
 1127 0806 B9       		.byte	0xb9
 1128 0807 0F010000 		.4byte	0x10f
 1129 080b 20       		.byte	0x20
 1130 080c 09       		.uleb128 0x9
 1131 080d 1D030000 		.4byte	.LASF118
 1132 0811 0E       		.byte	0xe
 1133 0812 BA       		.byte	0xba
 1134 0813 0F010000 		.4byte	0x10f
 1135 0817 24       		.byte	0x24
 1136 0818 06       		.uleb128 0x6
 1137 0819 42525200 		.ascii	"BRR\000"
 1138 081d 0E       		.byte	0xe
 1139 081e BB       		.byte	0xbb
 1140 081f 0F010000 		.4byte	0x10f
ARM GAS  /tmp/ccH276Of.s 			page 21


 1141 0823 28       		.byte	0x28
 1142 0824 00       		.byte	0
 1143 0825 07       		.uleb128 0x7
 1144 0826 7D070000 		.4byte	0x77d
 1145 082a 03       		.uleb128 0x3
 1146 082b A8010000 		.4byte	.LASF119
 1147 082f 0E       		.byte	0xe
 1148 0830 BC       		.byte	0xbc
 1149 0831 98070000 		.4byte	0x798
 1150 0835 18       		.uleb128 0x18
 1151 0836 5C000000 		.4byte	.LASF120
 1152 083a 0E       		.byte	0xe
 1153 083b 0E01     		.2byte	0x10e
 1154 083d C3000000 		.4byte	0xc3
 1155 0841 18       		.uleb128 0x18
 1156 0842 55060000 		.4byte	.LASF121
 1157 0846 0E       		.byte	0xe
 1158 0847 1301     		.2byte	0x113
 1159 0849 C3000000 		.4byte	0xc3
 1160 084d 18       		.uleb128 0x18
 1161 084e C7050000 		.4byte	.LASF122
 1162 0852 0E       		.byte	0xe
 1163 0853 1B01     		.2byte	0x11b
 1164 0855 59080000 		.4byte	0x859
 1165 0859 0C       		.uleb128 0xc
 1166 085a 04       		.byte	0x4
 1167 085b 2A080000 		.4byte	0x82a
 1168 085f 19       		.uleb128 0x19
 1169 0860 45040000 		.4byte	.LASF128
 1170 0864 01       		.byte	0x1
 1171 0865 21       		.byte	0x21
 1172 0866 00000000 		.4byte	.LFB256
 1173 086a 84000000 		.4byte	.LFE256-.LFB256
 1174 086e 01       		.uleb128 0x1
 1175 086f 9C       		.byte	0x9c
 1176 0870 8D090000 		.4byte	0x98d
 1177 0874 1A       		.uleb128 0x1a
 1178 0875 10000000 		.4byte	.LVL0
 1179 0879 B5090000 		.4byte	0x9b5
 1180 087d 95080000 		.4byte	0x895
 1181 0881 1B       		.uleb128 0x1b
 1182 0882 01       		.uleb128 0x1
 1183 0883 52       		.byte	0x52
 1184 0884 02       		.uleb128 0x2
 1185 0885 08       		.byte	0x8
 1186 0886 20       		.byte	0x20
 1187 0887 1B       		.uleb128 0x1b
 1188 0888 01       		.uleb128 0x1
 1189 0889 51       		.byte	0x51
 1190 088a 03       		.uleb128 0x3
 1191 088b 0A       		.byte	0xa
 1192 088c 0001     		.2byte	0x100
 1193 088e 1B       		.uleb128 0x1b
 1194 088f 01       		.uleb128 0x1
 1195 0890 50       		.byte	0x50
 1196 0891 02       		.uleb128 0x2
 1197 0892 74       		.byte	0x74
ARM GAS  /tmp/ccH276Of.s 			page 22


 1198 0893 00       		.sleb128 0
 1199 0894 00       		.byte	0
 1200 0895 1A       		.uleb128 0x1a
 1201 0896 1C000000 		.4byte	.LVL1
 1202 089a B5090000 		.4byte	0x9b5
 1203 089e B6080000 		.4byte	0x8b6
 1204 08a2 1B       		.uleb128 0x1b
 1205 08a3 01       		.uleb128 0x1
 1206 08a4 52       		.byte	0x52
 1207 08a5 02       		.uleb128 0x2
 1208 08a6 08       		.byte	0x8
 1209 08a7 20       		.byte	0x20
 1210 08a8 1B       		.uleb128 0x1b
 1211 08a9 01       		.uleb128 0x1
 1212 08aa 51       		.byte	0x51
 1213 08ab 03       		.uleb128 0x3
 1214 08ac 0A       		.byte	0xa
 1215 08ad 0002     		.2byte	0x200
 1216 08af 1B       		.uleb128 0x1b
 1217 08b0 01       		.uleb128 0x1
 1218 08b1 50       		.byte	0x50
 1219 08b2 02       		.uleb128 0x2
 1220 08b3 74       		.byte	0x74
 1221 08b4 00       		.sleb128 0
 1222 08b5 00       		.byte	0
 1223 08b6 1A       		.uleb128 0x1a
 1224 08b7 28000000 		.4byte	.LVL2
 1225 08bb B5090000 		.4byte	0x9b5
 1226 08bf D7080000 		.4byte	0x8d7
 1227 08c3 1B       		.uleb128 0x1b
 1228 08c4 01       		.uleb128 0x1
 1229 08c5 52       		.byte	0x52
 1230 08c6 02       		.uleb128 0x2
 1231 08c7 08       		.byte	0x8
 1232 08c8 20       		.byte	0x20
 1233 08c9 1B       		.uleb128 0x1b
 1234 08ca 01       		.uleb128 0x1
 1235 08cb 51       		.byte	0x51
 1236 08cc 03       		.uleb128 0x3
 1237 08cd 0A       		.byte	0xa
 1238 08ce 0004     		.2byte	0x400
 1239 08d0 1B       		.uleb128 0x1b
 1240 08d1 01       		.uleb128 0x1
 1241 08d2 50       		.byte	0x50
 1242 08d3 02       		.uleb128 0x2
 1243 08d4 74       		.byte	0x74
 1244 08d5 00       		.sleb128 0
 1245 08d6 00       		.byte	0
 1246 08d7 1A       		.uleb128 0x1a
 1247 08d8 34000000 		.4byte	.LVL3
 1248 08dc B5090000 		.4byte	0x9b5
 1249 08e0 F8080000 		.4byte	0x8f8
 1250 08e4 1B       		.uleb128 0x1b
 1251 08e5 01       		.uleb128 0x1
 1252 08e6 52       		.byte	0x52
 1253 08e7 02       		.uleb128 0x2
 1254 08e8 08       		.byte	0x8
ARM GAS  /tmp/ccH276Of.s 			page 23


 1255 08e9 20       		.byte	0x20
 1256 08ea 1B       		.uleb128 0x1b
 1257 08eb 01       		.uleb128 0x1
 1258 08ec 51       		.byte	0x51
 1259 08ed 03       		.uleb128 0x3
 1260 08ee 0A       		.byte	0xa
 1261 08ef 0008     		.2byte	0x800
 1262 08f1 1B       		.uleb128 0x1b
 1263 08f2 01       		.uleb128 0x1
 1264 08f3 50       		.byte	0x50
 1265 08f4 02       		.uleb128 0x2
 1266 08f5 74       		.byte	0x74
 1267 08f6 00       		.sleb128 0
 1268 08f7 00       		.byte	0
 1269 08f8 1A       		.uleb128 0x1a
 1270 08f9 40000000 		.4byte	.LVL4
 1271 08fd B5090000 		.4byte	0x9b5
 1272 0901 19090000 		.4byte	0x919
 1273 0905 1B       		.uleb128 0x1b
 1274 0906 01       		.uleb128 0x1
 1275 0907 52       		.byte	0x52
 1276 0908 02       		.uleb128 0x2
 1277 0909 08       		.byte	0x8
 1278 090a 20       		.byte	0x20
 1279 090b 1B       		.uleb128 0x1b
 1280 090c 01       		.uleb128 0x1
 1281 090d 51       		.byte	0x51
 1282 090e 03       		.uleb128 0x3
 1283 090f 0A       		.byte	0xa
 1284 0910 0010     		.2byte	0x1000
 1285 0912 1B       		.uleb128 0x1b
 1286 0913 01       		.uleb128 0x1
 1287 0914 50       		.byte	0x50
 1288 0915 02       		.uleb128 0x2
 1289 0916 74       		.byte	0x74
 1290 0917 00       		.sleb128 0
 1291 0918 00       		.byte	0
 1292 0919 1A       		.uleb128 0x1a
 1293 091a 4C000000 		.4byte	.LVL5
 1294 091e B5090000 		.4byte	0x9b5
 1295 0922 3A090000 		.4byte	0x93a
 1296 0926 1B       		.uleb128 0x1b
 1297 0927 01       		.uleb128 0x1
 1298 0928 52       		.byte	0x52
 1299 0929 02       		.uleb128 0x2
 1300 092a 08       		.byte	0x8
 1301 092b 20       		.byte	0x20
 1302 092c 1B       		.uleb128 0x1b
 1303 092d 01       		.uleb128 0x1
 1304 092e 51       		.byte	0x51
 1305 092f 03       		.uleb128 0x3
 1306 0930 0A       		.byte	0xa
 1307 0931 0020     		.2byte	0x2000
 1308 0933 1B       		.uleb128 0x1b
 1309 0934 01       		.uleb128 0x1
 1310 0935 50       		.byte	0x50
 1311 0936 02       		.uleb128 0x2
ARM GAS  /tmp/ccH276Of.s 			page 24


 1312 0937 74       		.byte	0x74
 1313 0938 00       		.sleb128 0
 1314 0939 00       		.byte	0
 1315 093a 1A       		.uleb128 0x1a
 1316 093b 58000000 		.4byte	.LVL6
 1317 093f B5090000 		.4byte	0x9b5
 1318 0943 5B090000 		.4byte	0x95b
 1319 0947 1B       		.uleb128 0x1b
 1320 0948 01       		.uleb128 0x1
 1321 0949 52       		.byte	0x52
 1322 094a 02       		.uleb128 0x2
 1323 094b 08       		.byte	0x8
 1324 094c 20       		.byte	0x20
 1325 094d 1B       		.uleb128 0x1b
 1326 094e 01       		.uleb128 0x1
 1327 094f 51       		.byte	0x51
 1328 0950 03       		.uleb128 0x3
 1329 0951 0A       		.byte	0xa
 1330 0952 0040     		.2byte	0x4000
 1331 0954 1B       		.uleb128 0x1b
 1332 0955 01       		.uleb128 0x1
 1333 0956 50       		.byte	0x50
 1334 0957 02       		.uleb128 0x2
 1335 0958 74       		.byte	0x74
 1336 0959 00       		.sleb128 0
 1337 095a 00       		.byte	0
 1338 095b 1A       		.uleb128 0x1a
 1339 095c 64000000 		.4byte	.LVL7
 1340 0960 B5090000 		.4byte	0x9b5
 1341 0964 7C090000 		.4byte	0x97c
 1342 0968 1B       		.uleb128 0x1b
 1343 0969 01       		.uleb128 0x1
 1344 096a 52       		.byte	0x52
 1345 096b 02       		.uleb128 0x2
 1346 096c 08       		.byte	0x8
 1347 096d 20       		.byte	0x20
 1348 096e 1B       		.uleb128 0x1b
 1349 096f 01       		.uleb128 0x1
 1350 0970 51       		.byte	0x51
 1351 0971 03       		.uleb128 0x3
 1352 0972 0A       		.byte	0xa
 1353 0973 0080     		.2byte	0x8000
 1354 0975 1B       		.uleb128 0x1b
 1355 0976 01       		.uleb128 0x1
 1356 0977 50       		.byte	0x50
 1357 0978 02       		.uleb128 0x2
 1358 0979 74       		.byte	0x74
 1359 097a 00       		.sleb128 0
 1360 097b 00       		.byte	0
 1361 097c 1C       		.uleb128 0x1c
 1362 097d 6A000000 		.4byte	.LVL8
 1363 0981 D1090000 		.4byte	0x9d1
 1364 0985 1B       		.uleb128 0x1b
 1365 0986 01       		.uleb128 0x1
 1366 0987 50       		.byte	0x50
 1367 0988 02       		.uleb128 0x2
 1368 0989 08       		.byte	0x8
ARM GAS  /tmp/ccH276Of.s 			page 25


 1369 098a 64       		.byte	0x64
 1370 098b 00       		.byte	0
 1371 098c 00       		.byte	0
 1372 098d 1D       		.uleb128 0x1d
 1373 098e 41000000 		.4byte	.LASF123
 1374 0992 01       		.byte	0x1
 1375 0993 1F       		.byte	0x1f
 1376 0994 F4000000 		.4byte	0xf4
 1377 0998 05       		.uleb128 0x5
 1378 0999 03       		.byte	0x3
 1379 099a 00000000 		.4byte	main_config
 1380 099e 1E       		.uleb128 0x1e
 1381 099f B6000000 		.4byte	.LASF124
 1382 09a3 0F       		.byte	0xf
 1383 09a4 A706     		.2byte	0x6a7
 1384 09a6 0A010000 		.4byte	0x10a
 1385 09aa 1F       		.uleb128 0x1f
 1386 09ab 636800   		.ascii	"ch\000"
 1387 09ae 08       		.byte	0x8
 1388 09af 0902     		.2byte	0x209
 1389 09b1 49040000 		.4byte	0x449
 1390 09b5 20       		.uleb128 0x20
 1391 09b6 DA050000 		.4byte	.LASF129
 1392 09ba 0E       		.byte	0xe
 1393 09bb E001     		.2byte	0x1e0
 1394 09bd D1090000 		.4byte	0x9d1
 1395 09c1 0F       		.uleb128 0xf
 1396 09c2 4D080000 		.4byte	0x84d
 1397 09c6 0F       		.uleb128 0xf
 1398 09c7 35080000 		.4byte	0x835
 1399 09cb 0F       		.uleb128 0xf
 1400 09cc 41080000 		.4byte	0x841
 1401 09d0 00       		.byte	0
 1402 09d1 21       		.uleb128 0x21
 1403 09d2 FB030000 		.4byte	.LASF130
 1404 09d6 10       		.byte	0x10
 1405 09d7 96       		.byte	0x96
 1406 09d8 0F       		.uleb128 0xf
 1407 09d9 77010000 		.4byte	0x177
 1408 09dd 00       		.byte	0
 1409 09de 00       		.byte	0
 1410              		.section	.debug_abbrev,"",%progbits
 1411              	.Ldebug_abbrev0:
 1412 0000 01       		.uleb128 0x1
 1413 0001 11       		.uleb128 0x11
 1414 0002 01       		.byte	0x1
 1415 0003 25       		.uleb128 0x25
 1416 0004 0E       		.uleb128 0xe
 1417 0005 13       		.uleb128 0x13
 1418 0006 0B       		.uleb128 0xb
 1419 0007 03       		.uleb128 0x3
 1420 0008 0E       		.uleb128 0xe
 1421 0009 1B       		.uleb128 0x1b
 1422 000a 0E       		.uleb128 0xe
 1423 000b 55       		.uleb128 0x55
 1424 000c 17       		.uleb128 0x17
 1425 000d 11       		.uleb128 0x11
ARM GAS  /tmp/ccH276Of.s 			page 26


 1426 000e 01       		.uleb128 0x1
 1427 000f 10       		.uleb128 0x10
 1428 0010 17       		.uleb128 0x17
 1429 0011 00       		.byte	0
 1430 0012 00       		.byte	0
 1431 0013 02       		.uleb128 0x2
 1432 0014 24       		.uleb128 0x24
 1433 0015 00       		.byte	0
 1434 0016 0B       		.uleb128 0xb
 1435 0017 0B       		.uleb128 0xb
 1436 0018 3E       		.uleb128 0x3e
 1437 0019 0B       		.uleb128 0xb
 1438 001a 03       		.uleb128 0x3
 1439 001b 0E       		.uleb128 0xe
 1440 001c 00       		.byte	0
 1441 001d 00       		.byte	0
 1442 001e 03       		.uleb128 0x3
 1443 001f 16       		.uleb128 0x16
 1444 0020 00       		.byte	0
 1445 0021 03       		.uleb128 0x3
 1446 0022 0E       		.uleb128 0xe
 1447 0023 3A       		.uleb128 0x3a
 1448 0024 0B       		.uleb128 0xb
 1449 0025 3B       		.uleb128 0x3b
 1450 0026 0B       		.uleb128 0xb
 1451 0027 49       		.uleb128 0x49
 1452 0028 13       		.uleb128 0x13
 1453 0029 00       		.byte	0
 1454 002a 00       		.byte	0
 1455 002b 04       		.uleb128 0x4
 1456 002c 24       		.uleb128 0x24
 1457 002d 00       		.byte	0
 1458 002e 0B       		.uleb128 0xb
 1459 002f 0B       		.uleb128 0xb
 1460 0030 3E       		.uleb128 0x3e
 1461 0031 0B       		.uleb128 0xb
 1462 0032 03       		.uleb128 0x3
 1463 0033 08       		.uleb128 0x8
 1464 0034 00       		.byte	0
 1465 0035 00       		.byte	0
 1466 0036 05       		.uleb128 0x5
 1467 0037 13       		.uleb128 0x13
 1468 0038 01       		.byte	0x1
 1469 0039 0B       		.uleb128 0xb
 1470 003a 0B       		.uleb128 0xb
 1471 003b 3A       		.uleb128 0x3a
 1472 003c 0B       		.uleb128 0xb
 1473 003d 3B       		.uleb128 0x3b
 1474 003e 0B       		.uleb128 0xb
 1475 003f 01       		.uleb128 0x1
 1476 0040 13       		.uleb128 0x13
 1477 0041 00       		.byte	0
 1478 0042 00       		.byte	0
 1479 0043 06       		.uleb128 0x6
 1480 0044 0D       		.uleb128 0xd
 1481 0045 00       		.byte	0
 1482 0046 03       		.uleb128 0x3
ARM GAS  /tmp/ccH276Of.s 			page 27


 1483 0047 08       		.uleb128 0x8
 1484 0048 3A       		.uleb128 0x3a
 1485 0049 0B       		.uleb128 0xb
 1486 004a 3B       		.uleb128 0x3b
 1487 004b 0B       		.uleb128 0xb
 1488 004c 49       		.uleb128 0x49
 1489 004d 13       		.uleb128 0x13
 1490 004e 38       		.uleb128 0x38
 1491 004f 0B       		.uleb128 0xb
 1492 0050 00       		.byte	0
 1493 0051 00       		.byte	0
 1494 0052 07       		.uleb128 0x7
 1495 0053 35       		.uleb128 0x35
 1496 0054 00       		.byte	0
 1497 0055 49       		.uleb128 0x49
 1498 0056 13       		.uleb128 0x13
 1499 0057 00       		.byte	0
 1500 0058 00       		.byte	0
 1501 0059 08       		.uleb128 0x8
 1502 005a 13       		.uleb128 0x13
 1503 005b 01       		.byte	0x1
 1504 005c 03       		.uleb128 0x3
 1505 005d 0E       		.uleb128 0xe
 1506 005e 0B       		.uleb128 0xb
 1507 005f 0B       		.uleb128 0xb
 1508 0060 3A       		.uleb128 0x3a
 1509 0061 0B       		.uleb128 0xb
 1510 0062 3B       		.uleb128 0x3b
 1511 0063 0B       		.uleb128 0xb
 1512 0064 01       		.uleb128 0x1
 1513 0065 13       		.uleb128 0x13
 1514 0066 00       		.byte	0
 1515 0067 00       		.byte	0
 1516 0068 09       		.uleb128 0x9
 1517 0069 0D       		.uleb128 0xd
 1518 006a 00       		.byte	0
 1519 006b 03       		.uleb128 0x3
 1520 006c 0E       		.uleb128 0xe
 1521 006d 3A       		.uleb128 0x3a
 1522 006e 0B       		.uleb128 0xb
 1523 006f 3B       		.uleb128 0x3b
 1524 0070 0B       		.uleb128 0xb
 1525 0071 49       		.uleb128 0x49
 1526 0072 13       		.uleb128 0x13
 1527 0073 38       		.uleb128 0x38
 1528 0074 0B       		.uleb128 0xb
 1529 0075 00       		.byte	0
 1530 0076 00       		.byte	0
 1531 0077 0A       		.uleb128 0xa
 1532 0078 0D       		.uleb128 0xd
 1533 0079 00       		.byte	0
 1534 007a 03       		.uleb128 0x3
 1535 007b 08       		.uleb128 0x8
 1536 007c 3A       		.uleb128 0x3a
 1537 007d 0B       		.uleb128 0xb
 1538 007e 3B       		.uleb128 0x3b
 1539 007f 05       		.uleb128 0x5
ARM GAS  /tmp/ccH276Of.s 			page 28


 1540 0080 49       		.uleb128 0x49
 1541 0081 13       		.uleb128 0x13
 1542 0082 38       		.uleb128 0x38
 1543 0083 0B       		.uleb128 0xb
 1544 0084 00       		.byte	0
 1545 0085 00       		.byte	0
 1546 0086 0B       		.uleb128 0xb
 1547 0087 0D       		.uleb128 0xd
 1548 0088 00       		.byte	0
 1549 0089 03       		.uleb128 0x3
 1550 008a 0E       		.uleb128 0xe
 1551 008b 3A       		.uleb128 0x3a
 1552 008c 0B       		.uleb128 0xb
 1553 008d 3B       		.uleb128 0x3b
 1554 008e 05       		.uleb128 0x5
 1555 008f 49       		.uleb128 0x49
 1556 0090 13       		.uleb128 0x13
 1557 0091 38       		.uleb128 0x38
 1558 0092 0B       		.uleb128 0xb
 1559 0093 00       		.byte	0
 1560 0094 00       		.byte	0
 1561 0095 0C       		.uleb128 0xc
 1562 0096 0F       		.uleb128 0xf
 1563 0097 00       		.byte	0
 1564 0098 0B       		.uleb128 0xb
 1565 0099 0B       		.uleb128 0xb
 1566 009a 49       		.uleb128 0x49
 1567 009b 13       		.uleb128 0x13
 1568 009c 00       		.byte	0
 1569 009d 00       		.byte	0
 1570 009e 0D       		.uleb128 0xd
 1571 009f 13       		.uleb128 0x13
 1572 00a0 01       		.byte	0x1
 1573 00a1 03       		.uleb128 0x3
 1574 00a2 0E       		.uleb128 0xe
 1575 00a3 0B       		.uleb128 0xb
 1576 00a4 0B       		.uleb128 0xb
 1577 00a5 3A       		.uleb128 0x3a
 1578 00a6 0B       		.uleb128 0xb
 1579 00a7 3B       		.uleb128 0x3b
 1580 00a8 05       		.uleb128 0x5
 1581 00a9 01       		.uleb128 0x1
 1582 00aa 13       		.uleb128 0x13
 1583 00ab 00       		.byte	0
 1584 00ac 00       		.byte	0
 1585 00ad 0E       		.uleb128 0xe
 1586 00ae 15       		.uleb128 0x15
 1587 00af 01       		.byte	0x1
 1588 00b0 27       		.uleb128 0x27
 1589 00b1 19       		.uleb128 0x19
 1590 00b2 01       		.uleb128 0x1
 1591 00b3 13       		.uleb128 0x13
 1592 00b4 00       		.byte	0
 1593 00b5 00       		.byte	0
 1594 00b6 0F       		.uleb128 0xf
 1595 00b7 05       		.uleb128 0x5
 1596 00b8 00       		.byte	0
ARM GAS  /tmp/ccH276Of.s 			page 29


 1597 00b9 49       		.uleb128 0x49
 1598 00ba 13       		.uleb128 0x13
 1599 00bb 00       		.byte	0
 1600 00bc 00       		.byte	0
 1601 00bd 10       		.uleb128 0x10
 1602 00be 0F       		.uleb128 0xf
 1603 00bf 00       		.byte	0
 1604 00c0 0B       		.uleb128 0xb
 1605 00c1 0B       		.uleb128 0xb
 1606 00c2 00       		.byte	0
 1607 00c3 00       		.byte	0
 1608 00c4 11       		.uleb128 0x11
 1609 00c5 13       		.uleb128 0x13
 1610 00c6 01       		.byte	0x1
 1611 00c7 03       		.uleb128 0x3
 1612 00c8 0E       		.uleb128 0xe
 1613 00c9 0B       		.uleb128 0xb
 1614 00ca 05       		.uleb128 0x5
 1615 00cb 3A       		.uleb128 0x3a
 1616 00cc 0B       		.uleb128 0xb
 1617 00cd 3B       		.uleb128 0x3b
 1618 00ce 05       		.uleb128 0x5
 1619 00cf 01       		.uleb128 0x1
 1620 00d0 13       		.uleb128 0x13
 1621 00d1 00       		.byte	0
 1622 00d2 00       		.byte	0
 1623 00d3 12       		.uleb128 0x12
 1624 00d4 17       		.uleb128 0x17
 1625 00d5 01       		.byte	0x1
 1626 00d6 0B       		.uleb128 0xb
 1627 00d7 0B       		.uleb128 0xb
 1628 00d8 3A       		.uleb128 0x3a
 1629 00d9 0B       		.uleb128 0xb
 1630 00da 3B       		.uleb128 0x3b
 1631 00db 0B       		.uleb128 0xb
 1632 00dc 01       		.uleb128 0x1
 1633 00dd 13       		.uleb128 0x13
 1634 00de 00       		.byte	0
 1635 00df 00       		.byte	0
 1636 00e0 13       		.uleb128 0x13
 1637 00e1 0D       		.uleb128 0xd
 1638 00e2 00       		.byte	0
 1639 00e3 03       		.uleb128 0x3
 1640 00e4 0E       		.uleb128 0xe
 1641 00e5 3A       		.uleb128 0x3a
 1642 00e6 0B       		.uleb128 0xb
 1643 00e7 3B       		.uleb128 0x3b
 1644 00e8 05       		.uleb128 0x5
 1645 00e9 49       		.uleb128 0x49
 1646 00ea 13       		.uleb128 0x13
 1647 00eb 00       		.byte	0
 1648 00ec 00       		.byte	0
 1649 00ed 14       		.uleb128 0x14
 1650 00ee 26       		.uleb128 0x26
 1651 00ef 00       		.byte	0
 1652 00f0 49       		.uleb128 0x49
 1653 00f1 13       		.uleb128 0x13
ARM GAS  /tmp/ccH276Of.s 			page 30


 1654 00f2 00       		.byte	0
 1655 00f3 00       		.byte	0
 1656 00f4 15       		.uleb128 0x15
 1657 00f5 01       		.uleb128 0x1
 1658 00f6 01       		.byte	0x1
 1659 00f7 49       		.uleb128 0x49
 1660 00f8 13       		.uleb128 0x13
 1661 00f9 01       		.uleb128 0x1
 1662 00fa 13       		.uleb128 0x13
 1663 00fb 00       		.byte	0
 1664 00fc 00       		.byte	0
 1665 00fd 16       		.uleb128 0x16
 1666 00fe 21       		.uleb128 0x21
 1667 00ff 00       		.byte	0
 1668 0100 49       		.uleb128 0x49
 1669 0101 13       		.uleb128 0x13
 1670 0102 2F       		.uleb128 0x2f
 1671 0103 0B       		.uleb128 0xb
 1672 0104 00       		.byte	0
 1673 0105 00       		.byte	0
 1674 0106 17       		.uleb128 0x17
 1675 0107 0D       		.uleb128 0xd
 1676 0108 00       		.byte	0
 1677 0109 03       		.uleb128 0x3
 1678 010a 08       		.uleb128 0x8
 1679 010b 3A       		.uleb128 0x3a
 1680 010c 0B       		.uleb128 0xb
 1681 010d 3B       		.uleb128 0x3b
 1682 010e 0B       		.uleb128 0xb
 1683 010f 49       		.uleb128 0x49
 1684 0110 13       		.uleb128 0x13
 1685 0111 00       		.byte	0
 1686 0112 00       		.byte	0
 1687 0113 18       		.uleb128 0x18
 1688 0114 16       		.uleb128 0x16
 1689 0115 00       		.byte	0
 1690 0116 03       		.uleb128 0x3
 1691 0117 0E       		.uleb128 0xe
 1692 0118 3A       		.uleb128 0x3a
 1693 0119 0B       		.uleb128 0xb
 1694 011a 3B       		.uleb128 0x3b
 1695 011b 05       		.uleb128 0x5
 1696 011c 49       		.uleb128 0x49
 1697 011d 13       		.uleb128 0x13
 1698 011e 00       		.byte	0
 1699 011f 00       		.byte	0
 1700 0120 19       		.uleb128 0x19
 1701 0121 2E       		.uleb128 0x2e
 1702 0122 01       		.byte	0x1
 1703 0123 3F       		.uleb128 0x3f
 1704 0124 19       		.uleb128 0x19
 1705 0125 03       		.uleb128 0x3
 1706 0126 0E       		.uleb128 0xe
 1707 0127 3A       		.uleb128 0x3a
 1708 0128 0B       		.uleb128 0xb
 1709 0129 3B       		.uleb128 0x3b
 1710 012a 0B       		.uleb128 0xb
ARM GAS  /tmp/ccH276Of.s 			page 31


 1711 012b 27       		.uleb128 0x27
 1712 012c 19       		.uleb128 0x19
 1713 012d 11       		.uleb128 0x11
 1714 012e 01       		.uleb128 0x1
 1715 012f 12       		.uleb128 0x12
 1716 0130 06       		.uleb128 0x6
 1717 0131 40       		.uleb128 0x40
 1718 0132 18       		.uleb128 0x18
 1719 0133 9742     		.uleb128 0x2117
 1720 0135 19       		.uleb128 0x19
 1721 0136 01       		.uleb128 0x1
 1722 0137 13       		.uleb128 0x13
 1723 0138 00       		.byte	0
 1724 0139 00       		.byte	0
 1725 013a 1A       		.uleb128 0x1a
 1726 013b 898201   		.uleb128 0x4109
 1727 013e 01       		.byte	0x1
 1728 013f 11       		.uleb128 0x11
 1729 0140 01       		.uleb128 0x1
 1730 0141 31       		.uleb128 0x31
 1731 0142 13       		.uleb128 0x13
 1732 0143 01       		.uleb128 0x1
 1733 0144 13       		.uleb128 0x13
 1734 0145 00       		.byte	0
 1735 0146 00       		.byte	0
 1736 0147 1B       		.uleb128 0x1b
 1737 0148 8A8201   		.uleb128 0x410a
 1738 014b 00       		.byte	0
 1739 014c 02       		.uleb128 0x2
 1740 014d 18       		.uleb128 0x18
 1741 014e 9142     		.uleb128 0x2111
 1742 0150 18       		.uleb128 0x18
 1743 0151 00       		.byte	0
 1744 0152 00       		.byte	0
 1745 0153 1C       		.uleb128 0x1c
 1746 0154 898201   		.uleb128 0x4109
 1747 0157 01       		.byte	0x1
 1748 0158 11       		.uleb128 0x11
 1749 0159 01       		.uleb128 0x1
 1750 015a 31       		.uleb128 0x31
 1751 015b 13       		.uleb128 0x13
 1752 015c 00       		.byte	0
 1753 015d 00       		.byte	0
 1754 015e 1D       		.uleb128 0x1d
 1755 015f 34       		.uleb128 0x34
 1756 0160 00       		.byte	0
 1757 0161 03       		.uleb128 0x3
 1758 0162 0E       		.uleb128 0xe
 1759 0163 3A       		.uleb128 0x3a
 1760 0164 0B       		.uleb128 0xb
 1761 0165 3B       		.uleb128 0x3b
 1762 0166 0B       		.uleb128 0xb
 1763 0167 49       		.uleb128 0x49
 1764 0168 13       		.uleb128 0x13
 1765 0169 3F       		.uleb128 0x3f
 1766 016a 19       		.uleb128 0x19
 1767 016b 02       		.uleb128 0x2
ARM GAS  /tmp/ccH276Of.s 			page 32


 1768 016c 18       		.uleb128 0x18
 1769 016d 00       		.byte	0
 1770 016e 00       		.byte	0
 1771 016f 1E       		.uleb128 0x1e
 1772 0170 34       		.uleb128 0x34
 1773 0171 00       		.byte	0
 1774 0172 03       		.uleb128 0x3
 1775 0173 0E       		.uleb128 0xe
 1776 0174 3A       		.uleb128 0x3a
 1777 0175 0B       		.uleb128 0xb
 1778 0176 3B       		.uleb128 0x3b
 1779 0177 05       		.uleb128 0x5
 1780 0178 49       		.uleb128 0x49
 1781 0179 13       		.uleb128 0x13
 1782 017a 3F       		.uleb128 0x3f
 1783 017b 19       		.uleb128 0x19
 1784 017c 3C       		.uleb128 0x3c
 1785 017d 19       		.uleb128 0x19
 1786 017e 00       		.byte	0
 1787 017f 00       		.byte	0
 1788 0180 1F       		.uleb128 0x1f
 1789 0181 34       		.uleb128 0x34
 1790 0182 00       		.byte	0
 1791 0183 03       		.uleb128 0x3
 1792 0184 08       		.uleb128 0x8
 1793 0185 3A       		.uleb128 0x3a
 1794 0186 0B       		.uleb128 0xb
 1795 0187 3B       		.uleb128 0x3b
 1796 0188 05       		.uleb128 0x5
 1797 0189 49       		.uleb128 0x49
 1798 018a 13       		.uleb128 0x13
 1799 018b 3F       		.uleb128 0x3f
 1800 018c 19       		.uleb128 0x19
 1801 018d 3C       		.uleb128 0x3c
 1802 018e 19       		.uleb128 0x19
 1803 018f 00       		.byte	0
 1804 0190 00       		.byte	0
 1805 0191 20       		.uleb128 0x20
 1806 0192 2E       		.uleb128 0x2e
 1807 0193 01       		.byte	0x1
 1808 0194 3F       		.uleb128 0x3f
 1809 0195 19       		.uleb128 0x19
 1810 0196 03       		.uleb128 0x3
 1811 0197 0E       		.uleb128 0xe
 1812 0198 3A       		.uleb128 0x3a
 1813 0199 0B       		.uleb128 0xb
 1814 019a 3B       		.uleb128 0x3b
 1815 019b 05       		.uleb128 0x5
 1816 019c 27       		.uleb128 0x27
 1817 019d 19       		.uleb128 0x19
 1818 019e 3C       		.uleb128 0x3c
 1819 019f 19       		.uleb128 0x19
 1820 01a0 01       		.uleb128 0x1
 1821 01a1 13       		.uleb128 0x13
 1822 01a2 00       		.byte	0
 1823 01a3 00       		.byte	0
 1824 01a4 21       		.uleb128 0x21
ARM GAS  /tmp/ccH276Of.s 			page 33


 1825 01a5 2E       		.uleb128 0x2e
 1826 01a6 01       		.byte	0x1
 1827 01a7 3F       		.uleb128 0x3f
 1828 01a8 19       		.uleb128 0x19
 1829 01a9 03       		.uleb128 0x3
 1830 01aa 0E       		.uleb128 0xe
 1831 01ab 3A       		.uleb128 0x3a
 1832 01ac 0B       		.uleb128 0xb
 1833 01ad 3B       		.uleb128 0x3b
 1834 01ae 0B       		.uleb128 0xb
 1835 01af 27       		.uleb128 0x27
 1836 01b0 19       		.uleb128 0x19
 1837 01b1 3C       		.uleb128 0x3c
 1838 01b2 19       		.uleb128 0x19
 1839 01b3 00       		.byte	0
 1840 01b4 00       		.byte	0
 1841 01b5 00       		.byte	0
 1842              		.section	.debug_aranges,"",%progbits
 1843 0000 1C000000 		.4byte	0x1c
 1844 0004 0200     		.2byte	0x2
 1845 0006 00000000 		.4byte	.Ldebug_info0
 1846 000a 04       		.byte	0x4
 1847 000b 00       		.byte	0
 1848 000c 0000     		.2byte	0
 1849 000e 0000     		.2byte	0
 1850 0010 00000000 		.4byte	.LFB256
 1851 0014 84000000 		.4byte	.LFE256-.LFB256
 1852 0018 00000000 		.4byte	0
 1853 001c 00000000 		.4byte	0
 1854              		.section	.debug_ranges,"",%progbits
 1855              	.Ldebug_ranges0:
 1856 0000 00000000 		.4byte	.LFB256
 1857 0004 84000000 		.4byte	.LFE256
 1858 0008 00000000 		.4byte	0
 1859 000c 00000000 		.4byte	0
 1860              		.section	.debug_line,"",%progbits
 1861              	.Ldebug_line0:
 1862 0000 35020000 		.section	.debug_str,"MS",%progbits,1
 1862      02001602 
 1862      00000201 
 1862      FB0E0D00 
 1862      01010101 
 1863              	.LASF58:
 1864 0000 72656164 		.ascii	"ready_list_t\000"
 1864      795F6C69 
 1864      73745F74 
 1864      00
 1865              	.LASF21:
 1866 000d 73697A65 		.ascii	"size_t\000"
 1866      5F7400
 1867              	.LASF93:
 1868 0014 7264796D 		.ascii	"rdymsg\000"
 1868      736700
 1869              	.LASF18:
 1870 001b 75696E74 		.ascii	"uint64_t\000"
 1870      36345F74 
 1870      00
ARM GAS  /tmp/ccH276Of.s 			page 34


 1871              	.LASF3:
 1872 0024 5F5F7569 		.ascii	"__uint8_t\000"
 1872      6E74385F 
 1872      7400
 1873              	.LASF112:
 1874 002e 4F545950 		.ascii	"OTYPER\000"
 1874      455200
 1875              	.LASF90:
 1876 0035 706F7274 		.ascii	"port_intctx\000"
 1876      5F696E74 
 1876      63747800 
 1877              	.LASF123:
 1878 0041 6D61696E 		.ascii	"main_config\000"
 1878      5F636F6E 
 1878      66696700 
 1879              	.LASF77:
 1880 004d 73797374 		.ascii	"system_debug_t\000"
 1880      656D5F64 
 1880      65627567 
 1880      5F7400
 1881              	.LASF120:
 1882 005c 696F706F 		.ascii	"ioportmask_t\000"
 1882      72746D61 
 1882      736B5F74 
 1882      00
 1883              	.LASF111:
 1884 0069 4D4F4445 		.ascii	"MODER\000"
 1884      5200
 1885              	.LASF12:
 1886 006f 6C6F6E67 		.ascii	"long long unsigned int\000"
 1886      206C6F6E 
 1886      6720756E 
 1886      7369676E 
 1886      65642069 
 1887              	.LASF114:
 1888 0086 50555044 		.ascii	"PUPDR\000"
 1888      5200
 1889              	.LASF94:
 1890 008c 65786974 		.ascii	"exitcode\000"
 1890      636F6465 
 1890      00
 1891              	.LASF84:
 1892 0095 6D61696E 		.ascii	"mainthread\000"
 1892      74687265 
 1892      616400
 1893              	.LASF74:
 1894 00a0 76697274 		.ascii	"virtual_timers_list_t\000"
 1894      75616C5F 
 1894      74696D65 
 1894      72735F6C 
 1894      6973745F 
 1895              	.LASF124:
 1896 00b6 49544D5F 		.ascii	"ITM_RxBuffer\000"
 1896      52784275 
 1896      66666572 
 1896      00
 1897              	.LASF57:
ARM GAS  /tmp/ccH276Of.s 			page 35


 1898 00c3 63685F74 		.ascii	"ch_threads_queue\000"
 1898      68726561 
 1898      64735F71 
 1898      75657565 
 1898      00
 1899              	.LASF35:
 1900 00d4 705F7072 		.ascii	"p_prio\000"
 1900      696F00
 1901              	.LASF10:
 1902 00db 6C6F6E67 		.ascii	"long long int\000"
 1902      206C6F6E 
 1902      6720696E 
 1902      7400
 1903              	.LASF0:
 1904 00e9 7369676E 		.ascii	"signed char\000"
 1904      65642063 
 1904      68617200 
 1905              	.LASF115:
 1906 00f5 42535252 		.ascii	"BSRR\000"
 1906      00
 1907              	.LASF127:
 1908 00fa 2F686F6D 		.ascii	"/home/benjamin/Skrivbord/SP-RCCar/Embedded/RC_Contr"
 1908      652F6265 
 1908      6E6A616D 
 1908      696E2F53 
 1908      6B726976 
 1909 012d 6F6C6C65 		.ascii	"oller/\000"
 1909      722F00
 1910              	.LASF51:
 1911 0134 705F6D70 		.ascii	"p_mpool\000"
 1911      6F6F6C00 
 1912              	.LASF104:
 1913 013c 6D5F7175 		.ascii	"m_queue\000"
 1913      65756500 
 1914              	.LASF83:
 1915 0144 76746C69 		.ascii	"vtlist\000"
 1915      737400
 1916              	.LASF26:
 1917 014b 74736C69 		.ascii	"tslices_t\000"
 1917      6365735F 
 1917      7400
 1918              	.LASF96:
 1919 0155 77747472 		.ascii	"wttrp\000"
 1919      7000
 1920              	.LASF81:
 1921 015b 63685F73 		.ascii	"ch_system\000"
 1921      79737465 
 1921      6D00
 1922              	.LASF7:
 1923 0165 6C6F6E67 		.ascii	"long int\000"
 1923      20696E74 
 1923      00
 1924              	.LASF24:
 1925 016e 74737461 		.ascii	"tstate_t\000"
 1925      74655F74 
 1925      00
 1926              	.LASF37:
ARM GAS  /tmp/ccH276Of.s 			page 36


 1927 0177 705F6E65 		.ascii	"p_newer\000"
 1927      77657200 
 1928              	.LASF101:
 1929 017f 735F7175 		.ascii	"s_queue\000"
 1929      65756500 
 1930              	.LASF113:
 1931 0187 4F535045 		.ascii	"OSPEEDR\000"
 1931      45445200 
 1932              	.LASF63:
 1933 018f 725F6E65 		.ascii	"r_newer\000"
 1933      77657200 
 1934              	.LASF87:
 1935 0197 72656761 		.ascii	"regarm_t\000"
 1935      726D5F74 
 1935      00
 1936              	.LASF70:
 1937 01a0 76745F70 		.ascii	"vt_prev\000"
 1937      72657600 
 1938              	.LASF119:
 1939 01a8 73746D33 		.ascii	"stm32_gpio_t\000"
 1939      325F6770 
 1939      696F5F74 
 1939      00
 1940              	.LASF108:
 1941 01b5 6D757465 		.ascii	"mutex_t\000"
 1941      785F7400 
 1942              	.LASF85:
 1943 01bd 69646C65 		.ascii	"idle_thread_wa\000"
 1943      5F746872 
 1943      6561645F 
 1943      776100
 1944              	.LASF30:
 1945 01cc 636E745F 		.ascii	"cnt_t\000"
 1945      7400
 1946              	.LASF13:
 1947 01d2 756E7369 		.ascii	"unsigned int\000"
 1947      676E6564 
 1947      20696E74 
 1947      00
 1948              	.LASF69:
 1949 01df 76745F6E 		.ascii	"vt_next\000"
 1949      65787400 
 1950              	.LASF15:
 1951 01e7 75696E74 		.ascii	"uint16_t\000"
 1951      31365F74 
 1951      00
 1952              	.LASF44:
 1953 01f0 705F7469 		.ascii	"p_time\000"
 1953      6D6500
 1954              	.LASF97:
 1955 01f7 77747365 		.ascii	"wtsemp\000"
 1955      6D7000
 1956              	.LASF71:
 1957 01fe 76745F64 		.ascii	"vt_delta\000"
 1957      656C7461 
 1957      00
 1958              	.LASF46:
ARM GAS  /tmp/ccH276Of.s 			page 37


 1959 0207 705F6D73 		.ascii	"p_msgqueue\000"
 1959      67717565 
 1959      756500
 1960              	.LASF20:
 1961 0212 4D41494E 		.ascii	"MAIN_CONFIG\000"
 1961      5F434F4E 
 1961      46494700 
 1962              	.LASF116:
 1963 021e 4C434B52 		.ascii	"LCKR\000"
 1963      00
 1964              	.LASF102:
 1965 0223 735F636E 		.ascii	"s_cnt\000"
 1965      7400
 1966              	.LASF5:
 1967 0229 73686F72 		.ascii	"short unsigned int\000"
 1967      7420756E 
 1967      7369676E 
 1967      65642069 
 1967      6E7400
 1968              	.LASF54:
 1969 023c 63685F74 		.ascii	"ch_thread\000"
 1969      68726561 
 1969      6400
 1970              	.LASF28:
 1971 0246 6D73675F 		.ascii	"msg_t\000"
 1971      7400
 1972              	.LASF80:
 1973 024c 63685F73 		.ascii	"ch_system_t\000"
 1973      79737465 
 1973      6D5F7400 
 1974              	.LASF23:
 1975 0258 746D6F64 		.ascii	"tmode_t\000"
 1975      655F7400 
 1976              	.LASF59:
 1977 0260 63685F72 		.ascii	"ch_ready_list\000"
 1977      65616479 
 1977      5F6C6973 
 1977      7400
 1978              	.LASF29:
 1979 026e 6576656E 		.ascii	"eventmask_t\000"
 1979      746D6173 
 1979      6B5F7400 
 1980              	.LASF6:
 1981 027a 5F5F696E 		.ascii	"__int32_t\000"
 1981      7433325F 
 1981      7400
 1982              	.LASF88:
 1983 0284 73746B61 		.ascii	"stkalign_t\000"
 1983      6C69676E 
 1983      5F7400
 1984              	.LASF53:
 1985 028f 74687265 		.ascii	"threads_list_t\000"
 1985      6164735F 
 1985      6C697374 
 1985      5F7400
 1986              	.LASF45:
 1987 029e 705F7761 		.ascii	"p_waiting\000"
ARM GAS  /tmp/ccH276Of.s 			page 38


 1987      6974696E 
 1987      6700
 1988              	.LASF86:
 1989 02a8 73697A65 		.ascii	"sizetype\000"
 1989      74797065 
 1989      00
 1990              	.LASF52:
 1991 02b1 74687265 		.ascii	"thread_reference_t\000"
 1991      61645F72 
 1991      65666572 
 1991      656E6365 
 1991      5F7400
 1992              	.LASF75:
 1993 02c4 63685F76 		.ascii	"ch_virtual_timers_list\000"
 1993      69727475 
 1993      616C5F74 
 1993      696D6572 
 1993      735F6C69 
 1994              	.LASF110:
 1995 02db 636C6561 		.ascii	"clear\000"
 1995      7200
 1996              	.LASF38:
 1997 02e1 705F6F6C 		.ascii	"p_older\000"
 1997      64657200 
 1998              	.LASF62:
 1999 02e9 725F6374 		.ascii	"r_ctx\000"
 1999      7800
 2000              	.LASF92:
 2001 02ef 746D5F63 		.ascii	"tm_calibration_t\000"
 2001      616C6962 
 2001      72617469 
 2001      6F6E5F74 
 2001      00
 2002              	.LASF65:
 2003 0300 725F6375 		.ascii	"r_current\000"
 2003      7272656E 
 2003      7400
 2004              	.LASF64:
 2005 030a 725F6F6C 		.ascii	"r_older\000"
 2005      64657200 
 2006              	.LASF11:
 2007 0312 5F5F7569 		.ascii	"__uint64_t\000"
 2007      6E743634 
 2007      5F7400
 2008              	.LASF118:
 2009 031d 41465248 		.ascii	"AFRH\000"
 2009      00
 2010              	.LASF19:
 2011 0322 666C6F61 		.ascii	"float\000"
 2011      7400
 2012              	.LASF117:
 2013 0328 4146524C 		.ascii	"AFRL\000"
 2013      00
 2014              	.LASF25:
 2015 032d 74726566 		.ascii	"trefs_t\000"
 2015      735F7400 
 2016              	.LASF67:
ARM GAS  /tmp/ccH276Of.s 			page 39


 2017 0335 76697274 		.ascii	"virtual_timer_t\000"
 2017      75616C5F 
 2017      74696D65 
 2017      725F7400 
 2018              	.LASF34:
 2019 0345 705F7072 		.ascii	"p_prev\000"
 2019      657600
 2020              	.LASF126:
 2021 034c 636F6E66 		.ascii	"conf_general.c\000"
 2021      5F67656E 
 2021      6572616C 
 2021      2E6300
 2022              	.LASF27:
 2023 035b 74707269 		.ascii	"tprio_t\000"
 2023      6F5F7400 
 2024              	.LASF78:
 2025 0363 63685F73 		.ascii	"ch_system_debug\000"
 2025      79737465 
 2025      6D5F6465 
 2025      62756700 
 2026              	.LASF109:
 2027 0373 5F426F6F 		.ascii	"_Bool\000"
 2027      6C00
 2028              	.LASF16:
 2029 0379 696E7433 		.ascii	"int32_t\000"
 2029      325F7400 
 2030              	.LASF1:
 2031 0381 756E7369 		.ascii	"unsigned char\000"
 2031      676E6564 
 2031      20636861 
 2031      7200
 2032              	.LASF49:
 2033 038f 705F6D74 		.ascii	"p_mtxlist\000"
 2033      786C6973 
 2033      7400
 2034              	.LASF2:
 2035 0399 73686F72 		.ascii	"short int\000"
 2035      7420696E 
 2035      7400
 2036              	.LASF40:
 2037 03a3 705F7374 		.ascii	"p_state\000"
 2037      61746500 
 2038              	.LASF43:
 2039 03ab 705F7072 		.ascii	"p_preempt\000"
 2039      65656D70 
 2039      7400
 2040              	.LASF61:
 2041 03b5 725F7072 		.ascii	"r_prio\000"
 2041      696F00
 2042              	.LASF99:
 2043 03bc 65776D61 		.ascii	"ewmask\000"
 2043      736B00
 2044              	.LASF33:
 2045 03c3 705F6E65 		.ascii	"p_next\000"
 2045      787400
 2046              	.LASF41:
 2047 03ca 705F666C 		.ascii	"p_flags\000"
ARM GAS  /tmp/ccH276Of.s 			page 40


 2047      61677300 
 2048              	.LASF68:
 2049 03d2 63685F76 		.ascii	"ch_virtual_timer\000"
 2049      69727475 
 2049      616C5F74 
 2049      696D6572 
 2049      00
 2050              	.LASF100:
 2051 03e3 63685F73 		.ascii	"ch_semaphore\000"
 2051      656D6170 
 2051      686F7265 
 2051      00
 2052              	.LASF48:
 2053 03f0 705F6570 		.ascii	"p_epending\000"
 2053      656E6469 
 2053      6E6700
 2054              	.LASF130:
 2055 03fb 63685468 		.ascii	"chThdSleep\000"
 2055      64536C65 
 2055      657000
 2056              	.LASF17:
 2057 0406 75696E74 		.ascii	"uint32_t\000"
 2057      33325F74 
 2057      00
 2058              	.LASF98:
 2059 040f 77746D74 		.ascii	"wtmtxp\000"
 2059      787000
 2060              	.LASF60:
 2061 0416 725F7175 		.ascii	"r_queue\000"
 2061      65756500 
 2062              	.LASF55:
 2063 041e 63685F74 		.ascii	"ch_threads_list\000"
 2063      68726561 
 2063      64735F6C 
 2063      69737400 
 2064              	.LASF9:
 2065 042e 6C6F6E67 		.ascii	"long unsigned int\000"
 2065      20756E73 
 2065      69676E65 
 2065      6420696E 
 2065      7400
 2066              	.LASF107:
 2067 0440 63686172 		.ascii	"char\000"
 2067      00
 2068              	.LASF128:
 2069 0445 636F6E66 		.ascii	"conf_general_init\000"
 2069      5F67656E 
 2069      6572616C 
 2069      5F696E69 
 2069      7400
 2070              	.LASF4:
 2071 0457 5F5F7569 		.ascii	"__uint16_t\000"
 2071      6E743136 
 2071      5F7400
 2072              	.LASF125:
 2073 0462 474E5520 		.ascii	"GNU C 4.9.3 20150529 (release) [ARM/embedded-4_9-br"
 2073      4320342E 
ARM GAS  /tmp/ccH276Of.s 			page 41


 2073      392E3320 
 2073      32303135 
 2073      30353239 
 2074 0495 616E6368 		.ascii	"anch revision 227977] -mcpu=cortex-m4 -mfloat-abi=h"
 2074      20726576 
 2074      6973696F 
 2074      6E203232 
 2074      37393737 
 2075 04c8 61726420 		.ascii	"ard -mfpu=fpv4-sp-d16 -mno-thumb-interwork -mthumb "
 2075      2D6D6670 
 2075      753D6670 
 2075      76342D73 
 2075      702D6431 
 2076 04fb 2D676764 		.ascii	"-ggdb -O2 -std=gnu99 -fomit-frame-pointer -falign-f"
 2076      62202D4F 
 2076      32202D73 
 2076      74643D67 
 2076      6E753939 
 2077 052e 756E6374 		.ascii	"unctions=16 -ffunction-sections -fdata-sections -fn"
 2077      696F6E73 
 2077      3D313620 
 2077      2D666675 
 2077      6E637469 
 2078 0561 6F2D636F 		.ascii	"o-common -fsingle-precision-constant\000"
 2078      6D6D6F6E 
 2078      202D6673 
 2078      696E676C 
 2078      652D7072 
 2079              	.LASF106:
 2080 0586 6D5F6E65 		.ascii	"m_next\000"
 2080      787400
 2081              	.LASF31:
 2082 058d 73797374 		.ascii	"systime_t\000"
 2082      696D655F 
 2082      7400
 2083              	.LASF50:
 2084 0597 705F7265 		.ascii	"p_realprio\000"
 2084      616C7072 
 2084      696F00
 2085              	.LASF66:
 2086 05a2 76746675 		.ascii	"vtfunc_t\000"
 2086      6E635F74 
 2086      00
 2087              	.LASF8:
 2088 05ab 5F5F7569 		.ascii	"__uint32_t\000"
 2088      6E743332 
 2088      5F7400
 2089              	.LASF79:
 2090 05b6 70616E69 		.ascii	"panic_msg\000"
 2090      635F6D73 
 2090      6700
 2091              	.LASF91:
 2092 05c0 6F666673 		.ascii	"offset\000"
 2092      657400
 2093              	.LASF122:
 2094 05c7 696F706F 		.ascii	"ioportid_t\000"
 2094      72746964 
ARM GAS  /tmp/ccH276Of.s 			page 42


 2094      5F7400
 2095              	.LASF89:
 2096 05d2 636F6E74 		.ascii	"context\000"
 2096      65787400 
 2097              	.LASF129:
 2098 05da 5F70616C 		.ascii	"_pal_lld_setgroupmode\000"
 2098      5F6C6C64 
 2098      5F736574 
 2098      67726F75 
 2098      706D6F64 
 2099              	.LASF22:
 2100 05f0 7274636E 		.ascii	"rtcnt_t\000"
 2100      745F7400 
 2101              	.LASF73:
 2102 05f8 76745F70 		.ascii	"vt_par\000"
 2102      617200
 2103              	.LASF56:
 2104 05ff 74687265 		.ascii	"threads_queue_t\000"
 2104      6164735F 
 2104      71756575 
 2104      655F7400 
 2105              	.LASF103:
 2106 060f 63685F6D 		.ascii	"ch_mutex\000"
 2106      75746578 
 2106      00
 2107              	.LASF42:
 2108 0618 705F7265 		.ascii	"p_refs\000"
 2108      667300
 2109              	.LASF32:
 2110 061f 74687265 		.ascii	"thread_t\000"
 2110      61645F74 
 2110      00
 2111              	.LASF82:
 2112 0628 726C6973 		.ascii	"rlist\000"
 2112      7400
 2113              	.LASF14:
 2114 062e 75696E74 		.ascii	"uint8_t\000"
 2114      385F7400 
 2115              	.LASF95:
 2116 0636 77746F62 		.ascii	"wtobjp\000"
 2116      6A7000
 2117              	.LASF39:
 2118 063d 705F6E61 		.ascii	"p_name\000"
 2118      6D6500
 2119              	.LASF76:
 2120 0644 76745F73 		.ascii	"vt_systime\000"
 2120      79737469 
 2120      6D6500
 2121              	.LASF47:
 2122 064f 705F6D73 		.ascii	"p_msg\000"
 2122      6700
 2123              	.LASF121:
 2124 0655 696F6D6F 		.ascii	"iomode_t\000"
 2124      64655F74 
 2124      00
 2125              	.LASF105:
 2126 065e 6D5F6F77 		.ascii	"m_owner\000"
ARM GAS  /tmp/ccH276Of.s 			page 43


 2126      6E657200 
 2127              	.LASF36:
 2128 0666 705F6374 		.ascii	"p_ctx\000"
 2128      7800
 2129              	.LASF72:
 2130 066c 76745F66 		.ascii	"vt_func\000"
 2130      756E6300 
 2131              		.ident	"GCC: (GNU Tools for ARM Embedded Processors) 4.9.3 20150529 (release) [ARM/embedded-4_9-br
ARM GAS  /tmp/ccH276Of.s 			page 44


DEFINED SYMBOLS
                            *ABS*:0000000000000000 conf_general.c
     /tmp/ccH276Of.s:21     .text.conf_general_init:0000000000000000 $t
     /tmp/ccH276Of.s:27     .text.conf_general_init:0000000000000000 conf_general_init
     /tmp/ccH276Of.s:101    .text.conf_general_init:000000000000007c $d
     /tmp/ccH276Of.s:112    .bss.main_config:0000000000000000 main_config
     /tmp/ccH276Of.s:108    .bss.main_config:0000000000000000 $d
                     .debug_frame:0000000000000010 $d

UNDEFINED SYMBOLS
_pal_lld_setgroupmode
chThdSleep
