ARM GAS  /tmp/ccSNPybX.s 			page 1


   1              		.syntax unified
   2              		.cpu cortex-m4
   3              		.eabi_attribute 27, 1
   4              		.eabi_attribute 28, 1
   5              		.fpu fpv4-sp-d16
   6              		.eabi_attribute 20, 1
   7              		.eabi_attribute 21, 1
   8              		.eabi_attribute 23, 3
   9              		.eabi_attribute 24, 1
  10              		.eabi_attribute 25, 1
  11              		.eabi_attribute 26, 1
  12              		.eabi_attribute 30, 2
  13              		.eabi_attribute 34, 1
  14              		.eabi_attribute 18, 4
  15              		.thumb
  16              		.file	"crt1.c"
  17              		.text
  18              	.Ltext0:
  19              		.cfi_sections	.debug_frame
  20              		.section	.text.__core_init,"ax",%progbits
  21              		.align	2
  22              		.p2align 4,,15
  23              		.weak	__core_init
  24              		.thumb
  25              		.thumb_func
  26              		.type	__core_init, %function
  27              	__core_init:
  28              	.LFB112:
  29              		.file 1 "ChibiOS_3.0.2/os/common/ports/ARMCMx/compilers/GCC/crt1.c"
  30              		.loc 1 42 0
  31              		.cfi_startproc
  32              		@ args = 0, pretend = 0, frame = 0
  33              		@ frame_needed = 0, uses_anonymous_args = 0
  34              		@ link register save eliminated.
  35 0000 7047     		bx	lr
  36              		.cfi_endproc
  37              	.LFE112:
  38              		.size	__core_init, .-__core_init
  39 0002 00BF     		.section	.text.__early_init,"ax",%progbits
  40              		.align	2
  41              		.p2align 4,,15
  42              		.weak	__early_init
  43              		.thumb
  44              		.thumb_func
  45              		.type	__early_init, %function
  46              	__early_init:
  47              	.LFB113:
  48              		.loc 1 61 0
  49              		.cfi_startproc
  50              		@ args = 0, pretend = 0, frame = 0
  51              		@ frame_needed = 0, uses_anonymous_args = 0
  52              		@ link register save eliminated.
  53 0000 7047     		bx	lr
  54              		.cfi_endproc
  55              	.LFE113:
  56              		.size	__early_init, .-__early_init
  57 0002 00BF     		.section	.text.__late_init,"ax",%progbits
ARM GAS  /tmp/ccSNPybX.s 			page 2


  58              		.align	2
  59              		.p2align 4,,15
  60              		.weak	__late_init
  61              		.thumb
  62              		.thumb_func
  63              		.type	__late_init, %function
  64              	__late_init:
  65              	.LFB114:
  66              		.loc 1 75 0
  67              		.cfi_startproc
  68              		@ args = 0, pretend = 0, frame = 0
  69              		@ frame_needed = 0, uses_anonymous_args = 0
  70              		@ link register save eliminated.
  71 0000 7047     		bx	lr
  72              		.cfi_endproc
  73              	.LFE114:
  74              		.size	__late_init, .-__late_init
  75 0002 00BF     		.section	.text.__default_exit,"ax",%progbits
  76              		.align	2
  77              		.p2align 4,,15
  78              		.weak	__default_exit
  79              		.thumb
  80              		.thumb_func
  81              		.type	__default_exit, %function
  82              	__default_exit:
  83              	.LFB115:
  84              		.loc 1 88 0
  85              		.cfi_startproc
  86              		@ Volatile: function does not return.
  87              		@ args = 0, pretend = 0, frame = 0
  88              		@ frame_needed = 0, uses_anonymous_args = 0
  89              		@ link register save eliminated.
  90              	.L5:
  91              		.loc 1 92 0 discriminator 1
  92 0000 FEE7     		b	.L5
  93              		.cfi_endproc
  94              	.LFE115:
  95              		.size	__default_exit, .-__default_exit
  96 0002 00BF     		.text
  97              	.Letext0:
  98              		.file 2 "/usr/arm-none-eabi/include/machine/_default_types.h"
  99              		.file 3 "/usr/arm-none-eabi/include/sys/_stdint.h"
 100              		.file 4 "ChibiOS_3.0.2/os/ext/CMSIS/include/core_cm4.h"
 101              		.section	.debug_info,"",%progbits
 102              	.Ldebug_info0:
 103 0000 DA000000 		.4byte	0xda
 104 0004 0400     		.2byte	0x4
 105 0006 00000000 		.4byte	.Ldebug_abbrev0
 106 000a 04       		.byte	0x4
 107 000b 01       		.uleb128 0x1
 108 000c C7000000 		.4byte	.LASF16
 109 0010 01       		.byte	0x1
 110 0011 8D000000 		.4byte	.LASF17
 111 0015 F7010000 		.4byte	.LASF18
 112 0019 00000000 		.4byte	.Ldebug_ranges0+0
 113 001d 00000000 		.4byte	0
 114 0021 00000000 		.4byte	.Ldebug_line0
ARM GAS  /tmp/ccSNPybX.s 			page 3


 115 0025 02       		.uleb128 0x2
 116 0026 01       		.byte	0x1
 117 0027 06       		.byte	0x6
 118 0028 47020000 		.4byte	.LASF0
 119 002c 02       		.uleb128 0x2
 120 002d 01       		.byte	0x1
 121 002e 08       		.byte	0x8
 122 002f 2E000000 		.4byte	.LASF1
 123 0033 02       		.uleb128 0x2
 124 0034 02       		.byte	0x2
 125 0035 05       		.byte	0x5
 126 0036 5D020000 		.4byte	.LASF2
 127 003a 02       		.uleb128 0x2
 128 003b 02       		.byte	0x2
 129 003c 07       		.byte	0x7
 130 003d 0E000000 		.4byte	.LASF3
 131 0041 03       		.uleb128 0x3
 132 0042 53020000 		.4byte	.LASF9
 133 0046 02       		.byte	0x2
 134 0047 3F       		.byte	0x3f
 135 0048 4C000000 		.4byte	0x4c
 136 004c 02       		.uleb128 0x2
 137 004d 04       		.byte	0x4
 138 004e 05       		.byte	0x5
 139 004f 31020000 		.4byte	.LASF4
 140 0053 02       		.uleb128 0x2
 141 0054 04       		.byte	0x4
 142 0055 07       		.byte	0x7
 143 0056 49000000 		.4byte	.LASF5
 144 005a 02       		.uleb128 0x2
 145 005b 08       		.byte	0x8
 146 005c 05       		.byte	0x5
 147 005d 00000000 		.4byte	.LASF6
 148 0061 02       		.uleb128 0x2
 149 0062 08       		.byte	0x8
 150 0063 07       		.byte	0x7
 151 0064 6A000000 		.4byte	.LASF7
 152 0068 04       		.uleb128 0x4
 153 0069 04       		.byte	0x4
 154 006a 05       		.byte	0x5
 155 006b 696E7400 		.ascii	"int\000"
 156 006f 02       		.uleb128 0x2
 157 0070 04       		.byte	0x4
 158 0071 07       		.byte	0x7
 159 0072 21000000 		.4byte	.LASF8
 160 0076 03       		.uleb128 0x3
 161 0077 67020000 		.4byte	.LASF10
 162 007b 03       		.byte	0x3
 163 007c 1F       		.byte	0x1f
 164 007d 41000000 		.4byte	0x41
 165 0081 02       		.uleb128 0x2
 166 0082 04       		.byte	0x4
 167 0083 07       		.byte	0x7
 168 0084 6F020000 		.4byte	.LASF11
 169 0088 05       		.uleb128 0x5
 170 0089 EB010000 		.4byte	.LASF12
 171 008d 01       		.byte	0x1
ARM GAS  /tmp/ccSNPybX.s 			page 4


 172 008e 2A       		.byte	0x2a
 173 008f 00000000 		.4byte	.LFB112
 174 0093 02000000 		.4byte	.LFE112-.LFB112
 175 0097 01       		.uleb128 0x1
 176 0098 9C       		.byte	0x9c
 177 0099 05       		.uleb128 0x5
 178 009a 3C000000 		.4byte	.LASF13
 179 009e 01       		.byte	0x1
 180 009f 3D       		.byte	0x3d
 181 00a0 00000000 		.4byte	.LFB113
 182 00a4 02000000 		.4byte	.LFE113-.LFB113
 183 00a8 01       		.uleb128 0x1
 184 00a9 9C       		.byte	0x9c
 185 00aa 05       		.uleb128 0x5
 186 00ab 81000000 		.4byte	.LASF14
 187 00af 01       		.byte	0x1
 188 00b0 4B       		.byte	0x4b
 189 00b1 00000000 		.4byte	.LFB114
 190 00b5 02000000 		.4byte	.LFE114-.LFB114
 191 00b9 01       		.uleb128 0x1
 192 00ba 9C       		.byte	0x9c
 193 00bb 05       		.uleb128 0x5
 194 00bc 5B000000 		.4byte	.LASF15
 195 00c0 01       		.byte	0x1
 196 00c1 58       		.byte	0x58
 197 00c2 00000000 		.4byte	.LFB115
 198 00c6 02000000 		.4byte	.LFE115-.LFB115
 199 00ca 01       		.uleb128 0x1
 200 00cb 9C       		.byte	0x9c
 201 00cc 06       		.uleb128 0x6
 202 00cd 3A020000 		.4byte	.LASF19
 203 00d1 04       		.byte	0x4
 204 00d2 A706     		.2byte	0x6a7
 205 00d4 D8000000 		.4byte	0xd8
 206 00d8 07       		.uleb128 0x7
 207 00d9 76000000 		.4byte	0x76
 208 00dd 00       		.byte	0
 209              		.section	.debug_abbrev,"",%progbits
 210              	.Ldebug_abbrev0:
 211 0000 01       		.uleb128 0x1
 212 0001 11       		.uleb128 0x11
 213 0002 01       		.byte	0x1
 214 0003 25       		.uleb128 0x25
 215 0004 0E       		.uleb128 0xe
 216 0005 13       		.uleb128 0x13
 217 0006 0B       		.uleb128 0xb
 218 0007 03       		.uleb128 0x3
 219 0008 0E       		.uleb128 0xe
 220 0009 1B       		.uleb128 0x1b
 221 000a 0E       		.uleb128 0xe
 222 000b 55       		.uleb128 0x55
 223 000c 17       		.uleb128 0x17
 224 000d 11       		.uleb128 0x11
 225 000e 01       		.uleb128 0x1
 226 000f 10       		.uleb128 0x10
 227 0010 17       		.uleb128 0x17
 228 0011 00       		.byte	0
ARM GAS  /tmp/ccSNPybX.s 			page 5


 229 0012 00       		.byte	0
 230 0013 02       		.uleb128 0x2
 231 0014 24       		.uleb128 0x24
 232 0015 00       		.byte	0
 233 0016 0B       		.uleb128 0xb
 234 0017 0B       		.uleb128 0xb
 235 0018 3E       		.uleb128 0x3e
 236 0019 0B       		.uleb128 0xb
 237 001a 03       		.uleb128 0x3
 238 001b 0E       		.uleb128 0xe
 239 001c 00       		.byte	0
 240 001d 00       		.byte	0
 241 001e 03       		.uleb128 0x3
 242 001f 16       		.uleb128 0x16
 243 0020 00       		.byte	0
 244 0021 03       		.uleb128 0x3
 245 0022 0E       		.uleb128 0xe
 246 0023 3A       		.uleb128 0x3a
 247 0024 0B       		.uleb128 0xb
 248 0025 3B       		.uleb128 0x3b
 249 0026 0B       		.uleb128 0xb
 250 0027 49       		.uleb128 0x49
 251 0028 13       		.uleb128 0x13
 252 0029 00       		.byte	0
 253 002a 00       		.byte	0
 254 002b 04       		.uleb128 0x4
 255 002c 24       		.uleb128 0x24
 256 002d 00       		.byte	0
 257 002e 0B       		.uleb128 0xb
 258 002f 0B       		.uleb128 0xb
 259 0030 3E       		.uleb128 0x3e
 260 0031 0B       		.uleb128 0xb
 261 0032 03       		.uleb128 0x3
 262 0033 08       		.uleb128 0x8
 263 0034 00       		.byte	0
 264 0035 00       		.byte	0
 265 0036 05       		.uleb128 0x5
 266 0037 2E       		.uleb128 0x2e
 267 0038 00       		.byte	0
 268 0039 3F       		.uleb128 0x3f
 269 003a 19       		.uleb128 0x19
 270 003b 03       		.uleb128 0x3
 271 003c 0E       		.uleb128 0xe
 272 003d 3A       		.uleb128 0x3a
 273 003e 0B       		.uleb128 0xb
 274 003f 3B       		.uleb128 0x3b
 275 0040 0B       		.uleb128 0xb
 276 0041 27       		.uleb128 0x27
 277 0042 19       		.uleb128 0x19
 278 0043 11       		.uleb128 0x11
 279 0044 01       		.uleb128 0x1
 280 0045 12       		.uleb128 0x12
 281 0046 06       		.uleb128 0x6
 282 0047 40       		.uleb128 0x40
 283 0048 18       		.uleb128 0x18
 284 0049 9742     		.uleb128 0x2117
 285 004b 19       		.uleb128 0x19
ARM GAS  /tmp/ccSNPybX.s 			page 6


 286 004c 00       		.byte	0
 287 004d 00       		.byte	0
 288 004e 06       		.uleb128 0x6
 289 004f 34       		.uleb128 0x34
 290 0050 00       		.byte	0
 291 0051 03       		.uleb128 0x3
 292 0052 0E       		.uleb128 0xe
 293 0053 3A       		.uleb128 0x3a
 294 0054 0B       		.uleb128 0xb
 295 0055 3B       		.uleb128 0x3b
 296 0056 05       		.uleb128 0x5
 297 0057 49       		.uleb128 0x49
 298 0058 13       		.uleb128 0x13
 299 0059 3F       		.uleb128 0x3f
 300 005a 19       		.uleb128 0x19
 301 005b 3C       		.uleb128 0x3c
 302 005c 19       		.uleb128 0x19
 303 005d 00       		.byte	0
 304 005e 00       		.byte	0
 305 005f 07       		.uleb128 0x7
 306 0060 35       		.uleb128 0x35
 307 0061 00       		.byte	0
 308 0062 49       		.uleb128 0x49
 309 0063 13       		.uleb128 0x13
 310 0064 00       		.byte	0
 311 0065 00       		.byte	0
 312 0066 00       		.byte	0
 313              		.section	.debug_aranges,"",%progbits
 314 0000 34000000 		.4byte	0x34
 315 0004 0200     		.2byte	0x2
 316 0006 00000000 		.4byte	.Ldebug_info0
 317 000a 04       		.byte	0x4
 318 000b 00       		.byte	0
 319 000c 0000     		.2byte	0
 320 000e 0000     		.2byte	0
 321 0010 00000000 		.4byte	.LFB112
 322 0014 02000000 		.4byte	.LFE112-.LFB112
 323 0018 00000000 		.4byte	.LFB113
 324 001c 02000000 		.4byte	.LFE113-.LFB113
 325 0020 00000000 		.4byte	.LFB114
 326 0024 02000000 		.4byte	.LFE114-.LFB114
 327 0028 00000000 		.4byte	.LFB115
 328 002c 02000000 		.4byte	.LFE115-.LFB115
 329 0030 00000000 		.4byte	0
 330 0034 00000000 		.4byte	0
 331              		.section	.debug_ranges,"",%progbits
 332              	.Ldebug_ranges0:
 333 0000 00000000 		.4byte	.LFB112
 334 0004 02000000 		.4byte	.LFE112
 335 0008 00000000 		.4byte	.LFB113
 336 000c 02000000 		.4byte	.LFE113
 337 0010 00000000 		.4byte	.LFB114
 338 0014 02000000 		.4byte	.LFE114
 339 0018 00000000 		.4byte	.LFB115
 340 001c 02000000 		.4byte	.LFE115
 341 0020 00000000 		.4byte	0
 342 0024 00000000 		.4byte	0
ARM GAS  /tmp/ccSNPybX.s 			page 7


 343              		.section	.debug_line,"",%progbits
 344              	.Ldebug_line0:
 345 0000 2D010000 		.section	.debug_str,"MS",%progbits,1
 345      0200E400 
 345      00000201 
 345      FB0E0D00 
 345      01010101 
 346              	.LASF6:
 347 0000 6C6F6E67 		.ascii	"long long int\000"
 347      206C6F6E 
 347      6720696E 
 347      7400
 348              	.LASF3:
 349 000e 73686F72 		.ascii	"short unsigned int\000"
 349      7420756E 
 349      7369676E 
 349      65642069 
 349      6E7400
 350              	.LASF8:
 351 0021 756E7369 		.ascii	"unsigned int\000"
 351      676E6564 
 351      20696E74 
 351      00
 352              	.LASF1:
 353 002e 756E7369 		.ascii	"unsigned char\000"
 353      676E6564 
 353      20636861 
 353      7200
 354              	.LASF13:
 355 003c 5F5F6561 		.ascii	"__early_init\000"
 355      726C795F 
 355      696E6974 
 355      00
 356              	.LASF5:
 357 0049 6C6F6E67 		.ascii	"long unsigned int\000"
 357      20756E73 
 357      69676E65 
 357      6420696E 
 357      7400
 358              	.LASF15:
 359 005b 5F5F6465 		.ascii	"__default_exit\000"
 359      6661756C 
 359      745F6578 
 359      697400
 360              	.LASF7:
 361 006a 6C6F6E67 		.ascii	"long long unsigned int\000"
 361      206C6F6E 
 361      6720756E 
 361      7369676E 
 361      65642069 
 362              	.LASF14:
 363 0081 5F5F6C61 		.ascii	"__late_init\000"
 363      74655F69 
 363      6E697400 
 364              	.LASF17:
 365 008d 43686962 		.ascii	"ChibiOS_3.0.2/os/common/ports/ARMCMx/compilers/GCC/"
 365      694F535F 
ARM GAS  /tmp/ccSNPybX.s 			page 8


 365      332E302E 
 365      322F6F73 
 365      2F636F6D 
 366 00c0 63727431 		.ascii	"crt1.c\000"
 366      2E6300
 367              	.LASF16:
 368 00c7 474E5520 		.ascii	"GNU C 4.9.3 20150529 (release) [ARM/embedded-4_9-br"
 368      4320342E 
 368      392E3320 
 368      32303135 
 368      30353239 
 369 00fa 616E6368 		.ascii	"anch revision 227977] -mcpu=cortex-m4 -mfloat-abi=h"
 369      20726576 
 369      6973696F 
 369      6E203232 
 369      37393737 
 370 012d 61726420 		.ascii	"ard -mfpu=fpv4-sp-d16 -mno-thumb-interwork -mthumb "
 370      2D6D6670 
 370      753D6670 
 370      76342D73 
 370      702D6431 
 371 0160 2D676764 		.ascii	"-ggdb -O2 -std=gnu99 -fomit-frame-pointer -falign-f"
 371      62202D4F 
 371      32202D73 
 371      74643D67 
 371      6E753939 
 372 0193 756E6374 		.ascii	"unctions=16 -ffunction-sections -fdata-sections -fn"
 372      696F6E73 
 372      3D313620 
 372      2D666675 
 372      6E637469 
 373 01c6 6F2D636F 		.ascii	"o-common -fsingle-precision-constant\000"
 373      6D6D6F6E 
 373      202D6673 
 373      696E676C 
 373      652D7072 
 374              	.LASF12:
 375 01eb 5F5F636F 		.ascii	"__core_init\000"
 375      72655F69 
 375      6E697400 
 376              	.LASF18:
 377 01f7 2F686F6D 		.ascii	"/home/benjamin/Skrivbord/SP-RCCar/Embedded/RC_Contr"
 377      652F6265 
 377      6E6A616D 
 377      696E2F53 
 377      6B726976 
 378 022a 6F6C6C65 		.ascii	"oller/\000"
 378      722F00
 379              	.LASF4:
 380 0231 6C6F6E67 		.ascii	"long int\000"
 380      20696E74 
 380      00
 381              	.LASF19:
 382 023a 49544D5F 		.ascii	"ITM_RxBuffer\000"
 382      52784275 
 382      66666572 
 382      00
ARM GAS  /tmp/ccSNPybX.s 			page 9


 383              	.LASF0:
 384 0247 7369676E 		.ascii	"signed char\000"
 384      65642063 
 384      68617200 
 385              	.LASF9:
 386 0253 5F5F696E 		.ascii	"__int32_t\000"
 386      7433325F 
 386      7400
 387              	.LASF2:
 388 025d 73686F72 		.ascii	"short int\000"
 388      7420696E 
 388      7400
 389              	.LASF10:
 390 0267 696E7433 		.ascii	"int32_t\000"
 390      325F7400 
 391              	.LASF11:
 392 026f 73697A65 		.ascii	"sizetype\000"
 392      74797065 
 392      00
 393              		.ident	"GCC: (GNU Tools for ARM Embedded Processors) 4.9.3 20150529 (release) [ARM/embedded-4_9-br
ARM GAS  /tmp/ccSNPybX.s 			page 10


DEFINED SYMBOLS
                            *ABS*:0000000000000000 crt1.c
     /tmp/ccSNPybX.s:21     .text.__core_init:0000000000000000 $t
     /tmp/ccSNPybX.s:27     .text.__core_init:0000000000000000 __core_init
     /tmp/ccSNPybX.s:40     .text.__early_init:0000000000000000 $t
     /tmp/ccSNPybX.s:46     .text.__early_init:0000000000000000 __early_init
     /tmp/ccSNPybX.s:58     .text.__late_init:0000000000000000 $t
     /tmp/ccSNPybX.s:64     .text.__late_init:0000000000000000 __late_init
     /tmp/ccSNPybX.s:76     .text.__default_exit:0000000000000000 $t
     /tmp/ccSNPybX.s:82     .text.__default_exit:0000000000000000 __default_exit
                     .debug_frame:0000000000000010 $d

NO UNDEFINED SYMBOLS
