ARM GAS  /tmp/ccS7jgE9.s 			page 1


   1              		.syntax unified
   2              		.cpu cortex-m4
   3              		.eabi_attribute 27, 1
   4              		.eabi_attribute 28, 1
   5              		.fpu fpv4-sp-d16
   6              		.eabi_attribute 20, 1
   7              		.eabi_attribute 21, 1
   8              		.eabi_attribute 23, 3
   9              		.eabi_attribute 24, 1
  10              		.eabi_attribute 25, 1
  11              		.eabi_attribute 26, 1
  12              		.eabi_attribute 30, 2
  13              		.eabi_attribute 34, 1
  14              		.eabi_attribute 18, 4
  15              		.thumb
  16              		.file	"hal.c"
  17              		.text
  18              	.Ltext0:
  19              		.cfi_sections	.debug_frame
  20              		.section	.text.halInit,"ax",%progbits
  21              		.align	2
  22              		.p2align 4,,15
  23              		.global	halInit
  24              		.thumb
  25              		.thumb_func
  26              		.type	halInit, %function
  27              	halInit:
  28              	.LFB256:
  29              		.file 1 "ChibiOS_3.0.2/os/hal/src/hal.c"
  30              		.loc 1 56 0
  31              		.cfi_startproc
  32              		@ args = 0, pretend = 0, frame = 0
  33              		@ frame_needed = 0, uses_anonymous_args = 0
  34 0000 08B5     		push	{r3, lr}
  35              		.cfi_def_cfa_offset 8
  36              		.cfi_offset 3, -8
  37              		.cfi_offset 14, -4
  38              		.loc 1 62 0
  39 0002 FFF7FEFF 		bl	hal_lld_init
  40              	.LVL0:
  41              		.loc 1 65 0
  42 0006 0C48     		ldr	r0, .L3
  43 0008 FFF7FEFF 		bl	_pal_lld_init
  44              	.LVL1:
  45              		.loc 1 68 0
  46 000c FFF7FEFF 		bl	adcInit
  47              	.LVL2:
  48              		.loc 1 71 0
  49 0010 FFF7FEFF 		bl	canInit
  50              	.LVL3:
  51              		.loc 1 77 0
  52 0014 FFF7FEFF 		bl	extInit
  53              	.LVL4:
  54              		.loc 1 83 0
  55 0018 FFF7FEFF 		bl	i2cInit
  56              	.LVL5:
  57              		.loc 1 95 0
ARM GAS  /tmp/ccS7jgE9.s 			page 2


  58 001c FFF7FEFF 		bl	pwmInit
  59              	.LVL6:
  60              		.loc 1 104 0
  61 0020 FFF7FEFF 		bl	spiInit
  62              	.LVL7:
  63              		.loc 1 110 0
  64 0024 FFF7FEFF 		bl	usbInit
  65              	.LVL8:
  66              		.loc 1 116 0
  67 0028 FFF7FEFF 		bl	sduInit
  68              	.LVL9:
  69              		.loc 1 130 0
  70 002c FFF7FEFF 		bl	boardInit
  71              	.LVL10:
  72              		.loc 1 139 0
  73 0030 BDE80840 		pop	{r3, lr}
  74              		.cfi_restore 14
  75              		.cfi_restore 3
  76              		.cfi_def_cfa_offset 0
  77              		.loc 1 137 0
  78 0034 FFF7FEBF 		b	stInit
  79              	.LVL11:
  80              	.L4:
  81              		.align	2
  82              	.L3:
  83 0038 00000000 		.word	pal_default_config
  84              		.cfi_endproc
  85              	.LFE256:
  86              		.size	halInit, .-halInit
  87              		.text
  88              	.Letext0:
  89              		.file 2 "/usr/arm-none-eabi/include/machine/_default_types.h"
  90              		.file 3 "/usr/arm-none-eabi/include/sys/_stdint.h"
  91              		.file 4 "ChibiOS_3.0.2/os/rt/ports/ARMCMx/compilers/GCC/chtypes.h"
  92              		.file 5 "ChibiOS_3.0.2/os/rt/include/chsystypes.h"
  93              		.file 6 "ChibiOS_3.0.2/os/rt/include/chschd.h"
  94              		.file 7 "ChibiOS_3.0.2/os/rt/ports/ARMCMx/chcore.h"
  95              		.file 8 "ChibiOS_3.0.2/os/rt/ports/ARMCMx/chcore_v7m.h"
  96              		.file 9 "ChibiOS_3.0.2/os/rt/include/chtm.h"
  97              		.file 10 "ChibiOS_3.0.2/os/rt/include/chsem.h"
  98              		.file 11 "ChibiOS_3.0.2/os/rt/include/chmtx.h"
  99              		.file 12 "ChibiOS_3.0.2/os/hal/ports/STM32/LLD/GPIOv2/pal_lld.h"
 100              		.file 13 "ChibiOS_3.0.2/os/ext/CMSIS/include/core_cm4.h"
 101              		.file 14 "ChibiOS_3.0.2/os/hal/ports/STM32/STM32F4xx/hal_lld.h"
 102              		.file 15 "ChibiOS_3.0.2/os/hal/include/adc.h"
 103              		.file 16 "ChibiOS_3.0.2/os/hal/include/can.h"
 104              		.file 17 "ChibiOS_3.0.2/os/hal/include/ext.h"
 105              		.file 18 "ChibiOS_3.0.2/os/hal/include/i2c.h"
 106              		.file 19 "ChibiOS_3.0.2/os/hal/include/pwm.h"
 107              		.file 20 "ChibiOS_3.0.2/os/hal/include/spi.h"
 108              		.file 21 "ChibiOS_3.0.2/os/hal/include/usb.h"
 109              		.file 22 "ChibiOS_3.0.2/os/hal/include/serial_usb.h"
 110              		.file 23 "ChibiOS_3.0.2/os/hal/boards/ST_STM32F4_DISCOVERY/board.h"
 111              		.file 24 "ChibiOS_3.0.2/os/hal/include/st.h"
 112              		.file 25 "ChibiOS_3.0.2/os/hal/osal/rt/osal.h"
 113              		.section	.debug_info,"",%progbits
 114              	.Ldebug_info0:
ARM GAS  /tmp/ccS7jgE9.s 			page 3


 115 0000 12090000 		.4byte	0x912
 116 0004 0400     		.2byte	0x4
 117 0006 00000000 		.4byte	.Ldebug_abbrev0
 118 000a 04       		.byte	0x4
 119 000b 01       		.uleb128 0x1
 120 000c 87040000 		.4byte	.LASF135
 121 0010 01       		.byte	0x1
 122 0011 FC020000 		.4byte	.LASF136
 123 0015 F7000000 		.4byte	.LASF137
 124 0019 00000000 		.4byte	.Ldebug_ranges0+0
 125 001d 00000000 		.4byte	0
 126 0021 00000000 		.4byte	.Ldebug_line0
 127 0025 02       		.uleb128 0x2
 128 0026 04       		.byte	0x4
 129 0027 05       		.byte	0x5
 130 0028 696E7400 		.ascii	"int\000"
 131 002c 03       		.uleb128 0x3
 132 002d 04       		.byte	0x4
 133 002e 07       		.byte	0x7
 134 002f D0010000 		.4byte	.LASF0
 135 0033 03       		.uleb128 0x3
 136 0034 01       		.byte	0x1
 137 0035 06       		.byte	0x6
 138 0036 EB000000 		.4byte	.LASF1
 139 003a 04       		.uleb128 0x4
 140 003b 45000000 		.4byte	.LASF5
 141 003f 02       		.byte	0x2
 142 0040 1D       		.byte	0x1d
 143 0041 45000000 		.4byte	0x45
 144 0045 03       		.uleb128 0x3
 145 0046 01       		.byte	0x1
 146 0047 08       		.byte	0x8
 147 0048 A3030000 		.4byte	.LASF2
 148 004c 03       		.uleb128 0x3
 149 004d 02       		.byte	0x2
 150 004e 05       		.byte	0x5
 151 004f D0030000 		.4byte	.LASF3
 152 0053 03       		.uleb128 0x3
 153 0054 02       		.byte	0x2
 154 0055 07       		.byte	0x7
 155 0056 1E020000 		.4byte	.LASF4
 156 005a 04       		.uleb128 0x4
 157 005b 76020000 		.4byte	.LASF6
 158 005f 02       		.byte	0x2
 159 0060 3F       		.byte	0x3f
 160 0061 65000000 		.4byte	0x65
 161 0065 03       		.uleb128 0x3
 162 0066 04       		.byte	0x4
 163 0067 05       		.byte	0x5
 164 0068 5B010000 		.4byte	.LASF7
 165 006c 04       		.uleb128 0x4
 166 006d D0050000 		.4byte	.LASF8
 167 0071 02       		.byte	0x2
 168 0072 41       		.byte	0x41
 169 0073 77000000 		.4byte	0x77
 170 0077 03       		.uleb128 0x3
 171 0078 04       		.byte	0x4
ARM GAS  /tmp/ccS7jgE9.s 			page 4


 172 0079 07       		.byte	0x7
 173 007a 68040000 		.4byte	.LASF9
 174 007e 03       		.uleb128 0x3
 175 007f 08       		.byte	0x8
 176 0080 05       		.byte	0x5
 177 0081 DD000000 		.4byte	.LASF10
 178 0085 04       		.uleb128 0x4
 179 0086 4A030000 		.4byte	.LASF11
 180 008a 02       		.byte	0x2
 181 008b 5B       		.byte	0x5b
 182 008c 90000000 		.4byte	0x90
 183 0090 03       		.uleb128 0x3
 184 0091 08       		.byte	0x8
 185 0092 07       		.byte	0x7
 186 0093 71000000 		.4byte	.LASF12
 187 0097 04       		.uleb128 0x4
 188 0098 57060000 		.4byte	.LASF13
 189 009c 03       		.byte	0x3
 190 009d 14       		.byte	0x14
 191 009e 3A000000 		.4byte	0x3a
 192 00a2 04       		.uleb128 0x4
 193 00a3 9B030000 		.4byte	.LASF14
 194 00a7 03       		.byte	0x3
 195 00a8 1F       		.byte	0x1f
 196 00a9 5A000000 		.4byte	0x5a
 197 00ad 04       		.uleb128 0x4
 198 00ae 40040000 		.4byte	.LASF15
 199 00b2 03       		.byte	0x3
 200 00b3 20       		.byte	0x20
 201 00b4 6C000000 		.4byte	0x6c
 202 00b8 04       		.uleb128 0x4
 203 00b9 3C000000 		.4byte	.LASF16
 204 00bd 03       		.byte	0x3
 205 00be 26       		.byte	0x26
 206 00bf 85000000 		.4byte	0x85
 207 00c3 05       		.uleb128 0x5
 208 00c4 A2000000 		.4byte	0xa2
 209 00c8 04       		.uleb128 0x4
 210 00c9 01060000 		.4byte	.LASF17
 211 00cd 04       		.byte	0x4
 212 00ce 45       		.byte	0x45
 213 00cf AD000000 		.4byte	0xad
 214 00d3 04       		.uleb128 0x4
 215 00d4 54020000 		.4byte	.LASF18
 216 00d8 04       		.byte	0x4
 217 00d9 48       		.byte	0x48
 218 00da 97000000 		.4byte	0x97
 219 00de 04       		.uleb128 0x4
 220 00df 6B010000 		.4byte	.LASF19
 221 00e3 04       		.byte	0x4
 222 00e4 49       		.byte	0x49
 223 00e5 97000000 		.4byte	0x97
 224 00e9 04       		.uleb128 0x4
 225 00ea 55030000 		.4byte	.LASF20
 226 00ee 04       		.byte	0x4
 227 00ef 4A       		.byte	0x4a
 228 00f0 97000000 		.4byte	0x97
ARM GAS  /tmp/ccS7jgE9.s 			page 5


 229 00f4 04       		.uleb128 0x4
 230 00f5 47010000 		.4byte	.LASF21
 231 00f9 04       		.byte	0x4
 232 00fa 4B       		.byte	0x4b
 233 00fb 97000000 		.4byte	0x97
 234 00ff 04       		.uleb128 0x4
 235 0100 7D030000 		.4byte	.LASF22
 236 0104 04       		.byte	0x4
 237 0105 4C       		.byte	0x4c
 238 0106 AD000000 		.4byte	0xad
 239 010a 04       		.uleb128 0x4
 240 010b 42020000 		.4byte	.LASF23
 241 010f 04       		.byte	0x4
 242 0110 4D       		.byte	0x4d
 243 0111 A2000000 		.4byte	0xa2
 244 0115 04       		.uleb128 0x4
 245 0116 6A020000 		.4byte	.LASF24
 246 011a 04       		.byte	0x4
 247 011b 4F       		.byte	0x4f
 248 011c AD000000 		.4byte	0xad
 249 0120 04       		.uleb128 0x4
 250 0121 CA010000 		.4byte	.LASF25
 251 0125 04       		.byte	0x4
 252 0126 51       		.byte	0x51
 253 0127 A2000000 		.4byte	0xa2
 254 012b 04       		.uleb128 0x4
 255 012c B2050000 		.4byte	.LASF26
 256 0130 05       		.byte	0x5
 257 0131 33       		.byte	0x33
 258 0132 AD000000 		.4byte	0xad
 259 0136 04       		.uleb128 0x4
 260 0137 3E060000 		.4byte	.LASF27
 261 013b 05       		.byte	0x5
 262 013c 3F       		.byte	0x3f
 263 013d 41010000 		.4byte	0x141
 264 0141 06       		.uleb128 0x6
 265 0142 38020000 		.4byte	.LASF49
 266 0146 48       		.byte	0x48
 267 0147 06       		.byte	0x6
 268 0148 C2       		.byte	0xc2
 269 0149 46020000 		.4byte	0x246
 270 014d 07       		.uleb128 0x7
 271 014e 01040000 		.4byte	.LASF28
 272 0152 06       		.byte	0x6
 273 0153 C3       		.byte	0xc3
 274 0154 51020000 		.4byte	0x251
 275 0158 00       		.byte	0
 276 0159 07       		.uleb128 0x7
 277 015a 6D030000 		.4byte	.LASF29
 278 015e 06       		.byte	0x6
 279 015f C5       		.byte	0xc5
 280 0160 51020000 		.4byte	0x251
 281 0164 04       		.byte	0x4
 282 0165 07       		.uleb128 0x7
 283 0166 D6000000 		.4byte	.LASF30
 284 016a 06       		.byte	0x6
 285 016b C7       		.byte	0xc7
ARM GAS  /tmp/ccS7jgE9.s 			page 6


 286 016c FF000000 		.4byte	0xff
 287 0170 08       		.byte	0x8
 288 0171 07       		.uleb128 0x7
 289 0172 B8060000 		.4byte	.LASF31
 290 0176 06       		.byte	0x6
 291 0177 C8       		.byte	0xc8
 292 0178 81040000 		.4byte	0x481
 293 017c 0C       		.byte	0xc
 294 017d 07       		.uleb128 0x7
 295 017e 7C010000 		.4byte	.LASF32
 296 0182 06       		.byte	0x6
 297 0183 CA       		.byte	0xca
 298 0184 51020000 		.4byte	0x251
 299 0188 10       		.byte	0x10
 300 0189 07       		.uleb128 0x7
 301 018a EE020000 		.4byte	.LASF33
 302 018e 06       		.byte	0x6
 303 018f CB       		.byte	0xcb
 304 0190 51020000 		.4byte	0x251
 305 0194 14       		.byte	0x14
 306 0195 07       		.uleb128 0x7
 307 0196 66060000 		.4byte	.LASF34
 308 019a 06       		.byte	0x6
 309 019b D2       		.byte	0xd2
 310 019c C6060000 		.4byte	0x6c6
 311 01a0 18       		.byte	0x18
 312 01a1 07       		.uleb128 0x7
 313 01a2 DA030000 		.4byte	.LASF35
 314 01a6 06       		.byte	0x6
 315 01a7 DD       		.byte	0xdd
 316 01a8 DE000000 		.4byte	0xde
 317 01ac 1C       		.byte	0x1c
 318 01ad 07       		.uleb128 0x7
 319 01ae 08040000 		.4byte	.LASF36
 320 01b2 06       		.byte	0x6
 321 01b3 E1       		.byte	0xe1
 322 01b4 D3000000 		.4byte	0xd3
 323 01b8 1D       		.byte	0x1d
 324 01b9 07       		.uleb128 0x7
 325 01ba 29060000 		.4byte	.LASF37
 326 01be 06       		.byte	0x6
 327 01bf E6       		.byte	0xe6
 328 01c0 E9000000 		.4byte	0xe9
 329 01c4 1E       		.byte	0x1e
 330 01c5 07       		.uleb128 0x7
 331 01c6 E2030000 		.4byte	.LASF38
 332 01ca 06       		.byte	0x6
 333 01cb EC       		.byte	0xec
 334 01cc F4000000 		.4byte	0xf4
 335 01d0 1F       		.byte	0x1f
 336 01d1 07       		.uleb128 0x7
 337 01d2 E5010000 		.4byte	.LASF39
 338 01d6 06       		.byte	0x6
 339 01d7 F3       		.byte	0xf3
 340 01d8 D8060000 		.4byte	0x6d8
 341 01dc 20       		.byte	0x20
 342 01dd 08       		.uleb128 0x8
ARM GAS  /tmp/ccS7jgE9.s 			page 7


 343 01de 705F7500 		.ascii	"p_u\000"
 344 01e2 06       		.byte	0x6
 345 01e3 3101     		.2byte	0x131
 346 01e5 01060000 		.4byte	0x601
 347 01e9 24       		.byte	0x24
 348 01ea 09       		.uleb128 0x9
 349 01eb B1020000 		.4byte	.LASF40
 350 01ef 06       		.byte	0x6
 351 01f0 3601     		.2byte	0x136
 352 01f2 57020000 		.4byte	0x257
 353 01f6 28       		.byte	0x28
 354 01f7 09       		.uleb128 0x9
 355 01f8 FC010000 		.4byte	.LASF41
 356 01fc 06       		.byte	0x6
 357 01fd 3C01     		.2byte	0x13c
 358 01ff 7B020000 		.4byte	0x27b
 359 0203 2C       		.byte	0x2c
 360 0204 09       		.uleb128 0x9
 361 0205 8D060000 		.4byte	.LASF42
 362 0209 06       		.byte	0x6
 363 020a 4001     		.2byte	0x140
 364 020c 0A010000 		.4byte	0x10a
 365 0210 34       		.byte	0x34
 366 0211 09       		.uleb128 0x9
 367 0212 35040000 		.4byte	.LASF43
 368 0216 06       		.byte	0x6
 369 0217 4601     		.2byte	0x146
 370 0219 15010000 		.4byte	0x115
 371 021d 38       		.byte	0x38
 372 021e 09       		.uleb128 0x9
 373 021f C6030000 		.4byte	.LASF44
 374 0223 06       		.byte	0x6
 375 0224 4D01     		.2byte	0x14d
 376 0226 C0060000 		.4byte	0x6c0
 377 022a 3C       		.byte	0x3c
 378 022b 09       		.uleb128 0x9
 379 022c BC050000 		.4byte	.LASF45
 380 0230 06       		.byte	0x6
 381 0231 5101     		.2byte	0x151
 382 0233 FF000000 		.4byte	0xff
 383 0237 40       		.byte	0x40
 384 0238 09       		.uleb128 0x9
 385 0239 31010000 		.4byte	.LASF46
 386 023d 06       		.byte	0x6
 387 023e 5801     		.2byte	0x158
 388 0240 2E030000 		.4byte	0x32e
 389 0244 44       		.byte	0x44
 390 0245 00       		.byte	0
 391 0246 04       		.uleb128 0x4
 392 0247 C4020000 		.4byte	.LASF47
 393 024b 05       		.byte	0x5
 394 024c 44       		.byte	0x44
 395 024d 51020000 		.4byte	0x251
 396 0251 0A       		.uleb128 0xa
 397 0252 04       		.byte	0x4
 398 0253 36010000 		.4byte	0x136
 399 0257 04       		.uleb128 0x4
ARM GAS  /tmp/ccS7jgE9.s 			page 8


 400 0258 A2020000 		.4byte	.LASF48
 401 025c 05       		.byte	0x5
 402 025d 49       		.byte	0x49
 403 025e 62020000 		.4byte	0x262
 404 0262 06       		.uleb128 0x6
 405 0263 58040000 		.4byte	.LASF50
 406 0267 04       		.byte	0x4
 407 0268 06       		.byte	0x6
 408 0269 B0       		.byte	0xb0
 409 026a 7B020000 		.4byte	0x27b
 410 026e 07       		.uleb128 0x7
 411 026f 01040000 		.4byte	.LASF28
 412 0273 06       		.byte	0x6
 413 0274 B1       		.byte	0xb1
 414 0275 51020000 		.4byte	0x251
 415 0279 00       		.byte	0
 416 027a 00       		.byte	0
 417 027b 04       		.uleb128 0x4
 418 027c 10060000 		.4byte	.LASF51
 419 0280 05       		.byte	0x5
 420 0281 50       		.byte	0x50
 421 0282 86020000 		.4byte	0x286
 422 0286 06       		.uleb128 0x6
 423 0287 C5000000 		.4byte	.LASF52
 424 028b 08       		.byte	0x8
 425 028c 06       		.byte	0x6
 426 028d B7       		.byte	0xb7
 427 028e AB020000 		.4byte	0x2ab
 428 0292 07       		.uleb128 0x7
 429 0293 01040000 		.4byte	.LASF28
 430 0297 06       		.byte	0x6
 431 0298 B8       		.byte	0xb8
 432 0299 51020000 		.4byte	0x251
 433 029d 00       		.byte	0
 434 029e 07       		.uleb128 0x7
 435 029f 6D030000 		.4byte	.LASF29
 436 02a3 06       		.byte	0x6
 437 02a4 B9       		.byte	0xb9
 438 02a5 51020000 		.4byte	0x251
 439 02a9 04       		.byte	0x4
 440 02aa 00       		.byte	0
 441 02ab 04       		.uleb128 0x4
 442 02ac 13000000 		.4byte	.LASF53
 443 02b0 05       		.byte	0x5
 444 02b1 57       		.byte	0x57
 445 02b2 B6020000 		.4byte	0x2b6
 446 02b6 0B       		.uleb128 0xb
 447 02b7 5C020000 		.4byte	.LASF54
 448 02bb 1C       		.byte	0x1c
 449 02bc 06       		.byte	0x6
 450 02bd 9001     		.2byte	0x190
 451 02bf 12030000 		.4byte	0x312
 452 02c3 09       		.uleb128 0x9
 453 02c4 50040000 		.4byte	.LASF55
 454 02c8 06       		.byte	0x6
 455 02c9 9101     		.2byte	0x191
 456 02cb 7B020000 		.4byte	0x27b
ARM GAS  /tmp/ccS7jgE9.s 			page 9


 457 02cf 00       		.byte	0
 458 02d0 09       		.uleb128 0x9
 459 02d1 EC030000 		.4byte	.LASF56
 460 02d5 06       		.byte	0x6
 461 02d6 9201     		.2byte	0x192
 462 02d8 FF000000 		.4byte	0xff
 463 02dc 08       		.byte	0x8
 464 02dd 09       		.uleb128 0x9
 465 02de F6020000 		.4byte	.LASF57
 466 02e2 06       		.byte	0x6
 467 02e3 9401     		.2byte	0x194
 468 02e5 81040000 		.4byte	0x481
 469 02e9 0C       		.byte	0xc
 470 02ea 09       		.uleb128 0x9
 471 02eb 8C010000 		.4byte	.LASF58
 472 02ef 06       		.byte	0x6
 473 02f0 9701     		.2byte	0x197
 474 02f2 51020000 		.4byte	0x251
 475 02f6 10       		.byte	0x10
 476 02f7 09       		.uleb128 0x9
 477 02f8 42030000 		.4byte	.LASF59
 478 02fc 06       		.byte	0x6
 479 02fd 9801     		.2byte	0x198
 480 02ff 51020000 		.4byte	0x251
 481 0303 14       		.byte	0x14
 482 0304 09       		.uleb128 0x9
 483 0305 38030000 		.4byte	.LASF60
 484 0309 06       		.byte	0x6
 485 030a 9B01     		.2byte	0x19b
 486 030c 51020000 		.4byte	0x251
 487 0310 18       		.byte	0x18
 488 0311 00       		.byte	0
 489 0312 04       		.uleb128 0x4
 490 0313 C7050000 		.4byte	.LASF61
 491 0317 05       		.byte	0x5
 492 0318 5C       		.byte	0x5c
 493 0319 1D030000 		.4byte	0x31d
 494 031d 0A       		.uleb128 0xa
 495 031e 04       		.byte	0x4
 496 031f 23030000 		.4byte	0x323
 497 0323 0C       		.uleb128 0xc
 498 0324 2E030000 		.4byte	0x32e
 499 0328 0D       		.uleb128 0xd
 500 0329 2E030000 		.4byte	0x32e
 501 032d 00       		.byte	0
 502 032e 0E       		.uleb128 0xe
 503 032f 04       		.byte	0x4
 504 0330 04       		.uleb128 0x4
 505 0331 5D030000 		.4byte	.LASF62
 506 0335 05       		.byte	0x5
 507 0336 61       		.byte	0x61
 508 0337 3B030000 		.4byte	0x33b
 509 033b 0B       		.uleb128 0xb
 510 033c 17040000 		.4byte	.LASF63
 511 0340 14       		.byte	0x14
 512 0341 06       		.byte	0x6
 513 0342 6B01     		.2byte	0x16b
ARM GAS  /tmp/ccS7jgE9.s 			page 10


 514 0344 8A030000 		.4byte	0x38a
 515 0348 09       		.uleb128 0x9
 516 0349 DD010000 		.4byte	.LASF64
 517 034d 06       		.byte	0x6
 518 034e 6C01     		.2byte	0x16c
 519 0350 DD060000 		.4byte	0x6dd
 520 0354 00       		.byte	0
 521 0355 09       		.uleb128 0x9
 522 0356 9D010000 		.4byte	.LASF65
 523 035a 06       		.byte	0x6
 524 035b 6D01     		.2byte	0x16d
 525 035d DD060000 		.4byte	0x6dd
 526 0361 04       		.byte	0x4
 527 0362 09       		.uleb128 0x9
 528 0363 F3010000 		.4byte	.LASF66
 529 0367 06       		.byte	0x6
 530 0368 6E01     		.2byte	0x16e
 531 036a 2B010000 		.4byte	0x12b
 532 036e 08       		.byte	0x8
 533 036f 09       		.uleb128 0x9
 534 0370 BE060000 		.4byte	.LASF67
 535 0374 06       		.byte	0x6
 536 0375 6F01     		.2byte	0x16f
 537 0377 12030000 		.4byte	0x312
 538 037b 0C       		.byte	0xc
 539 037c 09       		.uleb128 0x9
 540 037d 09060000 		.4byte	.LASF68
 541 0381 06       		.byte	0x6
 542 0382 7101     		.2byte	0x171
 543 0384 2E030000 		.4byte	0x32e
 544 0388 10       		.byte	0x10
 545 0389 00       		.byte	0
 546 038a 04       		.uleb128 0x4
 547 038b A2000000 		.4byte	.LASF69
 548 038f 05       		.byte	0x5
 549 0390 66       		.byte	0x66
 550 0391 95030000 		.4byte	0x395
 551 0395 0B       		.uleb128 0xb
 552 0396 D7020000 		.4byte	.LASF70
 553 039a 10       		.byte	0x10
 554 039b 06       		.byte	0x6
 555 039c 7B01     		.2byte	0x17b
 556 039e D7030000 		.4byte	0x3d7
 557 03a2 09       		.uleb128 0x9
 558 03a3 DD010000 		.4byte	.LASF64
 559 03a7 06       		.byte	0x6
 560 03a8 7C01     		.2byte	0x17c
 561 03aa DD060000 		.4byte	0x6dd
 562 03ae 00       		.byte	0
 563 03af 09       		.uleb128 0x9
 564 03b0 9D010000 		.4byte	.LASF65
 565 03b4 06       		.byte	0x6
 566 03b5 7E01     		.2byte	0x17e
 567 03b7 DD060000 		.4byte	0x6dd
 568 03bb 04       		.byte	0x4
 569 03bc 09       		.uleb128 0x9
 570 03bd F3010000 		.4byte	.LASF66
ARM GAS  /tmp/ccS7jgE9.s 			page 11


 571 03c1 06       		.byte	0x6
 572 03c2 8001     		.2byte	0x180
 573 03c4 2B010000 		.4byte	0x12b
 574 03c8 08       		.byte	0x8
 575 03c9 09       		.uleb128 0x9
 576 03ca 7A060000 		.4byte	.LASF71
 577 03ce 06       		.byte	0x6
 578 03cf 8201     		.2byte	0x182
 579 03d1 D8060000 		.4byte	0x6d8
 580 03d5 0C       		.byte	0xc
 581 03d6 00       		.byte	0
 582 03d7 04       		.uleb128 0x4
 583 03d8 5B000000 		.4byte	.LASF72
 584 03dc 05       		.byte	0x5
 585 03dd 6B       		.byte	0x6b
 586 03de E2030000 		.4byte	0x3e2
 587 03e2 0B       		.uleb128 0xb
 588 03e3 85030000 		.4byte	.LASF73
 589 03e7 04       		.byte	0x4
 590 03e8 06       		.byte	0x6
 591 03e9 A201     		.2byte	0x1a2
 592 03eb FD030000 		.4byte	0x3fd
 593 03ef 09       		.uleb128 0x9
 594 03f0 DB050000 		.4byte	.LASF74
 595 03f4 06       		.byte	0x6
 596 03f5 AA01     		.2byte	0x1aa
 597 03f7 E3060000 		.4byte	0x6e3
 598 03fb 00       		.byte	0
 599 03fc 00       		.byte	0
 600 03fd 04       		.uleb128 0x4
 601 03fe 48020000 		.4byte	.LASF75
 602 0402 05       		.byte	0x5
 603 0403 70       		.byte	0x70
 604 0404 08040000 		.4byte	0x408
 605 0408 0F       		.uleb128 0xf
 606 0409 51010000 		.4byte	.LASF76
 607 040d 5802     		.2byte	0x258
 608 040f 06       		.byte	0x6
 609 0410 C201     		.2byte	0x1c2
 610 0412 64040000 		.4byte	0x464
 611 0416 09       		.uleb128 0x9
 612 0417 51060000 		.4byte	.LASF77
 613 041b 06       		.byte	0x6
 614 041c C601     		.2byte	0x1c6
 615 041e AB020000 		.4byte	0x2ab
 616 0422 00       		.byte	0
 617 0423 09       		.uleb128 0x9
 618 0424 A5010000 		.4byte	.LASF78
 619 0428 06       		.byte	0x6
 620 0429 CA01     		.2byte	0x1ca
 621 042b 8A030000 		.4byte	0x38a
 622 042f 1C       		.byte	0x1c
 623 0430 08       		.uleb128 0x8
 624 0431 64626700 		.ascii	"dbg\000"
 625 0435 06       		.byte	0x6
 626 0436 CE01     		.2byte	0x1ce
 627 0438 D7030000 		.4byte	0x3d7
ARM GAS  /tmp/ccS7jgE9.s 			page 12


 628 043c 2C       		.byte	0x2c
 629 043d 09       		.uleb128 0x9
 630 043e 97000000 		.4byte	.LASF79
 631 0442 06       		.byte	0x6
 632 0443 D201     		.2byte	0x1d2
 633 0445 36010000 		.4byte	0x136
 634 0449 30       		.byte	0x30
 635 044a 08       		.uleb128 0x8
 636 044b 746D00   		.ascii	"tm\000"
 637 044e 06       		.byte	0x6
 638 044f D701     		.2byte	0x1d7
 639 0451 F6050000 		.4byte	0x5f6
 640 0455 78       		.byte	0x78
 641 0456 09       		.uleb128 0x9
 642 0457 BB010000 		.4byte	.LASF80
 643 045b 06       		.byte	0x6
 644 045c E301     		.2byte	0x1e3
 645 045e E8060000 		.4byte	0x6e8
 646 0462 80       		.byte	0x80
 647 0463 00       		.byte	0
 648 0464 03       		.uleb128 0x3
 649 0465 04       		.byte	0x4
 650 0466 07       		.byte	0x7
 651 0467 BB020000 		.4byte	.LASF81
 652 046b 04       		.uleb128 0x4
 653 046c 94010000 		.4byte	.LASF82
 654 0470 07       		.byte	0x7
 655 0471 65       		.byte	0x65
 656 0472 2E030000 		.4byte	0x32e
 657 0476 04       		.uleb128 0x4
 658 0477 8F020000 		.4byte	.LASF83
 659 047b 07       		.byte	0x7
 660 047c 6D       		.byte	0x6d
 661 047d B8000000 		.4byte	0xb8
 662 0481 06       		.uleb128 0x6
 663 0482 EC050000 		.4byte	.LASF84
 664 0486 04       		.byte	0x4
 665 0487 07       		.byte	0x7
 666 0488 89       		.byte	0x89
 667 0489 9A040000 		.4byte	0x49a
 668 048d 10       		.uleb128 0x10
 669 048e 72313300 		.ascii	"r13\000"
 670 0492 07       		.byte	0x7
 671 0493 8A       		.byte	0x8a
 672 0494 DB050000 		.4byte	0x5db
 673 0498 00       		.byte	0
 674 0499 00       		.byte	0
 675 049a 06       		.uleb128 0x6
 676 049b 4F000000 		.4byte	.LASF85
 677 049f 64       		.byte	0x64
 678 04a0 08       		.byte	0x8
 679 04a1 F4       		.byte	0xf4
 680 04a2 DB050000 		.4byte	0x5db
 681 04a6 10       		.uleb128 0x10
 682 04a7 73313600 		.ascii	"s16\000"
 683 04ab 08       		.byte	0x8
 684 04ac F6       		.byte	0xf6
ARM GAS  /tmp/ccS7jgE9.s 			page 13


 685 04ad 6B040000 		.4byte	0x46b
 686 04b1 00       		.byte	0
 687 04b2 10       		.uleb128 0x10
 688 04b3 73313700 		.ascii	"s17\000"
 689 04b7 08       		.byte	0x8
 690 04b8 F7       		.byte	0xf7
 691 04b9 6B040000 		.4byte	0x46b
 692 04bd 04       		.byte	0x4
 693 04be 10       		.uleb128 0x10
 694 04bf 73313800 		.ascii	"s18\000"
 695 04c3 08       		.byte	0x8
 696 04c4 F8       		.byte	0xf8
 697 04c5 6B040000 		.4byte	0x46b
 698 04c9 08       		.byte	0x8
 699 04ca 10       		.uleb128 0x10
 700 04cb 73313900 		.ascii	"s19\000"
 701 04cf 08       		.byte	0x8
 702 04d0 F9       		.byte	0xf9
 703 04d1 6B040000 		.4byte	0x46b
 704 04d5 0C       		.byte	0xc
 705 04d6 10       		.uleb128 0x10
 706 04d7 73323000 		.ascii	"s20\000"
 707 04db 08       		.byte	0x8
 708 04dc FA       		.byte	0xfa
 709 04dd 6B040000 		.4byte	0x46b
 710 04e1 10       		.byte	0x10
 711 04e2 10       		.uleb128 0x10
 712 04e3 73323100 		.ascii	"s21\000"
 713 04e7 08       		.byte	0x8
 714 04e8 FB       		.byte	0xfb
 715 04e9 6B040000 		.4byte	0x46b
 716 04ed 14       		.byte	0x14
 717 04ee 10       		.uleb128 0x10
 718 04ef 73323200 		.ascii	"s22\000"
 719 04f3 08       		.byte	0x8
 720 04f4 FC       		.byte	0xfc
 721 04f5 6B040000 		.4byte	0x46b
 722 04f9 18       		.byte	0x18
 723 04fa 10       		.uleb128 0x10
 724 04fb 73323300 		.ascii	"s23\000"
 725 04ff 08       		.byte	0x8
 726 0500 FD       		.byte	0xfd
 727 0501 6B040000 		.4byte	0x46b
 728 0505 1C       		.byte	0x1c
 729 0506 10       		.uleb128 0x10
 730 0507 73323400 		.ascii	"s24\000"
 731 050b 08       		.byte	0x8
 732 050c FE       		.byte	0xfe
 733 050d 6B040000 		.4byte	0x46b
 734 0511 20       		.byte	0x20
 735 0512 10       		.uleb128 0x10
 736 0513 73323500 		.ascii	"s25\000"
 737 0517 08       		.byte	0x8
 738 0518 FF       		.byte	0xff
 739 0519 6B040000 		.4byte	0x46b
 740 051d 24       		.byte	0x24
 741 051e 08       		.uleb128 0x8
ARM GAS  /tmp/ccS7jgE9.s 			page 14


 742 051f 73323600 		.ascii	"s26\000"
 743 0523 08       		.byte	0x8
 744 0524 0001     		.2byte	0x100
 745 0526 6B040000 		.4byte	0x46b
 746 052a 28       		.byte	0x28
 747 052b 08       		.uleb128 0x8
 748 052c 73323700 		.ascii	"s27\000"
 749 0530 08       		.byte	0x8
 750 0531 0101     		.2byte	0x101
 751 0533 6B040000 		.4byte	0x46b
 752 0537 2C       		.byte	0x2c
 753 0538 08       		.uleb128 0x8
 754 0539 73323800 		.ascii	"s28\000"
 755 053d 08       		.byte	0x8
 756 053e 0201     		.2byte	0x102
 757 0540 6B040000 		.4byte	0x46b
 758 0544 30       		.byte	0x30
 759 0545 08       		.uleb128 0x8
 760 0546 73323900 		.ascii	"s29\000"
 761 054a 08       		.byte	0x8
 762 054b 0301     		.2byte	0x103
 763 054d 6B040000 		.4byte	0x46b
 764 0551 34       		.byte	0x34
 765 0552 08       		.uleb128 0x8
 766 0553 73333000 		.ascii	"s30\000"
 767 0557 08       		.byte	0x8
 768 0558 0401     		.2byte	0x104
 769 055a 6B040000 		.4byte	0x46b
 770 055e 38       		.byte	0x38
 771 055f 08       		.uleb128 0x8
 772 0560 73333100 		.ascii	"s31\000"
 773 0564 08       		.byte	0x8
 774 0565 0501     		.2byte	0x105
 775 0567 6B040000 		.4byte	0x46b
 776 056b 3C       		.byte	0x3c
 777 056c 08       		.uleb128 0x8
 778 056d 723400   		.ascii	"r4\000"
 779 0570 08       		.byte	0x8
 780 0571 0701     		.2byte	0x107
 781 0573 6B040000 		.4byte	0x46b
 782 0577 40       		.byte	0x40
 783 0578 08       		.uleb128 0x8
 784 0579 723500   		.ascii	"r5\000"
 785 057c 08       		.byte	0x8
 786 057d 0801     		.2byte	0x108
 787 057f 6B040000 		.4byte	0x46b
 788 0583 44       		.byte	0x44
 789 0584 08       		.uleb128 0x8
 790 0585 723600   		.ascii	"r6\000"
 791 0588 08       		.byte	0x8
 792 0589 0901     		.2byte	0x109
 793 058b 6B040000 		.4byte	0x46b
 794 058f 48       		.byte	0x48
 795 0590 08       		.uleb128 0x8
 796 0591 723700   		.ascii	"r7\000"
 797 0594 08       		.byte	0x8
 798 0595 0A01     		.2byte	0x10a
ARM GAS  /tmp/ccS7jgE9.s 			page 15


 799 0597 6B040000 		.4byte	0x46b
 800 059b 4C       		.byte	0x4c
 801 059c 08       		.uleb128 0x8
 802 059d 723800   		.ascii	"r8\000"
 803 05a0 08       		.byte	0x8
 804 05a1 0B01     		.2byte	0x10b
 805 05a3 6B040000 		.4byte	0x46b
 806 05a7 50       		.byte	0x50
 807 05a8 08       		.uleb128 0x8
 808 05a9 723900   		.ascii	"r9\000"
 809 05ac 08       		.byte	0x8
 810 05ad 0C01     		.2byte	0x10c
 811 05af 6B040000 		.4byte	0x46b
 812 05b3 54       		.byte	0x54
 813 05b4 08       		.uleb128 0x8
 814 05b5 72313000 		.ascii	"r10\000"
 815 05b9 08       		.byte	0x8
 816 05ba 0D01     		.2byte	0x10d
 817 05bc 6B040000 		.4byte	0x46b
 818 05c0 58       		.byte	0x58
 819 05c1 08       		.uleb128 0x8
 820 05c2 72313100 		.ascii	"r11\000"
 821 05c6 08       		.byte	0x8
 822 05c7 0E01     		.2byte	0x10e
 823 05c9 6B040000 		.4byte	0x46b
 824 05cd 5C       		.byte	0x5c
 825 05ce 08       		.uleb128 0x8
 826 05cf 6C7200   		.ascii	"lr\000"
 827 05d2 08       		.byte	0x8
 828 05d3 0F01     		.2byte	0x10f
 829 05d5 6B040000 		.4byte	0x46b
 830 05d9 60       		.byte	0x60
 831 05da 00       		.byte	0
 832 05db 0A       		.uleb128 0xa
 833 05dc 04       		.byte	0x4
 834 05dd 9A040000 		.4byte	0x49a
 835 05e1 11       		.uleb128 0x11
 836 05e2 04       		.byte	0x4
 837 05e3 09       		.byte	0x9
 838 05e4 38       		.byte	0x38
 839 05e5 F6050000 		.4byte	0x5f6
 840 05e9 07       		.uleb128 0x7
 841 05ea E5050000 		.4byte	.LASF86
 842 05ee 09       		.byte	0x9
 843 05ef 3C       		.byte	0x3c
 844 05f0 C8000000 		.4byte	0xc8
 845 05f4 00       		.byte	0
 846 05f5 00       		.byte	0
 847 05f6 04       		.uleb128 0x4
 848 05f7 1B030000 		.4byte	.LASF87
 849 05fb 09       		.byte	0x9
 850 05fc 3D       		.byte	0x3d
 851 05fd E1050000 		.4byte	0x5e1
 852 0601 12       		.uleb128 0x12
 853 0602 04       		.byte	0x4
 854 0603 06       		.byte	0x6
 855 0604 FA       		.byte	0xfa
ARM GAS  /tmp/ccS7jgE9.s 			page 16


 856 0605 5E060000 		.4byte	0x65e
 857 0609 13       		.uleb128 0x13
 858 060a 2D000000 		.4byte	.LASF88
 859 060e 06       		.byte	0x6
 860 060f 0101     		.2byte	0x101
 861 0611 0A010000 		.4byte	0x10a
 862 0615 13       		.uleb128 0x13
 863 0616 8E000000 		.4byte	.LASF89
 864 061a 06       		.byte	0x6
 865 061b 0801     		.2byte	0x108
 866 061d 0A010000 		.4byte	0x10a
 867 0621 13       		.uleb128 0x13
 868 0622 5F060000 		.4byte	.LASF90
 869 0626 06       		.byte	0x6
 870 0627 0F01     		.2byte	0x10f
 871 0629 2E030000 		.4byte	0x32e
 872 062d 13       		.uleb128 0x13
 873 062e 27000000 		.4byte	.LASF91
 874 0632 06       		.byte	0x6
 875 0633 1601     		.2byte	0x116
 876 0635 5E060000 		.4byte	0x65e
 877 0639 13       		.uleb128 0x13
 878 063a EC010000 		.4byte	.LASF92
 879 063e 06       		.byte	0x6
 880 063f 1E01     		.2byte	0x11e
 881 0641 89060000 		.4byte	0x689
 882 0645 13       		.uleb128 0x13
 883 0646 49040000 		.4byte	.LASF93
 884 064a 06       		.byte	0x6
 885 064b 2701     		.2byte	0x127
 886 064d C0060000 		.4byte	0x6c0
 887 0651 13       		.uleb128 0x13
 888 0652 FA030000 		.4byte	.LASF94
 889 0656 06       		.byte	0x6
 890 0657 2F01     		.2byte	0x12f
 891 0659 15010000 		.4byte	0x115
 892 065d 00       		.byte	0
 893 065e 0A       		.uleb128 0xa
 894 065f 04       		.byte	0x4
 895 0660 46020000 		.4byte	0x246
 896 0664 06       		.uleb128 0x6
 897 0665 28040000 		.4byte	.LASF95
 898 0669 0C       		.byte	0xc
 899 066a 0A       		.byte	0xa
 900 066b 34       		.byte	0x34
 901 066c 89060000 		.4byte	0x689
 902 0670 07       		.uleb128 0x7
 903 0671 84010000 		.4byte	.LASF96
 904 0675 0A       		.byte	0xa
 905 0676 35       		.byte	0x35
 906 0677 7B020000 		.4byte	0x27b
 907 067b 00       		.byte	0
 908 067c 07       		.uleb128 0x7
 909 067d 6D060000 		.4byte	.LASF97
 910 0681 0A       		.byte	0xa
 911 0682 37       		.byte	0x37
 912 0683 20010000 		.4byte	0x120
ARM GAS  /tmp/ccS7jgE9.s 			page 17


 913 0687 08       		.byte	0x8
 914 0688 00       		.byte	0
 915 0689 0A       		.uleb128 0xa
 916 068a 04       		.byte	0x4
 917 068b 64060000 		.4byte	0x664
 918 068f 06       		.uleb128 0x6
 919 0690 20060000 		.4byte	.LASF98
 920 0694 10       		.byte	0x10
 921 0695 0B       		.byte	0xb
 922 0696 39       		.byte	0x39
 923 0697 C0060000 		.4byte	0x6c0
 924 069b 07       		.uleb128 0x7
 925 069c 39010000 		.4byte	.LASF99
 926 06a0 0B       		.byte	0xb
 927 06a1 3A       		.byte	0x3a
 928 06a2 7B020000 		.4byte	0x27b
 929 06a6 00       		.byte	0
 930 06a7 07       		.uleb128 0x7
 931 06a8 9D060000 		.4byte	.LASF100
 932 06ac 0B       		.byte	0xb
 933 06ad 3C       		.byte	0x3c
 934 06ae 51020000 		.4byte	0x251
 935 06b2 08       		.byte	0x8
 936 06b3 07       		.uleb128 0x7
 937 06b4 AB050000 		.4byte	.LASF101
 938 06b8 0B       		.byte	0xb
 939 06b9 3E       		.byte	0x3e
 940 06ba 03070000 		.4byte	0x703
 941 06be 0C       		.byte	0xc
 942 06bf 00       		.byte	0
 943 06c0 0A       		.uleb128 0xa
 944 06c1 04       		.byte	0x4
 945 06c2 8F060000 		.4byte	0x68f
 946 06c6 0A       		.uleb128 0xa
 947 06c7 04       		.byte	0x4
 948 06c8 CC060000 		.4byte	0x6cc
 949 06cc 14       		.uleb128 0x14
 950 06cd D1060000 		.4byte	0x6d1
 951 06d1 03       		.uleb128 0x3
 952 06d2 01       		.byte	0x1
 953 06d3 08       		.byte	0x8
 954 06d4 7A040000 		.4byte	.LASF102
 955 06d8 05       		.uleb128 0x5
 956 06d9 2B010000 		.4byte	0x12b
 957 06dd 0A       		.uleb128 0xa
 958 06de 04       		.byte	0x4
 959 06df 30030000 		.4byte	0x330
 960 06e3 05       		.uleb128 0x5
 961 06e4 C6060000 		.4byte	0x6c6
 962 06e8 15       		.uleb128 0x15
 963 06e9 76040000 		.4byte	0x476
 964 06ed F8060000 		.4byte	0x6f8
 965 06f1 16       		.uleb128 0x16
 966 06f2 64040000 		.4byte	0x464
 967 06f6 3A       		.byte	0x3a
 968 06f7 00       		.byte	0
 969 06f8 04       		.uleb128 0x4
ARM GAS  /tmp/ccS7jgE9.s 			page 18


 970 06f9 AC010000 		.4byte	.LASF103
 971 06fd 0B       		.byte	0xb
 972 06fe 34       		.byte	0x34
 973 06ff 8F060000 		.4byte	0x68f
 974 0703 0A       		.uleb128 0xa
 975 0704 04       		.byte	0x4
 976 0705 F8060000 		.4byte	0x6f8
 977 0709 03       		.uleb128 0x3
 978 070a 01       		.byte	0x1
 979 070b 02       		.byte	0x2
 980 070c 95030000 		.4byte	.LASF104
 981 0710 11       		.uleb128 0x11
 982 0711 1C       		.byte	0x1c
 983 0712 0C       		.byte	0xc
 984 0713 C1       		.byte	0xc1
 985 0714 6D070000 		.4byte	0x76d
 986 0718 07       		.uleb128 0x7
 987 0719 41010000 		.4byte	.LASF105
 988 071d 0C       		.byte	0xc
 989 071e C3       		.byte	0xc3
 990 071f AD000000 		.4byte	0xad
 991 0723 00       		.byte	0
 992 0724 07       		.uleb128 0x7
 993 0725 17020000 		.4byte	.LASF106
 994 0729 0C       		.byte	0xc
 995 072a C5       		.byte	0xc5
 996 072b AD000000 		.4byte	0xad
 997 072f 04       		.byte	0x4
 998 0730 07       		.uleb128 0x7
 999 0731 0F020000 		.4byte	.LASF107
 1000 0735 0C       		.byte	0xc
 1001 0736 C7       		.byte	0xc7
 1002 0737 AD000000 		.4byte	0xad
 1003 073b 08       		.byte	0x8
 1004 073c 07       		.uleb128 0x7
 1005 073d 88000000 		.4byte	.LASF108
 1006 0741 0C       		.byte	0xc
 1007 0742 C9       		.byte	0xc9
 1008 0743 AD000000 		.4byte	0xad
 1009 0747 0C       		.byte	0xc
 1010 0748 10       		.uleb128 0x10
 1011 0749 6F647200 		.ascii	"odr\000"
 1012 074d 0C       		.byte	0xc
 1013 074e CB       		.byte	0xcb
 1014 074f AD000000 		.4byte	0xad
 1015 0753 10       		.byte	0x10
 1016 0754 07       		.uleb128 0x7
 1017 0755 B9030000 		.4byte	.LASF109
 1018 0759 0C       		.byte	0xc
 1019 075a CD       		.byte	0xcd
 1020 075b AD000000 		.4byte	0xad
 1021 075f 14       		.byte	0x14
 1022 0760 07       		.uleb128 0x7
 1023 0761 2C030000 		.4byte	.LASF110
 1024 0765 0C       		.byte	0xc
 1025 0766 CF       		.byte	0xcf
 1026 0767 AD000000 		.4byte	0xad
ARM GAS  /tmp/ccS7jgE9.s 			page 19


 1027 076b 18       		.byte	0x18
 1028 076c 00       		.byte	0
 1029 076d 04       		.uleb128 0x4
 1030 076e 00000000 		.4byte	.LASF111
 1031 0772 0C       		.byte	0xc
 1032 0773 D0       		.byte	0xd0
 1033 0774 10070000 		.4byte	0x710
 1034 0778 11       		.uleb128 0x11
 1035 0779 FC       		.byte	0xfc
 1036 077a 0C       		.byte	0xc
 1037 077b D9       		.byte	0xd9
 1038 077c ED070000 		.4byte	0x7ed
 1039 0780 07       		.uleb128 0x7
 1040 0781 F3030000 		.4byte	.LASF112
 1041 0785 0C       		.byte	0xc
 1042 0786 DC       		.byte	0xdc
 1043 0787 6D070000 		.4byte	0x76d
 1044 078b 00       		.byte	0
 1045 078c 07       		.uleb128 0x7
 1046 078d B4010000 		.4byte	.LASF113
 1047 0791 0C       		.byte	0xc
 1048 0792 E0       		.byte	0xe0
 1049 0793 6D070000 		.4byte	0x76d
 1050 0797 1C       		.byte	0x1c
 1051 0798 07       		.uleb128 0x7
 1052 0799 73060000 		.4byte	.LASF114
 1053 079d 0C       		.byte	0xc
 1054 079e E4       		.byte	0xe4
 1055 079f 6D070000 		.4byte	0x76d
 1056 07a3 38       		.byte	0x38
 1057 07a4 07       		.uleb128 0x7
 1058 07a5 31030000 		.4byte	.LASF115
 1059 07a9 0C       		.byte	0xc
 1060 07aa E8       		.byte	0xe8
 1061 07ab 6D070000 		.4byte	0x76d
 1062 07af 54       		.byte	0x54
 1063 07b0 07       		.uleb128 0x7
 1064 07b1 64010000 		.4byte	.LASF116
 1065 07b5 0C       		.byte	0xc
 1066 07b6 EC       		.byte	0xec
 1067 07b7 6D070000 		.4byte	0x76d
 1068 07bb 70       		.byte	0x70
 1069 07bc 07       		.uleb128 0x7
 1070 07bd 31020000 		.4byte	.LASF117
 1071 07c1 0C       		.byte	0xc
 1072 07c2 F0       		.byte	0xf0
 1073 07c3 6D070000 		.4byte	0x76d
 1074 07c7 8C       		.byte	0x8c
 1075 07c8 07       		.uleb128 0x7
 1076 07c9 80020000 		.4byte	.LASF118
 1077 07cd 0C       		.byte	0xc
 1078 07ce F4       		.byte	0xf4
 1079 07cf 6D070000 		.4byte	0x76d
 1080 07d3 A8       		.byte	0xa8
 1081 07d4 07       		.uleb128 0x7
 1082 07d5 6A000000 		.4byte	.LASF119
 1083 07d9 0C       		.byte	0xc
ARM GAS  /tmp/ccS7jgE9.s 			page 20


 1084 07da F8       		.byte	0xf8
 1085 07db 6D070000 		.4byte	0x76d
 1086 07df C4       		.byte	0xc4
 1087 07e0 07       		.uleb128 0x7
 1088 07e1 10040000 		.4byte	.LASF120
 1089 07e5 0C       		.byte	0xc
 1090 07e6 FC       		.byte	0xfc
 1091 07e7 6D070000 		.4byte	0x76d
 1092 07eb E0       		.byte	0xe0
 1093 07ec 00       		.byte	0
 1094 07ed 04       		.uleb128 0x4
 1095 07ee 93060000 		.4byte	.LASF121
 1096 07f2 0C       		.byte	0xc
 1097 07f3 FE       		.byte	0xfe
 1098 07f4 78070000 		.4byte	0x778
 1099 07f8 17       		.uleb128 0x17
 1100 07f9 74030000 		.4byte	.LASF138
 1101 07fd 19       		.byte	0x19
 1102 07fe C101     		.2byte	0x1c1
 1103 0800 03       		.byte	0x3
 1104 0801 18       		.uleb128 0x18
 1105 0802 07020000 		.4byte	.LASF139
 1106 0806 01       		.byte	0x1
 1107 0807 38       		.byte	0x38
 1108 0808 00000000 		.4byte	.LFB256
 1109 080c 3C000000 		.4byte	.LFE256-.LFB256
 1110 0810 01       		.uleb128 0x1
 1111 0811 9C       		.byte	0x9c
 1112 0812 83080000 		.4byte	0x883
 1113 0816 19       		.uleb128 0x19
 1114 0817 06000000 		.4byte	.LVL0
 1115 081b AB080000 		.4byte	0x8ab
 1116 081f 19       		.uleb128 0x19
 1117 0820 0C000000 		.4byte	.LVL1
 1118 0824 B3080000 		.4byte	0x8b3
 1119 0828 19       		.uleb128 0x19
 1120 0829 10000000 		.4byte	.LVL2
 1121 082d CB080000 		.4byte	0x8cb
 1122 0831 19       		.uleb128 0x19
 1123 0832 14000000 		.4byte	.LVL3
 1124 0836 D2080000 		.4byte	0x8d2
 1125 083a 19       		.uleb128 0x19
 1126 083b 18000000 		.4byte	.LVL4
 1127 083f D9080000 		.4byte	0x8d9
 1128 0843 19       		.uleb128 0x19
 1129 0844 1C000000 		.4byte	.LVL5
 1130 0848 E0080000 		.4byte	0x8e0
 1131 084c 19       		.uleb128 0x19
 1132 084d 20000000 		.4byte	.LVL6
 1133 0851 E7080000 		.4byte	0x8e7
 1134 0855 19       		.uleb128 0x19
 1135 0856 24000000 		.4byte	.LVL7
 1136 085a EF080000 		.4byte	0x8ef
 1137 085e 19       		.uleb128 0x19
 1138 085f 28000000 		.4byte	.LVL8
 1139 0863 F7080000 		.4byte	0x8f7
 1140 0867 19       		.uleb128 0x19
ARM GAS  /tmp/ccS7jgE9.s 			page 21


 1141 0868 2C000000 		.4byte	.LVL9
 1142 086c FF080000 		.4byte	0x8ff
 1143 0870 19       		.uleb128 0x19
 1144 0871 30000000 		.4byte	.LVL10
 1145 0875 06090000 		.4byte	0x906
 1146 0879 1A       		.uleb128 0x1a
 1147 087a 38000000 		.4byte	.LVL11
 1148 087e 0E090000 		.4byte	0x90e
 1149 0882 00       		.byte	0
 1150 0883 1B       		.uleb128 0x1b
 1151 0884 B8000000 		.4byte	.LASF122
 1152 0888 0D       		.byte	0xd
 1153 0889 A706     		.2byte	0x6a7
 1154 088b C3000000 		.4byte	0xc3
 1155 088f 1C       		.uleb128 0x1c
 1156 0890 636800   		.ascii	"ch\000"
 1157 0893 06       		.byte	0x6
 1158 0894 0902     		.2byte	0x209
 1159 0896 FD030000 		.4byte	0x3fd
 1160 089a 1B       		.uleb128 0x1b
 1161 089b A5060000 		.4byte	.LASF123
 1162 089f 0C       		.byte	0xc
 1163 08a0 DA01     		.2byte	0x1da
 1164 08a2 A6080000 		.4byte	0x8a6
 1165 08a6 14       		.uleb128 0x14
 1166 08a7 ED070000 		.4byte	0x7ed
 1167 08ab 1D       		.uleb128 0x1d
 1168 08ac F4050000 		.4byte	.LASF124
 1169 08b0 0E       		.byte	0xe
 1170 08b1 1206     		.2byte	0x612
 1171 08b3 1E       		.uleb128 0x1e
 1172 08b4 30060000 		.4byte	.LASF140
 1173 08b8 0C       		.byte	0xc
 1174 08b9 DF01     		.2byte	0x1df
 1175 08bb C5080000 		.4byte	0x8c5
 1176 08bf 0D       		.uleb128 0xd
 1177 08c0 C5080000 		.4byte	0x8c5
 1178 08c4 00       		.byte	0
 1179 08c5 0A       		.uleb128 0xa
 1180 08c6 04       		.byte	0x4
 1181 08c7 A6080000 		.4byte	0x8a6
 1182 08cb 1F       		.uleb128 0x1f
 1183 08cc 87020000 		.4byte	.LASF125
 1184 08d0 0F       		.byte	0xf
 1185 08d1 F6       		.byte	0xf6
 1186 08d2 1F       		.uleb128 0x1f
 1187 08d3 34000000 		.4byte	.LASF126
 1188 08d7 10       		.byte	0x10
 1189 08d8 7E       		.byte	0x7e
 1190 08d9 1F       		.uleb128 0x1f
 1191 08da BE030000 		.4byte	.LASF127
 1192 08de 11       		.byte	0x11
 1193 08df 85       		.byte	0x85
 1194 08e0 1F       		.uleb128 0x1f
 1195 08e1 85060000 		.4byte	.LASF128
 1196 08e5 12       		.byte	0x12
 1197 08e6 8B       		.byte	0x8b
ARM GAS  /tmp/ccS7jgE9.s 			page 22


 1198 08e7 1D       		.uleb128 0x1d
 1199 08e8 74010000 		.4byte	.LASF129
 1200 08ec 13       		.byte	0x13
 1201 08ed 1F01     		.2byte	0x11f
 1202 08ef 1D       		.uleb128 0x1d
 1203 08f0 9A020000 		.4byte	.LASF130
 1204 08f4 14       		.byte	0x14
 1205 08f5 0601     		.2byte	0x106
 1206 08f7 1D       		.uleb128 0x1d
 1207 08f8 7F040000 		.4byte	.LASF131
 1208 08fc 15       		.byte	0x15
 1209 08fd 3502     		.2byte	0x235
 1210 08ff 1F       		.uleb128 0x1f
 1211 0900 B1030000 		.4byte	.LASF132
 1212 0904 16       		.byte	0x16
 1213 0905 F6       		.byte	0xf6
 1214 0906 1D       		.uleb128 0x1d
 1215 0907 47060000 		.4byte	.LASF133
 1216 090b 17       		.byte	0x17
 1217 090c 0A05     		.2byte	0x50a
 1218 090e 1F       		.uleb128 0x1f
 1219 090f 20000000 		.4byte	.LASF134
 1220 0913 18       		.byte	0x18
 1221 0914 56       		.byte	0x56
 1222 0915 00       		.byte	0
 1223              		.section	.debug_abbrev,"",%progbits
 1224              	.Ldebug_abbrev0:
 1225 0000 01       		.uleb128 0x1
 1226 0001 11       		.uleb128 0x11
 1227 0002 01       		.byte	0x1
 1228 0003 25       		.uleb128 0x25
 1229 0004 0E       		.uleb128 0xe
 1230 0005 13       		.uleb128 0x13
 1231 0006 0B       		.uleb128 0xb
 1232 0007 03       		.uleb128 0x3
 1233 0008 0E       		.uleb128 0xe
 1234 0009 1B       		.uleb128 0x1b
 1235 000a 0E       		.uleb128 0xe
 1236 000b 55       		.uleb128 0x55
 1237 000c 17       		.uleb128 0x17
 1238 000d 11       		.uleb128 0x11
 1239 000e 01       		.uleb128 0x1
 1240 000f 10       		.uleb128 0x10
 1241 0010 17       		.uleb128 0x17
 1242 0011 00       		.byte	0
 1243 0012 00       		.byte	0
 1244 0013 02       		.uleb128 0x2
 1245 0014 24       		.uleb128 0x24
 1246 0015 00       		.byte	0
 1247 0016 0B       		.uleb128 0xb
 1248 0017 0B       		.uleb128 0xb
 1249 0018 3E       		.uleb128 0x3e
 1250 0019 0B       		.uleb128 0xb
 1251 001a 03       		.uleb128 0x3
 1252 001b 08       		.uleb128 0x8
 1253 001c 00       		.byte	0
 1254 001d 00       		.byte	0
ARM GAS  /tmp/ccS7jgE9.s 			page 23


 1255 001e 03       		.uleb128 0x3
 1256 001f 24       		.uleb128 0x24
 1257 0020 00       		.byte	0
 1258 0021 0B       		.uleb128 0xb
 1259 0022 0B       		.uleb128 0xb
 1260 0023 3E       		.uleb128 0x3e
 1261 0024 0B       		.uleb128 0xb
 1262 0025 03       		.uleb128 0x3
 1263 0026 0E       		.uleb128 0xe
 1264 0027 00       		.byte	0
 1265 0028 00       		.byte	0
 1266 0029 04       		.uleb128 0x4
 1267 002a 16       		.uleb128 0x16
 1268 002b 00       		.byte	0
 1269 002c 03       		.uleb128 0x3
 1270 002d 0E       		.uleb128 0xe
 1271 002e 3A       		.uleb128 0x3a
 1272 002f 0B       		.uleb128 0xb
 1273 0030 3B       		.uleb128 0x3b
 1274 0031 0B       		.uleb128 0xb
 1275 0032 49       		.uleb128 0x49
 1276 0033 13       		.uleb128 0x13
 1277 0034 00       		.byte	0
 1278 0035 00       		.byte	0
 1279 0036 05       		.uleb128 0x5
 1280 0037 35       		.uleb128 0x35
 1281 0038 00       		.byte	0
 1282 0039 49       		.uleb128 0x49
 1283 003a 13       		.uleb128 0x13
 1284 003b 00       		.byte	0
 1285 003c 00       		.byte	0
 1286 003d 06       		.uleb128 0x6
 1287 003e 13       		.uleb128 0x13
 1288 003f 01       		.byte	0x1
 1289 0040 03       		.uleb128 0x3
 1290 0041 0E       		.uleb128 0xe
 1291 0042 0B       		.uleb128 0xb
 1292 0043 0B       		.uleb128 0xb
 1293 0044 3A       		.uleb128 0x3a
 1294 0045 0B       		.uleb128 0xb
 1295 0046 3B       		.uleb128 0x3b
 1296 0047 0B       		.uleb128 0xb
 1297 0048 01       		.uleb128 0x1
 1298 0049 13       		.uleb128 0x13
 1299 004a 00       		.byte	0
 1300 004b 00       		.byte	0
 1301 004c 07       		.uleb128 0x7
 1302 004d 0D       		.uleb128 0xd
 1303 004e 00       		.byte	0
 1304 004f 03       		.uleb128 0x3
 1305 0050 0E       		.uleb128 0xe
 1306 0051 3A       		.uleb128 0x3a
 1307 0052 0B       		.uleb128 0xb
 1308 0053 3B       		.uleb128 0x3b
 1309 0054 0B       		.uleb128 0xb
 1310 0055 49       		.uleb128 0x49
 1311 0056 13       		.uleb128 0x13
ARM GAS  /tmp/ccS7jgE9.s 			page 24


 1312 0057 38       		.uleb128 0x38
 1313 0058 0B       		.uleb128 0xb
 1314 0059 00       		.byte	0
 1315 005a 00       		.byte	0
 1316 005b 08       		.uleb128 0x8
 1317 005c 0D       		.uleb128 0xd
 1318 005d 00       		.byte	0
 1319 005e 03       		.uleb128 0x3
 1320 005f 08       		.uleb128 0x8
 1321 0060 3A       		.uleb128 0x3a
 1322 0061 0B       		.uleb128 0xb
 1323 0062 3B       		.uleb128 0x3b
 1324 0063 05       		.uleb128 0x5
 1325 0064 49       		.uleb128 0x49
 1326 0065 13       		.uleb128 0x13
 1327 0066 38       		.uleb128 0x38
 1328 0067 0B       		.uleb128 0xb
 1329 0068 00       		.byte	0
 1330 0069 00       		.byte	0
 1331 006a 09       		.uleb128 0x9
 1332 006b 0D       		.uleb128 0xd
 1333 006c 00       		.byte	0
 1334 006d 03       		.uleb128 0x3
 1335 006e 0E       		.uleb128 0xe
 1336 006f 3A       		.uleb128 0x3a
 1337 0070 0B       		.uleb128 0xb
 1338 0071 3B       		.uleb128 0x3b
 1339 0072 05       		.uleb128 0x5
 1340 0073 49       		.uleb128 0x49
 1341 0074 13       		.uleb128 0x13
 1342 0075 38       		.uleb128 0x38
 1343 0076 0B       		.uleb128 0xb
 1344 0077 00       		.byte	0
 1345 0078 00       		.byte	0
 1346 0079 0A       		.uleb128 0xa
 1347 007a 0F       		.uleb128 0xf
 1348 007b 00       		.byte	0
 1349 007c 0B       		.uleb128 0xb
 1350 007d 0B       		.uleb128 0xb
 1351 007e 49       		.uleb128 0x49
 1352 007f 13       		.uleb128 0x13
 1353 0080 00       		.byte	0
 1354 0081 00       		.byte	0
 1355 0082 0B       		.uleb128 0xb
 1356 0083 13       		.uleb128 0x13
 1357 0084 01       		.byte	0x1
 1358 0085 03       		.uleb128 0x3
 1359 0086 0E       		.uleb128 0xe
 1360 0087 0B       		.uleb128 0xb
 1361 0088 0B       		.uleb128 0xb
 1362 0089 3A       		.uleb128 0x3a
 1363 008a 0B       		.uleb128 0xb
 1364 008b 3B       		.uleb128 0x3b
 1365 008c 05       		.uleb128 0x5
 1366 008d 01       		.uleb128 0x1
 1367 008e 13       		.uleb128 0x13
 1368 008f 00       		.byte	0
ARM GAS  /tmp/ccS7jgE9.s 			page 25


 1369 0090 00       		.byte	0
 1370 0091 0C       		.uleb128 0xc
 1371 0092 15       		.uleb128 0x15
 1372 0093 01       		.byte	0x1
 1373 0094 27       		.uleb128 0x27
 1374 0095 19       		.uleb128 0x19
 1375 0096 01       		.uleb128 0x1
 1376 0097 13       		.uleb128 0x13
 1377 0098 00       		.byte	0
 1378 0099 00       		.byte	0
 1379 009a 0D       		.uleb128 0xd
 1380 009b 05       		.uleb128 0x5
 1381 009c 00       		.byte	0
 1382 009d 49       		.uleb128 0x49
 1383 009e 13       		.uleb128 0x13
 1384 009f 00       		.byte	0
 1385 00a0 00       		.byte	0
 1386 00a1 0E       		.uleb128 0xe
 1387 00a2 0F       		.uleb128 0xf
 1388 00a3 00       		.byte	0
 1389 00a4 0B       		.uleb128 0xb
 1390 00a5 0B       		.uleb128 0xb
 1391 00a6 00       		.byte	0
 1392 00a7 00       		.byte	0
 1393 00a8 0F       		.uleb128 0xf
 1394 00a9 13       		.uleb128 0x13
 1395 00aa 01       		.byte	0x1
 1396 00ab 03       		.uleb128 0x3
 1397 00ac 0E       		.uleb128 0xe
 1398 00ad 0B       		.uleb128 0xb
 1399 00ae 05       		.uleb128 0x5
 1400 00af 3A       		.uleb128 0x3a
 1401 00b0 0B       		.uleb128 0xb
 1402 00b1 3B       		.uleb128 0x3b
 1403 00b2 05       		.uleb128 0x5
 1404 00b3 01       		.uleb128 0x1
 1405 00b4 13       		.uleb128 0x13
 1406 00b5 00       		.byte	0
 1407 00b6 00       		.byte	0
 1408 00b7 10       		.uleb128 0x10
 1409 00b8 0D       		.uleb128 0xd
 1410 00b9 00       		.byte	0
 1411 00ba 03       		.uleb128 0x3
 1412 00bb 08       		.uleb128 0x8
 1413 00bc 3A       		.uleb128 0x3a
 1414 00bd 0B       		.uleb128 0xb
 1415 00be 3B       		.uleb128 0x3b
 1416 00bf 0B       		.uleb128 0xb
 1417 00c0 49       		.uleb128 0x49
 1418 00c1 13       		.uleb128 0x13
 1419 00c2 38       		.uleb128 0x38
 1420 00c3 0B       		.uleb128 0xb
 1421 00c4 00       		.byte	0
 1422 00c5 00       		.byte	0
 1423 00c6 11       		.uleb128 0x11
 1424 00c7 13       		.uleb128 0x13
 1425 00c8 01       		.byte	0x1
ARM GAS  /tmp/ccS7jgE9.s 			page 26


 1426 00c9 0B       		.uleb128 0xb
 1427 00ca 0B       		.uleb128 0xb
 1428 00cb 3A       		.uleb128 0x3a
 1429 00cc 0B       		.uleb128 0xb
 1430 00cd 3B       		.uleb128 0x3b
 1431 00ce 0B       		.uleb128 0xb
 1432 00cf 01       		.uleb128 0x1
 1433 00d0 13       		.uleb128 0x13
 1434 00d1 00       		.byte	0
 1435 00d2 00       		.byte	0
 1436 00d3 12       		.uleb128 0x12
 1437 00d4 17       		.uleb128 0x17
 1438 00d5 01       		.byte	0x1
 1439 00d6 0B       		.uleb128 0xb
 1440 00d7 0B       		.uleb128 0xb
 1441 00d8 3A       		.uleb128 0x3a
 1442 00d9 0B       		.uleb128 0xb
 1443 00da 3B       		.uleb128 0x3b
 1444 00db 0B       		.uleb128 0xb
 1445 00dc 01       		.uleb128 0x1
 1446 00dd 13       		.uleb128 0x13
 1447 00de 00       		.byte	0
 1448 00df 00       		.byte	0
 1449 00e0 13       		.uleb128 0x13
 1450 00e1 0D       		.uleb128 0xd
 1451 00e2 00       		.byte	0
 1452 00e3 03       		.uleb128 0x3
 1453 00e4 0E       		.uleb128 0xe
 1454 00e5 3A       		.uleb128 0x3a
 1455 00e6 0B       		.uleb128 0xb
 1456 00e7 3B       		.uleb128 0x3b
 1457 00e8 05       		.uleb128 0x5
 1458 00e9 49       		.uleb128 0x49
 1459 00ea 13       		.uleb128 0x13
 1460 00eb 00       		.byte	0
 1461 00ec 00       		.byte	0
 1462 00ed 14       		.uleb128 0x14
 1463 00ee 26       		.uleb128 0x26
 1464 00ef 00       		.byte	0
 1465 00f0 49       		.uleb128 0x49
 1466 00f1 13       		.uleb128 0x13
 1467 00f2 00       		.byte	0
 1468 00f3 00       		.byte	0
 1469 00f4 15       		.uleb128 0x15
 1470 00f5 01       		.uleb128 0x1
 1471 00f6 01       		.byte	0x1
 1472 00f7 49       		.uleb128 0x49
 1473 00f8 13       		.uleb128 0x13
 1474 00f9 01       		.uleb128 0x1
 1475 00fa 13       		.uleb128 0x13
 1476 00fb 00       		.byte	0
 1477 00fc 00       		.byte	0
 1478 00fd 16       		.uleb128 0x16
 1479 00fe 21       		.uleb128 0x21
 1480 00ff 00       		.byte	0
 1481 0100 49       		.uleb128 0x49
 1482 0101 13       		.uleb128 0x13
ARM GAS  /tmp/ccS7jgE9.s 			page 27


 1483 0102 2F       		.uleb128 0x2f
 1484 0103 0B       		.uleb128 0xb
 1485 0104 00       		.byte	0
 1486 0105 00       		.byte	0
 1487 0106 17       		.uleb128 0x17
 1488 0107 2E       		.uleb128 0x2e
 1489 0108 00       		.byte	0
 1490 0109 03       		.uleb128 0x3
 1491 010a 0E       		.uleb128 0xe
 1492 010b 3A       		.uleb128 0x3a
 1493 010c 0B       		.uleb128 0xb
 1494 010d 3B       		.uleb128 0x3b
 1495 010e 05       		.uleb128 0x5
 1496 010f 27       		.uleb128 0x27
 1497 0110 19       		.uleb128 0x19
 1498 0111 20       		.uleb128 0x20
 1499 0112 0B       		.uleb128 0xb
 1500 0113 00       		.byte	0
 1501 0114 00       		.byte	0
 1502 0115 18       		.uleb128 0x18
 1503 0116 2E       		.uleb128 0x2e
 1504 0117 01       		.byte	0x1
 1505 0118 3F       		.uleb128 0x3f
 1506 0119 19       		.uleb128 0x19
 1507 011a 03       		.uleb128 0x3
 1508 011b 0E       		.uleb128 0xe
 1509 011c 3A       		.uleb128 0x3a
 1510 011d 0B       		.uleb128 0xb
 1511 011e 3B       		.uleb128 0x3b
 1512 011f 0B       		.uleb128 0xb
 1513 0120 27       		.uleb128 0x27
 1514 0121 19       		.uleb128 0x19
 1515 0122 11       		.uleb128 0x11
 1516 0123 01       		.uleb128 0x1
 1517 0124 12       		.uleb128 0x12
 1518 0125 06       		.uleb128 0x6
 1519 0126 40       		.uleb128 0x40
 1520 0127 18       		.uleb128 0x18
 1521 0128 9742     		.uleb128 0x2117
 1522 012a 19       		.uleb128 0x19
 1523 012b 01       		.uleb128 0x1
 1524 012c 13       		.uleb128 0x13
 1525 012d 00       		.byte	0
 1526 012e 00       		.byte	0
 1527 012f 19       		.uleb128 0x19
 1528 0130 898201   		.uleb128 0x4109
 1529 0133 00       		.byte	0
 1530 0134 11       		.uleb128 0x11
 1531 0135 01       		.uleb128 0x1
 1532 0136 31       		.uleb128 0x31
 1533 0137 13       		.uleb128 0x13
 1534 0138 00       		.byte	0
 1535 0139 00       		.byte	0
 1536 013a 1A       		.uleb128 0x1a
 1537 013b 898201   		.uleb128 0x4109
 1538 013e 00       		.byte	0
 1539 013f 11       		.uleb128 0x11
ARM GAS  /tmp/ccS7jgE9.s 			page 28


 1540 0140 01       		.uleb128 0x1
 1541 0141 9542     		.uleb128 0x2115
 1542 0143 19       		.uleb128 0x19
 1543 0144 31       		.uleb128 0x31
 1544 0145 13       		.uleb128 0x13
 1545 0146 00       		.byte	0
 1546 0147 00       		.byte	0
 1547 0148 1B       		.uleb128 0x1b
 1548 0149 34       		.uleb128 0x34
 1549 014a 00       		.byte	0
 1550 014b 03       		.uleb128 0x3
 1551 014c 0E       		.uleb128 0xe
 1552 014d 3A       		.uleb128 0x3a
 1553 014e 0B       		.uleb128 0xb
 1554 014f 3B       		.uleb128 0x3b
 1555 0150 05       		.uleb128 0x5
 1556 0151 49       		.uleb128 0x49
 1557 0152 13       		.uleb128 0x13
 1558 0153 3F       		.uleb128 0x3f
 1559 0154 19       		.uleb128 0x19
 1560 0155 3C       		.uleb128 0x3c
 1561 0156 19       		.uleb128 0x19
 1562 0157 00       		.byte	0
 1563 0158 00       		.byte	0
 1564 0159 1C       		.uleb128 0x1c
 1565 015a 34       		.uleb128 0x34
 1566 015b 00       		.byte	0
 1567 015c 03       		.uleb128 0x3
 1568 015d 08       		.uleb128 0x8
 1569 015e 3A       		.uleb128 0x3a
 1570 015f 0B       		.uleb128 0xb
 1571 0160 3B       		.uleb128 0x3b
 1572 0161 05       		.uleb128 0x5
 1573 0162 49       		.uleb128 0x49
 1574 0163 13       		.uleb128 0x13
 1575 0164 3F       		.uleb128 0x3f
 1576 0165 19       		.uleb128 0x19
 1577 0166 3C       		.uleb128 0x3c
 1578 0167 19       		.uleb128 0x19
 1579 0168 00       		.byte	0
 1580 0169 00       		.byte	0
 1581 016a 1D       		.uleb128 0x1d
 1582 016b 2E       		.uleb128 0x2e
 1583 016c 00       		.byte	0
 1584 016d 3F       		.uleb128 0x3f
 1585 016e 19       		.uleb128 0x19
 1586 016f 03       		.uleb128 0x3
 1587 0170 0E       		.uleb128 0xe
 1588 0171 3A       		.uleb128 0x3a
 1589 0172 0B       		.uleb128 0xb
 1590 0173 3B       		.uleb128 0x3b
 1591 0174 05       		.uleb128 0x5
 1592 0175 27       		.uleb128 0x27
 1593 0176 19       		.uleb128 0x19
 1594 0177 3C       		.uleb128 0x3c
 1595 0178 19       		.uleb128 0x19
 1596 0179 00       		.byte	0
ARM GAS  /tmp/ccS7jgE9.s 			page 29


 1597 017a 00       		.byte	0
 1598 017b 1E       		.uleb128 0x1e
 1599 017c 2E       		.uleb128 0x2e
 1600 017d 01       		.byte	0x1
 1601 017e 3F       		.uleb128 0x3f
 1602 017f 19       		.uleb128 0x19
 1603 0180 03       		.uleb128 0x3
 1604 0181 0E       		.uleb128 0xe
 1605 0182 3A       		.uleb128 0x3a
 1606 0183 0B       		.uleb128 0xb
 1607 0184 3B       		.uleb128 0x3b
 1608 0185 05       		.uleb128 0x5
 1609 0186 27       		.uleb128 0x27
 1610 0187 19       		.uleb128 0x19
 1611 0188 3C       		.uleb128 0x3c
 1612 0189 19       		.uleb128 0x19
 1613 018a 01       		.uleb128 0x1
 1614 018b 13       		.uleb128 0x13
 1615 018c 00       		.byte	0
 1616 018d 00       		.byte	0
 1617 018e 1F       		.uleb128 0x1f
 1618 018f 2E       		.uleb128 0x2e
 1619 0190 00       		.byte	0
 1620 0191 3F       		.uleb128 0x3f
 1621 0192 19       		.uleb128 0x19
 1622 0193 03       		.uleb128 0x3
 1623 0194 0E       		.uleb128 0xe
 1624 0195 3A       		.uleb128 0x3a
 1625 0196 0B       		.uleb128 0xb
 1626 0197 3B       		.uleb128 0x3b
 1627 0198 0B       		.uleb128 0xb
 1628 0199 27       		.uleb128 0x27
 1629 019a 19       		.uleb128 0x19
 1630 019b 3C       		.uleb128 0x3c
 1631 019c 19       		.uleb128 0x19
 1632 019d 00       		.byte	0
 1633 019e 00       		.byte	0
 1634 019f 00       		.byte	0
 1635              		.section	.debug_aranges,"",%progbits
 1636 0000 1C000000 		.4byte	0x1c
 1637 0004 0200     		.2byte	0x2
 1638 0006 00000000 		.4byte	.Ldebug_info0
 1639 000a 04       		.byte	0x4
 1640 000b 00       		.byte	0
 1641 000c 0000     		.2byte	0
 1642 000e 0000     		.2byte	0
 1643 0010 00000000 		.4byte	.LFB256
 1644 0014 3C000000 		.4byte	.LFE256-.LFB256
 1645 0018 00000000 		.4byte	0
 1646 001c 00000000 		.4byte	0
 1647              		.section	.debug_ranges,"",%progbits
 1648              	.Ldebug_ranges0:
 1649 0000 00000000 		.4byte	.LFB256
 1650 0004 3C000000 		.4byte	.LFE256
 1651 0008 00000000 		.4byte	0
 1652 000c 00000000 		.4byte	0
 1653              		.section	.debug_line,"",%progbits
ARM GAS  /tmp/ccS7jgE9.s 			page 30


 1654              	.Ldebug_line0:
 1655 0000 0C030000 		.section	.debug_str,"MS",%progbits,1
 1655      0200E202 
 1655      00000201 
 1655      FB0E0D00 
 1655      01010101 
 1656              	.LASF111:
 1657 0000 73746D33 		.ascii	"stm32_gpio_setup_t\000"
 1657      325F6770 
 1657      696F5F73 
 1657      65747570 
 1657      5F7400
 1658              	.LASF53:
 1659 0013 72656164 		.ascii	"ready_list_t\000"
 1659      795F6C69 
 1659      73745F74 
 1659      00
 1660              	.LASF134:
 1661 0020 7374496E 		.ascii	"stInit\000"
 1661      697400
 1662              	.LASF91:
 1663 0027 77747472 		.ascii	"wttrp\000"
 1663      7000
 1664              	.LASF88:
 1665 002d 7264796D 		.ascii	"rdymsg\000"
 1665      736700
 1666              	.LASF126:
 1667 0034 63616E49 		.ascii	"canInit\000"
 1667      6E697400 
 1668              	.LASF16:
 1669 003c 75696E74 		.ascii	"uint64_t\000"
 1669      36345F74 
 1669      00
 1670              	.LASF5:
 1671 0045 5F5F7569 		.ascii	"__uint8_t\000"
 1671      6E74385F 
 1671      7400
 1672              	.LASF85:
 1673 004f 706F7274 		.ascii	"port_intctx\000"
 1673      5F696E74 
 1673      63747800 
 1674              	.LASF72:
 1675 005b 73797374 		.ascii	"system_debug_t\000"
 1675      656D5F64 
 1675      65627567 
 1675      5F7400
 1676              	.LASF119:
 1677 006a 50484461 		.ascii	"PHData\000"
 1677      746100
 1678              	.LASF12:
 1679 0071 6C6F6E67 		.ascii	"long long unsigned int\000"
 1679      206C6F6E 
 1679      6720756E 
 1679      7369676E 
 1679      65642069 
 1680              	.LASF108:
 1681 0088 70757064 		.ascii	"pupdr\000"
ARM GAS  /tmp/ccS7jgE9.s 			page 31


 1681      7200
 1682              	.LASF89:
 1683 008e 65786974 		.ascii	"exitcode\000"
 1683      636F6465 
 1683      00
 1684              	.LASF79:
 1685 0097 6D61696E 		.ascii	"mainthread\000"
 1685      74687265 
 1685      616400
 1686              	.LASF69:
 1687 00a2 76697274 		.ascii	"virtual_timers_list_t\000"
 1687      75616C5F 
 1687      74696D65 
 1687      72735F6C 
 1687      6973745F 
 1688              	.LASF122:
 1689 00b8 49544D5F 		.ascii	"ITM_RxBuffer\000"
 1689      52784275 
 1689      66666572 
 1689      00
 1690              	.LASF52:
 1691 00c5 63685F74 		.ascii	"ch_threads_queue\000"
 1691      68726561 
 1691      64735F71 
 1691      75657565 
 1691      00
 1692              	.LASF30:
 1693 00d6 705F7072 		.ascii	"p_prio\000"
 1693      696F00
 1694              	.LASF10:
 1695 00dd 6C6F6E67 		.ascii	"long long int\000"
 1695      206C6F6E 
 1695      6720696E 
 1695      7400
 1696              	.LASF1:
 1697 00eb 7369676E 		.ascii	"signed char\000"
 1697      65642063 
 1697      68617200 
 1698              	.LASF137:
 1699 00f7 2F686F6D 		.ascii	"/home/benjamin/Skrivbord/SP-RCCar/Embedded/RC_Contr"
 1699      652F6265 
 1699      6E6A616D 
 1699      696E2F53 
 1699      6B726976 
 1700 012a 6F6C6C65 		.ascii	"oller/\000"
 1700      722F00
 1701              	.LASF46:
 1702 0131 705F6D70 		.ascii	"p_mpool\000"
 1702      6F6F6C00 
 1703              	.LASF99:
 1704 0139 6D5F7175 		.ascii	"m_queue\000"
 1704      65756500 
 1705              	.LASF105:
 1706 0141 6D6F6465 		.ascii	"moder\000"
 1706      7200
 1707              	.LASF21:
 1708 0147 74736C69 		.ascii	"tslices_t\000"
ARM GAS  /tmp/ccS7jgE9.s 			page 32


 1708      6365735F 
 1708      7400
 1709              	.LASF76:
 1710 0151 63685F73 		.ascii	"ch_system\000"
 1710      79737465 
 1710      6D00
 1711              	.LASF7:
 1712 015b 6C6F6E67 		.ascii	"long int\000"
 1712      20696E74 
 1712      00
 1713              	.LASF116:
 1714 0164 50454461 		.ascii	"PEData\000"
 1714      746100
 1715              	.LASF19:
 1716 016b 74737461 		.ascii	"tstate_t\000"
 1716      74655F74 
 1716      00
 1717              	.LASF129:
 1718 0174 70776D49 		.ascii	"pwmInit\000"
 1718      6E697400 
 1719              	.LASF32:
 1720 017c 705F6E65 		.ascii	"p_newer\000"
 1720      77657200 
 1721              	.LASF96:
 1722 0184 735F7175 		.ascii	"s_queue\000"
 1722      65756500 
 1723              	.LASF58:
 1724 018c 725F6E65 		.ascii	"r_newer\000"
 1724      77657200 
 1725              	.LASF82:
 1726 0194 72656761 		.ascii	"regarm_t\000"
 1726      726D5F74 
 1726      00
 1727              	.LASF65:
 1728 019d 76745F70 		.ascii	"vt_prev\000"
 1728      72657600 
 1729              	.LASF78:
 1730 01a5 76746C69 		.ascii	"vtlist\000"
 1730      737400
 1731              	.LASF103:
 1732 01ac 6D757465 		.ascii	"mutex_t\000"
 1732      785F7400 
 1733              	.LASF113:
 1734 01b4 50424461 		.ascii	"PBData\000"
 1734      746100
 1735              	.LASF80:
 1736 01bb 69646C65 		.ascii	"idle_thread_wa\000"
 1736      5F746872 
 1736      6561645F 
 1736      776100
 1737              	.LASF25:
 1738 01ca 636E745F 		.ascii	"cnt_t\000"
 1738      7400
 1739              	.LASF0:
 1740 01d0 756E7369 		.ascii	"unsigned int\000"
 1740      676E6564 
 1740      20696E74 
ARM GAS  /tmp/ccS7jgE9.s 			page 33


 1740      00
 1741              	.LASF64:
 1742 01dd 76745F6E 		.ascii	"vt_next\000"
 1742      65787400 
 1743              	.LASF39:
 1744 01e5 705F7469 		.ascii	"p_time\000"
 1744      6D6500
 1745              	.LASF92:
 1746 01ec 77747365 		.ascii	"wtsemp\000"
 1746      6D7000
 1747              	.LASF66:
 1748 01f3 76745F64 		.ascii	"vt_delta\000"
 1748      656C7461 
 1748      00
 1749              	.LASF41:
 1750 01fc 705F6D73 		.ascii	"p_msgqueue\000"
 1750      67717565 
 1750      756500
 1751              	.LASF139:
 1752 0207 68616C49 		.ascii	"halInit\000"
 1752      6E697400 
 1753              	.LASF107:
 1754 020f 6F737065 		.ascii	"ospeedr\000"
 1754      65647200 
 1755              	.LASF106:
 1756 0217 6F747970 		.ascii	"otyper\000"
 1756      657200
 1757              	.LASF4:
 1758 021e 73686F72 		.ascii	"short unsigned int\000"
 1758      7420756E 
 1758      7369676E 
 1758      65642069 
 1758      6E7400
 1759              	.LASF117:
 1760 0231 50464461 		.ascii	"PFData\000"
 1760      746100
 1761              	.LASF49:
 1762 0238 63685F74 		.ascii	"ch_thread\000"
 1762      68726561 
 1762      6400
 1763              	.LASF23:
 1764 0242 6D73675F 		.ascii	"msg_t\000"
 1764      7400
 1765              	.LASF75:
 1766 0248 63685F73 		.ascii	"ch_system_t\000"
 1766      79737465 
 1766      6D5F7400 
 1767              	.LASF18:
 1768 0254 746D6F64 		.ascii	"tmode_t\000"
 1768      655F7400 
 1769              	.LASF54:
 1770 025c 63685F72 		.ascii	"ch_ready_list\000"
 1770      65616479 
 1770      5F6C6973 
 1770      7400
 1771              	.LASF24:
 1772 026a 6576656E 		.ascii	"eventmask_t\000"
ARM GAS  /tmp/ccS7jgE9.s 			page 34


 1772      746D6173 
 1772      6B5F7400 
 1773              	.LASF6:
 1774 0276 5F5F696E 		.ascii	"__int32_t\000"
 1774      7433325F 
 1774      7400
 1775              	.LASF118:
 1776 0280 50474461 		.ascii	"PGData\000"
 1776      746100
 1777              	.LASF125:
 1778 0287 61646349 		.ascii	"adcInit\000"
 1778      6E697400 
 1779              	.LASF83:
 1780 028f 73746B61 		.ascii	"stkalign_t\000"
 1780      6C69676E 
 1780      5F7400
 1781              	.LASF130:
 1782 029a 73706949 		.ascii	"spiInit\000"
 1782      6E697400 
 1783              	.LASF48:
 1784 02a2 74687265 		.ascii	"threads_list_t\000"
 1784      6164735F 
 1784      6C697374 
 1784      5F7400
 1785              	.LASF40:
 1786 02b1 705F7761 		.ascii	"p_waiting\000"
 1786      6974696E 
 1786      6700
 1787              	.LASF81:
 1788 02bb 73697A65 		.ascii	"sizetype\000"
 1788      74797065 
 1788      00
 1789              	.LASF47:
 1790 02c4 74687265 		.ascii	"thread_reference_t\000"
 1790      61645F72 
 1790      65666572 
 1790      656E6365 
 1790      5F7400
 1791              	.LASF70:
 1792 02d7 63685F76 		.ascii	"ch_virtual_timers_list\000"
 1792      69727475 
 1792      616C5F74 
 1792      696D6572 
 1792      735F6C69 
 1793              	.LASF33:
 1794 02ee 705F6F6C 		.ascii	"p_older\000"
 1794      64657200 
 1795              	.LASF57:
 1796 02f6 725F6374 		.ascii	"r_ctx\000"
 1796      7800
 1797              	.LASF136:
 1798 02fc 43686962 		.ascii	"ChibiOS_3.0.2/os/hal/src/hal.c\000"
 1798      694F535F 
 1798      332E302E 
 1798      322F6F73 
 1798      2F68616C 
 1799              	.LASF87:
ARM GAS  /tmp/ccS7jgE9.s 			page 35


 1800 031b 746D5F63 		.ascii	"tm_calibration_t\000"
 1800      616C6962 
 1800      72617469 
 1800      6F6E5F74 
 1800      00
 1801              	.LASF110:
 1802 032c 61667268 		.ascii	"afrh\000"
 1802      00
 1803              	.LASF115:
 1804 0331 50444461 		.ascii	"PDData\000"
 1804      746100
 1805              	.LASF60:
 1806 0338 725F6375 		.ascii	"r_current\000"
 1806      7272656E 
 1806      7400
 1807              	.LASF59:
 1808 0342 725F6F6C 		.ascii	"r_older\000"
 1808      64657200 
 1809              	.LASF11:
 1810 034a 5F5F7569 		.ascii	"__uint64_t\000"
 1810      6E743634 
 1810      5F7400
 1811              	.LASF20:
 1812 0355 74726566 		.ascii	"trefs_t\000"
 1812      735F7400 
 1813              	.LASF62:
 1814 035d 76697274 		.ascii	"virtual_timer_t\000"
 1814      75616C5F 
 1814      74696D65 
 1814      725F7400 
 1815              	.LASF29:
 1816 036d 705F7072 		.ascii	"p_prev\000"
 1816      657600
 1817              	.LASF138:
 1818 0374 6F73616C 		.ascii	"osalInit\000"
 1818      496E6974 
 1818      00
 1819              	.LASF22:
 1820 037d 74707269 		.ascii	"tprio_t\000"
 1820      6F5F7400 
 1821              	.LASF73:
 1822 0385 63685F73 		.ascii	"ch_system_debug\000"
 1822      79737465 
 1822      6D5F6465 
 1822      62756700 
 1823              	.LASF104:
 1824 0395 5F426F6F 		.ascii	"_Bool\000"
 1824      6C00
 1825              	.LASF14:
 1826 039b 696E7433 		.ascii	"int32_t\000"
 1826      325F7400 
 1827              	.LASF2:
 1828 03a3 756E7369 		.ascii	"unsigned char\000"
 1828      676E6564 
 1828      20636861 
 1828      7200
 1829              	.LASF132:
ARM GAS  /tmp/ccS7jgE9.s 			page 36


 1830 03b1 73647549 		.ascii	"sduInit\000"
 1830      6E697400 
 1831              	.LASF109:
 1832 03b9 6166726C 		.ascii	"afrl\000"
 1832      00
 1833              	.LASF127:
 1834 03be 65787449 		.ascii	"extInit\000"
 1834      6E697400 
 1835              	.LASF44:
 1836 03c6 705F6D74 		.ascii	"p_mtxlist\000"
 1836      786C6973 
 1836      7400
 1837              	.LASF3:
 1838 03d0 73686F72 		.ascii	"short int\000"
 1838      7420696E 
 1838      7400
 1839              	.LASF35:
 1840 03da 705F7374 		.ascii	"p_state\000"
 1840      61746500 
 1841              	.LASF38:
 1842 03e2 705F7072 		.ascii	"p_preempt\000"
 1842      65656D70 
 1842      7400
 1843              	.LASF56:
 1844 03ec 725F7072 		.ascii	"r_prio\000"
 1844      696F00
 1845              	.LASF112:
 1846 03f3 50414461 		.ascii	"PAData\000"
 1846      746100
 1847              	.LASF94:
 1848 03fa 65776D61 		.ascii	"ewmask\000"
 1848      736B00
 1849              	.LASF28:
 1850 0401 705F6E65 		.ascii	"p_next\000"
 1850      787400
 1851              	.LASF36:
 1852 0408 705F666C 		.ascii	"p_flags\000"
 1852      61677300 
 1853              	.LASF120:
 1854 0410 50494461 		.ascii	"PIData\000"
 1854      746100
 1855              	.LASF63:
 1856 0417 63685F76 		.ascii	"ch_virtual_timer\000"
 1856      69727475 
 1856      616C5F74 
 1856      696D6572 
 1856      00
 1857              	.LASF95:
 1858 0428 63685F73 		.ascii	"ch_semaphore\000"
 1858      656D6170 
 1858      686F7265 
 1858      00
 1859              	.LASF43:
 1860 0435 705F6570 		.ascii	"p_epending\000"
 1860      656E6469 
 1860      6E6700
 1861              	.LASF15:
ARM GAS  /tmp/ccS7jgE9.s 			page 37


 1862 0440 75696E74 		.ascii	"uint32_t\000"
 1862      33325F74 
 1862      00
 1863              	.LASF93:
 1864 0449 77746D74 		.ascii	"wtmtxp\000"
 1864      787000
 1865              	.LASF55:
 1866 0450 725F7175 		.ascii	"r_queue\000"
 1866      65756500 
 1867              	.LASF50:
 1868 0458 63685F74 		.ascii	"ch_threads_list\000"
 1868      68726561 
 1868      64735F6C 
 1868      69737400 
 1869              	.LASF9:
 1870 0468 6C6F6E67 		.ascii	"long unsigned int\000"
 1870      20756E73 
 1870      69676E65 
 1870      6420696E 
 1870      7400
 1871              	.LASF102:
 1872 047a 63686172 		.ascii	"char\000"
 1872      00
 1873              	.LASF131:
 1874 047f 75736249 		.ascii	"usbInit\000"
 1874      6E697400 
 1875              	.LASF135:
 1876 0487 474E5520 		.ascii	"GNU C 4.9.3 20150529 (release) [ARM/embedded-4_9-br"
 1876      4320342E 
 1876      392E3320 
 1876      32303135 
 1876      30353239 
 1877 04ba 616E6368 		.ascii	"anch revision 227977] -mcpu=cortex-m4 -mfloat-abi=h"
 1877      20726576 
 1877      6973696F 
 1877      6E203232 
 1877      37393737 
 1878 04ed 61726420 		.ascii	"ard -mfpu=fpv4-sp-d16 -mno-thumb-interwork -mthumb "
 1878      2D6D6670 
 1878      753D6670 
 1878      76342D73 
 1878      702D6431 
 1879 0520 2D676764 		.ascii	"-ggdb -O2 -std=gnu99 -fomit-frame-pointer -falign-f"
 1879      62202D4F 
 1879      32202D73 
 1879      74643D67 
 1879      6E753939 
 1880 0553 756E6374 		.ascii	"unctions=16 -ffunction-sections -fdata-sections -fn"
 1880      696F6E73 
 1880      3D313620 
 1880      2D666675 
 1880      6E637469 
 1881 0586 6F2D636F 		.ascii	"o-common -fsingle-precision-constant\000"
 1881      6D6D6F6E 
 1881      202D6673 
 1881      696E676C 
 1881      652D7072 
ARM GAS  /tmp/ccS7jgE9.s 			page 38


 1882              	.LASF101:
 1883 05ab 6D5F6E65 		.ascii	"m_next\000"
 1883      787400
 1884              	.LASF26:
 1885 05b2 73797374 		.ascii	"systime_t\000"
 1885      696D655F 
 1885      7400
 1886              	.LASF45:
 1887 05bc 705F7265 		.ascii	"p_realprio\000"
 1887      616C7072 
 1887      696F00
 1888              	.LASF61:
 1889 05c7 76746675 		.ascii	"vtfunc_t\000"
 1889      6E635F74 
 1889      00
 1890              	.LASF8:
 1891 05d0 5F5F7569 		.ascii	"__uint32_t\000"
 1891      6E743332 
 1891      5F7400
 1892              	.LASF74:
 1893 05db 70616E69 		.ascii	"panic_msg\000"
 1893      635F6D73 
 1893      6700
 1894              	.LASF86:
 1895 05e5 6F666673 		.ascii	"offset\000"
 1895      657400
 1896              	.LASF84:
 1897 05ec 636F6E74 		.ascii	"context\000"
 1897      65787400 
 1898              	.LASF124:
 1899 05f4 68616C5F 		.ascii	"hal_lld_init\000"
 1899      6C6C645F 
 1899      696E6974 
 1899      00
 1900              	.LASF17:
 1901 0601 7274636E 		.ascii	"rtcnt_t\000"
 1901      745F7400 
 1902              	.LASF68:
 1903 0609 76745F70 		.ascii	"vt_par\000"
 1903      617200
 1904              	.LASF51:
 1905 0610 74687265 		.ascii	"threads_queue_t\000"
 1905      6164735F 
 1905      71756575 
 1905      655F7400 
 1906              	.LASF98:
 1907 0620 63685F6D 		.ascii	"ch_mutex\000"
 1907      75746578 
 1907      00
 1908              	.LASF37:
 1909 0629 705F7265 		.ascii	"p_refs\000"
 1909      667300
 1910              	.LASF140:
 1911 0630 5F70616C 		.ascii	"_pal_lld_init\000"
 1911      5F6C6C64 
 1911      5F696E69 
 1911      7400
ARM GAS  /tmp/ccS7jgE9.s 			page 39


 1912              	.LASF27:
 1913 063e 74687265 		.ascii	"thread_t\000"
 1913      61645F74 
 1913      00
 1914              	.LASF133:
 1915 0647 626F6172 		.ascii	"boardInit\000"
 1915      64496E69 
 1915      7400
 1916              	.LASF77:
 1917 0651 726C6973 		.ascii	"rlist\000"
 1917      7400
 1918              	.LASF13:
 1919 0657 75696E74 		.ascii	"uint8_t\000"
 1919      385F7400 
 1920              	.LASF90:
 1921 065f 77746F62 		.ascii	"wtobjp\000"
 1921      6A7000
 1922              	.LASF34:
 1923 0666 705F6E61 		.ascii	"p_name\000"
 1923      6D6500
 1924              	.LASF97:
 1925 066d 735F636E 		.ascii	"s_cnt\000"
 1925      7400
 1926              	.LASF114:
 1927 0673 50434461 		.ascii	"PCData\000"
 1927      746100
 1928              	.LASF71:
 1929 067a 76745F73 		.ascii	"vt_systime\000"
 1929      79737469 
 1929      6D6500
 1930              	.LASF128:
 1931 0685 69326349 		.ascii	"i2cInit\000"
 1931      6E697400 
 1932              	.LASF42:
 1933 068d 705F6D73 		.ascii	"p_msg\000"
 1933      6700
 1934              	.LASF121:
 1935 0693 50414C43 		.ascii	"PALConfig\000"
 1935      6F6E6669 
 1935      6700
 1936              	.LASF100:
 1937 069d 6D5F6F77 		.ascii	"m_owner\000"
 1937      6E657200 
 1938              	.LASF123:
 1939 06a5 70616C5F 		.ascii	"pal_default_config\000"
 1939      64656661 
 1939      756C745F 
 1939      636F6E66 
 1939      696700
 1940              	.LASF31:
 1941 06b8 705F6374 		.ascii	"p_ctx\000"
 1941      7800
 1942              	.LASF67:
 1943 06be 76745F66 		.ascii	"vt_func\000"
 1943      756E6300 
 1944              		.ident	"GCC: (GNU Tools for ARM Embedded Processors) 4.9.3 20150529 (release) [ARM/embedded-4_9-br
ARM GAS  /tmp/ccS7jgE9.s 			page 40


DEFINED SYMBOLS
                            *ABS*:0000000000000000 hal.c
     /tmp/ccS7jgE9.s:21     .text.halInit:0000000000000000 $t
     /tmp/ccS7jgE9.s:27     .text.halInit:0000000000000000 halInit
     /tmp/ccS7jgE9.s:83     .text.halInit:0000000000000038 $d
                     .debug_frame:0000000000000010 $d

UNDEFINED SYMBOLS
hal_lld_init
_pal_lld_init
adcInit
canInit
extInit
i2cInit
pwmInit
spiInit
usbInit
sduInit
boardInit
stInit
pal_default_config
