ARM GAS  /tmp/ccPd64st.s 			page 1


   1              		.syntax unified
   2              		.cpu cortex-m4
   3              		.eabi_attribute 27, 1
   4              		.eabi_attribute 28, 1
   5              		.fpu fpv4-sp-d16
   6              		.eabi_attribute 20, 1
   7              		.eabi_attribute 21, 1
   8              		.eabi_attribute 23, 3
   9              		.eabi_attribute 24, 1
  10              		.eabi_attribute 25, 1
  11              		.eabi_attribute 26, 1
  12              		.eabi_attribute 30, 2
  13              		.eabi_attribute 34, 1
  14              		.eabi_attribute 18, 4
  15              		.thumb
  16              		.file	"hal_queues.c"
  17              		.text
  18              	.Ltext0:
  19              		.cfi_sections	.debug_frame
  20              	.Letext0:
  21              		.file 1 "/usr/arm-none-eabi/include/machine/_default_types.h"
  22              		.file 2 "/usr/arm-none-eabi/include/sys/_stdint.h"
  23              		.file 3 "ChibiOS_3.0.2/os/rt/ports/ARMCMx/compilers/GCC/chtypes.h"
  24              		.file 4 "ChibiOS_3.0.2/os/rt/include/chsystypes.h"
  25              		.file 5 "ChibiOS_3.0.2/os/rt/include/chschd.h"
  26              		.file 6 "ChibiOS_3.0.2/os/rt/ports/ARMCMx/chcore.h"
  27              		.file 7 "ChibiOS_3.0.2/os/rt/ports/ARMCMx/chcore_v7m.h"
  28              		.file 8 "ChibiOS_3.0.2/os/rt/include/chtm.h"
  29              		.file 9 "ChibiOS_3.0.2/os/rt/include/chsem.h"
  30              		.file 10 "ChibiOS_3.0.2/os/rt/include/chmtx.h"
  31              		.file 11 "ChibiOS_3.0.2/os/ext/CMSIS/include/core_cm4.h"
  32              		.section	.debug_info,"",%progbits
  33              	.Ldebug_info0:
  34 0000 1C070000 		.4byte	0x71c
  35 0004 0400     		.2byte	0x4
  36 0006 00000000 		.4byte	.Ldebug_abbrev0
  37 000a 04       		.byte	0x4
  38 000b 01       		.uleb128 0x1
  39 000c D4030000 		.4byte	.LASF106
  40 0010 01       		.byte	0x1
  41 0011 70010000 		.4byte	.LASF107
  42 0015 D0000000 		.4byte	.LASF108
  43 0019 00000000 		.4byte	.Ldebug_line0
  44 001d 02       		.uleb128 0x2
  45 001e 04       		.byte	0x4
  46 001f 05       		.byte	0x5
  47 0020 696E7400 		.ascii	"int\000"
  48 0024 03       		.uleb128 0x3
  49 0025 04       		.byte	0x4
  50 0026 07       		.byte	0x7
  51 0027 AB010000 		.4byte	.LASF0
  52 002b 03       		.uleb128 0x3
  53 002c 01       		.byte	0x1
  54 002d 06       		.byte	0x6
  55 002e C4000000 		.4byte	.LASF1
  56 0032 04       		.uleb128 0x4
  57 0033 23000000 		.4byte	.LASF5
ARM GAS  /tmp/ccPd64st.s 			page 2


  58 0037 01       		.byte	0x1
  59 0038 1D       		.byte	0x1d
  60 0039 3D000000 		.4byte	0x3d
  61 003d 03       		.uleb128 0x3
  62 003e 01       		.byte	0x1
  63 003f 08       		.byte	0x8
  64 0040 1B030000 		.4byte	.LASF2
  65 0044 03       		.uleb128 0x3
  66 0045 02       		.byte	0x2
  67 0046 05       		.byte	0x5
  68 0047 33030000 		.4byte	.LASF3
  69 004b 03       		.uleb128 0x3
  70 004c 02       		.byte	0x2
  71 004d 07       		.byte	0x7
  72 004e E8010000 		.4byte	.LASF4
  73 0052 04       		.uleb128 0x4
  74 0053 39020000 		.4byte	.LASF6
  75 0057 01       		.byte	0x1
  76 0058 3F       		.byte	0x3f
  77 0059 5D000000 		.4byte	0x5d
  78 005d 03       		.uleb128 0x3
  79 005e 04       		.byte	0x4
  80 005f 05       		.byte	0x5
  81 0060 35010000 		.4byte	.LASF7
  82 0064 04       		.uleb128 0x4
  83 0065 1D050000 		.4byte	.LASF8
  84 0069 01       		.byte	0x1
  85 006a 41       		.byte	0x41
  86 006b 6F000000 		.4byte	0x6f
  87 006f 03       		.uleb128 0x3
  88 0070 04       		.byte	0x4
  89 0071 07       		.byte	0x7
  90 0072 BD030000 		.4byte	.LASF9
  91 0076 03       		.uleb128 0x3
  92 0077 08       		.byte	0x8
  93 0078 05       		.byte	0x5
  94 0079 B6000000 		.4byte	.LASF10
  95 007d 04       		.uleb128 0x4
  96 007e CB020000 		.4byte	.LASF11
  97 0082 01       		.byte	0x1
  98 0083 5B       		.byte	0x5b
  99 0084 88000000 		.4byte	0x88
 100 0088 03       		.uleb128 0x3
 101 0089 08       		.byte	0x8
 102 008a 07       		.byte	0x7
 103 008b 48000000 		.4byte	.LASF12
 104 008f 04       		.uleb128 0x4
 105 0090 7F050000 		.4byte	.LASF13
 106 0094 02       		.byte	0x2
 107 0095 14       		.byte	0x14
 108 0096 32000000 		.4byte	0x32
 109 009a 04       		.uleb128 0x4
 110 009b 13030000 		.4byte	.LASF14
 111 009f 02       		.byte	0x2
 112 00a0 1F       		.byte	0x1f
 113 00a1 52000000 		.4byte	0x52
 114 00a5 04       		.uleb128 0x4
ARM GAS  /tmp/ccPd64st.s 			page 3


 115 00a6 95030000 		.4byte	.LASF15
 116 00aa 02       		.byte	0x2
 117 00ab 20       		.byte	0x20
 118 00ac 64000000 		.4byte	0x64
 119 00b0 04       		.uleb128 0x4
 120 00b1 1A000000 		.4byte	.LASF16
 121 00b5 02       		.byte	0x2
 122 00b6 26       		.byte	0x26
 123 00b7 7D000000 		.4byte	0x7d
 124 00bb 05       		.uleb128 0x5
 125 00bc 9A000000 		.4byte	0x9a
 126 00c0 04       		.uleb128 0x4
 127 00c1 41050000 		.4byte	.LASF17
 128 00c5 03       		.byte	0x3
 129 00c6 45       		.byte	0x45
 130 00c7 A5000000 		.4byte	0xa5
 131 00cb 04       		.uleb128 0x4
 132 00cc 17020000 		.4byte	.LASF18
 133 00d0 03       		.byte	0x3
 134 00d1 48       		.byte	0x48
 135 00d2 8F000000 		.4byte	0x8f
 136 00d6 04       		.uleb128 0x4
 137 00d7 3E010000 		.4byte	.LASF19
 138 00db 03       		.byte	0x3
 139 00dc 49       		.byte	0x49
 140 00dd 8F000000 		.4byte	0x8f
 141 00e1 04       		.uleb128 0x4
 142 00e2 D6020000 		.4byte	.LASF20
 143 00e6 03       		.byte	0x3
 144 00e7 4A       		.byte	0x4a
 145 00e8 8F000000 		.4byte	0x8f
 146 00ec 04       		.uleb128 0x4
 147 00ed 21010000 		.4byte	.LASF21
 148 00f1 03       		.byte	0x3
 149 00f2 4B       		.byte	0x4b
 150 00f3 8F000000 		.4byte	0x8f
 151 00f7 04       		.uleb128 0x4
 152 00f8 F5020000 		.4byte	.LASF22
 153 00fc 03       		.byte	0x3
 154 00fd 4C       		.byte	0x4c
 155 00fe A5000000 		.4byte	0xa5
 156 0102 04       		.uleb128 0x4
 157 0103 05020000 		.4byte	.LASF23
 158 0107 03       		.byte	0x3
 159 0108 4D       		.byte	0x4d
 160 0109 9A000000 		.4byte	0x9a
 161 010d 04       		.uleb128 0x4
 162 010e 2D020000 		.4byte	.LASF24
 163 0112 03       		.byte	0x3
 164 0113 4F       		.byte	0x4f
 165 0114 A5000000 		.4byte	0xa5
 166 0118 04       		.uleb128 0x4
 167 0119 A5010000 		.4byte	.LASF25
 168 011d 03       		.byte	0x3
 169 011e 51       		.byte	0x51
 170 011f 9A000000 		.4byte	0x9a
 171 0123 04       		.uleb128 0x4
ARM GAS  /tmp/ccPd64st.s 			page 4


 172 0124 FF040000 		.4byte	.LASF26
 173 0128 04       		.byte	0x4
 174 0129 33       		.byte	0x33
 175 012a A5000000 		.4byte	0xa5
 176 012e 04       		.uleb128 0x4
 177 012f 70050000 		.4byte	.LASF27
 178 0133 04       		.byte	0x4
 179 0134 3F       		.byte	0x3f
 180 0135 39010000 		.4byte	0x139
 181 0139 06       		.uleb128 0x6
 182 013a FB010000 		.4byte	.LASF49
 183 013e 48       		.byte	0x48
 184 013f 05       		.byte	0x5
 185 0140 C2       		.byte	0xc2
 186 0141 3E020000 		.4byte	0x23e
 187 0145 07       		.uleb128 0x7
 188 0146 5D030000 		.4byte	.LASF28
 189 014a 05       		.byte	0x5
 190 014b C3       		.byte	0xc3
 191 014c 49020000 		.4byte	0x249
 192 0150 00       		.byte	0
 193 0151 07       		.uleb128 0x7
 194 0152 EE020000 		.4byte	.LASF29
 195 0156 05       		.byte	0x5
 196 0157 C5       		.byte	0xc5
 197 0158 49020000 		.4byte	0x249
 198 015c 04       		.byte	0x4
 199 015d 07       		.uleb128 0x7
 200 015e A7000000 		.4byte	.LASF30
 201 0162 05       		.byte	0x5
 202 0163 C7       		.byte	0xc7
 203 0164 F7000000 		.4byte	0xf7
 204 0168 08       		.byte	0x8
 205 0169 07       		.uleb128 0x7
 206 016a AE050000 		.4byte	.LASF31
 207 016e 05       		.byte	0x5
 208 016f C8       		.byte	0xc8
 209 0170 79040000 		.4byte	0x479
 210 0174 0C       		.byte	0xc
 211 0175 07       		.uleb128 0x7
 212 0176 47010000 		.4byte	.LASF32
 213 017a 05       		.byte	0x5
 214 017b CA       		.byte	0xca
 215 017c 49020000 		.4byte	0x249
 216 0180 10       		.byte	0x10
 217 0181 07       		.uleb128 0x7
 218 0182 9A020000 		.4byte	.LASF33
 219 0186 05       		.byte	0x5
 220 0187 CB       		.byte	0xcb
 221 0188 49020000 		.4byte	0x249
 222 018c 14       		.byte	0x14
 223 018d 07       		.uleb128 0x7
 224 018e 8E050000 		.4byte	.LASF34
 225 0192 05       		.byte	0x5
 226 0193 D2       		.byte	0xd2
 227 0194 BE060000 		.4byte	0x6be
 228 0198 18       		.byte	0x18
ARM GAS  /tmp/ccPd64st.s 			page 5


 229 0199 07       		.uleb128 0x7
 230 019a 3D030000 		.4byte	.LASF35
 231 019e 05       		.byte	0x5
 232 019f DD       		.byte	0xdd
 233 01a0 D6000000 		.4byte	0xd6
 234 01a4 1C       		.byte	0x1c
 235 01a5 07       		.uleb128 0x7
 236 01a6 64030000 		.4byte	.LASF36
 237 01aa 05       		.byte	0x5
 238 01ab E1       		.byte	0xe1
 239 01ac CB000000 		.4byte	0xcb
 240 01b0 1D       		.byte	0x1d
 241 01b1 07       		.uleb128 0x7
 242 01b2 69050000 		.4byte	.LASF37
 243 01b6 05       		.byte	0x5
 244 01b7 E6       		.byte	0xe6
 245 01b8 E1000000 		.4byte	0xe1
 246 01bc 1E       		.byte	0x1e
 247 01bd 07       		.uleb128 0x7
 248 01be 45030000 		.4byte	.LASF38
 249 01c2 05       		.byte	0x5
 250 01c3 EC       		.byte	0xec
 251 01c4 EC000000 		.4byte	0xec
 252 01c8 1F       		.byte	0x1f
 253 01c9 07       		.uleb128 0x7
 254 01ca C0010000 		.4byte	.LASF39
 255 01ce 05       		.byte	0x5
 256 01cf F3       		.byte	0xf3
 257 01d0 D0060000 		.4byte	0x6d0
 258 01d4 20       		.byte	0x20
 259 01d5 08       		.uleb128 0x8
 260 01d6 705F7500 		.ascii	"p_u\000"
 261 01da 05       		.byte	0x5
 262 01db 3101     		.2byte	0x131
 263 01dd F9050000 		.4byte	0x5f9
 264 01e1 24       		.byte	0x24
 265 01e2 09       		.uleb128 0x9
 266 01e3 5D020000 		.4byte	.LASF40
 267 01e7 05       		.byte	0x5
 268 01e8 3601     		.2byte	0x136
 269 01ea 4F020000 		.4byte	0x24f
 270 01ee 28       		.byte	0x28
 271 01ef 09       		.uleb128 0x9
 272 01f0 D7010000 		.4byte	.LASF41
 273 01f4 05       		.byte	0x5
 274 01f5 3C01     		.2byte	0x13c
 275 01f7 73020000 		.4byte	0x273
 276 01fb 2C       		.byte	0x2c
 277 01fc 09       		.uleb128 0x9
 278 01fd A0050000 		.4byte	.LASF42
 279 0201 05       		.byte	0x5
 280 0202 4001     		.2byte	0x140
 281 0204 02010000 		.4byte	0x102
 282 0208 34       		.byte	0x34
 283 0209 09       		.uleb128 0x9
 284 020a 8A030000 		.4byte	.LASF43
 285 020e 05       		.byte	0x5
ARM GAS  /tmp/ccPd64st.s 			page 6


 286 020f 4601     		.2byte	0x146
 287 0211 0D010000 		.4byte	0x10d
 288 0215 38       		.byte	0x38
 289 0216 09       		.uleb128 0x9
 290 0217 29030000 		.4byte	.LASF44
 291 021b 05       		.byte	0x5
 292 021c 4D01     		.2byte	0x14d
 293 021e B8060000 		.4byte	0x6b8
 294 0222 3C       		.byte	0x3c
 295 0223 09       		.uleb128 0x9
 296 0224 09050000 		.4byte	.LASF45
 297 0228 05       		.byte	0x5
 298 0229 5101     		.2byte	0x151
 299 022b F7000000 		.4byte	0xf7
 300 022f 40       		.byte	0x40
 301 0230 09       		.uleb128 0x9
 302 0231 0A010000 		.4byte	.LASF46
 303 0235 05       		.byte	0x5
 304 0236 5801     		.2byte	0x158
 305 0238 26030000 		.4byte	0x326
 306 023c 44       		.byte	0x44
 307 023d 00       		.byte	0
 308 023e 04       		.uleb128 0x4
 309 023f 70020000 		.4byte	.LASF47
 310 0243 04       		.byte	0x4
 311 0244 44       		.byte	0x44
 312 0245 49020000 		.4byte	0x249
 313 0249 0A       		.uleb128 0xa
 314 024a 04       		.byte	0x4
 315 024b 2E010000 		.4byte	0x12e
 316 024f 04       		.uleb128 0x4
 317 0250 4E020000 		.4byte	.LASF48
 318 0254 04       		.byte	0x4
 319 0255 49       		.byte	0x49
 320 0256 5A020000 		.4byte	0x25a
 321 025a 06       		.uleb128 0x6
 322 025b AD030000 		.4byte	.LASF50
 323 025f 04       		.byte	0x4
 324 0260 05       		.byte	0x5
 325 0261 B0       		.byte	0xb0
 326 0262 73020000 		.4byte	0x273
 327 0266 07       		.uleb128 0x7
 328 0267 5D030000 		.4byte	.LASF28
 329 026b 05       		.byte	0x5
 330 026c B1       		.byte	0xb1
 331 026d 49020000 		.4byte	0x249
 332 0271 00       		.byte	0
 333 0272 00       		.byte	0
 334 0273 04       		.uleb128 0x4
 335 0274 50050000 		.4byte	.LASF51
 336 0278 04       		.byte	0x4
 337 0279 50       		.byte	0x50
 338 027a 7E020000 		.4byte	0x27e
 339 027e 06       		.uleb128 0x6
 340 027f 96000000 		.4byte	.LASF52
 341 0283 08       		.byte	0x8
 342 0284 05       		.byte	0x5
ARM GAS  /tmp/ccPd64st.s 			page 7


 343 0285 B7       		.byte	0xb7
 344 0286 A3020000 		.4byte	0x2a3
 345 028a 07       		.uleb128 0x7
 346 028b 5D030000 		.4byte	.LASF28
 347 028f 05       		.byte	0x5
 348 0290 B8       		.byte	0xb8
 349 0291 49020000 		.4byte	0x249
 350 0295 00       		.byte	0
 351 0296 07       		.uleb128 0x7
 352 0297 EE020000 		.4byte	.LASF29
 353 029b 05       		.byte	0x5
 354 029c B9       		.byte	0xb9
 355 029d 49020000 		.4byte	0x249
 356 02a1 04       		.byte	0x4
 357 02a2 00       		.byte	0
 358 02a3 04       		.uleb128 0x4
 359 02a4 00000000 		.4byte	.LASF53
 360 02a8 04       		.byte	0x4
 361 02a9 57       		.byte	0x57
 362 02aa AE020000 		.4byte	0x2ae
 363 02ae 0B       		.uleb128 0xb
 364 02af 1F020000 		.4byte	.LASF54
 365 02b3 1C       		.byte	0x1c
 366 02b4 05       		.byte	0x5
 367 02b5 9001     		.2byte	0x190
 368 02b7 0A030000 		.4byte	0x30a
 369 02bb 09       		.uleb128 0x9
 370 02bc A5030000 		.4byte	.LASF55
 371 02c0 05       		.byte	0x5
 372 02c1 9101     		.2byte	0x191
 373 02c3 73020000 		.4byte	0x273
 374 02c7 00       		.byte	0
 375 02c8 09       		.uleb128 0x9
 376 02c9 4F030000 		.4byte	.LASF56
 377 02cd 05       		.byte	0x5
 378 02ce 9201     		.2byte	0x192
 379 02d0 F7000000 		.4byte	0xf7
 380 02d4 08       		.byte	0x8
 381 02d5 09       		.uleb128 0x9
 382 02d6 A2020000 		.4byte	.LASF57
 383 02da 05       		.byte	0x5
 384 02db 9401     		.2byte	0x194
 385 02dd 79040000 		.4byte	0x479
 386 02e1 0C       		.byte	0xc
 387 02e2 09       		.uleb128 0x9
 388 02e3 57010000 		.4byte	.LASF58
 389 02e7 05       		.byte	0x5
 390 02e8 9701     		.2byte	0x197
 391 02ea 49020000 		.4byte	0x249
 392 02ee 10       		.byte	0x10
 393 02ef 09       		.uleb128 0x9
 394 02f0 C3020000 		.4byte	.LASF59
 395 02f4 05       		.byte	0x5
 396 02f5 9801     		.2byte	0x198
 397 02f7 49020000 		.4byte	0x249
 398 02fb 14       		.byte	0x14
 399 02fc 09       		.uleb128 0x9
ARM GAS  /tmp/ccPd64st.s 			page 8


 400 02fd B9020000 		.4byte	.LASF60
 401 0301 05       		.byte	0x5
 402 0302 9B01     		.2byte	0x19b
 403 0304 49020000 		.4byte	0x249
 404 0308 18       		.byte	0x18
 405 0309 00       		.byte	0
 406 030a 04       		.uleb128 0x4
 407 030b 14050000 		.4byte	.LASF61
 408 030f 04       		.byte	0x4
 409 0310 5C       		.byte	0x5c
 410 0311 15030000 		.4byte	0x315
 411 0315 0A       		.uleb128 0xa
 412 0316 04       		.byte	0x4
 413 0317 1B030000 		.4byte	0x31b
 414 031b 0C       		.uleb128 0xc
 415 031c 26030000 		.4byte	0x326
 416 0320 0D       		.uleb128 0xd
 417 0321 26030000 		.4byte	0x326
 418 0325 00       		.byte	0
 419 0326 0E       		.uleb128 0xe
 420 0327 04       		.byte	0x4
 421 0328 04       		.uleb128 0x4
 422 0329 DE020000 		.4byte	.LASF62
 423 032d 04       		.byte	0x4
 424 032e 61       		.byte	0x61
 425 032f 33030000 		.4byte	0x333
 426 0333 0B       		.uleb128 0xb
 427 0334 6C030000 		.4byte	.LASF63
 428 0338 14       		.byte	0x14
 429 0339 05       		.byte	0x5
 430 033a 6B01     		.2byte	0x16b
 431 033c 82030000 		.4byte	0x382
 432 0340 09       		.uleb128 0x9
 433 0341 B8010000 		.4byte	.LASF64
 434 0345 05       		.byte	0x5
 435 0346 6C01     		.2byte	0x16c
 436 0348 D5060000 		.4byte	0x6d5
 437 034c 00       		.byte	0
 438 034d 09       		.uleb128 0x9
 439 034e 68010000 		.4byte	.LASF65
 440 0352 05       		.byte	0x5
 441 0353 6D01     		.2byte	0x16d
 442 0355 D5060000 		.4byte	0x6d5
 443 0359 04       		.byte	0x4
 444 035a 09       		.uleb128 0x9
 445 035b CE010000 		.4byte	.LASF66
 446 035f 05       		.byte	0x5
 447 0360 6E01     		.2byte	0x16e
 448 0362 23010000 		.4byte	0x123
 449 0366 08       		.byte	0x8
 450 0367 09       		.uleb128 0x9
 451 0368 B4050000 		.4byte	.LASF67
 452 036c 05       		.byte	0x5
 453 036d 6F01     		.2byte	0x16f
 454 036f 0A030000 		.4byte	0x30a
 455 0373 0C       		.byte	0xc
 456 0374 09       		.uleb128 0x9
ARM GAS  /tmp/ccPd64st.s 			page 9


 457 0375 49050000 		.4byte	.LASF68
 458 0379 05       		.byte	0x5
 459 037a 7101     		.2byte	0x171
 460 037c 26030000 		.4byte	0x326
 461 0380 10       		.byte	0x10
 462 0381 00       		.byte	0
 463 0382 04       		.uleb128 0x4
 464 0383 73000000 		.4byte	.LASF69
 465 0387 04       		.byte	0x4
 466 0388 66       		.byte	0x66
 467 0389 8D030000 		.4byte	0x38d
 468 038d 0B       		.uleb128 0xb
 469 038e 83020000 		.4byte	.LASF70
 470 0392 10       		.byte	0x10
 471 0393 05       		.byte	0x5
 472 0394 7B01     		.2byte	0x17b
 473 0396 CF030000 		.4byte	0x3cf
 474 039a 09       		.uleb128 0x9
 475 039b B8010000 		.4byte	.LASF64
 476 039f 05       		.byte	0x5
 477 03a0 7C01     		.2byte	0x17c
 478 03a2 D5060000 		.4byte	0x6d5
 479 03a6 00       		.byte	0
 480 03a7 09       		.uleb128 0x9
 481 03a8 68010000 		.4byte	.LASF65
 482 03ac 05       		.byte	0x5
 483 03ad 7E01     		.2byte	0x17e
 484 03af D5060000 		.4byte	0x6d5
 485 03b3 04       		.byte	0x4
 486 03b4 09       		.uleb128 0x9
 487 03b5 CE010000 		.4byte	.LASF66
 488 03b9 05       		.byte	0x5
 489 03ba 8001     		.2byte	0x180
 490 03bc 23010000 		.4byte	0x123
 491 03c0 08       		.byte	0x8
 492 03c1 09       		.uleb128 0x9
 493 03c2 95050000 		.4byte	.LASF71
 494 03c6 05       		.byte	0x5
 495 03c7 8201     		.2byte	0x182
 496 03c9 D0060000 		.4byte	0x6d0
 497 03cd 0C       		.byte	0xc
 498 03ce 00       		.byte	0
 499 03cf 04       		.uleb128 0x4
 500 03d0 39000000 		.4byte	.LASF72
 501 03d4 04       		.byte	0x4
 502 03d5 6B       		.byte	0x6b
 503 03d6 DA030000 		.4byte	0x3da
 504 03da 0B       		.uleb128 0xb
 505 03db FD020000 		.4byte	.LASF73
 506 03df 04       		.byte	0x4
 507 03e0 05       		.byte	0x5
 508 03e1 A201     		.2byte	0x1a2
 509 03e3 F5030000 		.4byte	0x3f5
 510 03e7 09       		.uleb128 0x9
 511 03e8 28050000 		.4byte	.LASF74
 512 03ec 05       		.byte	0x5
 513 03ed AA01     		.2byte	0x1aa
ARM GAS  /tmp/ccPd64st.s 			page 10


 514 03ef DB060000 		.4byte	0x6db
 515 03f3 00       		.byte	0
 516 03f4 00       		.byte	0
 517 03f5 04       		.uleb128 0x4
 518 03f6 0B020000 		.4byte	.LASF75
 519 03fa 04       		.byte	0x4
 520 03fb 70       		.byte	0x70
 521 03fc 00040000 		.4byte	0x400
 522 0400 0F       		.uleb128 0xf
 523 0401 2B010000 		.4byte	.LASF76
 524 0405 5802     		.2byte	0x258
 525 0407 05       		.byte	0x5
 526 0408 C201     		.2byte	0x1c2
 527 040a 5C040000 		.4byte	0x45c
 528 040e 09       		.uleb128 0x9
 529 040f 79050000 		.4byte	.LASF77
 530 0413 05       		.byte	0x5
 531 0414 C601     		.2byte	0x1c6
 532 0416 A3020000 		.4byte	0x2a3
 533 041a 00       		.byte	0
 534 041b 09       		.uleb128 0x9
 535 041c 1A010000 		.4byte	.LASF78
 536 0420 05       		.byte	0x5
 537 0421 CA01     		.2byte	0x1ca
 538 0423 82030000 		.4byte	0x382
 539 0427 1C       		.byte	0x1c
 540 0428 08       		.uleb128 0x8
 541 0429 64626700 		.ascii	"dbg\000"
 542 042d 05       		.byte	0x5
 543 042e CE01     		.2byte	0x1ce
 544 0430 CF030000 		.4byte	0x3cf
 545 0434 2C       		.byte	0x2c
 546 0435 09       		.uleb128 0x9
 547 0436 68000000 		.4byte	.LASF79
 548 043a 05       		.byte	0x5
 549 043b D201     		.2byte	0x1d2
 550 043d 2E010000 		.4byte	0x12e
 551 0441 30       		.byte	0x30
 552 0442 08       		.uleb128 0x8
 553 0443 746D00   		.ascii	"tm\000"
 554 0446 05       		.byte	0x5
 555 0447 D701     		.2byte	0x1d7
 556 0449 EE050000 		.4byte	0x5ee
 557 044d 78       		.byte	0x78
 558 044e 09       		.uleb128 0x9
 559 044f 96010000 		.4byte	.LASF80
 560 0453 05       		.byte	0x5
 561 0454 E301     		.2byte	0x1e3
 562 0456 E0060000 		.4byte	0x6e0
 563 045a 80       		.byte	0x80
 564 045b 00       		.byte	0
 565 045c 03       		.uleb128 0x3
 566 045d 04       		.byte	0x4
 567 045e 07       		.byte	0x7
 568 045f 67020000 		.4byte	.LASF81
 569 0463 04       		.uleb128 0x4
 570 0464 5F010000 		.4byte	.LASF82
ARM GAS  /tmp/ccPd64st.s 			page 11


 571 0468 06       		.byte	0x6
 572 0469 65       		.byte	0x65
 573 046a 26030000 		.4byte	0x326
 574 046e 04       		.uleb128 0x4
 575 046f 43020000 		.4byte	.LASF83
 576 0473 06       		.byte	0x6
 577 0474 6D       		.byte	0x6d
 578 0475 B0000000 		.4byte	0xb0
 579 0479 06       		.uleb128 0x6
 580 047a 39050000 		.4byte	.LASF84
 581 047e 04       		.byte	0x4
 582 047f 06       		.byte	0x6
 583 0480 89       		.byte	0x89
 584 0481 92040000 		.4byte	0x492
 585 0485 10       		.uleb128 0x10
 586 0486 72313300 		.ascii	"r13\000"
 587 048a 06       		.byte	0x6
 588 048b 8A       		.byte	0x8a
 589 048c D3050000 		.4byte	0x5d3
 590 0490 00       		.byte	0
 591 0491 00       		.byte	0
 592 0492 06       		.uleb128 0x6
 593 0493 2D000000 		.4byte	.LASF85
 594 0497 64       		.byte	0x64
 595 0498 07       		.byte	0x7
 596 0499 F4       		.byte	0xf4
 597 049a D3050000 		.4byte	0x5d3
 598 049e 10       		.uleb128 0x10
 599 049f 73313600 		.ascii	"s16\000"
 600 04a3 07       		.byte	0x7
 601 04a4 F6       		.byte	0xf6
 602 04a5 63040000 		.4byte	0x463
 603 04a9 00       		.byte	0
 604 04aa 10       		.uleb128 0x10
 605 04ab 73313700 		.ascii	"s17\000"
 606 04af 07       		.byte	0x7
 607 04b0 F7       		.byte	0xf7
 608 04b1 63040000 		.4byte	0x463
 609 04b5 04       		.byte	0x4
 610 04b6 10       		.uleb128 0x10
 611 04b7 73313800 		.ascii	"s18\000"
 612 04bb 07       		.byte	0x7
 613 04bc F8       		.byte	0xf8
 614 04bd 63040000 		.4byte	0x463
 615 04c1 08       		.byte	0x8
 616 04c2 10       		.uleb128 0x10
 617 04c3 73313900 		.ascii	"s19\000"
 618 04c7 07       		.byte	0x7
 619 04c8 F9       		.byte	0xf9
 620 04c9 63040000 		.4byte	0x463
 621 04cd 0C       		.byte	0xc
 622 04ce 10       		.uleb128 0x10
 623 04cf 73323000 		.ascii	"s20\000"
 624 04d3 07       		.byte	0x7
 625 04d4 FA       		.byte	0xfa
 626 04d5 63040000 		.4byte	0x463
 627 04d9 10       		.byte	0x10
ARM GAS  /tmp/ccPd64st.s 			page 12


 628 04da 10       		.uleb128 0x10
 629 04db 73323100 		.ascii	"s21\000"
 630 04df 07       		.byte	0x7
 631 04e0 FB       		.byte	0xfb
 632 04e1 63040000 		.4byte	0x463
 633 04e5 14       		.byte	0x14
 634 04e6 10       		.uleb128 0x10
 635 04e7 73323200 		.ascii	"s22\000"
 636 04eb 07       		.byte	0x7
 637 04ec FC       		.byte	0xfc
 638 04ed 63040000 		.4byte	0x463
 639 04f1 18       		.byte	0x18
 640 04f2 10       		.uleb128 0x10
 641 04f3 73323300 		.ascii	"s23\000"
 642 04f7 07       		.byte	0x7
 643 04f8 FD       		.byte	0xfd
 644 04f9 63040000 		.4byte	0x463
 645 04fd 1C       		.byte	0x1c
 646 04fe 10       		.uleb128 0x10
 647 04ff 73323400 		.ascii	"s24\000"
 648 0503 07       		.byte	0x7
 649 0504 FE       		.byte	0xfe
 650 0505 63040000 		.4byte	0x463
 651 0509 20       		.byte	0x20
 652 050a 10       		.uleb128 0x10
 653 050b 73323500 		.ascii	"s25\000"
 654 050f 07       		.byte	0x7
 655 0510 FF       		.byte	0xff
 656 0511 63040000 		.4byte	0x463
 657 0515 24       		.byte	0x24
 658 0516 08       		.uleb128 0x8
 659 0517 73323600 		.ascii	"s26\000"
 660 051b 07       		.byte	0x7
 661 051c 0001     		.2byte	0x100
 662 051e 63040000 		.4byte	0x463
 663 0522 28       		.byte	0x28
 664 0523 08       		.uleb128 0x8
 665 0524 73323700 		.ascii	"s27\000"
 666 0528 07       		.byte	0x7
 667 0529 0101     		.2byte	0x101
 668 052b 63040000 		.4byte	0x463
 669 052f 2C       		.byte	0x2c
 670 0530 08       		.uleb128 0x8
 671 0531 73323800 		.ascii	"s28\000"
 672 0535 07       		.byte	0x7
 673 0536 0201     		.2byte	0x102
 674 0538 63040000 		.4byte	0x463
 675 053c 30       		.byte	0x30
 676 053d 08       		.uleb128 0x8
 677 053e 73323900 		.ascii	"s29\000"
 678 0542 07       		.byte	0x7
 679 0543 0301     		.2byte	0x103
 680 0545 63040000 		.4byte	0x463
 681 0549 34       		.byte	0x34
 682 054a 08       		.uleb128 0x8
 683 054b 73333000 		.ascii	"s30\000"
 684 054f 07       		.byte	0x7
ARM GAS  /tmp/ccPd64st.s 			page 13


 685 0550 0401     		.2byte	0x104
 686 0552 63040000 		.4byte	0x463
 687 0556 38       		.byte	0x38
 688 0557 08       		.uleb128 0x8
 689 0558 73333100 		.ascii	"s31\000"
 690 055c 07       		.byte	0x7
 691 055d 0501     		.2byte	0x105
 692 055f 63040000 		.4byte	0x463
 693 0563 3C       		.byte	0x3c
 694 0564 08       		.uleb128 0x8
 695 0565 723400   		.ascii	"r4\000"
 696 0568 07       		.byte	0x7
 697 0569 0701     		.2byte	0x107
 698 056b 63040000 		.4byte	0x463
 699 056f 40       		.byte	0x40
 700 0570 08       		.uleb128 0x8
 701 0571 723500   		.ascii	"r5\000"
 702 0574 07       		.byte	0x7
 703 0575 0801     		.2byte	0x108
 704 0577 63040000 		.4byte	0x463
 705 057b 44       		.byte	0x44
 706 057c 08       		.uleb128 0x8
 707 057d 723600   		.ascii	"r6\000"
 708 0580 07       		.byte	0x7
 709 0581 0901     		.2byte	0x109
 710 0583 63040000 		.4byte	0x463
 711 0587 48       		.byte	0x48
 712 0588 08       		.uleb128 0x8
 713 0589 723700   		.ascii	"r7\000"
 714 058c 07       		.byte	0x7
 715 058d 0A01     		.2byte	0x10a
 716 058f 63040000 		.4byte	0x463
 717 0593 4C       		.byte	0x4c
 718 0594 08       		.uleb128 0x8
 719 0595 723800   		.ascii	"r8\000"
 720 0598 07       		.byte	0x7
 721 0599 0B01     		.2byte	0x10b
 722 059b 63040000 		.4byte	0x463
 723 059f 50       		.byte	0x50
 724 05a0 08       		.uleb128 0x8
 725 05a1 723900   		.ascii	"r9\000"
 726 05a4 07       		.byte	0x7
 727 05a5 0C01     		.2byte	0x10c
 728 05a7 63040000 		.4byte	0x463
 729 05ab 54       		.byte	0x54
 730 05ac 08       		.uleb128 0x8
 731 05ad 72313000 		.ascii	"r10\000"
 732 05b1 07       		.byte	0x7
 733 05b2 0D01     		.2byte	0x10d
 734 05b4 63040000 		.4byte	0x463
 735 05b8 58       		.byte	0x58
 736 05b9 08       		.uleb128 0x8
 737 05ba 72313100 		.ascii	"r11\000"
 738 05be 07       		.byte	0x7
 739 05bf 0E01     		.2byte	0x10e
 740 05c1 63040000 		.4byte	0x463
 741 05c5 5C       		.byte	0x5c
ARM GAS  /tmp/ccPd64st.s 			page 14


 742 05c6 08       		.uleb128 0x8
 743 05c7 6C7200   		.ascii	"lr\000"
 744 05ca 07       		.byte	0x7
 745 05cb 0F01     		.2byte	0x10f
 746 05cd 63040000 		.4byte	0x463
 747 05d1 60       		.byte	0x60
 748 05d2 00       		.byte	0
 749 05d3 0A       		.uleb128 0xa
 750 05d4 04       		.byte	0x4
 751 05d5 92040000 		.4byte	0x492
 752 05d9 11       		.uleb128 0x11
 753 05da 04       		.byte	0x4
 754 05db 08       		.byte	0x8
 755 05dc 38       		.byte	0x38
 756 05dd EE050000 		.4byte	0x5ee
 757 05e1 07       		.uleb128 0x7
 758 05e2 32050000 		.4byte	.LASF86
 759 05e6 08       		.byte	0x8
 760 05e7 3C       		.byte	0x3c
 761 05e8 C0000000 		.4byte	0xc0
 762 05ec 00       		.byte	0
 763 05ed 00       		.byte	0
 764 05ee 04       		.uleb128 0x4
 765 05ef A8020000 		.4byte	.LASF87
 766 05f3 08       		.byte	0x8
 767 05f4 3D       		.byte	0x3d
 768 05f5 D9050000 		.4byte	0x5d9
 769 05f9 12       		.uleb128 0x12
 770 05fa 04       		.byte	0x4
 771 05fb 05       		.byte	0x5
 772 05fc FA       		.byte	0xfa
 773 05fd 56060000 		.4byte	0x656
 774 0601 13       		.uleb128 0x13
 775 0602 13000000 		.4byte	.LASF88
 776 0606 05       		.byte	0x5
 777 0607 0101     		.2byte	0x101
 778 0609 02010000 		.4byte	0x102
 779 060d 13       		.uleb128 0x13
 780 060e 5F000000 		.4byte	.LASF89
 781 0612 05       		.byte	0x5
 782 0613 0801     		.2byte	0x108
 783 0615 02010000 		.4byte	0x102
 784 0619 13       		.uleb128 0x13
 785 061a 87050000 		.4byte	.LASF90
 786 061e 05       		.byte	0x5
 787 061f 0F01     		.2byte	0x10f
 788 0621 26030000 		.4byte	0x326
 789 0625 13       		.uleb128 0x13
 790 0626 0D000000 		.4byte	.LASF91
 791 062a 05       		.byte	0x5
 792 062b 1601     		.2byte	0x116
 793 062d 56060000 		.4byte	0x656
 794 0631 13       		.uleb128 0x13
 795 0632 C7010000 		.4byte	.LASF92
 796 0636 05       		.byte	0x5
 797 0637 1E01     		.2byte	0x11e
 798 0639 81060000 		.4byte	0x681
ARM GAS  /tmp/ccPd64st.s 			page 15


 799 063d 13       		.uleb128 0x13
 800 063e 9E030000 		.4byte	.LASF93
 801 0642 05       		.byte	0x5
 802 0643 2701     		.2byte	0x127
 803 0645 B8060000 		.4byte	0x6b8
 804 0649 13       		.uleb128 0x13
 805 064a 56030000 		.4byte	.LASF94
 806 064e 05       		.byte	0x5
 807 064f 2F01     		.2byte	0x12f
 808 0651 0D010000 		.4byte	0x10d
 809 0655 00       		.byte	0
 810 0656 0A       		.uleb128 0xa
 811 0657 04       		.byte	0x4
 812 0658 3E020000 		.4byte	0x23e
 813 065c 06       		.uleb128 0x6
 814 065d 7D030000 		.4byte	.LASF95
 815 0661 0C       		.byte	0xc
 816 0662 09       		.byte	0x9
 817 0663 34       		.byte	0x34
 818 0664 81060000 		.4byte	0x681
 819 0668 07       		.uleb128 0x7
 820 0669 4F010000 		.4byte	.LASF96
 821 066d 09       		.byte	0x9
 822 066e 35       		.byte	0x35
 823 066f 73020000 		.4byte	0x273
 824 0673 00       		.byte	0
 825 0674 07       		.uleb128 0x7
 826 0675 E2010000 		.4byte	.LASF97
 827 0679 09       		.byte	0x9
 828 067a 37       		.byte	0x37
 829 067b 18010000 		.4byte	0x118
 830 067f 08       		.byte	0x8
 831 0680 00       		.byte	0
 832 0681 0A       		.uleb128 0xa
 833 0682 04       		.byte	0x4
 834 0683 5C060000 		.4byte	0x65c
 835 0687 06       		.uleb128 0x6
 836 0688 60050000 		.4byte	.LASF98
 837 068c 10       		.byte	0x10
 838 068d 0A       		.byte	0xa
 839 068e 39       		.byte	0x39
 840 068f B8060000 		.4byte	0x6b8
 841 0693 07       		.uleb128 0x7
 842 0694 12010000 		.4byte	.LASF99
 843 0698 0A       		.byte	0xa
 844 0699 3A       		.byte	0x3a
 845 069a 73020000 		.4byte	0x273
 846 069e 00       		.byte	0
 847 069f 07       		.uleb128 0x7
 848 06a0 A6050000 		.4byte	.LASF100
 849 06a4 0A       		.byte	0xa
 850 06a5 3C       		.byte	0x3c
 851 06a6 49020000 		.4byte	0x249
 852 06aa 08       		.byte	0x8
 853 06ab 07       		.uleb128 0x7
 854 06ac F8040000 		.4byte	.LASF101
 855 06b0 0A       		.byte	0xa
ARM GAS  /tmp/ccPd64st.s 			page 16


 856 06b1 3E       		.byte	0x3e
 857 06b2 FB060000 		.4byte	0x6fb
 858 06b6 0C       		.byte	0xc
 859 06b7 00       		.byte	0
 860 06b8 0A       		.uleb128 0xa
 861 06b9 04       		.byte	0x4
 862 06ba 87060000 		.4byte	0x687
 863 06be 0A       		.uleb128 0xa
 864 06bf 04       		.byte	0x4
 865 06c0 C4060000 		.4byte	0x6c4
 866 06c4 14       		.uleb128 0x14
 867 06c5 C9060000 		.4byte	0x6c9
 868 06c9 03       		.uleb128 0x3
 869 06ca 01       		.byte	0x1
 870 06cb 08       		.byte	0x8
 871 06cc CF030000 		.4byte	.LASF102
 872 06d0 05       		.uleb128 0x5
 873 06d1 23010000 		.4byte	0x123
 874 06d5 0A       		.uleb128 0xa
 875 06d6 04       		.byte	0x4
 876 06d7 28030000 		.4byte	0x328
 877 06db 05       		.uleb128 0x5
 878 06dc BE060000 		.4byte	0x6be
 879 06e0 15       		.uleb128 0x15
 880 06e1 6E040000 		.4byte	0x46e
 881 06e5 F0060000 		.4byte	0x6f0
 882 06e9 16       		.uleb128 0x16
 883 06ea 5C040000 		.4byte	0x45c
 884 06ee 3A       		.byte	0x3a
 885 06ef 00       		.byte	0
 886 06f0 04       		.uleb128 0x4
 887 06f1 AE000000 		.4byte	.LASF103
 888 06f5 0A       		.byte	0xa
 889 06f6 34       		.byte	0x34
 890 06f7 87060000 		.4byte	0x687
 891 06fb 0A       		.uleb128 0xa
 892 06fc 04       		.byte	0x4
 893 06fd F0060000 		.4byte	0x6f0
 894 0701 03       		.uleb128 0x3
 895 0702 01       		.byte	0x1
 896 0703 02       		.byte	0x2
 897 0704 0D030000 		.4byte	.LASF104
 898 0708 17       		.uleb128 0x17
 899 0709 89000000 		.4byte	.LASF105
 900 070d 0B       		.byte	0xb
 901 070e A706     		.2byte	0x6a7
 902 0710 BB000000 		.4byte	0xbb
 903 0714 18       		.uleb128 0x18
 904 0715 636800   		.ascii	"ch\000"
 905 0718 05       		.byte	0x5
 906 0719 0902     		.2byte	0x209
 907 071b F5030000 		.4byte	0x3f5
 908 071f 00       		.byte	0
 909              		.section	.debug_abbrev,"",%progbits
 910              	.Ldebug_abbrev0:
 911 0000 01       		.uleb128 0x1
 912 0001 11       		.uleb128 0x11
ARM GAS  /tmp/ccPd64st.s 			page 17


 913 0002 01       		.byte	0x1
 914 0003 25       		.uleb128 0x25
 915 0004 0E       		.uleb128 0xe
 916 0005 13       		.uleb128 0x13
 917 0006 0B       		.uleb128 0xb
 918 0007 03       		.uleb128 0x3
 919 0008 0E       		.uleb128 0xe
 920 0009 1B       		.uleb128 0x1b
 921 000a 0E       		.uleb128 0xe
 922 000b 10       		.uleb128 0x10
 923 000c 17       		.uleb128 0x17
 924 000d 00       		.byte	0
 925 000e 00       		.byte	0
 926 000f 02       		.uleb128 0x2
 927 0010 24       		.uleb128 0x24
 928 0011 00       		.byte	0
 929 0012 0B       		.uleb128 0xb
 930 0013 0B       		.uleb128 0xb
 931 0014 3E       		.uleb128 0x3e
 932 0015 0B       		.uleb128 0xb
 933 0016 03       		.uleb128 0x3
 934 0017 08       		.uleb128 0x8
 935 0018 00       		.byte	0
 936 0019 00       		.byte	0
 937 001a 03       		.uleb128 0x3
 938 001b 24       		.uleb128 0x24
 939 001c 00       		.byte	0
 940 001d 0B       		.uleb128 0xb
 941 001e 0B       		.uleb128 0xb
 942 001f 3E       		.uleb128 0x3e
 943 0020 0B       		.uleb128 0xb
 944 0021 03       		.uleb128 0x3
 945 0022 0E       		.uleb128 0xe
 946 0023 00       		.byte	0
 947 0024 00       		.byte	0
 948 0025 04       		.uleb128 0x4
 949 0026 16       		.uleb128 0x16
 950 0027 00       		.byte	0
 951 0028 03       		.uleb128 0x3
 952 0029 0E       		.uleb128 0xe
 953 002a 3A       		.uleb128 0x3a
 954 002b 0B       		.uleb128 0xb
 955 002c 3B       		.uleb128 0x3b
 956 002d 0B       		.uleb128 0xb
 957 002e 49       		.uleb128 0x49
 958 002f 13       		.uleb128 0x13
 959 0030 00       		.byte	0
 960 0031 00       		.byte	0
 961 0032 05       		.uleb128 0x5
 962 0033 35       		.uleb128 0x35
 963 0034 00       		.byte	0
 964 0035 49       		.uleb128 0x49
 965 0036 13       		.uleb128 0x13
 966 0037 00       		.byte	0
 967 0038 00       		.byte	0
 968 0039 06       		.uleb128 0x6
 969 003a 13       		.uleb128 0x13
ARM GAS  /tmp/ccPd64st.s 			page 18


 970 003b 01       		.byte	0x1
 971 003c 03       		.uleb128 0x3
 972 003d 0E       		.uleb128 0xe
 973 003e 0B       		.uleb128 0xb
 974 003f 0B       		.uleb128 0xb
 975 0040 3A       		.uleb128 0x3a
 976 0041 0B       		.uleb128 0xb
 977 0042 3B       		.uleb128 0x3b
 978 0043 0B       		.uleb128 0xb
 979 0044 01       		.uleb128 0x1
 980 0045 13       		.uleb128 0x13
 981 0046 00       		.byte	0
 982 0047 00       		.byte	0
 983 0048 07       		.uleb128 0x7
 984 0049 0D       		.uleb128 0xd
 985 004a 00       		.byte	0
 986 004b 03       		.uleb128 0x3
 987 004c 0E       		.uleb128 0xe
 988 004d 3A       		.uleb128 0x3a
 989 004e 0B       		.uleb128 0xb
 990 004f 3B       		.uleb128 0x3b
 991 0050 0B       		.uleb128 0xb
 992 0051 49       		.uleb128 0x49
 993 0052 13       		.uleb128 0x13
 994 0053 38       		.uleb128 0x38
 995 0054 0B       		.uleb128 0xb
 996 0055 00       		.byte	0
 997 0056 00       		.byte	0
 998 0057 08       		.uleb128 0x8
 999 0058 0D       		.uleb128 0xd
 1000 0059 00       		.byte	0
 1001 005a 03       		.uleb128 0x3
 1002 005b 08       		.uleb128 0x8
 1003 005c 3A       		.uleb128 0x3a
 1004 005d 0B       		.uleb128 0xb
 1005 005e 3B       		.uleb128 0x3b
 1006 005f 05       		.uleb128 0x5
 1007 0060 49       		.uleb128 0x49
 1008 0061 13       		.uleb128 0x13
 1009 0062 38       		.uleb128 0x38
 1010 0063 0B       		.uleb128 0xb
 1011 0064 00       		.byte	0
 1012 0065 00       		.byte	0
 1013 0066 09       		.uleb128 0x9
 1014 0067 0D       		.uleb128 0xd
 1015 0068 00       		.byte	0
 1016 0069 03       		.uleb128 0x3
 1017 006a 0E       		.uleb128 0xe
 1018 006b 3A       		.uleb128 0x3a
 1019 006c 0B       		.uleb128 0xb
 1020 006d 3B       		.uleb128 0x3b
 1021 006e 05       		.uleb128 0x5
 1022 006f 49       		.uleb128 0x49
 1023 0070 13       		.uleb128 0x13
 1024 0071 38       		.uleb128 0x38
 1025 0072 0B       		.uleb128 0xb
 1026 0073 00       		.byte	0
ARM GAS  /tmp/ccPd64st.s 			page 19


 1027 0074 00       		.byte	0
 1028 0075 0A       		.uleb128 0xa
 1029 0076 0F       		.uleb128 0xf
 1030 0077 00       		.byte	0
 1031 0078 0B       		.uleb128 0xb
 1032 0079 0B       		.uleb128 0xb
 1033 007a 49       		.uleb128 0x49
 1034 007b 13       		.uleb128 0x13
 1035 007c 00       		.byte	0
 1036 007d 00       		.byte	0
 1037 007e 0B       		.uleb128 0xb
 1038 007f 13       		.uleb128 0x13
 1039 0080 01       		.byte	0x1
 1040 0081 03       		.uleb128 0x3
 1041 0082 0E       		.uleb128 0xe
 1042 0083 0B       		.uleb128 0xb
 1043 0084 0B       		.uleb128 0xb
 1044 0085 3A       		.uleb128 0x3a
 1045 0086 0B       		.uleb128 0xb
 1046 0087 3B       		.uleb128 0x3b
 1047 0088 05       		.uleb128 0x5
 1048 0089 01       		.uleb128 0x1
 1049 008a 13       		.uleb128 0x13
 1050 008b 00       		.byte	0
 1051 008c 00       		.byte	0
 1052 008d 0C       		.uleb128 0xc
 1053 008e 15       		.uleb128 0x15
 1054 008f 01       		.byte	0x1
 1055 0090 27       		.uleb128 0x27
 1056 0091 19       		.uleb128 0x19
 1057 0092 01       		.uleb128 0x1
 1058 0093 13       		.uleb128 0x13
 1059 0094 00       		.byte	0
 1060 0095 00       		.byte	0
 1061 0096 0D       		.uleb128 0xd
 1062 0097 05       		.uleb128 0x5
 1063 0098 00       		.byte	0
 1064 0099 49       		.uleb128 0x49
 1065 009a 13       		.uleb128 0x13
 1066 009b 00       		.byte	0
 1067 009c 00       		.byte	0
 1068 009d 0E       		.uleb128 0xe
 1069 009e 0F       		.uleb128 0xf
 1070 009f 00       		.byte	0
 1071 00a0 0B       		.uleb128 0xb
 1072 00a1 0B       		.uleb128 0xb
 1073 00a2 00       		.byte	0
 1074 00a3 00       		.byte	0
 1075 00a4 0F       		.uleb128 0xf
 1076 00a5 13       		.uleb128 0x13
 1077 00a6 01       		.byte	0x1
 1078 00a7 03       		.uleb128 0x3
 1079 00a8 0E       		.uleb128 0xe
 1080 00a9 0B       		.uleb128 0xb
 1081 00aa 05       		.uleb128 0x5
 1082 00ab 3A       		.uleb128 0x3a
 1083 00ac 0B       		.uleb128 0xb
ARM GAS  /tmp/ccPd64st.s 			page 20


 1084 00ad 3B       		.uleb128 0x3b
 1085 00ae 05       		.uleb128 0x5
 1086 00af 01       		.uleb128 0x1
 1087 00b0 13       		.uleb128 0x13
 1088 00b1 00       		.byte	0
 1089 00b2 00       		.byte	0
 1090 00b3 10       		.uleb128 0x10
 1091 00b4 0D       		.uleb128 0xd
 1092 00b5 00       		.byte	0
 1093 00b6 03       		.uleb128 0x3
 1094 00b7 08       		.uleb128 0x8
 1095 00b8 3A       		.uleb128 0x3a
 1096 00b9 0B       		.uleb128 0xb
 1097 00ba 3B       		.uleb128 0x3b
 1098 00bb 0B       		.uleb128 0xb
 1099 00bc 49       		.uleb128 0x49
 1100 00bd 13       		.uleb128 0x13
 1101 00be 38       		.uleb128 0x38
 1102 00bf 0B       		.uleb128 0xb
 1103 00c0 00       		.byte	0
 1104 00c1 00       		.byte	0
 1105 00c2 11       		.uleb128 0x11
 1106 00c3 13       		.uleb128 0x13
 1107 00c4 01       		.byte	0x1
 1108 00c5 0B       		.uleb128 0xb
 1109 00c6 0B       		.uleb128 0xb
 1110 00c7 3A       		.uleb128 0x3a
 1111 00c8 0B       		.uleb128 0xb
 1112 00c9 3B       		.uleb128 0x3b
 1113 00ca 0B       		.uleb128 0xb
 1114 00cb 01       		.uleb128 0x1
 1115 00cc 13       		.uleb128 0x13
 1116 00cd 00       		.byte	0
 1117 00ce 00       		.byte	0
 1118 00cf 12       		.uleb128 0x12
 1119 00d0 17       		.uleb128 0x17
 1120 00d1 01       		.byte	0x1
 1121 00d2 0B       		.uleb128 0xb
 1122 00d3 0B       		.uleb128 0xb
 1123 00d4 3A       		.uleb128 0x3a
 1124 00d5 0B       		.uleb128 0xb
 1125 00d6 3B       		.uleb128 0x3b
 1126 00d7 0B       		.uleb128 0xb
 1127 00d8 01       		.uleb128 0x1
 1128 00d9 13       		.uleb128 0x13
 1129 00da 00       		.byte	0
 1130 00db 00       		.byte	0
 1131 00dc 13       		.uleb128 0x13
 1132 00dd 0D       		.uleb128 0xd
 1133 00de 00       		.byte	0
 1134 00df 03       		.uleb128 0x3
 1135 00e0 0E       		.uleb128 0xe
 1136 00e1 3A       		.uleb128 0x3a
 1137 00e2 0B       		.uleb128 0xb
 1138 00e3 3B       		.uleb128 0x3b
 1139 00e4 05       		.uleb128 0x5
 1140 00e5 49       		.uleb128 0x49
ARM GAS  /tmp/ccPd64st.s 			page 21


 1141 00e6 13       		.uleb128 0x13
 1142 00e7 00       		.byte	0
 1143 00e8 00       		.byte	0
 1144 00e9 14       		.uleb128 0x14
 1145 00ea 26       		.uleb128 0x26
 1146 00eb 00       		.byte	0
 1147 00ec 49       		.uleb128 0x49
 1148 00ed 13       		.uleb128 0x13
 1149 00ee 00       		.byte	0
 1150 00ef 00       		.byte	0
 1151 00f0 15       		.uleb128 0x15
 1152 00f1 01       		.uleb128 0x1
 1153 00f2 01       		.byte	0x1
 1154 00f3 49       		.uleb128 0x49
 1155 00f4 13       		.uleb128 0x13
 1156 00f5 01       		.uleb128 0x1
 1157 00f6 13       		.uleb128 0x13
 1158 00f7 00       		.byte	0
 1159 00f8 00       		.byte	0
 1160 00f9 16       		.uleb128 0x16
 1161 00fa 21       		.uleb128 0x21
 1162 00fb 00       		.byte	0
 1163 00fc 49       		.uleb128 0x49
 1164 00fd 13       		.uleb128 0x13
 1165 00fe 2F       		.uleb128 0x2f
 1166 00ff 0B       		.uleb128 0xb
 1167 0100 00       		.byte	0
 1168 0101 00       		.byte	0
 1169 0102 17       		.uleb128 0x17
 1170 0103 34       		.uleb128 0x34
 1171 0104 00       		.byte	0
 1172 0105 03       		.uleb128 0x3
 1173 0106 0E       		.uleb128 0xe
 1174 0107 3A       		.uleb128 0x3a
 1175 0108 0B       		.uleb128 0xb
 1176 0109 3B       		.uleb128 0x3b
 1177 010a 05       		.uleb128 0x5
 1178 010b 49       		.uleb128 0x49
 1179 010c 13       		.uleb128 0x13
 1180 010d 3F       		.uleb128 0x3f
 1181 010e 19       		.uleb128 0x19
 1182 010f 3C       		.uleb128 0x3c
 1183 0110 19       		.uleb128 0x19
 1184 0111 00       		.byte	0
 1185 0112 00       		.byte	0
 1186 0113 18       		.uleb128 0x18
 1187 0114 34       		.uleb128 0x34
 1188 0115 00       		.byte	0
 1189 0116 03       		.uleb128 0x3
 1190 0117 08       		.uleb128 0x8
 1191 0118 3A       		.uleb128 0x3a
 1192 0119 0B       		.uleb128 0xb
 1193 011a 3B       		.uleb128 0x3b
 1194 011b 05       		.uleb128 0x5
 1195 011c 49       		.uleb128 0x49
 1196 011d 13       		.uleb128 0x13
 1197 011e 3F       		.uleb128 0x3f
ARM GAS  /tmp/ccPd64st.s 			page 22


 1198 011f 19       		.uleb128 0x19
 1199 0120 3C       		.uleb128 0x3c
 1200 0121 19       		.uleb128 0x19
 1201 0122 00       		.byte	0
 1202 0123 00       		.byte	0
 1203 0124 00       		.byte	0
 1204              		.section	.debug_aranges,"",%progbits
 1205 0000 14000000 		.4byte	0x14
 1206 0004 0200     		.2byte	0x2
 1207 0006 00000000 		.4byte	.Ldebug_info0
 1208 000a 04       		.byte	0x4
 1209 000b 00       		.byte	0
 1210 000c 0000     		.2byte	0
 1211 000e 0000     		.2byte	0
 1212 0010 00000000 		.4byte	0
 1213 0014 00000000 		.4byte	0
 1214              		.section	.debug_line,"",%progbits
 1215              	.Ldebug_line0:
 1216 0000 7E010000 		.section	.debug_str,"MS",%progbits,1
 1216      02007801 
 1216      00000201 
 1216      FB0E0D00 
 1216      01010101 
 1217              	.LASF53:
 1218 0000 72656164 		.ascii	"ready_list_t\000"
 1218      795F6C69 
 1218      73745F74 
 1218      00
 1219              	.LASF91:
 1220 000d 77747472 		.ascii	"wttrp\000"
 1220      7000
 1221              	.LASF88:
 1222 0013 7264796D 		.ascii	"rdymsg\000"
 1222      736700
 1223              	.LASF16:
 1224 001a 75696E74 		.ascii	"uint64_t\000"
 1224      36345F74 
 1224      00
 1225              	.LASF5:
 1226 0023 5F5F7569 		.ascii	"__uint8_t\000"
 1226      6E74385F 
 1226      7400
 1227              	.LASF85:
 1228 002d 706F7274 		.ascii	"port_intctx\000"
 1228      5F696E74 
 1228      63747800 
 1229              	.LASF72:
 1230 0039 73797374 		.ascii	"system_debug_t\000"
 1230      656D5F64 
 1230      65627567 
 1230      5F7400
 1231              	.LASF12:
 1232 0048 6C6F6E67 		.ascii	"long long unsigned int\000"
 1232      206C6F6E 
 1232      6720756E 
 1232      7369676E 
 1232      65642069 
ARM GAS  /tmp/ccPd64st.s 			page 23


 1233              	.LASF89:
 1234 005f 65786974 		.ascii	"exitcode\000"
 1234      636F6465 
 1234      00
 1235              	.LASF79:
 1236 0068 6D61696E 		.ascii	"mainthread\000"
 1236      74687265 
 1236      616400
 1237              	.LASF69:
 1238 0073 76697274 		.ascii	"virtual_timers_list_t\000"
 1238      75616C5F 
 1238      74696D65 
 1238      72735F6C 
 1238      6973745F 
 1239              	.LASF105:
 1240 0089 49544D5F 		.ascii	"ITM_RxBuffer\000"
 1240      52784275 
 1240      66666572 
 1240      00
 1241              	.LASF52:
 1242 0096 63685F74 		.ascii	"ch_threads_queue\000"
 1242      68726561 
 1242      64735F71 
 1242      75657565 
 1242      00
 1243              	.LASF30:
 1244 00a7 705F7072 		.ascii	"p_prio\000"
 1244      696F00
 1245              	.LASF103:
 1246 00ae 6D757465 		.ascii	"mutex_t\000"
 1246      785F7400 
 1247              	.LASF10:
 1248 00b6 6C6F6E67 		.ascii	"long long int\000"
 1248      206C6F6E 
 1248      6720696E 
 1248      7400
 1249              	.LASF1:
 1250 00c4 7369676E 		.ascii	"signed char\000"
 1250      65642063 
 1250      68617200 
 1251              	.LASF108:
 1252 00d0 2F686F6D 		.ascii	"/home/benjamin/Skrivbord/SP-RCCar/Embedded/RC_Contr"
 1252      652F6265 
 1252      6E6A616D 
 1252      696E2F53 
 1252      6B726976 
 1253 0103 6F6C6C65 		.ascii	"oller/\000"
 1253      722F00
 1254              	.LASF46:
 1255 010a 705F6D70 		.ascii	"p_mpool\000"
 1255      6F6F6C00 
 1256              	.LASF99:
 1257 0112 6D5F7175 		.ascii	"m_queue\000"
 1257      65756500 
 1258              	.LASF78:
 1259 011a 76746C69 		.ascii	"vtlist\000"
 1259      737400
ARM GAS  /tmp/ccPd64st.s 			page 24


 1260              	.LASF21:
 1261 0121 74736C69 		.ascii	"tslices_t\000"
 1261      6365735F 
 1261      7400
 1262              	.LASF76:
 1263 012b 63685F73 		.ascii	"ch_system\000"
 1263      79737465 
 1263      6D00
 1264              	.LASF7:
 1265 0135 6C6F6E67 		.ascii	"long int\000"
 1265      20696E74 
 1265      00
 1266              	.LASF19:
 1267 013e 74737461 		.ascii	"tstate_t\000"
 1267      74655F74 
 1267      00
 1268              	.LASF32:
 1269 0147 705F6E65 		.ascii	"p_newer\000"
 1269      77657200 
 1270              	.LASF96:
 1271 014f 735F7175 		.ascii	"s_queue\000"
 1271      65756500 
 1272              	.LASF58:
 1273 0157 725F6E65 		.ascii	"r_newer\000"
 1273      77657200 
 1274              	.LASF82:
 1275 015f 72656761 		.ascii	"regarm_t\000"
 1275      726D5F74 
 1275      00
 1276              	.LASF65:
 1277 0168 76745F70 		.ascii	"vt_prev\000"
 1277      72657600 
 1278              	.LASF107:
 1279 0170 43686962 		.ascii	"ChibiOS_3.0.2/os/hal/src/hal_queues.c\000"
 1279      694F535F 
 1279      332E302E 
 1279      322F6F73 
 1279      2F68616C 
 1280              	.LASF80:
 1281 0196 69646C65 		.ascii	"idle_thread_wa\000"
 1281      5F746872 
 1281      6561645F 
 1281      776100
 1282              	.LASF25:
 1283 01a5 636E745F 		.ascii	"cnt_t\000"
 1283      7400
 1284              	.LASF0:
 1285 01ab 756E7369 		.ascii	"unsigned int\000"
 1285      676E6564 
 1285      20696E74 
 1285      00
 1286              	.LASF64:
 1287 01b8 76745F6E 		.ascii	"vt_next\000"
 1287      65787400 
 1288              	.LASF39:
 1289 01c0 705F7469 		.ascii	"p_time\000"
 1289      6D6500
ARM GAS  /tmp/ccPd64st.s 			page 25


 1290              	.LASF92:
 1291 01c7 77747365 		.ascii	"wtsemp\000"
 1291      6D7000
 1292              	.LASF66:
 1293 01ce 76745F64 		.ascii	"vt_delta\000"
 1293      656C7461 
 1293      00
 1294              	.LASF41:
 1295 01d7 705F6D73 		.ascii	"p_msgqueue\000"
 1295      67717565 
 1295      756500
 1296              	.LASF97:
 1297 01e2 735F636E 		.ascii	"s_cnt\000"
 1297      7400
 1298              	.LASF4:
 1299 01e8 73686F72 		.ascii	"short unsigned int\000"
 1299      7420756E 
 1299      7369676E 
 1299      65642069 
 1299      6E7400
 1300              	.LASF49:
 1301 01fb 63685F74 		.ascii	"ch_thread\000"
 1301      68726561 
 1301      6400
 1302              	.LASF23:
 1303 0205 6D73675F 		.ascii	"msg_t\000"
 1303      7400
 1304              	.LASF75:
 1305 020b 63685F73 		.ascii	"ch_system_t\000"
 1305      79737465 
 1305      6D5F7400 
 1306              	.LASF18:
 1307 0217 746D6F64 		.ascii	"tmode_t\000"
 1307      655F7400 
 1308              	.LASF54:
 1309 021f 63685F72 		.ascii	"ch_ready_list\000"
 1309      65616479 
 1309      5F6C6973 
 1309      7400
 1310              	.LASF24:
 1311 022d 6576656E 		.ascii	"eventmask_t\000"
 1311      746D6173 
 1311      6B5F7400 
 1312              	.LASF6:
 1313 0239 5F5F696E 		.ascii	"__int32_t\000"
 1313      7433325F 
 1313      7400
 1314              	.LASF83:
 1315 0243 73746B61 		.ascii	"stkalign_t\000"
 1315      6C69676E 
 1315      5F7400
 1316              	.LASF48:
 1317 024e 74687265 		.ascii	"threads_list_t\000"
 1317      6164735F 
 1317      6C697374 
 1317      5F7400
 1318              	.LASF40:
ARM GAS  /tmp/ccPd64st.s 			page 26


 1319 025d 705F7761 		.ascii	"p_waiting\000"
 1319      6974696E 
 1319      6700
 1320              	.LASF81:
 1321 0267 73697A65 		.ascii	"sizetype\000"
 1321      74797065 
 1321      00
 1322              	.LASF47:
 1323 0270 74687265 		.ascii	"thread_reference_t\000"
 1323      61645F72 
 1323      65666572 
 1323      656E6365 
 1323      5F7400
 1324              	.LASF70:
 1325 0283 63685F76 		.ascii	"ch_virtual_timers_list\000"
 1325      69727475 
 1325      616C5F74 
 1325      696D6572 
 1325      735F6C69 
 1326              	.LASF33:
 1327 029a 705F6F6C 		.ascii	"p_older\000"
 1327      64657200 
 1328              	.LASF57:
 1329 02a2 725F6374 		.ascii	"r_ctx\000"
 1329      7800
 1330              	.LASF87:
 1331 02a8 746D5F63 		.ascii	"tm_calibration_t\000"
 1331      616C6962 
 1331      72617469 
 1331      6F6E5F74 
 1331      00
 1332              	.LASF60:
 1333 02b9 725F6375 		.ascii	"r_current\000"
 1333      7272656E 
 1333      7400
 1334              	.LASF59:
 1335 02c3 725F6F6C 		.ascii	"r_older\000"
 1335      64657200 
 1336              	.LASF11:
 1337 02cb 5F5F7569 		.ascii	"__uint64_t\000"
 1337      6E743634 
 1337      5F7400
 1338              	.LASF20:
 1339 02d6 74726566 		.ascii	"trefs_t\000"
 1339      735F7400 
 1340              	.LASF62:
 1341 02de 76697274 		.ascii	"virtual_timer_t\000"
 1341      75616C5F 
 1341      74696D65 
 1341      725F7400 
 1342              	.LASF29:
 1343 02ee 705F7072 		.ascii	"p_prev\000"
 1343      657600
 1344              	.LASF22:
 1345 02f5 74707269 		.ascii	"tprio_t\000"
 1345      6F5F7400 
 1346              	.LASF73:
ARM GAS  /tmp/ccPd64st.s 			page 27


 1347 02fd 63685F73 		.ascii	"ch_system_debug\000"
 1347      79737465 
 1347      6D5F6465 
 1347      62756700 
 1348              	.LASF104:
 1349 030d 5F426F6F 		.ascii	"_Bool\000"
 1349      6C00
 1350              	.LASF14:
 1351 0313 696E7433 		.ascii	"int32_t\000"
 1351      325F7400 
 1352              	.LASF2:
 1353 031b 756E7369 		.ascii	"unsigned char\000"
 1353      676E6564 
 1353      20636861 
 1353      7200
 1354              	.LASF44:
 1355 0329 705F6D74 		.ascii	"p_mtxlist\000"
 1355      786C6973 
 1355      7400
 1356              	.LASF3:
 1357 0333 73686F72 		.ascii	"short int\000"
 1357      7420696E 
 1357      7400
 1358              	.LASF35:
 1359 033d 705F7374 		.ascii	"p_state\000"
 1359      61746500 
 1360              	.LASF38:
 1361 0345 705F7072 		.ascii	"p_preempt\000"
 1361      65656D70 
 1361      7400
 1362              	.LASF56:
 1363 034f 725F7072 		.ascii	"r_prio\000"
 1363      696F00
 1364              	.LASF94:
 1365 0356 65776D61 		.ascii	"ewmask\000"
 1365      736B00
 1366              	.LASF28:
 1367 035d 705F6E65 		.ascii	"p_next\000"
 1367      787400
 1368              	.LASF36:
 1369 0364 705F666C 		.ascii	"p_flags\000"
 1369      61677300 
 1370              	.LASF63:
 1371 036c 63685F76 		.ascii	"ch_virtual_timer\000"
 1371      69727475 
 1371      616C5F74 
 1371      696D6572 
 1371      00
 1372              	.LASF95:
 1373 037d 63685F73 		.ascii	"ch_semaphore\000"
 1373      656D6170 
 1373      686F7265 
 1373      00
 1374              	.LASF43:
 1375 038a 705F6570 		.ascii	"p_epending\000"
 1375      656E6469 
 1375      6E6700
ARM GAS  /tmp/ccPd64st.s 			page 28


 1376              	.LASF15:
 1377 0395 75696E74 		.ascii	"uint32_t\000"
 1377      33325F74 
 1377      00
 1378              	.LASF93:
 1379 039e 77746D74 		.ascii	"wtmtxp\000"
 1379      787000
 1380              	.LASF55:
 1381 03a5 725F7175 		.ascii	"r_queue\000"
 1381      65756500 
 1382              	.LASF50:
 1383 03ad 63685F74 		.ascii	"ch_threads_list\000"
 1383      68726561 
 1383      64735F6C 
 1383      69737400 
 1384              	.LASF9:
 1385 03bd 6C6F6E67 		.ascii	"long unsigned int\000"
 1385      20756E73 
 1385      69676E65 
 1385      6420696E 
 1385      7400
 1386              	.LASF102:
 1387 03cf 63686172 		.ascii	"char\000"
 1387      00
 1388              	.LASF106:
 1389 03d4 474E5520 		.ascii	"GNU C 4.9.3 20150529 (release) [ARM/embedded-4_9-br"
 1389      4320342E 
 1389      392E3320 
 1389      32303135 
 1389      30353239 
 1390 0407 616E6368 		.ascii	"anch revision 227977] -mcpu=cortex-m4 -mfloat-abi=h"
 1390      20726576 
 1390      6973696F 
 1390      6E203232 
 1390      37393737 
 1391 043a 61726420 		.ascii	"ard -mfpu=fpv4-sp-d16 -mno-thumb-interwork -mthumb "
 1391      2D6D6670 
 1391      753D6670 
 1391      76342D73 
 1391      702D6431 
 1392 046d 2D676764 		.ascii	"-ggdb -O2 -std=gnu99 -fomit-frame-pointer -falign-f"
 1392      62202D4F 
 1392      32202D73 
 1392      74643D67 
 1392      6E753939 
 1393 04a0 756E6374 		.ascii	"unctions=16 -ffunction-sections -fdata-sections -fn"
 1393      696F6E73 
 1393      3D313620 
 1393      2D666675 
 1393      6E637469 
 1394 04d3 6F2D636F 		.ascii	"o-common -fsingle-precision-constant\000"
 1394      6D6D6F6E 
 1394      202D6673 
 1394      696E676C 
 1394      652D7072 
 1395              	.LASF101:
 1396 04f8 6D5F6E65 		.ascii	"m_next\000"
ARM GAS  /tmp/ccPd64st.s 			page 29


 1396      787400
 1397              	.LASF26:
 1398 04ff 73797374 		.ascii	"systime_t\000"
 1398      696D655F 
 1398      7400
 1399              	.LASF45:
 1400 0509 705F7265 		.ascii	"p_realprio\000"
 1400      616C7072 
 1400      696F00
 1401              	.LASF61:
 1402 0514 76746675 		.ascii	"vtfunc_t\000"
 1402      6E635F74 
 1402      00
 1403              	.LASF8:
 1404 051d 5F5F7569 		.ascii	"__uint32_t\000"
 1404      6E743332 
 1404      5F7400
 1405              	.LASF74:
 1406 0528 70616E69 		.ascii	"panic_msg\000"
 1406      635F6D73 
 1406      6700
 1407              	.LASF86:
 1408 0532 6F666673 		.ascii	"offset\000"
 1408      657400
 1409              	.LASF84:
 1410 0539 636F6E74 		.ascii	"context\000"
 1410      65787400 
 1411              	.LASF17:
 1412 0541 7274636E 		.ascii	"rtcnt_t\000"
 1412      745F7400 
 1413              	.LASF68:
 1414 0549 76745F70 		.ascii	"vt_par\000"
 1414      617200
 1415              	.LASF51:
 1416 0550 74687265 		.ascii	"threads_queue_t\000"
 1416      6164735F 
 1416      71756575 
 1416      655F7400 
 1417              	.LASF98:
 1418 0560 63685F6D 		.ascii	"ch_mutex\000"
 1418      75746578 
 1418      00
 1419              	.LASF37:
 1420 0569 705F7265 		.ascii	"p_refs\000"
 1420      667300
 1421              	.LASF27:
 1422 0570 74687265 		.ascii	"thread_t\000"
 1422      61645F74 
 1422      00
 1423              	.LASF77:
 1424 0579 726C6973 		.ascii	"rlist\000"
 1424      7400
 1425              	.LASF13:
 1426 057f 75696E74 		.ascii	"uint8_t\000"
 1426      385F7400 
 1427              	.LASF90:
 1428 0587 77746F62 		.ascii	"wtobjp\000"
ARM GAS  /tmp/ccPd64st.s 			page 30


 1428      6A7000
 1429              	.LASF34:
 1430 058e 705F6E61 		.ascii	"p_name\000"
 1430      6D6500
 1431              	.LASF71:
 1432 0595 76745F73 		.ascii	"vt_systime\000"
 1432      79737469 
 1432      6D6500
 1433              	.LASF42:
 1434 05a0 705F6D73 		.ascii	"p_msg\000"
 1434      6700
 1435              	.LASF100:
 1436 05a6 6D5F6F77 		.ascii	"m_owner\000"
 1436      6E657200 
 1437              	.LASF31:
 1438 05ae 705F6374 		.ascii	"p_ctx\000"
 1438      7800
 1439              	.LASF67:
 1440 05b4 76745F66 		.ascii	"vt_func\000"
 1440      756E6300 
 1441              		.ident	"GCC: (GNU Tools for ARM Embedded Processors) 4.9.3 20150529 (release) [ARM/embedded-4_9-br
ARM GAS  /tmp/ccPd64st.s 			page 31


DEFINED SYMBOLS
                            *ABS*:0000000000000000 hal_queues.c

NO UNDEFINED SYMBOLS
