ARM GAS  /tmp/cccgn63j.s 			page 1


   1              		.syntax unified
   2              		.cpu cortex-m4
   3              		.eabi_attribute 27, 1
   4              		.eabi_attribute 28, 1
   5              		.fpu fpv4-sp-d16
   6              		.eabi_attribute 20, 1
   7              		.eabi_attribute 21, 1
   8              		.eabi_attribute 23, 3
   9              		.eabi_attribute 24, 1
  10              		.eabi_attribute 25, 1
  11              		.eabi_attribute 26, 1
  12              		.eabi_attribute 30, 2
  13              		.eabi_attribute 34, 1
  14              		.eabi_attribute 18, 4
  15              		.thumb
  16              		.file	"nvic.c"
  17              		.text
  18              	.Ltext0:
  19              		.cfi_sections	.debug_frame
  20              		.section	.text.nvicEnableVector,"ax",%progbits
  21              		.align	2
  22              		.p2align 4,,15
  23              		.global	nvicEnableVector
  24              		.thumb
  25              		.thumb_func
  26              		.type	nvicEnableVector, %function
  27              	nvicEnableVector:
  28              	.LFB256:
  29              		.file 1 "ChibiOS_3.0.2/os/hal/ports/common/ARMCMx/nvic.c"
  30              		.loc 1 57 0
  31              		.cfi_startproc
  32              		@ args = 0, pretend = 0, frame = 0
  33              		@ frame_needed = 0, uses_anonymous_args = 0
  34              		@ link register save eliminated.
  35              	.LVL0:
  36              		.loc 1 60 0
  37 0000 4309     		lsrs	r3, r0, #5
  38 0002 9B00     		lsls	r3, r3, #2
  39              		.loc 1 57 0
  40 0004 10B4     		push	{r4}
  41              		.cfi_def_cfa_offset 4
  42              		.cfi_offset 4, -4
  43 0006 03F16043 		add	r3, r3, #-536870912
  44              		.loc 1 59 0
  45 000a 00F16044 		add	r4, r0, #-536870912
  46 000e 04F56144 		add	r4, r4, #57600
  47 0012 03F56143 		add	r3, r3, #57600
  48 0016 0901     		lsls	r1, r1, #4
  49              	.LVL1:
  50              		.loc 1 60 0
  51 0018 00F01F00 		and	r0, r0, #31
  52              	.LVL2:
  53 001c 0122     		movs	r2, #1
  54 001e 8240     		lsls	r2, r2, r0
  55              		.loc 1 59 0
  56 0020 C9B2     		uxtb	r1, r1
  57 0022 84F80013 		strb	r1, [r4, #768]
ARM GAS  /tmp/cccgn63j.s 			page 2


  58              		.loc 1 60 0
  59 0026 C3F88021 		str	r2, [r3, #384]
  60              		.loc 1 61 0
  61 002a 1A60     		str	r2, [r3]
  62              		.loc 1 62 0
  63 002c 5DF8044B 		ldr	r4, [sp], #4
  64              		.cfi_restore 4
  65              		.cfi_def_cfa_offset 0
  66              	.LVL3:
  67 0030 7047     		bx	lr
  68              		.cfi_endproc
  69              	.LFE256:
  70              		.size	nvicEnableVector, .-nvicEnableVector
  71 0032 00BF     		.section	.text.nvicDisableVector,"ax",%progbits
  72              		.align	2
  73              		.p2align 4,,15
  74              		.global	nvicDisableVector
  75              		.thumb
  76              		.thumb_func
  77              		.type	nvicDisableVector, %function
  78              	nvicDisableVector:
  79              	.LFB257:
  80              		.loc 1 69 0
  81              		.cfi_startproc
  82              		@ args = 0, pretend = 0, frame = 0
  83              		@ frame_needed = 0, uses_anonymous_args = 0
  84              		@ link register save eliminated.
  85              	.LVL4:
  86              		.loc 1 71 0
  87 0000 0849     		ldr	r1, .L5
  88 0002 4309     		lsrs	r3, r0, #5
  89              		.loc 1 69 0
  90 0004 10B4     		push	{r4}
  91              		.cfi_def_cfa_offset 4
  92              		.cfi_offset 4, -4
  93              		.loc 1 71 0
  94 0006 2033     		adds	r3, r3, #32
  95 0008 00F01F04 		and	r4, r0, #31
  96 000c 0122     		movs	r2, #1
  97              		.loc 1 72 0
  98 000e 0844     		add	r0, r0, r1
  99              	.LVL5:
 100              		.loc 1 71 0
 101 0010 A240     		lsls	r2, r2, r4
 102              		.loc 1 72 0
 103 0012 0024     		movs	r4, #0
 104              		.loc 1 71 0
 105 0014 41F82320 		str	r2, [r1, r3, lsl #2]
 106              		.loc 1 72 0
 107 0018 80F80043 		strb	r4, [r0, #768]
 108              		.loc 1 73 0
 109 001c 5DF8044B 		ldr	r4, [sp], #4
 110              		.cfi_restore 4
 111              		.cfi_def_cfa_offset 0
 112 0020 7047     		bx	lr
 113              	.L6:
 114 0022 00BF     		.align	2
ARM GAS  /tmp/cccgn63j.s 			page 3


 115              	.L5:
 116 0024 00E100E0 		.word	-536813312
 117              		.cfi_endproc
 118              	.LFE257:
 119              		.size	nvicDisableVector, .-nvicDisableVector
 120              		.section	.text.nvicSetSystemHandlerPriority,"ax",%progbits
 121              		.align	2
 122              		.p2align 4,,15
 123              		.global	nvicSetSystemHandlerPriority
 124              		.thumb
 125              		.thumb_func
 126              		.type	nvicSetSystemHandlerPriority, %function
 127              	nvicSetSystemHandlerPriority:
 128              	.LFB258:
 129              		.loc 1 81 0
 130              		.cfi_startproc
 131              		@ args = 0, pretend = 0, frame = 0
 132              		@ frame_needed = 0, uses_anonymous_args = 0
 133              		@ link register save eliminated.
 134              	.LVL6:
 135              		.loc 1 85 0
 136 0000 00F16040 		add	r0, r0, #-536870912
 137              	.LVL7:
 138 0004 00F56D40 		add	r0, r0, #60672
 139              	.LVL8:
 140 0008 0901     		lsls	r1, r1, #4
 141              	.LVL9:
 142 000a C9B2     		uxtb	r1, r1
 143 000c 0176     		strb	r1, [r0, #24]
 144 000e 7047     		bx	lr
 145              		.cfi_endproc
 146              	.LFE258:
 147              		.size	nvicSetSystemHandlerPriority, .-nvicSetSystemHandlerPriority
 148              		.section	.text.nvicClearPending,"ax",%progbits
 149              		.align	2
 150              		.p2align 4,,15
 151              		.global	nvicClearPending
 152              		.thumb
 153              		.thumb_func
 154              		.type	nvicClearPending, %function
 155              	nvicClearPending:
 156              	.LFB259:
 157              		.loc 1 93 0
 158              		.cfi_startproc
 159              		@ args = 0, pretend = 0, frame = 0
 160              		@ frame_needed = 0, uses_anonymous_args = 0
 161              		@ link register save eliminated.
 162              	.LVL10:
 163              		.loc 1 95 0
 164 0000 4309     		lsrs	r3, r0, #5
 165 0002 6033     		adds	r3, r3, #96
 166 0004 00F01F00 		and	r0, r0, #31
 167              	.LVL11:
 168 0008 0122     		movs	r2, #1
 169 000a 0249     		ldr	r1, .L9
 170 000c 8240     		lsls	r2, r2, r0
 171 000e 41F82320 		str	r2, [r1, r3, lsl #2]
ARM GAS  /tmp/cccgn63j.s 			page 4


 172 0012 7047     		bx	lr
 173              	.L10:
 174              		.align	2
 175              	.L9:
 176 0014 00E100E0 		.word	-536813312
 177              		.cfi_endproc
 178              	.LFE259:
 179              		.size	nvicClearPending, .-nvicClearPending
 180              		.text
 181              	.Letext0:
 182              		.file 2 "/usr/arm-none-eabi/include/machine/_default_types.h"
 183              		.file 3 "/usr/arm-none-eabi/include/sys/_stdint.h"
 184              		.file 4 "ChibiOS_3.0.2/os/rt/ports/ARMCMx/compilers/GCC/chtypes.h"
 185              		.file 5 "ChibiOS_3.0.2/os/rt/include/chsystypes.h"
 186              		.file 6 "ChibiOS_3.0.2/os/rt/include/chschd.h"
 187              		.file 7 "ChibiOS_3.0.2/os/ext/CMSIS/include/core_cm4.h"
 188              		.file 8 "ChibiOS_3.0.2/os/rt/ports/ARMCMx/chcore.h"
 189              		.file 9 "ChibiOS_3.0.2/os/rt/ports/ARMCMx/chcore_v7m.h"
 190              		.file 10 "ChibiOS_3.0.2/os/rt/include/chtm.h"
 191              		.file 11 "ChibiOS_3.0.2/os/rt/include/chsem.h"
 192              		.file 12 "ChibiOS_3.0.2/os/rt/include/chmtx.h"
 193              		.section	.debug_info,"",%progbits
 194              	.Ldebug_info0:
 195 0000 B90A0000 		.4byte	0xab9
 196 0004 0400     		.2byte	0x4
 197 0006 00000000 		.4byte	.Ldebug_abbrev0
 198 000a 04       		.byte	0x4
 199 000b 01       		.uleb128 0x1
 200 000c E9040000 		.4byte	.LASF140
 201 0010 01       		.byte	0x1
 202 0011 06030000 		.4byte	.LASF141
 203 0015 F6000000 		.4byte	.LASF142
 204 0019 00000000 		.4byte	.Ldebug_ranges0+0
 205 001d 00000000 		.4byte	0
 206 0021 00000000 		.4byte	.Ldebug_line0
 207 0025 02       		.uleb128 0x2
 208 0026 04       		.byte	0x4
 209 0027 05       		.byte	0x5
 210 0028 696E7400 		.ascii	"int\000"
 211 002c 03       		.uleb128 0x3
 212 002d 04       		.byte	0x4
 213 002e 07       		.byte	0x7
 214 002f DC010000 		.4byte	.LASF0
 215 0033 03       		.uleb128 0x3
 216 0034 01       		.byte	0x1
 217 0035 06       		.byte	0x6
 218 0036 EA000000 		.4byte	.LASF1
 219 003a 04       		.uleb128 0x4
 220 003b 37000000 		.4byte	.LASF5
 221 003f 02       		.byte	0x2
 222 0040 1D       		.byte	0x1d
 223 0041 45000000 		.4byte	0x45
 224 0045 03       		.uleb128 0x3
 225 0046 01       		.byte	0x1
 226 0047 08       		.byte	0x8
 227 0048 C1030000 		.4byte	.LASF2
 228 004c 03       		.uleb128 0x3
ARM GAS  /tmp/cccgn63j.s 			page 5


 229 004d 02       		.byte	0x2
 230 004e 05       		.byte	0x5
 231 004f F4030000 		.4byte	.LASF3
 232 0053 03       		.uleb128 0x3
 233 0054 02       		.byte	0x2
 234 0055 07       		.byte	0x7
 235 0056 5A040000 		.4byte	.LASF4
 236 005a 04       		.uleb128 0x4
 237 005b 84020000 		.4byte	.LASF6
 238 005f 02       		.byte	0x2
 239 0060 3F       		.byte	0x3f
 240 0061 65000000 		.4byte	0x65
 241 0065 03       		.uleb128 0x3
 242 0066 04       		.byte	0x4
 243 0067 05       		.byte	0x5
 244 0068 6C010000 		.4byte	.LASF7
 245 006c 04       		.uleb128 0x4
 246 006d 32060000 		.4byte	.LASF8
 247 0071 02       		.byte	0x2
 248 0072 41       		.byte	0x41
 249 0073 77000000 		.4byte	0x77
 250 0077 03       		.uleb128 0x3
 251 0078 04       		.byte	0x4
 252 0079 07       		.byte	0x7
 253 007a C8040000 		.4byte	.LASF9
 254 007e 03       		.uleb128 0x3
 255 007f 08       		.byte	0x8
 256 0080 05       		.byte	0x5
 257 0081 DC000000 		.4byte	.LASF10
 258 0085 04       		.uleb128 0x4
 259 0086 59030000 		.4byte	.LASF11
 260 008a 02       		.byte	0x2
 261 008b 5B       		.byte	0x5b
 262 008c 90000000 		.4byte	0x90
 263 0090 03       		.uleb128 0x3
 264 0091 08       		.byte	0x8
 265 0092 07       		.byte	0x7
 266 0093 5C000000 		.4byte	.LASF12
 267 0097 04       		.uleb128 0x4
 268 0098 99060000 		.4byte	.LASF13
 269 009c 03       		.byte	0x3
 270 009d 14       		.byte	0x14
 271 009e 3A000000 		.4byte	0x3a
 272 00a2 04       		.uleb128 0x4
 273 00a3 B9030000 		.4byte	.LASF14
 274 00a7 03       		.byte	0x3
 275 00a8 1F       		.byte	0x1f
 276 00a9 5A000000 		.4byte	0x5a
 277 00ad 04       		.uleb128 0x4
 278 00ae A0040000 		.4byte	.LASF15
 279 00b2 03       		.byte	0x3
 280 00b3 20       		.byte	0x20
 281 00b4 6C000000 		.4byte	0x6c
 282 00b8 04       		.uleb128 0x4
 283 00b9 2E000000 		.4byte	.LASF16
 284 00bd 03       		.byte	0x3
 285 00be 26       		.byte	0x26
ARM GAS  /tmp/cccgn63j.s 			page 6


 286 00bf 85000000 		.4byte	0x85
 287 00c3 05       		.uleb128 0x5
 288 00c4 A2000000 		.4byte	0xa2
 289 00c8 05       		.uleb128 0x5
 290 00c9 AD000000 		.4byte	0xad
 291 00cd 04       		.uleb128 0x4
 292 00ce 56060000 		.4byte	.LASF17
 293 00d2 04       		.byte	0x4
 294 00d3 45       		.byte	0x45
 295 00d4 AD000000 		.4byte	0xad
 296 00d8 04       		.uleb128 0x4
 297 00d9 62020000 		.4byte	.LASF18
 298 00dd 04       		.byte	0x4
 299 00de 48       		.byte	0x48
 300 00df 97000000 		.4byte	0x97
 301 00e3 04       		.uleb128 0x4
 302 00e4 7A010000 		.4byte	.LASF19
 303 00e8 04       		.byte	0x4
 304 00e9 49       		.byte	0x49
 305 00ea 97000000 		.4byte	0x97
 306 00ee 04       		.uleb128 0x4
 307 00ef 64030000 		.4byte	.LASF20
 308 00f3 04       		.byte	0x4
 309 00f4 4A       		.byte	0x4a
 310 00f5 97000000 		.4byte	0x97
 311 00f9 04       		.uleb128 0x4
 312 00fa 58010000 		.4byte	.LASF21
 313 00fe 04       		.byte	0x4
 314 00ff 4B       		.byte	0x4b
 315 0100 97000000 		.4byte	0x97
 316 0104 04       		.uleb128 0x4
 317 0105 9B030000 		.4byte	.LASF22
 318 0109 04       		.byte	0x4
 319 010a 4C       		.byte	0x4c
 320 010b AD000000 		.4byte	0xad
 321 010f 04       		.uleb128 0x4
 322 0110 3F020000 		.4byte	.LASF23
 323 0114 04       		.byte	0x4
 324 0115 4D       		.byte	0x4d
 325 0116 A2000000 		.4byte	0xa2
 326 011a 04       		.uleb128 0x4
 327 011b 78020000 		.4byte	.LASF24
 328 011f 04       		.byte	0x4
 329 0120 4F       		.byte	0x4f
 330 0121 AD000000 		.4byte	0xad
 331 0125 04       		.uleb128 0x4
 332 0126 D6010000 		.4byte	.LASF25
 333 012a 04       		.byte	0x4
 334 012b 51       		.byte	0x51
 335 012c A2000000 		.4byte	0xa2
 336 0130 04       		.uleb128 0x4
 337 0131 14060000 		.4byte	.LASF26
 338 0135 05       		.byte	0x5
 339 0136 33       		.byte	0x33
 340 0137 AD000000 		.4byte	0xad
 341 013b 04       		.uleb128 0x4
 342 013c 85060000 		.4byte	.LASF27
ARM GAS  /tmp/cccgn63j.s 			page 7


 343 0140 05       		.byte	0x5
 344 0141 3F       		.byte	0x3f
 345 0142 46010000 		.4byte	0x146
 346 0146 06       		.uleb128 0x6
 347 0147 30020000 		.4byte	.LASF49
 348 014b 48       		.byte	0x48
 349 014c 06       		.byte	0x6
 350 014d C2       		.byte	0xc2
 351 014e 4B020000 		.4byte	0x24b
 352 0152 07       		.uleb128 0x7
 353 0153 42040000 		.4byte	.LASF28
 354 0157 06       		.byte	0x6
 355 0158 C3       		.byte	0xc3
 356 0159 56020000 		.4byte	0x256
 357 015d 00       		.byte	0
 358 015e 07       		.uleb128 0x7
 359 015f 94030000 		.4byte	.LASF29
 360 0163 06       		.byte	0x6
 361 0164 C5       		.byte	0xc5
 362 0165 56020000 		.4byte	0x256
 363 0169 04       		.byte	0x4
 364 016a 07       		.uleb128 0x7
 365 016b B9000000 		.4byte	.LASF30
 366 016f 06       		.byte	0x6
 367 0170 C7       		.byte	0xc7
 368 0171 04010000 		.4byte	0x104
 369 0175 08       		.byte	0x8
 370 0176 07       		.uleb128 0x7
 371 0177 D6060000 		.4byte	.LASF31
 372 017b 06       		.byte	0x6
 373 017c C8       		.byte	0xc8
 374 017d 4C070000 		.4byte	0x74c
 375 0181 0C       		.byte	0xc
 376 0182 07       		.uleb128 0x7
 377 0183 83010000 		.4byte	.LASF32
 378 0187 06       		.byte	0x6
 379 0188 CA       		.byte	0xca
 380 0189 56020000 		.4byte	0x256
 381 018d 10       		.byte	0x10
 382 018e 07       		.uleb128 0x7
 383 018f F8020000 		.4byte	.LASF33
 384 0193 06       		.byte	0x6
 385 0194 CB       		.byte	0xcb
 386 0195 56020000 		.4byte	0x256
 387 0199 14       		.byte	0x14
 388 019a 07       		.uleb128 0x7
 389 019b B6060000 		.4byte	.LASF34
 390 019f 06       		.byte	0x6
 391 01a0 D2       		.byte	0xd2
 392 01a1 91090000 		.4byte	0x991
 393 01a5 18       		.byte	0x18
 394 01a6 07       		.uleb128 0x7
 395 01a7 E2030000 		.4byte	.LASF35
 396 01ab 06       		.byte	0x6
 397 01ac DD       		.byte	0xdd
 398 01ad E3000000 		.4byte	0xe3
 399 01b1 1C       		.byte	0x1c
ARM GAS  /tmp/cccgn63j.s 			page 8


 400 01b2 07       		.uleb128 0x7
 401 01b3 49040000 		.4byte	.LASF36
 402 01b7 06       		.byte	0x6
 403 01b8 E1       		.byte	0xe1
 404 01b9 D8000000 		.4byte	0xd8
 405 01bd 1D       		.byte	0x1d
 406 01be 07       		.uleb128 0x7
 407 01bf 7E060000 		.4byte	.LASF37
 408 01c3 06       		.byte	0x6
 409 01c4 E6       		.byte	0xe6
 410 01c5 EE000000 		.4byte	0xee
 411 01c9 1E       		.byte	0x1e
 412 01ca 07       		.uleb128 0x7
 413 01cb 0D040000 		.4byte	.LASF38
 414 01cf 06       		.byte	0x6
 415 01d0 EC       		.byte	0xec
 416 01d1 F9000000 		.4byte	0xf9
 417 01d5 1F       		.byte	0x1f
 418 01d6 07       		.uleb128 0x7
 419 01d7 03020000 		.4byte	.LASF39
 420 01db 06       		.byte	0x6
 421 01dc F3       		.byte	0xf3
 422 01dd A3090000 		.4byte	0x9a3
 423 01e1 20       		.byte	0x20
 424 01e2 08       		.uleb128 0x8
 425 01e3 705F7500 		.ascii	"p_u\000"
 426 01e7 06       		.byte	0x6
 427 01e8 3101     		.2byte	0x131
 428 01ea CC080000 		.4byte	0x8cc
 429 01ee 24       		.byte	0x24
 430 01ef 09       		.uleb128 0x9
 431 01f0 B1020000 		.4byte	.LASF40
 432 01f4 06       		.byte	0x6
 433 01f5 3601     		.2byte	0x136
 434 01f7 5C020000 		.4byte	0x25c
 435 01fb 28       		.byte	0x28
 436 01fc 09       		.uleb128 0x9
 437 01fd 1A020000 		.4byte	.LASF41
 438 0201 06       		.byte	0x6
 439 0202 3C01     		.2byte	0x13c
 440 0204 80020000 		.4byte	0x280
 441 0208 2C       		.byte	0x2c
 442 0209 09       		.uleb128 0x9
 443 020a BD060000 		.4byte	.LASF42
 444 020e 06       		.byte	0x6
 445 020f 4001     		.2byte	0x140
 446 0211 0F010000 		.4byte	0x10f
 447 0215 34       		.byte	0x34
 448 0216 09       		.uleb128 0x9
 449 0217 8B040000 		.4byte	.LASF43
 450 021b 06       		.byte	0x6
 451 021c 4601     		.2byte	0x146
 452 021e 1A010000 		.4byte	0x11a
 453 0222 38       		.byte	0x38
 454 0223 09       		.uleb128 0x9
 455 0224 EA030000 		.4byte	.LASF44
 456 0228 06       		.byte	0x6
ARM GAS  /tmp/cccgn63j.s 			page 9


 457 0229 4D01     		.2byte	0x14d
 458 022b 8B090000 		.4byte	0x98b
 459 022f 3C       		.byte	0x3c
 460 0230 09       		.uleb128 0x9
 461 0231 1E060000 		.4byte	.LASF45
 462 0235 06       		.byte	0x6
 463 0236 5101     		.2byte	0x151
 464 0238 04010000 		.4byte	0x104
 465 023c 40       		.byte	0x40
 466 023d 09       		.uleb128 0x9
 467 023e 30010000 		.4byte	.LASF46
 468 0242 06       		.byte	0x6
 469 0243 5801     		.2byte	0x158
 470 0245 33030000 		.4byte	0x333
 471 0249 44       		.byte	0x44
 472 024a 00       		.byte	0
 473 024b 04       		.uleb128 0x4
 474 024c C4020000 		.4byte	.LASF47
 475 0250 05       		.byte	0x5
 476 0251 44       		.byte	0x44
 477 0252 56020000 		.4byte	0x256
 478 0256 0A       		.uleb128 0xa
 479 0257 04       		.byte	0x4
 480 0258 3B010000 		.4byte	0x13b
 481 025c 04       		.uleb128 0x4
 482 025d 00000000 		.4byte	.LASF48
 483 0261 05       		.byte	0x5
 484 0262 49       		.byte	0x49
 485 0263 67020000 		.4byte	0x267
 486 0267 06       		.uleb128 0x6
 487 0268 B8040000 		.4byte	.LASF50
 488 026c 04       		.byte	0x4
 489 026d 06       		.byte	0x6
 490 026e B0       		.byte	0xb0
 491 026f 80020000 		.4byte	0x280
 492 0273 07       		.uleb128 0x7
 493 0274 42040000 		.4byte	.LASF28
 494 0278 06       		.byte	0x6
 495 0279 B1       		.byte	0xb1
 496 027a 56020000 		.4byte	0x256
 497 027e 00       		.byte	0
 498 027f 00       		.byte	0
 499 0280 04       		.uleb128 0x4
 500 0281 65060000 		.4byte	.LASF51
 501 0285 05       		.byte	0x5
 502 0286 50       		.byte	0x50
 503 0287 8B020000 		.4byte	0x28b
 504 028b 06       		.uleb128 0x6
 505 028c A3000000 		.4byte	.LASF52
 506 0290 08       		.byte	0x8
 507 0291 06       		.byte	0x6
 508 0292 B7       		.byte	0xb7
 509 0293 B0020000 		.4byte	0x2b0
 510 0297 07       		.uleb128 0x7
 511 0298 42040000 		.4byte	.LASF28
 512 029c 06       		.byte	0x6
 513 029d B8       		.byte	0xb8
ARM GAS  /tmp/cccgn63j.s 			page 10


 514 029e 56020000 		.4byte	0x256
 515 02a2 00       		.byte	0
 516 02a3 07       		.uleb128 0x7
 517 02a4 94030000 		.4byte	.LASF29
 518 02a8 06       		.byte	0x6
 519 02a9 B9       		.byte	0xb9
 520 02aa 56020000 		.4byte	0x256
 521 02ae 04       		.byte	0x4
 522 02af 00       		.byte	0
 523 02b0 04       		.uleb128 0x4
 524 02b1 14000000 		.4byte	.LASF53
 525 02b5 05       		.byte	0x5
 526 02b6 57       		.byte	0x57
 527 02b7 BB020000 		.4byte	0x2bb
 528 02bb 0B       		.uleb128 0xb
 529 02bc 6A020000 		.4byte	.LASF54
 530 02c0 1C       		.byte	0x1c
 531 02c1 06       		.byte	0x6
 532 02c2 9001     		.2byte	0x190
 533 02c4 17030000 		.4byte	0x317
 534 02c8 09       		.uleb128 0x9
 535 02c9 B0040000 		.4byte	.LASF55
 536 02cd 06       		.byte	0x6
 537 02ce 9101     		.2byte	0x191
 538 02d0 80020000 		.4byte	0x280
 539 02d4 00       		.byte	0
 540 02d5 09       		.uleb128 0x9
 541 02d6 34040000 		.4byte	.LASF56
 542 02da 06       		.byte	0x6
 543 02db 9201     		.2byte	0x192
 544 02dd 04010000 		.4byte	0x104
 545 02e1 08       		.byte	0x8
 546 02e2 09       		.uleb128 0x9
 547 02e3 00030000 		.4byte	.LASF57
 548 02e7 06       		.byte	0x6
 549 02e8 9401     		.2byte	0x194
 550 02ea 4C070000 		.4byte	0x74c
 551 02ee 0C       		.byte	0xc
 552 02ef 09       		.uleb128 0x9
 553 02f0 9D010000 		.4byte	.LASF58
 554 02f4 06       		.byte	0x6
 555 02f5 9701     		.2byte	0x197
 556 02f7 56020000 		.4byte	0x256
 557 02fb 10       		.byte	0x10
 558 02fc 09       		.uleb128 0x9
 559 02fd 51030000 		.4byte	.LASF59
 560 0301 06       		.byte	0x6
 561 0302 9801     		.2byte	0x198
 562 0304 56020000 		.4byte	0x256
 563 0308 14       		.byte	0x14
 564 0309 09       		.uleb128 0x9
 565 030a DA040000 		.4byte	.LASF60
 566 030e 06       		.byte	0x6
 567 030f 9B01     		.2byte	0x19b
 568 0311 56020000 		.4byte	0x256
 569 0315 18       		.byte	0x18
 570 0316 00       		.byte	0
ARM GAS  /tmp/cccgn63j.s 			page 11


 571 0317 04       		.uleb128 0x4
 572 0318 29060000 		.4byte	.LASF61
 573 031c 05       		.byte	0x5
 574 031d 5C       		.byte	0x5c
 575 031e 22030000 		.4byte	0x322
 576 0322 0A       		.uleb128 0xa
 577 0323 04       		.byte	0x4
 578 0324 28030000 		.4byte	0x328
 579 0328 0C       		.uleb128 0xc
 580 0329 33030000 		.4byte	0x333
 581 032d 0D       		.uleb128 0xd
 582 032e 33030000 		.4byte	0x333
 583 0332 00       		.byte	0
 584 0333 0E       		.uleb128 0xe
 585 0334 04       		.byte	0x4
 586 0335 04       		.uleb128 0x4
 587 0336 A1020000 		.4byte	.LASF62
 588 033a 05       		.byte	0x5
 589 033b 61       		.byte	0x61
 590 033c 40030000 		.4byte	0x340
 591 0340 0B       		.uleb128 0xb
 592 0341 6D040000 		.4byte	.LASF63
 593 0345 14       		.byte	0x14
 594 0346 06       		.byte	0x6
 595 0347 6B01     		.2byte	0x16b
 596 0349 8F030000 		.4byte	0x38f
 597 034d 09       		.uleb128 0x9
 598 034e E9010000 		.4byte	.LASF64
 599 0352 06       		.byte	0x6
 600 0353 6C01     		.2byte	0x16c
 601 0355 A8090000 		.4byte	0x9a8
 602 0359 00       		.byte	0
 603 035a 09       		.uleb128 0x9
 604 035b AE010000 		.4byte	.LASF65
 605 035f 06       		.byte	0x6
 606 0360 6D01     		.2byte	0x16d
 607 0362 A8090000 		.4byte	0x9a8
 608 0366 04       		.byte	0x4
 609 0367 09       		.uleb128 0x9
 610 0368 11020000 		.4byte	.LASF66
 611 036c 06       		.byte	0x6
 612 036d 6E01     		.2byte	0x16e
 613 036f 30010000 		.4byte	0x130
 614 0373 08       		.byte	0x8
 615 0374 09       		.uleb128 0x9
 616 0375 DC060000 		.4byte	.LASF67
 617 0379 06       		.byte	0x6
 618 037a 6F01     		.2byte	0x16f
 619 037c 17030000 		.4byte	0x317
 620 0380 0C       		.byte	0xc
 621 0381 09       		.uleb128 0x9
 622 0382 5E060000 		.4byte	.LASF68
 623 0386 06       		.byte	0x6
 624 0387 7101     		.2byte	0x171
 625 0389 33030000 		.4byte	0x333
 626 038d 10       		.byte	0x10
 627 038e 00       		.byte	0
ARM GAS  /tmp/cccgn63j.s 			page 12


 628 038f 04       		.uleb128 0x4
 629 0390 87000000 		.4byte	.LASF69
 630 0394 05       		.byte	0x5
 631 0395 66       		.byte	0x66
 632 0396 9A030000 		.4byte	0x39a
 633 039a 0B       		.uleb128 0xb
 634 039b D7020000 		.4byte	.LASF70
 635 039f 10       		.byte	0x10
 636 03a0 06       		.byte	0x6
 637 03a1 7B01     		.2byte	0x17b
 638 03a3 DC030000 		.4byte	0x3dc
 639 03a7 09       		.uleb128 0x9
 640 03a8 E9010000 		.4byte	.LASF64
 641 03ac 06       		.byte	0x6
 642 03ad 7C01     		.2byte	0x17c
 643 03af A8090000 		.4byte	0x9a8
 644 03b3 00       		.byte	0
 645 03b4 09       		.uleb128 0x9
 646 03b5 AE010000 		.4byte	.LASF65
 647 03b9 06       		.byte	0x6
 648 03ba 7E01     		.2byte	0x17e
 649 03bc A8090000 		.4byte	0x9a8
 650 03c0 04       		.byte	0x4
 651 03c1 09       		.uleb128 0x9
 652 03c2 11020000 		.4byte	.LASF66
 653 03c6 06       		.byte	0x6
 654 03c7 8001     		.2byte	0x180
 655 03c9 30010000 		.4byte	0x130
 656 03cd 08       		.byte	0x8
 657 03ce 09       		.uleb128 0x9
 658 03cf D1000000 		.4byte	.LASF71
 659 03d3 06       		.byte	0x6
 660 03d4 8201     		.2byte	0x182
 661 03d6 A3090000 		.4byte	0x9a3
 662 03da 0C       		.byte	0xc
 663 03db 00       		.byte	0
 664 03dc 04       		.uleb128 0x4
 665 03dd 4D000000 		.4byte	.LASF72
 666 03e1 05       		.byte	0x5
 667 03e2 6B       		.byte	0x6b
 668 03e3 E7030000 		.4byte	0x3e7
 669 03e7 0B       		.uleb128 0xb
 670 03e8 A3030000 		.4byte	.LASF73
 671 03ec 04       		.byte	0x4
 672 03ed 06       		.byte	0x6
 673 03ee A201     		.2byte	0x1a2
 674 03f0 02040000 		.4byte	0x402
 675 03f4 09       		.uleb128 0x9
 676 03f5 3D060000 		.4byte	.LASF74
 677 03f9 06       		.byte	0x6
 678 03fa AA01     		.2byte	0x1aa
 679 03fc AE090000 		.4byte	0x9ae
 680 0400 00       		.byte	0
 681 0401 00       		.byte	0
 682 0402 04       		.uleb128 0x4
 683 0403 56020000 		.4byte	.LASF75
 684 0407 05       		.byte	0x5
ARM GAS  /tmp/cccgn63j.s 			page 13


 685 0408 70       		.byte	0x70
 686 0409 0D040000 		.4byte	0x40d
 687 040d 0F       		.uleb128 0xf
 688 040e 62010000 		.4byte	.LASF76
 689 0412 5802     		.2byte	0x258
 690 0414 06       		.byte	0x6
 691 0415 C201     		.2byte	0x1c2
 692 0417 69040000 		.4byte	0x469
 693 041b 09       		.uleb128 0x9
 694 041c 93060000 		.4byte	.LASF77
 695 0420 06       		.byte	0x6
 696 0421 C601     		.2byte	0x1c6
 697 0423 B0020000 		.4byte	0x2b0
 698 0427 00       		.byte	0
 699 0428 09       		.uleb128 0x9
 700 0429 51010000 		.4byte	.LASF78
 701 042d 06       		.byte	0x6
 702 042e CA01     		.2byte	0x1ca
 703 0430 8F030000 		.4byte	0x38f
 704 0434 1C       		.byte	0x1c
 705 0435 08       		.uleb128 0x8
 706 0436 64626700 		.ascii	"dbg\000"
 707 043a 06       		.byte	0x6
 708 043b CE01     		.2byte	0x1ce
 709 043d DC030000 		.4byte	0x3dc
 710 0441 2C       		.byte	0x2c
 711 0442 09       		.uleb128 0x9
 712 0443 7C000000 		.4byte	.LASF79
 713 0447 06       		.byte	0x6
 714 0448 D201     		.2byte	0x1d2
 715 044a 3B010000 		.4byte	0x13b
 716 044e 30       		.byte	0x30
 717 044f 08       		.uleb128 0x8
 718 0450 746D00   		.ascii	"tm\000"
 719 0453 06       		.byte	0x6
 720 0454 D701     		.2byte	0x1d7
 721 0456 C1080000 		.4byte	0x8c1
 722 045a 78       		.byte	0x78
 723 045b 09       		.uleb128 0x9
 724 045c C7010000 		.4byte	.LASF80
 725 0460 06       		.byte	0x6
 726 0461 E301     		.2byte	0x1e3
 727 0463 B3090000 		.4byte	0x9b3
 728 0467 80       		.byte	0x80
 729 0468 00       		.byte	0
 730 0469 10       		.uleb128 0x10
 731 046a 040E     		.2byte	0xe04
 732 046c 07       		.byte	0x7
 733 046d 5001     		.2byte	0x150
 734 046f 25050000 		.4byte	0x525
 735 0473 09       		.uleb128 0x9
 736 0474 FE030000 		.4byte	.LASF81
 737 0478 07       		.byte	0x7
 738 0479 5201     		.2byte	0x152
 739 047b 3C050000 		.4byte	0x53c
 740 047f 00       		.byte	0
 741 0480 09       		.uleb128 0x9
ARM GAS  /tmp/cccgn63j.s 			page 14


 742 0481 6C030000 		.4byte	.LASF82
 743 0485 07       		.byte	0x7
 744 0486 5301     		.2byte	0x153
 745 0488 41050000 		.4byte	0x541
 746 048c 20       		.byte	0x20
 747 048d 09       		.uleb128 0x9
 748 048e 47030000 		.4byte	.LASF83
 749 0492 07       		.byte	0x7
 750 0493 5401     		.2byte	0x154
 751 0495 51050000 		.4byte	0x551
 752 0499 80       		.byte	0x80
 753 049a 09       		.uleb128 0x9
 754 049b A1060000 		.4byte	.LASF84
 755 049f 07       		.byte	0x7
 756 04a0 5501     		.2byte	0x155
 757 04a2 41050000 		.4byte	0x541
 758 04a6 A0       		.byte	0xa0
 759 04a7 11       		.uleb128 0x11
 760 04a8 B4000000 		.4byte	.LASF85
 761 04ac 07       		.byte	0x7
 762 04ad 5601     		.2byte	0x156
 763 04af 56050000 		.4byte	0x556
 764 04b3 0001     		.2byte	0x100
 765 04b5 11       		.uleb128 0x11
 766 04b6 76030000 		.4byte	.LASF86
 767 04ba 07       		.byte	0x7
 768 04bb 5701     		.2byte	0x157
 769 04bd 41050000 		.4byte	0x541
 770 04c1 2001     		.2byte	0x120
 771 04c3 11       		.uleb128 0x11
 772 04c4 0F000000 		.4byte	.LASF87
 773 04c8 07       		.byte	0x7
 774 04c9 5801     		.2byte	0x158
 775 04cb 5B050000 		.4byte	0x55b
 776 04cf 8001     		.2byte	0x180
 777 04d1 11       		.uleb128 0x11
 778 04d2 80030000 		.4byte	.LASF88
 779 04d6 07       		.byte	0x7
 780 04d7 5901     		.2byte	0x159
 781 04d9 41050000 		.4byte	0x541
 782 04dd A001     		.2byte	0x1a0
 783 04df 11       		.uleb128 0x11
 784 04e0 F3020000 		.4byte	.LASF89
 785 04e4 07       		.byte	0x7
 786 04e5 5A01     		.2byte	0x15a
 787 04e7 60050000 		.4byte	0x560
 788 04eb 0002     		.2byte	0x200
 789 04ed 11       		.uleb128 0x11
 790 04ee 8A030000 		.4byte	.LASF90
 791 04f2 07       		.byte	0x7
 792 04f3 5B01     		.2byte	0x15b
 793 04f5 65050000 		.4byte	0x565
 794 04f9 2002     		.2byte	0x220
 795 04fb 12       		.uleb128 0x12
 796 04fc 495000   		.ascii	"IP\000"
 797 04ff 07       		.byte	0x7
 798 0500 5C01     		.2byte	0x15c
ARM GAS  /tmp/cccgn63j.s 			page 15


 799 0502 85050000 		.4byte	0x585
 800 0506 0003     		.2byte	0x300
 801 0508 11       		.uleb128 0x11
 802 0509 96040000 		.4byte	.LASF91
 803 050d 07       		.byte	0x7
 804 050e 5D01     		.2byte	0x15d
 805 0510 8A050000 		.4byte	0x58a
 806 0514 F003     		.2byte	0x3f0
 807 0516 11       		.uleb128 0x11
 808 0517 AA060000 		.4byte	.LASF92
 809 051b 07       		.byte	0x7
 810 051c 5E01     		.2byte	0x15e
 811 051e C8000000 		.4byte	0xc8
 812 0522 000E     		.2byte	0xe00
 813 0524 00       		.byte	0
 814 0525 13       		.uleb128 0x13
 815 0526 AD000000 		.4byte	0xad
 816 052a 35050000 		.4byte	0x535
 817 052e 14       		.uleb128 0x14
 818 052f 35050000 		.4byte	0x535
 819 0533 07       		.byte	0x7
 820 0534 00       		.byte	0
 821 0535 03       		.uleb128 0x3
 822 0536 04       		.byte	0x4
 823 0537 07       		.byte	0x7
 824 0538 BB020000 		.4byte	.LASF93
 825 053c 05       		.uleb128 0x5
 826 053d 25050000 		.4byte	0x525
 827 0541 13       		.uleb128 0x13
 828 0542 AD000000 		.4byte	0xad
 829 0546 51050000 		.4byte	0x551
 830 054a 14       		.uleb128 0x14
 831 054b 35050000 		.4byte	0x535
 832 054f 17       		.byte	0x17
 833 0550 00       		.byte	0
 834 0551 05       		.uleb128 0x5
 835 0552 25050000 		.4byte	0x525
 836 0556 05       		.uleb128 0x5
 837 0557 25050000 		.4byte	0x525
 838 055b 05       		.uleb128 0x5
 839 055c 25050000 		.4byte	0x525
 840 0560 05       		.uleb128 0x5
 841 0561 25050000 		.4byte	0x525
 842 0565 13       		.uleb128 0x13
 843 0566 AD000000 		.4byte	0xad
 844 056a 75050000 		.4byte	0x575
 845 056e 14       		.uleb128 0x14
 846 056f 35050000 		.4byte	0x535
 847 0573 37       		.byte	0x37
 848 0574 00       		.byte	0
 849 0575 13       		.uleb128 0x13
 850 0576 97000000 		.4byte	0x97
 851 057a 85050000 		.4byte	0x585
 852 057e 14       		.uleb128 0x14
 853 057f 35050000 		.4byte	0x535
 854 0583 EF       		.byte	0xef
 855 0584 00       		.byte	0
ARM GAS  /tmp/cccgn63j.s 			page 16


 856 0585 05       		.uleb128 0x5
 857 0586 75050000 		.4byte	0x575
 858 058a 13       		.uleb128 0x13
 859 058b AD000000 		.4byte	0xad
 860 058f 9B050000 		.4byte	0x59b
 861 0593 15       		.uleb128 0x15
 862 0594 35050000 		.4byte	0x535
 863 0598 8302     		.2byte	0x283
 864 059a 00       		.byte	0
 865 059b 16       		.uleb128 0x16
 866 059c 03040000 		.4byte	.LASF94
 867 05a0 07       		.byte	0x7
 868 05a1 5F01     		.2byte	0x15f
 869 05a3 69040000 		.4byte	0x469
 870 05a7 17       		.uleb128 0x17
 871 05a8 8C       		.byte	0x8c
 872 05a9 07       		.byte	0x7
 873 05aa 7001     		.2byte	0x170
 874 05ac C2060000 		.4byte	0x6c2
 875 05b0 09       		.uleb128 0x9
 876 05b1 9D000000 		.4byte	.LASF95
 877 05b5 07       		.byte	0x7
 878 05b6 7201     		.2byte	0x172
 879 05b8 C2060000 		.4byte	0x6c2
 880 05bc 00       		.byte	0
 881 05bd 09       		.uleb128 0x9
 882 05be 3A020000 		.4byte	.LASF96
 883 05c2 07       		.byte	0x7
 884 05c3 7301     		.2byte	0x173
 885 05c5 C8000000 		.4byte	0xc8
 886 05c9 04       		.byte	0x4
 887 05ca 09       		.uleb128 0x9
 888 05cb 25020000 		.4byte	.LASF97
 889 05cf 07       		.byte	0x7
 890 05d0 7401     		.2byte	0x174
 891 05d2 C8000000 		.4byte	0xc8
 892 05d6 08       		.byte	0x8
 893 05d7 09       		.uleb128 0x9
 894 05d8 45020000 		.4byte	.LASF98
 895 05dc 07       		.byte	0x7
 896 05dd 7501     		.2byte	0x175
 897 05df C8000000 		.4byte	0xc8
 898 05e3 0C       		.byte	0xc
 899 05e4 08       		.uleb128 0x8
 900 05e5 53435200 		.ascii	"SCR\000"
 901 05e9 07       		.byte	0x7
 902 05ea 7601     		.2byte	0x176
 903 05ec C8000000 		.4byte	0xc8
 904 05f0 10       		.byte	0x10
 905 05f1 08       		.uleb128 0x8
 906 05f2 43435200 		.ascii	"CCR\000"
 907 05f6 07       		.byte	0x7
 908 05f7 7701     		.2byte	0x177
 909 05f9 C8000000 		.4byte	0xc8
 910 05fd 14       		.byte	0x14
 911 05fe 08       		.uleb128 0x8
 912 05ff 53485000 		.ascii	"SHP\000"
ARM GAS  /tmp/cccgn63j.s 			page 17


 913 0603 07       		.byte	0x7
 914 0604 7801     		.2byte	0x178
 915 0606 D7060000 		.4byte	0x6d7
 916 060a 18       		.byte	0x18
 917 060b 09       		.uleb128 0x9
 918 060c CF030000 		.4byte	.LASF99
 919 0610 07       		.byte	0x7
 920 0611 7901     		.2byte	0x179
 921 0613 C8000000 		.4byte	0xc8
 922 0617 24       		.byte	0x24
 923 0618 09       		.uleb128 0x9
 924 0619 EE020000 		.4byte	.LASF100
 925 061d 07       		.byte	0x7
 926 061e 7A01     		.2byte	0x17a
 927 0620 C8000000 		.4byte	0xc8
 928 0624 28       		.byte	0x28
 929 0625 09       		.uleb128 0x9
 930 0626 C9060000 		.4byte	.LASF101
 931 062a 07       		.byte	0x7
 932 062b 7B01     		.2byte	0x17b
 933 062d C8000000 		.4byte	0xc8
 934 0631 2C       		.byte	0x2c
 935 0632 09       		.uleb128 0x9
 936 0633 4B020000 		.4byte	.LASF102
 937 0637 07       		.byte	0x7
 938 0638 7C01     		.2byte	0x17c
 939 063a C8000000 		.4byte	0xc8
 940 063e 30       		.byte	0x30
 941 063f 09       		.uleb128 0x9
 942 0640 50020000 		.4byte	.LASF103
 943 0644 07       		.byte	0x7
 944 0645 7D01     		.2byte	0x17d
 945 0647 C8000000 		.4byte	0xc8
 946 064b 34       		.byte	0x34
 947 064c 09       		.uleb128 0x9
 948 064d 93010000 		.4byte	.LASF104
 949 0651 07       		.byte	0x7
 950 0652 7E01     		.2byte	0x17e
 951 0654 C8000000 		.4byte	0xc8
 952 0658 38       		.byte	0x38
 953 0659 09       		.uleb128 0x9
 954 065a 98010000 		.4byte	.LASF105
 955 065e 07       		.byte	0x7
 956 065f 7F01     		.2byte	0x17f
 957 0661 C8000000 		.4byte	0xc8
 958 0665 3C       		.byte	0x3c
 959 0666 08       		.uleb128 0x8
 960 0667 50465200 		.ascii	"PFR\000"
 961 066b 07       		.byte	0x7
 962 066c 8001     		.2byte	0x180
 963 066e EC060000 		.4byte	0x6ec
 964 0672 40       		.byte	0x40
 965 0673 08       		.uleb128 0x8
 966 0674 44465200 		.ascii	"DFR\000"
 967 0678 07       		.byte	0x7
 968 0679 8101     		.2byte	0x181
 969 067b C2060000 		.4byte	0x6c2
ARM GAS  /tmp/cccgn63j.s 			page 18


 970 067f 48       		.byte	0x48
 971 0680 08       		.uleb128 0x8
 972 0681 41445200 		.ascii	"ADR\000"
 973 0685 07       		.byte	0x7
 974 0686 8201     		.2byte	0x182
 975 0688 C2060000 		.4byte	0x6c2
 976 068c 4C       		.byte	0x4c
 977 068d 09       		.uleb128 0x9
 978 068e 8E060000 		.4byte	.LASF106
 979 0692 07       		.byte	0x7
 980 0693 8301     		.2byte	0x183
 981 0695 06070000 		.4byte	0x706
 982 0699 50       		.byte	0x50
 983 069a 09       		.uleb128 0x9
 984 069b 75010000 		.4byte	.LASF107
 985 069f 07       		.byte	0x7
 986 06a0 8401     		.2byte	0x184
 987 06a2 20070000 		.4byte	0x720
 988 06a6 60       		.byte	0x60
 989 06a7 09       		.uleb128 0x9
 990 06a8 6C030000 		.4byte	.LASF82
 991 06ac 07       		.byte	0x7
 992 06ad 8501     		.2byte	0x185
 993 06af 10070000 		.4byte	0x710
 994 06b3 74       		.byte	0x74
 995 06b4 09       		.uleb128 0x9
 996 06b5 C3060000 		.4byte	.LASF108
 997 06b9 07       		.byte	0x7
 998 06ba 8601     		.2byte	0x186
 999 06bc C8000000 		.4byte	0xc8
 1000 06c0 88       		.byte	0x88
 1001 06c1 00       		.byte	0
 1002 06c2 18       		.uleb128 0x18
 1003 06c3 C8000000 		.4byte	0xc8
 1004 06c7 13       		.uleb128 0x13
 1005 06c8 97000000 		.4byte	0x97
 1006 06cc D7060000 		.4byte	0x6d7
 1007 06d0 14       		.uleb128 0x14
 1008 06d1 35050000 		.4byte	0x535
 1009 06d5 0B       		.byte	0xb
 1010 06d6 00       		.byte	0
 1011 06d7 05       		.uleb128 0x5
 1012 06d8 C7060000 		.4byte	0x6c7
 1013 06dc 13       		.uleb128 0x13
 1014 06dd AD000000 		.4byte	0xad
 1015 06e1 EC060000 		.4byte	0x6ec
 1016 06e5 14       		.uleb128 0x14
 1017 06e6 35050000 		.4byte	0x535
 1018 06ea 01       		.byte	0x1
 1019 06eb 00       		.byte	0
 1020 06ec 18       		.uleb128 0x18
 1021 06ed F1060000 		.4byte	0x6f1
 1022 06f1 05       		.uleb128 0x5
 1023 06f2 DC060000 		.4byte	0x6dc
 1024 06f6 13       		.uleb128 0x13
 1025 06f7 AD000000 		.4byte	0xad
 1026 06fb 06070000 		.4byte	0x706
ARM GAS  /tmp/cccgn63j.s 			page 19


 1027 06ff 14       		.uleb128 0x14
 1028 0700 35050000 		.4byte	0x535
 1029 0704 03       		.byte	0x3
 1030 0705 00       		.byte	0
 1031 0706 18       		.uleb128 0x18
 1032 0707 0B070000 		.4byte	0x70b
 1033 070b 05       		.uleb128 0x5
 1034 070c F6060000 		.4byte	0x6f6
 1035 0710 13       		.uleb128 0x13
 1036 0711 AD000000 		.4byte	0xad
 1037 0715 20070000 		.4byte	0x720
 1038 0719 14       		.uleb128 0x14
 1039 071a 35050000 		.4byte	0x535
 1040 071e 04       		.byte	0x4
 1041 071f 00       		.byte	0
 1042 0720 18       		.uleb128 0x18
 1043 0721 25070000 		.4byte	0x725
 1044 0725 05       		.uleb128 0x5
 1045 0726 10070000 		.4byte	0x710
 1046 072a 16       		.uleb128 0x16
 1047 072b B6010000 		.4byte	.LASF109
 1048 072f 07       		.byte	0x7
 1049 0730 8701     		.2byte	0x187
 1050 0732 A7050000 		.4byte	0x5a7
 1051 0736 04       		.uleb128 0x4
 1052 0737 A5010000 		.4byte	.LASF110
 1053 073b 08       		.byte	0x8
 1054 073c 65       		.byte	0x65
 1055 073d 33030000 		.4byte	0x333
 1056 0741 04       		.uleb128 0x4
 1057 0742 8E020000 		.4byte	.LASF111
 1058 0746 08       		.byte	0x8
 1059 0747 6D       		.byte	0x6d
 1060 0748 B8000000 		.4byte	0xb8
 1061 074c 06       		.uleb128 0x6
 1062 074d 4E060000 		.4byte	.LASF112
 1063 0751 04       		.byte	0x4
 1064 0752 08       		.byte	0x8
 1065 0753 89       		.byte	0x89
 1066 0754 65070000 		.4byte	0x765
 1067 0758 19       		.uleb128 0x19
 1068 0759 72313300 		.ascii	"r13\000"
 1069 075d 08       		.byte	0x8
 1070 075e 8A       		.byte	0x8a
 1071 075f A6080000 		.4byte	0x8a6
 1072 0763 00       		.byte	0
 1073 0764 00       		.byte	0
 1074 0765 06       		.uleb128 0x6
 1075 0766 41000000 		.4byte	.LASF113
 1076 076a 64       		.byte	0x64
 1077 076b 09       		.byte	0x9
 1078 076c F4       		.byte	0xf4
 1079 076d A6080000 		.4byte	0x8a6
 1080 0771 19       		.uleb128 0x19
 1081 0772 73313600 		.ascii	"s16\000"
 1082 0776 09       		.byte	0x9
 1083 0777 F6       		.byte	0xf6
ARM GAS  /tmp/cccgn63j.s 			page 20


 1084 0778 36070000 		.4byte	0x736
 1085 077c 00       		.byte	0
 1086 077d 19       		.uleb128 0x19
 1087 077e 73313700 		.ascii	"s17\000"
 1088 0782 09       		.byte	0x9
 1089 0783 F7       		.byte	0xf7
 1090 0784 36070000 		.4byte	0x736
 1091 0788 04       		.byte	0x4
 1092 0789 19       		.uleb128 0x19
 1093 078a 73313800 		.ascii	"s18\000"
 1094 078e 09       		.byte	0x9
 1095 078f F8       		.byte	0xf8
 1096 0790 36070000 		.4byte	0x736
 1097 0794 08       		.byte	0x8
 1098 0795 19       		.uleb128 0x19
 1099 0796 73313900 		.ascii	"s19\000"
 1100 079a 09       		.byte	0x9
 1101 079b F9       		.byte	0xf9
 1102 079c 36070000 		.4byte	0x736
 1103 07a0 0C       		.byte	0xc
 1104 07a1 19       		.uleb128 0x19
 1105 07a2 73323000 		.ascii	"s20\000"
 1106 07a6 09       		.byte	0x9
 1107 07a7 FA       		.byte	0xfa
 1108 07a8 36070000 		.4byte	0x736
 1109 07ac 10       		.byte	0x10
 1110 07ad 19       		.uleb128 0x19
 1111 07ae 73323100 		.ascii	"s21\000"
 1112 07b2 09       		.byte	0x9
 1113 07b3 FB       		.byte	0xfb
 1114 07b4 36070000 		.4byte	0x736
 1115 07b8 14       		.byte	0x14
 1116 07b9 19       		.uleb128 0x19
 1117 07ba 73323200 		.ascii	"s22\000"
 1118 07be 09       		.byte	0x9
 1119 07bf FC       		.byte	0xfc
 1120 07c0 36070000 		.4byte	0x736
 1121 07c4 18       		.byte	0x18
 1122 07c5 19       		.uleb128 0x19
 1123 07c6 73323300 		.ascii	"s23\000"
 1124 07ca 09       		.byte	0x9
 1125 07cb FD       		.byte	0xfd
 1126 07cc 36070000 		.4byte	0x736
 1127 07d0 1C       		.byte	0x1c
 1128 07d1 19       		.uleb128 0x19
 1129 07d2 73323400 		.ascii	"s24\000"
 1130 07d6 09       		.byte	0x9
 1131 07d7 FE       		.byte	0xfe
 1132 07d8 36070000 		.4byte	0x736
 1133 07dc 20       		.byte	0x20
 1134 07dd 19       		.uleb128 0x19
 1135 07de 73323500 		.ascii	"s25\000"
 1136 07e2 09       		.byte	0x9
 1137 07e3 FF       		.byte	0xff
 1138 07e4 36070000 		.4byte	0x736
 1139 07e8 24       		.byte	0x24
 1140 07e9 08       		.uleb128 0x8
ARM GAS  /tmp/cccgn63j.s 			page 21


 1141 07ea 73323600 		.ascii	"s26\000"
 1142 07ee 09       		.byte	0x9
 1143 07ef 0001     		.2byte	0x100
 1144 07f1 36070000 		.4byte	0x736
 1145 07f5 28       		.byte	0x28
 1146 07f6 08       		.uleb128 0x8
 1147 07f7 73323700 		.ascii	"s27\000"
 1148 07fb 09       		.byte	0x9
 1149 07fc 0101     		.2byte	0x101
 1150 07fe 36070000 		.4byte	0x736
 1151 0802 2C       		.byte	0x2c
 1152 0803 08       		.uleb128 0x8
 1153 0804 73323800 		.ascii	"s28\000"
 1154 0808 09       		.byte	0x9
 1155 0809 0201     		.2byte	0x102
 1156 080b 36070000 		.4byte	0x736
 1157 080f 30       		.byte	0x30
 1158 0810 08       		.uleb128 0x8
 1159 0811 73323900 		.ascii	"s29\000"
 1160 0815 09       		.byte	0x9
 1161 0816 0301     		.2byte	0x103
 1162 0818 36070000 		.4byte	0x736
 1163 081c 34       		.byte	0x34
 1164 081d 08       		.uleb128 0x8
 1165 081e 73333000 		.ascii	"s30\000"
 1166 0822 09       		.byte	0x9
 1167 0823 0401     		.2byte	0x104
 1168 0825 36070000 		.4byte	0x736
 1169 0829 38       		.byte	0x38
 1170 082a 08       		.uleb128 0x8
 1171 082b 73333100 		.ascii	"s31\000"
 1172 082f 09       		.byte	0x9
 1173 0830 0501     		.2byte	0x105
 1174 0832 36070000 		.4byte	0x736
 1175 0836 3C       		.byte	0x3c
 1176 0837 08       		.uleb128 0x8
 1177 0838 723400   		.ascii	"r4\000"
 1178 083b 09       		.byte	0x9
 1179 083c 0701     		.2byte	0x107
 1180 083e 36070000 		.4byte	0x736
 1181 0842 40       		.byte	0x40
 1182 0843 08       		.uleb128 0x8
 1183 0844 723500   		.ascii	"r5\000"
 1184 0847 09       		.byte	0x9
 1185 0848 0801     		.2byte	0x108
 1186 084a 36070000 		.4byte	0x736
 1187 084e 44       		.byte	0x44
 1188 084f 08       		.uleb128 0x8
 1189 0850 723600   		.ascii	"r6\000"
 1190 0853 09       		.byte	0x9
 1191 0854 0901     		.2byte	0x109
 1192 0856 36070000 		.4byte	0x736
 1193 085a 48       		.byte	0x48
 1194 085b 08       		.uleb128 0x8
 1195 085c 723700   		.ascii	"r7\000"
 1196 085f 09       		.byte	0x9
 1197 0860 0A01     		.2byte	0x10a
ARM GAS  /tmp/cccgn63j.s 			page 22


 1198 0862 36070000 		.4byte	0x736
 1199 0866 4C       		.byte	0x4c
 1200 0867 08       		.uleb128 0x8
 1201 0868 723800   		.ascii	"r8\000"
 1202 086b 09       		.byte	0x9
 1203 086c 0B01     		.2byte	0x10b
 1204 086e 36070000 		.4byte	0x736
 1205 0872 50       		.byte	0x50
 1206 0873 08       		.uleb128 0x8
 1207 0874 723900   		.ascii	"r9\000"
 1208 0877 09       		.byte	0x9
 1209 0878 0C01     		.2byte	0x10c
 1210 087a 36070000 		.4byte	0x736
 1211 087e 54       		.byte	0x54
 1212 087f 08       		.uleb128 0x8
 1213 0880 72313000 		.ascii	"r10\000"
 1214 0884 09       		.byte	0x9
 1215 0885 0D01     		.2byte	0x10d
 1216 0887 36070000 		.4byte	0x736
 1217 088b 58       		.byte	0x58
 1218 088c 08       		.uleb128 0x8
 1219 088d 72313100 		.ascii	"r11\000"
 1220 0891 09       		.byte	0x9
 1221 0892 0E01     		.2byte	0x10e
 1222 0894 36070000 		.4byte	0x736
 1223 0898 5C       		.byte	0x5c
 1224 0899 08       		.uleb128 0x8
 1225 089a 6C7200   		.ascii	"lr\000"
 1226 089d 09       		.byte	0x9
 1227 089e 0F01     		.2byte	0x10f
 1228 08a0 36070000 		.4byte	0x736
 1229 08a4 60       		.byte	0x60
 1230 08a5 00       		.byte	0
 1231 08a6 0A       		.uleb128 0xa
 1232 08a7 04       		.byte	0x4
 1233 08a8 65070000 		.4byte	0x765
 1234 08ac 1A       		.uleb128 0x1a
 1235 08ad 04       		.byte	0x4
 1236 08ae 0A       		.byte	0xa
 1237 08af 38       		.byte	0x38
 1238 08b0 C1080000 		.4byte	0x8c1
 1239 08b4 07       		.uleb128 0x7
 1240 08b5 47060000 		.4byte	.LASF114
 1241 08b9 0A       		.byte	0xa
 1242 08ba 3C       		.byte	0x3c
 1243 08bb CD000000 		.4byte	0xcd
 1244 08bf 00       		.byte	0
 1245 08c0 00       		.byte	0
 1246 08c1 04       		.uleb128 0x4
 1247 08c2 36030000 		.4byte	.LASF115
 1248 08c6 0A       		.byte	0xa
 1249 08c7 3D       		.byte	0x3d
 1250 08c8 AC080000 		.4byte	0x8ac
 1251 08cc 1B       		.uleb128 0x1b
 1252 08cd 04       		.byte	0x4
 1253 08ce 06       		.byte	0x6
 1254 08cf FA       		.byte	0xfa
ARM GAS  /tmp/cccgn63j.s 			page 23


 1255 08d0 29090000 		.4byte	0x929
 1256 08d4 1C       		.uleb128 0x1c
 1257 08d5 27000000 		.4byte	.LASF116
 1258 08d9 06       		.byte	0x6
 1259 08da 0101     		.2byte	0x101
 1260 08dc 0F010000 		.4byte	0x10f
 1261 08e0 1C       		.uleb128 0x1c
 1262 08e1 73000000 		.4byte	.LASF117
 1263 08e5 06       		.byte	0x6
 1264 08e6 0801     		.2byte	0x108
 1265 08e8 0F010000 		.4byte	0x10f
 1266 08ec 1C       		.uleb128 0x1c
 1267 08ed AF060000 		.4byte	.LASF118
 1268 08f1 06       		.byte	0x6
 1269 08f2 0F01     		.2byte	0x10f
 1270 08f4 33030000 		.4byte	0x333
 1271 08f8 1C       		.uleb128 0x1c
 1272 08f9 21000000 		.4byte	.LASF119
 1273 08fd 06       		.byte	0x6
 1274 08fe 1601     		.2byte	0x116
 1275 0900 29090000 		.4byte	0x929
 1276 0904 1C       		.uleb128 0x1c
 1277 0905 0A020000 		.4byte	.LASF120
 1278 0909 06       		.byte	0x6
 1279 090a 1E01     		.2byte	0x11e
 1280 090c 54090000 		.4byte	0x954
 1281 0910 1C       		.uleb128 0x1c
 1282 0911 A9040000 		.4byte	.LASF121
 1283 0915 06       		.byte	0x6
 1284 0916 2701     		.2byte	0x127
 1285 0918 8B090000 		.4byte	0x98b
 1286 091c 1C       		.uleb128 0x1c
 1287 091d 3B040000 		.4byte	.LASF122
 1288 0921 06       		.byte	0x6
 1289 0922 2F01     		.2byte	0x12f
 1290 0924 1A010000 		.4byte	0x11a
 1291 0928 00       		.byte	0
 1292 0929 0A       		.uleb128 0xa
 1293 092a 04       		.byte	0x4
 1294 092b 4B020000 		.4byte	0x24b
 1295 092f 06       		.uleb128 0x6
 1296 0930 7E040000 		.4byte	.LASF123
 1297 0934 0C       		.byte	0xc
 1298 0935 0B       		.byte	0xb
 1299 0936 34       		.byte	0x34
 1300 0937 54090000 		.4byte	0x954
 1301 093b 07       		.uleb128 0x7
 1302 093c 8B010000 		.4byte	.LASF124
 1303 0940 0B       		.byte	0xb
 1304 0941 35       		.byte	0x35
 1305 0942 80020000 		.4byte	0x280
 1306 0946 00       		.byte	0
 1307 0947 07       		.uleb128 0x7
 1308 0948 2A020000 		.4byte	.LASF125
 1309 094c 0B       		.byte	0xb
 1310 094d 37       		.byte	0x37
 1311 094e 25010000 		.4byte	0x125
ARM GAS  /tmp/cccgn63j.s 			page 24


 1312 0952 08       		.byte	0x8
 1313 0953 00       		.byte	0
 1314 0954 0A       		.uleb128 0xa
 1315 0955 04       		.byte	0x4
 1316 0956 2F090000 		.4byte	0x92f
 1317 095a 06       		.uleb128 0x6
 1318 095b 75060000 		.4byte	.LASF126
 1319 095f 10       		.byte	0x10
 1320 0960 0C       		.byte	0xc
 1321 0961 39       		.byte	0x39
 1322 0962 8B090000 		.4byte	0x98b
 1323 0966 07       		.uleb128 0x7
 1324 0967 38010000 		.4byte	.LASF127
 1325 096b 0C       		.byte	0xc
 1326 096c 3A       		.byte	0x3a
 1327 096d 80020000 		.4byte	0x280
 1328 0971 00       		.byte	0
 1329 0972 07       		.uleb128 0x7
 1330 0973 CE060000 		.4byte	.LASF128
 1331 0977 0C       		.byte	0xc
 1332 0978 3C       		.byte	0x3c
 1333 0979 56020000 		.4byte	0x256
 1334 097d 08       		.byte	0x8
 1335 097e 07       		.uleb128 0x7
 1336 097f 0D060000 		.4byte	.LASF129
 1337 0983 0C       		.byte	0xc
 1338 0984 3E       		.byte	0x3e
 1339 0985 CE090000 		.4byte	0x9ce
 1340 0989 0C       		.byte	0xc
 1341 098a 00       		.byte	0
 1342 098b 0A       		.uleb128 0xa
 1343 098c 04       		.byte	0x4
 1344 098d 5A090000 		.4byte	0x95a
 1345 0991 0A       		.uleb128 0xa
 1346 0992 04       		.byte	0x4
 1347 0993 97090000 		.4byte	0x997
 1348 0997 18       		.uleb128 0x18
 1349 0998 9C090000 		.4byte	0x99c
 1350 099c 03       		.uleb128 0x3
 1351 099d 01       		.byte	0x1
 1352 099e 08       		.byte	0x8
 1353 099f E4040000 		.4byte	.LASF130
 1354 09a3 05       		.uleb128 0x5
 1355 09a4 30010000 		.4byte	0x130
 1356 09a8 0A       		.uleb128 0xa
 1357 09a9 04       		.byte	0x4
 1358 09aa 35030000 		.4byte	0x335
 1359 09ae 05       		.uleb128 0x5
 1360 09af 91090000 		.4byte	0x991
 1361 09b3 13       		.uleb128 0x13
 1362 09b4 41070000 		.4byte	0x741
 1363 09b8 C3090000 		.4byte	0x9c3
 1364 09bc 14       		.uleb128 0x14
 1365 09bd 35050000 		.4byte	0x535
 1366 09c1 3A       		.byte	0x3a
 1367 09c2 00       		.byte	0
 1368 09c3 04       		.uleb128 0x4
ARM GAS  /tmp/cccgn63j.s 			page 25


 1369 09c4 BF010000 		.4byte	.LASF131
 1370 09c8 0C       		.byte	0xc
 1371 09c9 34       		.byte	0x34
 1372 09ca 5A090000 		.4byte	0x95a
 1373 09ce 0A       		.uleb128 0xa
 1374 09cf 04       		.byte	0x4
 1375 09d0 C3090000 		.4byte	0x9c3
 1376 09d4 03       		.uleb128 0x3
 1377 09d5 01       		.byte	0x1
 1378 09d6 02       		.byte	0x2
 1379 09d7 B3030000 		.4byte	.LASF132
 1380 09db 1D       		.uleb128 0x1d
 1381 09dc C0000000 		.4byte	.LASF134
 1382 09e0 01       		.byte	0x1
 1383 09e1 39       		.byte	0x39
 1384 09e2 00000000 		.4byte	.LFB256
 1385 09e6 32000000 		.4byte	.LFE256-.LFB256
 1386 09ea 01       		.uleb128 0x1
 1387 09eb 9C       		.byte	0x9c
 1388 09ec 0D0A0000 		.4byte	0xa0d
 1389 09f0 1E       		.uleb128 0x1e
 1390 09f1 6E00     		.ascii	"n\000"
 1391 09f3 01       		.byte	0x1
 1392 09f4 39       		.byte	0x39
 1393 09f5 AD000000 		.4byte	0xad
 1394 09f9 00000000 		.4byte	.LLST0
 1395 09fd 1F       		.uleb128 0x1f
 1396 09fe 4C030000 		.4byte	.LASF133
 1397 0a02 01       		.byte	0x1
 1398 0a03 39       		.byte	0x39
 1399 0a04 AD000000 		.4byte	0xad
 1400 0a08 32000000 		.4byte	.LLST1
 1401 0a0c 00       		.byte	0
 1402 0a0d 1D       		.uleb128 0x1d
 1403 0a0e F1010000 		.4byte	.LASF135
 1404 0a12 01       		.byte	0x1
 1405 0a13 45       		.byte	0x45
 1406 0a14 00000000 		.4byte	.LFB257
 1407 0a18 28000000 		.4byte	.LFE257-.LFB257
 1408 0a1c 01       		.uleb128 0x1
 1409 0a1d 9C       		.byte	0x9c
 1410 0a1e 300A0000 		.4byte	0xa30
 1411 0a22 1E       		.uleb128 0x1e
 1412 0a23 6E00     		.ascii	"n\000"
 1413 0a25 01       		.byte	0x1
 1414 0a26 45       		.byte	0x45
 1415 0a27 AD000000 		.4byte	0xad
 1416 0a2b 53000000 		.4byte	.LLST2
 1417 0a2f 00       		.byte	0
 1418 0a30 1D       		.uleb128 0x1d
 1419 0a31 17040000 		.4byte	.LASF136
 1420 0a35 01       		.byte	0x1
 1421 0a36 51       		.byte	0x51
 1422 0a37 00000000 		.4byte	.LFB258
 1423 0a3b 10000000 		.4byte	.LFE258-.LFB258
 1424 0a3f 01       		.uleb128 0x1
 1425 0a40 9C       		.byte	0x9c
ARM GAS  /tmp/cccgn63j.s 			page 26


 1426 0a41 6D0A0000 		.4byte	0xa6d
 1427 0a45 1F       		.uleb128 0x1f
 1428 0a46 99020000 		.4byte	.LASF137
 1429 0a4a 01       		.byte	0x1
 1430 0a4b 51       		.byte	0x51
 1431 0a4c AD000000 		.4byte	0xad
 1432 0a50 77000000 		.4byte	.LLST3
 1433 0a54 1F       		.uleb128 0x1f
 1434 0a55 4C030000 		.4byte	.LASF133
 1435 0a59 01       		.byte	0x1
 1436 0a5a 51       		.byte	0x51
 1437 0a5b AD000000 		.4byte	0xad
 1438 0a5f AC000000 		.4byte	.LLST4
 1439 0a63 20       		.uleb128 0x20
 1440 0a64 51040000 		.4byte	.LASF143
 1441 0a68 7D0A0000 		.4byte	0xa7d
 1442 0a6c 00       		.byte	0
 1443 0a6d 13       		.uleb128 0x13
 1444 0a6e 9C090000 		.4byte	0x99c
 1445 0a72 7D0A0000 		.4byte	0xa7d
 1446 0a76 14       		.uleb128 0x14
 1447 0a77 35050000 		.4byte	0x535
 1448 0a7b 1C       		.byte	0x1c
 1449 0a7c 00       		.byte	0
 1450 0a7d 18       		.uleb128 0x18
 1451 0a7e 6D0A0000 		.4byte	0xa6d
 1452 0a82 1D       		.uleb128 0x1d
 1453 0a83 40010000 		.4byte	.LASF138
 1454 0a87 01       		.byte	0x1
 1455 0a88 5D       		.byte	0x5d
 1456 0a89 00000000 		.4byte	.LFB259
 1457 0a8d 18000000 		.4byte	.LFE259-.LFB259
 1458 0a91 01       		.uleb128 0x1
 1459 0a92 9C       		.byte	0x9c
 1460 0a93 A50A0000 		.4byte	0xaa5
 1461 0a97 1E       		.uleb128 0x1e
 1462 0a98 6E00     		.ascii	"n\000"
 1463 0a9a 01       		.byte	0x1
 1464 0a9b 5D       		.byte	0x5d
 1465 0a9c AD000000 		.4byte	0xad
 1466 0aa0 CD000000 		.4byte	.LLST5
 1467 0aa4 00       		.byte	0
 1468 0aa5 21       		.uleb128 0x21
 1469 0aa6 D5030000 		.4byte	.LASF139
 1470 0aaa 07       		.byte	0x7
 1471 0aab A706     		.2byte	0x6a7
 1472 0aad C3000000 		.4byte	0xc3
 1473 0ab1 22       		.uleb128 0x22
 1474 0ab2 636800   		.ascii	"ch\000"
 1475 0ab5 06       		.byte	0x6
 1476 0ab6 0902     		.2byte	0x209
 1477 0ab8 02040000 		.4byte	0x402
 1478 0abc 00       		.byte	0
 1479              		.section	.debug_abbrev,"",%progbits
 1480              	.Ldebug_abbrev0:
 1481 0000 01       		.uleb128 0x1
 1482 0001 11       		.uleb128 0x11
ARM GAS  /tmp/cccgn63j.s 			page 27


 1483 0002 01       		.byte	0x1
 1484 0003 25       		.uleb128 0x25
 1485 0004 0E       		.uleb128 0xe
 1486 0005 13       		.uleb128 0x13
 1487 0006 0B       		.uleb128 0xb
 1488 0007 03       		.uleb128 0x3
 1489 0008 0E       		.uleb128 0xe
 1490 0009 1B       		.uleb128 0x1b
 1491 000a 0E       		.uleb128 0xe
 1492 000b 55       		.uleb128 0x55
 1493 000c 17       		.uleb128 0x17
 1494 000d 11       		.uleb128 0x11
 1495 000e 01       		.uleb128 0x1
 1496 000f 10       		.uleb128 0x10
 1497 0010 17       		.uleb128 0x17
 1498 0011 00       		.byte	0
 1499 0012 00       		.byte	0
 1500 0013 02       		.uleb128 0x2
 1501 0014 24       		.uleb128 0x24
 1502 0015 00       		.byte	0
 1503 0016 0B       		.uleb128 0xb
 1504 0017 0B       		.uleb128 0xb
 1505 0018 3E       		.uleb128 0x3e
 1506 0019 0B       		.uleb128 0xb
 1507 001a 03       		.uleb128 0x3
 1508 001b 08       		.uleb128 0x8
 1509 001c 00       		.byte	0
 1510 001d 00       		.byte	0
 1511 001e 03       		.uleb128 0x3
 1512 001f 24       		.uleb128 0x24
 1513 0020 00       		.byte	0
 1514 0021 0B       		.uleb128 0xb
 1515 0022 0B       		.uleb128 0xb
 1516 0023 3E       		.uleb128 0x3e
 1517 0024 0B       		.uleb128 0xb
 1518 0025 03       		.uleb128 0x3
 1519 0026 0E       		.uleb128 0xe
 1520 0027 00       		.byte	0
 1521 0028 00       		.byte	0
 1522 0029 04       		.uleb128 0x4
 1523 002a 16       		.uleb128 0x16
 1524 002b 00       		.byte	0
 1525 002c 03       		.uleb128 0x3
 1526 002d 0E       		.uleb128 0xe
 1527 002e 3A       		.uleb128 0x3a
 1528 002f 0B       		.uleb128 0xb
 1529 0030 3B       		.uleb128 0x3b
 1530 0031 0B       		.uleb128 0xb
 1531 0032 49       		.uleb128 0x49
 1532 0033 13       		.uleb128 0x13
 1533 0034 00       		.byte	0
 1534 0035 00       		.byte	0
 1535 0036 05       		.uleb128 0x5
 1536 0037 35       		.uleb128 0x35
 1537 0038 00       		.byte	0
 1538 0039 49       		.uleb128 0x49
 1539 003a 13       		.uleb128 0x13
ARM GAS  /tmp/cccgn63j.s 			page 28


 1540 003b 00       		.byte	0
 1541 003c 00       		.byte	0
 1542 003d 06       		.uleb128 0x6
 1543 003e 13       		.uleb128 0x13
 1544 003f 01       		.byte	0x1
 1545 0040 03       		.uleb128 0x3
 1546 0041 0E       		.uleb128 0xe
 1547 0042 0B       		.uleb128 0xb
 1548 0043 0B       		.uleb128 0xb
 1549 0044 3A       		.uleb128 0x3a
 1550 0045 0B       		.uleb128 0xb
 1551 0046 3B       		.uleb128 0x3b
 1552 0047 0B       		.uleb128 0xb
 1553 0048 01       		.uleb128 0x1
 1554 0049 13       		.uleb128 0x13
 1555 004a 00       		.byte	0
 1556 004b 00       		.byte	0
 1557 004c 07       		.uleb128 0x7
 1558 004d 0D       		.uleb128 0xd
 1559 004e 00       		.byte	0
 1560 004f 03       		.uleb128 0x3
 1561 0050 0E       		.uleb128 0xe
 1562 0051 3A       		.uleb128 0x3a
 1563 0052 0B       		.uleb128 0xb
 1564 0053 3B       		.uleb128 0x3b
 1565 0054 0B       		.uleb128 0xb
 1566 0055 49       		.uleb128 0x49
 1567 0056 13       		.uleb128 0x13
 1568 0057 38       		.uleb128 0x38
 1569 0058 0B       		.uleb128 0xb
 1570 0059 00       		.byte	0
 1571 005a 00       		.byte	0
 1572 005b 08       		.uleb128 0x8
 1573 005c 0D       		.uleb128 0xd
 1574 005d 00       		.byte	0
 1575 005e 03       		.uleb128 0x3
 1576 005f 08       		.uleb128 0x8
 1577 0060 3A       		.uleb128 0x3a
 1578 0061 0B       		.uleb128 0xb
 1579 0062 3B       		.uleb128 0x3b
 1580 0063 05       		.uleb128 0x5
 1581 0064 49       		.uleb128 0x49
 1582 0065 13       		.uleb128 0x13
 1583 0066 38       		.uleb128 0x38
 1584 0067 0B       		.uleb128 0xb
 1585 0068 00       		.byte	0
 1586 0069 00       		.byte	0
 1587 006a 09       		.uleb128 0x9
 1588 006b 0D       		.uleb128 0xd
 1589 006c 00       		.byte	0
 1590 006d 03       		.uleb128 0x3
 1591 006e 0E       		.uleb128 0xe
 1592 006f 3A       		.uleb128 0x3a
 1593 0070 0B       		.uleb128 0xb
 1594 0071 3B       		.uleb128 0x3b
 1595 0072 05       		.uleb128 0x5
 1596 0073 49       		.uleb128 0x49
ARM GAS  /tmp/cccgn63j.s 			page 29


 1597 0074 13       		.uleb128 0x13
 1598 0075 38       		.uleb128 0x38
 1599 0076 0B       		.uleb128 0xb
 1600 0077 00       		.byte	0
 1601 0078 00       		.byte	0
 1602 0079 0A       		.uleb128 0xa
 1603 007a 0F       		.uleb128 0xf
 1604 007b 00       		.byte	0
 1605 007c 0B       		.uleb128 0xb
 1606 007d 0B       		.uleb128 0xb
 1607 007e 49       		.uleb128 0x49
 1608 007f 13       		.uleb128 0x13
 1609 0080 00       		.byte	0
 1610 0081 00       		.byte	0
 1611 0082 0B       		.uleb128 0xb
 1612 0083 13       		.uleb128 0x13
 1613 0084 01       		.byte	0x1
 1614 0085 03       		.uleb128 0x3
 1615 0086 0E       		.uleb128 0xe
 1616 0087 0B       		.uleb128 0xb
 1617 0088 0B       		.uleb128 0xb
 1618 0089 3A       		.uleb128 0x3a
 1619 008a 0B       		.uleb128 0xb
 1620 008b 3B       		.uleb128 0x3b
 1621 008c 05       		.uleb128 0x5
 1622 008d 01       		.uleb128 0x1
 1623 008e 13       		.uleb128 0x13
 1624 008f 00       		.byte	0
 1625 0090 00       		.byte	0
 1626 0091 0C       		.uleb128 0xc
 1627 0092 15       		.uleb128 0x15
 1628 0093 01       		.byte	0x1
 1629 0094 27       		.uleb128 0x27
 1630 0095 19       		.uleb128 0x19
 1631 0096 01       		.uleb128 0x1
 1632 0097 13       		.uleb128 0x13
 1633 0098 00       		.byte	0
 1634 0099 00       		.byte	0
 1635 009a 0D       		.uleb128 0xd
 1636 009b 05       		.uleb128 0x5
 1637 009c 00       		.byte	0
 1638 009d 49       		.uleb128 0x49
 1639 009e 13       		.uleb128 0x13
 1640 009f 00       		.byte	0
 1641 00a0 00       		.byte	0
 1642 00a1 0E       		.uleb128 0xe
 1643 00a2 0F       		.uleb128 0xf
 1644 00a3 00       		.byte	0
 1645 00a4 0B       		.uleb128 0xb
 1646 00a5 0B       		.uleb128 0xb
 1647 00a6 00       		.byte	0
 1648 00a7 00       		.byte	0
 1649 00a8 0F       		.uleb128 0xf
 1650 00a9 13       		.uleb128 0x13
 1651 00aa 01       		.byte	0x1
 1652 00ab 03       		.uleb128 0x3
 1653 00ac 0E       		.uleb128 0xe
ARM GAS  /tmp/cccgn63j.s 			page 30


 1654 00ad 0B       		.uleb128 0xb
 1655 00ae 05       		.uleb128 0x5
 1656 00af 3A       		.uleb128 0x3a
 1657 00b0 0B       		.uleb128 0xb
 1658 00b1 3B       		.uleb128 0x3b
 1659 00b2 05       		.uleb128 0x5
 1660 00b3 01       		.uleb128 0x1
 1661 00b4 13       		.uleb128 0x13
 1662 00b5 00       		.byte	0
 1663 00b6 00       		.byte	0
 1664 00b7 10       		.uleb128 0x10
 1665 00b8 13       		.uleb128 0x13
 1666 00b9 01       		.byte	0x1
 1667 00ba 0B       		.uleb128 0xb
 1668 00bb 05       		.uleb128 0x5
 1669 00bc 3A       		.uleb128 0x3a
 1670 00bd 0B       		.uleb128 0xb
 1671 00be 3B       		.uleb128 0x3b
 1672 00bf 05       		.uleb128 0x5
 1673 00c0 01       		.uleb128 0x1
 1674 00c1 13       		.uleb128 0x13
 1675 00c2 00       		.byte	0
 1676 00c3 00       		.byte	0
 1677 00c4 11       		.uleb128 0x11
 1678 00c5 0D       		.uleb128 0xd
 1679 00c6 00       		.byte	0
 1680 00c7 03       		.uleb128 0x3
 1681 00c8 0E       		.uleb128 0xe
 1682 00c9 3A       		.uleb128 0x3a
 1683 00ca 0B       		.uleb128 0xb
 1684 00cb 3B       		.uleb128 0x3b
 1685 00cc 05       		.uleb128 0x5
 1686 00cd 49       		.uleb128 0x49
 1687 00ce 13       		.uleb128 0x13
 1688 00cf 38       		.uleb128 0x38
 1689 00d0 05       		.uleb128 0x5
 1690 00d1 00       		.byte	0
 1691 00d2 00       		.byte	0
 1692 00d3 12       		.uleb128 0x12
 1693 00d4 0D       		.uleb128 0xd
 1694 00d5 00       		.byte	0
 1695 00d6 03       		.uleb128 0x3
 1696 00d7 08       		.uleb128 0x8
 1697 00d8 3A       		.uleb128 0x3a
 1698 00d9 0B       		.uleb128 0xb
 1699 00da 3B       		.uleb128 0x3b
 1700 00db 05       		.uleb128 0x5
 1701 00dc 49       		.uleb128 0x49
 1702 00dd 13       		.uleb128 0x13
 1703 00de 38       		.uleb128 0x38
 1704 00df 05       		.uleb128 0x5
 1705 00e0 00       		.byte	0
 1706 00e1 00       		.byte	0
 1707 00e2 13       		.uleb128 0x13
 1708 00e3 01       		.uleb128 0x1
 1709 00e4 01       		.byte	0x1
 1710 00e5 49       		.uleb128 0x49
ARM GAS  /tmp/cccgn63j.s 			page 31


 1711 00e6 13       		.uleb128 0x13
 1712 00e7 01       		.uleb128 0x1
 1713 00e8 13       		.uleb128 0x13
 1714 00e9 00       		.byte	0
 1715 00ea 00       		.byte	0
 1716 00eb 14       		.uleb128 0x14
 1717 00ec 21       		.uleb128 0x21
 1718 00ed 00       		.byte	0
 1719 00ee 49       		.uleb128 0x49
 1720 00ef 13       		.uleb128 0x13
 1721 00f0 2F       		.uleb128 0x2f
 1722 00f1 0B       		.uleb128 0xb
 1723 00f2 00       		.byte	0
 1724 00f3 00       		.byte	0
 1725 00f4 15       		.uleb128 0x15
 1726 00f5 21       		.uleb128 0x21
 1727 00f6 00       		.byte	0
 1728 00f7 49       		.uleb128 0x49
 1729 00f8 13       		.uleb128 0x13
 1730 00f9 2F       		.uleb128 0x2f
 1731 00fa 05       		.uleb128 0x5
 1732 00fb 00       		.byte	0
 1733 00fc 00       		.byte	0
 1734 00fd 16       		.uleb128 0x16
 1735 00fe 16       		.uleb128 0x16
 1736 00ff 00       		.byte	0
 1737 0100 03       		.uleb128 0x3
 1738 0101 0E       		.uleb128 0xe
 1739 0102 3A       		.uleb128 0x3a
 1740 0103 0B       		.uleb128 0xb
 1741 0104 3B       		.uleb128 0x3b
 1742 0105 05       		.uleb128 0x5
 1743 0106 49       		.uleb128 0x49
 1744 0107 13       		.uleb128 0x13
 1745 0108 00       		.byte	0
 1746 0109 00       		.byte	0
 1747 010a 17       		.uleb128 0x17
 1748 010b 13       		.uleb128 0x13
 1749 010c 01       		.byte	0x1
 1750 010d 0B       		.uleb128 0xb
 1751 010e 0B       		.uleb128 0xb
 1752 010f 3A       		.uleb128 0x3a
 1753 0110 0B       		.uleb128 0xb
 1754 0111 3B       		.uleb128 0x3b
 1755 0112 05       		.uleb128 0x5
 1756 0113 01       		.uleb128 0x1
 1757 0114 13       		.uleb128 0x13
 1758 0115 00       		.byte	0
 1759 0116 00       		.byte	0
 1760 0117 18       		.uleb128 0x18
 1761 0118 26       		.uleb128 0x26
 1762 0119 00       		.byte	0
 1763 011a 49       		.uleb128 0x49
 1764 011b 13       		.uleb128 0x13
 1765 011c 00       		.byte	0
 1766 011d 00       		.byte	0
 1767 011e 19       		.uleb128 0x19
ARM GAS  /tmp/cccgn63j.s 			page 32


 1768 011f 0D       		.uleb128 0xd
 1769 0120 00       		.byte	0
 1770 0121 03       		.uleb128 0x3
 1771 0122 08       		.uleb128 0x8
 1772 0123 3A       		.uleb128 0x3a
 1773 0124 0B       		.uleb128 0xb
 1774 0125 3B       		.uleb128 0x3b
 1775 0126 0B       		.uleb128 0xb
 1776 0127 49       		.uleb128 0x49
 1777 0128 13       		.uleb128 0x13
 1778 0129 38       		.uleb128 0x38
 1779 012a 0B       		.uleb128 0xb
 1780 012b 00       		.byte	0
 1781 012c 00       		.byte	0
 1782 012d 1A       		.uleb128 0x1a
 1783 012e 13       		.uleb128 0x13
 1784 012f 01       		.byte	0x1
 1785 0130 0B       		.uleb128 0xb
 1786 0131 0B       		.uleb128 0xb
 1787 0132 3A       		.uleb128 0x3a
 1788 0133 0B       		.uleb128 0xb
 1789 0134 3B       		.uleb128 0x3b
 1790 0135 0B       		.uleb128 0xb
 1791 0136 01       		.uleb128 0x1
 1792 0137 13       		.uleb128 0x13
 1793 0138 00       		.byte	0
 1794 0139 00       		.byte	0
 1795 013a 1B       		.uleb128 0x1b
 1796 013b 17       		.uleb128 0x17
 1797 013c 01       		.byte	0x1
 1798 013d 0B       		.uleb128 0xb
 1799 013e 0B       		.uleb128 0xb
 1800 013f 3A       		.uleb128 0x3a
 1801 0140 0B       		.uleb128 0xb
 1802 0141 3B       		.uleb128 0x3b
 1803 0142 0B       		.uleb128 0xb
 1804 0143 01       		.uleb128 0x1
 1805 0144 13       		.uleb128 0x13
 1806 0145 00       		.byte	0
 1807 0146 00       		.byte	0
 1808 0147 1C       		.uleb128 0x1c
 1809 0148 0D       		.uleb128 0xd
 1810 0149 00       		.byte	0
 1811 014a 03       		.uleb128 0x3
 1812 014b 0E       		.uleb128 0xe
 1813 014c 3A       		.uleb128 0x3a
 1814 014d 0B       		.uleb128 0xb
 1815 014e 3B       		.uleb128 0x3b
 1816 014f 05       		.uleb128 0x5
 1817 0150 49       		.uleb128 0x49
 1818 0151 13       		.uleb128 0x13
 1819 0152 00       		.byte	0
 1820 0153 00       		.byte	0
 1821 0154 1D       		.uleb128 0x1d
 1822 0155 2E       		.uleb128 0x2e
 1823 0156 01       		.byte	0x1
 1824 0157 3F       		.uleb128 0x3f
ARM GAS  /tmp/cccgn63j.s 			page 33


 1825 0158 19       		.uleb128 0x19
 1826 0159 03       		.uleb128 0x3
 1827 015a 0E       		.uleb128 0xe
 1828 015b 3A       		.uleb128 0x3a
 1829 015c 0B       		.uleb128 0xb
 1830 015d 3B       		.uleb128 0x3b
 1831 015e 0B       		.uleb128 0xb
 1832 015f 27       		.uleb128 0x27
 1833 0160 19       		.uleb128 0x19
 1834 0161 11       		.uleb128 0x11
 1835 0162 01       		.uleb128 0x1
 1836 0163 12       		.uleb128 0x12
 1837 0164 06       		.uleb128 0x6
 1838 0165 40       		.uleb128 0x40
 1839 0166 18       		.uleb128 0x18
 1840 0167 9742     		.uleb128 0x2117
 1841 0169 19       		.uleb128 0x19
 1842 016a 01       		.uleb128 0x1
 1843 016b 13       		.uleb128 0x13
 1844 016c 00       		.byte	0
 1845 016d 00       		.byte	0
 1846 016e 1E       		.uleb128 0x1e
 1847 016f 05       		.uleb128 0x5
 1848 0170 00       		.byte	0
 1849 0171 03       		.uleb128 0x3
 1850 0172 08       		.uleb128 0x8
 1851 0173 3A       		.uleb128 0x3a
 1852 0174 0B       		.uleb128 0xb
 1853 0175 3B       		.uleb128 0x3b
 1854 0176 0B       		.uleb128 0xb
 1855 0177 49       		.uleb128 0x49
 1856 0178 13       		.uleb128 0x13
 1857 0179 02       		.uleb128 0x2
 1858 017a 17       		.uleb128 0x17
 1859 017b 00       		.byte	0
 1860 017c 00       		.byte	0
 1861 017d 1F       		.uleb128 0x1f
 1862 017e 05       		.uleb128 0x5
 1863 017f 00       		.byte	0
 1864 0180 03       		.uleb128 0x3
 1865 0181 0E       		.uleb128 0xe
 1866 0182 3A       		.uleb128 0x3a
 1867 0183 0B       		.uleb128 0xb
 1868 0184 3B       		.uleb128 0x3b
 1869 0185 0B       		.uleb128 0xb
 1870 0186 49       		.uleb128 0x49
 1871 0187 13       		.uleb128 0x13
 1872 0188 02       		.uleb128 0x2
 1873 0189 17       		.uleb128 0x17
 1874 018a 00       		.byte	0
 1875 018b 00       		.byte	0
 1876 018c 20       		.uleb128 0x20
 1877 018d 34       		.uleb128 0x34
 1878 018e 00       		.byte	0
 1879 018f 03       		.uleb128 0x3
 1880 0190 0E       		.uleb128 0xe
 1881 0191 49       		.uleb128 0x49
ARM GAS  /tmp/cccgn63j.s 			page 34


 1882 0192 13       		.uleb128 0x13
 1883 0193 34       		.uleb128 0x34
 1884 0194 19       		.uleb128 0x19
 1885 0195 00       		.byte	0
 1886 0196 00       		.byte	0
 1887 0197 21       		.uleb128 0x21
 1888 0198 34       		.uleb128 0x34
 1889 0199 00       		.byte	0
 1890 019a 03       		.uleb128 0x3
 1891 019b 0E       		.uleb128 0xe
 1892 019c 3A       		.uleb128 0x3a
 1893 019d 0B       		.uleb128 0xb
 1894 019e 3B       		.uleb128 0x3b
 1895 019f 05       		.uleb128 0x5
 1896 01a0 49       		.uleb128 0x49
 1897 01a1 13       		.uleb128 0x13
 1898 01a2 3F       		.uleb128 0x3f
 1899 01a3 19       		.uleb128 0x19
 1900 01a4 3C       		.uleb128 0x3c
 1901 01a5 19       		.uleb128 0x19
 1902 01a6 00       		.byte	0
 1903 01a7 00       		.byte	0
 1904 01a8 22       		.uleb128 0x22
 1905 01a9 34       		.uleb128 0x34
 1906 01aa 00       		.byte	0
 1907 01ab 03       		.uleb128 0x3
 1908 01ac 08       		.uleb128 0x8
 1909 01ad 3A       		.uleb128 0x3a
 1910 01ae 0B       		.uleb128 0xb
 1911 01af 3B       		.uleb128 0x3b
 1912 01b0 05       		.uleb128 0x5
 1913 01b1 49       		.uleb128 0x49
 1914 01b2 13       		.uleb128 0x13
 1915 01b3 3F       		.uleb128 0x3f
 1916 01b4 19       		.uleb128 0x19
 1917 01b5 3C       		.uleb128 0x3c
 1918 01b6 19       		.uleb128 0x19
 1919 01b7 00       		.byte	0
 1920 01b8 00       		.byte	0
 1921 01b9 00       		.byte	0
 1922              		.section	.debug_loc,"",%progbits
 1923              	.Ldebug_loc0:
 1924              	.LLST0:
 1925 0000 00000000 		.4byte	.LVL0
 1926 0004 1C000000 		.4byte	.LVL2
 1927 0008 0100     		.2byte	0x1
 1928 000a 50       		.byte	0x50
 1929 000b 1C000000 		.4byte	.LVL2
 1930 000f 30000000 		.4byte	.LVL3
 1931 0013 0700     		.2byte	0x7
 1932 0015 74       		.byte	0x74
 1933 0016 80BEFCFF 		.sleb128 536813312
 1933      01
 1934 001b 9F       		.byte	0x9f
 1935 001c 30000000 		.4byte	.LVL3
 1936 0020 32000000 		.4byte	.LFE256
 1937 0024 0400     		.2byte	0x4
ARM GAS  /tmp/cccgn63j.s 			page 35


 1938 0026 F3       		.byte	0xf3
 1939 0027 01       		.uleb128 0x1
 1940 0028 50       		.byte	0x50
 1941 0029 9F       		.byte	0x9f
 1942 002a 00000000 		.4byte	0
 1943 002e 00000000 		.4byte	0
 1944              	.LLST1:
 1945 0032 00000000 		.4byte	.LVL0
 1946 0036 18000000 		.4byte	.LVL1
 1947 003a 0100     		.2byte	0x1
 1948 003c 51       		.byte	0x51
 1949 003d 18000000 		.4byte	.LVL1
 1950 0041 32000000 		.4byte	.LFE256
 1951 0045 0400     		.2byte	0x4
 1952 0047 F3       		.byte	0xf3
 1953 0048 01       		.uleb128 0x1
 1954 0049 51       		.byte	0x51
 1955 004a 9F       		.byte	0x9f
 1956 004b 00000000 		.4byte	0
 1957 004f 00000000 		.4byte	0
 1958              	.LLST2:
 1959 0053 00000000 		.4byte	.LVL4
 1960 0057 10000000 		.4byte	.LVL5
 1961 005b 0100     		.2byte	0x1
 1962 005d 50       		.byte	0x50
 1963 005e 10000000 		.4byte	.LVL5
 1964 0062 28000000 		.4byte	.LFE257
 1965 0066 0700     		.2byte	0x7
 1966 0068 70       		.byte	0x70
 1967 0069 80BEFCFF 		.sleb128 536813312
 1967      01
 1968 006e 9F       		.byte	0x9f
 1969 006f 00000000 		.4byte	0
 1970 0073 00000000 		.4byte	0
 1971              	.LLST3:
 1972 0077 00000000 		.4byte	.LVL6
 1973 007b 04000000 		.4byte	.LVL7
 1974 007f 0100     		.2byte	0x1
 1975 0081 50       		.byte	0x50
 1976 0082 04000000 		.4byte	.LVL7
 1977 0086 08000000 		.4byte	.LVL8
 1978 008a 0700     		.2byte	0x7
 1979 008c 70       		.byte	0x70
 1980 008d 80808080 		.sleb128 536870912
 1980      02
 1981 0092 9F       		.byte	0x9f
 1982 0093 08000000 		.4byte	.LVL8
 1983 0097 10000000 		.4byte	.LFE258
 1984 009b 0700     		.2byte	0x7
 1985 009d 70       		.byte	0x70
 1986 009e 80A6FCFF 		.sleb128 536810240
 1986      01
 1987 00a3 9F       		.byte	0x9f
 1988 00a4 00000000 		.4byte	0
 1989 00a8 00000000 		.4byte	0
 1990              	.LLST4:
 1991 00ac 00000000 		.4byte	.LVL6
ARM GAS  /tmp/cccgn63j.s 			page 36


 1992 00b0 0A000000 		.4byte	.LVL9
 1993 00b4 0100     		.2byte	0x1
 1994 00b6 51       		.byte	0x51
 1995 00b7 0A000000 		.4byte	.LVL9
 1996 00bb 10000000 		.4byte	.LFE258
 1997 00bf 0400     		.2byte	0x4
 1998 00c1 F3       		.byte	0xf3
 1999 00c2 01       		.uleb128 0x1
 2000 00c3 51       		.byte	0x51
 2001 00c4 9F       		.byte	0x9f
 2002 00c5 00000000 		.4byte	0
 2003 00c9 00000000 		.4byte	0
 2004              	.LLST5:
 2005 00cd 00000000 		.4byte	.LVL10
 2006 00d1 08000000 		.4byte	.LVL11
 2007 00d5 0100     		.2byte	0x1
 2008 00d7 50       		.byte	0x50
 2009 00d8 08000000 		.4byte	.LVL11
 2010 00dc 18000000 		.4byte	.LFE259
 2011 00e0 0400     		.2byte	0x4
 2012 00e2 F3       		.byte	0xf3
 2013 00e3 01       		.uleb128 0x1
 2014 00e4 50       		.byte	0x50
 2015 00e5 9F       		.byte	0x9f
 2016 00e6 00000000 		.4byte	0
 2017 00ea 00000000 		.4byte	0
 2018              		.section	.debug_aranges,"",%progbits
 2019 0000 34000000 		.4byte	0x34
 2020 0004 0200     		.2byte	0x2
 2021 0006 00000000 		.4byte	.Ldebug_info0
 2022 000a 04       		.byte	0x4
 2023 000b 00       		.byte	0
 2024 000c 0000     		.2byte	0
 2025 000e 0000     		.2byte	0
 2026 0010 00000000 		.4byte	.LFB256
 2027 0014 32000000 		.4byte	.LFE256-.LFB256
 2028 0018 00000000 		.4byte	.LFB257
 2029 001c 28000000 		.4byte	.LFE257-.LFB257
 2030 0020 00000000 		.4byte	.LFB258
 2031 0024 10000000 		.4byte	.LFE258-.LFB258
 2032 0028 00000000 		.4byte	.LFB259
 2033 002c 18000000 		.4byte	.LFE259-.LFB259
 2034 0030 00000000 		.4byte	0
 2035 0034 00000000 		.4byte	0
 2036              		.section	.debug_ranges,"",%progbits
 2037              	.Ldebug_ranges0:
 2038 0000 00000000 		.4byte	.LFB256
 2039 0004 32000000 		.4byte	.LFE256
 2040 0008 00000000 		.4byte	.LFB257
 2041 000c 28000000 		.4byte	.LFE257
 2042 0010 00000000 		.4byte	.LFB258
 2043 0014 10000000 		.4byte	.LFE258
 2044 0018 00000000 		.4byte	.LFB259
 2045 001c 18000000 		.4byte	.LFE259
 2046 0020 00000000 		.4byte	0
 2047 0024 00000000 		.4byte	0
 2048              		.section	.debug_line,"",%progbits
ARM GAS  /tmp/cccgn63j.s 			page 37


 2049              	.Ldebug_line0:
 2050 0000 03020000 		.section	.debug_str,"MS",%progbits,1
 2050      0200AB01 
 2050      00000201 
 2050      FB0E0D00 
 2050      01010101 
 2051              	.LASF48:
 2052 0000 74687265 		.ascii	"threads_list_t\000"
 2052      6164735F 
 2052      6C697374 
 2052      5F7400
 2053              	.LASF87:
 2054 000f 49435052 		.ascii	"ICPR\000"
 2054      00
 2055              	.LASF53:
 2056 0014 72656164 		.ascii	"ready_list_t\000"
 2056      795F6C69 
 2056      73745F74 
 2056      00
 2057              	.LASF119:
 2058 0021 77747472 		.ascii	"wttrp\000"
 2058      7000
 2059              	.LASF116:
 2060 0027 7264796D 		.ascii	"rdymsg\000"
 2060      736700
 2061              	.LASF16:
 2062 002e 75696E74 		.ascii	"uint64_t\000"
 2062      36345F74 
 2062      00
 2063              	.LASF5:
 2064 0037 5F5F7569 		.ascii	"__uint8_t\000"
 2064      6E74385F 
 2064      7400
 2065              	.LASF113:
 2066 0041 706F7274 		.ascii	"port_intctx\000"
 2066      5F696E74 
 2066      63747800 
 2067              	.LASF72:
 2068 004d 73797374 		.ascii	"system_debug_t\000"
 2068      656D5F64 
 2068      65627567 
 2068      5F7400
 2069              	.LASF12:
 2070 005c 6C6F6E67 		.ascii	"long long unsigned int\000"
 2070      206C6F6E 
 2070      6720756E 
 2070      7369676E 
 2070      65642069 
 2071              	.LASF117:
 2072 0073 65786974 		.ascii	"exitcode\000"
 2072      636F6465 
 2072      00
 2073              	.LASF79:
 2074 007c 6D61696E 		.ascii	"mainthread\000"
 2074      74687265 
 2074      616400
 2075              	.LASF69:
ARM GAS  /tmp/cccgn63j.s 			page 38


 2076 0087 76697274 		.ascii	"virtual_timers_list_t\000"
 2076      75616C5F 
 2076      74696D65 
 2076      72735F6C 
 2076      6973745F 
 2077              	.LASF95:
 2078 009d 43505549 		.ascii	"CPUID\000"
 2078      4400
 2079              	.LASF52:
 2080 00a3 63685F74 		.ascii	"ch_threads_queue\000"
 2080      68726561 
 2080      64735F71 
 2080      75657565 
 2080      00
 2081              	.LASF85:
 2082 00b4 49535052 		.ascii	"ISPR\000"
 2082      00
 2083              	.LASF30:
 2084 00b9 705F7072 		.ascii	"p_prio\000"
 2084      696F00
 2085              	.LASF134:
 2086 00c0 6E766963 		.ascii	"nvicEnableVector\000"
 2086      456E6162 
 2086      6C655665 
 2086      63746F72 
 2086      00
 2087              	.LASF71:
 2088 00d1 76745F73 		.ascii	"vt_systime\000"
 2088      79737469 
 2088      6D6500
 2089              	.LASF10:
 2090 00dc 6C6F6E67 		.ascii	"long long int\000"
 2090      206C6F6E 
 2090      6720696E 
 2090      7400
 2091              	.LASF1:
 2092 00ea 7369676E 		.ascii	"signed char\000"
 2092      65642063 
 2092      68617200 
 2093              	.LASF142:
 2094 00f6 2F686F6D 		.ascii	"/home/benjamin/Skrivbord/SP-RCCar/Embedded/RC_Contr"
 2094      652F6265 
 2094      6E6A616D 
 2094      696E2F53 
 2094      6B726976 
 2095 0129 6F6C6C65 		.ascii	"oller/\000"
 2095      722F00
 2096              	.LASF46:
 2097 0130 705F6D70 		.ascii	"p_mpool\000"
 2097      6F6F6C00 
 2098              	.LASF127:
 2099 0138 6D5F7175 		.ascii	"m_queue\000"
 2099      65756500 
 2100              	.LASF138:
 2101 0140 6E766963 		.ascii	"nvicClearPending\000"
 2101      436C6561 
 2101      7250656E 
ARM GAS  /tmp/cccgn63j.s 			page 39


 2101      64696E67 
 2101      00
 2102              	.LASF78:
 2103 0151 76746C69 		.ascii	"vtlist\000"
 2103      737400
 2104              	.LASF21:
 2105 0158 74736C69 		.ascii	"tslices_t\000"
 2105      6365735F 
 2105      7400
 2106              	.LASF76:
 2107 0162 63685F73 		.ascii	"ch_system\000"
 2107      79737465 
 2107      6D00
 2108              	.LASF7:
 2109 016c 6C6F6E67 		.ascii	"long int\000"
 2109      20696E74 
 2109      00
 2110              	.LASF107:
 2111 0175 49534152 		.ascii	"ISAR\000"
 2111      00
 2112              	.LASF19:
 2113 017a 74737461 		.ascii	"tstate_t\000"
 2113      74655F74 
 2113      00
 2114              	.LASF32:
 2115 0183 705F6E65 		.ascii	"p_newer\000"
 2115      77657200 
 2116              	.LASF124:
 2117 018b 735F7175 		.ascii	"s_queue\000"
 2117      65756500 
 2118              	.LASF104:
 2119 0193 42464152 		.ascii	"BFAR\000"
 2119      00
 2120              	.LASF105:
 2121 0198 41465352 		.ascii	"AFSR\000"
 2121      00
 2122              	.LASF58:
 2123 019d 725F6E65 		.ascii	"r_newer\000"
 2123      77657200 
 2124              	.LASF110:
 2125 01a5 72656761 		.ascii	"regarm_t\000"
 2125      726D5F74 
 2125      00
 2126              	.LASF65:
 2127 01ae 76745F70 		.ascii	"vt_prev\000"
 2127      72657600 
 2128              	.LASF109:
 2129 01b6 5343425F 		.ascii	"SCB_Type\000"
 2129      54797065 
 2129      00
 2130              	.LASF131:
 2131 01bf 6D757465 		.ascii	"mutex_t\000"
 2131      785F7400 
 2132              	.LASF80:
 2133 01c7 69646C65 		.ascii	"idle_thread_wa\000"
 2133      5F746872 
 2133      6561645F 
ARM GAS  /tmp/cccgn63j.s 			page 40


 2133      776100
 2134              	.LASF25:
 2135 01d6 636E745F 		.ascii	"cnt_t\000"
 2135      7400
 2136              	.LASF0:
 2137 01dc 756E7369 		.ascii	"unsigned int\000"
 2137      676E6564 
 2137      20696E74 
 2137      00
 2138              	.LASF64:
 2139 01e9 76745F6E 		.ascii	"vt_next\000"
 2139      65787400 
 2140              	.LASF135:
 2141 01f1 6E766963 		.ascii	"nvicDisableVector\000"
 2141      44697361 
 2141      626C6556 
 2141      6563746F 
 2141      7200
 2142              	.LASF39:
 2143 0203 705F7469 		.ascii	"p_time\000"
 2143      6D6500
 2144              	.LASF120:
 2145 020a 77747365 		.ascii	"wtsemp\000"
 2145      6D7000
 2146              	.LASF66:
 2147 0211 76745F64 		.ascii	"vt_delta\000"
 2147      656C7461 
 2147      00
 2148              	.LASF41:
 2149 021a 705F6D73 		.ascii	"p_msgqueue\000"
 2149      67717565 
 2149      756500
 2150              	.LASF97:
 2151 0225 56544F52 		.ascii	"VTOR\000"
 2151      00
 2152              	.LASF125:
 2153 022a 735F636E 		.ascii	"s_cnt\000"
 2153      7400
 2154              	.LASF49:
 2155 0230 63685F74 		.ascii	"ch_thread\000"
 2155      68726561 
 2155      6400
 2156              	.LASF96:
 2157 023a 49435352 		.ascii	"ICSR\000"
 2157      00
 2158              	.LASF23:
 2159 023f 6D73675F 		.ascii	"msg_t\000"
 2159      7400
 2160              	.LASF98:
 2161 0245 41495243 		.ascii	"AIRCR\000"
 2161      5200
 2162              	.LASF102:
 2163 024b 44465352 		.ascii	"DFSR\000"
 2163      00
 2164              	.LASF103:
 2165 0250 4D4D4641 		.ascii	"MMFAR\000"
 2165      5200
ARM GAS  /tmp/cccgn63j.s 			page 41


 2166              	.LASF75:
 2167 0256 63685F73 		.ascii	"ch_system_t\000"
 2167      79737465 
 2167      6D5F7400 
 2168              	.LASF18:
 2169 0262 746D6F64 		.ascii	"tmode_t\000"
 2169      655F7400 
 2170              	.LASF54:
 2171 026a 63685F72 		.ascii	"ch_ready_list\000"
 2171      65616479 
 2171      5F6C6973 
 2171      7400
 2172              	.LASF24:
 2173 0278 6576656E 		.ascii	"eventmask_t\000"
 2173      746D6173 
 2173      6B5F7400 
 2174              	.LASF6:
 2175 0284 5F5F696E 		.ascii	"__int32_t\000"
 2175      7433325F 
 2175      7400
 2176              	.LASF111:
 2177 028e 73746B61 		.ascii	"stkalign_t\000"
 2177      6C69676E 
 2177      5F7400
 2178              	.LASF137:
 2179 0299 68616E64 		.ascii	"handler\000"
 2179      6C657200 
 2180              	.LASF62:
 2181 02a1 76697274 		.ascii	"virtual_timer_t\000"
 2181      75616C5F 
 2181      74696D65 
 2181      725F7400 
 2182              	.LASF40:
 2183 02b1 705F7761 		.ascii	"p_waiting\000"
 2183      6974696E 
 2183      6700
 2184              	.LASF93:
 2185 02bb 73697A65 		.ascii	"sizetype\000"
 2185      74797065 
 2185      00
 2186              	.LASF47:
 2187 02c4 74687265 		.ascii	"thread_reference_t\000"
 2187      61645F72 
 2187      65666572 
 2187      656E6365 
 2187      5F7400
 2188              	.LASF70:
 2189 02d7 63685F76 		.ascii	"ch_virtual_timers_list\000"
 2189      69727475 
 2189      616C5F74 
 2189      696D6572 
 2189      735F6C69 
 2190              	.LASF100:
 2191 02ee 43465352 		.ascii	"CFSR\000"
 2191      00
 2192              	.LASF89:
 2193 02f3 49414252 		.ascii	"IABR\000"
ARM GAS  /tmp/cccgn63j.s 			page 42


 2193      00
 2194              	.LASF33:
 2195 02f8 705F6F6C 		.ascii	"p_older\000"
 2195      64657200 
 2196              	.LASF57:
 2197 0300 725F6374 		.ascii	"r_ctx\000"
 2197      7800
 2198              	.LASF141:
 2199 0306 43686962 		.ascii	"ChibiOS_3.0.2/os/hal/ports/common/ARMCMx/nvic.c\000"
 2199      694F535F 
 2199      332E302E 
 2199      322F6F73 
 2199      2F68616C 
 2200              	.LASF115:
 2201 0336 746D5F63 		.ascii	"tm_calibration_t\000"
 2201      616C6962 
 2201      72617469 
 2201      6F6E5F74 
 2201      00
 2202              	.LASF83:
 2203 0347 49434552 		.ascii	"ICER\000"
 2203      00
 2204              	.LASF133:
 2205 034c 7072696F 		.ascii	"prio\000"
 2205      00
 2206              	.LASF59:
 2207 0351 725F6F6C 		.ascii	"r_older\000"
 2207      64657200 
 2208              	.LASF11:
 2209 0359 5F5F7569 		.ascii	"__uint64_t\000"
 2209      6E743634 
 2209      5F7400
 2210              	.LASF20:
 2211 0364 74726566 		.ascii	"trefs_t\000"
 2211      735F7400 
 2212              	.LASF82:
 2213 036c 52455345 		.ascii	"RESERVED0\000"
 2213      52564544 
 2213      3000
 2214              	.LASF86:
 2215 0376 52455345 		.ascii	"RESERVED2\000"
 2215      52564544 
 2215      3200
 2216              	.LASF88:
 2217 0380 52455345 		.ascii	"RESERVED3\000"
 2217      52564544 
 2217      3300
 2218              	.LASF90:
 2219 038a 52455345 		.ascii	"RESERVED4\000"
 2219      52564544 
 2219      3400
 2220              	.LASF29:
 2221 0394 705F7072 		.ascii	"p_prev\000"
 2221      657600
 2222              	.LASF22:
 2223 039b 74707269 		.ascii	"tprio_t\000"
 2223      6F5F7400 
ARM GAS  /tmp/cccgn63j.s 			page 43


 2224              	.LASF73:
 2225 03a3 63685F73 		.ascii	"ch_system_debug\000"
 2225      79737465 
 2225      6D5F6465 
 2225      62756700 
 2226              	.LASF132:
 2227 03b3 5F426F6F 		.ascii	"_Bool\000"
 2227      6C00
 2228              	.LASF14:
 2229 03b9 696E7433 		.ascii	"int32_t\000"
 2229      325F7400 
 2230              	.LASF2:
 2231 03c1 756E7369 		.ascii	"unsigned char\000"
 2231      676E6564 
 2231      20636861 
 2231      7200
 2232              	.LASF99:
 2233 03cf 53484353 		.ascii	"SHCSR\000"
 2233      5200
 2234              	.LASF139:
 2235 03d5 49544D5F 		.ascii	"ITM_RxBuffer\000"
 2235      52784275 
 2235      66666572 
 2235      00
 2236              	.LASF35:
 2237 03e2 705F7374 		.ascii	"p_state\000"
 2237      61746500 
 2238              	.LASF44:
 2239 03ea 705F6D74 		.ascii	"p_mtxlist\000"
 2239      786C6973 
 2239      7400
 2240              	.LASF3:
 2241 03f4 73686F72 		.ascii	"short int\000"
 2241      7420696E 
 2241      7400
 2242              	.LASF81:
 2243 03fe 49534552 		.ascii	"ISER\000"
 2243      00
 2244              	.LASF94:
 2245 0403 4E564943 		.ascii	"NVIC_Type\000"
 2245      5F547970 
 2245      6500
 2246              	.LASF38:
 2247 040d 705F7072 		.ascii	"p_preempt\000"
 2247      65656D70 
 2247      7400
 2248              	.LASF136:
 2249 0417 6E766963 		.ascii	"nvicSetSystemHandlerPriority\000"
 2249      53657453 
 2249      79737465 
 2249      6D48616E 
 2249      646C6572 
 2250              	.LASF56:
 2251 0434 725F7072 		.ascii	"r_prio\000"
 2251      696F00
 2252              	.LASF122:
 2253 043b 65776D61 		.ascii	"ewmask\000"
ARM GAS  /tmp/cccgn63j.s 			page 44


 2253      736B00
 2254              	.LASF28:
 2255 0442 705F6E65 		.ascii	"p_next\000"
 2255      787400
 2256              	.LASF36:
 2257 0449 705F666C 		.ascii	"p_flags\000"
 2257      61677300 
 2258              	.LASF143:
 2259 0451 5F5F6675 		.ascii	"__func__\000"
 2259      6E635F5F 
 2259      00
 2260              	.LASF4:
 2261 045a 73686F72 		.ascii	"short unsigned int\000"
 2261      7420756E 
 2261      7369676E 
 2261      65642069 
 2261      6E7400
 2262              	.LASF63:
 2263 046d 63685F76 		.ascii	"ch_virtual_timer\000"
 2263      69727475 
 2263      616C5F74 
 2263      696D6572 
 2263      00
 2264              	.LASF123:
 2265 047e 63685F73 		.ascii	"ch_semaphore\000"
 2265      656D6170 
 2265      686F7265 
 2265      00
 2266              	.LASF43:
 2267 048b 705F6570 		.ascii	"p_epending\000"
 2267      656E6469 
 2267      6E6700
 2268              	.LASF91:
 2269 0496 52455345 		.ascii	"RESERVED5\000"
 2269      52564544 
 2269      3500
 2270              	.LASF15:
 2271 04a0 75696E74 		.ascii	"uint32_t\000"
 2271      33325F74 
 2271      00
 2272              	.LASF121:
 2273 04a9 77746D74 		.ascii	"wtmtxp\000"
 2273      787000
 2274              	.LASF55:
 2275 04b0 725F7175 		.ascii	"r_queue\000"
 2275      65756500 
 2276              	.LASF50:
 2277 04b8 63685F74 		.ascii	"ch_threads_list\000"
 2277      68726561 
 2277      64735F6C 
 2277      69737400 
 2278              	.LASF9:
 2279 04c8 6C6F6E67 		.ascii	"long unsigned int\000"
 2279      20756E73 
 2279      69676E65 
 2279      6420696E 
 2279      7400
ARM GAS  /tmp/cccgn63j.s 			page 45


 2280              	.LASF60:
 2281 04da 725F6375 		.ascii	"r_current\000"
 2281      7272656E 
 2281      7400
 2282              	.LASF130:
 2283 04e4 63686172 		.ascii	"char\000"
 2283      00
 2284              	.LASF140:
 2285 04e9 474E5520 		.ascii	"GNU C 4.9.3 20150529 (release) [ARM/embedded-4_9-br"
 2285      4320342E 
 2285      392E3320 
 2285      32303135 
 2285      30353239 
 2286 051c 616E6368 		.ascii	"anch revision 227977] -mcpu=cortex-m4 -mfloat-abi=h"
 2286      20726576 
 2286      6973696F 
 2286      6E203232 
 2286      37393737 
 2287 054f 61726420 		.ascii	"ard -mfpu=fpv4-sp-d16 -mno-thumb-interwork -mthumb "
 2287      2D6D6670 
 2287      753D6670 
 2287      76342D73 
 2287      702D6431 
 2288 0582 2D676764 		.ascii	"-ggdb -O2 -std=gnu99 -fomit-frame-pointer -falign-f"
 2288      62202D4F 
 2288      32202D73 
 2288      74643D67 
 2288      6E753939 
 2289 05b5 756E6374 		.ascii	"unctions=16 -ffunction-sections -fdata-sections -fn"
 2289      696F6E73 
 2289      3D313620 
 2289      2D666675 
 2289      6E637469 
 2290 05e8 6F2D636F 		.ascii	"o-common -fsingle-precision-constant\000"
 2290      6D6D6F6E 
 2290      202D6673 
 2290      696E676C 
 2290      652D7072 
 2291              	.LASF129:
 2292 060d 6D5F6E65 		.ascii	"m_next\000"
 2292      787400
 2293              	.LASF26:
 2294 0614 73797374 		.ascii	"systime_t\000"
 2294      696D655F 
 2294      7400
 2295              	.LASF45:
 2296 061e 705F7265 		.ascii	"p_realprio\000"
 2296      616C7072 
 2296      696F00
 2297              	.LASF61:
 2298 0629 76746675 		.ascii	"vtfunc_t\000"
 2298      6E635F74 
 2298      00
 2299              	.LASF8:
 2300 0632 5F5F7569 		.ascii	"__uint32_t\000"
 2300      6E743332 
 2300      5F7400
ARM GAS  /tmp/cccgn63j.s 			page 46


 2301              	.LASF74:
 2302 063d 70616E69 		.ascii	"panic_msg\000"
 2302      635F6D73 
 2302      6700
 2303              	.LASF114:
 2304 0647 6F666673 		.ascii	"offset\000"
 2304      657400
 2305              	.LASF112:
 2306 064e 636F6E74 		.ascii	"context\000"
 2306      65787400 
 2307              	.LASF17:
 2308 0656 7274636E 		.ascii	"rtcnt_t\000"
 2308      745F7400 
 2309              	.LASF68:
 2310 065e 76745F70 		.ascii	"vt_par\000"
 2310      617200
 2311              	.LASF51:
 2312 0665 74687265 		.ascii	"threads_queue_t\000"
 2312      6164735F 
 2312      71756575 
 2312      655F7400 
 2313              	.LASF126:
 2314 0675 63685F6D 		.ascii	"ch_mutex\000"
 2314      75746578 
 2314      00
 2315              	.LASF37:
 2316 067e 705F7265 		.ascii	"p_refs\000"
 2316      667300
 2317              	.LASF27:
 2318 0685 74687265 		.ascii	"thread_t\000"
 2318      61645F74 
 2318      00
 2319              	.LASF106:
 2320 068e 4D4D4652 		.ascii	"MMFR\000"
 2320      00
 2321              	.LASF77:
 2322 0693 726C6973 		.ascii	"rlist\000"
 2322      7400
 2323              	.LASF13:
 2324 0699 75696E74 		.ascii	"uint8_t\000"
 2324      385F7400 
 2325              	.LASF84:
 2326 06a1 52534552 		.ascii	"RSERVED1\000"
 2326      56454431 
 2326      00
 2327              	.LASF92:
 2328 06aa 53544952 		.ascii	"STIR\000"
 2328      00
 2329              	.LASF118:
 2330 06af 77746F62 		.ascii	"wtobjp\000"
 2330      6A7000
 2331              	.LASF34:
 2332 06b6 705F6E61 		.ascii	"p_name\000"
 2332      6D6500
 2333              	.LASF42:
 2334 06bd 705F6D73 		.ascii	"p_msg\000"
 2334      6700
ARM GAS  /tmp/cccgn63j.s 			page 47


 2335              	.LASF108:
 2336 06c3 43504143 		.ascii	"CPACR\000"
 2336      5200
 2337              	.LASF101:
 2338 06c9 48465352 		.ascii	"HFSR\000"
 2338      00
 2339              	.LASF128:
 2340 06ce 6D5F6F77 		.ascii	"m_owner\000"
 2340      6E657200 
 2341              	.LASF31:
 2342 06d6 705F6374 		.ascii	"p_ctx\000"
 2342      7800
 2343              	.LASF67:
 2344 06dc 76745F66 		.ascii	"vt_func\000"
 2344      756E6300 
 2345              		.ident	"GCC: (GNU Tools for ARM Embedded Processors) 4.9.3 20150529 (release) [ARM/embedded-4_9-br
ARM GAS  /tmp/cccgn63j.s 			page 48


DEFINED SYMBOLS
                            *ABS*:0000000000000000 nvic.c
     /tmp/cccgn63j.s:21     .text.nvicEnableVector:0000000000000000 $t
     /tmp/cccgn63j.s:27     .text.nvicEnableVector:0000000000000000 nvicEnableVector
     /tmp/cccgn63j.s:72     .text.nvicDisableVector:0000000000000000 $t
     /tmp/cccgn63j.s:78     .text.nvicDisableVector:0000000000000000 nvicDisableVector
     /tmp/cccgn63j.s:116    .text.nvicDisableVector:0000000000000024 $d
     /tmp/cccgn63j.s:121    .text.nvicSetSystemHandlerPriority:0000000000000000 $t
     /tmp/cccgn63j.s:127    .text.nvicSetSystemHandlerPriority:0000000000000000 nvicSetSystemHandlerPriority
     /tmp/cccgn63j.s:149    .text.nvicClearPending:0000000000000000 $t
     /tmp/cccgn63j.s:155    .text.nvicClearPending:0000000000000000 nvicClearPending
     /tmp/cccgn63j.s:176    .text.nvicClearPending:0000000000000014 $d
                     .debug_frame:0000000000000010 $d

NO UNDEFINED SYMBOLS
