ARM GAS  /tmp/ccwUZtBm.s 			page 1


   1              		.syntax unified
   2              		.cpu cortex-m4
   3              		.eabi_attribute 27, 1
   4              		.eabi_attribute 28, 1
   5              		.fpu fpv4-sp-d16
   6              		.eabi_attribute 20, 1
   7              		.eabi_attribute 21, 1
   8              		.eabi_attribute 23, 3
   9              		.eabi_attribute 24, 1
  10              		.eabi_attribute 25, 1
  11              		.eabi_attribute 26, 1
  12              		.eabi_attribute 30, 2
  13              		.eabi_attribute 34, 1
  14              		.eabi_attribute 18, 4
  15              		.thumb
  16              		.file	"pal.c"
  17              		.text
  18              	.Ltext0:
  19              		.cfi_sections	.debug_frame
  20              		.section	.text.palReadBus,"ax",%progbits
  21              		.align	2
  22              		.p2align 4,,15
  23              		.global	palReadBus
  24              		.thumb
  25              		.thumb_func
  26              		.type	palReadBus, %function
  27              	palReadBus:
  28              	.LFB256:
  29              		.file 1 "ChibiOS_3.0.2/os/hal/src/pal.c"
  30              		.loc 1 65 0
  31              		.cfi_startproc
  32              		@ args = 0, pretend = 0, frame = 0
  33              		@ frame_needed = 0, uses_anonymous_args = 0
  34              		@ link register save eliminated.
  35              	.LVL0:
  36              		.loc 1 69 0
  37 0000 0368     		ldr	r3, [r0]
  38 0002 8168     		ldr	r1, [r0, #8]
  39 0004 1B69     		ldr	r3, [r3, #16]
  40 0006 4268     		ldr	r2, [r0, #4]
  41 0008 23FA01F0 		lsr	r0, r3, r1
  42              	.LVL1:
  43              		.loc 1 70 0
  44 000c 1040     		ands	r0, r0, r2
  45 000e 7047     		bx	lr
  46              		.cfi_endproc
  47              	.LFE256:
  48              		.size	palReadBus, .-palReadBus
  49              		.section	.text.palWriteBus,"ax",%progbits
  50              		.align	2
  51              		.p2align 4,,15
  52              		.global	palWriteBus
  53              		.thumb
  54              		.thumb_func
  55              		.type	palWriteBus, %function
  56              	palWriteBus:
  57              	.LFB257:
ARM GAS  /tmp/ccwUZtBm.s 			page 2


  58              		.loc 1 90 0
  59              		.cfi_startproc
  60              		@ args = 0, pretend = 0, frame = 0
  61              		@ frame_needed = 0, uses_anonymous_args = 0
  62              		@ link register save eliminated.
  63              	.LVL2:
  64 0000 30B4     		push	{r4, r5}
  65              		.cfi_def_cfa_offset 8
  66              		.cfi_offset 4, -8
  67              		.cfi_offset 5, -4
  68              		.loc 1 94 0
  69 0002 19C8     		ldmia	r0, {r0, r3, r4}
  70              	.LVL3:
  71 0004 23EA0102 		bic	r2, r3, r1
  72 0008 04F11005 		add	r5, r4, #16
  73 000c 0B40     		ands	r3, r3, r1
  74 000e 03FA04F1 		lsl	r1, r3, r4
  75              	.LVL4:
  76 0012 02FA05F3 		lsl	r3, r2, r5
  77 0016 0B43     		orrs	r3, r3, r1
  78 0018 8361     		str	r3, [r0, #24]
  79              		.loc 1 95 0
  80 001a 30BC     		pop	{r4, r5}
  81              		.cfi_restore 5
  82              		.cfi_restore 4
  83              		.cfi_def_cfa_offset 0
  84 001c 7047     		bx	lr
  85              		.cfi_endproc
  86              	.LFE257:
  87              		.size	palWriteBus, .-palWriteBus
  88 001e 00BF     		.section	.text.palSetBusMode,"ax",%progbits
  89              		.align	2
  90              		.p2align 4,,15
  91              		.global	palSetBusMode
  92              		.thumb
  93              		.thumb_func
  94              		.type	palSetBusMode, %function
  95              	palSetBusMode:
  96              	.LFB258:
  97              		.loc 1 113 0
  98              		.cfi_startproc
  99              		@ args = 0, pretend = 0, frame = 0
 100              		@ frame_needed = 0, uses_anonymous_args = 0
 101              		@ link register save eliminated.
 102              	.LVL5:
 103              		.loc 1 113 0
 104 0000 0A46     		mov	r2, r1
 105              		.loc 1 117 0
 106 0002 0BC8     		ldmia	r0, {r0, r1, r3}
 107              	.LVL6:
 108 0004 9940     		lsls	r1, r1, r3
 109 0006 FFF7FEBF 		b	_pal_lld_setgroupmode
 110              	.LVL7:
 111              		.cfi_endproc
 112              	.LFE258:
 113              		.size	palSetBusMode, .-palSetBusMode
 114 000a 00BF     		.text
ARM GAS  /tmp/ccwUZtBm.s 			page 3


 115              	.Letext0:
 116              		.file 2 "/usr/arm-none-eabi/include/machine/_default_types.h"
 117              		.file 3 "/usr/arm-none-eabi/include/sys/_stdint.h"
 118              		.file 4 "/usr/arm-none-eabi/include/stdint.h"
 119              		.file 5 "ChibiOS_3.0.2/os/rt/ports/ARMCMx/compilers/GCC/chtypes.h"
 120              		.file 6 "ChibiOS_3.0.2/os/rt/include/chsystypes.h"
 121              		.file 7 "ChibiOS_3.0.2/os/rt/include/chschd.h"
 122              		.file 8 "ChibiOS_3.0.2/os/rt/ports/ARMCMx/chcore.h"
 123              		.file 9 "ChibiOS_3.0.2/os/rt/ports/ARMCMx/chcore_v7m.h"
 124              		.file 10 "ChibiOS_3.0.2/os/rt/include/chtm.h"
 125              		.file 11 "ChibiOS_3.0.2/os/rt/include/chsem.h"
 126              		.file 12 "ChibiOS_3.0.2/os/rt/include/chmtx.h"
 127              		.file 13 "ChibiOS_3.0.2/os/hal/ports/STM32/LLD/GPIOv2/pal_lld.h"
 128              		.file 14 "ChibiOS_3.0.2/os/hal/include/pal.h"
 129              		.file 15 "ChibiOS_3.0.2/os/ext/CMSIS/include/core_cm4.h"
 130              		.section	.debug_info,"",%progbits
 131              	.Ldebug_info0:
 132 0000 9F090000 		.4byte	0x99f
 133 0004 0400     		.2byte	0x4
 134 0006 00000000 		.4byte	.Ldebug_abbrev0
 135 000a 04       		.byte	0x4
 136 000b 01       		.uleb128 0x1
 137 000c 7B040000 		.4byte	.LASF130
 138 0010 01       		.byte	0x1
 139 0011 D9030000 		.4byte	.LASF131
 140 0015 ED000000 		.4byte	.LASF132
 141 0019 00000000 		.4byte	.Ldebug_ranges0+0
 142 001d 00000000 		.4byte	0
 143 0021 00000000 		.4byte	.Ldebug_line0
 144 0025 02       		.uleb128 0x2
 145 0026 04       		.byte	0x4
 146 0027 05       		.byte	0x5
 147 0028 696E7400 		.ascii	"int\000"
 148 002c 03       		.uleb128 0x3
 149 002d 04       		.byte	0x4
 150 002e 07       		.byte	0x7
 151 002f B6010000 		.4byte	.LASF0
 152 0033 03       		.uleb128 0x3
 153 0034 01       		.byte	0x1
 154 0035 06       		.byte	0x6
 155 0036 DC000000 		.4byte	.LASF1
 156 003a 04       		.uleb128 0x4
 157 003b 23000000 		.4byte	.LASF4
 158 003f 02       		.byte	0x2
 159 0040 1D       		.byte	0x1d
 160 0041 45000000 		.4byte	0x45
 161 0045 03       		.uleb128 0x3
 162 0046 01       		.byte	0x1
 163 0047 08       		.byte	0x8
 164 0048 59030000 		.4byte	.LASF2
 165 004c 03       		.uleb128 0x3
 166 004d 02       		.byte	0x2
 167 004e 05       		.byte	0x5
 168 004f 71030000 		.4byte	.LASF3
 169 0053 04       		.uleb128 0x4
 170 0054 70040000 		.4byte	.LASF5
 171 0058 02       		.byte	0x2
ARM GAS  /tmp/ccwUZtBm.s 			page 4


 172 0059 2B       		.byte	0x2b
 173 005a 5E000000 		.4byte	0x5e
 174 005e 03       		.uleb128 0x3
 175 005f 02       		.byte	0x2
 176 0060 07       		.byte	0x7
 177 0061 01020000 		.4byte	.LASF6
 178 0065 04       		.uleb128 0x4
 179 0066 52020000 		.4byte	.LASF7
 180 006a 02       		.byte	0x2
 181 006b 3F       		.byte	0x3f
 182 006c 70000000 		.4byte	0x70
 183 0070 03       		.uleb128 0x3
 184 0071 04       		.byte	0x4
 185 0072 05       		.byte	0x5
 186 0073 4D010000 		.4byte	.LASF8
 187 0077 04       		.uleb128 0x4
 188 0078 C4050000 		.4byte	.LASF9
 189 007c 02       		.byte	0x2
 190 007d 41       		.byte	0x41
 191 007e 82000000 		.4byte	0x82
 192 0082 03       		.uleb128 0x3
 193 0083 04       		.byte	0x4
 194 0084 07       		.byte	0x7
 195 0085 49040000 		.4byte	.LASF10
 196 0089 03       		.uleb128 0x3
 197 008a 08       		.byte	0x8
 198 008b 05       		.byte	0x5
 199 008c CE000000 		.4byte	.LASF11
 200 0090 04       		.uleb128 0x4
 201 0091 76020000 		.4byte	.LASF12
 202 0095 02       		.byte	0x2
 203 0096 5B       		.byte	0x5b
 204 0097 9B000000 		.4byte	0x9b
 205 009b 03       		.uleb128 0x3
 206 009c 08       		.byte	0x8
 207 009d 07       		.byte	0x7
 208 009e 62000000 		.4byte	.LASF13
 209 00a2 04       		.uleb128 0x4
 210 00a3 53060000 		.4byte	.LASF14
 211 00a7 03       		.byte	0x3
 212 00a8 14       		.byte	0x14
 213 00a9 3A000000 		.4byte	0x3a
 214 00ad 04       		.uleb128 0x4
 215 00ae CB010000 		.4byte	.LASF15
 216 00b2 03       		.byte	0x3
 217 00b3 1A       		.byte	0x1a
 218 00b4 53000000 		.4byte	0x53
 219 00b8 04       		.uleb128 0x4
 220 00b9 51030000 		.4byte	.LASF16
 221 00bd 03       		.byte	0x3
 222 00be 1F       		.byte	0x1f
 223 00bf 65000000 		.4byte	0x65
 224 00c3 04       		.uleb128 0x4
 225 00c4 21040000 		.4byte	.LASF17
 226 00c8 03       		.byte	0x3
 227 00c9 20       		.byte	0x20
 228 00ca 77000000 		.4byte	0x77
ARM GAS  /tmp/ccwUZtBm.s 			page 5


 229 00ce 04       		.uleb128 0x4
 230 00cf 1A000000 		.4byte	.LASF18
 231 00d3 03       		.byte	0x3
 232 00d4 26       		.byte	0x26
 233 00d5 90000000 		.4byte	0x90
 234 00d9 04       		.uleb128 0x4
 235 00da A2030000 		.4byte	.LASF19
 236 00de 04       		.byte	0x4
 237 00df 34       		.byte	0x34
 238 00e0 2C000000 		.4byte	0x2c
 239 00e4 05       		.uleb128 0x5
 240 00e5 B8000000 		.4byte	0xb8
 241 00e9 05       		.uleb128 0x5
 242 00ea C3000000 		.4byte	0xc3
 243 00ee 04       		.uleb128 0x4
 244 00ef 09060000 		.4byte	.LASF20
 245 00f3 05       		.byte	0x5
 246 00f4 45       		.byte	0x45
 247 00f5 C3000000 		.4byte	0xc3
 248 00f9 04       		.uleb128 0x4
 249 00fa 30020000 		.4byte	.LASF21
 250 00fe 05       		.byte	0x5
 251 00ff 48       		.byte	0x48
 252 0100 A2000000 		.4byte	0xa2
 253 0104 04       		.uleb128 0x4
 254 0105 56010000 		.4byte	.LASF22
 255 0109 05       		.byte	0x5
 256 010a 49       		.byte	0x49
 257 010b A2000000 		.4byte	0xa2
 258 010f 04       		.uleb128 0x4
 259 0110 14030000 		.4byte	.LASF23
 260 0114 05       		.byte	0x5
 261 0115 4A       		.byte	0x4a
 262 0116 A2000000 		.4byte	0xa2
 263 011a 04       		.uleb128 0x4
 264 011b 3E010000 		.4byte	.LASF24
 265 011f 05       		.byte	0x5
 266 0120 4B       		.byte	0x4b
 267 0121 A2000000 		.4byte	0xa2
 268 0125 04       		.uleb128 0x4
 269 0126 33030000 		.4byte	.LASF25
 270 012a 05       		.byte	0x5
 271 012b 4C       		.byte	0x4c
 272 012c C3000000 		.4byte	0xc3
 273 0130 04       		.uleb128 0x4
 274 0131 1E020000 		.4byte	.LASF26
 275 0135 05       		.byte	0x5
 276 0136 4D       		.byte	0x4d
 277 0137 B8000000 		.4byte	0xb8
 278 013b 04       		.uleb128 0x4
 279 013c 46020000 		.4byte	.LASF27
 280 0140 05       		.byte	0x5
 281 0141 4F       		.byte	0x4f
 282 0142 C3000000 		.4byte	0xc3
 283 0146 04       		.uleb128 0x4
 284 0147 B0010000 		.4byte	.LASF28
 285 014b 05       		.byte	0x5
ARM GAS  /tmp/ccwUZtBm.s 			page 6


 286 014c 51       		.byte	0x51
 287 014d B8000000 		.4byte	0xb8
 288 0151 04       		.uleb128 0x4
 289 0152 A6050000 		.4byte	.LASF29
 290 0156 06       		.byte	0x6
 291 0157 33       		.byte	0x33
 292 0158 C3000000 		.4byte	0xc3
 293 015c 04       		.uleb128 0x4
 294 015d 44060000 		.4byte	.LASF30
 295 0161 06       		.byte	0x6
 296 0162 3F       		.byte	0x3f
 297 0163 67010000 		.4byte	0x167
 298 0167 06       		.uleb128 0x6
 299 0168 14020000 		.4byte	.LASF52
 300 016c 48       		.byte	0x48
 301 016d 07       		.byte	0x7
 302 016e C2       		.byte	0xc2
 303 016f 6C020000 		.4byte	0x26c
 304 0173 07       		.uleb128 0x7
 305 0174 9B030000 		.4byte	.LASF31
 306 0178 07       		.byte	0x7
 307 0179 C3       		.byte	0xc3
 308 017a 77020000 		.4byte	0x277
 309 017e 00       		.byte	0
 310 017f 07       		.uleb128 0x7
 311 0180 2C030000 		.4byte	.LASF32
 312 0184 07       		.byte	0x7
 313 0185 C5       		.byte	0xc5
 314 0186 77020000 		.4byte	0x277
 315 018a 04       		.byte	0x4
 316 018b 07       		.uleb128 0x7
 317 018c C7000000 		.4byte	.LASF33
 318 0190 07       		.byte	0x7
 319 0191 C7       		.byte	0xc7
 320 0192 25010000 		.4byte	0x125
 321 0196 08       		.byte	0x8
 322 0197 07       		.uleb128 0x7
 323 0198 8B060000 		.4byte	.LASF34
 324 019c 07       		.byte	0x7
 325 019d C8       		.byte	0xc8
 326 019e A7040000 		.4byte	0x4a7
 327 01a2 0C       		.byte	0xc
 328 01a3 07       		.uleb128 0x7
 329 01a4 5F010000 		.4byte	.LASF35
 330 01a8 07       		.byte	0x7
 331 01a9 CA       		.byte	0xca
 332 01aa 77020000 		.4byte	0x277
 333 01ae 10       		.byte	0x10
 334 01af 07       		.uleb128 0x7
 335 01b0 C4020000 		.4byte	.LASF36
 336 01b4 07       		.byte	0x7
 337 01b5 CB       		.byte	0xcb
 338 01b6 77020000 		.4byte	0x277
 339 01ba 14       		.byte	0x14
 340 01bb 07       		.uleb128 0x7
 341 01bc 62060000 		.4byte	.LASF37
 342 01c0 07       		.byte	0x7
ARM GAS  /tmp/ccwUZtBm.s 			page 7


 343 01c1 D2       		.byte	0xd2
 344 01c2 EC060000 		.4byte	0x6ec
 345 01c6 18       		.byte	0x18
 346 01c7 07       		.uleb128 0x7
 347 01c8 7B030000 		.4byte	.LASF38
 348 01cc 07       		.byte	0x7
 349 01cd DD       		.byte	0xdd
 350 01ce 04010000 		.4byte	0x104
 351 01d2 1C       		.byte	0x1c
 352 01d3 07       		.uleb128 0x7
 353 01d4 AF030000 		.4byte	.LASF39
 354 01d8 07       		.byte	0x7
 355 01d9 E1       		.byte	0xe1
 356 01da F9000000 		.4byte	0xf9
 357 01de 1D       		.byte	0x1d
 358 01df 07       		.uleb128 0x7
 359 01e0 3D060000 		.4byte	.LASF40
 360 01e4 07       		.byte	0x7
 361 01e5 E6       		.byte	0xe6
 362 01e6 0F010000 		.4byte	0x10f
 363 01ea 1E       		.byte	0x1e
 364 01eb 07       		.uleb128 0x7
 365 01ec 83030000 		.4byte	.LASF41
 366 01f0 07       		.byte	0x7
 367 01f1 EC       		.byte	0xec
 368 01f2 1A010000 		.4byte	0x11a
 369 01f6 1F       		.byte	0x1f
 370 01f7 07       		.uleb128 0x7
 371 01f8 D4010000 		.4byte	.LASF42
 372 01fc 07       		.byte	0x7
 373 01fd F3       		.byte	0xf3
 374 01fe FE060000 		.4byte	0x6fe
 375 0202 20       		.byte	0x20
 376 0203 08       		.uleb128 0x8
 377 0204 705F7500 		.ascii	"p_u\000"
 378 0208 07       		.byte	0x7
 379 0209 3101     		.2byte	0x131
 380 020b 27060000 		.4byte	0x627
 381 020f 24       		.byte	0x24
 382 0210 09       		.uleb128 0x9
 383 0211 81020000 		.4byte	.LASF43
 384 0215 07       		.byte	0x7
 385 0216 3601     		.2byte	0x136
 386 0218 7D020000 		.4byte	0x27d
 387 021c 28       		.byte	0x28
 388 021d 09       		.uleb128 0x9
 389 021e EB010000 		.4byte	.LASF44
 390 0222 07       		.byte	0x7
 391 0223 3C01     		.2byte	0x13c
 392 0225 A1020000 		.4byte	0x2a1
 393 0229 2C       		.byte	0x2c
 394 022a 09       		.uleb128 0x9
 395 022b 74060000 		.4byte	.LASF45
 396 022f 07       		.byte	0x7
 397 0230 4001     		.2byte	0x140
 398 0232 30010000 		.4byte	0x130
 399 0236 34       		.byte	0x34
ARM GAS  /tmp/ccwUZtBm.s 			page 8


 400 0237 09       		.uleb128 0x9
 401 0238 16040000 		.4byte	.LASF46
 402 023c 07       		.byte	0x7
 403 023d 4601     		.2byte	0x146
 404 023f 3B010000 		.4byte	0x13b
 405 0243 38       		.byte	0x38
 406 0244 09       		.uleb128 0x9
 407 0245 67030000 		.4byte	.LASF47
 408 0249 07       		.byte	0x7
 409 024a 4D01     		.2byte	0x14d
 410 024c E6060000 		.4byte	0x6e6
 411 0250 3C       		.byte	0x3c
 412 0251 09       		.uleb128 0x9
 413 0252 B0050000 		.4byte	.LASF48
 414 0256 07       		.byte	0x7
 415 0257 5101     		.2byte	0x151
 416 0259 25010000 		.4byte	0x125
 417 025d 40       		.byte	0x40
 418 025e 09       		.uleb128 0x9
 419 025f 27010000 		.4byte	.LASF49
 420 0263 07       		.byte	0x7
 421 0264 5801     		.2byte	0x158
 422 0266 54030000 		.4byte	0x354
 423 026a 44       		.byte	0x44
 424 026b 00       		.byte	0
 425 026c 04       		.uleb128 0x4
 426 026d 94020000 		.4byte	.LASF50
 427 0271 06       		.byte	0x6
 428 0272 44       		.byte	0x44
 429 0273 77020000 		.4byte	0x277
 430 0277 0A       		.uleb128 0xa
 431 0278 04       		.byte	0x4
 432 0279 5C010000 		.4byte	0x15c
 433 027d 04       		.uleb128 0x4
 434 027e 67020000 		.4byte	.LASF51
 435 0282 06       		.byte	0x6
 436 0283 49       		.byte	0x49
 437 0284 88020000 		.4byte	0x288
 438 0288 06       		.uleb128 0x6
 439 0289 39040000 		.4byte	.LASF53
 440 028d 04       		.byte	0x4
 441 028e 07       		.byte	0x7
 442 028f B0       		.byte	0xb0
 443 0290 A1020000 		.4byte	0x2a1
 444 0294 07       		.uleb128 0x7
 445 0295 9B030000 		.4byte	.LASF31
 446 0299 07       		.byte	0x7
 447 029a B1       		.byte	0xb1
 448 029b 77020000 		.4byte	0x277
 449 029f 00       		.byte	0
 450 02a0 00       		.byte	0
 451 02a1 04       		.uleb128 0x4
 452 02a2 24060000 		.4byte	.LASF54
 453 02a6 06       		.byte	0x6
 454 02a7 50       		.byte	0x50
 455 02a8 AC020000 		.4byte	0x2ac
 456 02ac 06       		.uleb128 0x6
ARM GAS  /tmp/ccwUZtBm.s 			page 9


 457 02ad B6000000 		.4byte	.LASF55
 458 02b1 08       		.byte	0x8
 459 02b2 07       		.byte	0x7
 460 02b3 B7       		.byte	0xb7
 461 02b4 D1020000 		.4byte	0x2d1
 462 02b8 07       		.uleb128 0x7
 463 02b9 9B030000 		.4byte	.LASF31
 464 02bd 07       		.byte	0x7
 465 02be B8       		.byte	0xb8
 466 02bf 77020000 		.4byte	0x277
 467 02c3 00       		.byte	0
 468 02c4 07       		.uleb128 0x7
 469 02c5 2C030000 		.4byte	.LASF32
 470 02c9 07       		.byte	0x7
 471 02ca B9       		.byte	0xb9
 472 02cb 77020000 		.4byte	0x277
 473 02cf 04       		.byte	0x4
 474 02d0 00       		.byte	0
 475 02d1 04       		.uleb128 0x4
 476 02d2 00000000 		.4byte	.LASF56
 477 02d6 06       		.byte	0x6
 478 02d7 57       		.byte	0x57
 479 02d8 DC020000 		.4byte	0x2dc
 480 02dc 0B       		.uleb128 0xb
 481 02dd 38020000 		.4byte	.LASF57
 482 02e1 1C       		.byte	0x1c
 483 02e2 07       		.byte	0x7
 484 02e3 9001     		.2byte	0x190
 485 02e5 38030000 		.4byte	0x338
 486 02e9 09       		.uleb128 0x9
 487 02ea 31040000 		.4byte	.LASF58
 488 02ee 07       		.byte	0x7
 489 02ef 9101     		.2byte	0x191
 490 02f1 A1020000 		.4byte	0x2a1
 491 02f5 00       		.byte	0
 492 02f6 09       		.uleb128 0x9
 493 02f7 8D030000 		.4byte	.LASF59
 494 02fb 07       		.byte	0x7
 495 02fc 9201     		.2byte	0x192
 496 02fe 25010000 		.4byte	0x125
 497 0302 08       		.byte	0x8
 498 0303 09       		.uleb128 0x9
 499 0304 CC020000 		.4byte	.LASF60
 500 0308 07       		.byte	0x7
 501 0309 9401     		.2byte	0x194
 502 030b A7040000 		.4byte	0x4a7
 503 030f 0C       		.byte	0xc
 504 0310 09       		.uleb128 0x9
 505 0311 77010000 		.4byte	.LASF61
 506 0315 07       		.byte	0x7
 507 0316 9701     		.2byte	0x197
 508 0318 77020000 		.4byte	0x277
 509 031c 10       		.byte	0x10
 510 031d 09       		.uleb128 0x9
 511 031e ED020000 		.4byte	.LASF62
 512 0322 07       		.byte	0x7
 513 0323 9801     		.2byte	0x198
ARM GAS  /tmp/ccwUZtBm.s 			page 10


 514 0325 77020000 		.4byte	0x277
 515 0329 14       		.byte	0x14
 516 032a 09       		.uleb128 0x9
 517 032b E3020000 		.4byte	.LASF63
 518 032f 07       		.byte	0x7
 519 0330 9B01     		.2byte	0x19b
 520 0332 77020000 		.4byte	0x277
 521 0336 18       		.byte	0x18
 522 0337 00       		.byte	0
 523 0338 04       		.uleb128 0x4
 524 0339 BB050000 		.4byte	.LASF64
 525 033d 06       		.byte	0x6
 526 033e 5C       		.byte	0x5c
 527 033f 43030000 		.4byte	0x343
 528 0343 0A       		.uleb128 0xa
 529 0344 04       		.byte	0x4
 530 0345 49030000 		.4byte	0x349
 531 0349 0C       		.uleb128 0xc
 532 034a 54030000 		.4byte	0x354
 533 034e 0D       		.uleb128 0xd
 534 034f 54030000 		.4byte	0x354
 535 0353 00       		.byte	0
 536 0354 0E       		.uleb128 0xe
 537 0355 04       		.byte	0x4
 538 0356 04       		.uleb128 0x4
 539 0357 1C030000 		.4byte	.LASF65
 540 035b 06       		.byte	0x6
 541 035c 61       		.byte	0x61
 542 035d 61030000 		.4byte	0x361
 543 0361 0B       		.uleb128 0xb
 544 0362 F8030000 		.4byte	.LASF66
 545 0366 14       		.byte	0x14
 546 0367 07       		.byte	0x7
 547 0368 6B01     		.2byte	0x16b
 548 036a B0030000 		.4byte	0x3b0
 549 036e 09       		.uleb128 0x9
 550 036f C3010000 		.4byte	.LASF67
 551 0373 07       		.byte	0x7
 552 0374 6C01     		.2byte	0x16c
 553 0376 03070000 		.4byte	0x703
 554 037a 00       		.byte	0
 555 037b 09       		.uleb128 0x9
 556 037c 8D010000 		.4byte	.LASF68
 557 0380 07       		.byte	0x7
 558 0381 6D01     		.2byte	0x16d
 559 0383 03070000 		.4byte	0x703
 560 0387 04       		.byte	0x4
 561 0388 09       		.uleb128 0x9
 562 0389 E2010000 		.4byte	.LASF69
 563 038d 07       		.byte	0x7
 564 038e 6E01     		.2byte	0x16e
 565 0390 51010000 		.4byte	0x151
 566 0394 08       		.byte	0x8
 567 0395 09       		.uleb128 0x9
 568 0396 91060000 		.4byte	.LASF70
 569 039a 07       		.byte	0x7
 570 039b 6F01     		.2byte	0x16f
ARM GAS  /tmp/ccwUZtBm.s 			page 11


 571 039d 38030000 		.4byte	0x338
 572 03a1 0C       		.byte	0xc
 573 03a2 09       		.uleb128 0x9
 574 03a3 11060000 		.4byte	.LASF71
 575 03a7 07       		.byte	0x7
 576 03a8 7101     		.2byte	0x171
 577 03aa 54030000 		.4byte	0x354
 578 03ae 10       		.byte	0x10
 579 03af 00       		.byte	0
 580 03b0 04       		.uleb128 0x4
 581 03b1 93000000 		.4byte	.LASF72
 582 03b5 06       		.byte	0x6
 583 03b6 66       		.byte	0x66
 584 03b7 BB030000 		.4byte	0x3bb
 585 03bb 0B       		.uleb128 0xb
 586 03bc A7020000 		.4byte	.LASF73
 587 03c0 10       		.byte	0x10
 588 03c1 07       		.byte	0x7
 589 03c2 7B01     		.2byte	0x17b
 590 03c4 FD030000 		.4byte	0x3fd
 591 03c8 09       		.uleb128 0x9
 592 03c9 C3010000 		.4byte	.LASF67
 593 03cd 07       		.byte	0x7
 594 03ce 7C01     		.2byte	0x17c
 595 03d0 03070000 		.4byte	0x703
 596 03d4 00       		.byte	0
 597 03d5 09       		.uleb128 0x9
 598 03d6 8D010000 		.4byte	.LASF68
 599 03da 07       		.byte	0x7
 600 03db 7E01     		.2byte	0x17e
 601 03dd 03070000 		.4byte	0x703
 602 03e1 04       		.byte	0x4
 603 03e2 09       		.uleb128 0x9
 604 03e3 E2010000 		.4byte	.LASF69
 605 03e7 07       		.byte	0x7
 606 03e8 8001     		.2byte	0x180
 607 03ea 51010000 		.4byte	0x151
 608 03ee 08       		.byte	0x8
 609 03ef 09       		.uleb128 0x9
 610 03f0 69060000 		.4byte	.LASF74
 611 03f4 07       		.byte	0x7
 612 03f5 8201     		.2byte	0x182
 613 03f7 FE060000 		.4byte	0x6fe
 614 03fb 0C       		.byte	0xc
 615 03fc 00       		.byte	0
 616 03fd 04       		.uleb128 0x4
 617 03fe 40000000 		.4byte	.LASF75
 618 0402 06       		.byte	0x6
 619 0403 6B       		.byte	0x6b
 620 0404 08040000 		.4byte	0x408
 621 0408 0B       		.uleb128 0xb
 622 0409 3B030000 		.4byte	.LASF76
 623 040d 04       		.byte	0x4
 624 040e 07       		.byte	0x7
 625 040f A201     		.2byte	0x1a2
 626 0411 23040000 		.4byte	0x423
 627 0415 09       		.uleb128 0x9
ARM GAS  /tmp/ccwUZtBm.s 			page 12


 628 0416 CF050000 		.4byte	.LASF77
 629 041a 07       		.byte	0x7
 630 041b AA01     		.2byte	0x1aa
 631 041d 09070000 		.4byte	0x709
 632 0421 00       		.byte	0
 633 0422 00       		.byte	0
 634 0423 04       		.uleb128 0x4
 635 0424 24020000 		.4byte	.LASF78
 636 0428 06       		.byte	0x6
 637 0429 70       		.byte	0x70
 638 042a 2E040000 		.4byte	0x42e
 639 042e 0F       		.uleb128 0xf
 640 042f CF030000 		.4byte	.LASF79
 641 0433 5802     		.2byte	0x258
 642 0435 07       		.byte	0x7
 643 0436 C201     		.2byte	0x1c2
 644 0438 8A040000 		.4byte	0x48a
 645 043c 09       		.uleb128 0x9
 646 043d 4D060000 		.4byte	.LASF80
 647 0441 07       		.byte	0x7
 648 0442 C601     		.2byte	0x1c6
 649 0444 D1020000 		.4byte	0x2d1
 650 0448 00       		.byte	0
 651 0449 09       		.uleb128 0x9
 652 044a 37010000 		.4byte	.LASF81
 653 044e 07       		.byte	0x7
 654 044f CA01     		.2byte	0x1ca
 655 0451 B0030000 		.4byte	0x3b0
 656 0455 1C       		.byte	0x1c
 657 0456 08       		.uleb128 0x8
 658 0457 64626700 		.ascii	"dbg\000"
 659 045b 07       		.byte	0x7
 660 045c CE01     		.2byte	0x1ce
 661 045e FD030000 		.4byte	0x3fd
 662 0462 2C       		.byte	0x2c
 663 0463 09       		.uleb128 0x9
 664 0464 88000000 		.4byte	.LASF82
 665 0468 07       		.byte	0x7
 666 0469 D201     		.2byte	0x1d2
 667 046b 5C010000 		.4byte	0x15c
 668 046f 30       		.byte	0x30
 669 0470 08       		.uleb128 0x8
 670 0471 746D00   		.ascii	"tm\000"
 671 0474 07       		.byte	0x7
 672 0475 D701     		.2byte	0x1d7
 673 0477 1C060000 		.4byte	0x61c
 674 047b 78       		.byte	0x78
 675 047c 09       		.uleb128 0x9
 676 047d C0030000 		.4byte	.LASF83
 677 0481 07       		.byte	0x7
 678 0482 E301     		.2byte	0x1e3
 679 0484 0E070000 		.4byte	0x70e
 680 0488 80       		.byte	0x80
 681 0489 00       		.byte	0
 682 048a 03       		.uleb128 0x3
 683 048b 04       		.byte	0x4
 684 048c 07       		.byte	0x7
ARM GAS  /tmp/ccwUZtBm.s 			page 13


 685 048d 8B020000 		.4byte	.LASF84
 686 0491 04       		.uleb128 0x4
 687 0492 84010000 		.4byte	.LASF85
 688 0496 08       		.byte	0x8
 689 0497 65       		.byte	0x65
 690 0498 54030000 		.4byte	0x354
 691 049c 04       		.uleb128 0x4
 692 049d 5C020000 		.4byte	.LASF86
 693 04a1 08       		.byte	0x8
 694 04a2 6D       		.byte	0x6d
 695 04a3 CE000000 		.4byte	0xce
 696 04a7 06       		.uleb128 0x6
 697 04a8 EB050000 		.4byte	.LASF87
 698 04ac 04       		.byte	0x4
 699 04ad 08       		.byte	0x8
 700 04ae 89       		.byte	0x89
 701 04af C0040000 		.4byte	0x4c0
 702 04b3 10       		.uleb128 0x10
 703 04b4 72313300 		.ascii	"r13\000"
 704 04b8 08       		.byte	0x8
 705 04b9 8A       		.byte	0x8a
 706 04ba 01060000 		.4byte	0x601
 707 04be 00       		.byte	0
 708 04bf 00       		.byte	0
 709 04c0 06       		.uleb128 0x6
 710 04c1 34000000 		.4byte	.LASF88
 711 04c5 64       		.byte	0x64
 712 04c6 09       		.byte	0x9
 713 04c7 F4       		.byte	0xf4
 714 04c8 01060000 		.4byte	0x601
 715 04cc 10       		.uleb128 0x10
 716 04cd 73313600 		.ascii	"s16\000"
 717 04d1 09       		.byte	0x9
 718 04d2 F6       		.byte	0xf6
 719 04d3 91040000 		.4byte	0x491
 720 04d7 00       		.byte	0
 721 04d8 10       		.uleb128 0x10
 722 04d9 73313700 		.ascii	"s17\000"
 723 04dd 09       		.byte	0x9
 724 04de F7       		.byte	0xf7
 725 04df 91040000 		.4byte	0x491
 726 04e3 04       		.byte	0x4
 727 04e4 10       		.uleb128 0x10
 728 04e5 73313800 		.ascii	"s18\000"
 729 04e9 09       		.byte	0x9
 730 04ea F8       		.byte	0xf8
 731 04eb 91040000 		.4byte	0x491
 732 04ef 08       		.byte	0x8
 733 04f0 10       		.uleb128 0x10
 734 04f1 73313900 		.ascii	"s19\000"
 735 04f5 09       		.byte	0x9
 736 04f6 F9       		.byte	0xf9
 737 04f7 91040000 		.4byte	0x491
 738 04fb 0C       		.byte	0xc
 739 04fc 10       		.uleb128 0x10
 740 04fd 73323000 		.ascii	"s20\000"
 741 0501 09       		.byte	0x9
ARM GAS  /tmp/ccwUZtBm.s 			page 14


 742 0502 FA       		.byte	0xfa
 743 0503 91040000 		.4byte	0x491
 744 0507 10       		.byte	0x10
 745 0508 10       		.uleb128 0x10
 746 0509 73323100 		.ascii	"s21\000"
 747 050d 09       		.byte	0x9
 748 050e FB       		.byte	0xfb
 749 050f 91040000 		.4byte	0x491
 750 0513 14       		.byte	0x14
 751 0514 10       		.uleb128 0x10
 752 0515 73323200 		.ascii	"s22\000"
 753 0519 09       		.byte	0x9
 754 051a FC       		.byte	0xfc
 755 051b 91040000 		.4byte	0x491
 756 051f 18       		.byte	0x18
 757 0520 10       		.uleb128 0x10
 758 0521 73323300 		.ascii	"s23\000"
 759 0525 09       		.byte	0x9
 760 0526 FD       		.byte	0xfd
 761 0527 91040000 		.4byte	0x491
 762 052b 1C       		.byte	0x1c
 763 052c 10       		.uleb128 0x10
 764 052d 73323400 		.ascii	"s24\000"
 765 0531 09       		.byte	0x9
 766 0532 FE       		.byte	0xfe
 767 0533 91040000 		.4byte	0x491
 768 0537 20       		.byte	0x20
 769 0538 10       		.uleb128 0x10
 770 0539 73323500 		.ascii	"s25\000"
 771 053d 09       		.byte	0x9
 772 053e FF       		.byte	0xff
 773 053f 91040000 		.4byte	0x491
 774 0543 24       		.byte	0x24
 775 0544 08       		.uleb128 0x8
 776 0545 73323600 		.ascii	"s26\000"
 777 0549 09       		.byte	0x9
 778 054a 0001     		.2byte	0x100
 779 054c 91040000 		.4byte	0x491
 780 0550 28       		.byte	0x28
 781 0551 08       		.uleb128 0x8
 782 0552 73323700 		.ascii	"s27\000"
 783 0556 09       		.byte	0x9
 784 0557 0101     		.2byte	0x101
 785 0559 91040000 		.4byte	0x491
 786 055d 2C       		.byte	0x2c
 787 055e 08       		.uleb128 0x8
 788 055f 73323800 		.ascii	"s28\000"
 789 0563 09       		.byte	0x9
 790 0564 0201     		.2byte	0x102
 791 0566 91040000 		.4byte	0x491
 792 056a 30       		.byte	0x30
 793 056b 08       		.uleb128 0x8
 794 056c 73323900 		.ascii	"s29\000"
 795 0570 09       		.byte	0x9
 796 0571 0301     		.2byte	0x103
 797 0573 91040000 		.4byte	0x491
 798 0577 34       		.byte	0x34
ARM GAS  /tmp/ccwUZtBm.s 			page 15


 799 0578 08       		.uleb128 0x8
 800 0579 73333000 		.ascii	"s30\000"
 801 057d 09       		.byte	0x9
 802 057e 0401     		.2byte	0x104
 803 0580 91040000 		.4byte	0x491
 804 0584 38       		.byte	0x38
 805 0585 08       		.uleb128 0x8
 806 0586 73333100 		.ascii	"s31\000"
 807 058a 09       		.byte	0x9
 808 058b 0501     		.2byte	0x105
 809 058d 91040000 		.4byte	0x491
 810 0591 3C       		.byte	0x3c
 811 0592 08       		.uleb128 0x8
 812 0593 723400   		.ascii	"r4\000"
 813 0596 09       		.byte	0x9
 814 0597 0701     		.2byte	0x107
 815 0599 91040000 		.4byte	0x491
 816 059d 40       		.byte	0x40
 817 059e 08       		.uleb128 0x8
 818 059f 723500   		.ascii	"r5\000"
 819 05a2 09       		.byte	0x9
 820 05a3 0801     		.2byte	0x108
 821 05a5 91040000 		.4byte	0x491
 822 05a9 44       		.byte	0x44
 823 05aa 08       		.uleb128 0x8
 824 05ab 723600   		.ascii	"r6\000"
 825 05ae 09       		.byte	0x9
 826 05af 0901     		.2byte	0x109
 827 05b1 91040000 		.4byte	0x491
 828 05b5 48       		.byte	0x48
 829 05b6 08       		.uleb128 0x8
 830 05b7 723700   		.ascii	"r7\000"
 831 05ba 09       		.byte	0x9
 832 05bb 0A01     		.2byte	0x10a
 833 05bd 91040000 		.4byte	0x491
 834 05c1 4C       		.byte	0x4c
 835 05c2 08       		.uleb128 0x8
 836 05c3 723800   		.ascii	"r8\000"
 837 05c6 09       		.byte	0x9
 838 05c7 0B01     		.2byte	0x10b
 839 05c9 91040000 		.4byte	0x491
 840 05cd 50       		.byte	0x50
 841 05ce 08       		.uleb128 0x8
 842 05cf 723900   		.ascii	"r9\000"
 843 05d2 09       		.byte	0x9
 844 05d3 0C01     		.2byte	0x10c
 845 05d5 91040000 		.4byte	0x491
 846 05d9 54       		.byte	0x54
 847 05da 08       		.uleb128 0x8
 848 05db 72313000 		.ascii	"r10\000"
 849 05df 09       		.byte	0x9
 850 05e0 0D01     		.2byte	0x10d
 851 05e2 91040000 		.4byte	0x491
 852 05e6 58       		.byte	0x58
 853 05e7 08       		.uleb128 0x8
 854 05e8 72313100 		.ascii	"r11\000"
 855 05ec 09       		.byte	0x9
ARM GAS  /tmp/ccwUZtBm.s 			page 16


 856 05ed 0E01     		.2byte	0x10e
 857 05ef 91040000 		.4byte	0x491
 858 05f3 5C       		.byte	0x5c
 859 05f4 08       		.uleb128 0x8
 860 05f5 6C7200   		.ascii	"lr\000"
 861 05f8 09       		.byte	0x9
 862 05f9 0F01     		.2byte	0x10f
 863 05fb 91040000 		.4byte	0x491
 864 05ff 60       		.byte	0x60
 865 0600 00       		.byte	0
 866 0601 0A       		.uleb128 0xa
 867 0602 04       		.byte	0x4
 868 0603 C0040000 		.4byte	0x4c0
 869 0607 11       		.uleb128 0x11
 870 0608 04       		.byte	0x4
 871 0609 0A       		.byte	0xa
 872 060a 38       		.byte	0x38
 873 060b 1C060000 		.4byte	0x61c
 874 060f 07       		.uleb128 0x7
 875 0610 D9050000 		.4byte	.LASF89
 876 0614 0A       		.byte	0xa
 877 0615 3C       		.byte	0x3c
 878 0616 EE000000 		.4byte	0xee
 879 061a 00       		.byte	0
 880 061b 00       		.byte	0
 881 061c 04       		.uleb128 0x4
 882 061d D2020000 		.4byte	.LASF90
 883 0621 0A       		.byte	0xa
 884 0622 3D       		.byte	0x3d
 885 0623 07060000 		.4byte	0x607
 886 0627 12       		.uleb128 0x12
 887 0628 04       		.byte	0x4
 888 0629 07       		.byte	0x7
 889 062a FA       		.byte	0xfa
 890 062b 84060000 		.4byte	0x684
 891 062f 13       		.uleb128 0x13
 892 0630 13000000 		.4byte	.LASF91
 893 0634 07       		.byte	0x7
 894 0635 0101     		.2byte	0x101
 895 0637 30010000 		.4byte	0x130
 896 063b 13       		.uleb128 0x13
 897 063c 7F000000 		.4byte	.LASF92
 898 0640 07       		.byte	0x7
 899 0641 0801     		.2byte	0x108
 900 0643 30010000 		.4byte	0x130
 901 0647 13       		.uleb128 0x13
 902 0648 5B060000 		.4byte	.LASF93
 903 064c 07       		.byte	0x7
 904 064d 0F01     		.2byte	0x10f
 905 064f 54030000 		.4byte	0x354
 906 0653 13       		.uleb128 0x13
 907 0654 0D000000 		.4byte	.LASF94
 908 0658 07       		.byte	0x7
 909 0659 1601     		.2byte	0x116
 910 065b 84060000 		.4byte	0x684
 911 065f 13       		.uleb128 0x13
 912 0660 DB010000 		.4byte	.LASF95
ARM GAS  /tmp/ccwUZtBm.s 			page 17


 913 0664 07       		.byte	0x7
 914 0665 1E01     		.2byte	0x11e
 915 0667 AF060000 		.4byte	0x6af
 916 066b 13       		.uleb128 0x13
 917 066c 2A040000 		.4byte	.LASF96
 918 0670 07       		.byte	0x7
 919 0671 2701     		.2byte	0x127
 920 0673 E6060000 		.4byte	0x6e6
 921 0677 13       		.uleb128 0x13
 922 0678 94030000 		.4byte	.LASF97
 923 067c 07       		.byte	0x7
 924 067d 2F01     		.2byte	0x12f
 925 067f 3B010000 		.4byte	0x13b
 926 0683 00       		.byte	0
 927 0684 0A       		.uleb128 0xa
 928 0685 04       		.byte	0x4
 929 0686 6C020000 		.4byte	0x26c
 930 068a 06       		.uleb128 0x6
 931 068b 09040000 		.4byte	.LASF98
 932 068f 0C       		.byte	0xc
 933 0690 0B       		.byte	0xb
 934 0691 34       		.byte	0x34
 935 0692 AF060000 		.4byte	0x6af
 936 0696 07       		.uleb128 0x7
 937 0697 67010000 		.4byte	.LASF99
 938 069b 0B       		.byte	0xb
 939 069c 35       		.byte	0x35
 940 069d A1020000 		.4byte	0x2a1
 941 06a1 00       		.byte	0
 942 06a2 07       		.uleb128 0x7
 943 06a3 FB010000 		.4byte	.LASF100
 944 06a7 0B       		.byte	0xb
 945 06a8 37       		.byte	0x37
 946 06a9 46010000 		.4byte	0x146
 947 06ad 08       		.byte	0x8
 948 06ae 00       		.byte	0
 949 06af 0A       		.uleb128 0xa
 950 06b0 04       		.byte	0x4
 951 06b1 8A060000 		.4byte	0x68a
 952 06b5 06       		.uleb128 0x6
 953 06b6 34060000 		.4byte	.LASF101
 954 06ba 10       		.byte	0x10
 955 06bb 0C       		.byte	0xc
 956 06bc 39       		.byte	0x39
 957 06bd E6060000 		.4byte	0x6e6
 958 06c1 07       		.uleb128 0x7
 959 06c2 2F010000 		.4byte	.LASF102
 960 06c6 0C       		.byte	0xc
 961 06c7 3A       		.byte	0x3a
 962 06c8 A1020000 		.4byte	0x2a1
 963 06cc 00       		.byte	0
 964 06cd 07       		.uleb128 0x7
 965 06ce 83060000 		.4byte	.LASF103
 966 06d2 0C       		.byte	0xc
 967 06d3 3C       		.byte	0x3c
 968 06d4 77020000 		.4byte	0x277
 969 06d8 08       		.byte	0x8
ARM GAS  /tmp/ccwUZtBm.s 			page 18


 970 06d9 07       		.uleb128 0x7
 971 06da 9F050000 		.4byte	.LASF104
 972 06de 0C       		.byte	0xc
 973 06df 3E       		.byte	0x3e
 974 06e0 29070000 		.4byte	0x729
 975 06e4 0C       		.byte	0xc
 976 06e5 00       		.byte	0
 977 06e6 0A       		.uleb128 0xa
 978 06e7 04       		.byte	0x4
 979 06e8 B5060000 		.4byte	0x6b5
 980 06ec 0A       		.uleb128 0xa
 981 06ed 04       		.byte	0x4
 982 06ee F2060000 		.4byte	0x6f2
 983 06f2 14       		.uleb128 0x14
 984 06f3 F7060000 		.4byte	0x6f7
 985 06f7 03       		.uleb128 0x3
 986 06f8 01       		.byte	0x1
 987 06f9 08       		.byte	0x8
 988 06fa 5B040000 		.4byte	.LASF105
 989 06fe 05       		.uleb128 0x5
 990 06ff 51010000 		.4byte	0x151
 991 0703 0A       		.uleb128 0xa
 992 0704 04       		.byte	0x4
 993 0705 56030000 		.4byte	0x356
 994 0709 05       		.uleb128 0x5
 995 070a EC060000 		.4byte	0x6ec
 996 070e 15       		.uleb128 0x15
 997 070f 9C040000 		.4byte	0x49c
 998 0713 1E070000 		.4byte	0x71e
 999 0717 16       		.uleb128 0x16
 1000 0718 8A040000 		.4byte	0x48a
 1001 071c 3A       		.byte	0x3a
 1002 071d 00       		.byte	0
 1003 071e 04       		.uleb128 0x4
 1004 071f A2010000 		.4byte	.LASF106
 1005 0723 0C       		.byte	0xc
 1006 0724 34       		.byte	0x34
 1007 0725 B5060000 		.4byte	0x6b5
 1008 0729 0A       		.uleb128 0xa
 1009 072a 04       		.byte	0x4
 1010 072b 1E070000 		.4byte	0x71e
 1011 072f 03       		.uleb128 0x3
 1012 0730 01       		.byte	0x1
 1013 0731 02       		.byte	0x2
 1014 0732 4B030000 		.4byte	.LASF107
 1015 0736 11       		.uleb128 0x11
 1016 0737 04       		.byte	0x4
 1017 0738 0D       		.byte	0xd
 1018 0739 B3       		.byte	0xb3
 1019 073a 57070000 		.4byte	0x757
 1020 073e 10       		.uleb128 0x10
 1021 073f 73657400 		.ascii	"set\000"
 1022 0743 0D       		.byte	0xd
 1023 0744 B4       		.byte	0xb4
 1024 0745 AD000000 		.4byte	0xad
 1025 0749 00       		.byte	0
 1026 074a 07       		.uleb128 0x7
ARM GAS  /tmp/ccwUZtBm.s 			page 19


 1027 074b BE020000 		.4byte	.LASF108
 1028 074f 0D       		.byte	0xd
 1029 0750 B5       		.byte	0xb5
 1030 0751 AD000000 		.4byte	0xad
 1031 0755 02       		.byte	0x2
 1032 0756 00       		.byte	0
 1033 0757 12       		.uleb128 0x12
 1034 0758 04       		.byte	0x4
 1035 0759 0D       		.byte	0xd
 1036 075a B1       		.byte	0xb1
 1037 075b 72070000 		.4byte	0x772
 1038 075f 17       		.uleb128 0x17
 1039 0760 5700     		.ascii	"W\000"
 1040 0762 0D       		.byte	0xd
 1041 0763 B2       		.byte	0xb2
 1042 0764 C3000000 		.4byte	0xc3
 1043 0768 17       		.uleb128 0x17
 1044 0769 4800     		.ascii	"H\000"
 1045 076b 0D       		.byte	0xd
 1046 076c B6       		.byte	0xb6
 1047 076d 36070000 		.4byte	0x736
 1048 0771 00       		.byte	0
 1049 0772 11       		.uleb128 0x11
 1050 0773 2C       		.byte	0x2c
 1051 0774 0D       		.byte	0xd
 1052 0775 A9       		.byte	0xa9
 1053 0776 FF070000 		.4byte	0x7ff
 1054 077a 07       		.uleb128 0x7
 1055 077b 5C000000 		.4byte	.LASF109
 1056 077f 0D       		.byte	0xd
 1057 0780 AB       		.byte	0xab
 1058 0781 E9000000 		.4byte	0xe9
 1059 0785 00       		.byte	0
 1060 0786 07       		.uleb128 0x7
 1061 0787 2D000000 		.4byte	.LASF110
 1062 078b 0D       		.byte	0xd
 1063 078c AC       		.byte	0xac
 1064 078d E9000000 		.4byte	0xe9
 1065 0791 04       		.byte	0x4
 1066 0792 07       		.uleb128 0x7
 1067 0793 6F010000 		.4byte	.LASF111
 1068 0797 0D       		.byte	0xd
 1069 0798 AD       		.byte	0xad
 1070 0799 E9000000 		.4byte	0xe9
 1071 079d 08       		.byte	0x8
 1072 079e 07       		.uleb128 0x7
 1073 079f 79000000 		.4byte	.LASF112
 1074 07a3 0D       		.byte	0xd
 1075 07a4 AE       		.byte	0xae
 1076 07a5 E9000000 		.4byte	0xe9
 1077 07a9 0C       		.byte	0xc
 1078 07aa 10       		.uleb128 0x10
 1079 07ab 49445200 		.ascii	"IDR\000"
 1080 07af 0D       		.byte	0xd
 1081 07b0 AF       		.byte	0xaf
 1082 07b1 E9000000 		.4byte	0xe9
 1083 07b5 10       		.byte	0x10
ARM GAS  /tmp/ccwUZtBm.s 			page 20


 1084 07b6 10       		.uleb128 0x10
 1085 07b7 4F445200 		.ascii	"ODR\000"
 1086 07bb 0D       		.byte	0xd
 1087 07bc B0       		.byte	0xb0
 1088 07bd E9000000 		.4byte	0xe9
 1089 07c1 14       		.byte	0x14
 1090 07c2 07       		.uleb128 0x7
 1091 07c3 E8000000 		.4byte	.LASF113
 1092 07c7 0D       		.byte	0xd
 1093 07c8 B7       		.byte	0xb7
 1094 07c9 FF070000 		.4byte	0x7ff
 1095 07cd 18       		.byte	0x18
 1096 07ce 07       		.uleb128 0x7
 1097 07cf F6010000 		.4byte	.LASF114
 1098 07d3 0D       		.byte	0xd
 1099 07d4 B8       		.byte	0xb8
 1100 07d5 E9000000 		.4byte	0xe9
 1101 07d9 1C       		.byte	0x1c
 1102 07da 07       		.uleb128 0x7
 1103 07db 0F030000 		.4byte	.LASF115
 1104 07df 0D       		.byte	0xd
 1105 07e0 B9       		.byte	0xb9
 1106 07e1 E9000000 		.4byte	0xe9
 1107 07e5 20       		.byte	0x20
 1108 07e6 07       		.uleb128 0x7
 1109 07e7 FC020000 		.4byte	.LASF116
 1110 07eb 0D       		.byte	0xd
 1111 07ec BA       		.byte	0xba
 1112 07ed E9000000 		.4byte	0xe9
 1113 07f1 24       		.byte	0x24
 1114 07f2 10       		.uleb128 0x10
 1115 07f3 42525200 		.ascii	"BRR\000"
 1116 07f7 0D       		.byte	0xd
 1117 07f8 BB       		.byte	0xbb
 1118 07f9 E9000000 		.4byte	0xe9
 1119 07fd 28       		.byte	0x28
 1120 07fe 00       		.byte	0
 1121 07ff 05       		.uleb128 0x5
 1122 0800 57070000 		.4byte	0x757
 1123 0804 04       		.uleb128 0x4
 1124 0805 95010000 		.4byte	.LASF117
 1125 0809 0D       		.byte	0xd
 1126 080a BC       		.byte	0xbc
 1127 080b 72070000 		.4byte	0x772
 1128 080f 18       		.uleb128 0x18
 1129 0810 4F000000 		.4byte	.LASF118
 1130 0814 0D       		.byte	0xd
 1131 0815 0E01     		.2byte	0x10e
 1132 0817 C3000000 		.4byte	0xc3
 1133 081b 18       		.uleb128 0x18
 1134 081c 7A060000 		.4byte	.LASF119
 1135 0820 0D       		.byte	0xd
 1136 0821 1301     		.2byte	0x113
 1137 0823 C3000000 		.4byte	0xc3
 1138 0827 18       		.uleb128 0x18
 1139 0828 E0050000 		.4byte	.LASF120
 1140 082c 0D       		.byte	0xd
ARM GAS  /tmp/ccwUZtBm.s 			page 21


 1141 082d 1B01     		.2byte	0x11b
 1142 082f 33080000 		.4byte	0x833
 1143 0833 0A       		.uleb128 0xa
 1144 0834 04       		.byte	0x4
 1145 0835 04080000 		.4byte	0x804
 1146 0839 11       		.uleb128 0x11
 1147 083a 0C       		.byte	0xc
 1148 083b 0E       		.byte	0xe
 1149 083c 7A       		.byte	0x7a
 1150 083d 66080000 		.4byte	0x866
 1151 0841 07       		.uleb128 0x7
 1152 0842 F5020000 		.4byte	.LASF121
 1153 0846 0E       		.byte	0xe
 1154 0847 7E       		.byte	0x7e
 1155 0848 27080000 		.4byte	0x827
 1156 084c 00       		.byte	0
 1157 084d 07       		.uleb128 0x7
 1158 084e 7F010000 		.4byte	.LASF122
 1159 0852 0E       		.byte	0xe
 1160 0853 84       		.byte	0x84
 1161 0854 0F080000 		.4byte	0x80f
 1162 0858 04       		.byte	0x4
 1163 0859 07       		.uleb128 0x7
 1164 085a D9050000 		.4byte	.LASF89
 1165 085e 0E       		.byte	0xe
 1166 085f 88       		.byte	0x88
 1167 0860 D9000000 		.4byte	0xd9
 1168 0864 08       		.byte	0x8
 1169 0865 00       		.byte	0
 1170 0866 04       		.uleb128 0x4
 1171 0867 AA010000 		.4byte	.LASF123
 1172 086b 0E       		.byte	0xe
 1173 086c 89       		.byte	0x89
 1174 086d 39080000 		.4byte	0x839
 1175 0871 19       		.uleb128 0x19
 1176 0872 65040000 		.4byte	.LASF133
 1177 0876 01       		.byte	0x1
 1178 0877 41       		.byte	0x41
 1179 0878 0F080000 		.4byte	0x80f
 1180 087c 00000000 		.4byte	.LFB256
 1181 0880 10000000 		.4byte	.LFE256-.LFB256
 1182 0884 01       		.uleb128 0x1
 1183 0885 9C       		.byte	0x9c
 1184 0886 A3080000 		.4byte	0x8a3
 1185 088a 1A       		.uleb128 0x1a
 1186 088b 62757300 		.ascii	"bus\000"
 1187 088f 01       		.byte	0x1
 1188 0890 41       		.byte	0x41
 1189 0891 A3080000 		.4byte	0x8a3
 1190 0895 00000000 		.4byte	.LLST0
 1191 0899 1B       		.uleb128 0x1b
 1192 089a B7030000 		.4byte	.LASF125
 1193 089e B9080000 		.4byte	0x8b9
 1194 08a2 00       		.byte	0
 1195 08a3 0A       		.uleb128 0xa
 1196 08a4 04       		.byte	0x4
 1197 08a5 66080000 		.4byte	0x866
ARM GAS  /tmp/ccwUZtBm.s 			page 22


 1198 08a9 15       		.uleb128 0x15
 1199 08aa F7060000 		.4byte	0x6f7
 1200 08ae B9080000 		.4byte	0x8b9
 1201 08b2 16       		.uleb128 0x16
 1202 08b3 8A040000 		.4byte	0x48a
 1203 08b7 0A       		.byte	0xa
 1204 08b8 00       		.byte	0
 1205 08b9 14       		.uleb128 0x14
 1206 08ba A9080000 		.4byte	0x8a9
 1207 08be 1C       		.uleb128 0x1c
 1208 08bf 18060000 		.4byte	.LASF126
 1209 08c3 01       		.byte	0x1
 1210 08c4 5A       		.byte	0x5a
 1211 08c5 00000000 		.4byte	.LFB257
 1212 08c9 1E000000 		.4byte	.LFE257-.LFB257
 1213 08cd 01       		.uleb128 0x1
 1214 08ce 9C       		.byte	0x9c
 1215 08cf FB080000 		.4byte	0x8fb
 1216 08d3 1A       		.uleb128 0x1a
 1217 08d4 62757300 		.ascii	"bus\000"
 1218 08d8 01       		.byte	0x1
 1219 08d9 5A       		.byte	0x5a
 1220 08da A3080000 		.4byte	0x8a3
 1221 08de 21000000 		.4byte	.LLST1
 1222 08e2 1D       		.uleb128 0x1d
 1223 08e3 48010000 		.4byte	.LASF124
 1224 08e7 01       		.byte	0x1
 1225 08e8 5A       		.byte	0x5a
 1226 08e9 0F080000 		.4byte	0x80f
 1227 08ed 42000000 		.4byte	.LLST2
 1228 08f1 1B       		.uleb128 0x1b
 1229 08f2 B7030000 		.4byte	.LASF125
 1230 08f6 0B090000 		.4byte	0x90b
 1231 08fa 00       		.byte	0
 1232 08fb 15       		.uleb128 0x15
 1233 08fc F7060000 		.4byte	0x6f7
 1234 0900 0B090000 		.4byte	0x90b
 1235 0904 16       		.uleb128 0x16
 1236 0905 8A040000 		.4byte	0x48a
 1237 0909 0B       		.byte	0xb
 1238 090a 00       		.byte	0
 1239 090b 14       		.uleb128 0x14
 1240 090c FB080000 		.4byte	0x8fb
 1241 0910 1C       		.uleb128 0x1c
 1242 0911 01030000 		.4byte	.LASF127
 1243 0915 01       		.byte	0x1
 1244 0916 71       		.byte	0x71
 1245 0917 00000000 		.4byte	.LFB258
 1246 091b 0A000000 		.4byte	.LFE258-.LFB258
 1247 091f 01       		.uleb128 0x1
 1248 0920 9C       		.byte	0x9c
 1249 0921 5E090000 		.4byte	0x95e
 1250 0925 1A       		.uleb128 0x1a
 1251 0926 62757300 		.ascii	"bus\000"
 1252 092a 01       		.byte	0x1
 1253 092b 71       		.byte	0x71
 1254 092c A3080000 		.4byte	0x8a3
ARM GAS  /tmp/ccwUZtBm.s 			page 23


 1255 0930 63000000 		.4byte	.LLST3
 1256 0934 1D       		.uleb128 0x1d
 1257 0935 60040000 		.4byte	.LASF128
 1258 0939 01       		.byte	0x1
 1259 093a 71       		.byte	0x71
 1260 093b 1B080000 		.4byte	0x81b
 1261 093f 84000000 		.4byte	.LLST4
 1262 0943 1B       		.uleb128 0x1b
 1263 0944 B7030000 		.4byte	.LASF125
 1264 0948 6E090000 		.4byte	0x96e
 1265 094c 1E       		.uleb128 0x1e
 1266 094d 0A000000 		.4byte	.LVL7
 1267 0951 8A090000 		.4byte	0x98a
 1268 0955 1F       		.uleb128 0x1f
 1269 0956 01       		.uleb128 0x1
 1270 0957 52       		.byte	0x52
 1271 0958 03       		.uleb128 0x3
 1272 0959 F3       		.byte	0xf3
 1273 095a 01       		.uleb128 0x1
 1274 095b 51       		.byte	0x51
 1275 095c 00       		.byte	0
 1276 095d 00       		.byte	0
 1277 095e 15       		.uleb128 0x15
 1278 095f F7060000 		.4byte	0x6f7
 1279 0963 6E090000 		.4byte	0x96e
 1280 0967 16       		.uleb128 0x16
 1281 0968 8A040000 		.4byte	0x48a
 1282 096c 0D       		.byte	0xd
 1283 096d 00       		.byte	0
 1284 096e 14       		.uleb128 0x14
 1285 096f 5E090000 		.4byte	0x95e
 1286 0973 20       		.uleb128 0x20
 1287 0974 A9000000 		.4byte	.LASF129
 1288 0978 0F       		.byte	0xf
 1289 0979 A706     		.2byte	0x6a7
 1290 097b E4000000 		.4byte	0xe4
 1291 097f 21       		.uleb128 0x21
 1292 0980 636800   		.ascii	"ch\000"
 1293 0983 07       		.byte	0x7
 1294 0984 0902     		.2byte	0x209
 1295 0986 23040000 		.4byte	0x423
 1296 098a 22       		.uleb128 0x22
 1297 098b F3050000 		.4byte	.LASF134
 1298 098f 0D       		.byte	0xd
 1299 0990 E001     		.2byte	0x1e0
 1300 0992 0D       		.uleb128 0xd
 1301 0993 27080000 		.4byte	0x827
 1302 0997 0D       		.uleb128 0xd
 1303 0998 0F080000 		.4byte	0x80f
 1304 099c 0D       		.uleb128 0xd
 1305 099d 1B080000 		.4byte	0x81b
 1306 09a1 00       		.byte	0
 1307 09a2 00       		.byte	0
 1308              		.section	.debug_abbrev,"",%progbits
 1309              	.Ldebug_abbrev0:
 1310 0000 01       		.uleb128 0x1
 1311 0001 11       		.uleb128 0x11
ARM GAS  /tmp/ccwUZtBm.s 			page 24


 1312 0002 01       		.byte	0x1
 1313 0003 25       		.uleb128 0x25
 1314 0004 0E       		.uleb128 0xe
 1315 0005 13       		.uleb128 0x13
 1316 0006 0B       		.uleb128 0xb
 1317 0007 03       		.uleb128 0x3
 1318 0008 0E       		.uleb128 0xe
 1319 0009 1B       		.uleb128 0x1b
 1320 000a 0E       		.uleb128 0xe
 1321 000b 55       		.uleb128 0x55
 1322 000c 17       		.uleb128 0x17
 1323 000d 11       		.uleb128 0x11
 1324 000e 01       		.uleb128 0x1
 1325 000f 10       		.uleb128 0x10
 1326 0010 17       		.uleb128 0x17
 1327 0011 00       		.byte	0
 1328 0012 00       		.byte	0
 1329 0013 02       		.uleb128 0x2
 1330 0014 24       		.uleb128 0x24
 1331 0015 00       		.byte	0
 1332 0016 0B       		.uleb128 0xb
 1333 0017 0B       		.uleb128 0xb
 1334 0018 3E       		.uleb128 0x3e
 1335 0019 0B       		.uleb128 0xb
 1336 001a 03       		.uleb128 0x3
 1337 001b 08       		.uleb128 0x8
 1338 001c 00       		.byte	0
 1339 001d 00       		.byte	0
 1340 001e 03       		.uleb128 0x3
 1341 001f 24       		.uleb128 0x24
 1342 0020 00       		.byte	0
 1343 0021 0B       		.uleb128 0xb
 1344 0022 0B       		.uleb128 0xb
 1345 0023 3E       		.uleb128 0x3e
 1346 0024 0B       		.uleb128 0xb
 1347 0025 03       		.uleb128 0x3
 1348 0026 0E       		.uleb128 0xe
 1349 0027 00       		.byte	0
 1350 0028 00       		.byte	0
 1351 0029 04       		.uleb128 0x4
 1352 002a 16       		.uleb128 0x16
 1353 002b 00       		.byte	0
 1354 002c 03       		.uleb128 0x3
 1355 002d 0E       		.uleb128 0xe
 1356 002e 3A       		.uleb128 0x3a
 1357 002f 0B       		.uleb128 0xb
 1358 0030 3B       		.uleb128 0x3b
 1359 0031 0B       		.uleb128 0xb
 1360 0032 49       		.uleb128 0x49
 1361 0033 13       		.uleb128 0x13
 1362 0034 00       		.byte	0
 1363 0035 00       		.byte	0
 1364 0036 05       		.uleb128 0x5
 1365 0037 35       		.uleb128 0x35
 1366 0038 00       		.byte	0
 1367 0039 49       		.uleb128 0x49
 1368 003a 13       		.uleb128 0x13
ARM GAS  /tmp/ccwUZtBm.s 			page 25


 1369 003b 00       		.byte	0
 1370 003c 00       		.byte	0
 1371 003d 06       		.uleb128 0x6
 1372 003e 13       		.uleb128 0x13
 1373 003f 01       		.byte	0x1
 1374 0040 03       		.uleb128 0x3
 1375 0041 0E       		.uleb128 0xe
 1376 0042 0B       		.uleb128 0xb
 1377 0043 0B       		.uleb128 0xb
 1378 0044 3A       		.uleb128 0x3a
 1379 0045 0B       		.uleb128 0xb
 1380 0046 3B       		.uleb128 0x3b
 1381 0047 0B       		.uleb128 0xb
 1382 0048 01       		.uleb128 0x1
 1383 0049 13       		.uleb128 0x13
 1384 004a 00       		.byte	0
 1385 004b 00       		.byte	0
 1386 004c 07       		.uleb128 0x7
 1387 004d 0D       		.uleb128 0xd
 1388 004e 00       		.byte	0
 1389 004f 03       		.uleb128 0x3
 1390 0050 0E       		.uleb128 0xe
 1391 0051 3A       		.uleb128 0x3a
 1392 0052 0B       		.uleb128 0xb
 1393 0053 3B       		.uleb128 0x3b
 1394 0054 0B       		.uleb128 0xb
 1395 0055 49       		.uleb128 0x49
 1396 0056 13       		.uleb128 0x13
 1397 0057 38       		.uleb128 0x38
 1398 0058 0B       		.uleb128 0xb
 1399 0059 00       		.byte	0
 1400 005a 00       		.byte	0
 1401 005b 08       		.uleb128 0x8
 1402 005c 0D       		.uleb128 0xd
 1403 005d 00       		.byte	0
 1404 005e 03       		.uleb128 0x3
 1405 005f 08       		.uleb128 0x8
 1406 0060 3A       		.uleb128 0x3a
 1407 0061 0B       		.uleb128 0xb
 1408 0062 3B       		.uleb128 0x3b
 1409 0063 05       		.uleb128 0x5
 1410 0064 49       		.uleb128 0x49
 1411 0065 13       		.uleb128 0x13
 1412 0066 38       		.uleb128 0x38
 1413 0067 0B       		.uleb128 0xb
 1414 0068 00       		.byte	0
 1415 0069 00       		.byte	0
 1416 006a 09       		.uleb128 0x9
 1417 006b 0D       		.uleb128 0xd
 1418 006c 00       		.byte	0
 1419 006d 03       		.uleb128 0x3
 1420 006e 0E       		.uleb128 0xe
 1421 006f 3A       		.uleb128 0x3a
 1422 0070 0B       		.uleb128 0xb
 1423 0071 3B       		.uleb128 0x3b
 1424 0072 05       		.uleb128 0x5
 1425 0073 49       		.uleb128 0x49
ARM GAS  /tmp/ccwUZtBm.s 			page 26


 1426 0074 13       		.uleb128 0x13
 1427 0075 38       		.uleb128 0x38
 1428 0076 0B       		.uleb128 0xb
 1429 0077 00       		.byte	0
 1430 0078 00       		.byte	0
 1431 0079 0A       		.uleb128 0xa
 1432 007a 0F       		.uleb128 0xf
 1433 007b 00       		.byte	0
 1434 007c 0B       		.uleb128 0xb
 1435 007d 0B       		.uleb128 0xb
 1436 007e 49       		.uleb128 0x49
 1437 007f 13       		.uleb128 0x13
 1438 0080 00       		.byte	0
 1439 0081 00       		.byte	0
 1440 0082 0B       		.uleb128 0xb
 1441 0083 13       		.uleb128 0x13
 1442 0084 01       		.byte	0x1
 1443 0085 03       		.uleb128 0x3
 1444 0086 0E       		.uleb128 0xe
 1445 0087 0B       		.uleb128 0xb
 1446 0088 0B       		.uleb128 0xb
 1447 0089 3A       		.uleb128 0x3a
 1448 008a 0B       		.uleb128 0xb
 1449 008b 3B       		.uleb128 0x3b
 1450 008c 05       		.uleb128 0x5
 1451 008d 01       		.uleb128 0x1
 1452 008e 13       		.uleb128 0x13
 1453 008f 00       		.byte	0
 1454 0090 00       		.byte	0
 1455 0091 0C       		.uleb128 0xc
 1456 0092 15       		.uleb128 0x15
 1457 0093 01       		.byte	0x1
 1458 0094 27       		.uleb128 0x27
 1459 0095 19       		.uleb128 0x19
 1460 0096 01       		.uleb128 0x1
 1461 0097 13       		.uleb128 0x13
 1462 0098 00       		.byte	0
 1463 0099 00       		.byte	0
 1464 009a 0D       		.uleb128 0xd
 1465 009b 05       		.uleb128 0x5
 1466 009c 00       		.byte	0
 1467 009d 49       		.uleb128 0x49
 1468 009e 13       		.uleb128 0x13
 1469 009f 00       		.byte	0
 1470 00a0 00       		.byte	0
 1471 00a1 0E       		.uleb128 0xe
 1472 00a2 0F       		.uleb128 0xf
 1473 00a3 00       		.byte	0
 1474 00a4 0B       		.uleb128 0xb
 1475 00a5 0B       		.uleb128 0xb
 1476 00a6 00       		.byte	0
 1477 00a7 00       		.byte	0
 1478 00a8 0F       		.uleb128 0xf
 1479 00a9 13       		.uleb128 0x13
 1480 00aa 01       		.byte	0x1
 1481 00ab 03       		.uleb128 0x3
 1482 00ac 0E       		.uleb128 0xe
ARM GAS  /tmp/ccwUZtBm.s 			page 27


 1483 00ad 0B       		.uleb128 0xb
 1484 00ae 05       		.uleb128 0x5
 1485 00af 3A       		.uleb128 0x3a
 1486 00b0 0B       		.uleb128 0xb
 1487 00b1 3B       		.uleb128 0x3b
 1488 00b2 05       		.uleb128 0x5
 1489 00b3 01       		.uleb128 0x1
 1490 00b4 13       		.uleb128 0x13
 1491 00b5 00       		.byte	0
 1492 00b6 00       		.byte	0
 1493 00b7 10       		.uleb128 0x10
 1494 00b8 0D       		.uleb128 0xd
 1495 00b9 00       		.byte	0
 1496 00ba 03       		.uleb128 0x3
 1497 00bb 08       		.uleb128 0x8
 1498 00bc 3A       		.uleb128 0x3a
 1499 00bd 0B       		.uleb128 0xb
 1500 00be 3B       		.uleb128 0x3b
 1501 00bf 0B       		.uleb128 0xb
 1502 00c0 49       		.uleb128 0x49
 1503 00c1 13       		.uleb128 0x13
 1504 00c2 38       		.uleb128 0x38
 1505 00c3 0B       		.uleb128 0xb
 1506 00c4 00       		.byte	0
 1507 00c5 00       		.byte	0
 1508 00c6 11       		.uleb128 0x11
 1509 00c7 13       		.uleb128 0x13
 1510 00c8 01       		.byte	0x1
 1511 00c9 0B       		.uleb128 0xb
 1512 00ca 0B       		.uleb128 0xb
 1513 00cb 3A       		.uleb128 0x3a
 1514 00cc 0B       		.uleb128 0xb
 1515 00cd 3B       		.uleb128 0x3b
 1516 00ce 0B       		.uleb128 0xb
 1517 00cf 01       		.uleb128 0x1
 1518 00d0 13       		.uleb128 0x13
 1519 00d1 00       		.byte	0
 1520 00d2 00       		.byte	0
 1521 00d3 12       		.uleb128 0x12
 1522 00d4 17       		.uleb128 0x17
 1523 00d5 01       		.byte	0x1
 1524 00d6 0B       		.uleb128 0xb
 1525 00d7 0B       		.uleb128 0xb
 1526 00d8 3A       		.uleb128 0x3a
 1527 00d9 0B       		.uleb128 0xb
 1528 00da 3B       		.uleb128 0x3b
 1529 00db 0B       		.uleb128 0xb
 1530 00dc 01       		.uleb128 0x1
 1531 00dd 13       		.uleb128 0x13
 1532 00de 00       		.byte	0
 1533 00df 00       		.byte	0
 1534 00e0 13       		.uleb128 0x13
 1535 00e1 0D       		.uleb128 0xd
 1536 00e2 00       		.byte	0
 1537 00e3 03       		.uleb128 0x3
 1538 00e4 0E       		.uleb128 0xe
 1539 00e5 3A       		.uleb128 0x3a
ARM GAS  /tmp/ccwUZtBm.s 			page 28


 1540 00e6 0B       		.uleb128 0xb
 1541 00e7 3B       		.uleb128 0x3b
 1542 00e8 05       		.uleb128 0x5
 1543 00e9 49       		.uleb128 0x49
 1544 00ea 13       		.uleb128 0x13
 1545 00eb 00       		.byte	0
 1546 00ec 00       		.byte	0
 1547 00ed 14       		.uleb128 0x14
 1548 00ee 26       		.uleb128 0x26
 1549 00ef 00       		.byte	0
 1550 00f0 49       		.uleb128 0x49
 1551 00f1 13       		.uleb128 0x13
 1552 00f2 00       		.byte	0
 1553 00f3 00       		.byte	0
 1554 00f4 15       		.uleb128 0x15
 1555 00f5 01       		.uleb128 0x1
 1556 00f6 01       		.byte	0x1
 1557 00f7 49       		.uleb128 0x49
 1558 00f8 13       		.uleb128 0x13
 1559 00f9 01       		.uleb128 0x1
 1560 00fa 13       		.uleb128 0x13
 1561 00fb 00       		.byte	0
 1562 00fc 00       		.byte	0
 1563 00fd 16       		.uleb128 0x16
 1564 00fe 21       		.uleb128 0x21
 1565 00ff 00       		.byte	0
 1566 0100 49       		.uleb128 0x49
 1567 0101 13       		.uleb128 0x13
 1568 0102 2F       		.uleb128 0x2f
 1569 0103 0B       		.uleb128 0xb
 1570 0104 00       		.byte	0
 1571 0105 00       		.byte	0
 1572 0106 17       		.uleb128 0x17
 1573 0107 0D       		.uleb128 0xd
 1574 0108 00       		.byte	0
 1575 0109 03       		.uleb128 0x3
 1576 010a 08       		.uleb128 0x8
 1577 010b 3A       		.uleb128 0x3a
 1578 010c 0B       		.uleb128 0xb
 1579 010d 3B       		.uleb128 0x3b
 1580 010e 0B       		.uleb128 0xb
 1581 010f 49       		.uleb128 0x49
 1582 0110 13       		.uleb128 0x13
 1583 0111 00       		.byte	0
 1584 0112 00       		.byte	0
 1585 0113 18       		.uleb128 0x18
 1586 0114 16       		.uleb128 0x16
 1587 0115 00       		.byte	0
 1588 0116 03       		.uleb128 0x3
 1589 0117 0E       		.uleb128 0xe
 1590 0118 3A       		.uleb128 0x3a
 1591 0119 0B       		.uleb128 0xb
 1592 011a 3B       		.uleb128 0x3b
 1593 011b 05       		.uleb128 0x5
 1594 011c 49       		.uleb128 0x49
 1595 011d 13       		.uleb128 0x13
 1596 011e 00       		.byte	0
ARM GAS  /tmp/ccwUZtBm.s 			page 29


 1597 011f 00       		.byte	0
 1598 0120 19       		.uleb128 0x19
 1599 0121 2E       		.uleb128 0x2e
 1600 0122 01       		.byte	0x1
 1601 0123 3F       		.uleb128 0x3f
 1602 0124 19       		.uleb128 0x19
 1603 0125 03       		.uleb128 0x3
 1604 0126 0E       		.uleb128 0xe
 1605 0127 3A       		.uleb128 0x3a
 1606 0128 0B       		.uleb128 0xb
 1607 0129 3B       		.uleb128 0x3b
 1608 012a 0B       		.uleb128 0xb
 1609 012b 27       		.uleb128 0x27
 1610 012c 19       		.uleb128 0x19
 1611 012d 49       		.uleb128 0x49
 1612 012e 13       		.uleb128 0x13
 1613 012f 11       		.uleb128 0x11
 1614 0130 01       		.uleb128 0x1
 1615 0131 12       		.uleb128 0x12
 1616 0132 06       		.uleb128 0x6
 1617 0133 40       		.uleb128 0x40
 1618 0134 18       		.uleb128 0x18
 1619 0135 9742     		.uleb128 0x2117
 1620 0137 19       		.uleb128 0x19
 1621 0138 01       		.uleb128 0x1
 1622 0139 13       		.uleb128 0x13
 1623 013a 00       		.byte	0
 1624 013b 00       		.byte	0
 1625 013c 1A       		.uleb128 0x1a
 1626 013d 05       		.uleb128 0x5
 1627 013e 00       		.byte	0
 1628 013f 03       		.uleb128 0x3
 1629 0140 08       		.uleb128 0x8
 1630 0141 3A       		.uleb128 0x3a
 1631 0142 0B       		.uleb128 0xb
 1632 0143 3B       		.uleb128 0x3b
 1633 0144 0B       		.uleb128 0xb
 1634 0145 49       		.uleb128 0x49
 1635 0146 13       		.uleb128 0x13
 1636 0147 02       		.uleb128 0x2
 1637 0148 17       		.uleb128 0x17
 1638 0149 00       		.byte	0
 1639 014a 00       		.byte	0
 1640 014b 1B       		.uleb128 0x1b
 1641 014c 34       		.uleb128 0x34
 1642 014d 00       		.byte	0
 1643 014e 03       		.uleb128 0x3
 1644 014f 0E       		.uleb128 0xe
 1645 0150 49       		.uleb128 0x49
 1646 0151 13       		.uleb128 0x13
 1647 0152 34       		.uleb128 0x34
 1648 0153 19       		.uleb128 0x19
 1649 0154 00       		.byte	0
 1650 0155 00       		.byte	0
 1651 0156 1C       		.uleb128 0x1c
 1652 0157 2E       		.uleb128 0x2e
 1653 0158 01       		.byte	0x1
ARM GAS  /tmp/ccwUZtBm.s 			page 30


 1654 0159 3F       		.uleb128 0x3f
 1655 015a 19       		.uleb128 0x19
 1656 015b 03       		.uleb128 0x3
 1657 015c 0E       		.uleb128 0xe
 1658 015d 3A       		.uleb128 0x3a
 1659 015e 0B       		.uleb128 0xb
 1660 015f 3B       		.uleb128 0x3b
 1661 0160 0B       		.uleb128 0xb
 1662 0161 27       		.uleb128 0x27
 1663 0162 19       		.uleb128 0x19
 1664 0163 11       		.uleb128 0x11
 1665 0164 01       		.uleb128 0x1
 1666 0165 12       		.uleb128 0x12
 1667 0166 06       		.uleb128 0x6
 1668 0167 40       		.uleb128 0x40
 1669 0168 18       		.uleb128 0x18
 1670 0169 9742     		.uleb128 0x2117
 1671 016b 19       		.uleb128 0x19
 1672 016c 01       		.uleb128 0x1
 1673 016d 13       		.uleb128 0x13
 1674 016e 00       		.byte	0
 1675 016f 00       		.byte	0
 1676 0170 1D       		.uleb128 0x1d
 1677 0171 05       		.uleb128 0x5
 1678 0172 00       		.byte	0
 1679 0173 03       		.uleb128 0x3
 1680 0174 0E       		.uleb128 0xe
 1681 0175 3A       		.uleb128 0x3a
 1682 0176 0B       		.uleb128 0xb
 1683 0177 3B       		.uleb128 0x3b
 1684 0178 0B       		.uleb128 0xb
 1685 0179 49       		.uleb128 0x49
 1686 017a 13       		.uleb128 0x13
 1687 017b 02       		.uleb128 0x2
 1688 017c 17       		.uleb128 0x17
 1689 017d 00       		.byte	0
 1690 017e 00       		.byte	0
 1691 017f 1E       		.uleb128 0x1e
 1692 0180 898201   		.uleb128 0x4109
 1693 0183 01       		.byte	0x1
 1694 0184 11       		.uleb128 0x11
 1695 0185 01       		.uleb128 0x1
 1696 0186 9542     		.uleb128 0x2115
 1697 0188 19       		.uleb128 0x19
 1698 0189 31       		.uleb128 0x31
 1699 018a 13       		.uleb128 0x13
 1700 018b 00       		.byte	0
 1701 018c 00       		.byte	0
 1702 018d 1F       		.uleb128 0x1f
 1703 018e 8A8201   		.uleb128 0x410a
 1704 0191 00       		.byte	0
 1705 0192 02       		.uleb128 0x2
 1706 0193 18       		.uleb128 0x18
 1707 0194 9142     		.uleb128 0x2111
 1708 0196 18       		.uleb128 0x18
 1709 0197 00       		.byte	0
 1710 0198 00       		.byte	0
ARM GAS  /tmp/ccwUZtBm.s 			page 31


 1711 0199 20       		.uleb128 0x20
 1712 019a 34       		.uleb128 0x34
 1713 019b 00       		.byte	0
 1714 019c 03       		.uleb128 0x3
 1715 019d 0E       		.uleb128 0xe
 1716 019e 3A       		.uleb128 0x3a
 1717 019f 0B       		.uleb128 0xb
 1718 01a0 3B       		.uleb128 0x3b
 1719 01a1 05       		.uleb128 0x5
 1720 01a2 49       		.uleb128 0x49
 1721 01a3 13       		.uleb128 0x13
 1722 01a4 3F       		.uleb128 0x3f
 1723 01a5 19       		.uleb128 0x19
 1724 01a6 3C       		.uleb128 0x3c
 1725 01a7 19       		.uleb128 0x19
 1726 01a8 00       		.byte	0
 1727 01a9 00       		.byte	0
 1728 01aa 21       		.uleb128 0x21
 1729 01ab 34       		.uleb128 0x34
 1730 01ac 00       		.byte	0
 1731 01ad 03       		.uleb128 0x3
 1732 01ae 08       		.uleb128 0x8
 1733 01af 3A       		.uleb128 0x3a
 1734 01b0 0B       		.uleb128 0xb
 1735 01b1 3B       		.uleb128 0x3b
 1736 01b2 05       		.uleb128 0x5
 1737 01b3 49       		.uleb128 0x49
 1738 01b4 13       		.uleb128 0x13
 1739 01b5 3F       		.uleb128 0x3f
 1740 01b6 19       		.uleb128 0x19
 1741 01b7 3C       		.uleb128 0x3c
 1742 01b8 19       		.uleb128 0x19
 1743 01b9 00       		.byte	0
 1744 01ba 00       		.byte	0
 1745 01bb 22       		.uleb128 0x22
 1746 01bc 2E       		.uleb128 0x2e
 1747 01bd 01       		.byte	0x1
 1748 01be 3F       		.uleb128 0x3f
 1749 01bf 19       		.uleb128 0x19
 1750 01c0 03       		.uleb128 0x3
 1751 01c1 0E       		.uleb128 0xe
 1752 01c2 3A       		.uleb128 0x3a
 1753 01c3 0B       		.uleb128 0xb
 1754 01c4 3B       		.uleb128 0x3b
 1755 01c5 05       		.uleb128 0x5
 1756 01c6 27       		.uleb128 0x27
 1757 01c7 19       		.uleb128 0x19
 1758 01c8 3C       		.uleb128 0x3c
 1759 01c9 19       		.uleb128 0x19
 1760 01ca 00       		.byte	0
 1761 01cb 00       		.byte	0
 1762 01cc 00       		.byte	0
 1763              		.section	.debug_loc,"",%progbits
 1764              	.Ldebug_loc0:
 1765              	.LLST0:
 1766 0000 00000000 		.4byte	.LVL0
 1767 0004 0C000000 		.4byte	.LVL1
ARM GAS  /tmp/ccwUZtBm.s 			page 32


 1768 0008 0100     		.2byte	0x1
 1769 000a 50       		.byte	0x50
 1770 000b 0C000000 		.4byte	.LVL1
 1771 000f 10000000 		.4byte	.LFE256
 1772 0013 0400     		.2byte	0x4
 1773 0015 F3       		.byte	0xf3
 1774 0016 01       		.uleb128 0x1
 1775 0017 50       		.byte	0x50
 1776 0018 9F       		.byte	0x9f
 1777 0019 00000000 		.4byte	0
 1778 001d 00000000 		.4byte	0
 1779              	.LLST1:
 1780 0021 00000000 		.4byte	.LVL2
 1781 0025 04000000 		.4byte	.LVL3
 1782 0029 0100     		.2byte	0x1
 1783 002b 50       		.byte	0x50
 1784 002c 04000000 		.4byte	.LVL3
 1785 0030 1E000000 		.4byte	.LFE257
 1786 0034 0400     		.2byte	0x4
 1787 0036 F3       		.byte	0xf3
 1788 0037 01       		.uleb128 0x1
 1789 0038 50       		.byte	0x50
 1790 0039 9F       		.byte	0x9f
 1791 003a 00000000 		.4byte	0
 1792 003e 00000000 		.4byte	0
 1793              	.LLST2:
 1794 0042 00000000 		.4byte	.LVL2
 1795 0046 12000000 		.4byte	.LVL4
 1796 004a 0100     		.2byte	0x1
 1797 004c 51       		.byte	0x51
 1798 004d 12000000 		.4byte	.LVL4
 1799 0051 1E000000 		.4byte	.LFE257
 1800 0055 0400     		.2byte	0x4
 1801 0057 F3       		.byte	0xf3
 1802 0058 01       		.uleb128 0x1
 1803 0059 51       		.byte	0x51
 1804 005a 9F       		.byte	0x9f
 1805 005b 00000000 		.4byte	0
 1806 005f 00000000 		.4byte	0
 1807              	.LLST3:
 1808 0063 00000000 		.4byte	.LVL5
 1809 0067 04000000 		.4byte	.LVL6
 1810 006b 0100     		.2byte	0x1
 1811 006d 50       		.byte	0x50
 1812 006e 04000000 		.4byte	.LVL6
 1813 0072 0A000000 		.4byte	.LFE258
 1814 0076 0400     		.2byte	0x4
 1815 0078 F3       		.byte	0xf3
 1816 0079 01       		.uleb128 0x1
 1817 007a 50       		.byte	0x50
 1818 007b 9F       		.byte	0x9f
 1819 007c 00000000 		.4byte	0
 1820 0080 00000000 		.4byte	0
 1821              	.LLST4:
 1822 0084 00000000 		.4byte	.LVL5
 1823 0088 04000000 		.4byte	.LVL6
 1824 008c 0100     		.2byte	0x1
ARM GAS  /tmp/ccwUZtBm.s 			page 33


 1825 008e 51       		.byte	0x51
 1826 008f 04000000 		.4byte	.LVL6
 1827 0093 09000000 		.4byte	.LVL7-1
 1828 0097 0100     		.2byte	0x1
 1829 0099 52       		.byte	0x52
 1830 009a 09000000 		.4byte	.LVL7-1
 1831 009e 0A000000 		.4byte	.LFE258
 1832 00a2 0400     		.2byte	0x4
 1833 00a4 F3       		.byte	0xf3
 1834 00a5 01       		.uleb128 0x1
 1835 00a6 51       		.byte	0x51
 1836 00a7 9F       		.byte	0x9f
 1837 00a8 00000000 		.4byte	0
 1838 00ac 00000000 		.4byte	0
 1839              		.section	.debug_aranges,"",%progbits
 1840 0000 2C000000 		.4byte	0x2c
 1841 0004 0200     		.2byte	0x2
 1842 0006 00000000 		.4byte	.Ldebug_info0
 1843 000a 04       		.byte	0x4
 1844 000b 00       		.byte	0
 1845 000c 0000     		.2byte	0
 1846 000e 0000     		.2byte	0
 1847 0010 00000000 		.4byte	.LFB256
 1848 0014 10000000 		.4byte	.LFE256-.LFB256
 1849 0018 00000000 		.4byte	.LFB257
 1850 001c 1E000000 		.4byte	.LFE257-.LFB257
 1851 0020 00000000 		.4byte	.LFB258
 1852 0024 0A000000 		.4byte	.LFE258-.LFB258
 1853 0028 00000000 		.4byte	0
 1854 002c 00000000 		.4byte	0
 1855              		.section	.debug_ranges,"",%progbits
 1856              	.Ldebug_ranges0:
 1857 0000 00000000 		.4byte	.LFB256
 1858 0004 10000000 		.4byte	.LFE256
 1859 0008 00000000 		.4byte	.LFB257
 1860 000c 1E000000 		.4byte	.LFE257
 1861 0010 00000000 		.4byte	.LFB258
 1862 0014 0A000000 		.4byte	.LFE258
 1863 0018 00000000 		.4byte	0
 1864 001c 00000000 		.4byte	0
 1865              		.section	.debug_line,"",%progbits
 1866              	.Ldebug_line0:
 1867 0000 5C020000 		.section	.debug_str,"MS",%progbits,1
 1867      02002002 
 1867      00000201 
 1867      FB0E0D00 
 1867      01010101 
 1868              	.LASF56:
 1869 0000 72656164 		.ascii	"ready_list_t\000"
 1869      795F6C69 
 1869      73745F74 
 1869      00
 1870              	.LASF94:
 1871 000d 77747472 		.ascii	"wttrp\000"
 1871      7000
 1872              	.LASF91:
 1873 0013 7264796D 		.ascii	"rdymsg\000"
ARM GAS  /tmp/ccwUZtBm.s 			page 34


 1873      736700
 1874              	.LASF18:
 1875 001a 75696E74 		.ascii	"uint64_t\000"
 1875      36345F74 
 1875      00
 1876              	.LASF4:
 1877 0023 5F5F7569 		.ascii	"__uint8_t\000"
 1877      6E74385F 
 1877      7400
 1878              	.LASF110:
 1879 002d 4F545950 		.ascii	"OTYPER\000"
 1879      455200
 1880              	.LASF88:
 1881 0034 706F7274 		.ascii	"port_intctx\000"
 1881      5F696E74 
 1881      63747800 
 1882              	.LASF75:
 1883 0040 73797374 		.ascii	"system_debug_t\000"
 1883      656D5F64 
 1883      65627567 
 1883      5F7400
 1884              	.LASF118:
 1885 004f 696F706F 		.ascii	"ioportmask_t\000"
 1885      72746D61 
 1885      736B5F74 
 1885      00
 1886              	.LASF109:
 1887 005c 4D4F4445 		.ascii	"MODER\000"
 1887      5200
 1888              	.LASF13:
 1889 0062 6C6F6E67 		.ascii	"long long unsigned int\000"
 1889      206C6F6E 
 1889      6720756E 
 1889      7369676E 
 1889      65642069 
 1890              	.LASF112:
 1891 0079 50555044 		.ascii	"PUPDR\000"
 1891      5200
 1892              	.LASF92:
 1893 007f 65786974 		.ascii	"exitcode\000"
 1893      636F6465 
 1893      00
 1894              	.LASF82:
 1895 0088 6D61696E 		.ascii	"mainthread\000"
 1895      74687265 
 1895      616400
 1896              	.LASF72:
 1897 0093 76697274 		.ascii	"virtual_timers_list_t\000"
 1897      75616C5F 
 1897      74696D65 
 1897      72735F6C 
 1897      6973745F 
 1898              	.LASF129:
 1899 00a9 49544D5F 		.ascii	"ITM_RxBuffer\000"
 1899      52784275 
 1899      66666572 
 1899      00
ARM GAS  /tmp/ccwUZtBm.s 			page 35


 1900              	.LASF55:
 1901 00b6 63685F74 		.ascii	"ch_threads_queue\000"
 1901      68726561 
 1901      64735F71 
 1901      75657565 
 1901      00
 1902              	.LASF33:
 1903 00c7 705F7072 		.ascii	"p_prio\000"
 1903      696F00
 1904              	.LASF11:
 1905 00ce 6C6F6E67 		.ascii	"long long int\000"
 1905      206C6F6E 
 1905      6720696E 
 1905      7400
 1906              	.LASF1:
 1907 00dc 7369676E 		.ascii	"signed char\000"
 1907      65642063 
 1907      68617200 
 1908              	.LASF113:
 1909 00e8 42535252 		.ascii	"BSRR\000"
 1909      00
 1910              	.LASF132:
 1911 00ed 2F686F6D 		.ascii	"/home/benjamin/Skrivbord/SP-RCCar/Embedded/RC_Contr"
 1911      652F6265 
 1911      6E6A616D 
 1911      696E2F53 
 1911      6B726976 
 1912 0120 6F6C6C65 		.ascii	"oller/\000"
 1912      722F00
 1913              	.LASF49:
 1914 0127 705F6D70 		.ascii	"p_mpool\000"
 1914      6F6F6C00 
 1915              	.LASF102:
 1916 012f 6D5F7175 		.ascii	"m_queue\000"
 1916      65756500 
 1917              	.LASF81:
 1918 0137 76746C69 		.ascii	"vtlist\000"
 1918      737400
 1919              	.LASF24:
 1920 013e 74736C69 		.ascii	"tslices_t\000"
 1920      6365735F 
 1920      7400
 1921              	.LASF124:
 1922 0148 62697473 		.ascii	"bits\000"
 1922      00
 1923              	.LASF8:
 1924 014d 6C6F6E67 		.ascii	"long int\000"
 1924      20696E74 
 1924      00
 1925              	.LASF22:
 1926 0156 74737461 		.ascii	"tstate_t\000"
 1926      74655F74 
 1926      00
 1927              	.LASF35:
 1928 015f 705F6E65 		.ascii	"p_newer\000"
 1928      77657200 
 1929              	.LASF99:
ARM GAS  /tmp/ccwUZtBm.s 			page 36


 1930 0167 735F7175 		.ascii	"s_queue\000"
 1930      65756500 
 1931              	.LASF111:
 1932 016f 4F535045 		.ascii	"OSPEEDR\000"
 1932      45445200 
 1933              	.LASF61:
 1934 0177 725F6E65 		.ascii	"r_newer\000"
 1934      77657200 
 1935              	.LASF122:
 1936 017f 6D61736B 		.ascii	"mask\000"
 1936      00
 1937              	.LASF85:
 1938 0184 72656761 		.ascii	"regarm_t\000"
 1938      726D5F74 
 1938      00
 1939              	.LASF68:
 1940 018d 76745F70 		.ascii	"vt_prev\000"
 1940      72657600 
 1941              	.LASF117:
 1942 0195 73746D33 		.ascii	"stm32_gpio_t\000"
 1942      325F6770 
 1942      696F5F74 
 1942      00
 1943              	.LASF106:
 1944 01a2 6D757465 		.ascii	"mutex_t\000"
 1944      785F7400 
 1945              	.LASF123:
 1946 01aa 494F4275 		.ascii	"IOBus\000"
 1946      7300
 1947              	.LASF28:
 1948 01b0 636E745F 		.ascii	"cnt_t\000"
 1948      7400
 1949              	.LASF0:
 1950 01b6 756E7369 		.ascii	"unsigned int\000"
 1950      676E6564 
 1950      20696E74 
 1950      00
 1951              	.LASF67:
 1952 01c3 76745F6E 		.ascii	"vt_next\000"
 1952      65787400 
 1953              	.LASF15:
 1954 01cb 75696E74 		.ascii	"uint16_t\000"
 1954      31365F74 
 1954      00
 1955              	.LASF42:
 1956 01d4 705F7469 		.ascii	"p_time\000"
 1956      6D6500
 1957              	.LASF95:
 1958 01db 77747365 		.ascii	"wtsemp\000"
 1958      6D7000
 1959              	.LASF69:
 1960 01e2 76745F64 		.ascii	"vt_delta\000"
 1960      656C7461 
 1960      00
 1961              	.LASF44:
 1962 01eb 705F6D73 		.ascii	"p_msgqueue\000"
 1962      67717565 
ARM GAS  /tmp/ccwUZtBm.s 			page 37


 1962      756500
 1963              	.LASF114:
 1964 01f6 4C434B52 		.ascii	"LCKR\000"
 1964      00
 1965              	.LASF100:
 1966 01fb 735F636E 		.ascii	"s_cnt\000"
 1966      7400
 1967              	.LASF6:
 1968 0201 73686F72 		.ascii	"short unsigned int\000"
 1968      7420756E 
 1968      7369676E 
 1968      65642069 
 1968      6E7400
 1969              	.LASF52:
 1970 0214 63685F74 		.ascii	"ch_thread\000"
 1970      68726561 
 1970      6400
 1971              	.LASF26:
 1972 021e 6D73675F 		.ascii	"msg_t\000"
 1972      7400
 1973              	.LASF78:
 1974 0224 63685F73 		.ascii	"ch_system_t\000"
 1974      79737465 
 1974      6D5F7400 
 1975              	.LASF21:
 1976 0230 746D6F64 		.ascii	"tmode_t\000"
 1976      655F7400 
 1977              	.LASF57:
 1978 0238 63685F72 		.ascii	"ch_ready_list\000"
 1978      65616479 
 1978      5F6C6973 
 1978      7400
 1979              	.LASF27:
 1980 0246 6576656E 		.ascii	"eventmask_t\000"
 1980      746D6173 
 1980      6B5F7400 
 1981              	.LASF7:
 1982 0252 5F5F696E 		.ascii	"__int32_t\000"
 1982      7433325F 
 1982      7400
 1983              	.LASF86:
 1984 025c 73746B61 		.ascii	"stkalign_t\000"
 1984      6C69676E 
 1984      5F7400
 1985              	.LASF51:
 1986 0267 74687265 		.ascii	"threads_list_t\000"
 1986      6164735F 
 1986      6C697374 
 1986      5F7400
 1987              	.LASF12:
 1988 0276 5F5F7569 		.ascii	"__uint64_t\000"
 1988      6E743634 
 1988      5F7400
 1989              	.LASF43:
 1990 0281 705F7761 		.ascii	"p_waiting\000"
 1990      6974696E 
 1990      6700
ARM GAS  /tmp/ccwUZtBm.s 			page 38


 1991              	.LASF84:
 1992 028b 73697A65 		.ascii	"sizetype\000"
 1992      74797065 
 1992      00
 1993              	.LASF50:
 1994 0294 74687265 		.ascii	"thread_reference_t\000"
 1994      61645F72 
 1994      65666572 
 1994      656E6365 
 1994      5F7400
 1995              	.LASF73:
 1996 02a7 63685F76 		.ascii	"ch_virtual_timers_list\000"
 1996      69727475 
 1996      616C5F74 
 1996      696D6572 
 1996      735F6C69 
 1997              	.LASF108:
 1998 02be 636C6561 		.ascii	"clear\000"
 1998      7200
 1999              	.LASF36:
 2000 02c4 705F6F6C 		.ascii	"p_older\000"
 2000      64657200 
 2001              	.LASF60:
 2002 02cc 725F6374 		.ascii	"r_ctx\000"
 2002      7800
 2003              	.LASF90:
 2004 02d2 746D5F63 		.ascii	"tm_calibration_t\000"
 2004      616C6962 
 2004      72617469 
 2004      6F6E5F74 
 2004      00
 2005              	.LASF63:
 2006 02e3 725F6375 		.ascii	"r_current\000"
 2006      7272656E 
 2006      7400
 2007              	.LASF62:
 2008 02ed 725F6F6C 		.ascii	"r_older\000"
 2008      64657200 
 2009              	.LASF121:
 2010 02f5 706F7274 		.ascii	"portid\000"
 2010      696400
 2011              	.LASF116:
 2012 02fc 41465248 		.ascii	"AFRH\000"
 2012      00
 2013              	.LASF127:
 2014 0301 70616C53 		.ascii	"palSetBusMode\000"
 2014      65744275 
 2014      734D6F64 
 2014      6500
 2015              	.LASF115:
 2016 030f 4146524C 		.ascii	"AFRL\000"
 2016      00
 2017              	.LASF23:
 2018 0314 74726566 		.ascii	"trefs_t\000"
 2018      735F7400 
 2019              	.LASF65:
 2020 031c 76697274 		.ascii	"virtual_timer_t\000"
ARM GAS  /tmp/ccwUZtBm.s 			page 39


 2020      75616C5F 
 2020      74696D65 
 2020      725F7400 
 2021              	.LASF32:
 2022 032c 705F7072 		.ascii	"p_prev\000"
 2022      657600
 2023              	.LASF25:
 2024 0333 74707269 		.ascii	"tprio_t\000"
 2024      6F5F7400 
 2025              	.LASF76:
 2026 033b 63685F73 		.ascii	"ch_system_debug\000"
 2026      79737465 
 2026      6D5F6465 
 2026      62756700 
 2027              	.LASF107:
 2028 034b 5F426F6F 		.ascii	"_Bool\000"
 2028      6C00
 2029              	.LASF16:
 2030 0351 696E7433 		.ascii	"int32_t\000"
 2030      325F7400 
 2031              	.LASF2:
 2032 0359 756E7369 		.ascii	"unsigned char\000"
 2032      676E6564 
 2032      20636861 
 2032      7200
 2033              	.LASF47:
 2034 0367 705F6D74 		.ascii	"p_mtxlist\000"
 2034      786C6973 
 2034      7400
 2035              	.LASF3:
 2036 0371 73686F72 		.ascii	"short int\000"
 2036      7420696E 
 2036      7400
 2037              	.LASF38:
 2038 037b 705F7374 		.ascii	"p_state\000"
 2038      61746500 
 2039              	.LASF41:
 2040 0383 705F7072 		.ascii	"p_preempt\000"
 2040      65656D70 
 2040      7400
 2041              	.LASF59:
 2042 038d 725F7072 		.ascii	"r_prio\000"
 2042      696F00
 2043              	.LASF97:
 2044 0394 65776D61 		.ascii	"ewmask\000"
 2044      736B00
 2045              	.LASF31:
 2046 039b 705F6E65 		.ascii	"p_next\000"
 2046      787400
 2047              	.LASF19:
 2048 03a2 75696E74 		.ascii	"uint_fast8_t\000"
 2048      5F666173 
 2048      74385F74 
 2048      00
 2049              	.LASF39:
 2050 03af 705F666C 		.ascii	"p_flags\000"
 2050      61677300 
ARM GAS  /tmp/ccwUZtBm.s 			page 40


 2051              	.LASF125:
 2052 03b7 5F5F6675 		.ascii	"__func__\000"
 2052      6E635F5F 
 2052      00
 2053              	.LASF83:
 2054 03c0 69646C65 		.ascii	"idle_thread_wa\000"
 2054      5F746872 
 2054      6561645F 
 2054      776100
 2055              	.LASF79:
 2056 03cf 63685F73 		.ascii	"ch_system\000"
 2056      79737465 
 2056      6D00
 2057              	.LASF131:
 2058 03d9 43686962 		.ascii	"ChibiOS_3.0.2/os/hal/src/pal.c\000"
 2058      694F535F 
 2058      332E302E 
 2058      322F6F73 
 2058      2F68616C 
 2059              	.LASF66:
 2060 03f8 63685F76 		.ascii	"ch_virtual_timer\000"
 2060      69727475 
 2060      616C5F74 
 2060      696D6572 
 2060      00
 2061              	.LASF98:
 2062 0409 63685F73 		.ascii	"ch_semaphore\000"
 2062      656D6170 
 2062      686F7265 
 2062      00
 2063              	.LASF46:
 2064 0416 705F6570 		.ascii	"p_epending\000"
 2064      656E6469 
 2064      6E6700
 2065              	.LASF17:
 2066 0421 75696E74 		.ascii	"uint32_t\000"
 2066      33325F74 
 2066      00
 2067              	.LASF96:
 2068 042a 77746D74 		.ascii	"wtmtxp\000"
 2068      787000
 2069              	.LASF58:
 2070 0431 725F7175 		.ascii	"r_queue\000"
 2070      65756500 
 2071              	.LASF53:
 2072 0439 63685F74 		.ascii	"ch_threads_list\000"
 2072      68726561 
 2072      64735F6C 
 2072      69737400 
 2073              	.LASF10:
 2074 0449 6C6F6E67 		.ascii	"long unsigned int\000"
 2074      20756E73 
 2074      69676E65 
 2074      6420696E 
 2074      7400
 2075              	.LASF105:
 2076 045b 63686172 		.ascii	"char\000"
ARM GAS  /tmp/ccwUZtBm.s 			page 41


 2076      00
 2077              	.LASF128:
 2078 0460 6D6F6465 		.ascii	"mode\000"
 2078      00
 2079              	.LASF133:
 2080 0465 70616C52 		.ascii	"palReadBus\000"
 2080      65616442 
 2080      757300
 2081              	.LASF5:
 2082 0470 5F5F7569 		.ascii	"__uint16_t\000"
 2082      6E743136 
 2082      5F7400
 2083              	.LASF130:
 2084 047b 474E5520 		.ascii	"GNU C 4.9.3 20150529 (release) [ARM/embedded-4_9-br"
 2084      4320342E 
 2084      392E3320 
 2084      32303135 
 2084      30353239 
 2085 04ae 616E6368 		.ascii	"anch revision 227977] -mcpu=cortex-m4 -mfloat-abi=h"
 2085      20726576 
 2085      6973696F 
 2085      6E203232 
 2085      37393737 
 2086 04e1 61726420 		.ascii	"ard -mfpu=fpv4-sp-d16 -mno-thumb-interwork -mthumb "
 2086      2D6D6670 
 2086      753D6670 
 2086      76342D73 
 2086      702D6431 
 2087 0514 2D676764 		.ascii	"-ggdb -O2 -std=gnu99 -fomit-frame-pointer -falign-f"
 2087      62202D4F 
 2087      32202D73 
 2087      74643D67 
 2087      6E753939 
 2088 0547 756E6374 		.ascii	"unctions=16 -ffunction-sections -fdata-sections -fn"
 2088      696F6E73 
 2088      3D313620 
 2088      2D666675 
 2088      6E637469 
 2089 057a 6F2D636F 		.ascii	"o-common -fsingle-precision-constant\000"
 2089      6D6D6F6E 
 2089      202D6673 
 2089      696E676C 
 2089      652D7072 
 2090              	.LASF104:
 2091 059f 6D5F6E65 		.ascii	"m_next\000"
 2091      787400
 2092              	.LASF29:
 2093 05a6 73797374 		.ascii	"systime_t\000"
 2093      696D655F 
 2093      7400
 2094              	.LASF48:
 2095 05b0 705F7265 		.ascii	"p_realprio\000"
 2095      616C7072 
 2095      696F00
 2096              	.LASF64:
 2097 05bb 76746675 		.ascii	"vtfunc_t\000"
 2097      6E635F74 
ARM GAS  /tmp/ccwUZtBm.s 			page 42


 2097      00
 2098              	.LASF9:
 2099 05c4 5F5F7569 		.ascii	"__uint32_t\000"
 2099      6E743332 
 2099      5F7400
 2100              	.LASF77:
 2101 05cf 70616E69 		.ascii	"panic_msg\000"
 2101      635F6D73 
 2101      6700
 2102              	.LASF89:
 2103 05d9 6F666673 		.ascii	"offset\000"
 2103      657400
 2104              	.LASF120:
 2105 05e0 696F706F 		.ascii	"ioportid_t\000"
 2105      72746964 
 2105      5F7400
 2106              	.LASF87:
 2107 05eb 636F6E74 		.ascii	"context\000"
 2107      65787400 
 2108              	.LASF134:
 2109 05f3 5F70616C 		.ascii	"_pal_lld_setgroupmode\000"
 2109      5F6C6C64 
 2109      5F736574 
 2109      67726F75 
 2109      706D6F64 
 2110              	.LASF20:
 2111 0609 7274636E 		.ascii	"rtcnt_t\000"
 2111      745F7400 
 2112              	.LASF71:
 2113 0611 76745F70 		.ascii	"vt_par\000"
 2113      617200
 2114              	.LASF126:
 2115 0618 70616C57 		.ascii	"palWriteBus\000"
 2115      72697465 
 2115      42757300 
 2116              	.LASF54:
 2117 0624 74687265 		.ascii	"threads_queue_t\000"
 2117      6164735F 
 2117      71756575 
 2117      655F7400 
 2118              	.LASF101:
 2119 0634 63685F6D 		.ascii	"ch_mutex\000"
 2119      75746578 
 2119      00
 2120              	.LASF40:
 2121 063d 705F7265 		.ascii	"p_refs\000"
 2121      667300
 2122              	.LASF30:
 2123 0644 74687265 		.ascii	"thread_t\000"
 2123      61645F74 
 2123      00
 2124              	.LASF80:
 2125 064d 726C6973 		.ascii	"rlist\000"
 2125      7400
 2126              	.LASF14:
 2127 0653 75696E74 		.ascii	"uint8_t\000"
 2127      385F7400 
ARM GAS  /tmp/ccwUZtBm.s 			page 43


 2128              	.LASF93:
 2129 065b 77746F62 		.ascii	"wtobjp\000"
 2129      6A7000
 2130              	.LASF37:
 2131 0662 705F6E61 		.ascii	"p_name\000"
 2131      6D6500
 2132              	.LASF74:
 2133 0669 76745F73 		.ascii	"vt_systime\000"
 2133      79737469 
 2133      6D6500
 2134              	.LASF45:
 2135 0674 705F6D73 		.ascii	"p_msg\000"
 2135      6700
 2136              	.LASF119:
 2137 067a 696F6D6F 		.ascii	"iomode_t\000"
 2137      64655F74 
 2137      00
 2138              	.LASF103:
 2139 0683 6D5F6F77 		.ascii	"m_owner\000"
 2139      6E657200 
 2140              	.LASF34:
 2141 068b 705F6374 		.ascii	"p_ctx\000"
 2141      7800
 2142              	.LASF70:
 2143 0691 76745F66 		.ascii	"vt_func\000"
 2143      756E6300 
 2144              		.ident	"GCC: (GNU Tools for ARM Embedded Processors) 4.9.3 20150529 (release) [ARM/embedded-4_9-br
ARM GAS  /tmp/ccwUZtBm.s 			page 44


DEFINED SYMBOLS
                            *ABS*:0000000000000000 pal.c
     /tmp/ccwUZtBm.s:21     .text.palReadBus:0000000000000000 $t
     /tmp/ccwUZtBm.s:27     .text.palReadBus:0000000000000000 palReadBus
     /tmp/ccwUZtBm.s:50     .text.palWriteBus:0000000000000000 $t
     /tmp/ccwUZtBm.s:56     .text.palWriteBus:0000000000000000 palWriteBus
     /tmp/ccwUZtBm.s:89     .text.palSetBusMode:0000000000000000 $t
     /tmp/ccwUZtBm.s:95     .text.palSetBusMode:0000000000000000 palSetBusMode
                     .debug_frame:0000000000000010 $d

UNDEFINED SYMBOLS
_pal_lld_setgroupmode
