ARM GAS  /tmp/cc7vJNk9.s 			page 1


   1              		.syntax unified
   2              		.cpu cortex-m4
   3              		.eabi_attribute 27, 1
   4              		.eabi_attribute 28, 1
   5              		.fpu fpv4-sp-d16
   6              		.eabi_attribute 20, 1
   7              		.eabi_attribute 21, 1
   8              		.eabi_attribute 23, 3
   9              		.eabi_attribute 24, 1
  10              		.eabi_attribute 25, 1
  11              		.eabi_attribute 26, 1
  12              		.eabi_attribute 30, 2
  13              		.eabi_attribute 34, 1
  14              		.eabi_attribute 18, 4
  15              		.thumb
  16              		.file	"stm32f4xx_exti.c"
  17              		.text
  18              	.Ltext0:
  19              		.cfi_sections	.debug_frame
  20              		.section	.text.EXTI_DeInit,"ax",%progbits
  21              		.align	2
  22              		.p2align 4,,15
  23              		.global	EXTI_DeInit
  24              		.thumb
  25              		.thumb_func
  26              		.type	EXTI_DeInit, %function
  27              	EXTI_DeInit:
  28              	.LFB112:
  29              		.file 1 "ChibiOS_3.0.2/ext/stdperiph_stm32f4/src/stm32f4xx_exti.c"
  30              		.loc 1 115 0
  31              		.cfi_startproc
  32              		@ args = 0, pretend = 0, frame = 0
  33              		@ frame_needed = 0, uses_anonymous_args = 0
  34              		@ link register save eliminated.
  35              		.loc 1 116 0
  36 0000 044B     		ldr	r3, .L2
  37              		.loc 1 120 0
  38 0002 0549     		ldr	r1, .L2+4
  39              		.loc 1 116 0
  40 0004 0022     		movs	r2, #0
  41 0006 1A60     		str	r2, [r3]
  42              		.loc 1 117 0
  43 0008 5A60     		str	r2, [r3, #4]
  44              		.loc 1 118 0
  45 000a 9A60     		str	r2, [r3, #8]
  46              		.loc 1 119 0
  47 000c DA60     		str	r2, [r3, #12]
  48              		.loc 1 120 0
  49 000e 5961     		str	r1, [r3, #20]
  50 0010 7047     		bx	lr
  51              	.L3:
  52 0012 00BF     		.align	2
  53              	.L2:
  54 0014 003C0140 		.word	1073822720
  55 0018 FFFF7F00 		.word	8388607
  56              		.cfi_endproc
  57              	.LFE112:
ARM GAS  /tmp/cc7vJNk9.s 			page 2


  58              		.size	EXTI_DeInit, .-EXTI_DeInit
  59              		.section	.text.EXTI_Init,"ax",%progbits
  60              		.align	2
  61              		.p2align 4,,15
  62              		.global	EXTI_Init
  63              		.thumb
  64              		.thumb_func
  65              		.type	EXTI_Init, %function
  66              	EXTI_Init:
  67              	.LFB113:
  68              		.loc 1 131 0
  69              		.cfi_startproc
  70              		@ args = 0, pretend = 0, frame = 0
  71              		@ frame_needed = 0, uses_anonymous_args = 0
  72              		@ link register save eliminated.
  73              	.LVL0:
  74              		.loc 1 142 0
  75 0000 8379     		ldrb	r3, [r0, #6]	@ zero_extendqisi2
  76 0002 33B3     		cbz	r3, .L5
  77              		.loc 1 145 0
  78 0004 1C4B     		ldr	r3, .L12
  79              		.loc 1 148 0
  80 0006 0279     		ldrb	r2, [r0, #4]	@ zero_extendqisi2
  81              		.loc 1 157 0
  82 0008 4179     		ldrb	r1, [r0, #5]	@ zero_extendqisi2
  83              		.loc 1 131 0
  84 000a F0B4     		push	{r4, r5, r6, r7}
  85              		.cfi_def_cfa_offset 16
  86              		.cfi_offset 4, -16
  87              		.cfi_offset 5, -12
  88              		.cfi_offset 6, -8
  89              		.cfi_offset 7, -4
  90              		.loc 1 145 0
  91 000c 0468     		ldr	r4, [r0]
  92 000e 1E68     		ldr	r6, [r3]
  93 0010 E743     		mvns	r7, r4
  94 0012 3E40     		ands	r6, r6, r7
  95 0014 1E60     		str	r6, [r3]
  96              		.loc 1 146 0
  97 0016 5D68     		ldr	r5, [r3, #4]
  98              		.loc 1 148 0
  99 0018 02F18042 		add	r2, r2, #1073741824
 100 001c 02F59E32 		add	r2, r2, #80896
 101              		.loc 1 146 0
 102 0020 3D40     		ands	r5, r5, r7
 103 0022 5D60     		str	r5, [r3, #4]
 104              	.LVL1:
 105              		.loc 1 150 0
 106 0024 1568     		ldr	r5, [r2]
 107 0026 2C43     		orrs	r4, r4, r5
 108 0028 1460     		str	r4, [r2]
 109              	.LVL2:
 110              		.loc 1 153 0
 111 002a 0268     		ldr	r2, [r0]
 112 002c 9C68     		ldr	r4, [r3, #8]
 113 002e D543     		mvns	r5, r2
 114 0030 2C40     		ands	r4, r4, r5
ARM GAS  /tmp/cc7vJNk9.s 			page 3


 115 0032 9C60     		str	r4, [r3, #8]
 116              		.loc 1 154 0
 117 0034 D868     		ldr	r0, [r3, #12]
 118              	.LVL3:
 119              		.loc 1 157 0
 120 0036 1029     		cmp	r1, #16
 121              		.loc 1 154 0
 122 0038 00EA0500 		and	r0, r0, r5
 123 003c D860     		str	r0, [r3, #12]
 124              		.loc 1 157 0
 125 003e 13D0     		beq	.L11
 126              	.LVL4:
 127              		.loc 1 166 0
 128 0040 01F18043 		add	r3, r1, #1073741824
 129 0044 03F59E33 		add	r3, r3, #80896
 130              		.loc 1 178 0
 131 0048 F0BC     		pop	{r4, r5, r6, r7}
 132              		.cfi_restore 7
 133              		.cfi_restore 6
 134              		.cfi_restore 5
 135              		.cfi_restore 4
 136              		.cfi_def_cfa_offset 0
 137              		.loc 1 168 0
 138 004a 1968     		ldr	r1, [r3]
 139              	.LVL5:
 140 004c 0A43     		orrs	r2, r2, r1
 141 004e 1A60     		str	r2, [r3]
 142              		.loc 1 178 0
 143 0050 7047     		bx	lr
 144              	.LVL6:
 145              	.L5:
 146              		.loc 1 173 0
 147 0052 0379     		ldrb	r3, [r0, #4]	@ zero_extendqisi2
 148              		.loc 1 176 0
 149 0054 0168     		ldr	r1, [r0]
 150              		.loc 1 173 0
 151 0056 03F18043 		add	r3, r3, #1073741824
 152 005a 03F59E33 		add	r3, r3, #80896
 153              		.loc 1 176 0
 154 005e 1A68     		ldr	r2, [r3]
 155 0060 22EA0102 		bic	r2, r2, r1
 156 0064 1A60     		str	r2, [r3]
 157              	.LVL7:
 158 0066 7047     		bx	lr
 159              	.LVL8:
 160              	.L11:
 161              		.cfi_def_cfa_offset 16
 162              		.cfi_offset 4, -16
 163              		.cfi_offset 5, -12
 164              		.cfi_offset 6, -8
 165              		.cfi_offset 7, -4
 166              		.loc 1 160 0
 167 0068 9968     		ldr	r1, [r3, #8]
 168 006a 1143     		orrs	r1, r1, r2
 169 006c 9960     		str	r1, [r3, #8]
 170              		.loc 1 161 0
 171 006e D968     		ldr	r1, [r3, #12]
ARM GAS  /tmp/cc7vJNk9.s 			page 4


 172 0070 0A43     		orrs	r2, r2, r1
 173 0072 DA60     		str	r2, [r3, #12]
 174              		.loc 1 178 0
 175 0074 F0BC     		pop	{r4, r5, r6, r7}
 176              		.cfi_restore 4
 177              		.cfi_restore 5
 178              		.cfi_restore 6
 179              		.cfi_restore 7
 180              		.cfi_def_cfa_offset 0
 181 0076 7047     		bx	lr
 182              	.L13:
 183              		.align	2
 184              	.L12:
 185 0078 003C0140 		.word	1073822720
 186              		.cfi_endproc
 187              	.LFE113:
 188              		.size	EXTI_Init, .-EXTI_Init
 189              		.section	.text.EXTI_StructInit,"ax",%progbits
 190              		.align	2
 191              		.p2align 4,,15
 192              		.global	EXTI_StructInit
 193              		.thumb
 194              		.thumb_func
 195              		.type	EXTI_StructInit, %function
 196              	EXTI_StructInit:
 197              	.LFB114:
 198              		.loc 1 187 0
 199              		.cfi_startproc
 200              		@ args = 0, pretend = 0, frame = 0
 201              		@ frame_needed = 0, uses_anonymous_args = 0
 202              		@ link register save eliminated.
 203              	.LVL9:
 204              		.loc 1 188 0
 205 0000 0023     		movs	r3, #0
 206              		.loc 1 190 0
 207 0002 0C22     		movs	r2, #12
 208 0004 4271     		strb	r2, [r0, #5]
 209              		.loc 1 188 0
 210 0006 0360     		str	r3, [r0]
 211              		.loc 1 189 0
 212 0008 0371     		strb	r3, [r0, #4]
 213              		.loc 1 191 0
 214 000a 8371     		strb	r3, [r0, #6]
 215 000c 7047     		bx	lr
 216              		.cfi_endproc
 217              	.LFE114:
 218              		.size	EXTI_StructInit, .-EXTI_StructInit
 219 000e 00BF     		.section	.text.EXTI_GenerateSWInterrupt,"ax",%progbits
 220              		.align	2
 221              		.p2align 4,,15
 222              		.global	EXTI_GenerateSWInterrupt
 223              		.thumb
 224              		.thumb_func
 225              		.type	EXTI_GenerateSWInterrupt, %function
 226              	EXTI_GenerateSWInterrupt:
 227              	.LFB115:
 228              		.loc 1 202 0
ARM GAS  /tmp/cc7vJNk9.s 			page 5


 229              		.cfi_startproc
 230              		@ args = 0, pretend = 0, frame = 0
 231              		@ frame_needed = 0, uses_anonymous_args = 0
 232              		@ link register save eliminated.
 233              	.LVL10:
 234              		.loc 1 206 0
 235 0000 024A     		ldr	r2, .L16
 236 0002 1369     		ldr	r3, [r2, #16]
 237 0004 1843     		orrs	r0, r0, r3
 238              	.LVL11:
 239 0006 1061     		str	r0, [r2, #16]
 240 0008 7047     		bx	lr
 241              	.L17:
 242 000a 00BF     		.align	2
 243              	.L16:
 244 000c 003C0140 		.word	1073822720
 245              		.cfi_endproc
 246              	.LFE115:
 247              		.size	EXTI_GenerateSWInterrupt, .-EXTI_GenerateSWInterrupt
 248              		.section	.text.EXTI_GetFlagStatus,"ax",%progbits
 249              		.align	2
 250              		.p2align 4,,15
 251              		.global	EXTI_GetFlagStatus
 252              		.thumb
 253              		.thumb_func
 254              		.type	EXTI_GetFlagStatus, %function
 255              	EXTI_GetFlagStatus:
 256              	.LFB116:
 257              		.loc 1 232 0
 258              		.cfi_startproc
 259              		@ args = 0, pretend = 0, frame = 0
 260              		@ frame_needed = 0, uses_anonymous_args = 0
 261              		@ link register save eliminated.
 262              	.LVL12:
 263              		.loc 1 237 0
 264 0000 034B     		ldr	r3, .L19
 265 0002 5B69     		ldr	r3, [r3, #20]
 266              	.LVL13:
 267 0004 1842     		tst	r0, r3
 268              		.loc 1 246 0
 269 0006 14BF     		ite	ne
 270 0008 0120     		movne	r0, #1
 271              	.LVL14:
 272 000a 0020     		moveq	r0, #0
 273 000c 7047     		bx	lr
 274              	.L20:
 275 000e 00BF     		.align	2
 276              	.L19:
 277 0010 003C0140 		.word	1073822720
 278              		.cfi_endproc
 279              	.LFE116:
 280              		.size	EXTI_GetFlagStatus, .-EXTI_GetFlagStatus
 281              		.section	.text.EXTI_ClearFlag,"ax",%progbits
 282              		.align	2
 283              		.p2align 4,,15
 284              		.global	EXTI_ClearFlag
 285              		.thumb
ARM GAS  /tmp/cc7vJNk9.s 			page 6


 286              		.thumb_func
 287              		.type	EXTI_ClearFlag, %function
 288              	EXTI_ClearFlag:
 289              	.LFB117:
 290              		.loc 1 255 0
 291              		.cfi_startproc
 292              		@ args = 0, pretend = 0, frame = 0
 293              		@ frame_needed = 0, uses_anonymous_args = 0
 294              		@ link register save eliminated.
 295              	.LVL15:
 296              		.loc 1 259 0
 297 0000 014B     		ldr	r3, .L22
 298 0002 5861     		str	r0, [r3, #20]
 299 0004 7047     		bx	lr
 300              	.L23:
 301 0006 00BF     		.align	2
 302              	.L22:
 303 0008 003C0140 		.word	1073822720
 304              		.cfi_endproc
 305              	.LFE117:
 306              		.size	EXTI_ClearFlag, .-EXTI_ClearFlag
 307              		.section	.text.EXTI_GetITStatus,"ax",%progbits
 308              		.align	2
 309              		.p2align 4,,15
 310              		.global	EXTI_GetITStatus
 311              		.thumb
 312              		.thumb_func
 313              		.type	EXTI_GetITStatus, %function
 314              	EXTI_GetITStatus:
 315              	.LFB118:
 316              		.loc 1 269 0
 317              		.cfi_startproc
 318              		@ args = 0, pretend = 0, frame = 0
 319              		@ frame_needed = 0, uses_anonymous_args = 0
 320              		@ link register save eliminated.
 321              	.LVL16:
 322              		.loc 1 274 0
 323 0000 034B     		ldr	r3, .L25
 324 0002 5B69     		ldr	r3, [r3, #20]
 325              	.LVL17:
 326 0004 1842     		tst	r0, r3
 327              		.loc 1 284 0
 328 0006 14BF     		ite	ne
 329 0008 0120     		movne	r0, #1
 330              	.LVL18:
 331 000a 0020     		moveq	r0, #0
 332 000c 7047     		bx	lr
 333              	.L26:
 334 000e 00BF     		.align	2
 335              	.L25:
 336 0010 003C0140 		.word	1073822720
 337              		.cfi_endproc
 338              	.LFE118:
 339              		.size	EXTI_GetITStatus, .-EXTI_GetITStatus
 340              		.section	.text.EXTI_ClearITPendingBit,"ax",%progbits
 341              		.align	2
 342              		.p2align 4,,15
ARM GAS  /tmp/cc7vJNk9.s 			page 7


 343              		.global	EXTI_ClearITPendingBit
 344              		.thumb
 345              		.thumb_func
 346              		.type	EXTI_ClearITPendingBit, %function
 347              	EXTI_ClearITPendingBit:
 348              	.LFB119:
 349              		.loc 1 293 0
 350              		.cfi_startproc
 351              		@ args = 0, pretend = 0, frame = 0
 352              		@ frame_needed = 0, uses_anonymous_args = 0
 353              		@ link register save eliminated.
 354              	.LVL19:
 355              		.loc 1 297 0
 356 0000 014B     		ldr	r3, .L28
 357 0002 5861     		str	r0, [r3, #20]
 358 0004 7047     		bx	lr
 359              	.L29:
 360 0006 00BF     		.align	2
 361              	.L28:
 362 0008 003C0140 		.word	1073822720
 363              		.cfi_endproc
 364              	.LFE119:
 365              		.size	EXTI_ClearITPendingBit, .-EXTI_ClearITPendingBit
 366              		.text
 367              	.Letext0:
 368              		.file 2 "/usr/arm-none-eabi/include/machine/_default_types.h"
 369              		.file 3 "/usr/arm-none-eabi/include/sys/_stdint.h"
 370              		.file 4 "ChibiOS_3.0.2/os/ext/CMSIS/ST/stm32f407xx.h"
 371              		.file 5 "ChibiOS_3.0.2/os/ext/CMSIS/ST/stm32f4xx.h"
 372              		.file 6 "ChibiOS_3.0.2/ext/stdperiph_stm32f4/inc/stm32f4xx_exti.h"
 373              		.file 7 "ChibiOS_3.0.2/os/ext/CMSIS/include/core_cm4.h"
 374              		.section	.debug_info,"",%progbits
 375              	.Ldebug_info0:
 376 0000 37030000 		.4byte	0x337
 377 0004 0400     		.2byte	0x4
 378 0006 00000000 		.4byte	.Ldebug_abbrev0
 379 000a 04       		.byte	0x4
 380 000b 01       		.uleb128 0x1
 381 000c C7010000 		.4byte	.LASF45
 382 0010 01       		.byte	0x1
 383 0011 A7000000 		.4byte	.LASF46
 384 0015 9E030000 		.4byte	.LASF47
 385 0019 00000000 		.4byte	.Ldebug_ranges0+0
 386 001d 00000000 		.4byte	0
 387 0021 00000000 		.4byte	.Ldebug_line0
 388 0025 02       		.uleb128 0x2
 389 0026 01       		.byte	0x1
 390 0027 06       		.byte	0x6
 391 0028 2C030000 		.4byte	.LASF0
 392 002c 02       		.uleb128 0x2
 393 002d 01       		.byte	0x1
 394 002e 08       		.byte	0x8
 395 002f 1C010000 		.4byte	.LASF1
 396 0033 02       		.uleb128 0x2
 397 0034 02       		.byte	0x2
 398 0035 05       		.byte	0x5
 399 0036 94030000 		.4byte	.LASF2
ARM GAS  /tmp/cc7vJNk9.s 			page 8


 400 003a 02       		.uleb128 0x2
 401 003b 02       		.byte	0x2
 402 003c 07       		.byte	0x7
 403 003d 7A000000 		.4byte	.LASF3
 404 0041 03       		.uleb128 0x3
 405 0042 50000000 		.4byte	.LASF5
 406 0046 02       		.byte	0x2
 407 0047 3F       		.byte	0x3f
 408 0048 4C000000 		.4byte	0x4c
 409 004c 02       		.uleb128 0x2
 410 004d 04       		.byte	0x4
 411 004e 05       		.byte	0x5
 412 004f E1030000 		.4byte	.LASF4
 413 0053 03       		.uleb128 0x3
 414 0054 8C010000 		.4byte	.LASF6
 415 0058 02       		.byte	0x2
 416 0059 41       		.byte	0x41
 417 005a 5E000000 		.4byte	0x5e
 418 005e 02       		.uleb128 0x2
 419 005f 04       		.byte	0x4
 420 0060 07       		.byte	0x7
 421 0061 44010000 		.4byte	.LASF7
 422 0065 02       		.uleb128 0x2
 423 0066 08       		.byte	0x8
 424 0067 05       		.byte	0x5
 425 0068 5E030000 		.4byte	.LASF8
 426 006c 02       		.uleb128 0x2
 427 006d 08       		.byte	0x8
 428 006e 07       		.byte	0x7
 429 006f 15030000 		.4byte	.LASF9
 430 0073 04       		.uleb128 0x4
 431 0074 04       		.byte	0x4
 432 0075 05       		.byte	0x5
 433 0076 696E7400 		.ascii	"int\000"
 434 007a 02       		.uleb128 0x2
 435 007b 04       		.byte	0x4
 436 007c 07       		.byte	0x7
 437 007d EB020000 		.4byte	.LASF10
 438 0081 03       		.uleb128 0x3
 439 0082 4D030000 		.4byte	.LASF11
 440 0086 03       		.byte	0x3
 441 0087 1F       		.byte	0x1f
 442 0088 41000000 		.4byte	0x41
 443 008c 03       		.uleb128 0x3
 444 008d D8030000 		.4byte	.LASF12
 445 0091 03       		.byte	0x3
 446 0092 20       		.byte	0x20
 447 0093 53000000 		.4byte	0x53
 448 0097 02       		.uleb128 0x2
 449 0098 04       		.byte	0x4
 450 0099 07       		.byte	0x7
 451 009a 55030000 		.4byte	.LASF13
 452 009e 05       		.uleb128 0x5
 453 009f 8C000000 		.4byte	0x8c
 454 00a3 06       		.uleb128 0x6
 455 00a4 18       		.byte	0x18
 456 00a5 04       		.byte	0x4
ARM GAS  /tmp/cc7vJNk9.s 			page 9


 457 00a6 CC01     		.2byte	0x1cc
 458 00a8 FA000000 		.4byte	0xfa
 459 00ac 07       		.uleb128 0x7
 460 00ad 494D5200 		.ascii	"IMR\000"
 461 00b1 04       		.byte	0x4
 462 00b2 CE01     		.2byte	0x1ce
 463 00b4 9E000000 		.4byte	0x9e
 464 00b8 00       		.byte	0
 465 00b9 07       		.uleb128 0x7
 466 00ba 454D5200 		.ascii	"EMR\000"
 467 00be 04       		.byte	0x4
 468 00bf CF01     		.2byte	0x1cf
 469 00c1 9E000000 		.4byte	0x9e
 470 00c5 04       		.byte	0x4
 471 00c6 08       		.uleb128 0x8
 472 00c7 87010000 		.4byte	.LASF14
 473 00cb 04       		.byte	0x4
 474 00cc D001     		.2byte	0x1d0
 475 00ce 9E000000 		.4byte	0x9e
 476 00d2 08       		.byte	0x8
 477 00d3 08       		.uleb128 0x8
 478 00d4 18040000 		.4byte	.LASF15
 479 00d8 04       		.byte	0x4
 480 00d9 D101     		.2byte	0x1d1
 481 00db 9E000000 		.4byte	0x9e
 482 00df 0C       		.byte	0xc
 483 00e0 08       		.uleb128 0x8
 484 00e1 06040000 		.4byte	.LASF16
 485 00e5 04       		.byte	0x4
 486 00e6 D201     		.2byte	0x1d2
 487 00e8 9E000000 		.4byte	0x9e
 488 00ec 10       		.byte	0x10
 489 00ed 07       		.uleb128 0x7
 490 00ee 505200   		.ascii	"PR\000"
 491 00f1 04       		.byte	0x4
 492 00f2 D301     		.2byte	0x1d3
 493 00f4 9E000000 		.4byte	0x9e
 494 00f8 14       		.byte	0x14
 495 00f9 00       		.byte	0
 496 00fa 09       		.uleb128 0x9
 497 00fb 6D010000 		.4byte	.LASF17
 498 00ff 04       		.byte	0x4
 499 0100 D401     		.2byte	0x1d4
 500 0102 A3000000 		.4byte	0xa3
 501 0106 0A       		.uleb128 0xa
 502 0107 01       		.byte	0x1
 503 0108 05       		.byte	0x5
 504 0109 A2       		.byte	0xa2
 505 010a 1B010000 		.4byte	0x11b
 506 010e 0B       		.uleb128 0xb
 507 010f 56010000 		.4byte	.LASF18
 508 0113 00       		.sleb128 0
 509 0114 0C       		.uleb128 0xc
 510 0115 53455400 		.ascii	"SET\000"
 511 0119 01       		.sleb128 1
 512 011a 00       		.byte	0
 513 011b 03       		.uleb128 0x3
ARM GAS  /tmp/cc7vJNk9.s 			page 10


 514 011c 2A010000 		.4byte	.LASF19
 515 0120 05       		.byte	0x5
 516 0121 A5       		.byte	0xa5
 517 0122 06010000 		.4byte	0x106
 518 0126 03       		.uleb128 0x3
 519 0127 2D000000 		.4byte	.LASF20
 520 012b 05       		.byte	0x5
 521 012c A5       		.byte	0xa5
 522 012d 06010000 		.4byte	0x106
 523 0131 0A       		.uleb128 0xa
 524 0132 01       		.byte	0x1
 525 0133 05       		.byte	0x5
 526 0134 A8       		.byte	0xa8
 527 0135 46010000 		.4byte	0x146
 528 0139 0B       		.uleb128 0xb
 529 013a EA030000 		.4byte	.LASF21
 530 013e 00       		.sleb128 0
 531 013f 0B       		.uleb128 0xb
 532 0140 01010000 		.4byte	.LASF22
 533 0144 01       		.sleb128 1
 534 0145 00       		.byte	0
 535 0146 03       		.uleb128 0x3
 536 0147 8D000000 		.4byte	.LASF23
 537 014b 05       		.byte	0x5
 538 014c AB       		.byte	0xab
 539 014d 31010000 		.4byte	0x131
 540 0151 0A       		.uleb128 0xa
 541 0152 01       		.byte	0x1
 542 0153 06       		.byte	0x6
 543 0154 37       		.byte	0x37
 544 0155 66010000 		.4byte	0x166
 545 0159 0B       		.uleb128 0xb
 546 015a 08010000 		.4byte	.LASF24
 547 015e 00       		.sleb128 0
 548 015f 0B       		.uleb128 0xb
 549 0160 6A000000 		.4byte	.LASF25
 550 0164 04       		.sleb128 4
 551 0165 00       		.byte	0
 552 0166 03       		.uleb128 0x3
 553 0167 5C010000 		.4byte	.LASF26
 554 016b 06       		.byte	0x6
 555 016c 3A       		.byte	0x3a
 556 016d 51010000 		.4byte	0x151
 557 0171 0A       		.uleb128 0xa
 558 0172 01       		.byte	0x1
 559 0173 06       		.byte	0x6
 560 0174 43       		.byte	0x43
 561 0175 8C010000 		.4byte	0x18c
 562 0179 0B       		.uleb128 0xb
 563 017a 97010000 		.4byte	.LASF27
 564 017e 08       		.sleb128 8
 565 017f 0B       		.uleb128 0xb
 566 0180 38030000 		.4byte	.LASF28
 567 0184 0C       		.sleb128 12
 568 0185 0B       		.uleb128 0xb
 569 0186 AB010000 		.4byte	.LASF29
 570 018a 10       		.sleb128 16
ARM GAS  /tmp/cc7vJNk9.s 			page 11


 571 018b 00       		.byte	0
 572 018c 03       		.uleb128 0x3
 573 018d F2030000 		.4byte	.LASF30
 574 0191 06       		.byte	0x6
 575 0192 47       		.byte	0x47
 576 0193 71010000 		.4byte	0x171
 577 0197 0D       		.uleb128 0xd
 578 0198 08       		.byte	0x8
 579 0199 06       		.byte	0x6
 580 019a 50       		.byte	0x50
 581 019b D0010000 		.4byte	0x1d0
 582 019f 0E       		.uleb128 0xe
 583 01a0 00000000 		.4byte	.LASF31
 584 01a4 06       		.byte	0x6
 585 01a5 52       		.byte	0x52
 586 01a6 8C000000 		.4byte	0x8c
 587 01aa 00       		.byte	0
 588 01ab 0E       		.uleb128 0xe
 589 01ac 0A000000 		.4byte	.LASF32
 590 01b0 06       		.byte	0x6
 591 01b1 55       		.byte	0x55
 592 01b2 66010000 		.4byte	0x166
 593 01b6 04       		.byte	0x4
 594 01b7 0E       		.uleb128 0xe
 595 01b8 43000000 		.4byte	.LASF33
 596 01bc 06       		.byte	0x6
 597 01bd 58       		.byte	0x58
 598 01be 8C010000 		.4byte	0x18c
 599 01c2 05       		.byte	0x5
 600 01c3 0E       		.uleb128 0xe
 601 01c4 36000000 		.4byte	.LASF34
 602 01c8 06       		.byte	0x6
 603 01c9 5B       		.byte	0x5b
 604 01ca 46010000 		.4byte	0x146
 605 01ce 06       		.byte	0x6
 606 01cf 00       		.byte	0
 607 01d0 03       		.uleb128 0x3
 608 01d1 E0000000 		.4byte	.LASF35
 609 01d5 06       		.byte	0x6
 610 01d6 5D       		.byte	0x5d
 611 01d7 97010000 		.4byte	0x197
 612 01db 0F       		.uleb128 0xf
 613 01dc 0C040000 		.4byte	.LASF48
 614 01e0 01       		.byte	0x1
 615 01e1 72       		.byte	0x72
 616 01e2 00000000 		.4byte	.LFB112
 617 01e6 1C000000 		.4byte	.LFE112-.LFB112
 618 01ea 01       		.uleb128 0x1
 619 01eb 9C       		.byte	0x9c
 620 01ec 10       		.uleb128 0x10
 621 01ed F8020000 		.4byte	.LASF36
 622 01f1 01       		.byte	0x1
 623 01f2 82       		.byte	0x82
 624 01f3 00000000 		.4byte	.LFB113
 625 01f7 7C000000 		.4byte	.LFE113-.LFB113
 626 01fb 01       		.uleb128 0x1
 627 01fc 9C       		.byte	0x9c
ARM GAS  /tmp/cc7vJNk9.s 			page 12


 628 01fd 20020000 		.4byte	0x220
 629 0201 11       		.uleb128 0x11
 630 0202 F1000000 		.4byte	.LASF38
 631 0206 01       		.byte	0x1
 632 0207 82       		.byte	0x82
 633 0208 20020000 		.4byte	0x220
 634 020c 00000000 		.4byte	.LLST0
 635 0210 12       		.uleb128 0x12
 636 0211 746D7000 		.ascii	"tmp\000"
 637 0215 01       		.byte	0x1
 638 0216 84       		.byte	0x84
 639 0217 8C000000 		.4byte	0x8c
 640 021b 3A000000 		.4byte	.LLST1
 641 021f 00       		.byte	0
 642 0220 13       		.uleb128 0x13
 643 0221 04       		.byte	0x4
 644 0222 D0010000 		.4byte	0x1d0
 645 0226 10       		.uleb128 0x10
 646 0227 5A000000 		.4byte	.LASF37
 647 022b 01       		.byte	0x1
 648 022c BA       		.byte	0xba
 649 022d 00000000 		.4byte	.LFB114
 650 0231 0E000000 		.4byte	.LFE114-.LFB114
 651 0235 01       		.uleb128 0x1
 652 0236 9C       		.byte	0x9c
 653 0237 49020000 		.4byte	0x249
 654 023b 14       		.uleb128 0x14
 655 023c F1000000 		.4byte	.LASF38
 656 0240 01       		.byte	0x1
 657 0241 BA       		.byte	0xba
 658 0242 20020000 		.4byte	0x220
 659 0246 01       		.uleb128 0x1
 660 0247 50       		.byte	0x50
 661 0248 00       		.byte	0
 662 0249 10       		.uleb128 0x10
 663 024a 14000000 		.4byte	.LASF39
 664 024e 01       		.byte	0x1
 665 024f C9       		.byte	0xc9
 666 0250 00000000 		.4byte	.LFB115
 667 0254 10000000 		.4byte	.LFE115-.LFB115
 668 0258 01       		.uleb128 0x1
 669 0259 9C       		.byte	0x9c
 670 025a 6E020000 		.4byte	0x26e
 671 025e 11       		.uleb128 0x11
 672 025f 00000000 		.4byte	.LASF31
 673 0263 01       		.byte	0x1
 674 0264 C9       		.byte	0xc9
 675 0265 8C000000 		.4byte	0x8c
 676 0269 CC000000 		.4byte	.LLST2
 677 026d 00       		.byte	0
 678 026e 15       		.uleb128 0x15
 679 026f 02030000 		.4byte	.LASF42
 680 0273 01       		.byte	0x1
 681 0274 E7       		.byte	0xe7
 682 0275 1B010000 		.4byte	0x11b
 683 0279 00000000 		.4byte	.LFB116
 684 027d 14000000 		.4byte	.LFE116-.LFB116
ARM GAS  /tmp/cc7vJNk9.s 			page 13


 685 0281 01       		.uleb128 0x1
 686 0282 9C       		.byte	0x9c
 687 0283 A6020000 		.4byte	0x2a6
 688 0287 11       		.uleb128 0x11
 689 0288 00000000 		.4byte	.LASF31
 690 028c 01       		.byte	0x1
 691 028d E7       		.byte	0xe7
 692 028e 8C000000 		.4byte	0x8c
 693 0292 ED000000 		.4byte	.LLST3
 694 0296 16       		.uleb128 0x16
 695 0297 9D000000 		.4byte	.LASF40
 696 029b 01       		.byte	0x1
 697 029c E9       		.byte	0xe9
 698 029d 1B010000 		.4byte	0x11b
 699 02a1 0E010000 		.4byte	.LLST4
 700 02a5 00       		.byte	0
 701 02a6 10       		.uleb128 0x10
 702 02a7 35010000 		.4byte	.LASF41
 703 02ab 01       		.byte	0x1
 704 02ac FE       		.byte	0xfe
 705 02ad 00000000 		.4byte	.LFB117
 706 02b1 0C000000 		.4byte	.LFE117-.LFB117
 707 02b5 01       		.uleb128 0x1
 708 02b6 9C       		.byte	0x9c
 709 02b7 C9020000 		.4byte	0x2c9
 710 02bb 14       		.uleb128 0x14
 711 02bc 00000000 		.4byte	.LASF31
 712 02c0 01       		.byte	0x1
 713 02c1 FE       		.byte	0xfe
 714 02c2 8C000000 		.4byte	0x8c
 715 02c6 01       		.uleb128 0x1
 716 02c7 50       		.byte	0x50
 717 02c8 00       		.byte	0
 718 02c9 17       		.uleb128 0x17
 719 02ca 6C030000 		.4byte	.LASF43
 720 02ce 01       		.byte	0x1
 721 02cf 0C01     		.2byte	0x10c
 722 02d1 26010000 		.4byte	0x126
 723 02d5 00000000 		.4byte	.LFB118
 724 02d9 14000000 		.4byte	.LFE118-.LFB118
 725 02dd 01       		.uleb128 0x1
 726 02de 9C       		.byte	0x9c
 727 02df 04030000 		.4byte	0x304
 728 02e3 18       		.uleb128 0x18
 729 02e4 00000000 		.4byte	.LASF31
 730 02e8 01       		.byte	0x1
 731 02e9 0C01     		.2byte	0x10c
 732 02eb 8C000000 		.4byte	0x8c
 733 02ef 47010000 		.4byte	.LLST5
 734 02f3 19       		.uleb128 0x19
 735 02f4 9D000000 		.4byte	.LASF40
 736 02f8 01       		.byte	0x1
 737 02f9 0E01     		.2byte	0x10e
 738 02fb 1B010000 		.4byte	0x11b
 739 02ff 68010000 		.4byte	.LLST6
 740 0303 00       		.byte	0
 741 0304 1A       		.uleb128 0x1a
ARM GAS  /tmp/cc7vJNk9.s 			page 14


 742 0305 7D030000 		.4byte	.LASF44
 743 0309 01       		.byte	0x1
 744 030a 2401     		.2byte	0x124
 745 030c 00000000 		.4byte	.LFB119
 746 0310 0C000000 		.4byte	.LFE119-.LFB119
 747 0314 01       		.uleb128 0x1
 748 0315 9C       		.byte	0x9c
 749 0316 29030000 		.4byte	0x329
 750 031a 1B       		.uleb128 0x1b
 751 031b 00000000 		.4byte	.LASF31
 752 031f 01       		.byte	0x1
 753 0320 2401     		.2byte	0x124
 754 0322 8C000000 		.4byte	0x8c
 755 0326 01       		.uleb128 0x1
 756 0327 50       		.byte	0x50
 757 0328 00       		.byte	0
 758 0329 1C       		.uleb128 0x1c
 759 032a 7A010000 		.4byte	.LASF49
 760 032e 07       		.byte	0x7
 761 032f A706     		.2byte	0x6a7
 762 0331 35030000 		.4byte	0x335
 763 0335 05       		.uleb128 0x5
 764 0336 81000000 		.4byte	0x81
 765 033a 00       		.byte	0
 766              		.section	.debug_abbrev,"",%progbits
 767              	.Ldebug_abbrev0:
 768 0000 01       		.uleb128 0x1
 769 0001 11       		.uleb128 0x11
 770 0002 01       		.byte	0x1
 771 0003 25       		.uleb128 0x25
 772 0004 0E       		.uleb128 0xe
 773 0005 13       		.uleb128 0x13
 774 0006 0B       		.uleb128 0xb
 775 0007 03       		.uleb128 0x3
 776 0008 0E       		.uleb128 0xe
 777 0009 1B       		.uleb128 0x1b
 778 000a 0E       		.uleb128 0xe
 779 000b 55       		.uleb128 0x55
 780 000c 17       		.uleb128 0x17
 781 000d 11       		.uleb128 0x11
 782 000e 01       		.uleb128 0x1
 783 000f 10       		.uleb128 0x10
 784 0010 17       		.uleb128 0x17
 785 0011 00       		.byte	0
 786 0012 00       		.byte	0
 787 0013 02       		.uleb128 0x2
 788 0014 24       		.uleb128 0x24
 789 0015 00       		.byte	0
 790 0016 0B       		.uleb128 0xb
 791 0017 0B       		.uleb128 0xb
 792 0018 3E       		.uleb128 0x3e
 793 0019 0B       		.uleb128 0xb
 794 001a 03       		.uleb128 0x3
 795 001b 0E       		.uleb128 0xe
 796 001c 00       		.byte	0
 797 001d 00       		.byte	0
 798 001e 03       		.uleb128 0x3
ARM GAS  /tmp/cc7vJNk9.s 			page 15


 799 001f 16       		.uleb128 0x16
 800 0020 00       		.byte	0
 801 0021 03       		.uleb128 0x3
 802 0022 0E       		.uleb128 0xe
 803 0023 3A       		.uleb128 0x3a
 804 0024 0B       		.uleb128 0xb
 805 0025 3B       		.uleb128 0x3b
 806 0026 0B       		.uleb128 0xb
 807 0027 49       		.uleb128 0x49
 808 0028 13       		.uleb128 0x13
 809 0029 00       		.byte	0
 810 002a 00       		.byte	0
 811 002b 04       		.uleb128 0x4
 812 002c 24       		.uleb128 0x24
 813 002d 00       		.byte	0
 814 002e 0B       		.uleb128 0xb
 815 002f 0B       		.uleb128 0xb
 816 0030 3E       		.uleb128 0x3e
 817 0031 0B       		.uleb128 0xb
 818 0032 03       		.uleb128 0x3
 819 0033 08       		.uleb128 0x8
 820 0034 00       		.byte	0
 821 0035 00       		.byte	0
 822 0036 05       		.uleb128 0x5
 823 0037 35       		.uleb128 0x35
 824 0038 00       		.byte	0
 825 0039 49       		.uleb128 0x49
 826 003a 13       		.uleb128 0x13
 827 003b 00       		.byte	0
 828 003c 00       		.byte	0
 829 003d 06       		.uleb128 0x6
 830 003e 13       		.uleb128 0x13
 831 003f 01       		.byte	0x1
 832 0040 0B       		.uleb128 0xb
 833 0041 0B       		.uleb128 0xb
 834 0042 3A       		.uleb128 0x3a
 835 0043 0B       		.uleb128 0xb
 836 0044 3B       		.uleb128 0x3b
 837 0045 05       		.uleb128 0x5
 838 0046 01       		.uleb128 0x1
 839 0047 13       		.uleb128 0x13
 840 0048 00       		.byte	0
 841 0049 00       		.byte	0
 842 004a 07       		.uleb128 0x7
 843 004b 0D       		.uleb128 0xd
 844 004c 00       		.byte	0
 845 004d 03       		.uleb128 0x3
 846 004e 08       		.uleb128 0x8
 847 004f 3A       		.uleb128 0x3a
 848 0050 0B       		.uleb128 0xb
 849 0051 3B       		.uleb128 0x3b
 850 0052 05       		.uleb128 0x5
 851 0053 49       		.uleb128 0x49
 852 0054 13       		.uleb128 0x13
 853 0055 38       		.uleb128 0x38
 854 0056 0B       		.uleb128 0xb
 855 0057 00       		.byte	0
ARM GAS  /tmp/cc7vJNk9.s 			page 16


 856 0058 00       		.byte	0
 857 0059 08       		.uleb128 0x8
 858 005a 0D       		.uleb128 0xd
 859 005b 00       		.byte	0
 860 005c 03       		.uleb128 0x3
 861 005d 0E       		.uleb128 0xe
 862 005e 3A       		.uleb128 0x3a
 863 005f 0B       		.uleb128 0xb
 864 0060 3B       		.uleb128 0x3b
 865 0061 05       		.uleb128 0x5
 866 0062 49       		.uleb128 0x49
 867 0063 13       		.uleb128 0x13
 868 0064 38       		.uleb128 0x38
 869 0065 0B       		.uleb128 0xb
 870 0066 00       		.byte	0
 871 0067 00       		.byte	0
 872 0068 09       		.uleb128 0x9
 873 0069 16       		.uleb128 0x16
 874 006a 00       		.byte	0
 875 006b 03       		.uleb128 0x3
 876 006c 0E       		.uleb128 0xe
 877 006d 3A       		.uleb128 0x3a
 878 006e 0B       		.uleb128 0xb
 879 006f 3B       		.uleb128 0x3b
 880 0070 05       		.uleb128 0x5
 881 0071 49       		.uleb128 0x49
 882 0072 13       		.uleb128 0x13
 883 0073 00       		.byte	0
 884 0074 00       		.byte	0
 885 0075 0A       		.uleb128 0xa
 886 0076 04       		.uleb128 0x4
 887 0077 01       		.byte	0x1
 888 0078 0B       		.uleb128 0xb
 889 0079 0B       		.uleb128 0xb
 890 007a 3A       		.uleb128 0x3a
 891 007b 0B       		.uleb128 0xb
 892 007c 3B       		.uleb128 0x3b
 893 007d 0B       		.uleb128 0xb
 894 007e 01       		.uleb128 0x1
 895 007f 13       		.uleb128 0x13
 896 0080 00       		.byte	0
 897 0081 00       		.byte	0
 898 0082 0B       		.uleb128 0xb
 899 0083 28       		.uleb128 0x28
 900 0084 00       		.byte	0
 901 0085 03       		.uleb128 0x3
 902 0086 0E       		.uleb128 0xe
 903 0087 1C       		.uleb128 0x1c
 904 0088 0D       		.uleb128 0xd
 905 0089 00       		.byte	0
 906 008a 00       		.byte	0
 907 008b 0C       		.uleb128 0xc
 908 008c 28       		.uleb128 0x28
 909 008d 00       		.byte	0
 910 008e 03       		.uleb128 0x3
 911 008f 08       		.uleb128 0x8
 912 0090 1C       		.uleb128 0x1c
ARM GAS  /tmp/cc7vJNk9.s 			page 17


 913 0091 0D       		.uleb128 0xd
 914 0092 00       		.byte	0
 915 0093 00       		.byte	0
 916 0094 0D       		.uleb128 0xd
 917 0095 13       		.uleb128 0x13
 918 0096 01       		.byte	0x1
 919 0097 0B       		.uleb128 0xb
 920 0098 0B       		.uleb128 0xb
 921 0099 3A       		.uleb128 0x3a
 922 009a 0B       		.uleb128 0xb
 923 009b 3B       		.uleb128 0x3b
 924 009c 0B       		.uleb128 0xb
 925 009d 01       		.uleb128 0x1
 926 009e 13       		.uleb128 0x13
 927 009f 00       		.byte	0
 928 00a0 00       		.byte	0
 929 00a1 0E       		.uleb128 0xe
 930 00a2 0D       		.uleb128 0xd
 931 00a3 00       		.byte	0
 932 00a4 03       		.uleb128 0x3
 933 00a5 0E       		.uleb128 0xe
 934 00a6 3A       		.uleb128 0x3a
 935 00a7 0B       		.uleb128 0xb
 936 00a8 3B       		.uleb128 0x3b
 937 00a9 0B       		.uleb128 0xb
 938 00aa 49       		.uleb128 0x49
 939 00ab 13       		.uleb128 0x13
 940 00ac 38       		.uleb128 0x38
 941 00ad 0B       		.uleb128 0xb
 942 00ae 00       		.byte	0
 943 00af 00       		.byte	0
 944 00b0 0F       		.uleb128 0xf
 945 00b1 2E       		.uleb128 0x2e
 946 00b2 00       		.byte	0
 947 00b3 3F       		.uleb128 0x3f
 948 00b4 19       		.uleb128 0x19
 949 00b5 03       		.uleb128 0x3
 950 00b6 0E       		.uleb128 0xe
 951 00b7 3A       		.uleb128 0x3a
 952 00b8 0B       		.uleb128 0xb
 953 00b9 3B       		.uleb128 0x3b
 954 00ba 0B       		.uleb128 0xb
 955 00bb 27       		.uleb128 0x27
 956 00bc 19       		.uleb128 0x19
 957 00bd 11       		.uleb128 0x11
 958 00be 01       		.uleb128 0x1
 959 00bf 12       		.uleb128 0x12
 960 00c0 06       		.uleb128 0x6
 961 00c1 40       		.uleb128 0x40
 962 00c2 18       		.uleb128 0x18
 963 00c3 9742     		.uleb128 0x2117
 964 00c5 19       		.uleb128 0x19
 965 00c6 00       		.byte	0
 966 00c7 00       		.byte	0
 967 00c8 10       		.uleb128 0x10
 968 00c9 2E       		.uleb128 0x2e
 969 00ca 01       		.byte	0x1
ARM GAS  /tmp/cc7vJNk9.s 			page 18


 970 00cb 3F       		.uleb128 0x3f
 971 00cc 19       		.uleb128 0x19
 972 00cd 03       		.uleb128 0x3
 973 00ce 0E       		.uleb128 0xe
 974 00cf 3A       		.uleb128 0x3a
 975 00d0 0B       		.uleb128 0xb
 976 00d1 3B       		.uleb128 0x3b
 977 00d2 0B       		.uleb128 0xb
 978 00d3 27       		.uleb128 0x27
 979 00d4 19       		.uleb128 0x19
 980 00d5 11       		.uleb128 0x11
 981 00d6 01       		.uleb128 0x1
 982 00d7 12       		.uleb128 0x12
 983 00d8 06       		.uleb128 0x6
 984 00d9 40       		.uleb128 0x40
 985 00da 18       		.uleb128 0x18
 986 00db 9742     		.uleb128 0x2117
 987 00dd 19       		.uleb128 0x19
 988 00de 01       		.uleb128 0x1
 989 00df 13       		.uleb128 0x13
 990 00e0 00       		.byte	0
 991 00e1 00       		.byte	0
 992 00e2 11       		.uleb128 0x11
 993 00e3 05       		.uleb128 0x5
 994 00e4 00       		.byte	0
 995 00e5 03       		.uleb128 0x3
 996 00e6 0E       		.uleb128 0xe
 997 00e7 3A       		.uleb128 0x3a
 998 00e8 0B       		.uleb128 0xb
 999 00e9 3B       		.uleb128 0x3b
 1000 00ea 0B       		.uleb128 0xb
 1001 00eb 49       		.uleb128 0x49
 1002 00ec 13       		.uleb128 0x13
 1003 00ed 02       		.uleb128 0x2
 1004 00ee 17       		.uleb128 0x17
 1005 00ef 00       		.byte	0
 1006 00f0 00       		.byte	0
 1007 00f1 12       		.uleb128 0x12
 1008 00f2 34       		.uleb128 0x34
 1009 00f3 00       		.byte	0
 1010 00f4 03       		.uleb128 0x3
 1011 00f5 08       		.uleb128 0x8
 1012 00f6 3A       		.uleb128 0x3a
 1013 00f7 0B       		.uleb128 0xb
 1014 00f8 3B       		.uleb128 0x3b
 1015 00f9 0B       		.uleb128 0xb
 1016 00fa 49       		.uleb128 0x49
 1017 00fb 13       		.uleb128 0x13
 1018 00fc 02       		.uleb128 0x2
 1019 00fd 17       		.uleb128 0x17
 1020 00fe 00       		.byte	0
 1021 00ff 00       		.byte	0
 1022 0100 13       		.uleb128 0x13
 1023 0101 0F       		.uleb128 0xf
 1024 0102 00       		.byte	0
 1025 0103 0B       		.uleb128 0xb
 1026 0104 0B       		.uleb128 0xb
ARM GAS  /tmp/cc7vJNk9.s 			page 19


 1027 0105 49       		.uleb128 0x49
 1028 0106 13       		.uleb128 0x13
 1029 0107 00       		.byte	0
 1030 0108 00       		.byte	0
 1031 0109 14       		.uleb128 0x14
 1032 010a 05       		.uleb128 0x5
 1033 010b 00       		.byte	0
 1034 010c 03       		.uleb128 0x3
 1035 010d 0E       		.uleb128 0xe
 1036 010e 3A       		.uleb128 0x3a
 1037 010f 0B       		.uleb128 0xb
 1038 0110 3B       		.uleb128 0x3b
 1039 0111 0B       		.uleb128 0xb
 1040 0112 49       		.uleb128 0x49
 1041 0113 13       		.uleb128 0x13
 1042 0114 02       		.uleb128 0x2
 1043 0115 18       		.uleb128 0x18
 1044 0116 00       		.byte	0
 1045 0117 00       		.byte	0
 1046 0118 15       		.uleb128 0x15
 1047 0119 2E       		.uleb128 0x2e
 1048 011a 01       		.byte	0x1
 1049 011b 3F       		.uleb128 0x3f
 1050 011c 19       		.uleb128 0x19
 1051 011d 03       		.uleb128 0x3
 1052 011e 0E       		.uleb128 0xe
 1053 011f 3A       		.uleb128 0x3a
 1054 0120 0B       		.uleb128 0xb
 1055 0121 3B       		.uleb128 0x3b
 1056 0122 0B       		.uleb128 0xb
 1057 0123 27       		.uleb128 0x27
 1058 0124 19       		.uleb128 0x19
 1059 0125 49       		.uleb128 0x49
 1060 0126 13       		.uleb128 0x13
 1061 0127 11       		.uleb128 0x11
 1062 0128 01       		.uleb128 0x1
 1063 0129 12       		.uleb128 0x12
 1064 012a 06       		.uleb128 0x6
 1065 012b 40       		.uleb128 0x40
 1066 012c 18       		.uleb128 0x18
 1067 012d 9742     		.uleb128 0x2117
 1068 012f 19       		.uleb128 0x19
 1069 0130 01       		.uleb128 0x1
 1070 0131 13       		.uleb128 0x13
 1071 0132 00       		.byte	0
 1072 0133 00       		.byte	0
 1073 0134 16       		.uleb128 0x16
 1074 0135 34       		.uleb128 0x34
 1075 0136 00       		.byte	0
 1076 0137 03       		.uleb128 0x3
 1077 0138 0E       		.uleb128 0xe
 1078 0139 3A       		.uleb128 0x3a
 1079 013a 0B       		.uleb128 0xb
 1080 013b 3B       		.uleb128 0x3b
 1081 013c 0B       		.uleb128 0xb
 1082 013d 49       		.uleb128 0x49
 1083 013e 13       		.uleb128 0x13
ARM GAS  /tmp/cc7vJNk9.s 			page 20


 1084 013f 02       		.uleb128 0x2
 1085 0140 17       		.uleb128 0x17
 1086 0141 00       		.byte	0
 1087 0142 00       		.byte	0
 1088 0143 17       		.uleb128 0x17
 1089 0144 2E       		.uleb128 0x2e
 1090 0145 01       		.byte	0x1
 1091 0146 3F       		.uleb128 0x3f
 1092 0147 19       		.uleb128 0x19
 1093 0148 03       		.uleb128 0x3
 1094 0149 0E       		.uleb128 0xe
 1095 014a 3A       		.uleb128 0x3a
 1096 014b 0B       		.uleb128 0xb
 1097 014c 3B       		.uleb128 0x3b
 1098 014d 05       		.uleb128 0x5
 1099 014e 27       		.uleb128 0x27
 1100 014f 19       		.uleb128 0x19
 1101 0150 49       		.uleb128 0x49
 1102 0151 13       		.uleb128 0x13
 1103 0152 11       		.uleb128 0x11
 1104 0153 01       		.uleb128 0x1
 1105 0154 12       		.uleb128 0x12
 1106 0155 06       		.uleb128 0x6
 1107 0156 40       		.uleb128 0x40
 1108 0157 18       		.uleb128 0x18
 1109 0158 9742     		.uleb128 0x2117
 1110 015a 19       		.uleb128 0x19
 1111 015b 01       		.uleb128 0x1
 1112 015c 13       		.uleb128 0x13
 1113 015d 00       		.byte	0
 1114 015e 00       		.byte	0
 1115 015f 18       		.uleb128 0x18
 1116 0160 05       		.uleb128 0x5
 1117 0161 00       		.byte	0
 1118 0162 03       		.uleb128 0x3
 1119 0163 0E       		.uleb128 0xe
 1120 0164 3A       		.uleb128 0x3a
 1121 0165 0B       		.uleb128 0xb
 1122 0166 3B       		.uleb128 0x3b
 1123 0167 05       		.uleb128 0x5
 1124 0168 49       		.uleb128 0x49
 1125 0169 13       		.uleb128 0x13
 1126 016a 02       		.uleb128 0x2
 1127 016b 17       		.uleb128 0x17
 1128 016c 00       		.byte	0
 1129 016d 00       		.byte	0
 1130 016e 19       		.uleb128 0x19
 1131 016f 34       		.uleb128 0x34
 1132 0170 00       		.byte	0
 1133 0171 03       		.uleb128 0x3
 1134 0172 0E       		.uleb128 0xe
 1135 0173 3A       		.uleb128 0x3a
 1136 0174 0B       		.uleb128 0xb
 1137 0175 3B       		.uleb128 0x3b
 1138 0176 05       		.uleb128 0x5
 1139 0177 49       		.uleb128 0x49
 1140 0178 13       		.uleb128 0x13
ARM GAS  /tmp/cc7vJNk9.s 			page 21


 1141 0179 02       		.uleb128 0x2
 1142 017a 17       		.uleb128 0x17
 1143 017b 00       		.byte	0
 1144 017c 00       		.byte	0
 1145 017d 1A       		.uleb128 0x1a
 1146 017e 2E       		.uleb128 0x2e
 1147 017f 01       		.byte	0x1
 1148 0180 3F       		.uleb128 0x3f
 1149 0181 19       		.uleb128 0x19
 1150 0182 03       		.uleb128 0x3
 1151 0183 0E       		.uleb128 0xe
 1152 0184 3A       		.uleb128 0x3a
 1153 0185 0B       		.uleb128 0xb
 1154 0186 3B       		.uleb128 0x3b
 1155 0187 05       		.uleb128 0x5
 1156 0188 27       		.uleb128 0x27
 1157 0189 19       		.uleb128 0x19
 1158 018a 11       		.uleb128 0x11
 1159 018b 01       		.uleb128 0x1
 1160 018c 12       		.uleb128 0x12
 1161 018d 06       		.uleb128 0x6
 1162 018e 40       		.uleb128 0x40
 1163 018f 18       		.uleb128 0x18
 1164 0190 9742     		.uleb128 0x2117
 1165 0192 19       		.uleb128 0x19
 1166 0193 01       		.uleb128 0x1
 1167 0194 13       		.uleb128 0x13
 1168 0195 00       		.byte	0
 1169 0196 00       		.byte	0
 1170 0197 1B       		.uleb128 0x1b
 1171 0198 05       		.uleb128 0x5
 1172 0199 00       		.byte	0
 1173 019a 03       		.uleb128 0x3
 1174 019b 0E       		.uleb128 0xe
 1175 019c 3A       		.uleb128 0x3a
 1176 019d 0B       		.uleb128 0xb
 1177 019e 3B       		.uleb128 0x3b
 1178 019f 05       		.uleb128 0x5
 1179 01a0 49       		.uleb128 0x49
 1180 01a1 13       		.uleb128 0x13
 1181 01a2 02       		.uleb128 0x2
 1182 01a3 18       		.uleb128 0x18
 1183 01a4 00       		.byte	0
 1184 01a5 00       		.byte	0
 1185 01a6 1C       		.uleb128 0x1c
 1186 01a7 34       		.uleb128 0x34
 1187 01a8 00       		.byte	0
 1188 01a9 03       		.uleb128 0x3
 1189 01aa 0E       		.uleb128 0xe
 1190 01ab 3A       		.uleb128 0x3a
 1191 01ac 0B       		.uleb128 0xb
 1192 01ad 3B       		.uleb128 0x3b
 1193 01ae 05       		.uleb128 0x5
 1194 01af 49       		.uleb128 0x49
 1195 01b0 13       		.uleb128 0x13
 1196 01b1 3F       		.uleb128 0x3f
 1197 01b2 19       		.uleb128 0x19
ARM GAS  /tmp/cc7vJNk9.s 			page 22


 1198 01b3 3C       		.uleb128 0x3c
 1199 01b4 19       		.uleb128 0x19
 1200 01b5 00       		.byte	0
 1201 01b6 00       		.byte	0
 1202 01b7 00       		.byte	0
 1203              		.section	.debug_loc,"",%progbits
 1204              	.Ldebug_loc0:
 1205              	.LLST0:
 1206 0000 00000000 		.4byte	.LVL0
 1207 0004 36000000 		.4byte	.LVL3
 1208 0008 0100     		.2byte	0x1
 1209 000a 50       		.byte	0x50
 1210 000b 36000000 		.4byte	.LVL3
 1211 000f 52000000 		.4byte	.LVL6
 1212 0013 0400     		.2byte	0x4
 1213 0015 F3       		.byte	0xf3
 1214 0016 01       		.uleb128 0x1
 1215 0017 50       		.byte	0x50
 1216 0018 9F       		.byte	0x9f
 1217 0019 52000000 		.4byte	.LVL6
 1218 001d 68000000 		.4byte	.LVL8
 1219 0021 0100     		.2byte	0x1
 1220 0023 50       		.byte	0x50
 1221 0024 68000000 		.4byte	.LVL8
 1222 0028 7C000000 		.4byte	.LFE113
 1223 002c 0400     		.2byte	0x4
 1224 002e F3       		.byte	0xf3
 1225 002f 01       		.uleb128 0x1
 1226 0030 50       		.byte	0x50
 1227 0031 9F       		.byte	0x9f
 1228 0032 00000000 		.4byte	0
 1229 0036 00000000 		.4byte	0
 1230              	.LLST1:
 1231 003a 00000000 		.4byte	.LVL0
 1232 003e 24000000 		.4byte	.LVL1
 1233 0042 0600     		.2byte	0x6
 1234 0044 0C       		.byte	0xc
 1235 0045 003C0140 		.4byte	0x40013c00
 1236 0049 9F       		.byte	0x9f
 1237 004a 24000000 		.4byte	.LVL1
 1238 004e 2A000000 		.4byte	.LVL2
 1239 0052 0E00     		.2byte	0xe
 1240 0054 70       		.byte	0x70
 1241 0055 04       		.sleb128 4
 1242 0056 94       		.byte	0x94
 1243 0057 01       		.byte	0x1
 1244 0058 08       		.byte	0x8
 1245 0059 FF       		.byte	0xff
 1246 005a 1A       		.byte	0x1a
 1247 005b 23       		.byte	0x23
 1248 005c 80F88480 		.uleb128 0x40013c00
 1248      04
 1249 0061 9F       		.byte	0x9f
 1250 0062 40000000 		.4byte	.LVL4
 1251 0066 4C000000 		.4byte	.LVL5
 1252 006a 0C00     		.2byte	0xc
 1253 006c 71       		.byte	0x71
ARM GAS  /tmp/cc7vJNk9.s 			page 23


 1254 006d 00       		.sleb128 0
 1255 006e 08       		.byte	0x8
 1256 006f FF       		.byte	0xff
 1257 0070 1A       		.byte	0x1a
 1258 0071 23       		.byte	0x23
 1259 0072 80F88480 		.uleb128 0x40013c00
 1259      04
 1260 0077 9F       		.byte	0x9f
 1261 0078 4C000000 		.4byte	.LVL5
 1262 007c 52000000 		.4byte	.LVL6
 1263 0080 1000     		.2byte	0x10
 1264 0082 73       		.byte	0x73
 1265 0083 8088FBFF 		.sleb128 -1073822720
 1265      7B
 1266 0088 08       		.byte	0x8
 1267 0089 FF       		.byte	0xff
 1268 008a 1A       		.byte	0x1a
 1269 008b 23       		.byte	0x23
 1270 008c 80F88480 		.uleb128 0x40013c00
 1270      04
 1271 0091 9F       		.byte	0x9f
 1272 0092 52000000 		.4byte	.LVL6
 1273 0096 66000000 		.4byte	.LVL7
 1274 009a 0E00     		.2byte	0xe
 1275 009c 70       		.byte	0x70
 1276 009d 04       		.sleb128 4
 1277 009e 94       		.byte	0x94
 1278 009f 01       		.byte	0x1
 1279 00a0 08       		.byte	0x8
 1280 00a1 FF       		.byte	0xff
 1281 00a2 1A       		.byte	0x1a
 1282 00a3 23       		.byte	0x23
 1283 00a4 80F88480 		.uleb128 0x40013c00
 1283      04
 1284 00a9 9F       		.byte	0x9f
 1285 00aa 66000000 		.4byte	.LVL7
 1286 00ae 68000000 		.4byte	.LVL8
 1287 00b2 1000     		.2byte	0x10
 1288 00b4 73       		.byte	0x73
 1289 00b5 8088FBFF 		.sleb128 -1073822720
 1289      7B
 1290 00ba 08       		.byte	0x8
 1291 00bb FF       		.byte	0xff
 1292 00bc 1A       		.byte	0x1a
 1293 00bd 23       		.byte	0x23
 1294 00be 80F88480 		.uleb128 0x40013c00
 1294      04
 1295 00c3 9F       		.byte	0x9f
 1296 00c4 00000000 		.4byte	0
 1297 00c8 00000000 		.4byte	0
 1298              	.LLST2:
 1299 00cc 00000000 		.4byte	.LVL10
 1300 00d0 06000000 		.4byte	.LVL11
 1301 00d4 0100     		.2byte	0x1
 1302 00d6 50       		.byte	0x50
 1303 00d7 06000000 		.4byte	.LVL11
 1304 00db 10000000 		.4byte	.LFE115
ARM GAS  /tmp/cc7vJNk9.s 			page 24


 1305 00df 0400     		.2byte	0x4
 1306 00e1 F3       		.byte	0xf3
 1307 00e2 01       		.uleb128 0x1
 1308 00e3 50       		.byte	0x50
 1309 00e4 9F       		.byte	0x9f
 1310 00e5 00000000 		.4byte	0
 1311 00e9 00000000 		.4byte	0
 1312              	.LLST3:
 1313 00ed 00000000 		.4byte	.LVL12
 1314 00f1 0A000000 		.4byte	.LVL14
 1315 00f5 0100     		.2byte	0x1
 1316 00f7 50       		.byte	0x50
 1317 00f8 0A000000 		.4byte	.LVL14
 1318 00fc 14000000 		.4byte	.LFE116
 1319 0100 0400     		.2byte	0x4
 1320 0102 F3       		.byte	0xf3
 1321 0103 01       		.uleb128 0x1
 1322 0104 50       		.byte	0x50
 1323 0105 9F       		.byte	0x9f
 1324 0106 00000000 		.4byte	0
 1325 010a 00000000 		.4byte	0
 1326              	.LLST4:
 1327 010e 00000000 		.4byte	.LVL12
 1328 0112 04000000 		.4byte	.LVL13
 1329 0116 0200     		.2byte	0x2
 1330 0118 30       		.byte	0x30
 1331 0119 9F       		.byte	0x9f
 1332 011a 04000000 		.4byte	.LVL13
 1333 011e 0A000000 		.4byte	.LVL14
 1334 0122 0800     		.2byte	0x8
 1335 0124 70       		.byte	0x70
 1336 0125 00       		.sleb128 0
 1337 0126 73       		.byte	0x73
 1338 0127 00       		.sleb128 0
 1339 0128 1A       		.byte	0x1a
 1340 0129 30       		.byte	0x30
 1341 012a 2E       		.byte	0x2e
 1342 012b 9F       		.byte	0x9f
 1343 012c 0A000000 		.4byte	.LVL14
 1344 0130 14000000 		.4byte	.LFE116
 1345 0134 0900     		.2byte	0x9
 1346 0136 F3       		.byte	0xf3
 1347 0137 01       		.uleb128 0x1
 1348 0138 50       		.byte	0x50
 1349 0139 73       		.byte	0x73
 1350 013a 00       		.sleb128 0
 1351 013b 1A       		.byte	0x1a
 1352 013c 30       		.byte	0x30
 1353 013d 2E       		.byte	0x2e
 1354 013e 9F       		.byte	0x9f
 1355 013f 00000000 		.4byte	0
 1356 0143 00000000 		.4byte	0
 1357              	.LLST5:
 1358 0147 00000000 		.4byte	.LVL16
 1359 014b 0A000000 		.4byte	.LVL18
 1360 014f 0100     		.2byte	0x1
 1361 0151 50       		.byte	0x50
ARM GAS  /tmp/cc7vJNk9.s 			page 25


 1362 0152 0A000000 		.4byte	.LVL18
 1363 0156 14000000 		.4byte	.LFE118
 1364 015a 0400     		.2byte	0x4
 1365 015c F3       		.byte	0xf3
 1366 015d 01       		.uleb128 0x1
 1367 015e 50       		.byte	0x50
 1368 015f 9F       		.byte	0x9f
 1369 0160 00000000 		.4byte	0
 1370 0164 00000000 		.4byte	0
 1371              	.LLST6:
 1372 0168 00000000 		.4byte	.LVL16
 1373 016c 04000000 		.4byte	.LVL17
 1374 0170 0200     		.2byte	0x2
 1375 0172 30       		.byte	0x30
 1376 0173 9F       		.byte	0x9f
 1377 0174 04000000 		.4byte	.LVL17
 1378 0178 0A000000 		.4byte	.LVL18
 1379 017c 0800     		.2byte	0x8
 1380 017e 70       		.byte	0x70
 1381 017f 00       		.sleb128 0
 1382 0180 73       		.byte	0x73
 1383 0181 00       		.sleb128 0
 1384 0182 1A       		.byte	0x1a
 1385 0183 30       		.byte	0x30
 1386 0184 2E       		.byte	0x2e
 1387 0185 9F       		.byte	0x9f
 1388 0186 0A000000 		.4byte	.LVL18
 1389 018a 14000000 		.4byte	.LFE118
 1390 018e 0900     		.2byte	0x9
 1391 0190 F3       		.byte	0xf3
 1392 0191 01       		.uleb128 0x1
 1393 0192 50       		.byte	0x50
 1394 0193 73       		.byte	0x73
 1395 0194 00       		.sleb128 0
 1396 0195 1A       		.byte	0x1a
 1397 0196 30       		.byte	0x30
 1398 0197 2E       		.byte	0x2e
 1399 0198 9F       		.byte	0x9f
 1400 0199 00000000 		.4byte	0
 1401 019d 00000000 		.4byte	0
 1402              		.section	.debug_aranges,"",%progbits
 1403 0000 54000000 		.4byte	0x54
 1404 0004 0200     		.2byte	0x2
 1405 0006 00000000 		.4byte	.Ldebug_info0
 1406 000a 04       		.byte	0x4
 1407 000b 00       		.byte	0
 1408 000c 0000     		.2byte	0
 1409 000e 0000     		.2byte	0
 1410 0010 00000000 		.4byte	.LFB112
 1411 0014 1C000000 		.4byte	.LFE112-.LFB112
 1412 0018 00000000 		.4byte	.LFB113
 1413 001c 7C000000 		.4byte	.LFE113-.LFB113
 1414 0020 00000000 		.4byte	.LFB114
 1415 0024 0E000000 		.4byte	.LFE114-.LFB114
 1416 0028 00000000 		.4byte	.LFB115
 1417 002c 10000000 		.4byte	.LFE115-.LFB115
 1418 0030 00000000 		.4byte	.LFB116
ARM GAS  /tmp/cc7vJNk9.s 			page 26


 1419 0034 14000000 		.4byte	.LFE116-.LFB116
 1420 0038 00000000 		.4byte	.LFB117
 1421 003c 0C000000 		.4byte	.LFE117-.LFB117
 1422 0040 00000000 		.4byte	.LFB118
 1423 0044 14000000 		.4byte	.LFE118-.LFB118
 1424 0048 00000000 		.4byte	.LFB119
 1425 004c 0C000000 		.4byte	.LFE119-.LFB119
 1426 0050 00000000 		.4byte	0
 1427 0054 00000000 		.4byte	0
 1428              		.section	.debug_ranges,"",%progbits
 1429              	.Ldebug_ranges0:
 1430 0000 00000000 		.4byte	.LFB112
 1431 0004 1C000000 		.4byte	.LFE112
 1432 0008 00000000 		.4byte	.LFB113
 1433 000c 7C000000 		.4byte	.LFE113
 1434 0010 00000000 		.4byte	.LFB114
 1435 0014 0E000000 		.4byte	.LFE114
 1436 0018 00000000 		.4byte	.LFB115
 1437 001c 10000000 		.4byte	.LFE115
 1438 0020 00000000 		.4byte	.LFB116
 1439 0024 14000000 		.4byte	.LFE116
 1440 0028 00000000 		.4byte	.LFB117
 1441 002c 0C000000 		.4byte	.LFE117
 1442 0030 00000000 		.4byte	.LFB118
 1443 0034 14000000 		.4byte	.LFE118
 1444 0038 00000000 		.4byte	.LFB119
 1445 003c 0C000000 		.4byte	.LFE119
 1446 0040 00000000 		.4byte	0
 1447 0044 00000000 		.4byte	0
 1448              		.section	.debug_line,"",%progbits
 1449              	.Ldebug_line0:
 1450 0000 28020000 		.section	.debug_str,"MS",%progbits,1
 1450      02005D01 
 1450      00000201 
 1450      FB0E0D00 
 1450      01010101 
 1451              	.LASF31:
 1452 0000 45585449 		.ascii	"EXTI_Line\000"
 1452      5F4C696E 
 1452      6500
 1453              	.LASF32:
 1454 000a 45585449 		.ascii	"EXTI_Mode\000"
 1454      5F4D6F64 
 1454      6500
 1455              	.LASF39:
 1456 0014 45585449 		.ascii	"EXTI_GenerateSWInterrupt\000"
 1456      5F47656E 
 1456      65726174 
 1456      65535749 
 1456      6E746572 
 1457              	.LASF20:
 1458 002d 49545374 		.ascii	"ITStatus\000"
 1458      61747573 
 1458      00
 1459              	.LASF34:
 1460 0036 45585449 		.ascii	"EXTI_LineCmd\000"
 1460      5F4C696E 
ARM GAS  /tmp/cc7vJNk9.s 			page 27


 1460      65436D64 
 1460      00
 1461              	.LASF33:
 1462 0043 45585449 		.ascii	"EXTI_Trigger\000"
 1462      5F547269 
 1462      67676572 
 1462      00
 1463              	.LASF5:
 1464 0050 5F5F696E 		.ascii	"__int32_t\000"
 1464      7433325F 
 1464      7400
 1465              	.LASF37:
 1466 005a 45585449 		.ascii	"EXTI_StructInit\000"
 1466      5F537472 
 1466      75637449 
 1466      6E697400 
 1467              	.LASF25:
 1468 006a 45585449 		.ascii	"EXTI_Mode_Event\000"
 1468      5F4D6F64 
 1468      655F4576 
 1468      656E7400 
 1469              	.LASF3:
 1470 007a 73686F72 		.ascii	"short unsigned int\000"
 1470      7420756E 
 1470      7369676E 
 1470      65642069 
 1470      6E7400
 1471              	.LASF23:
 1472 008d 46756E63 		.ascii	"FunctionalState\000"
 1472      74696F6E 
 1472      616C5374 
 1472      61746500 
 1473              	.LASF40:
 1474 009d 62697473 		.ascii	"bitstatus\000"
 1474      74617475 
 1474      7300
 1475              	.LASF46:
 1476 00a7 43686962 		.ascii	"ChibiOS_3.0.2/ext/stdperiph_stm32f4/src/stm32f4xx_e"
 1476      694F535F 
 1476      332E302E 
 1476      322F6578 
 1476      742F7374 
 1477 00da 7874692E 		.ascii	"xti.c\000"
 1477      6300
 1478              	.LASF35:
 1479 00e0 45585449 		.ascii	"EXTI_InitTypeDef\000"
 1479      5F496E69 
 1479      74547970 
 1479      65446566 
 1479      00
 1480              	.LASF38:
 1481 00f1 45585449 		.ascii	"EXTI_InitStruct\000"
 1481      5F496E69 
 1481      74537472 
 1481      75637400 
 1482              	.LASF22:
 1483 0101 454E4142 		.ascii	"ENABLE\000"
ARM GAS  /tmp/cc7vJNk9.s 			page 28


 1483      4C4500
 1484              	.LASF24:
 1485 0108 45585449 		.ascii	"EXTI_Mode_Interrupt\000"
 1485      5F4D6F64 
 1485      655F496E 
 1485      74657272 
 1485      75707400 
 1486              	.LASF1:
 1487 011c 756E7369 		.ascii	"unsigned char\000"
 1487      676E6564 
 1487      20636861 
 1487      7200
 1488              	.LASF19:
 1489 012a 466C6167 		.ascii	"FlagStatus\000"
 1489      53746174 
 1489      757300
 1490              	.LASF41:
 1491 0135 45585449 		.ascii	"EXTI_ClearFlag\000"
 1491      5F436C65 
 1491      6172466C 
 1491      616700
 1492              	.LASF7:
 1493 0144 6C6F6E67 		.ascii	"long unsigned int\000"
 1493      20756E73 
 1493      69676E65 
 1493      6420696E 
 1493      7400
 1494              	.LASF18:
 1495 0156 52455345 		.ascii	"RESET\000"
 1495      5400
 1496              	.LASF26:
 1497 015c 45585449 		.ascii	"EXTIMode_TypeDef\000"
 1497      4D6F6465 
 1497      5F547970 
 1497      65446566 
 1497      00
 1498              	.LASF17:
 1499 016d 45585449 		.ascii	"EXTI_TypeDef\000"
 1499      5F547970 
 1499      65446566 
 1499      00
 1500              	.LASF49:
 1501 017a 49544D5F 		.ascii	"ITM_RxBuffer\000"
 1501      52784275 
 1501      66666572 
 1501      00
 1502              	.LASF14:
 1503 0187 52545352 		.ascii	"RTSR\000"
 1503      00
 1504              	.LASF6:
 1505 018c 5F5F7569 		.ascii	"__uint32_t\000"
 1505      6E743332 
 1505      5F7400
 1506              	.LASF27:
 1507 0197 45585449 		.ascii	"EXTI_Trigger_Rising\000"
 1507      5F547269 
 1507      67676572 
ARM GAS  /tmp/cc7vJNk9.s 			page 29


 1507      5F526973 
 1507      696E6700 
 1508              	.LASF29:
 1509 01ab 45585449 		.ascii	"EXTI_Trigger_Rising_Falling\000"
 1509      5F547269 
 1509      67676572 
 1509      5F526973 
 1509      696E675F 
 1510              	.LASF45:
 1511 01c7 474E5520 		.ascii	"GNU C 4.9.3 20150529 (release) [ARM/embedded-4_9-br"
 1511      4320342E 
 1511      392E3320 
 1511      32303135 
 1511      30353239 
 1512 01fa 616E6368 		.ascii	"anch revision 227977] -mcpu=cortex-m4 -mfloat-abi=h"
 1512      20726576 
 1512      6973696F 
 1512      6E203232 
 1512      37393737 
 1513 022d 61726420 		.ascii	"ard -mfpu=fpv4-sp-d16 -mno-thumb-interwork -mthumb "
 1513      2D6D6670 
 1513      753D6670 
 1513      76342D73 
 1513      702D6431 
 1514 0260 2D676764 		.ascii	"-ggdb -O2 -std=gnu99 -fomit-frame-pointer -falign-f"
 1514      62202D4F 
 1514      32202D73 
 1514      74643D67 
 1514      6E753939 
 1515 0293 756E6374 		.ascii	"unctions=16 -ffunction-sections -fdata-sections -fn"
 1515      696F6E73 
 1515      3D313620 
 1515      2D666675 
 1515      6E637469 
 1516 02c6 6F2D636F 		.ascii	"o-common -fsingle-precision-constant\000"
 1516      6D6D6F6E 
 1516      202D6673 
 1516      696E676C 
 1516      652D7072 
 1517              	.LASF10:
 1518 02eb 756E7369 		.ascii	"unsigned int\000"
 1518      676E6564 
 1518      20696E74 
 1518      00
 1519              	.LASF36:
 1520 02f8 45585449 		.ascii	"EXTI_Init\000"
 1520      5F496E69 
 1520      7400
 1521              	.LASF42:
 1522 0302 45585449 		.ascii	"EXTI_GetFlagStatus\000"
 1522      5F476574 
 1522      466C6167 
 1522      53746174 
 1522      757300
 1523              	.LASF9:
 1524 0315 6C6F6E67 		.ascii	"long long unsigned int\000"
 1524      206C6F6E 
ARM GAS  /tmp/cc7vJNk9.s 			page 30


 1524      6720756E 
 1524      7369676E 
 1524      65642069 
 1525              	.LASF0:
 1526 032c 7369676E 		.ascii	"signed char\000"
 1526      65642063 
 1526      68617200 
 1527              	.LASF28:
 1528 0338 45585449 		.ascii	"EXTI_Trigger_Falling\000"
 1528      5F547269 
 1528      67676572 
 1528      5F46616C 
 1528      6C696E67 
 1529              	.LASF11:
 1530 034d 696E7433 		.ascii	"int32_t\000"
 1530      325F7400 
 1531              	.LASF13:
 1532 0355 73697A65 		.ascii	"sizetype\000"
 1532      74797065 
 1532      00
 1533              	.LASF8:
 1534 035e 6C6F6E67 		.ascii	"long long int\000"
 1534      206C6F6E 
 1534      6720696E 
 1534      7400
 1535              	.LASF43:
 1536 036c 45585449 		.ascii	"EXTI_GetITStatus\000"
 1536      5F476574 
 1536      49545374 
 1536      61747573 
 1536      00
 1537              	.LASF44:
 1538 037d 45585449 		.ascii	"EXTI_ClearITPendingBit\000"
 1538      5F436C65 
 1538      61724954 
 1538      50656E64 
 1538      696E6742 
 1539              	.LASF2:
 1540 0394 73686F72 		.ascii	"short int\000"
 1540      7420696E 
 1540      7400
 1541              	.LASF47:
 1542 039e 2F686F6D 		.ascii	"/home/benjamin/Skrivbord/SP-RCCar/Embedded/RC_Contr"
 1542      652F6265 
 1542      6E6A616D 
 1542      696E2F53 
 1542      6B726976 
 1543 03d1 6F6C6C65 		.ascii	"oller/\000"
 1543      722F00
 1544              	.LASF12:
 1545 03d8 75696E74 		.ascii	"uint32_t\000"
 1545      33325F74 
 1545      00
 1546              	.LASF4:
 1547 03e1 6C6F6E67 		.ascii	"long int\000"
 1547      20696E74 
 1547      00
ARM GAS  /tmp/cc7vJNk9.s 			page 31


 1548              	.LASF21:
 1549 03ea 44495341 		.ascii	"DISABLE\000"
 1549      424C4500 
 1550              	.LASF30:
 1551 03f2 45585449 		.ascii	"EXTITrigger_TypeDef\000"
 1551      54726967 
 1551      6765725F 
 1551      54797065 
 1551      44656600 
 1552              	.LASF16:
 1553 0406 53574945 		.ascii	"SWIER\000"
 1553      5200
 1554              	.LASF48:
 1555 040c 45585449 		.ascii	"EXTI_DeInit\000"
 1555      5F446549 
 1555      6E697400 
 1556              	.LASF15:
 1557 0418 46545352 		.ascii	"FTSR\000"
 1557      00
 1558              		.ident	"GCC: (GNU Tools for ARM Embedded Processors) 4.9.3 20150529 (release) [ARM/embedded-4_9-br
ARM GAS  /tmp/cc7vJNk9.s 			page 32


DEFINED SYMBOLS
                            *ABS*:0000000000000000 stm32f4xx_exti.c
     /tmp/cc7vJNk9.s:21     .text.EXTI_DeInit:0000000000000000 $t
     /tmp/cc7vJNk9.s:27     .text.EXTI_DeInit:0000000000000000 EXTI_DeInit
     /tmp/cc7vJNk9.s:54     .text.EXTI_DeInit:0000000000000014 $d
     /tmp/cc7vJNk9.s:60     .text.EXTI_Init:0000000000000000 $t
     /tmp/cc7vJNk9.s:66     .text.EXTI_Init:0000000000000000 EXTI_Init
     /tmp/cc7vJNk9.s:185    .text.EXTI_Init:0000000000000078 $d
     /tmp/cc7vJNk9.s:190    .text.EXTI_StructInit:0000000000000000 $t
     /tmp/cc7vJNk9.s:196    .text.EXTI_StructInit:0000000000000000 EXTI_StructInit
     /tmp/cc7vJNk9.s:220    .text.EXTI_GenerateSWInterrupt:0000000000000000 $t
     /tmp/cc7vJNk9.s:226    .text.EXTI_GenerateSWInterrupt:0000000000000000 EXTI_GenerateSWInterrupt
     /tmp/cc7vJNk9.s:244    .text.EXTI_GenerateSWInterrupt:000000000000000c $d
     /tmp/cc7vJNk9.s:249    .text.EXTI_GetFlagStatus:0000000000000000 $t
     /tmp/cc7vJNk9.s:255    .text.EXTI_GetFlagStatus:0000000000000000 EXTI_GetFlagStatus
     /tmp/cc7vJNk9.s:277    .text.EXTI_GetFlagStatus:0000000000000010 $d
     /tmp/cc7vJNk9.s:282    .text.EXTI_ClearFlag:0000000000000000 $t
     /tmp/cc7vJNk9.s:288    .text.EXTI_ClearFlag:0000000000000000 EXTI_ClearFlag
     /tmp/cc7vJNk9.s:303    .text.EXTI_ClearFlag:0000000000000008 $d
     /tmp/cc7vJNk9.s:308    .text.EXTI_GetITStatus:0000000000000000 $t
     /tmp/cc7vJNk9.s:314    .text.EXTI_GetITStatus:0000000000000000 EXTI_GetITStatus
     /tmp/cc7vJNk9.s:336    .text.EXTI_GetITStatus:0000000000000010 $d
     /tmp/cc7vJNk9.s:341    .text.EXTI_ClearITPendingBit:0000000000000000 $t
     /tmp/cc7vJNk9.s:347    .text.EXTI_ClearITPendingBit:0000000000000000 EXTI_ClearITPendingBit
     /tmp/cc7vJNk9.s:362    .text.EXTI_ClearITPendingBit:0000000000000008 $d
                     .debug_frame:0000000000000010 $d

NO UNDEFINED SYMBOLS
