ARM GAS  /tmp/ccdIa7xX.s 			page 1


   1              		.syntax unified
   2              		.cpu cortex-m4
   3              		.eabi_attribute 27, 1
   4              		.eabi_attribute 28, 1
   5              		.fpu fpv4-sp-d16
   6              		.eabi_attribute 20, 1
   7              		.eabi_attribute 21, 1
   8              		.eabi_attribute 23, 3
   9              		.eabi_attribute 24, 1
  10              		.eabi_attribute 25, 1
  11              		.eabi_attribute 26, 1
  12              		.eabi_attribute 30, 2
  13              		.eabi_attribute 34, 1
  14              		.eabi_attribute 18, 4
  15              		.thumb
  16              		.file	"stm32f4xx_syscfg.c"
  17              		.text
  18              	.Ltext0:
  19              		.cfi_sections	.debug_frame
  20              		.section	.text.SYSCFG_DeInit,"ax",%progbits
  21              		.align	2
  22              		.p2align 4,,15
  23              		.global	SYSCFG_DeInit
  24              		.thumb
  25              		.thumb_func
  26              		.type	SYSCFG_DeInit, %function
  27              	SYSCFG_DeInit:
  28              	.LFB112:
  29              		.file 1 "ChibiOS_3.0.2/ext/stdperiph_stm32f4/src/stm32f4xx_syscfg.c"
  30              		.loc 1 104 0
  31              		.cfi_startproc
  32              		@ args = 0, pretend = 0, frame = 0
  33              		@ frame_needed = 0, uses_anonymous_args = 0
  34 0000 08B5     		push	{r3, lr}
  35              		.cfi_def_cfa_offset 8
  36              		.cfi_offset 3, -8
  37              		.cfi_offset 14, -4
  38              		.loc 1 105 0
  39 0002 4FF48040 		mov	r0, #16384
  40 0006 0121     		movs	r1, #1
  41 0008 FFF7FEFF 		bl	RCC_APB2PeriphResetCmd
  42              	.LVL0:
  43              		.loc 1 106 0
  44 000c 4FF48040 		mov	r0, #16384
  45 0010 0021     		movs	r1, #0
  46              		.loc 1 107 0
  47 0012 BDE80840 		pop	{r3, lr}
  48              		.cfi_restore 14
  49              		.cfi_restore 3
  50              		.cfi_def_cfa_offset 0
  51              		.loc 1 106 0
  52 0016 FFF7FEBF 		b	RCC_APB2PeriphResetCmd
  53              	.LVL1:
  54              		.cfi_endproc
  55              	.LFE112:
  56              		.size	SYSCFG_DeInit, .-SYSCFG_DeInit
  57 001a 00BF     		.section	.text.SYSCFG_MemoryRemapConfig,"ax",%progbits
ARM GAS  /tmp/ccdIa7xX.s 			page 2


  58              		.align	2
  59              		.p2align 4,,15
  60              		.global	SYSCFG_MemoryRemapConfig
  61              		.thumb
  62              		.thumb_func
  63              		.type	SYSCFG_MemoryRemapConfig, %function
  64              	SYSCFG_MemoryRemapConfig:
  65              	.LFB113:
  66              		.loc 1 123 0
  67              		.cfi_startproc
  68              		@ args = 0, pretend = 0, frame = 0
  69              		@ frame_needed = 0, uses_anonymous_args = 0
  70              		@ link register save eliminated.
  71              	.LVL2:
  72              		.loc 1 127 0
  73 0000 014B     		ldr	r3, .L4
  74 0002 1860     		str	r0, [r3]
  75 0004 7047     		bx	lr
  76              	.L5:
  77 0006 00BF     		.align	2
  78              	.L4:
  79 0008 00380140 		.word	1073821696
  80              		.cfi_endproc
  81              	.LFE113:
  82              		.size	SYSCFG_MemoryRemapConfig, .-SYSCFG_MemoryRemapConfig
  83              		.section	.text.SYSCFG_MemorySwappingBank,"ax",%progbits
  84              		.align	2
  85              		.p2align 4,,15
  86              		.global	SYSCFG_MemorySwappingBank
  87              		.thumb
  88              		.thumb_func
  89              		.type	SYSCFG_MemorySwappingBank, %function
  90              	SYSCFG_MemorySwappingBank:
  91              	.LFB114:
  92              		.loc 1 144 0
  93              		.cfi_startproc
  94              		@ args = 0, pretend = 0, frame = 0
  95              		@ frame_needed = 0, uses_anonymous_args = 0
  96              		@ link register save eliminated.
  97              	.LVL3:
  98              		.loc 1 148 0
  99 0000 014B     		ldr	r3, .L7
 100 0002 1860     		str	r0, [r3]
 101 0004 7047     		bx	lr
 102              	.L8:
 103 0006 00BF     		.align	2
 104              	.L7:
 105 0008 20002742 		.word	1109852192
 106              		.cfi_endproc
 107              	.LFE114:
 108              		.size	SYSCFG_MemorySwappingBank, .-SYSCFG_MemorySwappingBank
 109              		.section	.text.SYSCFG_EXTILineConfig,"ax",%progbits
 110              		.align	2
 111              		.p2align 4,,15
 112              		.global	SYSCFG_EXTILineConfig
 113              		.thumb
 114              		.thumb_func
ARM GAS  /tmp/ccdIa7xX.s 			page 3


 115              		.type	SYSCFG_EXTILineConfig, %function
 116              	SYSCFG_EXTILineConfig:
 117              	.LFB115:
 118              		.loc 1 167 0
 119              		.cfi_startproc
 120              		@ args = 0, pretend = 0, frame = 0
 121              		@ frame_needed = 0, uses_anonymous_args = 0
 122              		@ link register save eliminated.
 123              	.LVL4:
 124 0000 01F0FC03 		and	r3, r1, #252
 125 0004 03F18043 		add	r3, r3, #1073741824
 126 0008 03F59C33 		add	r3, r3, #79872
 127              		.loc 1 174 0
 128 000c 01F00301 		and	r1, r1, #3
 129              	.LVL5:
 130              		.loc 1 167 0
 131 0010 10B4     		push	{r4}
 132              		.cfi_def_cfa_offset 4
 133              		.cfi_offset 4, -4
 134              		.loc 1 174 0
 135 0012 8900     		lsls	r1, r1, #2
 136              	.LVL6:
 137              		.loc 1 175 0
 138 0014 9C68     		ldr	r4, [r3, #8]
 139              		.loc 1 174 0
 140 0016 0F22     		movs	r2, #15
 141 0018 8A40     		lsls	r2, r2, r1
 142              	.LVL7:
 143              		.loc 1 175 0
 144 001a 24EA0202 		bic	r2, r4, r2
 145              	.LVL8:
 146 001e 9A60     		str	r2, [r3, #8]
 147              		.loc 1 176 0
 148 0020 9A68     		ldr	r2, [r3, #8]
 149              		.loc 1 177 0
 150 0022 5DF8044B 		ldr	r4, [sp], #4
 151              		.cfi_restore 4
 152              		.cfi_def_cfa_offset 0
 153              		.loc 1 176 0
 154 0026 8840     		lsls	r0, r0, r1
 155              	.LVL9:
 156 0028 0243     		orrs	r2, r2, r0
 157 002a 9A60     		str	r2, [r3, #8]
 158              		.loc 1 177 0
 159 002c 7047     		bx	lr
 160              		.cfi_endproc
 161              	.LFE115:
 162              		.size	SYSCFG_EXTILineConfig, .-SYSCFG_EXTILineConfig
 163 002e 00BF     		.section	.text.SYSCFG_ETH_MediaInterfaceConfig,"ax",%progbits
 164              		.align	2
 165              		.p2align 4,,15
 166              		.global	SYSCFG_ETH_MediaInterfaceConfig
 167              		.thumb
 168              		.thumb_func
 169              		.type	SYSCFG_ETH_MediaInterfaceConfig, %function
 170              	SYSCFG_ETH_MediaInterfaceConfig:
 171              	.LFB116:
ARM GAS  /tmp/ccdIa7xX.s 			page 4


 172              		.loc 1 188 0
 173              		.cfi_startproc
 174              		@ args = 0, pretend = 0, frame = 0
 175              		@ frame_needed = 0, uses_anonymous_args = 0
 176              		@ link register save eliminated.
 177              	.LVL10:
 178              		.loc 1 191 0
 179 0000 014B     		ldr	r3, .L12
 180 0002 1860     		str	r0, [r3]
 181 0004 7047     		bx	lr
 182              	.L13:
 183 0006 00BF     		.align	2
 184              	.L12:
 185 0008 DC002742 		.word	1109852380
 186              		.cfi_endproc
 187              	.LFE116:
 188              		.size	SYSCFG_ETH_MediaInterfaceConfig, .-SYSCFG_ETH_MediaInterfaceConfig
 189              		.section	.text.SYSCFG_CompensationCellCmd,"ax",%progbits
 190              		.align	2
 191              		.p2align 4,,15
 192              		.global	SYSCFG_CompensationCellCmd
 193              		.thumb
 194              		.thumb_func
 195              		.type	SYSCFG_CompensationCellCmd, %function
 196              	SYSCFG_CompensationCellCmd:
 197              	.LFB117:
 198              		.loc 1 205 0
 199              		.cfi_startproc
 200              		@ args = 0, pretend = 0, frame = 0
 201              		@ frame_needed = 0, uses_anonymous_args = 0
 202              		@ link register save eliminated.
 203              	.LVL11:
 204              		.loc 1 209 0
 205 0000 014B     		ldr	r3, .L15
 206 0002 1860     		str	r0, [r3]
 207 0004 7047     		bx	lr
 208              	.L16:
 209 0006 00BF     		.align	2
 210              	.L15:
 211 0008 00042742 		.word	1109853184
 212              		.cfi_endproc
 213              	.LFE117:
 214              		.size	SYSCFG_CompensationCellCmd, .-SYSCFG_CompensationCellCmd
 215              		.section	.text.SYSCFG_GetCompensationCellStatus,"ax",%progbits
 216              		.align	2
 217              		.p2align 4,,15
 218              		.global	SYSCFG_GetCompensationCellStatus
 219              		.thumb
 220              		.thumb_func
 221              		.type	SYSCFG_GetCompensationCellStatus, %function
 222              	SYSCFG_GetCompensationCellStatus:
 223              	.LFB118:
 224              		.loc 1 218 0
 225              		.cfi_startproc
 226              		@ args = 0, pretend = 0, frame = 0
 227              		@ frame_needed = 0, uses_anonymous_args = 0
 228              		@ link register save eliminated.
ARM GAS  /tmp/ccdIa7xX.s 			page 5


 229              	.LVL12:
 230              		.loc 1 221 0
 231 0000 024B     		ldr	r3, .L18
 232 0002 186A     		ldr	r0, [r3, #32]
 233              	.LVL13:
 234              		.loc 1 230 0
 235 0004 C0F30020 		ubfx	r0, r0, #8, #1
 236              	.LVL14:
 237 0008 7047     		bx	lr
 238              	.L19:
 239 000a 00BF     		.align	2
 240              	.L18:
 241 000c 00380140 		.word	1073821696
 242              		.cfi_endproc
 243              	.LFE118:
 244              		.size	SYSCFG_GetCompensationCellStatus, .-SYSCFG_GetCompensationCellStatus
 245              		.text
 246              	.Letext0:
 247              		.file 2 "/usr/arm-none-eabi/include/machine/_default_types.h"
 248              		.file 3 "/usr/arm-none-eabi/include/sys/_stdint.h"
 249              		.file 4 "ChibiOS_3.0.2/os/ext/CMSIS/ST/stm32f407xx.h"
 250              		.file 5 "ChibiOS_3.0.2/os/ext/CMSIS/ST/stm32f4xx.h"
 251              		.file 6 "ChibiOS_3.0.2/os/ext/CMSIS/include/core_cm4.h"
 252              		.file 7 "ChibiOS_3.0.2/ext/stdperiph_stm32f4/inc/stm32f4xx_rcc.h"
 253              		.section	.debug_info,"",%progbits
 254              	.Ldebug_info0:
 255 0000 D4020000 		.4byte	0x2d4
 256 0004 0400     		.2byte	0x4
 257 0006 00000000 		.4byte	.Ldebug_abbrev0
 258 000a 04       		.byte	0x4
 259 000b 01       		.uleb128 0x1
 260 000c 58010000 		.4byte	.LASF38
 261 0010 01       		.byte	0x1
 262 0011 B5020000 		.4byte	.LASF39
 263 0015 FC020000 		.4byte	.LASF40
 264 0019 00000000 		.4byte	.Ldebug_ranges0+0
 265 001d 00000000 		.4byte	0
 266 0021 00000000 		.4byte	.Ldebug_line0
 267 0025 02       		.uleb128 0x2
 268 0026 01       		.byte	0x1
 269 0027 06       		.byte	0x6
 270 0028 F0020000 		.4byte	.LASF0
 271 002c 03       		.uleb128 0x3
 272 002d 00000000 		.4byte	.LASF4
 273 0031 02       		.byte	0x2
 274 0032 1D       		.byte	0x1d
 275 0033 37000000 		.4byte	0x37
 276 0037 02       		.uleb128 0x2
 277 0038 01       		.byte	0x1
 278 0039 08       		.byte	0x8
 279 003a E9000000 		.4byte	.LASF1
 280 003e 02       		.uleb128 0x2
 281 003f 02       		.byte	0x2
 282 0040 05       		.byte	0x5
 283 0041 68030000 		.4byte	.LASF2
 284 0045 02       		.uleb128 0x2
 285 0046 02       		.byte	0x2
ARM GAS  /tmp/ccdIa7xX.s 			page 6


 286 0047 07       		.byte	0x7
 287 0048 4F000000 		.4byte	.LASF3
 288 004c 03       		.uleb128 0x3
 289 004d 2A000000 		.4byte	.LASF5
 290 0051 02       		.byte	0x2
 291 0052 3F       		.byte	0x3f
 292 0053 57000000 		.4byte	0x57
 293 0057 02       		.uleb128 0x2
 294 0058 04       		.byte	0x4
 295 0059 05       		.byte	0x5
 296 005a A8030000 		.4byte	.LASF6
 297 005e 03       		.uleb128 0x3
 298 005f BB000000 		.4byte	.LASF7
 299 0063 02       		.byte	0x2
 300 0064 41       		.byte	0x41
 301 0065 69000000 		.4byte	0x69
 302 0069 02       		.uleb128 0x2
 303 006a 04       		.byte	0x4
 304 006b 07       		.byte	0x7
 305 006c 02010000 		.4byte	.LASF8
 306 0070 02       		.uleb128 0x2
 307 0071 08       		.byte	0x8
 308 0072 05       		.byte	0x5
 309 0073 47030000 		.4byte	.LASF9
 310 0077 02       		.uleb128 0x2
 311 0078 08       		.byte	0x8
 312 0079 07       		.byte	0x7
 313 007a 96020000 		.4byte	.LASF10
 314 007e 04       		.uleb128 0x4
 315 007f 04       		.byte	0x4
 316 0080 05       		.byte	0x5
 317 0081 696E7400 		.ascii	"int\000"
 318 0085 02       		.uleb128 0x2
 319 0086 04       		.byte	0x4
 320 0087 07       		.byte	0x7
 321 0088 83020000 		.4byte	.LASF11
 322 008c 03       		.uleb128 0x3
 323 008d AD020000 		.4byte	.LASF12
 324 0091 03       		.byte	0x3
 325 0092 14       		.byte	0x14
 326 0093 2C000000 		.4byte	0x2c
 327 0097 03       		.uleb128 0x3
 328 0098 36030000 		.4byte	.LASF13
 329 009c 03       		.byte	0x3
 330 009d 1F       		.byte	0x1f
 331 009e 4C000000 		.4byte	0x4c
 332 00a2 03       		.uleb128 0x3
 333 00a3 9F030000 		.4byte	.LASF14
 334 00a7 03       		.byte	0x3
 335 00a8 20       		.byte	0x20
 336 00a9 5E000000 		.4byte	0x5e
 337 00ad 02       		.uleb128 0x2
 338 00ae 04       		.byte	0x4
 339 00af 07       		.byte	0x7
 340 00b0 3E030000 		.4byte	.LASF15
 341 00b4 05       		.uleb128 0x5
 342 00b5 A2000000 		.4byte	0xa2
ARM GAS  /tmp/ccdIa7xX.s 			page 7


 343 00b9 06       		.uleb128 0x6
 344 00ba A2000000 		.4byte	0xa2
 345 00be C9000000 		.4byte	0xc9
 346 00c2 07       		.uleb128 0x7
 347 00c3 AD000000 		.4byte	0xad
 348 00c7 01       		.byte	0x1
 349 00c8 00       		.byte	0
 350 00c9 06       		.uleb128 0x6
 351 00ca A2000000 		.4byte	0xa2
 352 00ce D9000000 		.4byte	0xd9
 353 00d2 07       		.uleb128 0x7
 354 00d3 AD000000 		.4byte	0xad
 355 00d7 03       		.byte	0x3
 356 00d8 00       		.byte	0
 357 00d9 08       		.uleb128 0x8
 358 00da 24       		.byte	0x24
 359 00db 04       		.byte	0x4
 360 00dc 3202     		.2byte	0x232
 361 00de 24010000 		.4byte	0x124
 362 00e2 09       		.uleb128 0x9
 363 00e3 14010000 		.4byte	.LASF16
 364 00e7 04       		.byte	0x4
 365 00e8 3402     		.2byte	0x234
 366 00ea B4000000 		.4byte	0xb4
 367 00ee 00       		.byte	0
 368 00ef 0A       		.uleb128 0xa
 369 00f0 504D4300 		.ascii	"PMC\000"
 370 00f4 04       		.byte	0x4
 371 00f5 3502     		.2byte	0x235
 372 00f7 B4000000 		.4byte	0xb4
 373 00fb 04       		.byte	0x4
 374 00fc 09       		.uleb128 0x9
 375 00fd 7C020000 		.4byte	.LASF17
 376 0101 04       		.byte	0x4
 377 0102 3602     		.2byte	0x236
 378 0104 24010000 		.4byte	0x124
 379 0108 08       		.byte	0x8
 380 0109 09       		.uleb128 0x9
 381 010a 4F010000 		.4byte	.LASF18
 382 010e 04       		.byte	0x4
 383 010f 3702     		.2byte	0x237
 384 0111 B9000000 		.4byte	0xb9
 385 0115 18       		.byte	0x18
 386 0116 09       		.uleb128 0x9
 387 0117 E3000000 		.4byte	.LASF19
 388 011b 04       		.byte	0x4
 389 011c 3802     		.2byte	0x238
 390 011e B4000000 		.4byte	0xb4
 391 0122 20       		.byte	0x20
 392 0123 00       		.byte	0
 393 0124 05       		.uleb128 0x5
 394 0125 C9000000 		.4byte	0xc9
 395 0129 0B       		.uleb128 0xb
 396 012a 7B030000 		.4byte	.LASF20
 397 012e 04       		.byte	0x4
 398 012f 3902     		.2byte	0x239
 399 0131 D9000000 		.4byte	0xd9
ARM GAS  /tmp/ccdIa7xX.s 			page 8


 400 0135 0C       		.uleb128 0xc
 401 0136 01       		.byte	0x1
 402 0137 05       		.byte	0x5
 403 0138 A2       		.byte	0xa2
 404 0139 4A010000 		.4byte	0x14a
 405 013d 0D       		.uleb128 0xd
 406 013e 90020000 		.4byte	.LASF21
 407 0142 00       		.sleb128 0
 408 0143 0E       		.uleb128 0xe
 409 0144 53455400 		.ascii	"SET\000"
 410 0148 01       		.sleb128 1
 411 0149 00       		.byte	0
 412 014a 03       		.uleb128 0x3
 413 014b F7000000 		.4byte	.LASF22
 414 014f 05       		.byte	0x5
 415 0150 A5       		.byte	0xa5
 416 0151 35010000 		.4byte	0x135
 417 0155 0C       		.uleb128 0xc
 418 0156 01       		.byte	0x1
 419 0157 05       		.byte	0x5
 420 0158 A8       		.byte	0xa8
 421 0159 6A010000 		.4byte	0x16a
 422 015d 0D       		.uleb128 0xd
 423 015e B1030000 		.4byte	.LASF23
 424 0162 00       		.sleb128 0
 425 0163 0D       		.uleb128 0xd
 426 0164 C6000000 		.4byte	.LASF24
 427 0168 01       		.sleb128 1
 428 0169 00       		.byte	0
 429 016a 03       		.uleb128 0x3
 430 016b 83000000 		.4byte	.LASF25
 431 016f 05       		.byte	0x5
 432 0170 AB       		.byte	0xab
 433 0171 55010000 		.4byte	0x155
 434 0175 0F       		.uleb128 0xf
 435 0176 93000000 		.4byte	.LASF26
 436 017a 01       		.byte	0x1
 437 017b 67       		.byte	0x67
 438 017c 00000000 		.4byte	.LFB112
 439 0180 1A000000 		.4byte	.LFE112-.LFB112
 440 0184 01       		.uleb128 0x1
 441 0185 9C       		.byte	0x9c
 442 0186 BB010000 		.4byte	0x1bb
 443 018a 10       		.uleb128 0x10
 444 018b 0C000000 		.4byte	.LVL0
 445 018f C4020000 		.4byte	0x2c4
 446 0193 A4010000 		.4byte	0x1a4
 447 0197 11       		.uleb128 0x11
 448 0198 01       		.uleb128 0x1
 449 0199 51       		.byte	0x51
 450 019a 01       		.uleb128 0x1
 451 019b 31       		.byte	0x31
 452 019c 11       		.uleb128 0x11
 453 019d 01       		.uleb128 0x1
 454 019e 50       		.byte	0x50
 455 019f 03       		.uleb128 0x3
 456 01a0 0A       		.byte	0xa
ARM GAS  /tmp/ccdIa7xX.s 			page 9


 457 01a1 0040     		.2byte	0x4000
 458 01a3 00       		.byte	0
 459 01a4 12       		.uleb128 0x12
 460 01a5 1A000000 		.4byte	.LVL1
 461 01a9 C4020000 		.4byte	0x2c4
 462 01ad 11       		.uleb128 0x11
 463 01ae 01       		.uleb128 0x1
 464 01af 51       		.byte	0x51
 465 01b0 01       		.uleb128 0x1
 466 01b1 30       		.byte	0x30
 467 01b2 11       		.uleb128 0x11
 468 01b3 01       		.uleb128 0x1
 469 01b4 50       		.byte	0x50
 470 01b5 03       		.uleb128 0x3
 471 01b6 0A       		.byte	0xa
 472 01b7 0040     		.2byte	0x4000
 473 01b9 00       		.byte	0
 474 01ba 00       		.byte	0
 475 01bb 0F       		.uleb128 0xf
 476 01bc DD030000 		.4byte	.LASF27
 477 01c0 01       		.byte	0x1
 478 01c1 7A       		.byte	0x7a
 479 01c2 00000000 		.4byte	.LFB113
 480 01c6 0C000000 		.4byte	.LFE113-.LFB113
 481 01ca 01       		.uleb128 0x1
 482 01cb 9C       		.byte	0x9c
 483 01cc DE010000 		.4byte	0x1de
 484 01d0 13       		.uleb128 0x13
 485 01d1 55030000 		.4byte	.LASF29
 486 01d5 01       		.byte	0x1
 487 01d6 7A       		.byte	0x7a
 488 01d7 8C000000 		.4byte	0x8c
 489 01db 01       		.uleb128 0x1
 490 01dc 50       		.byte	0x50
 491 01dd 00       		.byte	0
 492 01de 0F       		.uleb128 0xf
 493 01df C3030000 		.4byte	.LASF28
 494 01e3 01       		.byte	0x1
 495 01e4 8F       		.byte	0x8f
 496 01e5 00000000 		.4byte	.LFB114
 497 01e9 0C000000 		.4byte	.LFE114-.LFB114
 498 01ed 01       		.uleb128 0x1
 499 01ee 9C       		.byte	0x9c
 500 01ef 01020000 		.4byte	0x201
 501 01f3 13       		.uleb128 0x13
 502 01f4 72030000 		.4byte	.LASF30
 503 01f8 01       		.byte	0x1
 504 01f9 8F       		.byte	0x8f
 505 01fa 6A010000 		.4byte	0x16a
 506 01fe 01       		.uleb128 0x1
 507 01ff 50       		.byte	0x50
 508 0200 00       		.byte	0
 509 0201 0F       		.uleb128 0xf
 510 0202 CD000000 		.4byte	.LASF31
 511 0206 01       		.byte	0x1
 512 0207 A6       		.byte	0xa6
 513 0208 00000000 		.4byte	.LFB115
ARM GAS  /tmp/ccdIa7xX.s 			page 10


 514 020c 2E000000 		.4byte	.LFE115-.LFB115
 515 0210 01       		.uleb128 0x1
 516 0211 9C       		.byte	0x9c
 517 0212 44020000 		.4byte	0x244
 518 0216 14       		.uleb128 0x14
 519 0217 8A030000 		.4byte	.LASF32
 520 021b 01       		.byte	0x1
 521 021c A6       		.byte	0xa6
 522 021d 8C000000 		.4byte	0x8c
 523 0221 00000000 		.4byte	.LLST0
 524 0225 14       		.uleb128 0x14
 525 0226 3F010000 		.4byte	.LASF33
 526 022a 01       		.byte	0x1
 527 022b A6       		.byte	0xa6
 528 022c 8C000000 		.4byte	0x8c
 529 0230 21000000 		.4byte	.LLST1
 530 0234 15       		.uleb128 0x15
 531 0235 746D7000 		.ascii	"tmp\000"
 532 0239 01       		.byte	0x1
 533 023a A8       		.byte	0xa8
 534 023b A2000000 		.4byte	0xa2
 535 023f 42000000 		.4byte	.LLST2
 536 0243 00       		.byte	0
 537 0244 0F       		.uleb128 0xf
 538 0245 0A000000 		.4byte	.LASF34
 539 0249 01       		.byte	0x1
 540 024a BB       		.byte	0xbb
 541 024b 00000000 		.4byte	.LFB116
 542 024f 0C000000 		.4byte	.LFE116-.LFB116
 543 0253 01       		.uleb128 0x1
 544 0254 9C       		.byte	0x9c
 545 0255 67020000 		.4byte	0x267
 546 0259 13       		.uleb128 0x13
 547 025a A1000000 		.4byte	.LASF35
 548 025e 01       		.byte	0x1
 549 025f BB       		.byte	0xbb
 550 0260 A2000000 		.4byte	0xa2
 551 0264 01       		.uleb128 0x1
 552 0265 50       		.byte	0x50
 553 0266 00       		.byte	0
 554 0267 0F       		.uleb128 0xf
 555 0268 34000000 		.4byte	.LASF36
 556 026c 01       		.byte	0x1
 557 026d CC       		.byte	0xcc
 558 026e 00000000 		.4byte	.LFB117
 559 0272 0C000000 		.4byte	.LFE117-.LFB117
 560 0276 01       		.uleb128 0x1
 561 0277 9C       		.byte	0x9c
 562 0278 8A020000 		.4byte	0x28a
 563 027c 13       		.uleb128 0x13
 564 027d 72030000 		.4byte	.LASF30
 565 0281 01       		.byte	0x1
 566 0282 CC       		.byte	0xcc
 567 0283 6A010000 		.4byte	0x16a
 568 0287 01       		.uleb128 0x1
 569 0288 50       		.byte	0x50
 570 0289 00       		.byte	0
ARM GAS  /tmp/ccdIa7xX.s 			page 11


 571 028a 16       		.uleb128 0x16
 572 028b 62000000 		.4byte	.LASF41
 573 028f 01       		.byte	0x1
 574 0290 D9       		.byte	0xd9
 575 0291 4A010000 		.4byte	0x14a
 576 0295 00000000 		.4byte	.LFB118
 577 0299 10000000 		.4byte	.LFE118-.LFB118
 578 029d 01       		.uleb128 0x1
 579 029e 9C       		.byte	0x9c
 580 029f B3020000 		.4byte	0x2b3
 581 02a3 17       		.uleb128 0x17
 582 02a4 B9030000 		.4byte	.LASF37
 583 02a8 01       		.byte	0x1
 584 02a9 DB       		.byte	0xdb
 585 02aa 4A010000 		.4byte	0x14a
 586 02ae 7F000000 		.4byte	.LLST3
 587 02b2 00       		.byte	0
 588 02b3 18       		.uleb128 0x18
 589 02b4 32010000 		.4byte	.LASF42
 590 02b8 06       		.byte	0x6
 591 02b9 A706     		.2byte	0x6a7
 592 02bb BF020000 		.4byte	0x2bf
 593 02bf 05       		.uleb128 0x5
 594 02c0 97000000 		.4byte	0x97
 595 02c4 19       		.uleb128 0x19
 596 02c5 1B010000 		.4byte	.LASF43
 597 02c9 07       		.byte	0x7
 598 02ca 6203     		.2byte	0x362
 599 02cc 1A       		.uleb128 0x1a
 600 02cd A2000000 		.4byte	0xa2
 601 02d1 1A       		.uleb128 0x1a
 602 02d2 6A010000 		.4byte	0x16a
 603 02d6 00       		.byte	0
 604 02d7 00       		.byte	0
 605              		.section	.debug_abbrev,"",%progbits
 606              	.Ldebug_abbrev0:
 607 0000 01       		.uleb128 0x1
 608 0001 11       		.uleb128 0x11
 609 0002 01       		.byte	0x1
 610 0003 25       		.uleb128 0x25
 611 0004 0E       		.uleb128 0xe
 612 0005 13       		.uleb128 0x13
 613 0006 0B       		.uleb128 0xb
 614 0007 03       		.uleb128 0x3
 615 0008 0E       		.uleb128 0xe
 616 0009 1B       		.uleb128 0x1b
 617 000a 0E       		.uleb128 0xe
 618 000b 55       		.uleb128 0x55
 619 000c 17       		.uleb128 0x17
 620 000d 11       		.uleb128 0x11
 621 000e 01       		.uleb128 0x1
 622 000f 10       		.uleb128 0x10
 623 0010 17       		.uleb128 0x17
 624 0011 00       		.byte	0
 625 0012 00       		.byte	0
 626 0013 02       		.uleb128 0x2
 627 0014 24       		.uleb128 0x24
ARM GAS  /tmp/ccdIa7xX.s 			page 12


 628 0015 00       		.byte	0
 629 0016 0B       		.uleb128 0xb
 630 0017 0B       		.uleb128 0xb
 631 0018 3E       		.uleb128 0x3e
 632 0019 0B       		.uleb128 0xb
 633 001a 03       		.uleb128 0x3
 634 001b 0E       		.uleb128 0xe
 635 001c 00       		.byte	0
 636 001d 00       		.byte	0
 637 001e 03       		.uleb128 0x3
 638 001f 16       		.uleb128 0x16
 639 0020 00       		.byte	0
 640 0021 03       		.uleb128 0x3
 641 0022 0E       		.uleb128 0xe
 642 0023 3A       		.uleb128 0x3a
 643 0024 0B       		.uleb128 0xb
 644 0025 3B       		.uleb128 0x3b
 645 0026 0B       		.uleb128 0xb
 646 0027 49       		.uleb128 0x49
 647 0028 13       		.uleb128 0x13
 648 0029 00       		.byte	0
 649 002a 00       		.byte	0
 650 002b 04       		.uleb128 0x4
 651 002c 24       		.uleb128 0x24
 652 002d 00       		.byte	0
 653 002e 0B       		.uleb128 0xb
 654 002f 0B       		.uleb128 0xb
 655 0030 3E       		.uleb128 0x3e
 656 0031 0B       		.uleb128 0xb
 657 0032 03       		.uleb128 0x3
 658 0033 08       		.uleb128 0x8
 659 0034 00       		.byte	0
 660 0035 00       		.byte	0
 661 0036 05       		.uleb128 0x5
 662 0037 35       		.uleb128 0x35
 663 0038 00       		.byte	0
 664 0039 49       		.uleb128 0x49
 665 003a 13       		.uleb128 0x13
 666 003b 00       		.byte	0
 667 003c 00       		.byte	0
 668 003d 06       		.uleb128 0x6
 669 003e 01       		.uleb128 0x1
 670 003f 01       		.byte	0x1
 671 0040 49       		.uleb128 0x49
 672 0041 13       		.uleb128 0x13
 673 0042 01       		.uleb128 0x1
 674 0043 13       		.uleb128 0x13
 675 0044 00       		.byte	0
 676 0045 00       		.byte	0
 677 0046 07       		.uleb128 0x7
 678 0047 21       		.uleb128 0x21
 679 0048 00       		.byte	0
 680 0049 49       		.uleb128 0x49
 681 004a 13       		.uleb128 0x13
 682 004b 2F       		.uleb128 0x2f
 683 004c 0B       		.uleb128 0xb
 684 004d 00       		.byte	0
ARM GAS  /tmp/ccdIa7xX.s 			page 13


 685 004e 00       		.byte	0
 686 004f 08       		.uleb128 0x8
 687 0050 13       		.uleb128 0x13
 688 0051 01       		.byte	0x1
 689 0052 0B       		.uleb128 0xb
 690 0053 0B       		.uleb128 0xb
 691 0054 3A       		.uleb128 0x3a
 692 0055 0B       		.uleb128 0xb
 693 0056 3B       		.uleb128 0x3b
 694 0057 05       		.uleb128 0x5
 695 0058 01       		.uleb128 0x1
 696 0059 13       		.uleb128 0x13
 697 005a 00       		.byte	0
 698 005b 00       		.byte	0
 699 005c 09       		.uleb128 0x9
 700 005d 0D       		.uleb128 0xd
 701 005e 00       		.byte	0
 702 005f 03       		.uleb128 0x3
 703 0060 0E       		.uleb128 0xe
 704 0061 3A       		.uleb128 0x3a
 705 0062 0B       		.uleb128 0xb
 706 0063 3B       		.uleb128 0x3b
 707 0064 05       		.uleb128 0x5
 708 0065 49       		.uleb128 0x49
 709 0066 13       		.uleb128 0x13
 710 0067 38       		.uleb128 0x38
 711 0068 0B       		.uleb128 0xb
 712 0069 00       		.byte	0
 713 006a 00       		.byte	0
 714 006b 0A       		.uleb128 0xa
 715 006c 0D       		.uleb128 0xd
 716 006d 00       		.byte	0
 717 006e 03       		.uleb128 0x3
 718 006f 08       		.uleb128 0x8
 719 0070 3A       		.uleb128 0x3a
 720 0071 0B       		.uleb128 0xb
 721 0072 3B       		.uleb128 0x3b
 722 0073 05       		.uleb128 0x5
 723 0074 49       		.uleb128 0x49
 724 0075 13       		.uleb128 0x13
 725 0076 38       		.uleb128 0x38
 726 0077 0B       		.uleb128 0xb
 727 0078 00       		.byte	0
 728 0079 00       		.byte	0
 729 007a 0B       		.uleb128 0xb
 730 007b 16       		.uleb128 0x16
 731 007c 00       		.byte	0
 732 007d 03       		.uleb128 0x3
 733 007e 0E       		.uleb128 0xe
 734 007f 3A       		.uleb128 0x3a
 735 0080 0B       		.uleb128 0xb
 736 0081 3B       		.uleb128 0x3b
 737 0082 05       		.uleb128 0x5
 738 0083 49       		.uleb128 0x49
 739 0084 13       		.uleb128 0x13
 740 0085 00       		.byte	0
 741 0086 00       		.byte	0
ARM GAS  /tmp/ccdIa7xX.s 			page 14


 742 0087 0C       		.uleb128 0xc
 743 0088 04       		.uleb128 0x4
 744 0089 01       		.byte	0x1
 745 008a 0B       		.uleb128 0xb
 746 008b 0B       		.uleb128 0xb
 747 008c 3A       		.uleb128 0x3a
 748 008d 0B       		.uleb128 0xb
 749 008e 3B       		.uleb128 0x3b
 750 008f 0B       		.uleb128 0xb
 751 0090 01       		.uleb128 0x1
 752 0091 13       		.uleb128 0x13
 753 0092 00       		.byte	0
 754 0093 00       		.byte	0
 755 0094 0D       		.uleb128 0xd
 756 0095 28       		.uleb128 0x28
 757 0096 00       		.byte	0
 758 0097 03       		.uleb128 0x3
 759 0098 0E       		.uleb128 0xe
 760 0099 1C       		.uleb128 0x1c
 761 009a 0D       		.uleb128 0xd
 762 009b 00       		.byte	0
 763 009c 00       		.byte	0
 764 009d 0E       		.uleb128 0xe
 765 009e 28       		.uleb128 0x28
 766 009f 00       		.byte	0
 767 00a0 03       		.uleb128 0x3
 768 00a1 08       		.uleb128 0x8
 769 00a2 1C       		.uleb128 0x1c
 770 00a3 0D       		.uleb128 0xd
 771 00a4 00       		.byte	0
 772 00a5 00       		.byte	0
 773 00a6 0F       		.uleb128 0xf
 774 00a7 2E       		.uleb128 0x2e
 775 00a8 01       		.byte	0x1
 776 00a9 3F       		.uleb128 0x3f
 777 00aa 19       		.uleb128 0x19
 778 00ab 03       		.uleb128 0x3
 779 00ac 0E       		.uleb128 0xe
 780 00ad 3A       		.uleb128 0x3a
 781 00ae 0B       		.uleb128 0xb
 782 00af 3B       		.uleb128 0x3b
 783 00b0 0B       		.uleb128 0xb
 784 00b1 27       		.uleb128 0x27
 785 00b2 19       		.uleb128 0x19
 786 00b3 11       		.uleb128 0x11
 787 00b4 01       		.uleb128 0x1
 788 00b5 12       		.uleb128 0x12
 789 00b6 06       		.uleb128 0x6
 790 00b7 40       		.uleb128 0x40
 791 00b8 18       		.uleb128 0x18
 792 00b9 9742     		.uleb128 0x2117
 793 00bb 19       		.uleb128 0x19
 794 00bc 01       		.uleb128 0x1
 795 00bd 13       		.uleb128 0x13
 796 00be 00       		.byte	0
 797 00bf 00       		.byte	0
 798 00c0 10       		.uleb128 0x10
ARM GAS  /tmp/ccdIa7xX.s 			page 15


 799 00c1 898201   		.uleb128 0x4109
 800 00c4 01       		.byte	0x1
 801 00c5 11       		.uleb128 0x11
 802 00c6 01       		.uleb128 0x1
 803 00c7 31       		.uleb128 0x31
 804 00c8 13       		.uleb128 0x13
 805 00c9 01       		.uleb128 0x1
 806 00ca 13       		.uleb128 0x13
 807 00cb 00       		.byte	0
 808 00cc 00       		.byte	0
 809 00cd 11       		.uleb128 0x11
 810 00ce 8A8201   		.uleb128 0x410a
 811 00d1 00       		.byte	0
 812 00d2 02       		.uleb128 0x2
 813 00d3 18       		.uleb128 0x18
 814 00d4 9142     		.uleb128 0x2111
 815 00d6 18       		.uleb128 0x18
 816 00d7 00       		.byte	0
 817 00d8 00       		.byte	0
 818 00d9 12       		.uleb128 0x12
 819 00da 898201   		.uleb128 0x4109
 820 00dd 01       		.byte	0x1
 821 00de 11       		.uleb128 0x11
 822 00df 01       		.uleb128 0x1
 823 00e0 9542     		.uleb128 0x2115
 824 00e2 19       		.uleb128 0x19
 825 00e3 31       		.uleb128 0x31
 826 00e4 13       		.uleb128 0x13
 827 00e5 00       		.byte	0
 828 00e6 00       		.byte	0
 829 00e7 13       		.uleb128 0x13
 830 00e8 05       		.uleb128 0x5
 831 00e9 00       		.byte	0
 832 00ea 03       		.uleb128 0x3
 833 00eb 0E       		.uleb128 0xe
 834 00ec 3A       		.uleb128 0x3a
 835 00ed 0B       		.uleb128 0xb
 836 00ee 3B       		.uleb128 0x3b
 837 00ef 0B       		.uleb128 0xb
 838 00f0 49       		.uleb128 0x49
 839 00f1 13       		.uleb128 0x13
 840 00f2 02       		.uleb128 0x2
 841 00f3 18       		.uleb128 0x18
 842 00f4 00       		.byte	0
 843 00f5 00       		.byte	0
 844 00f6 14       		.uleb128 0x14
 845 00f7 05       		.uleb128 0x5
 846 00f8 00       		.byte	0
 847 00f9 03       		.uleb128 0x3
 848 00fa 0E       		.uleb128 0xe
 849 00fb 3A       		.uleb128 0x3a
 850 00fc 0B       		.uleb128 0xb
 851 00fd 3B       		.uleb128 0x3b
 852 00fe 0B       		.uleb128 0xb
 853 00ff 49       		.uleb128 0x49
 854 0100 13       		.uleb128 0x13
 855 0101 02       		.uleb128 0x2
ARM GAS  /tmp/ccdIa7xX.s 			page 16


 856 0102 17       		.uleb128 0x17
 857 0103 00       		.byte	0
 858 0104 00       		.byte	0
 859 0105 15       		.uleb128 0x15
 860 0106 34       		.uleb128 0x34
 861 0107 00       		.byte	0
 862 0108 03       		.uleb128 0x3
 863 0109 08       		.uleb128 0x8
 864 010a 3A       		.uleb128 0x3a
 865 010b 0B       		.uleb128 0xb
 866 010c 3B       		.uleb128 0x3b
 867 010d 0B       		.uleb128 0xb
 868 010e 49       		.uleb128 0x49
 869 010f 13       		.uleb128 0x13
 870 0110 02       		.uleb128 0x2
 871 0111 17       		.uleb128 0x17
 872 0112 00       		.byte	0
 873 0113 00       		.byte	0
 874 0114 16       		.uleb128 0x16
 875 0115 2E       		.uleb128 0x2e
 876 0116 01       		.byte	0x1
 877 0117 3F       		.uleb128 0x3f
 878 0118 19       		.uleb128 0x19
 879 0119 03       		.uleb128 0x3
 880 011a 0E       		.uleb128 0xe
 881 011b 3A       		.uleb128 0x3a
 882 011c 0B       		.uleb128 0xb
 883 011d 3B       		.uleb128 0x3b
 884 011e 0B       		.uleb128 0xb
 885 011f 27       		.uleb128 0x27
 886 0120 19       		.uleb128 0x19
 887 0121 49       		.uleb128 0x49
 888 0122 13       		.uleb128 0x13
 889 0123 11       		.uleb128 0x11
 890 0124 01       		.uleb128 0x1
 891 0125 12       		.uleb128 0x12
 892 0126 06       		.uleb128 0x6
 893 0127 40       		.uleb128 0x40
 894 0128 18       		.uleb128 0x18
 895 0129 9742     		.uleb128 0x2117
 896 012b 19       		.uleb128 0x19
 897 012c 01       		.uleb128 0x1
 898 012d 13       		.uleb128 0x13
 899 012e 00       		.byte	0
 900 012f 00       		.byte	0
 901 0130 17       		.uleb128 0x17
 902 0131 34       		.uleb128 0x34
 903 0132 00       		.byte	0
 904 0133 03       		.uleb128 0x3
 905 0134 0E       		.uleb128 0xe
 906 0135 3A       		.uleb128 0x3a
 907 0136 0B       		.uleb128 0xb
 908 0137 3B       		.uleb128 0x3b
 909 0138 0B       		.uleb128 0xb
 910 0139 49       		.uleb128 0x49
 911 013a 13       		.uleb128 0x13
 912 013b 02       		.uleb128 0x2
ARM GAS  /tmp/ccdIa7xX.s 			page 17


 913 013c 17       		.uleb128 0x17
 914 013d 00       		.byte	0
 915 013e 00       		.byte	0
 916 013f 18       		.uleb128 0x18
 917 0140 34       		.uleb128 0x34
 918 0141 00       		.byte	0
 919 0142 03       		.uleb128 0x3
 920 0143 0E       		.uleb128 0xe
 921 0144 3A       		.uleb128 0x3a
 922 0145 0B       		.uleb128 0xb
 923 0146 3B       		.uleb128 0x3b
 924 0147 05       		.uleb128 0x5
 925 0148 49       		.uleb128 0x49
 926 0149 13       		.uleb128 0x13
 927 014a 3F       		.uleb128 0x3f
 928 014b 19       		.uleb128 0x19
 929 014c 3C       		.uleb128 0x3c
 930 014d 19       		.uleb128 0x19
 931 014e 00       		.byte	0
 932 014f 00       		.byte	0
 933 0150 19       		.uleb128 0x19
 934 0151 2E       		.uleb128 0x2e
 935 0152 01       		.byte	0x1
 936 0153 3F       		.uleb128 0x3f
 937 0154 19       		.uleb128 0x19
 938 0155 03       		.uleb128 0x3
 939 0156 0E       		.uleb128 0xe
 940 0157 3A       		.uleb128 0x3a
 941 0158 0B       		.uleb128 0xb
 942 0159 3B       		.uleb128 0x3b
 943 015a 05       		.uleb128 0x5
 944 015b 27       		.uleb128 0x27
 945 015c 19       		.uleb128 0x19
 946 015d 3C       		.uleb128 0x3c
 947 015e 19       		.uleb128 0x19
 948 015f 00       		.byte	0
 949 0160 00       		.byte	0
 950 0161 1A       		.uleb128 0x1a
 951 0162 05       		.uleb128 0x5
 952 0163 00       		.byte	0
 953 0164 49       		.uleb128 0x49
 954 0165 13       		.uleb128 0x13
 955 0166 00       		.byte	0
 956 0167 00       		.byte	0
 957 0168 00       		.byte	0
 958              		.section	.debug_loc,"",%progbits
 959              	.Ldebug_loc0:
 960              	.LLST0:
 961 0000 00000000 		.4byte	.LVL4
 962 0004 28000000 		.4byte	.LVL9
 963 0008 0100     		.2byte	0x1
 964 000a 50       		.byte	0x50
 965 000b 28000000 		.4byte	.LVL9
 966 000f 2E000000 		.4byte	.LFE115
 967 0013 0400     		.2byte	0x4
 968 0015 F3       		.byte	0xf3
 969 0016 01       		.uleb128 0x1
ARM GAS  /tmp/ccdIa7xX.s 			page 18


 970 0017 50       		.byte	0x50
 971 0018 9F       		.byte	0x9f
 972 0019 00000000 		.4byte	0
 973 001d 00000000 		.4byte	0
 974              	.LLST1:
 975 0021 00000000 		.4byte	.LVL4
 976 0025 10000000 		.4byte	.LVL5
 977 0029 0100     		.2byte	0x1
 978 002b 51       		.byte	0x51
 979 002c 10000000 		.4byte	.LVL5
 980 0030 2E000000 		.4byte	.LFE115
 981 0034 0400     		.2byte	0x4
 982 0036 F3       		.byte	0xf3
 983 0037 01       		.uleb128 0x1
 984 0038 51       		.byte	0x51
 985 0039 9F       		.byte	0x9f
 986 003a 00000000 		.4byte	0
 987 003e 00000000 		.4byte	0
 988              	.LLST2:
 989 0042 00000000 		.4byte	.LVL4
 990 0046 14000000 		.4byte	.LVL6
 991 004a 0200     		.2byte	0x2
 992 004c 30       		.byte	0x30
 993 004d 9F       		.byte	0x9f
 994 004e 14000000 		.4byte	.LVL6
 995 0052 1A000000 		.4byte	.LVL7
 996 0056 0500     		.2byte	0x5
 997 0058 3F       		.byte	0x3f
 998 0059 71       		.byte	0x71
 999 005a 00       		.sleb128 0
 1000 005b 24       		.byte	0x24
 1001 005c 9F       		.byte	0x9f
 1002 005d 1A000000 		.4byte	.LVL7
 1003 0061 1E000000 		.4byte	.LVL8
 1004 0065 0100     		.2byte	0x1
 1005 0067 52       		.byte	0x52
 1006 0068 1E000000 		.4byte	.LVL8
 1007 006c 2E000000 		.4byte	.LFE115
 1008 0070 0500     		.2byte	0x5
 1009 0072 3F       		.byte	0x3f
 1010 0073 71       		.byte	0x71
 1011 0074 00       		.sleb128 0
 1012 0075 24       		.byte	0x24
 1013 0076 9F       		.byte	0x9f
 1014 0077 00000000 		.4byte	0
 1015 007b 00000000 		.4byte	0
 1016              	.LLST3:
 1017 007f 00000000 		.4byte	.LVL12
 1018 0083 04000000 		.4byte	.LVL13
 1019 0087 0200     		.2byte	0x2
 1020 0089 30       		.byte	0x30
 1021 008a 9F       		.byte	0x9f
 1022 008b 04000000 		.4byte	.LVL13
 1023 008f 08000000 		.4byte	.LVL14
 1024 0093 0900     		.2byte	0x9
 1025 0095 70       		.byte	0x70
 1026 0096 00       		.sleb128 0
ARM GAS  /tmp/ccdIa7xX.s 			page 19


 1027 0097 0A       		.byte	0xa
 1028 0098 0001     		.2byte	0x100
 1029 009a 1A       		.byte	0x1a
 1030 009b 30       		.byte	0x30
 1031 009c 2E       		.byte	0x2e
 1032 009d 9F       		.byte	0x9f
 1033 009e 00000000 		.4byte	0
 1034 00a2 00000000 		.4byte	0
 1035              		.section	.debug_aranges,"",%progbits
 1036 0000 4C000000 		.4byte	0x4c
 1037 0004 0200     		.2byte	0x2
 1038 0006 00000000 		.4byte	.Ldebug_info0
 1039 000a 04       		.byte	0x4
 1040 000b 00       		.byte	0
 1041 000c 0000     		.2byte	0
 1042 000e 0000     		.2byte	0
 1043 0010 00000000 		.4byte	.LFB112
 1044 0014 1A000000 		.4byte	.LFE112-.LFB112
 1045 0018 00000000 		.4byte	.LFB113
 1046 001c 0C000000 		.4byte	.LFE113-.LFB113
 1047 0020 00000000 		.4byte	.LFB114
 1048 0024 0C000000 		.4byte	.LFE114-.LFB114
 1049 0028 00000000 		.4byte	.LFB115
 1050 002c 2E000000 		.4byte	.LFE115-.LFB115
 1051 0030 00000000 		.4byte	.LFB116
 1052 0034 0C000000 		.4byte	.LFE116-.LFB116
 1053 0038 00000000 		.4byte	.LFB117
 1054 003c 0C000000 		.4byte	.LFE117-.LFB117
 1055 0040 00000000 		.4byte	.LFB118
 1056 0044 10000000 		.4byte	.LFE118-.LFB118
 1057 0048 00000000 		.4byte	0
 1058 004c 00000000 		.4byte	0
 1059              		.section	.debug_ranges,"",%progbits
 1060              	.Ldebug_ranges0:
 1061 0000 00000000 		.4byte	.LFB112
 1062 0004 1A000000 		.4byte	.LFE112
 1063 0008 00000000 		.4byte	.LFB113
 1064 000c 0C000000 		.4byte	.LFE113
 1065 0010 00000000 		.4byte	.LFB114
 1066 0014 0C000000 		.4byte	.LFE114
 1067 0018 00000000 		.4byte	.LFB115
 1068 001c 2E000000 		.4byte	.LFE115
 1069 0020 00000000 		.4byte	.LFB116
 1070 0024 0C000000 		.4byte	.LFE116
 1071 0028 00000000 		.4byte	.LFB117
 1072 002c 0C000000 		.4byte	.LFE117
 1073 0030 00000000 		.4byte	.LFB118
 1074 0034 10000000 		.4byte	.LFE118
 1075 0038 00000000 		.4byte	0
 1076 003c 00000000 		.4byte	0
 1077              		.section	.debug_line,"",%progbits
 1078              	.Ldebug_line0:
 1079 0000 EC010000 		.section	.debug_str,"MS",%progbits,1
 1079      02005E01 
 1079      00000201 
 1079      FB0E0D00 
 1079      01010101 
ARM GAS  /tmp/ccdIa7xX.s 			page 20


 1080              	.LASF4:
 1081 0000 5F5F7569 		.ascii	"__uint8_t\000"
 1081      6E74385F 
 1081      7400
 1082              	.LASF34:
 1083 000a 53595343 		.ascii	"SYSCFG_ETH_MediaInterfaceConfig\000"
 1083      46475F45 
 1083      54485F4D 
 1083      65646961 
 1083      496E7465 
 1084              	.LASF5:
 1085 002a 5F5F696E 		.ascii	"__int32_t\000"
 1085      7433325F 
 1085      7400
 1086              	.LASF36:
 1087 0034 53595343 		.ascii	"SYSCFG_CompensationCellCmd\000"
 1087      46475F43 
 1087      6F6D7065 
 1087      6E736174 
 1087      696F6E43 
 1088              	.LASF3:
 1089 004f 73686F72 		.ascii	"short unsigned int\000"
 1089      7420756E 
 1089      7369676E 
 1089      65642069 
 1089      6E7400
 1090              	.LASF41:
 1091 0062 53595343 		.ascii	"SYSCFG_GetCompensationCellStatus\000"
 1091      46475F47 
 1091      6574436F 
 1091      6D70656E 
 1091      73617469 
 1092              	.LASF25:
 1093 0083 46756E63 		.ascii	"FunctionalState\000"
 1093      74696F6E 
 1093      616C5374 
 1093      61746500 
 1094              	.LASF26:
 1095 0093 53595343 		.ascii	"SYSCFG_DeInit\000"
 1095      46475F44 
 1095      65496E69 
 1095      7400
 1096              	.LASF35:
 1097 00a1 53595343 		.ascii	"SYSCFG_ETH_MediaInterface\000"
 1097      46475F45 
 1097      54485F4D 
 1097      65646961 
 1097      496E7465 
 1098              	.LASF7:
 1099 00bb 5F5F7569 		.ascii	"__uint32_t\000"
 1099      6E743332 
 1099      5F7400
 1100              	.LASF24:
 1101 00c6 454E4142 		.ascii	"ENABLE\000"
 1101      4C4500
 1102              	.LASF31:
 1103 00cd 53595343 		.ascii	"SYSCFG_EXTILineConfig\000"
ARM GAS  /tmp/ccdIa7xX.s 			page 21


 1103      46475F45 
 1103      5854494C 
 1103      696E6543 
 1103      6F6E6669 
 1104              	.LASF19:
 1105 00e3 434D5043 		.ascii	"CMPCR\000"
 1105      5200
 1106              	.LASF1:
 1107 00e9 756E7369 		.ascii	"unsigned char\000"
 1107      676E6564 
 1107      20636861 
 1107      7200
 1108              	.LASF22:
 1109 00f7 466C6167 		.ascii	"FlagStatus\000"
 1109      53746174 
 1109      757300
 1110              	.LASF8:
 1111 0102 6C6F6E67 		.ascii	"long unsigned int\000"
 1111      20756E73 
 1111      69676E65 
 1111      6420696E 
 1111      7400
 1112              	.LASF16:
 1113 0114 4D454D52 		.ascii	"MEMRMP\000"
 1113      4D5000
 1114              	.LASF43:
 1115 011b 5243435F 		.ascii	"RCC_APB2PeriphResetCmd\000"
 1115      41504232 
 1115      50657269 
 1115      70685265 
 1115      73657443 
 1116              	.LASF42:
 1117 0132 49544D5F 		.ascii	"ITM_RxBuffer\000"
 1117      52784275 
 1117      66666572 
 1117      00
 1118              	.LASF33:
 1119 013f 45585449 		.ascii	"EXTI_PinSourcex\000"
 1119      5F50696E 
 1119      536F7572 
 1119      63657800 
 1120              	.LASF18:
 1121 014f 52455345 		.ascii	"RESERVED\000"
 1121      52564544 
 1121      00
 1122              	.LASF38:
 1123 0158 474E5520 		.ascii	"GNU C 4.9.3 20150529 (release) [ARM/embedded-4_9-br"
 1123      4320342E 
 1123      392E3320 
 1123      32303135 
 1123      30353239 
 1124 018b 616E6368 		.ascii	"anch revision 227977] -mcpu=cortex-m4 -mfloat-abi=h"
 1124      20726576 
 1124      6973696F 
 1124      6E203232 
 1124      37393737 
 1125 01be 61726420 		.ascii	"ard -mfpu=fpv4-sp-d16 -mno-thumb-interwork -mthumb "
ARM GAS  /tmp/ccdIa7xX.s 			page 22


 1125      2D6D6670 
 1125      753D6670 
 1125      76342D73 
 1125      702D6431 
 1126 01f1 2D676764 		.ascii	"-ggdb -O2 -std=gnu99 -fomit-frame-pointer -falign-f"
 1126      62202D4F 
 1126      32202D73 
 1126      74643D67 
 1126      6E753939 
 1127 0224 756E6374 		.ascii	"unctions=16 -ffunction-sections -fdata-sections -fn"
 1127      696F6E73 
 1127      3D313620 
 1127      2D666675 
 1127      6E637469 
 1128 0257 6F2D636F 		.ascii	"o-common -fsingle-precision-constant\000"
 1128      6D6D6F6E 
 1128      202D6673 
 1128      696E676C 
 1128      652D7072 
 1129              	.LASF17:
 1130 027c 45585449 		.ascii	"EXTICR\000"
 1130      435200
 1131              	.LASF11:
 1132 0283 756E7369 		.ascii	"unsigned int\000"
 1132      676E6564 
 1132      20696E74 
 1132      00
 1133              	.LASF21:
 1134 0290 52455345 		.ascii	"RESET\000"
 1134      5400
 1135              	.LASF10:
 1136 0296 6C6F6E67 		.ascii	"long long unsigned int\000"
 1136      206C6F6E 
 1136      6720756E 
 1136      7369676E 
 1136      65642069 
 1137              	.LASF12:
 1138 02ad 75696E74 		.ascii	"uint8_t\000"
 1138      385F7400 
 1139              	.LASF39:
 1140 02b5 43686962 		.ascii	"ChibiOS_3.0.2/ext/stdperiph_stm32f4/src/stm32f4xx_s"
 1140      694F535F 
 1140      332E302E 
 1140      322F6578 
 1140      742F7374 
 1141 02e8 79736366 		.ascii	"yscfg.c\000"
 1141      672E6300 
 1142              	.LASF0:
 1143 02f0 7369676E 		.ascii	"signed char\000"
 1143      65642063 
 1143      68617200 
 1144              	.LASF40:
 1145 02fc 2F686F6D 		.ascii	"/home/benjamin/Skrivbord/SP-RCCar/Embedded/RC_Contr"
 1145      652F6265 
 1145      6E6A616D 
 1145      696E2F53 
 1145      6B726976 
ARM GAS  /tmp/ccdIa7xX.s 			page 23


 1146 032f 6F6C6C65 		.ascii	"oller/\000"
 1146      722F00
 1147              	.LASF13:
 1148 0336 696E7433 		.ascii	"int32_t\000"
 1148      325F7400 
 1149              	.LASF15:
 1150 033e 73697A65 		.ascii	"sizetype\000"
 1150      74797065 
 1150      00
 1151              	.LASF9:
 1152 0347 6C6F6E67 		.ascii	"long long int\000"
 1152      206C6F6E 
 1152      6720696E 
 1152      7400
 1153              	.LASF29:
 1154 0355 53595343 		.ascii	"SYSCFG_MemoryRemap\000"
 1154      46475F4D 
 1154      656D6F72 
 1154      7952656D 
 1154      617000
 1155              	.LASF2:
 1156 0368 73686F72 		.ascii	"short int\000"
 1156      7420696E 
 1156      7400
 1157              	.LASF30:
 1158 0372 4E657753 		.ascii	"NewState\000"
 1158      74617465 
 1158      00
 1159              	.LASF20:
 1160 037b 53595343 		.ascii	"SYSCFG_TypeDef\000"
 1160      46475F54 
 1160      79706544 
 1160      656600
 1161              	.LASF32:
 1162 038a 45585449 		.ascii	"EXTI_PortSourceGPIOx\000"
 1162      5F506F72 
 1162      74536F75 
 1162      72636547 
 1162      50494F78 
 1163              	.LASF14:
 1164 039f 75696E74 		.ascii	"uint32_t\000"
 1164      33325F74 
 1164      00
 1165              	.LASF6:
 1166 03a8 6C6F6E67 		.ascii	"long int\000"
 1166      20696E74 
 1166      00
 1167              	.LASF23:
 1168 03b1 44495341 		.ascii	"DISABLE\000"
 1168      424C4500 
 1169              	.LASF37:
 1170 03b9 62697473 		.ascii	"bitstatus\000"
 1170      74617475 
 1170      7300
 1171              	.LASF28:
 1172 03c3 53595343 		.ascii	"SYSCFG_MemorySwappingBank\000"
 1172      46475F4D 
ARM GAS  /tmp/ccdIa7xX.s 			page 24


 1172      656D6F72 
 1172      79537761 
 1172      7070696E 
 1173              	.LASF27:
 1174 03dd 53595343 		.ascii	"SYSCFG_MemoryRemapConfig\000"
 1174      46475F4D 
 1174      656D6F72 
 1174      7952656D 
 1174      6170436F 
 1175              		.ident	"GCC: (GNU Tools for ARM Embedded Processors) 4.9.3 20150529 (release) [ARM/embedded-4_9-br
ARM GAS  /tmp/ccdIa7xX.s 			page 25


DEFINED SYMBOLS
                            *ABS*:0000000000000000 stm32f4xx_syscfg.c
     /tmp/ccdIa7xX.s:21     .text.SYSCFG_DeInit:0000000000000000 $t
     /tmp/ccdIa7xX.s:27     .text.SYSCFG_DeInit:0000000000000000 SYSCFG_DeInit
     /tmp/ccdIa7xX.s:58     .text.SYSCFG_MemoryRemapConfig:0000000000000000 $t
     /tmp/ccdIa7xX.s:64     .text.SYSCFG_MemoryRemapConfig:0000000000000000 SYSCFG_MemoryRemapConfig
     /tmp/ccdIa7xX.s:79     .text.SYSCFG_MemoryRemapConfig:0000000000000008 $d
     /tmp/ccdIa7xX.s:84     .text.SYSCFG_MemorySwappingBank:0000000000000000 $t
     /tmp/ccdIa7xX.s:90     .text.SYSCFG_MemorySwappingBank:0000000000000000 SYSCFG_MemorySwappingBank
     /tmp/ccdIa7xX.s:105    .text.SYSCFG_MemorySwappingBank:0000000000000008 $d
     /tmp/ccdIa7xX.s:110    .text.SYSCFG_EXTILineConfig:0000000000000000 $t
     /tmp/ccdIa7xX.s:116    .text.SYSCFG_EXTILineConfig:0000000000000000 SYSCFG_EXTILineConfig
     /tmp/ccdIa7xX.s:164    .text.SYSCFG_ETH_MediaInterfaceConfig:0000000000000000 $t
     /tmp/ccdIa7xX.s:170    .text.SYSCFG_ETH_MediaInterfaceConfig:0000000000000000 SYSCFG_ETH_MediaInterfaceConfig
     /tmp/ccdIa7xX.s:185    .text.SYSCFG_ETH_MediaInterfaceConfig:0000000000000008 $d
     /tmp/ccdIa7xX.s:190    .text.SYSCFG_CompensationCellCmd:0000000000000000 $t
     /tmp/ccdIa7xX.s:196    .text.SYSCFG_CompensationCellCmd:0000000000000000 SYSCFG_CompensationCellCmd
     /tmp/ccdIa7xX.s:211    .text.SYSCFG_CompensationCellCmd:0000000000000008 $d
     /tmp/ccdIa7xX.s:216    .text.SYSCFG_GetCompensationCellStatus:0000000000000000 $t
     /tmp/ccdIa7xX.s:222    .text.SYSCFG_GetCompensationCellStatus:0000000000000000 SYSCFG_GetCompensationCellStatus
     /tmp/ccdIa7xX.s:241    .text.SYSCFG_GetCompensationCellStatus:000000000000000c $d
                     .debug_frame:0000000000000010 $d

UNDEFINED SYMBOLS
RCC_APB2PeriphResetCmd
