(---------------------------------------------------------------------)
(                                                                     )
(    ARTWORK LOG                                                      )
(                                                                     )
(    Drawing          : CC2538_CC2592EM_shield.BRD                    )
(    Software Version : 16.6S019                                      )
(    Date/Time        : Tue Nov 26 15:06:44 2013                      )
(                                                                     )
(---------------------------------------------------------------------)


 ---- Photoplot outline rectangle not found; using drawing extents.



Results from parameter file ...
    DEVICE-TYPE           GERBER_RS274X
    OUTPUT-UNITS          MM
    FILM-SIZE             240000 160000
    FORMAT                4.4
    ABORT-ON-ERROR        NO
    SCALE                 1
    SUPPRESS-LEAD-ZEROES  YES
    SUPPRESS-TRAIL-ZEROES NO
    SUPPRESS-EQUAL        YES
    UNDEF-APT-CONT        NO


================================================================
     PROCESSING FILM < paste_top >
     TO FILE < C:/DesignSync_WORKDIR/evm/em/CC2538_CC2592_EM/CC2538_CC2592_EM/Allegro/paste_top.art > ...
================================================================

  FILM PARAMETERS :
  ---------------------------------------------------------
  Undefined line width                0.020
  Mirror code                         NONE
  Rotate angle                        NONE
  Offset x:                           0.000
  Offset y:                           0.000
  Plot negative                       NO
  Suppress unconnected internal pads  NO
  Draw holes only                     NO



  APERTURES USED:
  ---------------------------------------------------------
  TYPE       SIZE/NAME                   ROT   MIRROR MODE 
  ---------------------------------------------------------
  CIRCLE     0.02000                                  DARK 
  CIRCLE     1.80100                                  DARK 
  SQUARE     2.25000                     0.000 NO     DARK 
  SQUARE     6.59900                     0.000 NO     DARK 
  OBLONG     0.30000     x 0.85100       0.000 NO     DARK 
  OBLONG     0.30000     x 0.85100      90.000 NO     DARK 
  OBLONG     0.35000     x 1.00000       0.000 NO     DARK 
  OBLONG     0.35000     x 1.00000      90.000 NO     DARK 
  OBLONG     0.54900     x 1.00100       0.000 NO     DARK 
  PAD SHAPE  SHAPE_540RECT550            0.000 NO     DARK 
  PAD SHAPE  SHAPE_2650X3130_ETCH_A      0.000 NO     DARK 
  PAD SHAPE  SHAPE_400RECT1350           0.000 NO     DARK 
  PAD SHAPE  SHAPE_2000RECT2000          0.000 NO     DARK 
  PAD SHAPE  SHAPE_1000RECT3800          0.000 NO     DARK 
  PAD SHAPE  SHAPE_2650X3130_ETCH        0.000 NO     DARK 
  PAD SHAPE  SHAPE_540RECT550           90.000 NO     DARK 
  PAD SHAPE  SHAPE_1000RECT3800         90.000 NO     DARK 
  PAD SHAPE  SHAPE_950RECT1000          90.000 NO     DARK 
  PAD SHAPE  SHAPE_2650X3130_ETCH      180.000 NO     DARK 
  PAD SHAPE  SHAPE_950RECT1000         180.000 NO     DARK 
  PAD SHAPE  SHAPE_540RECT550          180.000 NO     DARK 
  PAD SHAPE  SHAPE_850RECT950          180.000 NO     DARK 
  PAD SHAPE  SHAPE_700RECT1400         180.000 NO     DARK 
  PAD SHAPE  SHAPE_2650X3130_ETCH_A    180.000 NO     DARK 
  PAD SHAPE  SHAPE_1900RECT1900        270.000 NO     DARK 
  PAD SHAPE  SHAPE_540RECT550          270.000 NO     DARK 
  PAD SHAPE  SHAPE_1400RECT1600        270.000 NO     DARK 
  PAD SHAPE  SHAPE_1300RECT1450        270.000 NO     DARK 
  PAD SHAPE  SHAPE_1050RECT3450        270.000 NO     DARK 
  PAD SHAPE  SHAPE_950RECT1000         270.000 NO     DARK 

     paste_top created.


================================================================
     PROCESSING FILM < paste_bottom >
     TO FILE < C:/DesignSync_WORKDIR/evm/em/CC2538_CC2592_EM/CC2538_CC2592_EM/Allegro/paste_bottom.art > ...
================================================================

  FILM PARAMETERS :
  ---------------------------------------------------------
  Undefined line width                0.020
  Mirror code                         NONE
  Rotate angle                        NONE
  Offset x:                           0.000
  Offset y:                           0.000
  Plot negative                       NO
  Suppress unconnected internal pads  NO
  Draw holes only                     NO



  APERTURES USED:
  ---------------------------------------------------------
  TYPE       SIZE/NAME                   ROT   MIRROR MODE 
  ---------------------------------------------------------
  CIRCLE     0.02000                                  DARK 
  OBLONG     0.65000     x 2.05000      90.000 NO     DARK 

     paste_bottom created.


================================================================
     PROCESSING FILM < soldmask_top >
     TO FILE < C:/DesignSync_WORKDIR/evm/em/CC2538_CC2592_EM/CC2538_CC2592_EM/Allegro/soldmask_top.art > ...
================================================================

  FILM PARAMETERS :
  ---------------------------------------------------------
  Undefined line width                0.020
  Mirror code                         NONE
  Rotate angle                        NONE
  Offset x:                           0.000
  Offset y:                           0.000
  Plot negative                       NO
  Suppress unconnected internal pads  NO
  Draw holes only                     NO



  APERTURES USED:
  ---------------------------------------------------------
  TYPE       SIZE/NAME                   ROT   MIRROR MODE 
  ---------------------------------------------------------
  CIRCLE     0.02000                                  DARK 
  CIRCLE     1.60000                                  DARK 
  CIRCLE     1.69900                                  DARK 
  CIRCLE     1.95100                                  DARK 
  SQUARE     2.40000                     0.000 NO     DARK 
  SQUARE     6.74900                     0.000 NO     DARK 
  OBLONG     0.39900     x 0.95000       0.000 NO     DARK 
  OBLONG     0.39900     x 0.95000      90.000 NO     DARK 
  OBLONG     0.45000     x 1.10000       0.000 NO     DARK 
  OBLONG     0.45000     x 1.10000      90.000 NO     DARK 
  OBLONG     0.70100     x 1.15100       0.000 NO     DARK 
  OBLONG     1.15000     x 1.15000       0.000 NO     DARK 
  PAD SHAPE  SHAPE_1150RECT3950          0.000 NO     DARK 
  PAD SHAPE  SHAPE_2650X3130_SM_A        0.000 NO     DARK 
  PAD SHAPE  SHAPE_640RECT650            0.000 NO     DARK 
  PAD SHAPE  SHAPE_2150RECT2150          0.000 NO     DARK 
  PAD SHAPE  SHAPE_550RECT1500           0.000 NO     DARK 
  PAD SHAPE  SHAPE_2650X3130_SM          0.000 NO     DARK 
  PAD SHAPE  SHAPE_640RECT650           90.000 NO     DARK 
  PAD SHAPE  SHAPE_1150RECT3950         90.000 NO     DARK 
  PAD SHAPE  SHAPE_1100RECT1150         90.000 NO     DARK 
  PAD SHAPE  SHAPE_640RECT650          180.000 NO     DARK 
  PAD SHAPE  SHAPE_850RECT1550         180.000 NO     DARK 
  PAD SHAPE  SHAPE_2650X3130_SM_A      180.000 NO     DARK 
  PAD SHAPE  SHAPE_2650X3130_SM        180.000 NO     DARK 
  PAD SHAPE  SHAPE_1000RECT1100        180.000 NO     DARK 
  PAD SHAPE  SHAPE_1100RECT1150        180.000 NO     DARK 
  PAD SHAPE  SHAPE_640RECT650          270.000 NO     DARK 
  PAD SHAPE  SHAPE_1550RECT1750        270.000 NO     DARK 
  PAD SHAPE  SHAPE_1200RECT3600        270.000 NO     DARK 
  PAD SHAPE  SHAPE_1450RECT1600        270.000 NO     DARK 
  PAD SHAPE  SHAPE_2050RECT2050        270.000 NO     DARK 
  PAD SHAPE  SHAPE_1100RECT1150        270.000 NO     DARK 

     soldmask_top created.


================================================================
     PROCESSING FILM < soldmask_bottom >
     TO FILE < C:/DesignSync_WORKDIR/evm/em/CC2538_CC2592_EM/CC2538_CC2592_EM/Allegro/soldmask_bottom.art > ...
================================================================

  FILM PARAMETERS :
  ---------------------------------------------------------
  Undefined line width                0.020
  Mirror code                         NONE
  Rotate angle                        NONE
  Offset x:                           0.000
  Offset y:                           0.000
  Plot negative                       NO
  Suppress unconnected internal pads  NO
  Draw holes only                     NO



  APERTURES USED:
  ---------------------------------------------------------
  TYPE       SIZE/NAME                   ROT   MIRROR MODE 
  ---------------------------------------------------------
  CIRCLE     0.02000                                  DARK 
  CIRCLE     0.60000                                  DARK 
  CIRCLE     1.60000                                  DARK 
  CIRCLE     1.69900                                  DARK 
  OBLONG     0.80000     x 2.20000      90.000 NO     DARK 
  OBLONG     1.15000     x 1.15000       0.000 NO     DARK 

     soldmask_bottom created.


================================================================
     PROCESSING FILM < silk_top >
     TO FILE < C:/DesignSync_WORKDIR/evm/em/CC2538_CC2592_EM/CC2538_CC2592_EM/Allegro/silk_top.art > ...
================================================================

  FILM PARAMETERS :
  ---------------------------------------------------------
  Undefined line width                0.020
  Mirror code                         NONE
  Rotate angle                        NONE
  Offset x:                           0.000
  Offset y:                           0.000
  Plot negative                       NO
  Suppress unconnected internal pads  NO
  Draw holes only                     NO



  APERTURES USED:
  ---------------------------------------------------------
  TYPE       SIZE/NAME                   ROT   MIRROR MODE 
  ---------------------------------------------------------
  CIRCLE     0.00300                                  DARK 
  CIRCLE     0.02000                                  DARK 
  CIRCLE     0.05000                                  DARK 
  CIRCLE     0.09900                                  DARK 
  CIRCLE     0.10000                                  DARK 

     silk_top created.


================================================================
     PROCESSING FILM < silk_bottom >
     TO FILE < C:/DesignSync_WORKDIR/evm/em/CC2538_CC2592_EM/CC2538_CC2592_EM/Allegro/silk_bottom.art > ...
================================================================

  FILM PARAMETERS :
  ---------------------------------------------------------
  Undefined line width                0.020
  Mirror code                         NONE
  Rotate angle                        NONE
  Offset x:                           0.000
  Offset y:                           0.000
  Plot negative                       NO
  Suppress unconnected internal pads  NO
  Draw holes only                     NO



  APERTURES USED:
  ---------------------------------------------------------
  TYPE       SIZE/NAME                   ROT   MIRROR MODE 
  ---------------------------------------------------------
  CIRCLE     0.02000                                  DARK 
  CIRCLE     0.09900                                  DARK 
  CIRCLE     0.10000                                  DARK 

     silk_bottom created.


================================================================
     PROCESSING FILM < assembly_bottom >
     TO FILE < C:/DesignSync_WORKDIR/evm/em/CC2538_CC2592_EM/CC2538_CC2592_EM/Allegro/assembly_bottom.art > ...
================================================================

  FILM PARAMETERS :
  ---------------------------------------------------------
  Undefined line width                0.020
  Mirror code                         NONE
  Rotate angle                        NONE
  Offset x:                           0.000
  Offset y:                           0.000
  Plot negative                       NO
  Suppress unconnected internal pads  NO
  Draw holes only                     NO

    WARNING: 0 width line found at (111.657 98.849)
           ... using undefined line width of 0.020

    WARNING: Multiple 0 width lines; all will be treated the same as the first.
           ... using undefined line width of 0.020



  APERTURES USED:
  ---------------------------------------------------------
  TYPE       SIZE/NAME                   ROT   MIRROR MODE 
  ---------------------------------------------------------
  CIRCLE     0.02000                                  DARK 
  CIRCLE     0.09900                                  DARK 

     assembly_bottom created with warnings


================================================================
     PROCESSING FILM < Layer1 >
     TO FILE < C:/DesignSync_WORKDIR/evm/em/CC2538_CC2592_EM/CC2538_CC2592_EM/Allegro/Layer1.art > ...
================================================================

  FILM PARAMETERS :
  ---------------------------------------------------------
  Undefined line width                0.020
  Mirror code                         NONE
  Rotate angle                        NONE
  Offset x:                           0.000
  Offset y:                           0.000
  Plot negative                       NO
  Suppress unconnected internal pads  NO
  Draw holes only                     NO

    WARNING: Film contains objects with associated DRCs (6).
           In the design editor view this film and enable visibility for the
           associated DRC layer. Verify the DRCs are approved exceptions to your rules.


  APERTURES USED:
  ---------------------------------------------------------
  TYPE       SIZE/NAME                   ROT   MIRROR MODE 
  ---------------------------------------------------------
  CIRCLE     0.09900                                  DARK 
  CIRCLE     0.15000                                  DARK 
  CIRCLE     0.20000                                  DARK 
  CIRCLE     0.26000                                  DARK 
  CIRCLE     0.30000                                  DARK 
  CIRCLE     0.40000                                  DARK 
  CIRCLE     0.50000                                  DARK 
  CIRCLE     0.60000                                  DARK 
  CIRCLE     0.80000                                  DARK 
  CIRCLE     1.45000                                  DARK 
  CIRCLE     1.80100                                  DARK 
  SQUARE     2.25000                     0.000 NO     DARK 
  SQUARE     6.59900                     0.000 NO     DARK 
  RECTANGLE  0.46000     x 0.50000       0.000 NO     DARK 
  RECTANGLE  0.50000     x 1.00000      90.000 NO     DARK 
  OBLONG     0.30000     x 0.85100       0.000 NO     DARK 
  OBLONG     0.30000     x 0.85100      90.000 NO     DARK 
  OBLONG     0.35000     x 1.00000       0.000 NO     DARK 
  OBLONG     0.35000     x 1.00000      90.000 NO     DARK 
  OBLONG     0.54900     x 1.00100       0.000 NO     DARK 
  OBLONG     1.00000     x 1.00000       0.000 NO     DARK 
  PAD SHAPE  SHAPE_1000RECT3800          0.000 NO     DARK 
  PAD SHAPE  SHAPE_400RECT1350           0.000 NO     DARK 
  PAD SHAPE  SHAPE_540RECT550            0.000 NO     DARK 
  PAD SHAPE  SHAPE_2650X3130_ETCH_A      0.000 NO     DARK 
  PAD SHAPE  SHAPE_2650X3130_ETCH        0.000 NO     DARK 
  PAD SHAPE  SHAPE_2000RECT2000          0.000 NO     DARK 
  PAD SHAPE  SHAPE_1000RECT3800         90.000 NO     DARK 
  PAD SHAPE  SHAPE_540RECT550           90.000 NO     DARK 
  PAD SHAPE  SHAPE_950RECT1000          90.000 NO     DARK 
  PAD SHAPE  SHAPE_540RECT550          180.000 NO     DARK 
  PAD SHAPE  SHAPE_2650X3130_ETCH      180.000 NO     DARK 
  PAD SHAPE  SHAPE_950RECT1000         180.000 NO     DARK 
  PAD SHAPE  SHAPE_850RECT950          180.000 NO     DARK 
  PAD SHAPE  SHAPE_700RECT1400         180.000 NO     DARK 
  PAD SHAPE  SHAPE_2650X3130_ETCH_A    180.000 NO     DARK 
  PAD SHAPE  SHAPE_540RECT550          270.000 NO     DARK 
  PAD SHAPE  SHAPE_1050RECT3450        270.000 NO     DARK 
  PAD SHAPE  SHAPE_1300RECT1450        270.000 NO     DARK 
  PAD SHAPE  SHAPE_1400RECT1600        270.000 NO     DARK 
  PAD SHAPE  SHAPE_1900RECT1900        270.000 NO     DARK 
  PAD SHAPE  SHAPE_950RECT1000         270.000 NO     DARK 

     Layer1 created with warnings


================================================================
     PROCESSING FILM < Layer2 >
     TO FILE < C:/DesignSync_WORKDIR/evm/em/CC2538_CC2592_EM/CC2538_CC2592_EM/Allegro/Layer2.art > ...
================================================================

  FILM PARAMETERS :
  ---------------------------------------------------------
  Undefined line width                0.020
  Mirror code                         NONE
  Rotate angle                        NONE
  Offset x:                           0.000
  Offset y:                           0.000
  Plot negative                       NO
  Suppress unconnected internal pads  NO
  Draw holes only                     NO

    WARNING: Film contains objects with associated DRCs (1).
           In the design editor view this film and enable visibility for the
           associated DRC layer. Verify the DRCs are approved exceptions to your rules.


  APERTURES USED:
  ---------------------------------------------------------
  TYPE       SIZE/NAME                   ROT   MIRROR MODE 
  ---------------------------------------------------------
  CIRCLE     0.09900                                  DARK 
  CIRCLE     0.50000                                  DARK 
  CIRCLE     1.45000                                  DARK 

     Layer2 created with warnings


================================================================
     PROCESSING FILM < Layer3 >
     TO FILE < C:/DesignSync_WORKDIR/evm/em/CC2538_CC2592_EM/CC2538_CC2592_EM/Allegro/Layer3.art > ...
================================================================

  FILM PARAMETERS :
  ---------------------------------------------------------
  Undefined line width                0.020
  Mirror code                         NONE
  Rotate angle                        NONE
  Offset x:                           0.000
  Offset y:                           0.000
  Plot negative                       NO
  Suppress unconnected internal pads  NO
  Draw holes only                     NO

    WARNING: Film contains objects with associated DRCs (1).
           In the design editor view this film and enable visibility for the
           associated DRC layer. Verify the DRCs are approved exceptions to your rules.


  APERTURES USED:
  ---------------------------------------------------------
  TYPE       SIZE/NAME                   ROT   MIRROR MODE 
  ---------------------------------------------------------
  CIRCLE     0.09900                                  DARK 
  CIRCLE     0.15000                                  DARK 
  CIRCLE     0.30000                                  DARK 
  CIRCLE     0.40000                                  DARK 
  CIRCLE     0.50000                                  DARK 
  CIRCLE     0.80000                                  DARK 
  CIRCLE     1.45000                                  DARK 

     Layer3 created with warnings


================================================================
     PROCESSING FILM < Layer4 >
     TO FILE < C:/DesignSync_WORKDIR/evm/em/CC2538_CC2592_EM/CC2538_CC2592_EM/Allegro/Layer4.art > ...
================================================================

  FILM PARAMETERS :
  ---------------------------------------------------------
  Undefined line width                0.020
  Mirror code                         NONE
  Rotate angle                        NONE
  Offset x:                           0.000
  Offset y:                           0.000
  Plot negative                       NO
  Suppress unconnected internal pads  NO
  Draw holes only                     NO

    WARNING: Film contains objects with associated DRCs (1).
           In the design editor view this film and enable visibility for the
           associated DRC layer. Verify the DRCs are approved exceptions to your rules.


  APERTURES USED:
  ---------------------------------------------------------
  TYPE       SIZE/NAME                   ROT   MIRROR MODE 
  ---------------------------------------------------------
  CIRCLE     0.09900                                  DARK 
  CIRCLE     0.15000                                  DARK 
  CIRCLE     0.30000                                  DARK 
  CIRCLE     0.50000                                  DARK 
  CIRCLE     0.60000                                  DARK 
  CIRCLE     1.45000                                  DARK 
  OBLONG     0.65000     x 2.05000      90.000 NO     DARK 
  OBLONG     1.00000     x 1.00000       0.000 NO     DARK 

     Layer4 created with warnings


================================================================
     PROCESSING FILM < assembly_top >
     TO FILE < C:/DesignSync_WORKDIR/evm/em/CC2538_CC2592_EM/CC2538_CC2592_EM/Allegro/assembly_top.art > ...
================================================================

  FILM PARAMETERS :
  ---------------------------------------------------------
  Undefined line width                0.020
  Mirror code                         NONE
  Rotate angle                        NONE
  Offset x:                           0.000
  Offset y:                           0.000
  Plot negative                       NO
  Suppress unconnected internal pads  NO
  Draw holes only                     NO



  APERTURES USED:
  ---------------------------------------------------------
  TYPE       SIZE/NAME                   ROT   MIRROR MODE 
  ---------------------------------------------------------
  CIRCLE     0.02000                                  DARK 
  CIRCLE     0.05000                                  DARK 

     assembly_top created.


================================================================
     PROCESSING FILM < drill >
     TO FILE < C:/DesignSync_WORKDIR/evm/em/CC2538_CC2592_EM/CC2538_CC2592_EM/Allegro/drill.art > ...
================================================================

  FILM PARAMETERS :
  ---------------------------------------------------------
  Undefined line width                0.020
  Mirror code                         NONE
  Rotate angle                        NONE
  Offset x:                           0.000
  Offset y:                           0.000
  Plot negative                       NO
  Suppress unconnected internal pads  NO
  Draw holes only                     NO

    WARNING: text composed 0 width line found at (116.645 66.020)
           ... using undefined line width of 0.020

    WARNING: text having Multiple 0 width lines; all will be treated the same as the first.
           ... using undefined line width of 0.020



  APERTURES USED:
  ---------------------------------------------------------
  TYPE       SIZE/NAME                   ROT   MIRROR MODE 
  ---------------------------------------------------------
  CIRCLE     0.02000                                  DARK 

     drill created with warnings


------------------------------------------------------
 SUMMARY:
        paste_top created.
        paste_bottom created.
        soldmask_top created.
        soldmask_bottom created.
        silk_top created.
        silk_bottom created.
        assembly_bottom created with warnings
        Layer1 created with warnings
        Layer2 created with warnings
        Layer3 created with warnings
        Layer4 created with warnings
        assembly_top created.
        drill created with warnings

 ARTWORK had warnings
