(---------------------------------------------------------------------)
(                                                                     )
(    NC DRILL Log                                                     )
(                                                                     )
(    Drawing          : #Taaaabn01520.tmp                             )
(    Software Version : 16.6S019                                      )
(    Date/Time        : Tue Nov 26 15:09:25 2013                      )
(                                                                     )
(---------------------------------------------------------------------)



 Processing NC Parameters file 'nc_param.txt' ...

 NC PARAMETERS
 -------------

 FORMAT   		4.3
 MACHINE-OFFSET		x:0.000000	y:0.000000
 FEEDRATE		1
 COORDINATES		ABSOLUTE
 OUTPUT-UNITS		METRIC
 TOOL-ORDER		INCREASING
 REPEAT-CODES		NO
 SUPPRESS-LEAD-ZEROES	NO
 SUPPRESS-TRAIL-ZEROES	NO
 SUPPRESS-EQUAL		NO
 TOOL-SELECT		YES
 HEADER			none
 LEADER			12
 CODE			ASCII
 SEPARATE		YES
 SEPARATE-ROUTING	NO
 OPTIMIZE_DRILLING	NO
 ENHANCED_EXCELLON	NO
 SCALE			1.000000

 WARNING(SPMHMF-358): Design precision is the same as that of the drill output file data.
 WARNING(SPMHMF-359): Data rounding errors may still be possible.
 WARNING(SPMHMF-368): Cannot find NC Drill tool file 'nc_tools.txt'
 WARNING(SPMHMF-369): ... will auto-generate tool file 'nc_tools_auto.txt'.


     Auto-generating tool file 'nc_tools_auto.txt' ...

           Size  Plating  Tool        + Tolerance  - Tolerance

          0.200  P        T01            0.000000     0.000000
          1.100  P        T02            0.000000     0.000000
          1.501  N        T03            0.000000     0.000000


 Drill files being output to directory 'C:/DesignSync_WORKDIR/evm/em/CC2538_CC2592_EM/CC2538_CC2592_EM/Allegro' ...



     'drill-1-4.drl' created for holes connecting TOP and BOTTOM ; Plating = PLATED
     ------------------------------------------------------------------------------

     Tool  Num     Size      +/- Tolerance     Plating   Quantity

     T01    1.   0.2000    0.0000/  0.0000      PLATED        581
     T02    2.   1.1000    0.0000/  0.0000      PLATED          2

     ---- Total holes:                                        583

     ---- Total head travel:              11.78 feet (3.59 meters)




     'drill-1-4-np.drl' created for holes connecting TOP and BOTTOM ; Plating = NON_PLATED
     -------------------------------------------------------------------------------------

     Tool  Num     Size      +/- Tolerance     Plating   Quantity

     T03    1.   1.5010    0.0000/  0.0000  NON_PLATED          4

     ---- Total holes:                                          4

     ---- Total head travel:              0.21 feet (0.06 meters)

