ARM GAS  /tmp/cc3w8cgd.s 			page 1


   1              		.syntax unified
   2              		.cpu cortex-m4
   3              		.eabi_attribute 27, 1
   4              		.eabi_attribute 28, 1
   5              		.fpu fpv4-sp-d16
   6              		.eabi_attribute 20, 1
   7              		.eabi_attribute 21, 1
   8              		.eabi_attribute 23, 3
   9              		.eabi_attribute 24, 1
  10              		.eabi_attribute 25, 1
  11              		.eabi_attribute 26, 1
  12              		.eabi_attribute 30, 2
  13              		.eabi_attribute 34, 1
  14              		.eabi_attribute 18, 4
  15              		.thumb
  16              		.file	"board.c"
  17              		.text
  18              	.Ltext0:
  19              		.cfi_sections	.debug_frame
  20              		.section	.text.__early_init,"ax",%progbits
  21              		.align	2
  22              		.p2align 4,,15
  23              		.global	__early_init
  24              		.thumb
  25              		.thumb_func
  26              		.type	__early_init, %function
  27              	__early_init:
  28              	.LFB256:
  29              		.file 1 "ChibiOS_3.0.2/os/hal/boards/ST_STM32F4_DISCOVERY/board.c"
  30              		.loc 1 70 0
  31              		.cfi_startproc
  32              		@ args = 0, pretend = 0, frame = 0
  33              		@ frame_needed = 0, uses_anonymous_args = 0
  34              		@ link register save eliminated.
  35              		.loc 1 72 0
  36 0000 FFF7FEBF 		b	stm32_clock_init
  37              	.LVL0:
  38              		.cfi_endproc
  39              	.LFE256:
  40              		.size	__early_init, .-__early_init
  41              		.section	.text.boardInit,"ax",%progbits
  42              		.align	2
  43              		.p2align 4,,15
  44              		.global	boardInit
  45              		.thumb
  46              		.thumb_func
  47              		.type	boardInit, %function
  48              	boardInit:
  49              	.LFB257:
  50              		.loc 1 123 0
  51              		.cfi_startproc
  52              		@ args = 0, pretend = 0, frame = 0
  53              		@ frame_needed = 0, uses_anonymous_args = 0
  54              		@ link register save eliminated.
  55 0000 7047     		bx	lr
  56              		.cfi_endproc
  57              	.LFE257:
ARM GAS  /tmp/cc3w8cgd.s 			page 2


  58              		.size	boardInit, .-boardInit
  59              		.global	pal_default_config
  60 0002 00BF     		.section	.rodata.pal_default_config,"a",%progbits
  61              		.align	2
  62              		.type	pal_default_config, %object
  63              		.size	pal_default_config, 252
  64              	pal_default_config:
  65 0000 00AAA02A 		.word	715172352
  66 0004 00000000 		.word	0
  67 0008 FFABFFFF 		.word	-21505
  68 000c 54000140 		.word	1073807444
  69 0010 FFFF0000 		.word	65535
  70 0014 00005655 		.word	1431699456
  71 0018 00AA0A00 		.word	698880
  72 001c 80200800 		.word	532608
  73 0020 40020000 		.word	576
  74 0024 FFFFFFFF 		.word	-1
  75 0028 15455155 		.word	1431389461
  76 002c FFFF0000 		.word	65535
  77 0030 00000004 		.word	67108864
  78 0034 40000000 		.word	64
  79 0038 01802002 		.word	35684353
  80 003c 00000000 		.word	0
  81 0040 FFFFFFFF 		.word	-1
  82 0044 54154554 		.word	1413813588
  83 0048 FFFF0000 		.word	65535
  84 004c 00000060 		.word	1610612736
  85 0050 00060600 		.word	394752
  86 0054 00010055 		.word	1426063616
  87 0058 00000000 		.word	0
  88 005c FFFFFFFF 		.word	-1
  89 0060 55505500 		.word	5591125
  90 0064 FF0F0000 		.word	4095
  91 0068 00000000 		.word	0
  92 006c 00000000 		.word	0
  93 0070 40000000 		.word	64
  94 0074 00000000 		.word	0
  95 0078 FFFFFFFF 		.word	-1
  96 007c 00000000 		.word	0
  97 0080 FFFF0000 		.word	65535
  98 0084 00000000 		.word	0
  99 0088 00000000 		.word	0
 100 008c 00000000 		.word	0
 101 0090 00000000 		.word	0
 102 0094 FFFFFFFF 		.word	-1
 103 0098 00000000 		.word	0
 104 009c FFFF0000 		.word	65535
 105 00a0 00000000 		.word	0
 106 00a4 00000000 		.word	0
 107 00a8 00000000 		.word	0
 108 00ac 00000000 		.word	0
 109 00b0 FFFFFFFF 		.word	-1
 110 00b4 00000000 		.word	0
 111 00b8 FFFF0000 		.word	65535
 112 00bc 00000000 		.word	0
 113 00c0 00000000 		.word	0
 114 00c4 00000000 		.word	0
ARM GAS  /tmp/cc3w8cgd.s 			page 3


 115 00c8 00000000 		.word	0
 116 00cc FFFFFFFF 		.word	-1
 117 00d0 00000000 		.word	0
 118 00d4 FFFF0000 		.word	65535
 119 00d8 00000000 		.word	0
 120 00dc 00000000 		.word	0
 121 00e0 00000000 		.word	0
 122 00e4 00000000 		.word	0
 123 00e8 FFFFFFFF 		.word	-1
 124 00ec 00000000 		.word	0
 125 00f0 FFFF0000 		.word	65535
 126 00f4 00000000 		.word	0
 127 00f8 00000000 		.word	0
 128              		.text
 129              	.Letext0:
 130              		.file 2 "/usr/lib/gcc/arm-none-eabi/4.9.3/include/stddef.h"
 131              		.file 3 "/usr/arm-none-eabi/include/machine/_default_types.h"
 132              		.file 4 "/usr/arm-none-eabi/include/sys/_stdint.h"
 133              		.file 5 "ChibiOS_3.0.2/os/rt/ports/ARMCMx/compilers/GCC/chtypes.h"
 134              		.file 6 "ChibiOS_3.0.2/os/rt/include/chsystypes.h"
 135              		.file 7 "ChibiOS_3.0.2/os/rt/include/chschd.h"
 136              		.file 8 "ChibiOS_3.0.2/os/rt/ports/ARMCMx/chcore.h"
 137              		.file 9 "ChibiOS_3.0.2/os/rt/ports/ARMCMx/chcore_v7m.h"
 138              		.file 10 "ChibiOS_3.0.2/os/rt/include/chtm.h"
 139              		.file 11 "ChibiOS_3.0.2/os/rt/include/chsem.h"
 140              		.file 12 "ChibiOS_3.0.2/os/rt/include/chmtx.h"
 141              		.file 13 "ChibiOS_3.0.2/os/hal/ports/STM32/LLD/GPIOv2/pal_lld.h"
 142              		.file 14 "ChibiOS_3.0.2/os/ext/CMSIS/include/core_cm4.h"
 143              		.file 15 "ChibiOS_3.0.2/os/hal/ports/STM32/STM32F4xx/hal_lld.h"
 144              		.section	.debug_info,"",%progbits
 145              	.Ldebug_info0:
 146 0000 65080000 		.4byte	0x865
 147 0004 0400     		.2byte	0x4
 148 0006 00000000 		.4byte	.Ldebug_abbrev0
 149 000a 04       		.byte	0x4
 150 000b 01       		.uleb128 0x1
 151 000c 73040000 		.4byte	.LASF125
 152 0010 01       		.byte	0x1
 153 0011 42020000 		.4byte	.LASF126
 154 0015 52030000 		.4byte	.LASF127
 155 0019 00000000 		.4byte	.Ldebug_ranges0+0
 156 001d 00000000 		.4byte	0
 157 0021 00000000 		.4byte	.Ldebug_line0
 158 0025 02       		.uleb128 0x2
 159 0026 04       		.byte	0x4
 160 0027 05       		.byte	0x5
 161 0028 696E7400 		.ascii	"int\000"
 162 002c 03       		.uleb128 0x3
 163 002d 20000000 		.4byte	.LASF2
 164 0031 02       		.byte	0x2
 165 0032 D4       		.byte	0xd4
 166 0033 37000000 		.4byte	0x37
 167 0037 04       		.uleb128 0x4
 168 0038 04       		.byte	0x4
 169 0039 07       		.byte	0x7
 170 003a 97010000 		.4byte	.LASF0
 171 003e 04       		.uleb128 0x4
ARM GAS  /tmp/cc3w8cgd.s 			page 4


 172 003f 01       		.byte	0x1
 173 0040 06       		.byte	0x6
 174 0041 DD000000 		.4byte	.LASF1
 175 0045 03       		.uleb128 0x3
 176 0046 37000000 		.4byte	.LASF3
 177 004a 03       		.byte	0x3
 178 004b 1D       		.byte	0x1d
 179 004c 50000000 		.4byte	0x50
 180 0050 04       		.uleb128 0x4
 181 0051 01       		.byte	0x1
 182 0052 08       		.byte	0x8
 183 0053 A1030000 		.4byte	.LASF4
 184 0057 04       		.uleb128 0x4
 185 0058 02       		.byte	0x2
 186 0059 05       		.byte	0x5
 187 005a C4030000 		.4byte	.LASF5
 188 005e 04       		.uleb128 0x4
 189 005f 02       		.byte	0x2
 190 0060 07       		.byte	0x7
 191 0061 EA010000 		.4byte	.LASF6
 192 0065 03       		.uleb128 0x3
 193 0066 7B020000 		.4byte	.LASF7
 194 006a 03       		.byte	0x3
 195 006b 3F       		.byte	0x3f
 196 006c 70000000 		.4byte	0x70
 197 0070 04       		.uleb128 0x4
 198 0071 04       		.byte	0x4
 199 0072 05       		.byte	0x5
 200 0073 19010000 		.4byte	.LASF8
 201 0077 03       		.uleb128 0x3
 202 0078 BC050000 		.4byte	.LASF9
 203 007c 03       		.byte	0x3
 204 007d 41       		.byte	0x41
 205 007e 82000000 		.4byte	0x82
 206 0082 04       		.uleb128 0x4
 207 0083 04       		.byte	0x4
 208 0084 07       		.byte	0x7
 209 0085 5C040000 		.4byte	.LASF10
 210 0089 04       		.uleb128 0x4
 211 008a 08       		.byte	0x8
 212 008b 05       		.byte	0x5
 213 008c CF000000 		.4byte	.LASF11
 214 0090 03       		.uleb128 0x3
 215 0091 20030000 		.4byte	.LASF12
 216 0095 03       		.byte	0x3
 217 0096 5B       		.byte	0x5b
 218 0097 9B000000 		.4byte	0x9b
 219 009b 04       		.uleb128 0x4
 220 009c 08       		.byte	0x8
 221 009d 07       		.byte	0x7
 222 009e 63000000 		.4byte	.LASF13
 223 00a2 03       		.uleb128 0x3
 224 00a3 28060000 		.4byte	.LASF14
 225 00a7 04       		.byte	0x4
 226 00a8 14       		.byte	0x14
 227 00a9 45000000 		.4byte	0x45
 228 00ad 03       		.uleb128 0x3
ARM GAS  /tmp/cc3w8cgd.s 			page 5


 229 00ae 99030000 		.4byte	.LASF15
 230 00b2 04       		.byte	0x4
 231 00b3 1F       		.byte	0x1f
 232 00b4 65000000 		.4byte	0x65
 233 00b8 03       		.uleb128 0x3
 234 00b9 34040000 		.4byte	.LASF16
 235 00bd 04       		.byte	0x4
 236 00be 20       		.byte	0x20
 237 00bf 77000000 		.4byte	0x77
 238 00c3 03       		.uleb128 0x3
 239 00c4 2E000000 		.4byte	.LASF17
 240 00c8 04       		.byte	0x4
 241 00c9 26       		.byte	0x26
 242 00ca 90000000 		.4byte	0x90
 243 00ce 05       		.uleb128 0x5
 244 00cf AD000000 		.4byte	0xad
 245 00d3 03       		.uleb128 0x3
 246 00d4 E0050000 		.4byte	.LASF18
 247 00d8 05       		.byte	0x5
 248 00d9 45       		.byte	0x45
 249 00da B8000000 		.4byte	0xb8
 250 00de 03       		.uleb128 0x3
 251 00df 20020000 		.4byte	.LASF19
 252 00e3 05       		.byte	0x5
 253 00e4 48       		.byte	0x48
 254 00e5 A2000000 		.4byte	0xa2
 255 00e9 03       		.uleb128 0x3
 256 00ea 29010000 		.4byte	.LASF20
 257 00ee 05       		.byte	0x5
 258 00ef 49       		.byte	0x49
 259 00f0 A2000000 		.4byte	0xa2
 260 00f4 03       		.uleb128 0x3
 261 00f5 2B030000 		.4byte	.LASF21
 262 00f9 05       		.byte	0x5
 263 00fa 4A       		.byte	0x4a
 264 00fb A2000000 		.4byte	0xa2
 265 00ff 03       		.uleb128 0x3
 266 0100 FF000000 		.4byte	.LASF22
 267 0104 05       		.byte	0x5
 268 0105 4B       		.byte	0x4b
 269 0106 A2000000 		.4byte	0xa2
 270 010a 03       		.uleb128 0x3
 271 010b 4A030000 		.4byte	.LASF23
 272 010f 05       		.byte	0x5
 273 0110 4C       		.byte	0x4c
 274 0111 B8000000 		.4byte	0xb8
 275 0115 03       		.uleb128 0x3
 276 0116 0E020000 		.4byte	.LASF24
 277 011a 05       		.byte	0x5
 278 011b 4D       		.byte	0x4d
 279 011c AD000000 		.4byte	0xad
 280 0120 03       		.uleb128 0x3
 281 0121 36020000 		.4byte	.LASF25
 282 0125 05       		.byte	0x5
 283 0126 4F       		.byte	0x4f
 284 0127 B8000000 		.4byte	0xb8
 285 012b 03       		.uleb128 0x3
ARM GAS  /tmp/cc3w8cgd.s 			page 6


 286 012c 91010000 		.4byte	.LASF26
 287 0130 05       		.byte	0x5
 288 0131 51       		.byte	0x51
 289 0132 AD000000 		.4byte	0xad
 290 0136 03       		.uleb128 0x3
 291 0137 9E050000 		.4byte	.LASF27
 292 013b 06       		.byte	0x6
 293 013c 33       		.byte	0x33
 294 013d B8000000 		.4byte	0xb8
 295 0141 03       		.uleb128 0x3
 296 0142 0F060000 		.4byte	.LASF28
 297 0146 06       		.byte	0x6
 298 0147 3F       		.byte	0x3f
 299 0148 4C010000 		.4byte	0x14c
 300 014c 06       		.uleb128 0x6
 301 014d 04020000 		.4byte	.LASF50
 302 0151 48       		.byte	0x48
 303 0152 07       		.byte	0x7
 304 0153 C2       		.byte	0xc2
 305 0154 51020000 		.4byte	0x251
 306 0158 07       		.uleb128 0x7
 307 0159 F5030000 		.4byte	.LASF29
 308 015d 07       		.byte	0x7
 309 015e C3       		.byte	0xc3
 310 015f 5C020000 		.4byte	0x25c
 311 0163 00       		.byte	0
 312 0164 07       		.uleb128 0x7
 313 0165 43030000 		.4byte	.LASF30
 314 0169 07       		.byte	0x7
 315 016a C5       		.byte	0xc5
 316 016b 5C020000 		.4byte	0x25c
 317 016f 04       		.byte	0x4
 318 0170 07       		.uleb128 0x7
 319 0171 C8000000 		.4byte	.LASF31
 320 0175 07       		.byte	0x7
 321 0176 C7       		.byte	0xc7
 322 0177 0A010000 		.4byte	0x10a
 323 017b 08       		.byte	0x8
 324 017c 07       		.uleb128 0x7
 325 017d 7B060000 		.4byte	.LASF32
 326 0181 07       		.byte	0x7
 327 0182 C8       		.byte	0xc8
 328 0183 8C040000 		.4byte	0x48c
 329 0187 0C       		.byte	0xc
 330 0188 07       		.uleb128 0x7
 331 0189 32010000 		.4byte	.LASF33
 332 018d 07       		.byte	0x7
 333 018e CA       		.byte	0xca
 334 018f 5C020000 		.4byte	0x25c
 335 0193 10       		.byte	0x10
 336 0194 07       		.uleb128 0x7
 337 0195 E3020000 		.4byte	.LASF34
 338 0199 07       		.byte	0x7
 339 019a CB       		.byte	0xcb
 340 019b 5C020000 		.4byte	0x25c
 341 019f 14       		.byte	0x14
 342 01a0 07       		.uleb128 0x7
ARM GAS  /tmp/cc3w8cgd.s 			page 7


 343 01a1 37060000 		.4byte	.LASF35
 344 01a5 07       		.byte	0x7
 345 01a6 D2       		.byte	0xd2
 346 01a7 D1060000 		.4byte	0x6d1
 347 01ab 18       		.byte	0x18
 348 01ac 07       		.uleb128 0x7
 349 01ad CE030000 		.4byte	.LASF36
 350 01b1 07       		.byte	0x7
 351 01b2 DD       		.byte	0xdd
 352 01b3 E9000000 		.4byte	0xe9
 353 01b7 1C       		.byte	0x1c
 354 01b8 07       		.uleb128 0x7
 355 01b9 FC030000 		.4byte	.LASF37
 356 01bd 07       		.byte	0x7
 357 01be E1       		.byte	0xe1
 358 01bf DE000000 		.4byte	0xde
 359 01c3 1D       		.byte	0x1d
 360 01c4 07       		.uleb128 0x7
 361 01c5 08060000 		.4byte	.LASF38
 362 01c9 07       		.byte	0x7
 363 01ca E6       		.byte	0xe6
 364 01cb F4000000 		.4byte	0xf4
 365 01cf 1E       		.byte	0x1e
 366 01d0 07       		.uleb128 0x7
 367 01d1 D6030000 		.4byte	.LASF39
 368 01d5 07       		.byte	0x7
 369 01d6 EC       		.byte	0xec
 370 01d7 FF000000 		.4byte	0xff
 371 01db 1F       		.byte	0x1f
 372 01dc 07       		.uleb128 0x7
 373 01dd AC010000 		.4byte	.LASF40
 374 01e1 07       		.byte	0x7
 375 01e2 F3       		.byte	0xf3
 376 01e3 E3060000 		.4byte	0x6e3
 377 01e7 20       		.byte	0x20
 378 01e8 08       		.uleb128 0x8
 379 01e9 705F7500 		.ascii	"p_u\000"
 380 01ed 07       		.byte	0x7
 381 01ee 3101     		.2byte	0x131
 382 01f0 0C060000 		.4byte	0x60c
 383 01f4 24       		.byte	0x24
 384 01f5 09       		.uleb128 0x9
 385 01f6 A6020000 		.4byte	.LASF41
 386 01fa 07       		.byte	0x7
 387 01fb 3601     		.2byte	0x136
 388 01fd 62020000 		.4byte	0x262
 389 0201 28       		.byte	0x28
 390 0202 09       		.uleb128 0x9
 391 0203 C3010000 		.4byte	.LASF42
 392 0207 07       		.byte	0x7
 393 0208 3C01     		.2byte	0x13c
 394 020a 86020000 		.4byte	0x286
 395 020e 2C       		.byte	0x2c
 396 020f 09       		.uleb128 0x9
 397 0210 50060000 		.4byte	.LASF43
 398 0214 07       		.byte	0x7
 399 0215 4001     		.2byte	0x140
ARM GAS  /tmp/cc3w8cgd.s 			page 8


 400 0217 15010000 		.4byte	0x115
 401 021b 34       		.byte	0x34
 402 021c 09       		.uleb128 0x9
 403 021d 29040000 		.4byte	.LASF44
 404 0221 07       		.byte	0x7
 405 0222 4601     		.2byte	0x146
 406 0224 20010000 		.4byte	0x120
 407 0228 38       		.byte	0x38
 408 0229 09       		.uleb128 0x9
 409 022a BA030000 		.4byte	.LASF45
 410 022e 07       		.byte	0x7
 411 022f 4D01     		.2byte	0x14d
 412 0231 CB060000 		.4byte	0x6cb
 413 0235 3C       		.byte	0x3c
 414 0236 09       		.uleb128 0x9
 415 0237 A8050000 		.4byte	.LASF46
 416 023b 07       		.byte	0x7
 417 023c 5101     		.2byte	0x151
 418 023e 0A010000 		.4byte	0x10a
 419 0242 40       		.byte	0x40
 420 0243 09       		.uleb128 0x9
 421 0244 E9000000 		.4byte	.LASF47
 422 0248 07       		.byte	0x7
 423 0249 5801     		.2byte	0x158
 424 024b 39030000 		.4byte	0x339
 425 024f 44       		.byte	0x44
 426 0250 00       		.byte	0
 427 0251 03       		.uleb128 0x3
 428 0252 B9020000 		.4byte	.LASF48
 429 0256 06       		.byte	0x6
 430 0257 44       		.byte	0x44
 431 0258 5C020000 		.4byte	0x25c
 432 025c 0A       		.uleb128 0xa
 433 025d 04       		.byte	0x4
 434 025e 41010000 		.4byte	0x141
 435 0262 03       		.uleb128 0x3
 436 0263 97020000 		.4byte	.LASF49
 437 0267 06       		.byte	0x6
 438 0268 49       		.byte	0x49
 439 0269 6D020000 		.4byte	0x26d
 440 026d 06       		.uleb128 0x6
 441 026e 4C040000 		.4byte	.LASF51
 442 0272 04       		.byte	0x4
 443 0273 07       		.byte	0x7
 444 0274 B0       		.byte	0xb0
 445 0275 86020000 		.4byte	0x286
 446 0279 07       		.uleb128 0x7
 447 027a F5030000 		.4byte	.LASF29
 448 027e 07       		.byte	0x7
 449 027f B1       		.byte	0xb1
 450 0280 5C020000 		.4byte	0x25c
 451 0284 00       		.byte	0
 452 0285 00       		.byte	0
 453 0286 03       		.uleb128 0x3
 454 0287 EF050000 		.4byte	.LASF52
 455 028b 06       		.byte	0x6
 456 028c 50       		.byte	0x50
ARM GAS  /tmp/cc3w8cgd.s 			page 9


 457 028d 91020000 		.4byte	0x291
 458 0291 06       		.uleb128 0x6
 459 0292 B7000000 		.4byte	.LASF53
 460 0296 08       		.byte	0x8
 461 0297 07       		.byte	0x7
 462 0298 B7       		.byte	0xb7
 463 0299 B6020000 		.4byte	0x2b6
 464 029d 07       		.uleb128 0x7
 465 029e F5030000 		.4byte	.LASF29
 466 02a2 07       		.byte	0x7
 467 02a3 B8       		.byte	0xb8
 468 02a4 5C020000 		.4byte	0x25c
 469 02a8 00       		.byte	0
 470 02a9 07       		.uleb128 0x7
 471 02aa 43030000 		.4byte	.LASF30
 472 02ae 07       		.byte	0x7
 473 02af B9       		.byte	0xb9
 474 02b0 5C020000 		.4byte	0x25c
 475 02b4 04       		.byte	0x4
 476 02b5 00       		.byte	0
 477 02b6 03       		.uleb128 0x3
 478 02b7 13000000 		.4byte	.LASF54
 479 02bb 06       		.byte	0x6
 480 02bc 57       		.byte	0x57
 481 02bd C1020000 		.4byte	0x2c1
 482 02c1 0B       		.uleb128 0xb
 483 02c2 28020000 		.4byte	.LASF55
 484 02c6 1C       		.byte	0x1c
 485 02c7 07       		.byte	0x7
 486 02c8 9001     		.2byte	0x190
 487 02ca 1D030000 		.4byte	0x31d
 488 02ce 09       		.uleb128 0x9
 489 02cf 44040000 		.4byte	.LASF56
 490 02d3 07       		.byte	0x7
 491 02d4 9101     		.2byte	0x191
 492 02d6 86020000 		.4byte	0x286
 493 02da 00       		.byte	0
 494 02db 09       		.uleb128 0x9
 495 02dc E0030000 		.4byte	.LASF57
 496 02e0 07       		.byte	0x7
 497 02e1 9201     		.2byte	0x192
 498 02e3 0A010000 		.4byte	0x10a
 499 02e7 08       		.byte	0x8
 500 02e8 09       		.uleb128 0x9
 501 02e9 EB020000 		.4byte	.LASF58
 502 02ed 07       		.byte	0x7
 503 02ee 9401     		.2byte	0x194
 504 02f0 8C040000 		.4byte	0x48c
 505 02f4 0C       		.byte	0xc
 506 02f5 09       		.uleb128 0x9
 507 02f6 42010000 		.4byte	.LASF59
 508 02fa 07       		.byte	0x7
 509 02fb 9701     		.2byte	0x197
 510 02fd 5C020000 		.4byte	0x25c
 511 0301 10       		.byte	0x10
 512 0302 09       		.uleb128 0x9
 513 0303 18030000 		.4byte	.LASF60
ARM GAS  /tmp/cc3w8cgd.s 			page 10


 514 0307 07       		.byte	0x7
 515 0308 9801     		.2byte	0x198
 516 030a 5C020000 		.4byte	0x25c
 517 030e 14       		.byte	0x14
 518 030f 09       		.uleb128 0x9
 519 0310 0E030000 		.4byte	.LASF61
 520 0314 07       		.byte	0x7
 521 0315 9B01     		.2byte	0x19b
 522 0317 5C020000 		.4byte	0x25c
 523 031b 18       		.byte	0x18
 524 031c 00       		.byte	0
 525 031d 03       		.uleb128 0x3
 526 031e B3050000 		.4byte	.LASF62
 527 0322 06       		.byte	0x6
 528 0323 5C       		.byte	0x5c
 529 0324 28030000 		.4byte	0x328
 530 0328 0A       		.uleb128 0xa
 531 0329 04       		.byte	0x4
 532 032a 2E030000 		.4byte	0x32e
 533 032e 0C       		.uleb128 0xc
 534 032f 39030000 		.4byte	0x339
 535 0333 0D       		.uleb128 0xd
 536 0334 39030000 		.4byte	0x339
 537 0338 00       		.byte	0
 538 0339 0E       		.uleb128 0xe
 539 033a 04       		.byte	0x4
 540 033b 03       		.uleb128 0x3
 541 033c 33030000 		.4byte	.LASF63
 542 0340 06       		.byte	0x6
 543 0341 61       		.byte	0x61
 544 0342 46030000 		.4byte	0x346
 545 0346 0B       		.uleb128 0xb
 546 0347 0B040000 		.4byte	.LASF64
 547 034b 14       		.byte	0x14
 548 034c 07       		.byte	0x7
 549 034d 6B01     		.2byte	0x16b
 550 034f 95030000 		.4byte	0x395
 551 0353 09       		.uleb128 0x9
 552 0354 A4010000 		.4byte	.LASF65
 553 0358 07       		.byte	0x7
 554 0359 6C01     		.2byte	0x16c
 555 035b E8060000 		.4byte	0x6e8
 556 035f 00       		.byte	0
 557 0360 09       		.uleb128 0x9
 558 0361 53010000 		.4byte	.LASF66
 559 0365 07       		.byte	0x7
 560 0366 6D01     		.2byte	0x16d
 561 0368 E8060000 		.4byte	0x6e8
 562 036c 04       		.byte	0x4
 563 036d 09       		.uleb128 0x9
 564 036e BA010000 		.4byte	.LASF67
 565 0372 07       		.byte	0x7
 566 0373 6E01     		.2byte	0x16e
 567 0375 36010000 		.4byte	0x136
 568 0379 08       		.byte	0x8
 569 037a 09       		.uleb128 0x9
 570 037b 81060000 		.4byte	.LASF68
ARM GAS  /tmp/cc3w8cgd.s 			page 11


 571 037f 07       		.byte	0x7
 572 0380 6F01     		.2byte	0x16f
 573 0382 1D030000 		.4byte	0x31d
 574 0386 0C       		.byte	0xc
 575 0387 09       		.uleb128 0x9
 576 0388 E8050000 		.4byte	.LASF69
 577 038c 07       		.byte	0x7
 578 038d 7101     		.2byte	0x171
 579 038f 39030000 		.4byte	0x339
 580 0393 10       		.byte	0x10
 581 0394 00       		.byte	0
 582 0395 03       		.uleb128 0x3
 583 0396 94000000 		.4byte	.LASF70
 584 039a 06       		.byte	0x6
 585 039b 66       		.byte	0x66
 586 039c A0030000 		.4byte	0x3a0
 587 03a0 0B       		.uleb128 0xb
 588 03a1 CC020000 		.4byte	.LASF71
 589 03a5 10       		.byte	0x10
 590 03a6 07       		.byte	0x7
 591 03a7 7B01     		.2byte	0x17b
 592 03a9 E2030000 		.4byte	0x3e2
 593 03ad 09       		.uleb128 0x9
 594 03ae A4010000 		.4byte	.LASF65
 595 03b2 07       		.byte	0x7
 596 03b3 7C01     		.2byte	0x17c
 597 03b5 E8060000 		.4byte	0x6e8
 598 03b9 00       		.byte	0
 599 03ba 09       		.uleb128 0x9
 600 03bb 53010000 		.4byte	.LASF66
 601 03bf 07       		.byte	0x7
 602 03c0 7E01     		.2byte	0x17e
 603 03c2 E8060000 		.4byte	0x6e8
 604 03c6 04       		.byte	0x4
 605 03c7 09       		.uleb128 0x9
 606 03c8 BA010000 		.4byte	.LASF67
 607 03cc 07       		.byte	0x7
 608 03cd 8001     		.2byte	0x180
 609 03cf 36010000 		.4byte	0x136
 610 03d3 08       		.byte	0x8
 611 03d4 09       		.uleb128 0x9
 612 03d5 45060000 		.4byte	.LASF72
 613 03d9 07       		.byte	0x7
 614 03da 8201     		.2byte	0x182
 615 03dc E3060000 		.4byte	0x6e3
 616 03e0 0C       		.byte	0xc
 617 03e1 00       		.byte	0
 618 03e2 03       		.uleb128 0x3
 619 03e3 4D000000 		.4byte	.LASF73
 620 03e7 06       		.byte	0x6
 621 03e8 6B       		.byte	0x6b
 622 03e9 ED030000 		.4byte	0x3ed
 623 03ed 0B       		.uleb128 0xb
 624 03ee 83030000 		.4byte	.LASF74
 625 03f2 04       		.byte	0x4
 626 03f3 07       		.byte	0x7
 627 03f4 A201     		.2byte	0x1a2
ARM GAS  /tmp/cc3w8cgd.s 			page 12


 628 03f6 08040000 		.4byte	0x408
 629 03fa 09       		.uleb128 0x9
 630 03fb C7050000 		.4byte	.LASF75
 631 03ff 07       		.byte	0x7
 632 0400 AA01     		.2byte	0x1aa
 633 0402 EE060000 		.4byte	0x6ee
 634 0406 00       		.byte	0
 635 0407 00       		.byte	0
 636 0408 03       		.uleb128 0x3
 637 0409 14020000 		.4byte	.LASF76
 638 040d 06       		.byte	0x6
 639 040e 70       		.byte	0x70
 640 040f 13040000 		.4byte	0x413
 641 0413 0F       		.uleb128 0xf
 642 0414 0F010000 		.4byte	.LASF77
 643 0418 5802     		.2byte	0x258
 644 041a 07       		.byte	0x7
 645 041b C201     		.2byte	0x1c2
 646 041d 6F040000 		.4byte	0x46f
 647 0421 09       		.uleb128 0x9
 648 0422 22060000 		.4byte	.LASF78
 649 0426 07       		.byte	0x7
 650 0427 C601     		.2byte	0x1c6
 651 0429 B6020000 		.4byte	0x2b6
 652 042d 00       		.byte	0
 653 042e 09       		.uleb128 0x9
 654 042f 5B010000 		.4byte	.LASF79
 655 0433 07       		.byte	0x7
 656 0434 CA01     		.2byte	0x1ca
 657 0436 95030000 		.4byte	0x395
 658 043a 1C       		.byte	0x1c
 659 043b 08       		.uleb128 0x8
 660 043c 64626700 		.ascii	"dbg\000"
 661 0440 07       		.byte	0x7
 662 0441 CE01     		.2byte	0x1ce
 663 0443 E2030000 		.4byte	0x3e2
 664 0447 2C       		.byte	0x2c
 665 0448 09       		.uleb128 0x9
 666 0449 89000000 		.4byte	.LASF80
 667 044d 07       		.byte	0x7
 668 044e D201     		.2byte	0x1d2
 669 0450 41010000 		.4byte	0x141
 670 0454 30       		.byte	0x30
 671 0455 08       		.uleb128 0x8
 672 0456 746D00   		.ascii	"tm\000"
 673 0459 07       		.byte	0x7
 674 045a D701     		.2byte	0x1d7
 675 045c 01060000 		.4byte	0x601
 676 0460 78       		.byte	0x78
 677 0461 09       		.uleb128 0x9
 678 0462 82010000 		.4byte	.LASF81
 679 0466 07       		.byte	0x7
 680 0467 E301     		.2byte	0x1e3
 681 0469 F3060000 		.4byte	0x6f3
 682 046d 80       		.byte	0x80
 683 046e 00       		.byte	0
 684 046f 04       		.uleb128 0x4
ARM GAS  /tmp/cc3w8cgd.s 			page 13


 685 0470 04       		.byte	0x4
 686 0471 07       		.byte	0x7
 687 0472 B0020000 		.4byte	.LASF82
 688 0476 03       		.uleb128 0x3
 689 0477 4A010000 		.4byte	.LASF83
 690 047b 08       		.byte	0x8
 691 047c 65       		.byte	0x65
 692 047d 39030000 		.4byte	0x339
 693 0481 03       		.uleb128 0x3
 694 0482 8C020000 		.4byte	.LASF84
 695 0486 08       		.byte	0x8
 696 0487 6D       		.byte	0x6d
 697 0488 C3000000 		.4byte	0xc3
 698 048c 06       		.uleb128 0x6
 699 048d D8050000 		.4byte	.LASF85
 700 0491 04       		.byte	0x4
 701 0492 08       		.byte	0x8
 702 0493 89       		.byte	0x89
 703 0494 A5040000 		.4byte	0x4a5
 704 0498 10       		.uleb128 0x10
 705 0499 72313300 		.ascii	"r13\000"
 706 049d 08       		.byte	0x8
 707 049e 8A       		.byte	0x8a
 708 049f E6050000 		.4byte	0x5e6
 709 04a3 00       		.byte	0
 710 04a4 00       		.byte	0
 711 04a5 06       		.uleb128 0x6
 712 04a6 41000000 		.4byte	.LASF86
 713 04aa 64       		.byte	0x64
 714 04ab 09       		.byte	0x9
 715 04ac F4       		.byte	0xf4
 716 04ad E6050000 		.4byte	0x5e6
 717 04b1 10       		.uleb128 0x10
 718 04b2 73313600 		.ascii	"s16\000"
 719 04b6 09       		.byte	0x9
 720 04b7 F6       		.byte	0xf6
 721 04b8 76040000 		.4byte	0x476
 722 04bc 00       		.byte	0
 723 04bd 10       		.uleb128 0x10
 724 04be 73313700 		.ascii	"s17\000"
 725 04c2 09       		.byte	0x9
 726 04c3 F7       		.byte	0xf7
 727 04c4 76040000 		.4byte	0x476
 728 04c8 04       		.byte	0x4
 729 04c9 10       		.uleb128 0x10
 730 04ca 73313800 		.ascii	"s18\000"
 731 04ce 09       		.byte	0x9
 732 04cf F8       		.byte	0xf8
 733 04d0 76040000 		.4byte	0x476
 734 04d4 08       		.byte	0x8
 735 04d5 10       		.uleb128 0x10
 736 04d6 73313900 		.ascii	"s19\000"
 737 04da 09       		.byte	0x9
 738 04db F9       		.byte	0xf9
 739 04dc 76040000 		.4byte	0x476
 740 04e0 0C       		.byte	0xc
 741 04e1 10       		.uleb128 0x10
ARM GAS  /tmp/cc3w8cgd.s 			page 14


 742 04e2 73323000 		.ascii	"s20\000"
 743 04e6 09       		.byte	0x9
 744 04e7 FA       		.byte	0xfa
 745 04e8 76040000 		.4byte	0x476
 746 04ec 10       		.byte	0x10
 747 04ed 10       		.uleb128 0x10
 748 04ee 73323100 		.ascii	"s21\000"
 749 04f2 09       		.byte	0x9
 750 04f3 FB       		.byte	0xfb
 751 04f4 76040000 		.4byte	0x476
 752 04f8 14       		.byte	0x14
 753 04f9 10       		.uleb128 0x10
 754 04fa 73323200 		.ascii	"s22\000"
 755 04fe 09       		.byte	0x9
 756 04ff FC       		.byte	0xfc
 757 0500 76040000 		.4byte	0x476
 758 0504 18       		.byte	0x18
 759 0505 10       		.uleb128 0x10
 760 0506 73323300 		.ascii	"s23\000"
 761 050a 09       		.byte	0x9
 762 050b FD       		.byte	0xfd
 763 050c 76040000 		.4byte	0x476
 764 0510 1C       		.byte	0x1c
 765 0511 10       		.uleb128 0x10
 766 0512 73323400 		.ascii	"s24\000"
 767 0516 09       		.byte	0x9
 768 0517 FE       		.byte	0xfe
 769 0518 76040000 		.4byte	0x476
 770 051c 20       		.byte	0x20
 771 051d 10       		.uleb128 0x10
 772 051e 73323500 		.ascii	"s25\000"
 773 0522 09       		.byte	0x9
 774 0523 FF       		.byte	0xff
 775 0524 76040000 		.4byte	0x476
 776 0528 24       		.byte	0x24
 777 0529 08       		.uleb128 0x8
 778 052a 73323600 		.ascii	"s26\000"
 779 052e 09       		.byte	0x9
 780 052f 0001     		.2byte	0x100
 781 0531 76040000 		.4byte	0x476
 782 0535 28       		.byte	0x28
 783 0536 08       		.uleb128 0x8
 784 0537 73323700 		.ascii	"s27\000"
 785 053b 09       		.byte	0x9
 786 053c 0101     		.2byte	0x101
 787 053e 76040000 		.4byte	0x476
 788 0542 2C       		.byte	0x2c
 789 0543 08       		.uleb128 0x8
 790 0544 73323800 		.ascii	"s28\000"
 791 0548 09       		.byte	0x9
 792 0549 0201     		.2byte	0x102
 793 054b 76040000 		.4byte	0x476
 794 054f 30       		.byte	0x30
 795 0550 08       		.uleb128 0x8
 796 0551 73323900 		.ascii	"s29\000"
 797 0555 09       		.byte	0x9
 798 0556 0301     		.2byte	0x103
ARM GAS  /tmp/cc3w8cgd.s 			page 15


 799 0558 76040000 		.4byte	0x476
 800 055c 34       		.byte	0x34
 801 055d 08       		.uleb128 0x8
 802 055e 73333000 		.ascii	"s30\000"
 803 0562 09       		.byte	0x9
 804 0563 0401     		.2byte	0x104
 805 0565 76040000 		.4byte	0x476
 806 0569 38       		.byte	0x38
 807 056a 08       		.uleb128 0x8
 808 056b 73333100 		.ascii	"s31\000"
 809 056f 09       		.byte	0x9
 810 0570 0501     		.2byte	0x105
 811 0572 76040000 		.4byte	0x476
 812 0576 3C       		.byte	0x3c
 813 0577 08       		.uleb128 0x8
 814 0578 723400   		.ascii	"r4\000"
 815 057b 09       		.byte	0x9
 816 057c 0701     		.2byte	0x107
 817 057e 76040000 		.4byte	0x476
 818 0582 40       		.byte	0x40
 819 0583 08       		.uleb128 0x8
 820 0584 723500   		.ascii	"r5\000"
 821 0587 09       		.byte	0x9
 822 0588 0801     		.2byte	0x108
 823 058a 76040000 		.4byte	0x476
 824 058e 44       		.byte	0x44
 825 058f 08       		.uleb128 0x8
 826 0590 723600   		.ascii	"r6\000"
 827 0593 09       		.byte	0x9
 828 0594 0901     		.2byte	0x109
 829 0596 76040000 		.4byte	0x476
 830 059a 48       		.byte	0x48
 831 059b 08       		.uleb128 0x8
 832 059c 723700   		.ascii	"r7\000"
 833 059f 09       		.byte	0x9
 834 05a0 0A01     		.2byte	0x10a
 835 05a2 76040000 		.4byte	0x476
 836 05a6 4C       		.byte	0x4c
 837 05a7 08       		.uleb128 0x8
 838 05a8 723800   		.ascii	"r8\000"
 839 05ab 09       		.byte	0x9
 840 05ac 0B01     		.2byte	0x10b
 841 05ae 76040000 		.4byte	0x476
 842 05b2 50       		.byte	0x50
 843 05b3 08       		.uleb128 0x8
 844 05b4 723900   		.ascii	"r9\000"
 845 05b7 09       		.byte	0x9
 846 05b8 0C01     		.2byte	0x10c
 847 05ba 76040000 		.4byte	0x476
 848 05be 54       		.byte	0x54
 849 05bf 08       		.uleb128 0x8
 850 05c0 72313000 		.ascii	"r10\000"
 851 05c4 09       		.byte	0x9
 852 05c5 0D01     		.2byte	0x10d
 853 05c7 76040000 		.4byte	0x476
 854 05cb 58       		.byte	0x58
 855 05cc 08       		.uleb128 0x8
ARM GAS  /tmp/cc3w8cgd.s 			page 16


 856 05cd 72313100 		.ascii	"r11\000"
 857 05d1 09       		.byte	0x9
 858 05d2 0E01     		.2byte	0x10e
 859 05d4 76040000 		.4byte	0x476
 860 05d8 5C       		.byte	0x5c
 861 05d9 08       		.uleb128 0x8
 862 05da 6C7200   		.ascii	"lr\000"
 863 05dd 09       		.byte	0x9
 864 05de 0F01     		.2byte	0x10f
 865 05e0 76040000 		.4byte	0x476
 866 05e4 60       		.byte	0x60
 867 05e5 00       		.byte	0
 868 05e6 0A       		.uleb128 0xa
 869 05e7 04       		.byte	0x4
 870 05e8 A5040000 		.4byte	0x4a5
 871 05ec 11       		.uleb128 0x11
 872 05ed 04       		.byte	0x4
 873 05ee 0A       		.byte	0xa
 874 05ef 38       		.byte	0x38
 875 05f0 01060000 		.4byte	0x601
 876 05f4 07       		.uleb128 0x7
 877 05f5 D1050000 		.4byte	.LASF87
 878 05f9 0A       		.byte	0xa
 879 05fa 3C       		.byte	0x3c
 880 05fb D3000000 		.4byte	0xd3
 881 05ff 00       		.byte	0
 882 0600 00       		.byte	0
 883 0601 03       		.uleb128 0x3
 884 0602 F1020000 		.4byte	.LASF88
 885 0606 0A       		.byte	0xa
 886 0607 3D       		.byte	0x3d
 887 0608 EC050000 		.4byte	0x5ec
 888 060c 12       		.uleb128 0x12
 889 060d 04       		.byte	0x4
 890 060e 07       		.byte	0x7
 891 060f FA       		.byte	0xfa
 892 0610 69060000 		.4byte	0x669
 893 0614 13       		.uleb128 0x13
 894 0615 27000000 		.4byte	.LASF89
 895 0619 07       		.byte	0x7
 896 061a 0101     		.2byte	0x101
 897 061c 15010000 		.4byte	0x115
 898 0620 13       		.uleb128 0x13
 899 0621 80000000 		.4byte	.LASF90
 900 0625 07       		.byte	0x7
 901 0626 0801     		.2byte	0x108
 902 0628 15010000 		.4byte	0x115
 903 062c 13       		.uleb128 0x13
 904 062d 30060000 		.4byte	.LASF91
 905 0631 07       		.byte	0x7
 906 0632 0F01     		.2byte	0x10f
 907 0634 39030000 		.4byte	0x339
 908 0638 13       		.uleb128 0x13
 909 0639 09010000 		.4byte	.LASF92
 910 063d 07       		.byte	0x7
 911 063e 1601     		.2byte	0x116
 912 0640 69060000 		.4byte	0x669
ARM GAS  /tmp/cc3w8cgd.s 			page 17


 913 0644 13       		.uleb128 0x13
 914 0645 B3010000 		.4byte	.LASF93
 915 0649 07       		.byte	0x7
 916 064a 1E01     		.2byte	0x11e
 917 064c 94060000 		.4byte	0x694
 918 0650 13       		.uleb128 0x13
 919 0651 3D040000 		.4byte	.LASF94
 920 0655 07       		.byte	0x7
 921 0656 2701     		.2byte	0x127
 922 0658 CB060000 		.4byte	0x6cb
 923 065c 13       		.uleb128 0x13
 924 065d EE030000 		.4byte	.LASF95
 925 0661 07       		.byte	0x7
 926 0662 2F01     		.2byte	0x12f
 927 0664 20010000 		.4byte	0x120
 928 0668 00       		.byte	0
 929 0669 0A       		.uleb128 0xa
 930 066a 04       		.byte	0x4
 931 066b 51020000 		.4byte	0x251
 932 066f 06       		.uleb128 0x6
 933 0670 1C040000 		.4byte	.LASF96
 934 0674 0C       		.byte	0xc
 935 0675 0B       		.byte	0xb
 936 0676 34       		.byte	0x34
 937 0677 94060000 		.4byte	0x694
 938 067b 07       		.uleb128 0x7
 939 067c 3A010000 		.4byte	.LASF97
 940 0680 0B       		.byte	0xb
 941 0681 35       		.byte	0x35
 942 0682 86020000 		.4byte	0x286
 943 0686 00       		.byte	0
 944 0687 07       		.uleb128 0x7
 945 0688 B4030000 		.4byte	.LASF98
 946 068c 0B       		.byte	0xb
 947 068d 37       		.byte	0x37
 948 068e 2B010000 		.4byte	0x12b
 949 0692 08       		.byte	0x8
 950 0693 00       		.byte	0
 951 0694 0A       		.uleb128 0xa
 952 0695 04       		.byte	0x4
 953 0696 6F060000 		.4byte	0x66f
 954 069a 06       		.uleb128 0x6
 955 069b FF050000 		.4byte	.LASF99
 956 069f 10       		.byte	0x10
 957 06a0 0C       		.byte	0xc
 958 06a1 39       		.byte	0x39
 959 06a2 CB060000 		.4byte	0x6cb
 960 06a6 07       		.uleb128 0x7
 961 06a7 F1000000 		.4byte	.LASF100
 962 06ab 0C       		.byte	0xc
 963 06ac 3A       		.byte	0x3a
 964 06ad 86020000 		.4byte	0x286
 965 06b1 00       		.byte	0
 966 06b2 07       		.uleb128 0x7
 967 06b3 60060000 		.4byte	.LASF101
 968 06b7 0C       		.byte	0xc
 969 06b8 3C       		.byte	0x3c
ARM GAS  /tmp/cc3w8cgd.s 			page 18


 970 06b9 5C020000 		.4byte	0x25c
 971 06bd 08       		.byte	0x8
 972 06be 07       		.uleb128 0x7
 973 06bf 97050000 		.4byte	.LASF102
 974 06c3 0C       		.byte	0xc
 975 06c4 3E       		.byte	0x3e
 976 06c5 0E070000 		.4byte	0x70e
 977 06c9 0C       		.byte	0xc
 978 06ca 00       		.byte	0
 979 06cb 0A       		.uleb128 0xa
 980 06cc 04       		.byte	0x4
 981 06cd 9A060000 		.4byte	0x69a
 982 06d1 0A       		.uleb128 0xa
 983 06d2 04       		.byte	0x4
 984 06d3 D7060000 		.4byte	0x6d7
 985 06d7 14       		.uleb128 0x14
 986 06d8 DC060000 		.4byte	0x6dc
 987 06dc 04       		.uleb128 0x4
 988 06dd 01       		.byte	0x1
 989 06de 08       		.byte	0x8
 990 06df 6E040000 		.4byte	.LASF103
 991 06e3 05       		.uleb128 0x5
 992 06e4 36010000 		.4byte	0x136
 993 06e8 0A       		.uleb128 0xa
 994 06e9 04       		.byte	0x4
 995 06ea 3B030000 		.4byte	0x33b
 996 06ee 05       		.uleb128 0x5
 997 06ef D1060000 		.4byte	0x6d1
 998 06f3 15       		.uleb128 0x15
 999 06f4 81040000 		.4byte	0x481
 1000 06f8 03070000 		.4byte	0x703
 1001 06fc 16       		.uleb128 0x16
 1002 06fd 6F040000 		.4byte	0x46f
 1003 0701 3A       		.byte	0x3a
 1004 0702 00       		.byte	0
 1005 0703 03       		.uleb128 0x3
 1006 0704 73010000 		.4byte	.LASF104
 1007 0708 0C       		.byte	0xc
 1008 0709 34       		.byte	0x34
 1009 070a 9A060000 		.4byte	0x69a
 1010 070e 0A       		.uleb128 0xa
 1011 070f 04       		.byte	0x4
 1012 0710 03070000 		.4byte	0x703
 1013 0714 04       		.uleb128 0x4
 1014 0715 01       		.byte	0x1
 1015 0716 02       		.byte	0x2
 1016 0717 93030000 		.4byte	.LASF105
 1017 071b 11       		.uleb128 0x11
 1018 071c 1C       		.byte	0x1c
 1019 071d 0D       		.byte	0xd
 1020 071e C1       		.byte	0xc1
 1021 071f 78070000 		.4byte	0x778
 1022 0723 07       		.uleb128 0x7
 1023 0724 F9000000 		.4byte	.LASF106
 1024 0728 0D       		.byte	0xd
 1025 0729 C3       		.byte	0xc3
 1026 072a B8000000 		.4byte	0xb8
ARM GAS  /tmp/cc3w8cgd.s 			page 19


 1027 072e 00       		.byte	0
 1028 072f 07       		.uleb128 0x7
 1029 0730 D6010000 		.4byte	.LASF107
 1030 0734 0D       		.byte	0xd
 1031 0735 C5       		.byte	0xc5
 1032 0736 B8000000 		.4byte	0xb8
 1033 073a 04       		.byte	0x4
 1034 073b 07       		.uleb128 0x7
 1035 073c CE010000 		.4byte	.LASF108
 1036 0740 0D       		.byte	0xd
 1037 0741 C7       		.byte	0xc7
 1038 0742 B8000000 		.4byte	0xb8
 1039 0746 08       		.byte	0x8
 1040 0747 07       		.uleb128 0x7
 1041 0748 7A000000 		.4byte	.LASF109
 1042 074c 0D       		.byte	0xd
 1043 074d C9       		.byte	0xc9
 1044 074e B8000000 		.4byte	0xb8
 1045 0752 0C       		.byte	0xc
 1046 0753 10       		.uleb128 0x10
 1047 0754 6F647200 		.ascii	"odr\000"
 1048 0758 0D       		.byte	0xd
 1049 0759 CB       		.byte	0xcb
 1050 075a B8000000 		.4byte	0xb8
 1051 075e 10       		.byte	0x10
 1052 075f 07       		.uleb128 0x7
 1053 0760 AF030000 		.4byte	.LASF110
 1054 0764 0D       		.byte	0xd
 1055 0765 CD       		.byte	0xcd
 1056 0766 B8000000 		.4byte	0xb8
 1057 076a 14       		.byte	0x14
 1058 076b 07       		.uleb128 0x7
 1059 076c 02030000 		.4byte	.LASF111
 1060 0770 0D       		.byte	0xd
 1061 0771 CF       		.byte	0xcf
 1062 0772 B8000000 		.4byte	0xb8
 1063 0776 18       		.byte	0x18
 1064 0777 00       		.byte	0
 1065 0778 03       		.uleb128 0x3
 1066 0779 00000000 		.4byte	.LASF112
 1067 077d 0D       		.byte	0xd
 1068 077e D0       		.byte	0xd0
 1069 077f 1B070000 		.4byte	0x71b
 1070 0783 11       		.uleb128 0x11
 1071 0784 FC       		.byte	0xfc
 1072 0785 0D       		.byte	0xd
 1073 0786 D9       		.byte	0xd9
 1074 0787 F8070000 		.4byte	0x7f8
 1075 078b 07       		.uleb128 0x7
 1076 078c E7030000 		.4byte	.LASF113
 1077 0790 0D       		.byte	0xd
 1078 0791 DC       		.byte	0xdc
 1079 0792 78070000 		.4byte	0x778
 1080 0796 00       		.byte	0
 1081 0797 07       		.uleb128 0x7
 1082 0798 7B010000 		.4byte	.LASF114
 1083 079c 0D       		.byte	0xd
ARM GAS  /tmp/cc3w8cgd.s 			page 20


 1084 079d E0       		.byte	0xe0
 1085 079e 78070000 		.4byte	0x778
 1086 07a2 1C       		.byte	0x1c
 1087 07a3 07       		.uleb128 0x7
 1088 07a4 3E060000 		.4byte	.LASF115
 1089 07a8 0D       		.byte	0xd
 1090 07a9 E4       		.byte	0xe4
 1091 07aa 78070000 		.4byte	0x778
 1092 07ae 38       		.byte	0x38
 1093 07af 07       		.uleb128 0x7
 1094 07b0 07030000 		.4byte	.LASF116
 1095 07b4 0D       		.byte	0xd
 1096 07b5 E8       		.byte	0xe8
 1097 07b6 78070000 		.4byte	0x778
 1098 07ba 54       		.byte	0x54
 1099 07bb 07       		.uleb128 0x7
 1100 07bc 22010000 		.4byte	.LASF117
 1101 07c0 0D       		.byte	0xd
 1102 07c1 EC       		.byte	0xec
 1103 07c2 78070000 		.4byte	0x778
 1104 07c6 70       		.byte	0x70
 1105 07c7 07       		.uleb128 0x7
 1106 07c8 FD010000 		.4byte	.LASF118
 1107 07cc 0D       		.byte	0xd
 1108 07cd F0       		.byte	0xf0
 1109 07ce 78070000 		.4byte	0x778
 1110 07d2 8C       		.byte	0x8c
 1111 07d3 07       		.uleb128 0x7
 1112 07d4 85020000 		.4byte	.LASF119
 1113 07d8 0D       		.byte	0xd
 1114 07d9 F4       		.byte	0xf4
 1115 07da 78070000 		.4byte	0x778
 1116 07de A8       		.byte	0xa8
 1117 07df 07       		.uleb128 0x7
 1118 07e0 5C000000 		.4byte	.LASF120
 1119 07e4 0D       		.byte	0xd
 1120 07e5 F8       		.byte	0xf8
 1121 07e6 78070000 		.4byte	0x778
 1122 07ea C4       		.byte	0xc4
 1123 07eb 07       		.uleb128 0x7
 1124 07ec 04040000 		.4byte	.LASF121
 1125 07f0 0D       		.byte	0xd
 1126 07f1 FC       		.byte	0xfc
 1127 07f2 78070000 		.4byte	0x778
 1128 07f6 E0       		.byte	0xe0
 1129 07f7 00       		.byte	0
 1130 07f8 03       		.uleb128 0x3
 1131 07f9 56060000 		.4byte	.LASF122
 1132 07fd 0D       		.byte	0xd
 1133 07fe FE       		.byte	0xfe
 1134 07ff 83070000 		.4byte	0x783
 1135 0803 17       		.uleb128 0x17
 1136 0804 DD010000 		.4byte	.LASF128
 1137 0808 01       		.byte	0x1
 1138 0809 46       		.byte	0x46
 1139 080a 00000000 		.4byte	.LFB256
 1140 080e 04000000 		.4byte	.LFE256-.LFB256
ARM GAS  /tmp/cc3w8cgd.s 			page 21


 1141 0812 01       		.uleb128 0x1
 1142 0813 9C       		.byte	0x9c
 1143 0814 22080000 		.4byte	0x822
 1144 0818 18       		.uleb128 0x18
 1145 0819 04000000 		.4byte	.LVL0
 1146 081d 60080000 		.4byte	0x860
 1147 0821 00       		.byte	0
 1148 0822 19       		.uleb128 0x19
 1149 0823 18060000 		.4byte	.LASF129
 1150 0827 01       		.byte	0x1
 1151 0828 7B       		.byte	0x7b
 1152 0829 00000000 		.4byte	.LFB257
 1153 082d 02000000 		.4byte	.LFE257-.LFB257
 1154 0831 01       		.uleb128 0x1
 1155 0832 9C       		.byte	0x9c
 1156 0833 1A       		.uleb128 0x1a
 1157 0834 AA000000 		.4byte	.LASF123
 1158 0838 0E       		.byte	0xe
 1159 0839 A706     		.2byte	0x6a7
 1160 083b CE000000 		.4byte	0xce
 1161 083f 1B       		.uleb128 0x1b
 1162 0840 636800   		.ascii	"ch\000"
 1163 0843 07       		.byte	0x7
 1164 0844 0902     		.2byte	0x209
 1165 0846 08040000 		.4byte	0x408
 1166 084a 1C       		.uleb128 0x1c
 1167 084b 68060000 		.4byte	.LASF124
 1168 084f 01       		.byte	0x1
 1169 0850 19       		.byte	0x19
 1170 0851 5B080000 		.4byte	0x85b
 1171 0855 05       		.uleb128 0x5
 1172 0856 03       		.byte	0x3
 1173 0857 00000000 		.4byte	pal_default_config
 1174 085b 14       		.uleb128 0x14
 1175 085c F8070000 		.4byte	0x7f8
 1176 0860 1D       		.uleb128 0x1d
 1177 0861 62010000 		.4byte	.LASF130
 1178 0865 0F       		.byte	0xf
 1179 0866 1306     		.2byte	0x613
 1180 0868 00       		.byte	0
 1181              		.section	.debug_abbrev,"",%progbits
 1182              	.Ldebug_abbrev0:
 1183 0000 01       		.uleb128 0x1
 1184 0001 11       		.uleb128 0x11
 1185 0002 01       		.byte	0x1
 1186 0003 25       		.uleb128 0x25
 1187 0004 0E       		.uleb128 0xe
 1188 0005 13       		.uleb128 0x13
 1189 0006 0B       		.uleb128 0xb
 1190 0007 03       		.uleb128 0x3
 1191 0008 0E       		.uleb128 0xe
 1192 0009 1B       		.uleb128 0x1b
 1193 000a 0E       		.uleb128 0xe
 1194 000b 55       		.uleb128 0x55
 1195 000c 17       		.uleb128 0x17
 1196 000d 11       		.uleb128 0x11
 1197 000e 01       		.uleb128 0x1
ARM GAS  /tmp/cc3w8cgd.s 			page 22


 1198 000f 10       		.uleb128 0x10
 1199 0010 17       		.uleb128 0x17
 1200 0011 00       		.byte	0
 1201 0012 00       		.byte	0
 1202 0013 02       		.uleb128 0x2
 1203 0014 24       		.uleb128 0x24
 1204 0015 00       		.byte	0
 1205 0016 0B       		.uleb128 0xb
 1206 0017 0B       		.uleb128 0xb
 1207 0018 3E       		.uleb128 0x3e
 1208 0019 0B       		.uleb128 0xb
 1209 001a 03       		.uleb128 0x3
 1210 001b 08       		.uleb128 0x8
 1211 001c 00       		.byte	0
 1212 001d 00       		.byte	0
 1213 001e 03       		.uleb128 0x3
 1214 001f 16       		.uleb128 0x16
 1215 0020 00       		.byte	0
 1216 0021 03       		.uleb128 0x3
 1217 0022 0E       		.uleb128 0xe
 1218 0023 3A       		.uleb128 0x3a
 1219 0024 0B       		.uleb128 0xb
 1220 0025 3B       		.uleb128 0x3b
 1221 0026 0B       		.uleb128 0xb
 1222 0027 49       		.uleb128 0x49
 1223 0028 13       		.uleb128 0x13
 1224 0029 00       		.byte	0
 1225 002a 00       		.byte	0
 1226 002b 04       		.uleb128 0x4
 1227 002c 24       		.uleb128 0x24
 1228 002d 00       		.byte	0
 1229 002e 0B       		.uleb128 0xb
 1230 002f 0B       		.uleb128 0xb
 1231 0030 3E       		.uleb128 0x3e
 1232 0031 0B       		.uleb128 0xb
 1233 0032 03       		.uleb128 0x3
 1234 0033 0E       		.uleb128 0xe
 1235 0034 00       		.byte	0
 1236 0035 00       		.byte	0
 1237 0036 05       		.uleb128 0x5
 1238 0037 35       		.uleb128 0x35
 1239 0038 00       		.byte	0
 1240 0039 49       		.uleb128 0x49
 1241 003a 13       		.uleb128 0x13
 1242 003b 00       		.byte	0
 1243 003c 00       		.byte	0
 1244 003d 06       		.uleb128 0x6
 1245 003e 13       		.uleb128 0x13
 1246 003f 01       		.byte	0x1
 1247 0040 03       		.uleb128 0x3
 1248 0041 0E       		.uleb128 0xe
 1249 0042 0B       		.uleb128 0xb
 1250 0043 0B       		.uleb128 0xb
 1251 0044 3A       		.uleb128 0x3a
 1252 0045 0B       		.uleb128 0xb
 1253 0046 3B       		.uleb128 0x3b
 1254 0047 0B       		.uleb128 0xb
ARM GAS  /tmp/cc3w8cgd.s 			page 23


 1255 0048 01       		.uleb128 0x1
 1256 0049 13       		.uleb128 0x13
 1257 004a 00       		.byte	0
 1258 004b 00       		.byte	0
 1259 004c 07       		.uleb128 0x7
 1260 004d 0D       		.uleb128 0xd
 1261 004e 00       		.byte	0
 1262 004f 03       		.uleb128 0x3
 1263 0050 0E       		.uleb128 0xe
 1264 0051 3A       		.uleb128 0x3a
 1265 0052 0B       		.uleb128 0xb
 1266 0053 3B       		.uleb128 0x3b
 1267 0054 0B       		.uleb128 0xb
 1268 0055 49       		.uleb128 0x49
 1269 0056 13       		.uleb128 0x13
 1270 0057 38       		.uleb128 0x38
 1271 0058 0B       		.uleb128 0xb
 1272 0059 00       		.byte	0
 1273 005a 00       		.byte	0
 1274 005b 08       		.uleb128 0x8
 1275 005c 0D       		.uleb128 0xd
 1276 005d 00       		.byte	0
 1277 005e 03       		.uleb128 0x3
 1278 005f 08       		.uleb128 0x8
 1279 0060 3A       		.uleb128 0x3a
 1280 0061 0B       		.uleb128 0xb
 1281 0062 3B       		.uleb128 0x3b
 1282 0063 05       		.uleb128 0x5
 1283 0064 49       		.uleb128 0x49
 1284 0065 13       		.uleb128 0x13
 1285 0066 38       		.uleb128 0x38
 1286 0067 0B       		.uleb128 0xb
 1287 0068 00       		.byte	0
 1288 0069 00       		.byte	0
 1289 006a 09       		.uleb128 0x9
 1290 006b 0D       		.uleb128 0xd
 1291 006c 00       		.byte	0
 1292 006d 03       		.uleb128 0x3
 1293 006e 0E       		.uleb128 0xe
 1294 006f 3A       		.uleb128 0x3a
 1295 0070 0B       		.uleb128 0xb
 1296 0071 3B       		.uleb128 0x3b
 1297 0072 05       		.uleb128 0x5
 1298 0073 49       		.uleb128 0x49
 1299 0074 13       		.uleb128 0x13
 1300 0075 38       		.uleb128 0x38
 1301 0076 0B       		.uleb128 0xb
 1302 0077 00       		.byte	0
 1303 0078 00       		.byte	0
 1304 0079 0A       		.uleb128 0xa
 1305 007a 0F       		.uleb128 0xf
 1306 007b 00       		.byte	0
 1307 007c 0B       		.uleb128 0xb
 1308 007d 0B       		.uleb128 0xb
 1309 007e 49       		.uleb128 0x49
 1310 007f 13       		.uleb128 0x13
 1311 0080 00       		.byte	0
ARM GAS  /tmp/cc3w8cgd.s 			page 24


 1312 0081 00       		.byte	0
 1313 0082 0B       		.uleb128 0xb
 1314 0083 13       		.uleb128 0x13
 1315 0084 01       		.byte	0x1
 1316 0085 03       		.uleb128 0x3
 1317 0086 0E       		.uleb128 0xe
 1318 0087 0B       		.uleb128 0xb
 1319 0088 0B       		.uleb128 0xb
 1320 0089 3A       		.uleb128 0x3a
 1321 008a 0B       		.uleb128 0xb
 1322 008b 3B       		.uleb128 0x3b
 1323 008c 05       		.uleb128 0x5
 1324 008d 01       		.uleb128 0x1
 1325 008e 13       		.uleb128 0x13
 1326 008f 00       		.byte	0
 1327 0090 00       		.byte	0
 1328 0091 0C       		.uleb128 0xc
 1329 0092 15       		.uleb128 0x15
 1330 0093 01       		.byte	0x1
 1331 0094 27       		.uleb128 0x27
 1332 0095 19       		.uleb128 0x19
 1333 0096 01       		.uleb128 0x1
 1334 0097 13       		.uleb128 0x13
 1335 0098 00       		.byte	0
 1336 0099 00       		.byte	0
 1337 009a 0D       		.uleb128 0xd
 1338 009b 05       		.uleb128 0x5
 1339 009c 00       		.byte	0
 1340 009d 49       		.uleb128 0x49
 1341 009e 13       		.uleb128 0x13
 1342 009f 00       		.byte	0
 1343 00a0 00       		.byte	0
 1344 00a1 0E       		.uleb128 0xe
 1345 00a2 0F       		.uleb128 0xf
 1346 00a3 00       		.byte	0
 1347 00a4 0B       		.uleb128 0xb
 1348 00a5 0B       		.uleb128 0xb
 1349 00a6 00       		.byte	0
 1350 00a7 00       		.byte	0
 1351 00a8 0F       		.uleb128 0xf
 1352 00a9 13       		.uleb128 0x13
 1353 00aa 01       		.byte	0x1
 1354 00ab 03       		.uleb128 0x3
 1355 00ac 0E       		.uleb128 0xe
 1356 00ad 0B       		.uleb128 0xb
 1357 00ae 05       		.uleb128 0x5
 1358 00af 3A       		.uleb128 0x3a
 1359 00b0 0B       		.uleb128 0xb
 1360 00b1 3B       		.uleb128 0x3b
 1361 00b2 05       		.uleb128 0x5
 1362 00b3 01       		.uleb128 0x1
 1363 00b4 13       		.uleb128 0x13
 1364 00b5 00       		.byte	0
 1365 00b6 00       		.byte	0
 1366 00b7 10       		.uleb128 0x10
 1367 00b8 0D       		.uleb128 0xd
 1368 00b9 00       		.byte	0
ARM GAS  /tmp/cc3w8cgd.s 			page 25


 1369 00ba 03       		.uleb128 0x3
 1370 00bb 08       		.uleb128 0x8
 1371 00bc 3A       		.uleb128 0x3a
 1372 00bd 0B       		.uleb128 0xb
 1373 00be 3B       		.uleb128 0x3b
 1374 00bf 0B       		.uleb128 0xb
 1375 00c0 49       		.uleb128 0x49
 1376 00c1 13       		.uleb128 0x13
 1377 00c2 38       		.uleb128 0x38
 1378 00c3 0B       		.uleb128 0xb
 1379 00c4 00       		.byte	0
 1380 00c5 00       		.byte	0
 1381 00c6 11       		.uleb128 0x11
 1382 00c7 13       		.uleb128 0x13
 1383 00c8 01       		.byte	0x1
 1384 00c9 0B       		.uleb128 0xb
 1385 00ca 0B       		.uleb128 0xb
 1386 00cb 3A       		.uleb128 0x3a
 1387 00cc 0B       		.uleb128 0xb
 1388 00cd 3B       		.uleb128 0x3b
 1389 00ce 0B       		.uleb128 0xb
 1390 00cf 01       		.uleb128 0x1
 1391 00d0 13       		.uleb128 0x13
 1392 00d1 00       		.byte	0
 1393 00d2 00       		.byte	0
 1394 00d3 12       		.uleb128 0x12
 1395 00d4 17       		.uleb128 0x17
 1396 00d5 01       		.byte	0x1
 1397 00d6 0B       		.uleb128 0xb
 1398 00d7 0B       		.uleb128 0xb
 1399 00d8 3A       		.uleb128 0x3a
 1400 00d9 0B       		.uleb128 0xb
 1401 00da 3B       		.uleb128 0x3b
 1402 00db 0B       		.uleb128 0xb
 1403 00dc 01       		.uleb128 0x1
 1404 00dd 13       		.uleb128 0x13
 1405 00de 00       		.byte	0
 1406 00df 00       		.byte	0
 1407 00e0 13       		.uleb128 0x13
 1408 00e1 0D       		.uleb128 0xd
 1409 00e2 00       		.byte	0
 1410 00e3 03       		.uleb128 0x3
 1411 00e4 0E       		.uleb128 0xe
 1412 00e5 3A       		.uleb128 0x3a
 1413 00e6 0B       		.uleb128 0xb
 1414 00e7 3B       		.uleb128 0x3b
 1415 00e8 05       		.uleb128 0x5
 1416 00e9 49       		.uleb128 0x49
 1417 00ea 13       		.uleb128 0x13
 1418 00eb 00       		.byte	0
 1419 00ec 00       		.byte	0
 1420 00ed 14       		.uleb128 0x14
 1421 00ee 26       		.uleb128 0x26
 1422 00ef 00       		.byte	0
 1423 00f0 49       		.uleb128 0x49
 1424 00f1 13       		.uleb128 0x13
 1425 00f2 00       		.byte	0
ARM GAS  /tmp/cc3w8cgd.s 			page 26


 1426 00f3 00       		.byte	0
 1427 00f4 15       		.uleb128 0x15
 1428 00f5 01       		.uleb128 0x1
 1429 00f6 01       		.byte	0x1
 1430 00f7 49       		.uleb128 0x49
 1431 00f8 13       		.uleb128 0x13
 1432 00f9 01       		.uleb128 0x1
 1433 00fa 13       		.uleb128 0x13
 1434 00fb 00       		.byte	0
 1435 00fc 00       		.byte	0
 1436 00fd 16       		.uleb128 0x16
 1437 00fe 21       		.uleb128 0x21
 1438 00ff 00       		.byte	0
 1439 0100 49       		.uleb128 0x49
 1440 0101 13       		.uleb128 0x13
 1441 0102 2F       		.uleb128 0x2f
 1442 0103 0B       		.uleb128 0xb
 1443 0104 00       		.byte	0
 1444 0105 00       		.byte	0
 1445 0106 17       		.uleb128 0x17
 1446 0107 2E       		.uleb128 0x2e
 1447 0108 01       		.byte	0x1
 1448 0109 3F       		.uleb128 0x3f
 1449 010a 19       		.uleb128 0x19
 1450 010b 03       		.uleb128 0x3
 1451 010c 0E       		.uleb128 0xe
 1452 010d 3A       		.uleb128 0x3a
 1453 010e 0B       		.uleb128 0xb
 1454 010f 3B       		.uleb128 0x3b
 1455 0110 0B       		.uleb128 0xb
 1456 0111 27       		.uleb128 0x27
 1457 0112 19       		.uleb128 0x19
 1458 0113 11       		.uleb128 0x11
 1459 0114 01       		.uleb128 0x1
 1460 0115 12       		.uleb128 0x12
 1461 0116 06       		.uleb128 0x6
 1462 0117 40       		.uleb128 0x40
 1463 0118 18       		.uleb128 0x18
 1464 0119 9742     		.uleb128 0x2117
 1465 011b 19       		.uleb128 0x19
 1466 011c 01       		.uleb128 0x1
 1467 011d 13       		.uleb128 0x13
 1468 011e 00       		.byte	0
 1469 011f 00       		.byte	0
 1470 0120 18       		.uleb128 0x18
 1471 0121 898201   		.uleb128 0x4109
 1472 0124 00       		.byte	0
 1473 0125 11       		.uleb128 0x11
 1474 0126 01       		.uleb128 0x1
 1475 0127 9542     		.uleb128 0x2115
 1476 0129 19       		.uleb128 0x19
 1477 012a 31       		.uleb128 0x31
 1478 012b 13       		.uleb128 0x13
 1479 012c 00       		.byte	0
 1480 012d 00       		.byte	0
 1481 012e 19       		.uleb128 0x19
 1482 012f 2E       		.uleb128 0x2e
ARM GAS  /tmp/cc3w8cgd.s 			page 27


 1483 0130 00       		.byte	0
 1484 0131 3F       		.uleb128 0x3f
 1485 0132 19       		.uleb128 0x19
 1486 0133 03       		.uleb128 0x3
 1487 0134 0E       		.uleb128 0xe
 1488 0135 3A       		.uleb128 0x3a
 1489 0136 0B       		.uleb128 0xb
 1490 0137 3B       		.uleb128 0x3b
 1491 0138 0B       		.uleb128 0xb
 1492 0139 27       		.uleb128 0x27
 1493 013a 19       		.uleb128 0x19
 1494 013b 11       		.uleb128 0x11
 1495 013c 01       		.uleb128 0x1
 1496 013d 12       		.uleb128 0x12
 1497 013e 06       		.uleb128 0x6
 1498 013f 40       		.uleb128 0x40
 1499 0140 18       		.uleb128 0x18
 1500 0141 9742     		.uleb128 0x2117
 1501 0143 19       		.uleb128 0x19
 1502 0144 00       		.byte	0
 1503 0145 00       		.byte	0
 1504 0146 1A       		.uleb128 0x1a
 1505 0147 34       		.uleb128 0x34
 1506 0148 00       		.byte	0
 1507 0149 03       		.uleb128 0x3
 1508 014a 0E       		.uleb128 0xe
 1509 014b 3A       		.uleb128 0x3a
 1510 014c 0B       		.uleb128 0xb
 1511 014d 3B       		.uleb128 0x3b
 1512 014e 05       		.uleb128 0x5
 1513 014f 49       		.uleb128 0x49
 1514 0150 13       		.uleb128 0x13
 1515 0151 3F       		.uleb128 0x3f
 1516 0152 19       		.uleb128 0x19
 1517 0153 3C       		.uleb128 0x3c
 1518 0154 19       		.uleb128 0x19
 1519 0155 00       		.byte	0
 1520 0156 00       		.byte	0
 1521 0157 1B       		.uleb128 0x1b
 1522 0158 34       		.uleb128 0x34
 1523 0159 00       		.byte	0
 1524 015a 03       		.uleb128 0x3
 1525 015b 08       		.uleb128 0x8
 1526 015c 3A       		.uleb128 0x3a
 1527 015d 0B       		.uleb128 0xb
 1528 015e 3B       		.uleb128 0x3b
 1529 015f 05       		.uleb128 0x5
 1530 0160 49       		.uleb128 0x49
 1531 0161 13       		.uleb128 0x13
 1532 0162 3F       		.uleb128 0x3f
 1533 0163 19       		.uleb128 0x19
 1534 0164 3C       		.uleb128 0x3c
 1535 0165 19       		.uleb128 0x19
 1536 0166 00       		.byte	0
 1537 0167 00       		.byte	0
 1538 0168 1C       		.uleb128 0x1c
 1539 0169 34       		.uleb128 0x34
ARM GAS  /tmp/cc3w8cgd.s 			page 28


 1540 016a 00       		.byte	0
 1541 016b 03       		.uleb128 0x3
 1542 016c 0E       		.uleb128 0xe
 1543 016d 3A       		.uleb128 0x3a
 1544 016e 0B       		.uleb128 0xb
 1545 016f 3B       		.uleb128 0x3b
 1546 0170 0B       		.uleb128 0xb
 1547 0171 49       		.uleb128 0x49
 1548 0172 13       		.uleb128 0x13
 1549 0173 3F       		.uleb128 0x3f
 1550 0174 19       		.uleb128 0x19
 1551 0175 02       		.uleb128 0x2
 1552 0176 18       		.uleb128 0x18
 1553 0177 00       		.byte	0
 1554 0178 00       		.byte	0
 1555 0179 1D       		.uleb128 0x1d
 1556 017a 2E       		.uleb128 0x2e
 1557 017b 00       		.byte	0
 1558 017c 3F       		.uleb128 0x3f
 1559 017d 19       		.uleb128 0x19
 1560 017e 03       		.uleb128 0x3
 1561 017f 0E       		.uleb128 0xe
 1562 0180 3A       		.uleb128 0x3a
 1563 0181 0B       		.uleb128 0xb
 1564 0182 3B       		.uleb128 0x3b
 1565 0183 05       		.uleb128 0x5
 1566 0184 27       		.uleb128 0x27
 1567 0185 19       		.uleb128 0x19
 1568 0186 3C       		.uleb128 0x3c
 1569 0187 19       		.uleb128 0x19
 1570 0188 00       		.byte	0
 1571 0189 00       		.byte	0
 1572 018a 00       		.byte	0
 1573              		.section	.debug_aranges,"",%progbits
 1574 0000 24000000 		.4byte	0x24
 1575 0004 0200     		.2byte	0x2
 1576 0006 00000000 		.4byte	.Ldebug_info0
 1577 000a 04       		.byte	0x4
 1578 000b 00       		.byte	0
 1579 000c 0000     		.2byte	0
 1580 000e 0000     		.2byte	0
 1581 0010 00000000 		.4byte	.LFB256
 1582 0014 04000000 		.4byte	.LFE256-.LFB256
 1583 0018 00000000 		.4byte	.LFB257
 1584 001c 02000000 		.4byte	.LFE257-.LFB257
 1585 0020 00000000 		.4byte	0
 1586 0024 00000000 		.4byte	0
 1587              		.section	.debug_ranges,"",%progbits
 1588              	.Ldebug_ranges0:
 1589 0000 00000000 		.4byte	.LFB256
 1590 0004 04000000 		.4byte	.LFE256
 1591 0008 00000000 		.4byte	.LFB257
 1592 000c 02000000 		.4byte	.LFE257
 1593 0010 00000000 		.4byte	0
 1594 0014 00000000 		.4byte	0
 1595              		.section	.debug_line,"",%progbits
 1596              	.Ldebug_line0:
ARM GAS  /tmp/cc3w8cgd.s 			page 29


 1597 0000 81020000 		.section	.debug_str,"MS",%progbits,1
 1597      02005A02 
 1597      00000201 
 1597      FB0E0D00 
 1597      01010101 
 1598              	.LASF112:
 1599 0000 73746D33 		.ascii	"stm32_gpio_setup_t\000"
 1599      325F6770 
 1599      696F5F73 
 1599      65747570 
 1599      5F7400
 1600              	.LASF54:
 1601 0013 72656164 		.ascii	"ready_list_t\000"
 1601      795F6C69 
 1601      73745F74 
 1601      00
 1602              	.LASF2:
 1603 0020 73697A65 		.ascii	"size_t\000"
 1603      5F7400
 1604              	.LASF89:
 1605 0027 7264796D 		.ascii	"rdymsg\000"
 1605      736700
 1606              	.LASF17:
 1607 002e 75696E74 		.ascii	"uint64_t\000"
 1607      36345F74 
 1607      00
 1608              	.LASF3:
 1609 0037 5F5F7569 		.ascii	"__uint8_t\000"
 1609      6E74385F 
 1609      7400
 1610              	.LASF86:
 1611 0041 706F7274 		.ascii	"port_intctx\000"
 1611      5F696E74 
 1611      63747800 
 1612              	.LASF73:
 1613 004d 73797374 		.ascii	"system_debug_t\000"
 1613      656D5F64 
 1613      65627567 
 1613      5F7400
 1614              	.LASF120:
 1615 005c 50484461 		.ascii	"PHData\000"
 1615      746100
 1616              	.LASF13:
 1617 0063 6C6F6E67 		.ascii	"long long unsigned int\000"
 1617      206C6F6E 
 1617      6720756E 
 1617      7369676E 
 1617      65642069 
 1618              	.LASF109:
 1619 007a 70757064 		.ascii	"pupdr\000"
 1619      7200
 1620              	.LASF90:
 1621 0080 65786974 		.ascii	"exitcode\000"
 1621      636F6465 
 1621      00
 1622              	.LASF80:
 1623 0089 6D61696E 		.ascii	"mainthread\000"
ARM GAS  /tmp/cc3w8cgd.s 			page 30


 1623      74687265 
 1623      616400
 1624              	.LASF70:
 1625 0094 76697274 		.ascii	"virtual_timers_list_t\000"
 1625      75616C5F 
 1625      74696D65 
 1625      72735F6C 
 1625      6973745F 
 1626              	.LASF123:
 1627 00aa 49544D5F 		.ascii	"ITM_RxBuffer\000"
 1627      52784275 
 1627      66666572 
 1627      00
 1628              	.LASF53:
 1629 00b7 63685F74 		.ascii	"ch_threads_queue\000"
 1629      68726561 
 1629      64735F71 
 1629      75657565 
 1629      00
 1630              	.LASF31:
 1631 00c8 705F7072 		.ascii	"p_prio\000"
 1631      696F00
 1632              	.LASF11:
 1633 00cf 6C6F6E67 		.ascii	"long long int\000"
 1633      206C6F6E 
 1633      6720696E 
 1633      7400
 1634              	.LASF1:
 1635 00dd 7369676E 		.ascii	"signed char\000"
 1635      65642063 
 1635      68617200 
 1636              	.LASF47:
 1637 00e9 705F6D70 		.ascii	"p_mpool\000"
 1637      6F6F6C00 
 1638              	.LASF100:
 1639 00f1 6D5F7175 		.ascii	"m_queue\000"
 1639      65756500 
 1640              	.LASF106:
 1641 00f9 6D6F6465 		.ascii	"moder\000"
 1641      7200
 1642              	.LASF22:
 1643 00ff 74736C69 		.ascii	"tslices_t\000"
 1643      6365735F 
 1643      7400
 1644              	.LASF92:
 1645 0109 77747472 		.ascii	"wttrp\000"
 1645      7000
 1646              	.LASF77:
 1647 010f 63685F73 		.ascii	"ch_system\000"
 1647      79737465 
 1647      6D00
 1648              	.LASF8:
 1649 0119 6C6F6E67 		.ascii	"long int\000"
 1649      20696E74 
 1649      00
 1650              	.LASF117:
 1651 0122 50454461 		.ascii	"PEData\000"
ARM GAS  /tmp/cc3w8cgd.s 			page 31


 1651      746100
 1652              	.LASF20:
 1653 0129 74737461 		.ascii	"tstate_t\000"
 1653      74655F74 
 1653      00
 1654              	.LASF33:
 1655 0132 705F6E65 		.ascii	"p_newer\000"
 1655      77657200 
 1656              	.LASF97:
 1657 013a 735F7175 		.ascii	"s_queue\000"
 1657      65756500 
 1658              	.LASF59:
 1659 0142 725F6E65 		.ascii	"r_newer\000"
 1659      77657200 
 1660              	.LASF83:
 1661 014a 72656761 		.ascii	"regarm_t\000"
 1661      726D5F74 
 1661      00
 1662              	.LASF66:
 1663 0153 76745F70 		.ascii	"vt_prev\000"
 1663      72657600 
 1664              	.LASF79:
 1665 015b 76746C69 		.ascii	"vtlist\000"
 1665      737400
 1666              	.LASF130:
 1667 0162 73746D33 		.ascii	"stm32_clock_init\000"
 1667      325F636C 
 1667      6F636B5F 
 1667      696E6974 
 1667      00
 1668              	.LASF104:
 1669 0173 6D757465 		.ascii	"mutex_t\000"
 1669      785F7400 
 1670              	.LASF114:
 1671 017b 50424461 		.ascii	"PBData\000"
 1671      746100
 1672              	.LASF81:
 1673 0182 69646C65 		.ascii	"idle_thread_wa\000"
 1673      5F746872 
 1673      6561645F 
 1673      776100
 1674              	.LASF26:
 1675 0191 636E745F 		.ascii	"cnt_t\000"
 1675      7400
 1676              	.LASF0:
 1677 0197 756E7369 		.ascii	"unsigned int\000"
 1677      676E6564 
 1677      20696E74 
 1677      00
 1678              	.LASF65:
 1679 01a4 76745F6E 		.ascii	"vt_next\000"
 1679      65787400 
 1680              	.LASF40:
 1681 01ac 705F7469 		.ascii	"p_time\000"
 1681      6D6500
 1682              	.LASF93:
 1683 01b3 77747365 		.ascii	"wtsemp\000"
ARM GAS  /tmp/cc3w8cgd.s 			page 32


 1683      6D7000
 1684              	.LASF67:
 1685 01ba 76745F64 		.ascii	"vt_delta\000"
 1685      656C7461 
 1685      00
 1686              	.LASF42:
 1687 01c3 705F6D73 		.ascii	"p_msgqueue\000"
 1687      67717565 
 1687      756500
 1688              	.LASF108:
 1689 01ce 6F737065 		.ascii	"ospeedr\000"
 1689      65647200 
 1690              	.LASF107:
 1691 01d6 6F747970 		.ascii	"otyper\000"
 1691      657200
 1692              	.LASF128:
 1693 01dd 5F5F6561 		.ascii	"__early_init\000"
 1693      726C795F 
 1693      696E6974 
 1693      00
 1694              	.LASF6:
 1695 01ea 73686F72 		.ascii	"short unsigned int\000"
 1695      7420756E 
 1695      7369676E 
 1695      65642069 
 1695      6E7400
 1696              	.LASF118:
 1697 01fd 50464461 		.ascii	"PFData\000"
 1697      746100
 1698              	.LASF50:
 1699 0204 63685F74 		.ascii	"ch_thread\000"
 1699      68726561 
 1699      6400
 1700              	.LASF24:
 1701 020e 6D73675F 		.ascii	"msg_t\000"
 1701      7400
 1702              	.LASF76:
 1703 0214 63685F73 		.ascii	"ch_system_t\000"
 1703      79737465 
 1703      6D5F7400 
 1704              	.LASF19:
 1705 0220 746D6F64 		.ascii	"tmode_t\000"
 1705      655F7400 
 1706              	.LASF55:
 1707 0228 63685F72 		.ascii	"ch_ready_list\000"
 1707      65616479 
 1707      5F6C6973 
 1707      7400
 1708              	.LASF25:
 1709 0236 6576656E 		.ascii	"eventmask_t\000"
 1709      746D6173 
 1709      6B5F7400 
 1710              	.LASF126:
 1711 0242 43686962 		.ascii	"ChibiOS_3.0.2/os/hal/boards/ST_STM32F4_DISCOVERY/bo"
 1711      694F535F 
 1711      332E302E 
 1711      322F6F73 
ARM GAS  /tmp/cc3w8cgd.s 			page 33


 1711      2F68616C 
 1712 0275 6172642E 		.ascii	"ard.c\000"
 1712      6300
 1713              	.LASF7:
 1714 027b 5F5F696E 		.ascii	"__int32_t\000"
 1714      7433325F 
 1714      7400
 1715              	.LASF119:
 1716 0285 50474461 		.ascii	"PGData\000"
 1716      746100
 1717              	.LASF84:
 1718 028c 73746B61 		.ascii	"stkalign_t\000"
 1718      6C69676E 
 1718      5F7400
 1719              	.LASF49:
 1720 0297 74687265 		.ascii	"threads_list_t\000"
 1720      6164735F 
 1720      6C697374 
 1720      5F7400
 1721              	.LASF41:
 1722 02a6 705F7761 		.ascii	"p_waiting\000"
 1722      6974696E 
 1722      6700
 1723              	.LASF82:
 1724 02b0 73697A65 		.ascii	"sizetype\000"
 1724      74797065 
 1724      00
 1725              	.LASF48:
 1726 02b9 74687265 		.ascii	"thread_reference_t\000"
 1726      61645F72 
 1726      65666572 
 1726      656E6365 
 1726      5F7400
 1727              	.LASF71:
 1728 02cc 63685F76 		.ascii	"ch_virtual_timers_list\000"
 1728      69727475 
 1728      616C5F74 
 1728      696D6572 
 1728      735F6C69 
 1729              	.LASF34:
 1730 02e3 705F6F6C 		.ascii	"p_older\000"
 1730      64657200 
 1731              	.LASF58:
 1732 02eb 725F6374 		.ascii	"r_ctx\000"
 1732      7800
 1733              	.LASF88:
 1734 02f1 746D5F63 		.ascii	"tm_calibration_t\000"
 1734      616C6962 
 1734      72617469 
 1734      6F6E5F74 
 1734      00
 1735              	.LASF111:
 1736 0302 61667268 		.ascii	"afrh\000"
 1736      00
 1737              	.LASF116:
 1738 0307 50444461 		.ascii	"PDData\000"
 1738      746100
ARM GAS  /tmp/cc3w8cgd.s 			page 34


 1739              	.LASF61:
 1740 030e 725F6375 		.ascii	"r_current\000"
 1740      7272656E 
 1740      7400
 1741              	.LASF60:
 1742 0318 725F6F6C 		.ascii	"r_older\000"
 1742      64657200 
 1743              	.LASF12:
 1744 0320 5F5F7569 		.ascii	"__uint64_t\000"
 1744      6E743634 
 1744      5F7400
 1745              	.LASF21:
 1746 032b 74726566 		.ascii	"trefs_t\000"
 1746      735F7400 
 1747              	.LASF63:
 1748 0333 76697274 		.ascii	"virtual_timer_t\000"
 1748      75616C5F 
 1748      74696D65 
 1748      725F7400 
 1749              	.LASF30:
 1750 0343 705F7072 		.ascii	"p_prev\000"
 1750      657600
 1751              	.LASF23:
 1752 034a 74707269 		.ascii	"tprio_t\000"
 1752      6F5F7400 
 1753              	.LASF127:
 1754 0352 2F686F6D 		.ascii	"/home/benjamin/Skrivbord/SP-RCCar/Embedded/Mote/\000"
 1754      652F6265 
 1754      6E6A616D 
 1754      696E2F53 
 1754      6B726976 
 1755              	.LASF74:
 1756 0383 63685F73 		.ascii	"ch_system_debug\000"
 1756      79737465 
 1756      6D5F6465 
 1756      62756700 
 1757              	.LASF105:
 1758 0393 5F426F6F 		.ascii	"_Bool\000"
 1758      6C00
 1759              	.LASF15:
 1760 0399 696E7433 		.ascii	"int32_t\000"
 1760      325F7400 
 1761              	.LASF4:
 1762 03a1 756E7369 		.ascii	"unsigned char\000"
 1762      676E6564 
 1762      20636861 
 1762      7200
 1763              	.LASF110:
 1764 03af 6166726C 		.ascii	"afrl\000"
 1764      00
 1765              	.LASF98:
 1766 03b4 735F636E 		.ascii	"s_cnt\000"
 1766      7400
 1767              	.LASF45:
 1768 03ba 705F6D74 		.ascii	"p_mtxlist\000"
 1768      786C6973 
 1768      7400
ARM GAS  /tmp/cc3w8cgd.s 			page 35


 1769              	.LASF5:
 1770 03c4 73686F72 		.ascii	"short int\000"
 1770      7420696E 
 1770      7400
 1771              	.LASF36:
 1772 03ce 705F7374 		.ascii	"p_state\000"
 1772      61746500 
 1773              	.LASF39:
 1774 03d6 705F7072 		.ascii	"p_preempt\000"
 1774      65656D70 
 1774      7400
 1775              	.LASF57:
 1776 03e0 725F7072 		.ascii	"r_prio\000"
 1776      696F00
 1777              	.LASF113:
 1778 03e7 50414461 		.ascii	"PAData\000"
 1778      746100
 1779              	.LASF95:
 1780 03ee 65776D61 		.ascii	"ewmask\000"
 1780      736B00
 1781              	.LASF29:
 1782 03f5 705F6E65 		.ascii	"p_next\000"
 1782      787400
 1783              	.LASF37:
 1784 03fc 705F666C 		.ascii	"p_flags\000"
 1784      61677300 
 1785              	.LASF121:
 1786 0404 50494461 		.ascii	"PIData\000"
 1786      746100
 1787              	.LASF64:
 1788 040b 63685F76 		.ascii	"ch_virtual_timer\000"
 1788      69727475 
 1788      616C5F74 
 1788      696D6572 
 1788      00
 1789              	.LASF96:
 1790 041c 63685F73 		.ascii	"ch_semaphore\000"
 1790      656D6170 
 1790      686F7265 
 1790      00
 1791              	.LASF44:
 1792 0429 705F6570 		.ascii	"p_epending\000"
 1792      656E6469 
 1792      6E6700
 1793              	.LASF16:
 1794 0434 75696E74 		.ascii	"uint32_t\000"
 1794      33325F74 
 1794      00
 1795              	.LASF94:
 1796 043d 77746D74 		.ascii	"wtmtxp\000"
 1796      787000
 1797              	.LASF56:
 1798 0444 725F7175 		.ascii	"r_queue\000"
 1798      65756500 
 1799              	.LASF51:
 1800 044c 63685F74 		.ascii	"ch_threads_list\000"
 1800      68726561 
ARM GAS  /tmp/cc3w8cgd.s 			page 36


 1800      64735F6C 
 1800      69737400 
 1801              	.LASF10:
 1802 045c 6C6F6E67 		.ascii	"long unsigned int\000"
 1802      20756E73 
 1802      69676E65 
 1802      6420696E 
 1802      7400
 1803              	.LASF103:
 1804 046e 63686172 		.ascii	"char\000"
 1804      00
 1805              	.LASF125:
 1806 0473 474E5520 		.ascii	"GNU C 4.9.3 20150529 (release) [ARM/embedded-4_9-br"
 1806      4320342E 
 1806      392E3320 
 1806      32303135 
 1806      30353239 
 1807 04a6 616E6368 		.ascii	"anch revision 227977] -mcpu=cortex-m4 -mfloat-abi=h"
 1807      20726576 
 1807      6973696F 
 1807      6E203232 
 1807      37393737 
 1808 04d9 61726420 		.ascii	"ard -mfpu=fpv4-sp-d16 -mno-thumb-interwork -mthumb "
 1808      2D6D6670 
 1808      753D6670 
 1808      76342D73 
 1808      702D6431 
 1809 050c 2D676764 		.ascii	"-ggdb -O2 -std=gnu99 -fomit-frame-pointer -falign-f"
 1809      62202D4F 
 1809      32202D73 
 1809      74643D67 
 1809      6E753939 
 1810 053f 756E6374 		.ascii	"unctions=16 -ffunction-sections -fdata-sections -fn"
 1810      696F6E73 
 1810      3D313620 
 1810      2D666675 
 1810      6E637469 
 1811 0572 6F2D636F 		.ascii	"o-common -fsingle-precision-constant\000"
 1811      6D6D6F6E 
 1811      202D6673 
 1811      696E676C 
 1811      652D7072 
 1812              	.LASF102:
 1813 0597 6D5F6E65 		.ascii	"m_next\000"
 1813      787400
 1814              	.LASF27:
 1815 059e 73797374 		.ascii	"systime_t\000"
 1815      696D655F 
 1815      7400
 1816              	.LASF46:
 1817 05a8 705F7265 		.ascii	"p_realprio\000"
 1817      616C7072 
 1817      696F00
 1818              	.LASF62:
 1819 05b3 76746675 		.ascii	"vtfunc_t\000"
 1819      6E635F74 
 1819      00
ARM GAS  /tmp/cc3w8cgd.s 			page 37


 1820              	.LASF9:
 1821 05bc 5F5F7569 		.ascii	"__uint32_t\000"
 1821      6E743332 
 1821      5F7400
 1822              	.LASF75:
 1823 05c7 70616E69 		.ascii	"panic_msg\000"
 1823      635F6D73 
 1823      6700
 1824              	.LASF87:
 1825 05d1 6F666673 		.ascii	"offset\000"
 1825      657400
 1826              	.LASF85:
 1827 05d8 636F6E74 		.ascii	"context\000"
 1827      65787400 
 1828              	.LASF18:
 1829 05e0 7274636E 		.ascii	"rtcnt_t\000"
 1829      745F7400 
 1830              	.LASF69:
 1831 05e8 76745F70 		.ascii	"vt_par\000"
 1831      617200
 1832              	.LASF52:
 1833 05ef 74687265 		.ascii	"threads_queue_t\000"
 1833      6164735F 
 1833      71756575 
 1833      655F7400 
 1834              	.LASF99:
 1835 05ff 63685F6D 		.ascii	"ch_mutex\000"
 1835      75746578 
 1835      00
 1836              	.LASF38:
 1837 0608 705F7265 		.ascii	"p_refs\000"
 1837      667300
 1838              	.LASF28:
 1839 060f 74687265 		.ascii	"thread_t\000"
 1839      61645F74 
 1839      00
 1840              	.LASF129:
 1841 0618 626F6172 		.ascii	"boardInit\000"
 1841      64496E69 
 1841      7400
 1842              	.LASF78:
 1843 0622 726C6973 		.ascii	"rlist\000"
 1843      7400
 1844              	.LASF14:
 1845 0628 75696E74 		.ascii	"uint8_t\000"
 1845      385F7400 
 1846              	.LASF91:
 1847 0630 77746F62 		.ascii	"wtobjp\000"
 1847      6A7000
 1848              	.LASF35:
 1849 0637 705F6E61 		.ascii	"p_name\000"
 1849      6D6500
 1850              	.LASF115:
 1851 063e 50434461 		.ascii	"PCData\000"
 1851      746100
 1852              	.LASF72:
 1853 0645 76745F73 		.ascii	"vt_systime\000"
ARM GAS  /tmp/cc3w8cgd.s 			page 38


 1853      79737469 
 1853      6D6500
 1854              	.LASF43:
 1855 0650 705F6D73 		.ascii	"p_msg\000"
 1855      6700
 1856              	.LASF122:
 1857 0656 50414C43 		.ascii	"PALConfig\000"
 1857      6F6E6669 
 1857      6700
 1858              	.LASF101:
 1859 0660 6D5F6F77 		.ascii	"m_owner\000"
 1859      6E657200 
 1860              	.LASF124:
 1861 0668 70616C5F 		.ascii	"pal_default_config\000"
 1861      64656661 
 1861      756C745F 
 1861      636F6E66 
 1861      696700
 1862              	.LASF32:
 1863 067b 705F6374 		.ascii	"p_ctx\000"
 1863      7800
 1864              	.LASF68:
 1865 0681 76745F66 		.ascii	"vt_func\000"
 1865      756E6300 
 1866              		.ident	"GCC: (GNU Tools for ARM Embedded Processors) 4.9.3 20150529 (release) [ARM/embedded-4_9-br
ARM GAS  /tmp/cc3w8cgd.s 			page 39


DEFINED SYMBOLS
                            *ABS*:0000000000000000 board.c
     /tmp/cc3w8cgd.s:21     .text.__early_init:0000000000000000 $t
     /tmp/cc3w8cgd.s:27     .text.__early_init:0000000000000000 __early_init
     /tmp/cc3w8cgd.s:42     .text.boardInit:0000000000000000 $t
     /tmp/cc3w8cgd.s:48     .text.boardInit:0000000000000000 boardInit
     /tmp/cc3w8cgd.s:64     .rodata.pal_default_config:0000000000000000 pal_default_config
     /tmp/cc3w8cgd.s:61     .rodata.pal_default_config:0000000000000000 $d
                     .debug_frame:0000000000000010 $d

UNDEFINED SYMBOLS
stm32_clock_init
