ARM GAS  /tmp/cceRg5rP.s 			page 1


   1              		.syntax unified
   2              		.cpu cortex-m4
   3              		.eabi_attribute 27, 1
   4              		.eabi_attribute 28, 1
   5              		.fpu fpv4-sp-d16
   6              		.eabi_attribute 20, 1
   7              		.eabi_attribute 21, 1
   8              		.eabi_attribute 23, 3
   9              		.eabi_attribute 24, 1
  10              		.eabi_attribute 25, 1
  11              		.eabi_attribute 26, 1
  12              		.eabi_attribute 30, 2
  13              		.eabi_attribute 34, 1
  14              		.eabi_attribute 18, 4
  15              		.thumb
  16              		.file	"chmemcore.c"
  17              		.text
  18              	.Ltext0:
  19              		.cfi_sections	.debug_frame
  20              		.section	.text._core_init,"ax",%progbits
  21              		.align	2
  22              		.p2align 4,,15
  23              		.global	_core_init
  24              		.thumb
  25              		.thumb_func
  26              		.type	_core_init, %function
  27              	_core_init:
  28              	.LFB219:
  29              		.file 1 "ChibiOS_3.0.2/os/rt/src/chmemcore.c"
  30              		.loc 1 78 0
  31              		.cfi_startproc
  32              		@ args = 0, pretend = 0, frame = 0
  33              		@ frame_needed = 0, uses_anonymous_args = 0
  34              		@ link register save eliminated.
  35              		.loc 1 84 0
  36 0000 054A     		ldr	r2, .L2
  37              		.loc 1 85 0
  38 0002 064B     		ldr	r3, .L2+4
  39              		.loc 1 84 0
  40 0004 0648     		ldr	r0, .L2+8
  41              		.loc 1 85 0
  42 0006 0749     		ldr	r1, .L2+12
  43              		.loc 1 84 0
  44 0008 22F00702 		bic	r2, r2, #7
  45              		.loc 1 85 0
  46 000c 23F00703 		bic	r3, r3, #7
  47              		.loc 1 84 0
  48 0010 0260     		str	r2, [r0]
  49              		.loc 1 85 0
  50 0012 0B60     		str	r3, [r1]
  51 0014 7047     		bx	lr
  52              	.L3:
  53 0016 00BF     		.align	2
  54              	.L2:
  55 0018 07000000 		.word	__heap_base__+7
  56 001c 00000000 		.word	__heap_end__
  57 0020 00000000 		.word	.LANCHOR0
ARM GAS  /tmp/cceRg5rP.s 			page 2


  58 0024 00000000 		.word	.LANCHOR1
  59              		.cfi_endproc
  60              	.LFE219:
  61              		.size	_core_init, .-_core_init
  62              		.section	.text.chCoreAlloc,"ax",%progbits
  63              		.align	2
  64              		.p2align 4,,15
  65              		.global	chCoreAlloc
  66              		.thumb
  67              		.thumb_func
  68              		.type	chCoreAlloc, %function
  69              	chCoreAlloc:
  70              	.LFB220:
  71              		.loc 1 109 0
  72              		.cfi_startproc
  73              		@ args = 0, pretend = 0, frame = 0
  74              		@ frame_needed = 0, uses_anonymous_args = 0
  75              		@ link register save eliminated.
  76              	.LVL0:
  77 0000 10B4     		push	{r4}
  78              		.cfi_def_cfa_offset 4
  79              		.cfi_offset 4, -4
  80              	.LBB26:
  81              	.LBB27:
  82              	.LBB28:
  83              	.LBB29:
  84              		.file 2 "ChibiOS_3.0.2/os/ext/CMSIS/include/core_cmFunc.h"
  85              		.loc 2 342 0
  86              	@ 342 "ChibiOS_3.0.2/os/ext/CMSIS/include/core_cmFunc.h" 1
  87 0002 72B6     		cpsid i
  88              	@ 0 "" 2
  89              	.LVL1:
  90              		.thumb
  91              	.LBE29:
  92              	.LBE28:
  93              	.LBE27:
  94              	.LBE26:
  95              	.LBB30:
  96              	.LBB31:
  97              		.loc 1 138 0
  98 0004 084C     		ldr	r4, .L8
  99 0006 094B     		ldr	r3, .L8+4
 100 0008 2268     		ldr	r2, [r4]
 101 000a 1968     		ldr	r1, [r3]
 102              		.loc 1 136 0
 103 000c C31D     		adds	r3, r0, #7
 104 000e 23F00703 		bic	r3, r3, #7
 105              	.LVL2:
 106              		.loc 1 138 0
 107 0012 891A     		subs	r1, r1, r2
 108 0014 8B42     		cmp	r3, r1
 109              	.LVL3:
 110              		.loc 1 143 0
 111 0016 9DBF     		ittte	ls
 112 0018 9B18     		addls	r3, r3, r2
 113              	.LVL4:
 114 001a 2360     		strls	r3, [r4]
ARM GAS  /tmp/cceRg5rP.s 			page 3


 115              		.loc 1 145 0
 116 001c 1046     		movls	r0, r2
 117              	.LVL5:
 118              		.loc 1 140 0
 119 001e 0020     		movhi	r0, #0
 120              	.LBE31:
 121              	.LBE30:
 122              	.LBB32:
 123              	.LBB33:
 124              	.LBB34:
 125              	.LBB35:
 126              	.LBB36:
 127              		.loc 2 331 0
 128              	@ 331 "ChibiOS_3.0.2/os/ext/CMSIS/include/core_cmFunc.h" 1
 129 0020 62B6     		cpsie i
 130              	@ 0 "" 2
 131              		.thumb
 132              	.LBE36:
 133              	.LBE35:
 134              	.LBE34:
 135              	.LBE33:
 136              	.LBE32:
 137              		.loc 1 117 0
 138 0022 5DF8044B 		ldr	r4, [sp], #4
 139              		.cfi_restore 4
 140              		.cfi_def_cfa_offset 0
 141 0026 7047     		bx	lr
 142              	.L9:
 143              		.align	2
 144              	.L8:
 145 0028 00000000 		.word	.LANCHOR0
 146 002c 00000000 		.word	.LANCHOR1
 147              		.cfi_endproc
 148              	.LFE220:
 149              		.size	chCoreAlloc, .-chCoreAlloc
 150              		.section	.text.chCoreAllocI,"ax",%progbits
 151              		.align	2
 152              		.p2align 4,,15
 153              		.global	chCoreAllocI
 154              		.thumb
 155              		.thumb_func
 156              		.type	chCoreAllocI, %function
 157              	chCoreAllocI:
 158              	.LFB221:
 159              		.loc 1 131 0
 160              		.cfi_startproc
 161              		@ args = 0, pretend = 0, frame = 0
 162              		@ frame_needed = 0, uses_anonymous_args = 0
 163              		@ link register save eliminated.
 164              	.LVL6:
 165 0000 10B4     		push	{r4}
 166              		.cfi_def_cfa_offset 4
 167              		.cfi_offset 4, -4
 168              		.loc 1 138 0
 169 0002 084B     		ldr	r3, .L14
 170 0004 084C     		ldr	r4, .L14+4
 171 0006 1968     		ldr	r1, [r3]
ARM GAS  /tmp/cceRg5rP.s 			page 4


 172 0008 2268     		ldr	r2, [r4]
 173              		.loc 1 136 0
 174 000a 0730     		adds	r0, r0, #7
 175              	.LVL7:
 176 000c 20F00703 		bic	r3, r0, #7
 177              	.LVL8:
 178              		.loc 1 138 0
 179 0010 891A     		subs	r1, r1, r2
 180 0012 8B42     		cmp	r3, r1
 181              	.LVL9:
 182              		.loc 1 143 0
 183 0014 9DBF     		ittte	ls
 184 0016 9B18     		addls	r3, r3, r2
 185              	.LVL10:
 186 0018 2360     		strls	r3, [r4]
 187              		.loc 1 145 0
 188 001a 1046     		movls	r0, r2
 189              	.LVL11:
 190              		.loc 1 140 0
 191 001c 0020     		movhi	r0, #0
 192              		.loc 1 146 0
 193 001e 5DF8044B 		ldr	r4, [sp], #4
 194              		.cfi_restore 4
 195              		.cfi_def_cfa_offset 0
 196 0022 7047     		bx	lr
 197              	.L15:
 198              		.align	2
 199              	.L14:
 200 0024 00000000 		.word	.LANCHOR1
 201 0028 00000000 		.word	.LANCHOR0
 202              		.cfi_endproc
 203              	.LFE221:
 204              		.size	chCoreAllocI, .-chCoreAllocI
 205              		.section	.text.chCoreGetStatusX,"ax",%progbits
 206              		.align	2
 207              		.p2align 4,,15
 208              		.global	chCoreGetStatusX
 209              		.thumb
 210              		.thumb_func
 211              		.type	chCoreGetStatusX, %function
 212              	chCoreGetStatusX:
 213              	.LFB222:
 214              		.loc 1 155 0
 215              		.cfi_startproc
 216              		@ args = 0, pretend = 0, frame = 0
 217              		@ frame_needed = 0, uses_anonymous_args = 0
 218              		@ link register save eliminated.
 219              		.loc 1 158 0
 220 0000 024A     		ldr	r2, .L17
 221 0002 034B     		ldr	r3, .L17+4
 222 0004 1068     		ldr	r0, [r2]
 223 0006 1B68     		ldr	r3, [r3]
 224              		.loc 1 160 0
 225 0008 C01A     		subs	r0, r0, r3
 226 000a 7047     		bx	lr
 227              	.L18:
 228              		.align	2
ARM GAS  /tmp/cceRg5rP.s 			page 5


 229              	.L17:
 230 000c 00000000 		.word	.LANCHOR1
 231 0010 00000000 		.word	.LANCHOR0
 232              		.cfi_endproc
 233              	.LFE222:
 234              		.size	chCoreGetStatusX, .-chCoreGetStatusX
 235              		.section	.bss.endmem,"aw",%nobits
 236              		.align	2
 237              		.set	.LANCHOR1,. + 0
 238              		.type	endmem, %object
 239              		.size	endmem, 4
 240              	endmem:
 241 0000 00000000 		.space	4
 242              		.section	.bss.nextmem,"aw",%nobits
 243              		.align	2
 244              		.set	.LANCHOR0,. + 0
 245              		.type	nextmem, %object
 246              		.size	nextmem, 4
 247              	nextmem:
 248 0000 00000000 		.space	4
 249              		.text
 250              	.Letext0:
 251              		.file 3 "/usr/lib/gcc/arm-none-eabi/4.9.3/include/stddef.h"
 252              		.file 4 "/usr/arm-none-eabi/include/machine/_default_types.h"
 253              		.file 5 "/usr/arm-none-eabi/include/sys/_stdint.h"
 254              		.file 6 "ChibiOS_3.0.2/os/rt/ports/ARMCMx/compilers/GCC/chtypes.h"
 255              		.file 7 "ChibiOS_3.0.2/os/rt/include/chsystypes.h"
 256              		.file 8 "ChibiOS_3.0.2/os/rt/include/chschd.h"
 257              		.file 9 "ChibiOS_3.0.2/os/rt/ports/ARMCMx/chcore.h"
 258              		.file 10 "ChibiOS_3.0.2/os/rt/ports/ARMCMx/chcore_v7m.h"
 259              		.file 11 "ChibiOS_3.0.2/os/rt/include/chtm.h"
 260              		.file 12 "ChibiOS_3.0.2/os/rt/include/chsem.h"
 261              		.file 13 "ChibiOS_3.0.2/os/rt/include/chmtx.h"
 262              		.file 14 "ChibiOS_3.0.2/os/rt/include/chsys.h"
 263              		.file 15 "ChibiOS_3.0.2/os/ext/CMSIS/include/core_cm4.h"
 264              		.section	.debug_info,"",%progbits
 265              	.Ldebug_info0:
 266 0000 2D090000 		.4byte	0x92d
 267 0004 0400     		.2byte	0x4
 268 0006 00000000 		.4byte	.Ldebug_abbrev0
 269 000a 04       		.byte	0x4
 270 000b 01       		.uleb128 0x1
 271 000c 57040000 		.4byte	.LASF116
 272 0010 01       		.byte	0x1
 273 0011 8F020000 		.4byte	.LASF117
 274 0015 29030000 		.4byte	.LASF118
 275 0019 00000000 		.4byte	.Ldebug_ranges0+0
 276 001d 00000000 		.4byte	0
 277 0021 00000000 		.4byte	.Ldebug_line0
 278 0025 02       		.uleb128 0x2
 279 0026 04       		.byte	0x4
 280 0027 05       		.byte	0x5
 281 0028 696E7400 		.ascii	"int\000"
 282 002c 03       		.uleb128 0x3
 283 002d 14000000 		.4byte	.LASF2
 284 0031 03       		.byte	0x3
 285 0032 D4       		.byte	0xd4
ARM GAS  /tmp/cceRg5rP.s 			page 6


 286 0033 37000000 		.4byte	0x37
 287 0037 04       		.uleb128 0x4
 288 0038 04       		.byte	0x4
 289 0039 07       		.byte	0x7
 290 003a A0010000 		.4byte	.LASF0
 291 003e 04       		.uleb128 0x4
 292 003f 01       		.byte	0x1
 293 0040 06       		.byte	0x6
 294 0041 E2000000 		.4byte	.LASF1
 295 0045 03       		.uleb128 0x3
 296 0046 37000000 		.4byte	.LASF3
 297 004a 04       		.byte	0x4
 298 004b 1D       		.byte	0x1d
 299 004c 50000000 		.4byte	0x50
 300 0050 04       		.uleb128 0x4
 301 0051 01       		.byte	0x1
 302 0052 08       		.byte	0x8
 303 0053 73030000 		.4byte	.LASF4
 304 0057 04       		.uleb128 0x4
 305 0058 02       		.byte	0x2
 306 0059 05       		.byte	0x5
 307 005a 96030000 		.4byte	.LASF5
 308 005e 04       		.uleb128 0x4
 309 005f 02       		.byte	0x2
 310 0060 07       		.byte	0x7
 311 0061 DD010000 		.4byte	.LASF6
 312 0065 03       		.uleb128 0x3
 313 0066 2E020000 		.4byte	.LASF7
 314 006a 04       		.byte	0x4
 315 006b 3F       		.byte	0x3f
 316 006c 70000000 		.4byte	0x70
 317 0070 04       		.uleb128 0x4
 318 0071 04       		.byte	0x4
 319 0072 05       		.byte	0x5
 320 0073 2B010000 		.4byte	.LASF8
 321 0077 03       		.uleb128 0x3
 322 0078 A8050000 		.4byte	.LASF9
 323 007c 04       		.byte	0x4
 324 007d 41       		.byte	0x41
 325 007e 82000000 		.4byte	0x82
 326 0082 04       		.uleb128 0x4
 327 0083 04       		.byte	0x4
 328 0084 07       		.byte	0x7
 329 0085 40040000 		.4byte	.LASF10
 330 0089 04       		.uleb128 0x4
 331 008a 08       		.byte	0x8
 332 008b 05       		.byte	0x5
 333 008c D4000000 		.4byte	.LASF11
 334 0090 03       		.uleb128 0x3
 335 0091 F1020000 		.4byte	.LASF12
 336 0095 04       		.byte	0x4
 337 0096 5B       		.byte	0x5b
 338 0097 9B000000 		.4byte	0x9b
 339 009b 04       		.uleb128 0x4
 340 009c 08       		.byte	0x8
 341 009d 07       		.byte	0x7
 342 009e 66000000 		.4byte	.LASF13
ARM GAS  /tmp/cceRg5rP.s 			page 7


 343 00a2 03       		.uleb128 0x3
 344 00a3 18060000 		.4byte	.LASF14
 345 00a7 05       		.byte	0x5
 346 00a8 14       		.byte	0x14
 347 00a9 45000000 		.4byte	0x45
 348 00ad 03       		.uleb128 0x3
 349 00ae 6B030000 		.4byte	.LASF15
 350 00b2 05       		.byte	0x5
 351 00b3 1F       		.byte	0x1f
 352 00b4 65000000 		.4byte	0x65
 353 00b8 03       		.uleb128 0x3
 354 00b9 18040000 		.4byte	.LASF16
 355 00bd 05       		.byte	0x5
 356 00be 20       		.byte	0x20
 357 00bf 77000000 		.4byte	0x77
 358 00c3 03       		.uleb128 0x3
 359 00c4 22000000 		.4byte	.LASF17
 360 00c8 05       		.byte	0x5
 361 00c9 26       		.byte	0x26
 362 00ca 90000000 		.4byte	0x90
 363 00ce 05       		.uleb128 0x5
 364 00cf AD000000 		.4byte	0xad
 365 00d3 03       		.uleb128 0x3
 366 00d4 CC050000 		.4byte	.LASF18
 367 00d8 06       		.byte	0x6
 368 00d9 45       		.byte	0x45
 369 00da B8000000 		.4byte	0xb8
 370 00de 03       		.uleb128 0x3
 371 00df 0C020000 		.4byte	.LASF19
 372 00e3 06       		.byte	0x6
 373 00e4 48       		.byte	0x48
 374 00e5 A2000000 		.4byte	0xa2
 375 00e9 03       		.uleb128 0x3
 376 00ea 34010000 		.4byte	.LASF20
 377 00ee 06       		.byte	0x6
 378 00ef 49       		.byte	0x49
 379 00f0 A2000000 		.4byte	0xa2
 380 00f4 03       		.uleb128 0x3
 381 00f5 CC000000 		.4byte	.LASF21
 382 00f9 06       		.byte	0x6
 383 00fa 4A       		.byte	0x4a
 384 00fb A2000000 		.4byte	0xa2
 385 00ff 03       		.uleb128 0x3
 386 0100 11010000 		.4byte	.LASF22
 387 0104 06       		.byte	0x6
 388 0105 4B       		.byte	0x4b
 389 0106 A2000000 		.4byte	0xa2
 390 010a 03       		.uleb128 0x3
 391 010b 21030000 		.4byte	.LASF23
 392 010f 06       		.byte	0x6
 393 0110 4C       		.byte	0x4c
 394 0111 B8000000 		.4byte	0xb8
 395 0115 03       		.uleb128 0x3
 396 0116 FA010000 		.4byte	.LASF24
 397 011a 06       		.byte	0x6
 398 011b 4D       		.byte	0x4d
 399 011c AD000000 		.4byte	0xad
ARM GAS  /tmp/cceRg5rP.s 			page 8


 400 0120 03       		.uleb128 0x3
 401 0121 22020000 		.4byte	.LASF25
 402 0125 06       		.byte	0x6
 403 0126 4F       		.byte	0x4f
 404 0127 B8000000 		.4byte	0xb8
 405 012b 03       		.uleb128 0x3
 406 012c 9A010000 		.4byte	.LASF26
 407 0130 06       		.byte	0x6
 408 0131 51       		.byte	0x51
 409 0132 AD000000 		.4byte	0xad
 410 0136 03       		.uleb128 0x3
 411 0137 8A050000 		.4byte	.LASF27
 412 013b 07       		.byte	0x7
 413 013c 33       		.byte	0x33
 414 013d B8000000 		.4byte	0xb8
 415 0141 03       		.uleb128 0x3
 416 0142 09060000 		.4byte	.LASF28
 417 0146 07       		.byte	0x7
 418 0147 3F       		.byte	0x3f
 419 0148 4C010000 		.4byte	0x14c
 420 014c 06       		.uleb128 0x6
 421 014d F0010000 		.4byte	.LASF50
 422 0151 48       		.byte	0x48
 423 0152 08       		.byte	0x8
 424 0153 C2       		.byte	0xc2
 425 0154 51020000 		.4byte	0x251
 426 0158 07       		.uleb128 0x7
 427 0159 CD030000 		.4byte	.LASF29
 428 015d 08       		.byte	0x8
 429 015e C3       		.byte	0xc3
 430 015f 5C020000 		.4byte	0x25c
 431 0163 00       		.byte	0
 432 0164 07       		.uleb128 0x7
 433 0165 1A030000 		.4byte	.LASF30
 434 0169 08       		.byte	0x8
 435 016a C5       		.byte	0xc5
 436 016b 5C020000 		.4byte	0x25c
 437 016f 04       		.byte	0x4
 438 0170 07       		.uleb128 0x7
 439 0171 C5000000 		.4byte	.LASF31
 440 0175 08       		.byte	0x8
 441 0176 C7       		.byte	0xc7
 442 0177 0A010000 		.4byte	0x10a
 443 017b 08       		.byte	0x8
 444 017c 07       		.uleb128 0x7
 445 017d 58060000 		.4byte	.LASF32
 446 0181 08       		.byte	0x8
 447 0182 C8       		.byte	0xc8
 448 0183 8C040000 		.4byte	0x48c
 449 0187 0C       		.byte	0xc
 450 0188 07       		.uleb128 0x7
 451 0189 3D010000 		.4byte	.LASF33
 452 018d 08       		.byte	0x8
 453 018e CA       		.byte	0xca
 454 018f 5C020000 		.4byte	0x25c
 455 0193 10       		.byte	0x10
 456 0194 07       		.uleb128 0x7
ARM GAS  /tmp/cceRg5rP.s 			page 9


 457 0195 B3020000 		.4byte	.LASF34
 458 0199 08       		.byte	0x8
 459 019a CB       		.byte	0xcb
 460 019b 5C020000 		.4byte	0x25c
 461 019f 14       		.byte	0x14
 462 01a0 07       		.uleb128 0x7
 463 01a1 27060000 		.4byte	.LASF35
 464 01a5 08       		.byte	0x8
 465 01a6 D2       		.byte	0xd2
 466 01a7 D1060000 		.4byte	0x6d1
 467 01ab 18       		.byte	0x18
 468 01ac 07       		.uleb128 0x7
 469 01ad A0030000 		.4byte	.LASF36
 470 01b1 08       		.byte	0x8
 471 01b2 DD       		.byte	0xdd
 472 01b3 E9000000 		.4byte	0xe9
 473 01b7 1C       		.byte	0x1c
 474 01b8 07       		.uleb128 0x7
 475 01b9 D4030000 		.4byte	.LASF37
 476 01bd 08       		.byte	0x8
 477 01be E1       		.byte	0xe1
 478 01bf DE000000 		.4byte	0xde
 479 01c3 1D       		.byte	0x1d
 480 01c4 07       		.uleb128 0x7
 481 01c5 02060000 		.4byte	.LASF38
 482 01c9 08       		.byte	0x8
 483 01ca E6       		.byte	0xe6
 484 01cb F4000000 		.4byte	0xf4
 485 01cf 1E       		.byte	0x1e
 486 01d0 07       		.uleb128 0x7
 487 01d1 A8030000 		.4byte	.LASF39
 488 01d5 08       		.byte	0x8
 489 01d6 EC       		.byte	0xec
 490 01d7 FF000000 		.4byte	0xff
 491 01db 1F       		.byte	0x1f
 492 01dc 07       		.uleb128 0x7
 493 01dd B5010000 		.4byte	.LASF40
 494 01e1 08       		.byte	0x8
 495 01e2 F3       		.byte	0xf3
 496 01e3 E3060000 		.4byte	0x6e3
 497 01e7 20       		.byte	0x20
 498 01e8 08       		.uleb128 0x8
 499 01e9 705F7500 		.ascii	"p_u\000"
 500 01ed 08       		.byte	0x8
 501 01ee 3101     		.2byte	0x131
 502 01f0 0C060000 		.4byte	0x60c
 503 01f4 24       		.byte	0x24
 504 01f5 09       		.uleb128 0x9
 505 01f6 52020000 		.4byte	.LASF41
 506 01fa 08       		.byte	0x8
 507 01fb 3601     		.2byte	0x136
 508 01fd 62020000 		.4byte	0x262
 509 0201 28       		.byte	0x28
 510 0202 09       		.uleb128 0x9
 511 0203 CC010000 		.4byte	.LASF42
 512 0207 08       		.byte	0x8
 513 0208 3C01     		.2byte	0x13c
ARM GAS  /tmp/cceRg5rP.s 			page 10


 514 020a 86020000 		.4byte	0x286
 515 020e 2C       		.byte	0x2c
 516 020f 09       		.uleb128 0x9
 517 0210 4A060000 		.4byte	.LASF43
 518 0214 08       		.byte	0x8
 519 0215 4001     		.2byte	0x140
 520 0217 15010000 		.4byte	0x115
 521 021b 34       		.byte	0x34
 522 021c 09       		.uleb128 0x9
 523 021d 0D040000 		.4byte	.LASF44
 524 0221 08       		.byte	0x8
 525 0222 4601     		.2byte	0x146
 526 0224 20010000 		.4byte	0x120
 527 0228 38       		.byte	0x38
 528 0229 09       		.uleb128 0x9
 529 022a 8C030000 		.4byte	.LASF45
 530 022e 08       		.byte	0x8
 531 022f 4D01     		.2byte	0x14d
 532 0231 CB060000 		.4byte	0x6cb
 533 0235 3C       		.byte	0x3c
 534 0236 09       		.uleb128 0x9
 535 0237 94050000 		.4byte	.LASF46
 536 023b 08       		.byte	0x8
 537 023c 5101     		.2byte	0x151
 538 023e 0A010000 		.4byte	0x10a
 539 0242 40       		.byte	0x40
 540 0243 09       		.uleb128 0x9
 541 0244 EE000000 		.4byte	.LASF47
 542 0248 08       		.byte	0x8
 543 0249 5801     		.2byte	0x158
 544 024b 39030000 		.4byte	0x339
 545 024f 44       		.byte	0x44
 546 0250 00       		.byte	0
 547 0251 03       		.uleb128 0x3
 548 0252 65020000 		.4byte	.LASF48
 549 0256 07       		.byte	0x7
 550 0257 44       		.byte	0x44
 551 0258 5C020000 		.4byte	0x25c
 552 025c 0A       		.uleb128 0xa
 553 025d 04       		.byte	0x4
 554 025e 41010000 		.4byte	0x141
 555 0262 03       		.uleb128 0x3
 556 0263 43020000 		.4byte	.LASF49
 557 0267 07       		.byte	0x7
 558 0268 49       		.byte	0x49
 559 0269 6D020000 		.4byte	0x26d
 560 026d 06       		.uleb128 0x6
 561 026e 30040000 		.4byte	.LASF51
 562 0272 04       		.byte	0x4
 563 0273 08       		.byte	0x8
 564 0274 B0       		.byte	0xb0
 565 0275 86020000 		.4byte	0x286
 566 0279 07       		.uleb128 0x7
 567 027a CD030000 		.4byte	.LASF29
 568 027e 08       		.byte	0x8
 569 027f B1       		.byte	0xb1
 570 0280 5C020000 		.4byte	0x25c
ARM GAS  /tmp/cceRg5rP.s 			page 11


 571 0284 00       		.byte	0
 572 0285 00       		.byte	0
 573 0286 03       		.uleb128 0x3
 574 0287 E9050000 		.4byte	.LASF52
 575 028b 07       		.byte	0x7
 576 028c 50       		.byte	0x50
 577 028d 91020000 		.4byte	0x291
 578 0291 06       		.uleb128 0x6
 579 0292 B4000000 		.4byte	.LASF53
 580 0296 08       		.byte	0x8
 581 0297 08       		.byte	0x8
 582 0298 B7       		.byte	0xb7
 583 0299 B6020000 		.4byte	0x2b6
 584 029d 07       		.uleb128 0x7
 585 029e CD030000 		.4byte	.LASF29
 586 02a2 08       		.byte	0x8
 587 02a3 B8       		.byte	0xb8
 588 02a4 5C020000 		.4byte	0x25c
 589 02a8 00       		.byte	0
 590 02a9 07       		.uleb128 0x7
 591 02aa 1A030000 		.4byte	.LASF30
 592 02ae 08       		.byte	0x8
 593 02af B9       		.byte	0xb9
 594 02b0 5C020000 		.4byte	0x25c
 595 02b4 04       		.byte	0x4
 596 02b5 00       		.byte	0
 597 02b6 03       		.uleb128 0x3
 598 02b7 07000000 		.4byte	.LASF54
 599 02bb 07       		.byte	0x7
 600 02bc 57       		.byte	0x57
 601 02bd C1020000 		.4byte	0x2c1
 602 02c1 0B       		.uleb128 0xb
 603 02c2 14020000 		.4byte	.LASF55
 604 02c6 1C       		.byte	0x1c
 605 02c7 08       		.byte	0x8
 606 02c8 9001     		.2byte	0x190
 607 02ca 1D030000 		.4byte	0x31d
 608 02ce 09       		.uleb128 0x9
 609 02cf 28040000 		.4byte	.LASF56
 610 02d3 08       		.byte	0x8
 611 02d4 9101     		.2byte	0x191
 612 02d6 86020000 		.4byte	0x286
 613 02da 00       		.byte	0
 614 02db 09       		.uleb128 0x9
 615 02dc BF030000 		.4byte	.LASF57
 616 02e0 08       		.byte	0x8
 617 02e1 9201     		.2byte	0x192
 618 02e3 0A010000 		.4byte	0x10a
 619 02e7 08       		.byte	0x8
 620 02e8 09       		.uleb128 0x9
 621 02e9 BB020000 		.4byte	.LASF58
 622 02ed 08       		.byte	0x8
 623 02ee 9401     		.2byte	0x194
 624 02f0 8C040000 		.4byte	0x48c
 625 02f4 0C       		.byte	0xc
 626 02f5 09       		.uleb128 0x9
 627 02f6 5A010000 		.4byte	.LASF59
ARM GAS  /tmp/cceRg5rP.s 			page 12


 628 02fa 08       		.byte	0x8
 629 02fb 9701     		.2byte	0x197
 630 02fd 5C020000 		.4byte	0x25c
 631 0301 10       		.byte	0x10
 632 0302 09       		.uleb128 0x9
 633 0303 DC020000 		.4byte	.LASF60
 634 0307 08       		.byte	0x8
 635 0308 9801     		.2byte	0x198
 636 030a 5C020000 		.4byte	0x25c
 637 030e 14       		.byte	0x14
 638 030f 09       		.uleb128 0x9
 639 0310 D2020000 		.4byte	.LASF61
 640 0314 08       		.byte	0x8
 641 0315 9B01     		.2byte	0x19b
 642 0317 5C020000 		.4byte	0x25c
 643 031b 18       		.byte	0x18
 644 031c 00       		.byte	0
 645 031d 03       		.uleb128 0x3
 646 031e 9F050000 		.4byte	.LASF62
 647 0322 07       		.byte	0x7
 648 0323 5C       		.byte	0x5c
 649 0324 28030000 		.4byte	0x328
 650 0328 0A       		.uleb128 0xa
 651 0329 04       		.byte	0x4
 652 032a 2E030000 		.4byte	0x32e
 653 032e 0C       		.uleb128 0xc
 654 032f 39030000 		.4byte	0x339
 655 0333 0D       		.uleb128 0xd
 656 0334 39030000 		.4byte	0x339
 657 0338 00       		.byte	0
 658 0339 0E       		.uleb128 0xe
 659 033a 04       		.byte	0x4
 660 033b 03       		.uleb128 0x3
 661 033c 0A030000 		.4byte	.LASF63
 662 0340 07       		.byte	0x7
 663 0341 61       		.byte	0x61
 664 0342 46030000 		.4byte	0x346
 665 0346 0B       		.uleb128 0xb
 666 0347 EF030000 		.4byte	.LASF64
 667 034b 14       		.byte	0x14
 668 034c 08       		.byte	0x8
 669 034d 6B01     		.2byte	0x16b
 670 034f 95030000 		.4byte	0x395
 671 0353 09       		.uleb128 0x9
 672 0354 AD010000 		.4byte	.LASF65
 673 0358 08       		.byte	0x8
 674 0359 6C01     		.2byte	0x16c
 675 035b E8060000 		.4byte	0x6e8
 676 035f 00       		.byte	0
 677 0360 09       		.uleb128 0x9
 678 0361 6B010000 		.4byte	.LASF66
 679 0365 08       		.byte	0x8
 680 0366 6D01     		.2byte	0x16d
 681 0368 E8060000 		.4byte	0x6e8
 682 036c 04       		.byte	0x4
 683 036d 09       		.uleb128 0x9
 684 036e C3010000 		.4byte	.LASF67
ARM GAS  /tmp/cceRg5rP.s 			page 13


 685 0372 08       		.byte	0x8
 686 0373 6E01     		.2byte	0x16e
 687 0375 36010000 		.4byte	0x136
 688 0379 08       		.byte	0x8
 689 037a 09       		.uleb128 0x9
 690 037b 5E060000 		.4byte	.LASF68
 691 037f 08       		.byte	0x8
 692 0380 6F01     		.2byte	0x16f
 693 0382 1D030000 		.4byte	0x31d
 694 0386 0C       		.byte	0xc
 695 0387 09       		.uleb128 0x9
 696 0388 D4050000 		.4byte	.LASF69
 697 038c 08       		.byte	0x8
 698 038d 7101     		.2byte	0x171
 699 038f 39030000 		.4byte	0x339
 700 0393 10       		.byte	0x10
 701 0394 00       		.byte	0
 702 0395 03       		.uleb128 0x3
 703 0396 91000000 		.4byte	.LASF70
 704 039a 07       		.byte	0x7
 705 039b 66       		.byte	0x66
 706 039c A0030000 		.4byte	0x3a0
 707 03a0 0B       		.uleb128 0xb
 708 03a1 78020000 		.4byte	.LASF71
 709 03a5 10       		.byte	0x10
 710 03a6 08       		.byte	0x8
 711 03a7 7B01     		.2byte	0x17b
 712 03a9 E2030000 		.4byte	0x3e2
 713 03ad 09       		.uleb128 0x9
 714 03ae AD010000 		.4byte	.LASF65
 715 03b2 08       		.byte	0x8
 716 03b3 7C01     		.2byte	0x17c
 717 03b5 E8060000 		.4byte	0x6e8
 718 03b9 00       		.byte	0
 719 03ba 09       		.uleb128 0x9
 720 03bb 6B010000 		.4byte	.LASF66
 721 03bf 08       		.byte	0x8
 722 03c0 7E01     		.2byte	0x17e
 723 03c2 E8060000 		.4byte	0x6e8
 724 03c6 04       		.byte	0x4
 725 03c7 09       		.uleb128 0x9
 726 03c8 C3010000 		.4byte	.LASF67
 727 03cc 08       		.byte	0x8
 728 03cd 8001     		.2byte	0x180
 729 03cf 36010000 		.4byte	0x136
 730 03d3 08       		.byte	0x8
 731 03d4 09       		.uleb128 0x9
 732 03d5 33060000 		.4byte	.LASF72
 733 03d9 08       		.byte	0x8
 734 03da 8201     		.2byte	0x182
 735 03dc E3060000 		.4byte	0x6e3
 736 03e0 0C       		.byte	0xc
 737 03e1 00       		.byte	0
 738 03e2 03       		.uleb128 0x3
 739 03e3 4D000000 		.4byte	.LASF73
 740 03e7 07       		.byte	0x7
 741 03e8 6B       		.byte	0x6b
ARM GAS  /tmp/cceRg5rP.s 			page 14


 742 03e9 ED030000 		.4byte	0x3ed
 743 03ed 0B       		.uleb128 0xb
 744 03ee 73010000 		.4byte	.LASF74
 745 03f2 04       		.byte	0x4
 746 03f3 08       		.byte	0x8
 747 03f4 A201     		.2byte	0x1a2
 748 03f6 08040000 		.4byte	0x408
 749 03fa 09       		.uleb128 0x9
 750 03fb B3050000 		.4byte	.LASF75
 751 03ff 08       		.byte	0x8
 752 0400 AA01     		.2byte	0x1aa
 753 0402 EE060000 		.4byte	0x6ee
 754 0406 00       		.byte	0
 755 0407 00       		.byte	0
 756 0408 03       		.uleb128 0x3
 757 0409 00020000 		.4byte	.LASF76
 758 040d 07       		.byte	0x7
 759 040e 70       		.byte	0x70
 760 040f 13040000 		.4byte	0x413
 761 0413 0F       		.uleb128 0xf
 762 0414 21010000 		.4byte	.LASF77
 763 0418 5802     		.2byte	0x258
 764 041a 08       		.byte	0x8
 765 041b C201     		.2byte	0x1c2
 766 041d 6F040000 		.4byte	0x46f
 767 0421 09       		.uleb128 0x9
 768 0422 12060000 		.4byte	.LASF78
 769 0426 08       		.byte	0x8
 770 0427 C601     		.2byte	0x1c6
 771 0429 B6020000 		.4byte	0x2b6
 772 042d 00       		.byte	0
 773 042e 09       		.uleb128 0x9
 774 042f FE000000 		.4byte	.LASF79
 775 0433 08       		.byte	0x8
 776 0434 CA01     		.2byte	0x1ca
 777 0436 95030000 		.4byte	0x395
 778 043a 1C       		.byte	0x1c
 779 043b 08       		.uleb128 0x8
 780 043c 64626700 		.ascii	"dbg\000"
 781 0440 08       		.byte	0x8
 782 0441 CE01     		.2byte	0x1ce
 783 0443 E2030000 		.4byte	0x3e2
 784 0447 2C       		.byte	0x2c
 785 0448 09       		.uleb128 0x9
 786 0449 86000000 		.4byte	.LASF80
 787 044d 08       		.byte	0x8
 788 044e D201     		.2byte	0x1d2
 789 0450 41010000 		.4byte	0x141
 790 0454 30       		.byte	0x30
 791 0455 08       		.uleb128 0x8
 792 0456 746D00   		.ascii	"tm\000"
 793 0459 08       		.byte	0x8
 794 045a D701     		.2byte	0x1d7
 795 045c 01060000 		.4byte	0x601
 796 0460 78       		.byte	0x78
 797 0461 09       		.uleb128 0x9
 798 0462 8B010000 		.4byte	.LASF81
ARM GAS  /tmp/cceRg5rP.s 			page 15


 799 0466 08       		.byte	0x8
 800 0467 E301     		.2byte	0x1e3
 801 0469 F3060000 		.4byte	0x6f3
 802 046d 80       		.byte	0x80
 803 046e 00       		.byte	0
 804 046f 04       		.uleb128 0x4
 805 0470 04       		.byte	0x4
 806 0471 07       		.byte	0x7
 807 0472 5C020000 		.4byte	.LASF82
 808 0476 03       		.uleb128 0x3
 809 0477 62010000 		.4byte	.LASF83
 810 047b 09       		.byte	0x9
 811 047c 65       		.byte	0x65
 812 047d 39030000 		.4byte	0x339
 813 0481 03       		.uleb128 0x3
 814 0482 38020000 		.4byte	.LASF84
 815 0486 09       		.byte	0x9
 816 0487 6D       		.byte	0x6d
 817 0488 C3000000 		.4byte	0xc3
 818 048c 06       		.uleb128 0x6
 819 048d C4050000 		.4byte	.LASF85
 820 0491 04       		.byte	0x4
 821 0492 09       		.byte	0x9
 822 0493 89       		.byte	0x89
 823 0494 A5040000 		.4byte	0x4a5
 824 0498 10       		.uleb128 0x10
 825 0499 72313300 		.ascii	"r13\000"
 826 049d 09       		.byte	0x9
 827 049e 8A       		.byte	0x8a
 828 049f E6050000 		.4byte	0x5e6
 829 04a3 00       		.byte	0
 830 04a4 00       		.byte	0
 831 04a5 06       		.uleb128 0x6
 832 04a6 41000000 		.4byte	.LASF86
 833 04aa 64       		.byte	0x64
 834 04ab 0A       		.byte	0xa
 835 04ac F4       		.byte	0xf4
 836 04ad E6050000 		.4byte	0x5e6
 837 04b1 10       		.uleb128 0x10
 838 04b2 73313600 		.ascii	"s16\000"
 839 04b6 0A       		.byte	0xa
 840 04b7 F6       		.byte	0xf6
 841 04b8 76040000 		.4byte	0x476
 842 04bc 00       		.byte	0
 843 04bd 10       		.uleb128 0x10
 844 04be 73313700 		.ascii	"s17\000"
 845 04c2 0A       		.byte	0xa
 846 04c3 F7       		.byte	0xf7
 847 04c4 76040000 		.4byte	0x476
 848 04c8 04       		.byte	0x4
 849 04c9 10       		.uleb128 0x10
 850 04ca 73313800 		.ascii	"s18\000"
 851 04ce 0A       		.byte	0xa
 852 04cf F8       		.byte	0xf8
 853 04d0 76040000 		.4byte	0x476
 854 04d4 08       		.byte	0x8
 855 04d5 10       		.uleb128 0x10
ARM GAS  /tmp/cceRg5rP.s 			page 16


 856 04d6 73313900 		.ascii	"s19\000"
 857 04da 0A       		.byte	0xa
 858 04db F9       		.byte	0xf9
 859 04dc 76040000 		.4byte	0x476
 860 04e0 0C       		.byte	0xc
 861 04e1 10       		.uleb128 0x10
 862 04e2 73323000 		.ascii	"s20\000"
 863 04e6 0A       		.byte	0xa
 864 04e7 FA       		.byte	0xfa
 865 04e8 76040000 		.4byte	0x476
 866 04ec 10       		.byte	0x10
 867 04ed 10       		.uleb128 0x10
 868 04ee 73323100 		.ascii	"s21\000"
 869 04f2 0A       		.byte	0xa
 870 04f3 FB       		.byte	0xfb
 871 04f4 76040000 		.4byte	0x476
 872 04f8 14       		.byte	0x14
 873 04f9 10       		.uleb128 0x10
 874 04fa 73323200 		.ascii	"s22\000"
 875 04fe 0A       		.byte	0xa
 876 04ff FC       		.byte	0xfc
 877 0500 76040000 		.4byte	0x476
 878 0504 18       		.byte	0x18
 879 0505 10       		.uleb128 0x10
 880 0506 73323300 		.ascii	"s23\000"
 881 050a 0A       		.byte	0xa
 882 050b FD       		.byte	0xfd
 883 050c 76040000 		.4byte	0x476
 884 0510 1C       		.byte	0x1c
 885 0511 10       		.uleb128 0x10
 886 0512 73323400 		.ascii	"s24\000"
 887 0516 0A       		.byte	0xa
 888 0517 FE       		.byte	0xfe
 889 0518 76040000 		.4byte	0x476
 890 051c 20       		.byte	0x20
 891 051d 10       		.uleb128 0x10
 892 051e 73323500 		.ascii	"s25\000"
 893 0522 0A       		.byte	0xa
 894 0523 FF       		.byte	0xff
 895 0524 76040000 		.4byte	0x476
 896 0528 24       		.byte	0x24
 897 0529 08       		.uleb128 0x8
 898 052a 73323600 		.ascii	"s26\000"
 899 052e 0A       		.byte	0xa
 900 052f 0001     		.2byte	0x100
 901 0531 76040000 		.4byte	0x476
 902 0535 28       		.byte	0x28
 903 0536 08       		.uleb128 0x8
 904 0537 73323700 		.ascii	"s27\000"
 905 053b 0A       		.byte	0xa
 906 053c 0101     		.2byte	0x101
 907 053e 76040000 		.4byte	0x476
 908 0542 2C       		.byte	0x2c
 909 0543 08       		.uleb128 0x8
 910 0544 73323800 		.ascii	"s28\000"
 911 0548 0A       		.byte	0xa
 912 0549 0201     		.2byte	0x102
ARM GAS  /tmp/cceRg5rP.s 			page 17


 913 054b 76040000 		.4byte	0x476
 914 054f 30       		.byte	0x30
 915 0550 08       		.uleb128 0x8
 916 0551 73323900 		.ascii	"s29\000"
 917 0555 0A       		.byte	0xa
 918 0556 0301     		.2byte	0x103
 919 0558 76040000 		.4byte	0x476
 920 055c 34       		.byte	0x34
 921 055d 08       		.uleb128 0x8
 922 055e 73333000 		.ascii	"s30\000"
 923 0562 0A       		.byte	0xa
 924 0563 0401     		.2byte	0x104
 925 0565 76040000 		.4byte	0x476
 926 0569 38       		.byte	0x38
 927 056a 08       		.uleb128 0x8
 928 056b 73333100 		.ascii	"s31\000"
 929 056f 0A       		.byte	0xa
 930 0570 0501     		.2byte	0x105
 931 0572 76040000 		.4byte	0x476
 932 0576 3C       		.byte	0x3c
 933 0577 08       		.uleb128 0x8
 934 0578 723400   		.ascii	"r4\000"
 935 057b 0A       		.byte	0xa
 936 057c 0701     		.2byte	0x107
 937 057e 76040000 		.4byte	0x476
 938 0582 40       		.byte	0x40
 939 0583 08       		.uleb128 0x8
 940 0584 723500   		.ascii	"r5\000"
 941 0587 0A       		.byte	0xa
 942 0588 0801     		.2byte	0x108
 943 058a 76040000 		.4byte	0x476
 944 058e 44       		.byte	0x44
 945 058f 08       		.uleb128 0x8
 946 0590 723600   		.ascii	"r6\000"
 947 0593 0A       		.byte	0xa
 948 0594 0901     		.2byte	0x109
 949 0596 76040000 		.4byte	0x476
 950 059a 48       		.byte	0x48
 951 059b 08       		.uleb128 0x8
 952 059c 723700   		.ascii	"r7\000"
 953 059f 0A       		.byte	0xa
 954 05a0 0A01     		.2byte	0x10a
 955 05a2 76040000 		.4byte	0x476
 956 05a6 4C       		.byte	0x4c
 957 05a7 08       		.uleb128 0x8
 958 05a8 723800   		.ascii	"r8\000"
 959 05ab 0A       		.byte	0xa
 960 05ac 0B01     		.2byte	0x10b
 961 05ae 76040000 		.4byte	0x476
 962 05b2 50       		.byte	0x50
 963 05b3 08       		.uleb128 0x8
 964 05b4 723900   		.ascii	"r9\000"
 965 05b7 0A       		.byte	0xa
 966 05b8 0C01     		.2byte	0x10c
 967 05ba 76040000 		.4byte	0x476
 968 05be 54       		.byte	0x54
 969 05bf 08       		.uleb128 0x8
ARM GAS  /tmp/cceRg5rP.s 			page 18


 970 05c0 72313000 		.ascii	"r10\000"
 971 05c4 0A       		.byte	0xa
 972 05c5 0D01     		.2byte	0x10d
 973 05c7 76040000 		.4byte	0x476
 974 05cb 58       		.byte	0x58
 975 05cc 08       		.uleb128 0x8
 976 05cd 72313100 		.ascii	"r11\000"
 977 05d1 0A       		.byte	0xa
 978 05d2 0E01     		.2byte	0x10e
 979 05d4 76040000 		.4byte	0x476
 980 05d8 5C       		.byte	0x5c
 981 05d9 08       		.uleb128 0x8
 982 05da 6C7200   		.ascii	"lr\000"
 983 05dd 0A       		.byte	0xa
 984 05de 0F01     		.2byte	0x10f
 985 05e0 76040000 		.4byte	0x476
 986 05e4 60       		.byte	0x60
 987 05e5 00       		.byte	0
 988 05e6 0A       		.uleb128 0xa
 989 05e7 04       		.byte	0x4
 990 05e8 A5040000 		.4byte	0x4a5
 991 05ec 11       		.uleb128 0x11
 992 05ed 04       		.byte	0x4
 993 05ee 0B       		.byte	0xb
 994 05ef 38       		.byte	0x38
 995 05f0 01060000 		.4byte	0x601
 996 05f4 07       		.uleb128 0x7
 997 05f5 BD050000 		.4byte	.LASF87
 998 05f9 0B       		.byte	0xb
 999 05fa 3C       		.byte	0x3c
 1000 05fb D3000000 		.4byte	0xd3
 1001 05ff 00       		.byte	0
 1002 0600 00       		.byte	0
 1003 0601 03       		.uleb128 0x3
 1004 0602 C1020000 		.4byte	.LASF88
 1005 0606 0B       		.byte	0xb
 1006 0607 3D       		.byte	0x3d
 1007 0608 EC050000 		.4byte	0x5ec
 1008 060c 12       		.uleb128 0x12
 1009 060d 04       		.byte	0x4
 1010 060e 08       		.byte	0x8
 1011 060f FA       		.byte	0xfa
 1012 0610 69060000 		.4byte	0x669
 1013 0614 13       		.uleb128 0x13
 1014 0615 1B000000 		.4byte	.LASF89
 1015 0619 08       		.byte	0x8
 1016 061a 0101     		.2byte	0x101
 1017 061c 15010000 		.4byte	0x115
 1018 0620 13       		.uleb128 0x13
 1019 0621 7D000000 		.4byte	.LASF90
 1020 0625 08       		.byte	0x8
 1021 0626 0801     		.2byte	0x108
 1022 0628 15010000 		.4byte	0x115
 1023 062c 13       		.uleb128 0x13
 1024 062d 20060000 		.4byte	.LASF91
 1025 0631 08       		.byte	0x8
 1026 0632 0F01     		.2byte	0x10f
ARM GAS  /tmp/cceRg5rP.s 			page 19


 1027 0634 39030000 		.4byte	0x339
 1028 0638 13       		.uleb128 0x13
 1029 0639 1B010000 		.4byte	.LASF92
 1030 063d 08       		.byte	0x8
 1031 063e 1601     		.2byte	0x116
 1032 0640 69060000 		.4byte	0x669
 1033 0644 13       		.uleb128 0x13
 1034 0645 BC010000 		.4byte	.LASF93
 1035 0649 08       		.byte	0x8
 1036 064a 1E01     		.2byte	0x11e
 1037 064c 94060000 		.4byte	0x694
 1038 0650 13       		.uleb128 0x13
 1039 0651 21040000 		.4byte	.LASF94
 1040 0655 08       		.byte	0x8
 1041 0656 2701     		.2byte	0x127
 1042 0658 CB060000 		.4byte	0x6cb
 1043 065c 13       		.uleb128 0x13
 1044 065d C6030000 		.4byte	.LASF95
 1045 0661 08       		.byte	0x8
 1046 0662 2F01     		.2byte	0x12f
 1047 0664 20010000 		.4byte	0x120
 1048 0668 00       		.byte	0
 1049 0669 0A       		.uleb128 0xa
 1050 066a 04       		.byte	0x4
 1051 066b 51020000 		.4byte	0x251
 1052 066f 06       		.uleb128 0x6
 1053 0670 00040000 		.4byte	.LASF96
 1054 0674 0C       		.byte	0xc
 1055 0675 0C       		.byte	0xc
 1056 0676 34       		.byte	0x34
 1057 0677 94060000 		.4byte	0x694
 1058 067b 07       		.uleb128 0x7
 1059 067c 45010000 		.4byte	.LASF97
 1060 0680 0C       		.byte	0xc
 1061 0681 35       		.byte	0x35
 1062 0682 86020000 		.4byte	0x286
 1063 0686 00       		.byte	0
 1064 0687 07       		.uleb128 0x7
 1065 0688 D7010000 		.4byte	.LASF98
 1066 068c 0C       		.byte	0xc
 1067 068d 37       		.byte	0x37
 1068 068e 2B010000 		.4byte	0x12b
 1069 0692 08       		.byte	0x8
 1070 0693 00       		.byte	0
 1071 0694 0A       		.uleb128 0xa
 1072 0695 04       		.byte	0x4
 1073 0696 6F060000 		.4byte	0x66f
 1074 069a 06       		.uleb128 0x6
 1075 069b F9050000 		.4byte	.LASF99
 1076 069f 10       		.byte	0x10
 1077 06a0 0D       		.byte	0xd
 1078 06a1 39       		.byte	0x39
 1079 06a2 CB060000 		.4byte	0x6cb
 1080 06a6 07       		.uleb128 0x7
 1081 06a7 F6000000 		.4byte	.LASF100
 1082 06ab 0D       		.byte	0xd
 1083 06ac 3A       		.byte	0x3a
ARM GAS  /tmp/cceRg5rP.s 			page 20


 1084 06ad 86020000 		.4byte	0x286
 1085 06b1 00       		.byte	0
 1086 06b2 07       		.uleb128 0x7
 1087 06b3 50060000 		.4byte	.LASF101
 1088 06b7 0D       		.byte	0xd
 1089 06b8 3C       		.byte	0x3c
 1090 06b9 5C020000 		.4byte	0x25c
 1091 06bd 08       		.byte	0x8
 1092 06be 07       		.uleb128 0x7
 1093 06bf 83050000 		.4byte	.LASF102
 1094 06c3 0D       		.byte	0xd
 1095 06c4 3E       		.byte	0x3e
 1096 06c5 0E070000 		.4byte	0x70e
 1097 06c9 0C       		.byte	0xc
 1098 06ca 00       		.byte	0
 1099 06cb 0A       		.uleb128 0xa
 1100 06cc 04       		.byte	0x4
 1101 06cd 9A060000 		.4byte	0x69a
 1102 06d1 0A       		.uleb128 0xa
 1103 06d2 04       		.byte	0x4
 1104 06d3 D7060000 		.4byte	0x6d7
 1105 06d7 14       		.uleb128 0x14
 1106 06d8 DC060000 		.4byte	0x6dc
 1107 06dc 04       		.uleb128 0x4
 1108 06dd 01       		.byte	0x1
 1109 06de 08       		.byte	0x8
 1110 06df 52040000 		.4byte	.LASF103
 1111 06e3 05       		.uleb128 0x5
 1112 06e4 36010000 		.4byte	0x136
 1113 06e8 0A       		.uleb128 0xa
 1114 06e9 04       		.byte	0x4
 1115 06ea 3B030000 		.4byte	0x33b
 1116 06ee 05       		.uleb128 0x5
 1117 06ef D1060000 		.4byte	0x6d1
 1118 06f3 15       		.uleb128 0x15
 1119 06f4 81040000 		.4byte	0x481
 1120 06f8 03070000 		.4byte	0x703
 1121 06fc 16       		.uleb128 0x16
 1122 06fd 6F040000 		.4byte	0x46f
 1123 0701 3A       		.byte	0x3a
 1124 0702 00       		.byte	0
 1125 0703 03       		.uleb128 0x3
 1126 0704 83010000 		.4byte	.LASF104
 1127 0708 0D       		.byte	0xd
 1128 0709 34       		.byte	0x34
 1129 070a 9A060000 		.4byte	0x69a
 1130 070e 0A       		.uleb128 0xa
 1131 070f 04       		.byte	0x4
 1132 0710 03070000 		.4byte	0x703
 1133 0714 0A       		.uleb128 0xa
 1134 0715 04       		.byte	0x4
 1135 0716 A2000000 		.4byte	0xa2
 1136 071a 17       		.uleb128 0x17
 1137 071b FC020000 		.4byte	.LASF105
 1138 071f 02       		.byte	0x2
 1139 0720 5401     		.2byte	0x154
 1140 0722 03       		.byte	0x3
ARM GAS  /tmp/cceRg5rP.s 			page 21


 1141 0723 17       		.uleb128 0x17
 1142 0724 E4020000 		.4byte	.LASF106
 1143 0728 02       		.byte	0x2
 1144 0729 4901     		.2byte	0x149
 1145 072b 03       		.byte	0x3
 1146 072c 17       		.uleb128 0x17
 1147 072d 5C000000 		.4byte	.LASF107
 1148 0731 0A       		.byte	0xa
 1149 0732 BC01     		.2byte	0x1bc
 1150 0734 03       		.byte	0x3
 1151 0735 17       		.uleb128 0x17
 1152 0736 05010000 		.4byte	.LASF108
 1153 073a 0A       		.byte	0xa
 1154 073b CA01     		.2byte	0x1ca
 1155 073d 03       		.byte	0x3
 1156 073e 17       		.uleb128 0x17
 1157 073f E5030000 		.4byte	.LASF109
 1158 0743 0E       		.byte	0xe
 1159 0744 5A01     		.2byte	0x15a
 1160 0746 03       		.byte	0x3
 1161 0747 18       		.uleb128 0x18
 1162 0748 4D010000 		.4byte	.LASF119
 1163 074c 01       		.byte	0x1
 1164 074d 83       		.byte	0x83
 1165 074e 39030000 		.4byte	0x339
 1166 0752 01       		.byte	0x1
 1167 0753 6C070000 		.4byte	0x76c
 1168 0757 19       		.uleb128 0x19
 1169 0758 2E060000 		.4byte	.LASF120
 1170 075c 01       		.byte	0x1
 1171 075d 83       		.byte	0x83
 1172 075e 2C000000 		.4byte	0x2c
 1173 0762 1A       		.uleb128 0x1a
 1174 0763 7000     		.ascii	"p\000"
 1175 0765 01       		.byte	0x1
 1176 0766 84       		.byte	0x84
 1177 0767 39030000 		.4byte	0x339
 1178 076b 00       		.byte	0
 1179 076c 1B       		.uleb128 0x1b
 1180 076d 3E060000 		.4byte	.LASF121
 1181 0771 0E       		.byte	0xe
 1182 0772 6601     		.2byte	0x166
 1183 0774 03       		.byte	0x3
 1184 0775 87070000 		.4byte	0x787
 1185 0779 1C       		.uleb128 0x1c
 1186 077a DC030000 		.4byte	.LASF110
 1187 077e 97070000 		.4byte	0x797
 1188 0782 3E060000 		.4byte	.LASF121
 1189 0786 00       		.byte	0
 1190 0787 15       		.uleb128 0x15
 1191 0788 DC060000 		.4byte	0x6dc
 1192 078c 97070000 		.4byte	0x797
 1193 0790 16       		.uleb128 0x16
 1194 0791 6F040000 		.4byte	0x46f
 1195 0795 0B       		.byte	0xb
 1196 0796 00       		.byte	0
 1197 0797 14       		.uleb128 0x14
ARM GAS  /tmp/cceRg5rP.s 			page 22


 1198 0798 87070000 		.4byte	0x787
 1199 079c 1D       		.uleb128 0x1d
 1200 079d 81030000 		.4byte	.LASF122
 1201 07a1 01       		.byte	0x1
 1202 07a2 4E       		.byte	0x4e
 1203 07a3 00000000 		.4byte	.LFB219
 1204 07a7 28000000 		.4byte	.LFE219-.LFB219
 1205 07ab 01       		.uleb128 0x1
 1206 07ac 9C       		.byte	0x9c
 1207 07ad C8070000 		.4byte	0x7c8
 1208 07b1 1E       		.uleb128 0x1e
 1209 07b2 DB050000 		.4byte	.LASF111
 1210 07b6 01       		.byte	0x1
 1211 07b7 50       		.byte	0x50
 1212 07b8 C8070000 		.4byte	0x7c8
 1213 07bc 1E       		.uleb128 0x1e
 1214 07bd B2030000 		.4byte	.LASF112
 1215 07c1 01       		.byte	0x1
 1216 07c2 51       		.byte	0x51
 1217 07c3 C8070000 		.4byte	0x7c8
 1218 07c7 00       		.byte	0
 1219 07c8 15       		.uleb128 0x15
 1220 07c9 A2000000 		.4byte	0xa2
 1221 07cd D3070000 		.4byte	0x7d3
 1222 07d1 1F       		.uleb128 0x1f
 1223 07d2 00       		.byte	0
 1224 07d3 20       		.uleb128 0x20
 1225 07d4 2B000000 		.4byte	.LASF123
 1226 07d8 01       		.byte	0x1
 1227 07d9 6D       		.byte	0x6d
 1228 07da 39030000 		.4byte	0x339
 1229 07de 00000000 		.4byte	.LFB220
 1230 07e2 30000000 		.4byte	.LFE220-.LFB220
 1231 07e6 01       		.uleb128 0x1
 1232 07e7 9C       		.byte	0x9c
 1233 07e8 A8080000 		.4byte	0x8a8
 1234 07ec 21       		.uleb128 0x21
 1235 07ed 2E060000 		.4byte	.LASF120
 1236 07f1 01       		.byte	0x1
 1237 07f2 6D       		.byte	0x6d
 1238 07f3 2C000000 		.4byte	0x2c
 1239 07f7 00000000 		.4byte	.LLST0
 1240 07fb 1A       		.uleb128 0x1a
 1241 07fc 7000     		.ascii	"p\000"
 1242 07fe 01       		.byte	0x1
 1243 07ff 6E       		.byte	0x6e
 1244 0800 39030000 		.4byte	0x339
 1245 0804 22       		.uleb128 0x22
 1246 0805 3E070000 		.4byte	0x73e
 1247 0809 02000000 		.4byte	.LBB26
 1248 080d 02000000 		.4byte	.LBE26-.LBB26
 1249 0811 01       		.byte	0x1
 1250 0812 70       		.byte	0x70
 1251 0813 39080000 		.4byte	0x839
 1252 0817 23       		.uleb128 0x23
 1253 0818 2C070000 		.4byte	0x72c
 1254 081c 02000000 		.4byte	.LBB27
ARM GAS  /tmp/cceRg5rP.s 			page 23


 1255 0820 02000000 		.4byte	.LBE27-.LBB27
 1256 0824 0E       		.byte	0xe
 1257 0825 5C01     		.2byte	0x15c
 1258 0827 24       		.uleb128 0x24
 1259 0828 1A070000 		.4byte	0x71a
 1260 082c 02000000 		.4byte	.LBB28
 1261 0830 02000000 		.4byte	.LBE28-.LBB28
 1262 0834 0A       		.byte	0xa
 1263 0835 C101     		.2byte	0x1c1
 1264 0837 00       		.byte	0
 1265 0838 00       		.byte	0
 1266 0839 22       		.uleb128 0x22
 1267 083a 47070000 		.4byte	0x747
 1268 083e 04000000 		.4byte	.LBB30
 1269 0842 1C000000 		.4byte	.LBE30-.LBB30
 1270 0846 01       		.byte	0x1
 1271 0847 71       		.byte	0x71
 1272 0848 67080000 		.4byte	0x867
 1273 084c 25       		.uleb128 0x25
 1274 084d 57070000 		.4byte	0x757
 1275 0851 21000000 		.4byte	.LLST1
 1276 0855 26       		.uleb128 0x26
 1277 0856 04000000 		.4byte	.LBB31
 1278 085a 1C000000 		.4byte	.LBE31-.LBB31
 1279 085e 27       		.uleb128 0x27
 1280 085f 62070000 		.4byte	0x762
 1281 0863 01       		.uleb128 0x1
 1282 0864 52       		.byte	0x52
 1283 0865 00       		.byte	0
 1284 0866 00       		.byte	0
 1285 0867 28       		.uleb128 0x28
 1286 0868 6C070000 		.4byte	0x76c
 1287 086c 20000000 		.4byte	.LBB32
 1288 0870 02000000 		.4byte	.LBE32-.LBB32
 1289 0874 01       		.byte	0x1
 1290 0875 72       		.byte	0x72
 1291 0876 26       		.uleb128 0x26
 1292 0877 20000000 		.4byte	.LBB33
 1293 087b 02000000 		.4byte	.LBE33-.LBB33
 1294 087f 29       		.uleb128 0x29
 1295 0880 79070000 		.4byte	0x779
 1296 0884 23       		.uleb128 0x23
 1297 0885 35070000 		.4byte	0x735
 1298 0889 20000000 		.4byte	.LBB34
 1299 088d 02000000 		.4byte	.LBE34-.LBB34
 1300 0891 0E       		.byte	0xe
 1301 0892 7301     		.2byte	0x173
 1302 0894 24       		.uleb128 0x24
 1303 0895 23070000 		.4byte	0x723
 1304 0899 20000000 		.4byte	.LBB35
 1305 089d 02000000 		.4byte	.LBE35-.LBB35
 1306 08a1 0A       		.byte	0xa
 1307 08a2 CF01     		.2byte	0x1cf
 1308 08a4 00       		.byte	0
 1309 08a5 00       		.byte	0
 1310 08a6 00       		.byte	0
 1311 08a7 00       		.byte	0
ARM GAS  /tmp/cceRg5rP.s 			page 24


 1312 08a8 2A       		.uleb128 0x2a
 1313 08a9 47070000 		.4byte	0x747
 1314 08ad 00000000 		.4byte	.LFB221
 1315 08b1 2C000000 		.4byte	.LFE221-.LFB221
 1316 08b5 01       		.uleb128 0x1
 1317 08b6 9C       		.byte	0x9c
 1318 08b7 CC080000 		.4byte	0x8cc
 1319 08bb 25       		.uleb128 0x25
 1320 08bc 57070000 		.4byte	0x757
 1321 08c0 62000000 		.4byte	.LLST2
 1322 08c4 27       		.uleb128 0x27
 1323 08c5 62070000 		.4byte	0x762
 1324 08c9 01       		.uleb128 0x1
 1325 08ca 52       		.byte	0x52
 1326 08cb 00       		.byte	0
 1327 08cc 2B       		.uleb128 0x2b
 1328 08cd 5A030000 		.4byte	.LASF124
 1329 08d1 01       		.byte	0x1
 1330 08d2 9B       		.byte	0x9b
 1331 08d3 2C000000 		.4byte	0x2c
 1332 08d7 00000000 		.4byte	.LFB222
 1333 08db 14000000 		.4byte	.LFE222-.LFB222
 1334 08df 01       		.uleb128 0x1
 1335 08e0 9C       		.byte	0x9c
 1336 08e1 2C       		.uleb128 0x2c
 1337 08e2 7B050000 		.4byte	.LASF113
 1338 08e6 01       		.byte	0x1
 1339 08e7 3E       		.byte	0x3e
 1340 08e8 14070000 		.4byte	0x714
 1341 08ec 05       		.uleb128 0x5
 1342 08ed 03       		.byte	0x3
 1343 08ee 00000000 		.4byte	nextmem
 1344 08f2 2C       		.uleb128 0x2c
 1345 08f3 00000000 		.4byte	.LASF114
 1346 08f7 01       		.byte	0x1
 1347 08f8 3F       		.byte	0x3f
 1348 08f9 14070000 		.4byte	0x714
 1349 08fd 05       		.uleb128 0x5
 1350 08fe 03       		.byte	0x3
 1351 08ff 00000000 		.4byte	endmem
 1352 0903 2D       		.uleb128 0x2d
 1353 0904 A7000000 		.4byte	.LASF115
 1354 0908 0F       		.byte	0xf
 1355 0909 A706     		.2byte	0x6a7
 1356 090b CE000000 		.4byte	0xce
 1357 090f 2E       		.uleb128 0x2e
 1358 0910 636800   		.ascii	"ch\000"
 1359 0913 08       		.byte	0x8
 1360 0914 0902     		.2byte	0x209
 1361 0916 08040000 		.4byte	0x408
 1362 091a 1E       		.uleb128 0x1e
 1363 091b DB050000 		.4byte	.LASF111
 1364 091f 01       		.byte	0x1
 1365 0920 50       		.byte	0x50
 1366 0921 C8070000 		.4byte	0x7c8
 1367 0925 1E       		.uleb128 0x1e
 1368 0926 B2030000 		.4byte	.LASF112
ARM GAS  /tmp/cceRg5rP.s 			page 25


 1369 092a 01       		.byte	0x1
 1370 092b 51       		.byte	0x51
 1371 092c C8070000 		.4byte	0x7c8
 1372 0930 00       		.byte	0
 1373              		.section	.debug_abbrev,"",%progbits
 1374              	.Ldebug_abbrev0:
 1375 0000 01       		.uleb128 0x1
 1376 0001 11       		.uleb128 0x11
 1377 0002 01       		.byte	0x1
 1378 0003 25       		.uleb128 0x25
 1379 0004 0E       		.uleb128 0xe
 1380 0005 13       		.uleb128 0x13
 1381 0006 0B       		.uleb128 0xb
 1382 0007 03       		.uleb128 0x3
 1383 0008 0E       		.uleb128 0xe
 1384 0009 1B       		.uleb128 0x1b
 1385 000a 0E       		.uleb128 0xe
 1386 000b 55       		.uleb128 0x55
 1387 000c 17       		.uleb128 0x17
 1388 000d 11       		.uleb128 0x11
 1389 000e 01       		.uleb128 0x1
 1390 000f 10       		.uleb128 0x10
 1391 0010 17       		.uleb128 0x17
 1392 0011 00       		.byte	0
 1393 0012 00       		.byte	0
 1394 0013 02       		.uleb128 0x2
 1395 0014 24       		.uleb128 0x24
 1396 0015 00       		.byte	0
 1397 0016 0B       		.uleb128 0xb
 1398 0017 0B       		.uleb128 0xb
 1399 0018 3E       		.uleb128 0x3e
 1400 0019 0B       		.uleb128 0xb
 1401 001a 03       		.uleb128 0x3
 1402 001b 08       		.uleb128 0x8
 1403 001c 00       		.byte	0
 1404 001d 00       		.byte	0
 1405 001e 03       		.uleb128 0x3
 1406 001f 16       		.uleb128 0x16
 1407 0020 00       		.byte	0
 1408 0021 03       		.uleb128 0x3
 1409 0022 0E       		.uleb128 0xe
 1410 0023 3A       		.uleb128 0x3a
 1411 0024 0B       		.uleb128 0xb
 1412 0025 3B       		.uleb128 0x3b
 1413 0026 0B       		.uleb128 0xb
 1414 0027 49       		.uleb128 0x49
 1415 0028 13       		.uleb128 0x13
 1416 0029 00       		.byte	0
 1417 002a 00       		.byte	0
 1418 002b 04       		.uleb128 0x4
 1419 002c 24       		.uleb128 0x24
 1420 002d 00       		.byte	0
 1421 002e 0B       		.uleb128 0xb
 1422 002f 0B       		.uleb128 0xb
 1423 0030 3E       		.uleb128 0x3e
 1424 0031 0B       		.uleb128 0xb
 1425 0032 03       		.uleb128 0x3
ARM GAS  /tmp/cceRg5rP.s 			page 26


 1426 0033 0E       		.uleb128 0xe
 1427 0034 00       		.byte	0
 1428 0035 00       		.byte	0
 1429 0036 05       		.uleb128 0x5
 1430 0037 35       		.uleb128 0x35
 1431 0038 00       		.byte	0
 1432 0039 49       		.uleb128 0x49
 1433 003a 13       		.uleb128 0x13
 1434 003b 00       		.byte	0
 1435 003c 00       		.byte	0
 1436 003d 06       		.uleb128 0x6
 1437 003e 13       		.uleb128 0x13
 1438 003f 01       		.byte	0x1
 1439 0040 03       		.uleb128 0x3
 1440 0041 0E       		.uleb128 0xe
 1441 0042 0B       		.uleb128 0xb
 1442 0043 0B       		.uleb128 0xb
 1443 0044 3A       		.uleb128 0x3a
 1444 0045 0B       		.uleb128 0xb
 1445 0046 3B       		.uleb128 0x3b
 1446 0047 0B       		.uleb128 0xb
 1447 0048 01       		.uleb128 0x1
 1448 0049 13       		.uleb128 0x13
 1449 004a 00       		.byte	0
 1450 004b 00       		.byte	0
 1451 004c 07       		.uleb128 0x7
 1452 004d 0D       		.uleb128 0xd
 1453 004e 00       		.byte	0
 1454 004f 03       		.uleb128 0x3
 1455 0050 0E       		.uleb128 0xe
 1456 0051 3A       		.uleb128 0x3a
 1457 0052 0B       		.uleb128 0xb
 1458 0053 3B       		.uleb128 0x3b
 1459 0054 0B       		.uleb128 0xb
 1460 0055 49       		.uleb128 0x49
 1461 0056 13       		.uleb128 0x13
 1462 0057 38       		.uleb128 0x38
 1463 0058 0B       		.uleb128 0xb
 1464 0059 00       		.byte	0
 1465 005a 00       		.byte	0
 1466 005b 08       		.uleb128 0x8
 1467 005c 0D       		.uleb128 0xd
 1468 005d 00       		.byte	0
 1469 005e 03       		.uleb128 0x3
 1470 005f 08       		.uleb128 0x8
 1471 0060 3A       		.uleb128 0x3a
 1472 0061 0B       		.uleb128 0xb
 1473 0062 3B       		.uleb128 0x3b
 1474 0063 05       		.uleb128 0x5
 1475 0064 49       		.uleb128 0x49
 1476 0065 13       		.uleb128 0x13
 1477 0066 38       		.uleb128 0x38
 1478 0067 0B       		.uleb128 0xb
 1479 0068 00       		.byte	0
 1480 0069 00       		.byte	0
 1481 006a 09       		.uleb128 0x9
 1482 006b 0D       		.uleb128 0xd
ARM GAS  /tmp/cceRg5rP.s 			page 27


 1483 006c 00       		.byte	0
 1484 006d 03       		.uleb128 0x3
 1485 006e 0E       		.uleb128 0xe
 1486 006f 3A       		.uleb128 0x3a
 1487 0070 0B       		.uleb128 0xb
 1488 0071 3B       		.uleb128 0x3b
 1489 0072 05       		.uleb128 0x5
 1490 0073 49       		.uleb128 0x49
 1491 0074 13       		.uleb128 0x13
 1492 0075 38       		.uleb128 0x38
 1493 0076 0B       		.uleb128 0xb
 1494 0077 00       		.byte	0
 1495 0078 00       		.byte	0
 1496 0079 0A       		.uleb128 0xa
 1497 007a 0F       		.uleb128 0xf
 1498 007b 00       		.byte	0
 1499 007c 0B       		.uleb128 0xb
 1500 007d 0B       		.uleb128 0xb
 1501 007e 49       		.uleb128 0x49
 1502 007f 13       		.uleb128 0x13
 1503 0080 00       		.byte	0
 1504 0081 00       		.byte	0
 1505 0082 0B       		.uleb128 0xb
 1506 0083 13       		.uleb128 0x13
 1507 0084 01       		.byte	0x1
 1508 0085 03       		.uleb128 0x3
 1509 0086 0E       		.uleb128 0xe
 1510 0087 0B       		.uleb128 0xb
 1511 0088 0B       		.uleb128 0xb
 1512 0089 3A       		.uleb128 0x3a
 1513 008a 0B       		.uleb128 0xb
 1514 008b 3B       		.uleb128 0x3b
 1515 008c 05       		.uleb128 0x5
 1516 008d 01       		.uleb128 0x1
 1517 008e 13       		.uleb128 0x13
 1518 008f 00       		.byte	0
 1519 0090 00       		.byte	0
 1520 0091 0C       		.uleb128 0xc
 1521 0092 15       		.uleb128 0x15
 1522 0093 01       		.byte	0x1
 1523 0094 27       		.uleb128 0x27
 1524 0095 19       		.uleb128 0x19
 1525 0096 01       		.uleb128 0x1
 1526 0097 13       		.uleb128 0x13
 1527 0098 00       		.byte	0
 1528 0099 00       		.byte	0
 1529 009a 0D       		.uleb128 0xd
 1530 009b 05       		.uleb128 0x5
 1531 009c 00       		.byte	0
 1532 009d 49       		.uleb128 0x49
 1533 009e 13       		.uleb128 0x13
 1534 009f 00       		.byte	0
 1535 00a0 00       		.byte	0
 1536 00a1 0E       		.uleb128 0xe
 1537 00a2 0F       		.uleb128 0xf
 1538 00a3 00       		.byte	0
 1539 00a4 0B       		.uleb128 0xb
ARM GAS  /tmp/cceRg5rP.s 			page 28


 1540 00a5 0B       		.uleb128 0xb
 1541 00a6 00       		.byte	0
 1542 00a7 00       		.byte	0
 1543 00a8 0F       		.uleb128 0xf
 1544 00a9 13       		.uleb128 0x13
 1545 00aa 01       		.byte	0x1
 1546 00ab 03       		.uleb128 0x3
 1547 00ac 0E       		.uleb128 0xe
 1548 00ad 0B       		.uleb128 0xb
 1549 00ae 05       		.uleb128 0x5
 1550 00af 3A       		.uleb128 0x3a
 1551 00b0 0B       		.uleb128 0xb
 1552 00b1 3B       		.uleb128 0x3b
 1553 00b2 05       		.uleb128 0x5
 1554 00b3 01       		.uleb128 0x1
 1555 00b4 13       		.uleb128 0x13
 1556 00b5 00       		.byte	0
 1557 00b6 00       		.byte	0
 1558 00b7 10       		.uleb128 0x10
 1559 00b8 0D       		.uleb128 0xd
 1560 00b9 00       		.byte	0
 1561 00ba 03       		.uleb128 0x3
 1562 00bb 08       		.uleb128 0x8
 1563 00bc 3A       		.uleb128 0x3a
 1564 00bd 0B       		.uleb128 0xb
 1565 00be 3B       		.uleb128 0x3b
 1566 00bf 0B       		.uleb128 0xb
 1567 00c0 49       		.uleb128 0x49
 1568 00c1 13       		.uleb128 0x13
 1569 00c2 38       		.uleb128 0x38
 1570 00c3 0B       		.uleb128 0xb
 1571 00c4 00       		.byte	0
 1572 00c5 00       		.byte	0
 1573 00c6 11       		.uleb128 0x11
 1574 00c7 13       		.uleb128 0x13
 1575 00c8 01       		.byte	0x1
 1576 00c9 0B       		.uleb128 0xb
 1577 00ca 0B       		.uleb128 0xb
 1578 00cb 3A       		.uleb128 0x3a
 1579 00cc 0B       		.uleb128 0xb
 1580 00cd 3B       		.uleb128 0x3b
 1581 00ce 0B       		.uleb128 0xb
 1582 00cf 01       		.uleb128 0x1
 1583 00d0 13       		.uleb128 0x13
 1584 00d1 00       		.byte	0
 1585 00d2 00       		.byte	0
 1586 00d3 12       		.uleb128 0x12
 1587 00d4 17       		.uleb128 0x17
 1588 00d5 01       		.byte	0x1
 1589 00d6 0B       		.uleb128 0xb
 1590 00d7 0B       		.uleb128 0xb
 1591 00d8 3A       		.uleb128 0x3a
 1592 00d9 0B       		.uleb128 0xb
 1593 00da 3B       		.uleb128 0x3b
 1594 00db 0B       		.uleb128 0xb
 1595 00dc 01       		.uleb128 0x1
 1596 00dd 13       		.uleb128 0x13
ARM GAS  /tmp/cceRg5rP.s 			page 29


 1597 00de 00       		.byte	0
 1598 00df 00       		.byte	0
 1599 00e0 13       		.uleb128 0x13
 1600 00e1 0D       		.uleb128 0xd
 1601 00e2 00       		.byte	0
 1602 00e3 03       		.uleb128 0x3
 1603 00e4 0E       		.uleb128 0xe
 1604 00e5 3A       		.uleb128 0x3a
 1605 00e6 0B       		.uleb128 0xb
 1606 00e7 3B       		.uleb128 0x3b
 1607 00e8 05       		.uleb128 0x5
 1608 00e9 49       		.uleb128 0x49
 1609 00ea 13       		.uleb128 0x13
 1610 00eb 00       		.byte	0
 1611 00ec 00       		.byte	0
 1612 00ed 14       		.uleb128 0x14
 1613 00ee 26       		.uleb128 0x26
 1614 00ef 00       		.byte	0
 1615 00f0 49       		.uleb128 0x49
 1616 00f1 13       		.uleb128 0x13
 1617 00f2 00       		.byte	0
 1618 00f3 00       		.byte	0
 1619 00f4 15       		.uleb128 0x15
 1620 00f5 01       		.uleb128 0x1
 1621 00f6 01       		.byte	0x1
 1622 00f7 49       		.uleb128 0x49
 1623 00f8 13       		.uleb128 0x13
 1624 00f9 01       		.uleb128 0x1
 1625 00fa 13       		.uleb128 0x13
 1626 00fb 00       		.byte	0
 1627 00fc 00       		.byte	0
 1628 00fd 16       		.uleb128 0x16
 1629 00fe 21       		.uleb128 0x21
 1630 00ff 00       		.byte	0
 1631 0100 49       		.uleb128 0x49
 1632 0101 13       		.uleb128 0x13
 1633 0102 2F       		.uleb128 0x2f
 1634 0103 0B       		.uleb128 0xb
 1635 0104 00       		.byte	0
 1636 0105 00       		.byte	0
 1637 0106 17       		.uleb128 0x17
 1638 0107 2E       		.uleb128 0x2e
 1639 0108 00       		.byte	0
 1640 0109 03       		.uleb128 0x3
 1641 010a 0E       		.uleb128 0xe
 1642 010b 3A       		.uleb128 0x3a
 1643 010c 0B       		.uleb128 0xb
 1644 010d 3B       		.uleb128 0x3b
 1645 010e 05       		.uleb128 0x5
 1646 010f 27       		.uleb128 0x27
 1647 0110 19       		.uleb128 0x19
 1648 0111 20       		.uleb128 0x20
 1649 0112 0B       		.uleb128 0xb
 1650 0113 00       		.byte	0
 1651 0114 00       		.byte	0
 1652 0115 18       		.uleb128 0x18
 1653 0116 2E       		.uleb128 0x2e
ARM GAS  /tmp/cceRg5rP.s 			page 30


 1654 0117 01       		.byte	0x1
 1655 0118 3F       		.uleb128 0x3f
 1656 0119 19       		.uleb128 0x19
 1657 011a 03       		.uleb128 0x3
 1658 011b 0E       		.uleb128 0xe
 1659 011c 3A       		.uleb128 0x3a
 1660 011d 0B       		.uleb128 0xb
 1661 011e 3B       		.uleb128 0x3b
 1662 011f 0B       		.uleb128 0xb
 1663 0120 27       		.uleb128 0x27
 1664 0121 19       		.uleb128 0x19
 1665 0122 49       		.uleb128 0x49
 1666 0123 13       		.uleb128 0x13
 1667 0124 20       		.uleb128 0x20
 1668 0125 0B       		.uleb128 0xb
 1669 0126 01       		.uleb128 0x1
 1670 0127 13       		.uleb128 0x13
 1671 0128 00       		.byte	0
 1672 0129 00       		.byte	0
 1673 012a 19       		.uleb128 0x19
 1674 012b 05       		.uleb128 0x5
 1675 012c 00       		.byte	0
 1676 012d 03       		.uleb128 0x3
 1677 012e 0E       		.uleb128 0xe
 1678 012f 3A       		.uleb128 0x3a
 1679 0130 0B       		.uleb128 0xb
 1680 0131 3B       		.uleb128 0x3b
 1681 0132 0B       		.uleb128 0xb
 1682 0133 49       		.uleb128 0x49
 1683 0134 13       		.uleb128 0x13
 1684 0135 00       		.byte	0
 1685 0136 00       		.byte	0
 1686 0137 1A       		.uleb128 0x1a
 1687 0138 34       		.uleb128 0x34
 1688 0139 00       		.byte	0
 1689 013a 03       		.uleb128 0x3
 1690 013b 08       		.uleb128 0x8
 1691 013c 3A       		.uleb128 0x3a
 1692 013d 0B       		.uleb128 0xb
 1693 013e 3B       		.uleb128 0x3b
 1694 013f 0B       		.uleb128 0xb
 1695 0140 49       		.uleb128 0x49
 1696 0141 13       		.uleb128 0x13
 1697 0142 00       		.byte	0
 1698 0143 00       		.byte	0
 1699 0144 1B       		.uleb128 0x1b
 1700 0145 2E       		.uleb128 0x2e
 1701 0146 01       		.byte	0x1
 1702 0147 03       		.uleb128 0x3
 1703 0148 0E       		.uleb128 0xe
 1704 0149 3A       		.uleb128 0x3a
 1705 014a 0B       		.uleb128 0xb
 1706 014b 3B       		.uleb128 0x3b
 1707 014c 05       		.uleb128 0x5
 1708 014d 27       		.uleb128 0x27
 1709 014e 19       		.uleb128 0x19
 1710 014f 20       		.uleb128 0x20
ARM GAS  /tmp/cceRg5rP.s 			page 31


 1711 0150 0B       		.uleb128 0xb
 1712 0151 01       		.uleb128 0x1
 1713 0152 13       		.uleb128 0x13
 1714 0153 00       		.byte	0
 1715 0154 00       		.byte	0
 1716 0155 1C       		.uleb128 0x1c
 1717 0156 34       		.uleb128 0x34
 1718 0157 00       		.byte	0
 1719 0158 03       		.uleb128 0x3
 1720 0159 0E       		.uleb128 0xe
 1721 015a 49       		.uleb128 0x49
 1722 015b 13       		.uleb128 0x13
 1723 015c 34       		.uleb128 0x34
 1724 015d 19       		.uleb128 0x19
 1725 015e 1C       		.uleb128 0x1c
 1726 015f 0E       		.uleb128 0xe
 1727 0160 00       		.byte	0
 1728 0161 00       		.byte	0
 1729 0162 1D       		.uleb128 0x1d
 1730 0163 2E       		.uleb128 0x2e
 1731 0164 01       		.byte	0x1
 1732 0165 3F       		.uleb128 0x3f
 1733 0166 19       		.uleb128 0x19
 1734 0167 03       		.uleb128 0x3
 1735 0168 0E       		.uleb128 0xe
 1736 0169 3A       		.uleb128 0x3a
 1737 016a 0B       		.uleb128 0xb
 1738 016b 3B       		.uleb128 0x3b
 1739 016c 0B       		.uleb128 0xb
 1740 016d 27       		.uleb128 0x27
 1741 016e 19       		.uleb128 0x19
 1742 016f 11       		.uleb128 0x11
 1743 0170 01       		.uleb128 0x1
 1744 0171 12       		.uleb128 0x12
 1745 0172 06       		.uleb128 0x6
 1746 0173 40       		.uleb128 0x40
 1747 0174 18       		.uleb128 0x18
 1748 0175 9742     		.uleb128 0x2117
 1749 0177 19       		.uleb128 0x19
 1750 0178 01       		.uleb128 0x1
 1751 0179 13       		.uleb128 0x13
 1752 017a 00       		.byte	0
 1753 017b 00       		.byte	0
 1754 017c 1E       		.uleb128 0x1e
 1755 017d 34       		.uleb128 0x34
 1756 017e 00       		.byte	0
 1757 017f 03       		.uleb128 0x3
 1758 0180 0E       		.uleb128 0xe
 1759 0181 3A       		.uleb128 0x3a
 1760 0182 0B       		.uleb128 0xb
 1761 0183 3B       		.uleb128 0x3b
 1762 0184 0B       		.uleb128 0xb
 1763 0185 49       		.uleb128 0x49
 1764 0186 13       		.uleb128 0x13
 1765 0187 3F       		.uleb128 0x3f
 1766 0188 19       		.uleb128 0x19
 1767 0189 3C       		.uleb128 0x3c
ARM GAS  /tmp/cceRg5rP.s 			page 32


 1768 018a 19       		.uleb128 0x19
 1769 018b 00       		.byte	0
 1770 018c 00       		.byte	0
 1771 018d 1F       		.uleb128 0x1f
 1772 018e 21       		.uleb128 0x21
 1773 018f 00       		.byte	0
 1774 0190 00       		.byte	0
 1775 0191 00       		.byte	0
 1776 0192 20       		.uleb128 0x20
 1777 0193 2E       		.uleb128 0x2e
 1778 0194 01       		.byte	0x1
 1779 0195 3F       		.uleb128 0x3f
 1780 0196 19       		.uleb128 0x19
 1781 0197 03       		.uleb128 0x3
 1782 0198 0E       		.uleb128 0xe
 1783 0199 3A       		.uleb128 0x3a
 1784 019a 0B       		.uleb128 0xb
 1785 019b 3B       		.uleb128 0x3b
 1786 019c 0B       		.uleb128 0xb
 1787 019d 27       		.uleb128 0x27
 1788 019e 19       		.uleb128 0x19
 1789 019f 49       		.uleb128 0x49
 1790 01a0 13       		.uleb128 0x13
 1791 01a1 11       		.uleb128 0x11
 1792 01a2 01       		.uleb128 0x1
 1793 01a3 12       		.uleb128 0x12
 1794 01a4 06       		.uleb128 0x6
 1795 01a5 40       		.uleb128 0x40
 1796 01a6 18       		.uleb128 0x18
 1797 01a7 9742     		.uleb128 0x2117
 1798 01a9 19       		.uleb128 0x19
 1799 01aa 01       		.uleb128 0x1
 1800 01ab 13       		.uleb128 0x13
 1801 01ac 00       		.byte	0
 1802 01ad 00       		.byte	0
 1803 01ae 21       		.uleb128 0x21
 1804 01af 05       		.uleb128 0x5
 1805 01b0 00       		.byte	0
 1806 01b1 03       		.uleb128 0x3
 1807 01b2 0E       		.uleb128 0xe
 1808 01b3 3A       		.uleb128 0x3a
 1809 01b4 0B       		.uleb128 0xb
 1810 01b5 3B       		.uleb128 0x3b
 1811 01b6 0B       		.uleb128 0xb
 1812 01b7 49       		.uleb128 0x49
 1813 01b8 13       		.uleb128 0x13
 1814 01b9 02       		.uleb128 0x2
 1815 01ba 17       		.uleb128 0x17
 1816 01bb 00       		.byte	0
 1817 01bc 00       		.byte	0
 1818 01bd 22       		.uleb128 0x22
 1819 01be 1D       		.uleb128 0x1d
 1820 01bf 01       		.byte	0x1
 1821 01c0 31       		.uleb128 0x31
 1822 01c1 13       		.uleb128 0x13
 1823 01c2 11       		.uleb128 0x11
 1824 01c3 01       		.uleb128 0x1
ARM GAS  /tmp/cceRg5rP.s 			page 33


 1825 01c4 12       		.uleb128 0x12
 1826 01c5 06       		.uleb128 0x6
 1827 01c6 58       		.uleb128 0x58
 1828 01c7 0B       		.uleb128 0xb
 1829 01c8 59       		.uleb128 0x59
 1830 01c9 0B       		.uleb128 0xb
 1831 01ca 01       		.uleb128 0x1
 1832 01cb 13       		.uleb128 0x13
 1833 01cc 00       		.byte	0
 1834 01cd 00       		.byte	0
 1835 01ce 23       		.uleb128 0x23
 1836 01cf 1D       		.uleb128 0x1d
 1837 01d0 01       		.byte	0x1
 1838 01d1 31       		.uleb128 0x31
 1839 01d2 13       		.uleb128 0x13
 1840 01d3 11       		.uleb128 0x11
 1841 01d4 01       		.uleb128 0x1
 1842 01d5 12       		.uleb128 0x12
 1843 01d6 06       		.uleb128 0x6
 1844 01d7 58       		.uleb128 0x58
 1845 01d8 0B       		.uleb128 0xb
 1846 01d9 59       		.uleb128 0x59
 1847 01da 05       		.uleb128 0x5
 1848 01db 00       		.byte	0
 1849 01dc 00       		.byte	0
 1850 01dd 24       		.uleb128 0x24
 1851 01de 1D       		.uleb128 0x1d
 1852 01df 00       		.byte	0
 1853 01e0 31       		.uleb128 0x31
 1854 01e1 13       		.uleb128 0x13
 1855 01e2 11       		.uleb128 0x11
 1856 01e3 01       		.uleb128 0x1
 1857 01e4 12       		.uleb128 0x12
 1858 01e5 06       		.uleb128 0x6
 1859 01e6 58       		.uleb128 0x58
 1860 01e7 0B       		.uleb128 0xb
 1861 01e8 59       		.uleb128 0x59
 1862 01e9 05       		.uleb128 0x5
 1863 01ea 00       		.byte	0
 1864 01eb 00       		.byte	0
 1865 01ec 25       		.uleb128 0x25
 1866 01ed 05       		.uleb128 0x5
 1867 01ee 00       		.byte	0
 1868 01ef 31       		.uleb128 0x31
 1869 01f0 13       		.uleb128 0x13
 1870 01f1 02       		.uleb128 0x2
 1871 01f2 17       		.uleb128 0x17
 1872 01f3 00       		.byte	0
 1873 01f4 00       		.byte	0
 1874 01f5 26       		.uleb128 0x26
 1875 01f6 0B       		.uleb128 0xb
 1876 01f7 01       		.byte	0x1
 1877 01f8 11       		.uleb128 0x11
 1878 01f9 01       		.uleb128 0x1
 1879 01fa 12       		.uleb128 0x12
 1880 01fb 06       		.uleb128 0x6
 1881 01fc 00       		.byte	0
ARM GAS  /tmp/cceRg5rP.s 			page 34


 1882 01fd 00       		.byte	0
 1883 01fe 27       		.uleb128 0x27
 1884 01ff 34       		.uleb128 0x34
 1885 0200 00       		.byte	0
 1886 0201 31       		.uleb128 0x31
 1887 0202 13       		.uleb128 0x13
 1888 0203 02       		.uleb128 0x2
 1889 0204 18       		.uleb128 0x18
 1890 0205 00       		.byte	0
 1891 0206 00       		.byte	0
 1892 0207 28       		.uleb128 0x28
 1893 0208 1D       		.uleb128 0x1d
 1894 0209 01       		.byte	0x1
 1895 020a 31       		.uleb128 0x31
 1896 020b 13       		.uleb128 0x13
 1897 020c 11       		.uleb128 0x11
 1898 020d 01       		.uleb128 0x1
 1899 020e 12       		.uleb128 0x12
 1900 020f 06       		.uleb128 0x6
 1901 0210 58       		.uleb128 0x58
 1902 0211 0B       		.uleb128 0xb
 1903 0212 59       		.uleb128 0x59
 1904 0213 0B       		.uleb128 0xb
 1905 0214 00       		.byte	0
 1906 0215 00       		.byte	0
 1907 0216 29       		.uleb128 0x29
 1908 0217 34       		.uleb128 0x34
 1909 0218 00       		.byte	0
 1910 0219 31       		.uleb128 0x31
 1911 021a 13       		.uleb128 0x13
 1912 021b 00       		.byte	0
 1913 021c 00       		.byte	0
 1914 021d 2A       		.uleb128 0x2a
 1915 021e 2E       		.uleb128 0x2e
 1916 021f 01       		.byte	0x1
 1917 0220 31       		.uleb128 0x31
 1918 0221 13       		.uleb128 0x13
 1919 0222 11       		.uleb128 0x11
 1920 0223 01       		.uleb128 0x1
 1921 0224 12       		.uleb128 0x12
 1922 0225 06       		.uleb128 0x6
 1923 0226 40       		.uleb128 0x40
 1924 0227 18       		.uleb128 0x18
 1925 0228 9742     		.uleb128 0x2117
 1926 022a 19       		.uleb128 0x19
 1927 022b 01       		.uleb128 0x1
 1928 022c 13       		.uleb128 0x13
 1929 022d 00       		.byte	0
 1930 022e 00       		.byte	0
 1931 022f 2B       		.uleb128 0x2b
 1932 0230 2E       		.uleb128 0x2e
 1933 0231 00       		.byte	0
 1934 0232 3F       		.uleb128 0x3f
 1935 0233 19       		.uleb128 0x19
 1936 0234 03       		.uleb128 0x3
 1937 0235 0E       		.uleb128 0xe
 1938 0236 3A       		.uleb128 0x3a
ARM GAS  /tmp/cceRg5rP.s 			page 35


 1939 0237 0B       		.uleb128 0xb
 1940 0238 3B       		.uleb128 0x3b
 1941 0239 0B       		.uleb128 0xb
 1942 023a 27       		.uleb128 0x27
 1943 023b 19       		.uleb128 0x19
 1944 023c 49       		.uleb128 0x49
 1945 023d 13       		.uleb128 0x13
 1946 023e 11       		.uleb128 0x11
 1947 023f 01       		.uleb128 0x1
 1948 0240 12       		.uleb128 0x12
 1949 0241 06       		.uleb128 0x6
 1950 0242 40       		.uleb128 0x40
 1951 0243 18       		.uleb128 0x18
 1952 0244 9742     		.uleb128 0x2117
 1953 0246 19       		.uleb128 0x19
 1954 0247 00       		.byte	0
 1955 0248 00       		.byte	0
 1956 0249 2C       		.uleb128 0x2c
 1957 024a 34       		.uleb128 0x34
 1958 024b 00       		.byte	0
 1959 024c 03       		.uleb128 0x3
 1960 024d 0E       		.uleb128 0xe
 1961 024e 3A       		.uleb128 0x3a
 1962 024f 0B       		.uleb128 0xb
 1963 0250 3B       		.uleb128 0x3b
 1964 0251 0B       		.uleb128 0xb
 1965 0252 49       		.uleb128 0x49
 1966 0253 13       		.uleb128 0x13
 1967 0254 02       		.uleb128 0x2
 1968 0255 18       		.uleb128 0x18
 1969 0256 00       		.byte	0
 1970 0257 00       		.byte	0
 1971 0258 2D       		.uleb128 0x2d
 1972 0259 34       		.uleb128 0x34
 1973 025a 00       		.byte	0
 1974 025b 03       		.uleb128 0x3
 1975 025c 0E       		.uleb128 0xe
 1976 025d 3A       		.uleb128 0x3a
 1977 025e 0B       		.uleb128 0xb
 1978 025f 3B       		.uleb128 0x3b
 1979 0260 05       		.uleb128 0x5
 1980 0261 49       		.uleb128 0x49
 1981 0262 13       		.uleb128 0x13
 1982 0263 3F       		.uleb128 0x3f
 1983 0264 19       		.uleb128 0x19
 1984 0265 3C       		.uleb128 0x3c
 1985 0266 19       		.uleb128 0x19
 1986 0267 00       		.byte	0
 1987 0268 00       		.byte	0
 1988 0269 2E       		.uleb128 0x2e
 1989 026a 34       		.uleb128 0x34
 1990 026b 00       		.byte	0
 1991 026c 03       		.uleb128 0x3
 1992 026d 08       		.uleb128 0x8
 1993 026e 3A       		.uleb128 0x3a
 1994 026f 0B       		.uleb128 0xb
 1995 0270 3B       		.uleb128 0x3b
ARM GAS  /tmp/cceRg5rP.s 			page 36


 1996 0271 05       		.uleb128 0x5
 1997 0272 49       		.uleb128 0x49
 1998 0273 13       		.uleb128 0x13
 1999 0274 3F       		.uleb128 0x3f
 2000 0275 19       		.uleb128 0x19
 2001 0276 3C       		.uleb128 0x3c
 2002 0277 19       		.uleb128 0x19
 2003 0278 00       		.byte	0
 2004 0279 00       		.byte	0
 2005 027a 00       		.byte	0
 2006              		.section	.debug_loc,"",%progbits
 2007              	.Ldebug_loc0:
 2008              	.LLST0:
 2009 0000 00000000 		.4byte	.LVL0
 2010 0004 1E000000 		.4byte	.LVL5
 2011 0008 0100     		.2byte	0x1
 2012 000a 50       		.byte	0x50
 2013 000b 1E000000 		.4byte	.LVL5
 2014 000f 30000000 		.4byte	.LFE220
 2015 0013 0400     		.2byte	0x4
 2016 0015 F3       		.byte	0xf3
 2017 0016 01       		.uleb128 0x1
 2018 0017 50       		.byte	0x50
 2019 0018 9F       		.byte	0x9f
 2020 0019 00000000 		.4byte	0
 2021 001d 00000000 		.4byte	0
 2022              	.LLST1:
 2023 0021 04000000 		.4byte	.LVL1
 2024 0025 12000000 		.4byte	.LVL2
 2025 0029 0100     		.2byte	0x1
 2026 002b 50       		.byte	0x50
 2027 002c 12000000 		.4byte	.LVL2
 2028 0030 1A000000 		.4byte	.LVL4
 2029 0034 0100     		.2byte	0x1
 2030 0036 53       		.byte	0x53
 2031 0037 1A000000 		.4byte	.LVL4
 2032 003b 1E000000 		.4byte	.LVL5
 2033 003f 0600     		.2byte	0x6
 2034 0041 70       		.byte	0x70
 2035 0042 07       		.sleb128 7
 2036 0043 09       		.byte	0x9
 2037 0044 F8       		.byte	0xf8
 2038 0045 1A       		.byte	0x1a
 2039 0046 9F       		.byte	0x9f
 2040 0047 1E000000 		.4byte	.LVL5
 2041 004b 30000000 		.4byte	.LFE220
 2042 004f 0900     		.2byte	0x9
 2043 0051 F3       		.byte	0xf3
 2044 0052 01       		.uleb128 0x1
 2045 0053 50       		.byte	0x50
 2046 0054 23       		.byte	0x23
 2047 0055 07       		.uleb128 0x7
 2048 0056 09       		.byte	0x9
 2049 0057 F8       		.byte	0xf8
 2050 0058 1A       		.byte	0x1a
 2051 0059 9F       		.byte	0x9f
 2052 005a 00000000 		.4byte	0
ARM GAS  /tmp/cceRg5rP.s 			page 37


 2053 005e 00000000 		.4byte	0
 2054              	.LLST2:
 2055 0062 00000000 		.4byte	.LVL6
 2056 0066 0C000000 		.4byte	.LVL7
 2057 006a 0100     		.2byte	0x1
 2058 006c 50       		.byte	0x50
 2059 006d 0C000000 		.4byte	.LVL7
 2060 0071 10000000 		.4byte	.LVL8
 2061 0075 0300     		.2byte	0x3
 2062 0077 70       		.byte	0x70
 2063 0078 79       		.sleb128 -7
 2064 0079 9F       		.byte	0x9f
 2065 007a 10000000 		.4byte	.LVL8
 2066 007e 18000000 		.4byte	.LVL10
 2067 0082 0100     		.2byte	0x1
 2068 0084 53       		.byte	0x53
 2069 0085 18000000 		.4byte	.LVL10
 2070 0089 1C000000 		.4byte	.LVL11
 2071 008d 0600     		.2byte	0x6
 2072 008f 70       		.byte	0x70
 2073 0090 00       		.sleb128 0
 2074 0091 09       		.byte	0x9
 2075 0092 F8       		.byte	0xf8
 2076 0093 1A       		.byte	0x1a
 2077 0094 9F       		.byte	0x9f
 2078 0095 1C000000 		.4byte	.LVL11
 2079 0099 2C000000 		.4byte	.LFE221
 2080 009d 0900     		.2byte	0x9
 2081 009f F3       		.byte	0xf3
 2082 00a0 01       		.uleb128 0x1
 2083 00a1 50       		.byte	0x50
 2084 00a2 23       		.byte	0x23
 2085 00a3 07       		.uleb128 0x7
 2086 00a4 09       		.byte	0x9
 2087 00a5 F8       		.byte	0xf8
 2088 00a6 1A       		.byte	0x1a
 2089 00a7 9F       		.byte	0x9f
 2090 00a8 00000000 		.4byte	0
 2091 00ac 00000000 		.4byte	0
 2092              		.section	.debug_aranges,"",%progbits
 2093 0000 34000000 		.4byte	0x34
 2094 0004 0200     		.2byte	0x2
 2095 0006 00000000 		.4byte	.Ldebug_info0
 2096 000a 04       		.byte	0x4
 2097 000b 00       		.byte	0
 2098 000c 0000     		.2byte	0
 2099 000e 0000     		.2byte	0
 2100 0010 00000000 		.4byte	.LFB219
 2101 0014 28000000 		.4byte	.LFE219-.LFB219
 2102 0018 00000000 		.4byte	.LFB220
 2103 001c 30000000 		.4byte	.LFE220-.LFB220
 2104 0020 00000000 		.4byte	.LFB221
 2105 0024 2C000000 		.4byte	.LFE221-.LFB221
 2106 0028 00000000 		.4byte	.LFB222
 2107 002c 14000000 		.4byte	.LFE222-.LFB222
 2108 0030 00000000 		.4byte	0
 2109 0034 00000000 		.4byte	0
ARM GAS  /tmp/cceRg5rP.s 			page 38


 2110              		.section	.debug_ranges,"",%progbits
 2111              	.Ldebug_ranges0:
 2112 0000 00000000 		.4byte	.LFB219
 2113 0004 28000000 		.4byte	.LFE219
 2114 0008 00000000 		.4byte	.LFB220
 2115 000c 30000000 		.4byte	.LFE220
 2116 0010 00000000 		.4byte	.LFB221
 2117 0014 2C000000 		.4byte	.LFE221
 2118 0018 00000000 		.4byte	.LFB222
 2119 001c 14000000 		.4byte	.LFE222
 2120 0020 00000000 		.4byte	0
 2121 0024 00000000 		.4byte	0
 2122              		.section	.debug_line,"",%progbits
 2123              	.Ldebug_line0:
 2124 0000 64020000 		.section	.debug_str,"MS",%progbits,1
 2124      0200F001 
 2124      00000201 
 2124      FB0E0D00 
 2124      01010101 
 2125              	.LASF114:
 2126 0000 656E646D 		.ascii	"endmem\000"
 2126      656D00
 2127              	.LASF54:
 2128 0007 72656164 		.ascii	"ready_list_t\000"
 2128      795F6C69 
 2128      73745F74 
 2128      00
 2129              	.LASF2:
 2130 0014 73697A65 		.ascii	"size_t\000"
 2130      5F7400
 2131              	.LASF89:
 2132 001b 7264796D 		.ascii	"rdymsg\000"
 2132      736700
 2133              	.LASF17:
 2134 0022 75696E74 		.ascii	"uint64_t\000"
 2134      36345F74 
 2134      00
 2135              	.LASF123:
 2136 002b 6368436F 		.ascii	"chCoreAlloc\000"
 2136      7265416C 
 2136      6C6F6300 
 2137              	.LASF3:
 2138 0037 5F5F7569 		.ascii	"__uint8_t\000"
 2138      6E74385F 
 2138      7400
 2139              	.LASF86:
 2140 0041 706F7274 		.ascii	"port_intctx\000"
 2140      5F696E74 
 2140      63747800 
 2141              	.LASF73:
 2142 004d 73797374 		.ascii	"system_debug_t\000"
 2142      656D5F64 
 2142      65627567 
 2142      5F7400
 2143              	.LASF107:
 2144 005c 706F7274 		.ascii	"port_lock\000"
 2144      5F6C6F63 
ARM GAS  /tmp/cceRg5rP.s 			page 39


 2144      6B00
 2145              	.LASF13:
 2146 0066 6C6F6E67 		.ascii	"long long unsigned int\000"
 2146      206C6F6E 
 2146      6720756E 
 2146      7369676E 
 2146      65642069 
 2147              	.LASF90:
 2148 007d 65786974 		.ascii	"exitcode\000"
 2148      636F6465 
 2148      00
 2149              	.LASF80:
 2150 0086 6D61696E 		.ascii	"mainthread\000"
 2150      74687265 
 2150      616400
 2151              	.LASF70:
 2152 0091 76697274 		.ascii	"virtual_timers_list_t\000"
 2152      75616C5F 
 2152      74696D65 
 2152      72735F6C 
 2152      6973745F 
 2153              	.LASF115:
 2154 00a7 49544D5F 		.ascii	"ITM_RxBuffer\000"
 2154      52784275 
 2154      66666572 
 2154      00
 2155              	.LASF53:
 2156 00b4 63685F74 		.ascii	"ch_threads_queue\000"
 2156      68726561 
 2156      64735F71 
 2156      75657565 
 2156      00
 2157              	.LASF31:
 2158 00c5 705F7072 		.ascii	"p_prio\000"
 2158      696F00
 2159              	.LASF21:
 2160 00cc 74726566 		.ascii	"trefs_t\000"
 2160      735F7400 
 2161              	.LASF11:
 2162 00d4 6C6F6E67 		.ascii	"long long int\000"
 2162      206C6F6E 
 2162      6720696E 
 2162      7400
 2163              	.LASF1:
 2164 00e2 7369676E 		.ascii	"signed char\000"
 2164      65642063 
 2164      68617200 
 2165              	.LASF47:
 2166 00ee 705F6D70 		.ascii	"p_mpool\000"
 2166      6F6F6C00 
 2167              	.LASF100:
 2168 00f6 6D5F7175 		.ascii	"m_queue\000"
 2168      65756500 
 2169              	.LASF79:
 2170 00fe 76746C69 		.ascii	"vtlist\000"
 2170      737400
 2171              	.LASF108:
ARM GAS  /tmp/cceRg5rP.s 			page 40


 2172 0105 706F7274 		.ascii	"port_unlock\000"
 2172      5F756E6C 
 2172      6F636B00 
 2173              	.LASF22:
 2174 0111 74736C69 		.ascii	"tslices_t\000"
 2174      6365735F 
 2174      7400
 2175              	.LASF92:
 2176 011b 77747472 		.ascii	"wttrp\000"
 2176      7000
 2177              	.LASF77:
 2178 0121 63685F73 		.ascii	"ch_system\000"
 2178      79737465 
 2178      6D00
 2179              	.LASF8:
 2180 012b 6C6F6E67 		.ascii	"long int\000"
 2180      20696E74 
 2180      00
 2181              	.LASF20:
 2182 0134 74737461 		.ascii	"tstate_t\000"
 2182      74655F74 
 2182      00
 2183              	.LASF33:
 2184 013d 705F6E65 		.ascii	"p_newer\000"
 2184      77657200 
 2185              	.LASF97:
 2186 0145 735F7175 		.ascii	"s_queue\000"
 2186      65756500 
 2187              	.LASF119:
 2188 014d 6368436F 		.ascii	"chCoreAllocI\000"
 2188      7265416C 
 2188      6C6F6349 
 2188      00
 2189              	.LASF59:
 2190 015a 725F6E65 		.ascii	"r_newer\000"
 2190      77657200 
 2191              	.LASF83:
 2192 0162 72656761 		.ascii	"regarm_t\000"
 2192      726D5F74 
 2192      00
 2193              	.LASF66:
 2194 016b 76745F70 		.ascii	"vt_prev\000"
 2194      72657600 
 2195              	.LASF74:
 2196 0173 63685F73 		.ascii	"ch_system_debug\000"
 2196      79737465 
 2196      6D5F6465 
 2196      62756700 
 2197              	.LASF104:
 2198 0183 6D757465 		.ascii	"mutex_t\000"
 2198      785F7400 
 2199              	.LASF81:
 2200 018b 69646C65 		.ascii	"idle_thread_wa\000"
 2200      5F746872 
 2200      6561645F 
 2200      776100
 2201              	.LASF26:
ARM GAS  /tmp/cceRg5rP.s 			page 41


 2202 019a 636E745F 		.ascii	"cnt_t\000"
 2202      7400
 2203              	.LASF0:
 2204 01a0 756E7369 		.ascii	"unsigned int\000"
 2204      676E6564 
 2204      20696E74 
 2204      00
 2205              	.LASF65:
 2206 01ad 76745F6E 		.ascii	"vt_next\000"
 2206      65787400 
 2207              	.LASF40:
 2208 01b5 705F7469 		.ascii	"p_time\000"
 2208      6D6500
 2209              	.LASF93:
 2210 01bc 77747365 		.ascii	"wtsemp\000"
 2210      6D7000
 2211              	.LASF67:
 2212 01c3 76745F64 		.ascii	"vt_delta\000"
 2212      656C7461 
 2212      00
 2213              	.LASF42:
 2214 01cc 705F6D73 		.ascii	"p_msgqueue\000"
 2214      67717565 
 2214      756500
 2215              	.LASF98:
 2216 01d7 735F636E 		.ascii	"s_cnt\000"
 2216      7400
 2217              	.LASF6:
 2218 01dd 73686F72 		.ascii	"short unsigned int\000"
 2218      7420756E 
 2218      7369676E 
 2218      65642069 
 2218      6E7400
 2219              	.LASF50:
 2220 01f0 63685F74 		.ascii	"ch_thread\000"
 2220      68726561 
 2220      6400
 2221              	.LASF24:
 2222 01fa 6D73675F 		.ascii	"msg_t\000"
 2222      7400
 2223              	.LASF76:
 2224 0200 63685F73 		.ascii	"ch_system_t\000"
 2224      79737465 
 2224      6D5F7400 
 2225              	.LASF19:
 2226 020c 746D6F64 		.ascii	"tmode_t\000"
 2226      655F7400 
 2227              	.LASF55:
 2228 0214 63685F72 		.ascii	"ch_ready_list\000"
 2228      65616479 
 2228      5F6C6973 
 2228      7400
 2229              	.LASF25:
 2230 0222 6576656E 		.ascii	"eventmask_t\000"
 2230      746D6173 
 2230      6B5F7400 
 2231              	.LASF7:
ARM GAS  /tmp/cceRg5rP.s 			page 42


 2232 022e 5F5F696E 		.ascii	"__int32_t\000"
 2232      7433325F 
 2232      7400
 2233              	.LASF84:
 2234 0238 73746B61 		.ascii	"stkalign_t\000"
 2234      6C69676E 
 2234      5F7400
 2235              	.LASF49:
 2236 0243 74687265 		.ascii	"threads_list_t\000"
 2236      6164735F 
 2236      6C697374 
 2236      5F7400
 2237              	.LASF41:
 2238 0252 705F7761 		.ascii	"p_waiting\000"
 2238      6974696E 
 2238      6700
 2239              	.LASF82:
 2240 025c 73697A65 		.ascii	"sizetype\000"
 2240      74797065 
 2240      00
 2241              	.LASF48:
 2242 0265 74687265 		.ascii	"thread_reference_t\000"
 2242      61645F72 
 2242      65666572 
 2242      656E6365 
 2242      5F7400
 2243              	.LASF71:
 2244 0278 63685F76 		.ascii	"ch_virtual_timers_list\000"
 2244      69727475 
 2244      616C5F74 
 2244      696D6572 
 2244      735F6C69 
 2245              	.LASF117:
 2246 028f 43686962 		.ascii	"ChibiOS_3.0.2/os/rt/src/chmemcore.c\000"
 2246      694F535F 
 2246      332E302E 
 2246      322F6F73 
 2246      2F72742F 
 2247              	.LASF34:
 2248 02b3 705F6F6C 		.ascii	"p_older\000"
 2248      64657200 
 2249              	.LASF58:
 2250 02bb 725F6374 		.ascii	"r_ctx\000"
 2250      7800
 2251              	.LASF88:
 2252 02c1 746D5F63 		.ascii	"tm_calibration_t\000"
 2252      616C6962 
 2252      72617469 
 2252      6F6E5F74 
 2252      00
 2253              	.LASF61:
 2254 02d2 725F6375 		.ascii	"r_current\000"
 2254      7272656E 
 2254      7400
 2255              	.LASF60:
 2256 02dc 725F6F6C 		.ascii	"r_older\000"
 2256      64657200 
ARM GAS  /tmp/cceRg5rP.s 			page 43


 2257              	.LASF106:
 2258 02e4 5F5F656E 		.ascii	"__enable_irq\000"
 2258      61626C65 
 2258      5F697271 
 2258      00
 2259              	.LASF12:
 2260 02f1 5F5F7569 		.ascii	"__uint64_t\000"
 2260      6E743634 
 2260      5F7400
 2261              	.LASF105:
 2262 02fc 5F5F6469 		.ascii	"__disable_irq\000"
 2262      7361626C 
 2262      655F6972 
 2262      7100
 2263              	.LASF63:
 2264 030a 76697274 		.ascii	"virtual_timer_t\000"
 2264      75616C5F 
 2264      74696D65 
 2264      725F7400 
 2265              	.LASF30:
 2266 031a 705F7072 		.ascii	"p_prev\000"
 2266      657600
 2267              	.LASF23:
 2268 0321 74707269 		.ascii	"tprio_t\000"
 2268      6F5F7400 
 2269              	.LASF118:
 2270 0329 2F686F6D 		.ascii	"/home/benjamin/Skrivbord/SP-RCCar/Embedded/Mote/\000"
 2270      652F6265 
 2270      6E6A616D 
 2270      696E2F53 
 2270      6B726976 
 2271              	.LASF124:
 2272 035a 6368436F 		.ascii	"chCoreGetStatusX\000"
 2272      72654765 
 2272      74537461 
 2272      74757358 
 2272      00
 2273              	.LASF15:
 2274 036b 696E7433 		.ascii	"int32_t\000"
 2274      325F7400 
 2275              	.LASF4:
 2276 0373 756E7369 		.ascii	"unsigned char\000"
 2276      676E6564 
 2276      20636861 
 2276      7200
 2277              	.LASF122:
 2278 0381 5F636F72 		.ascii	"_core_init\000"
 2278      655F696E 
 2278      697400
 2279              	.LASF45:
 2280 038c 705F6D74 		.ascii	"p_mtxlist\000"
 2280      786C6973 
 2280      7400
 2281              	.LASF5:
 2282 0396 73686F72 		.ascii	"short int\000"
 2282      7420696E 
 2282      7400
ARM GAS  /tmp/cceRg5rP.s 			page 44


 2283              	.LASF36:
 2284 03a0 705F7374 		.ascii	"p_state\000"
 2284      61746500 
 2285              	.LASF39:
 2286 03a8 705F7072 		.ascii	"p_preempt\000"
 2286      65656D70 
 2286      7400
 2287              	.LASF112:
 2288 03b2 5F5F6865 		.ascii	"__heap_end__\000"
 2288      61705F65 
 2288      6E645F5F 
 2288      00
 2289              	.LASF57:
 2290 03bf 725F7072 		.ascii	"r_prio\000"
 2290      696F00
 2291              	.LASF95:
 2292 03c6 65776D61 		.ascii	"ewmask\000"
 2292      736B00
 2293              	.LASF29:
 2294 03cd 705F6E65 		.ascii	"p_next\000"
 2294      787400
 2295              	.LASF37:
 2296 03d4 705F666C 		.ascii	"p_flags\000"
 2296      61677300 
 2297              	.LASF110:
 2298 03dc 5F5F6675 		.ascii	"__func__\000"
 2298      6E635F5F 
 2298      00
 2299              	.LASF109:
 2300 03e5 63685379 		.ascii	"chSysLock\000"
 2300      734C6F63 
 2300      6B00
 2301              	.LASF64:
 2302 03ef 63685F76 		.ascii	"ch_virtual_timer\000"
 2302      69727475 
 2302      616C5F74 
 2302      696D6572 
 2302      00
 2303              	.LASF96:
 2304 0400 63685F73 		.ascii	"ch_semaphore\000"
 2304      656D6170 
 2304      686F7265 
 2304      00
 2305              	.LASF44:
 2306 040d 705F6570 		.ascii	"p_epending\000"
 2306      656E6469 
 2306      6E6700
 2307              	.LASF16:
 2308 0418 75696E74 		.ascii	"uint32_t\000"
 2308      33325F74 
 2308      00
 2309              	.LASF94:
 2310 0421 77746D74 		.ascii	"wtmtxp\000"
 2310      787000
 2311              	.LASF56:
 2312 0428 725F7175 		.ascii	"r_queue\000"
 2312      65756500 
ARM GAS  /tmp/cceRg5rP.s 			page 45


 2313              	.LASF51:
 2314 0430 63685F74 		.ascii	"ch_threads_list\000"
 2314      68726561 
 2314      64735F6C 
 2314      69737400 
 2315              	.LASF10:
 2316 0440 6C6F6E67 		.ascii	"long unsigned int\000"
 2316      20756E73 
 2316      69676E65 
 2316      6420696E 
 2316      7400
 2317              	.LASF103:
 2318 0452 63686172 		.ascii	"char\000"
 2318      00
 2319              	.LASF116:
 2320 0457 474E5520 		.ascii	"GNU C 4.9.3 20150529 (release) [ARM/embedded-4_9-br"
 2320      4320342E 
 2320      392E3320 
 2320      32303135 
 2320      30353239 
 2321 048a 616E6368 		.ascii	"anch revision 227977] -mcpu=cortex-m4 -mfloat-abi=h"
 2321      20726576 
 2321      6973696F 
 2321      6E203232 
 2321      37393737 
 2322 04bd 61726420 		.ascii	"ard -mfpu=fpv4-sp-d16 -mno-thumb-interwork -mthumb "
 2322      2D6D6670 
 2322      753D6670 
 2322      76342D73 
 2322      702D6431 
 2323 04f0 2D676764 		.ascii	"-ggdb -O2 -std=gnu99 -fomit-frame-pointer -falign-f"
 2323      62202D4F 
 2323      32202D73 
 2323      74643D67 
 2323      6E753939 
 2324 0523 756E6374 		.ascii	"unctions=16 -ffunction-sections -fdata-sections -fn"
 2324      696F6E73 
 2324      3D313620 
 2324      2D666675 
 2324      6E637469 
 2325 0556 6F2D636F 		.ascii	"o-common -fsingle-precision-constant\000"
 2325      6D6D6F6E 
 2325      202D6673 
 2325      696E676C 
 2325      652D7072 
 2326              	.LASF113:
 2327 057b 6E657874 		.ascii	"nextmem\000"
 2327      6D656D00 
 2328              	.LASF102:
 2329 0583 6D5F6E65 		.ascii	"m_next\000"
 2329      787400
 2330              	.LASF27:
 2331 058a 73797374 		.ascii	"systime_t\000"
 2331      696D655F 
 2331      7400
 2332              	.LASF46:
 2333 0594 705F7265 		.ascii	"p_realprio\000"
ARM GAS  /tmp/cceRg5rP.s 			page 46


 2333      616C7072 
 2333      696F00
 2334              	.LASF62:
 2335 059f 76746675 		.ascii	"vtfunc_t\000"
 2335      6E635F74 
 2335      00
 2336              	.LASF9:
 2337 05a8 5F5F7569 		.ascii	"__uint32_t\000"
 2337      6E743332 
 2337      5F7400
 2338              	.LASF75:
 2339 05b3 70616E69 		.ascii	"panic_msg\000"
 2339      635F6D73 
 2339      6700
 2340              	.LASF87:
 2341 05bd 6F666673 		.ascii	"offset\000"
 2341      657400
 2342              	.LASF85:
 2343 05c4 636F6E74 		.ascii	"context\000"
 2343      65787400 
 2344              	.LASF18:
 2345 05cc 7274636E 		.ascii	"rtcnt_t\000"
 2345      745F7400 
 2346              	.LASF69:
 2347 05d4 76745F70 		.ascii	"vt_par\000"
 2347      617200
 2348              	.LASF111:
 2349 05db 5F5F6865 		.ascii	"__heap_base__\000"
 2349      61705F62 
 2349      6173655F 
 2349      5F00
 2350              	.LASF52:
 2351 05e9 74687265 		.ascii	"threads_queue_t\000"
 2351      6164735F 
 2351      71756575 
 2351      655F7400 
 2352              	.LASF99:
 2353 05f9 63685F6D 		.ascii	"ch_mutex\000"
 2353      75746578 
 2353      00
 2354              	.LASF38:
 2355 0602 705F7265 		.ascii	"p_refs\000"
 2355      667300
 2356              	.LASF28:
 2357 0609 74687265 		.ascii	"thread_t\000"
 2357      61645F74 
 2357      00
 2358              	.LASF78:
 2359 0612 726C6973 		.ascii	"rlist\000"
 2359      7400
 2360              	.LASF14:
 2361 0618 75696E74 		.ascii	"uint8_t\000"
 2361      385F7400 
 2362              	.LASF91:
 2363 0620 77746F62 		.ascii	"wtobjp\000"
 2363      6A7000
 2364              	.LASF35:
ARM GAS  /tmp/cceRg5rP.s 			page 47


 2365 0627 705F6E61 		.ascii	"p_name\000"
 2365      6D6500
 2366              	.LASF120:
 2367 062e 73697A65 		.ascii	"size\000"
 2367      00
 2368              	.LASF72:
 2369 0633 76745F73 		.ascii	"vt_systime\000"
 2369      79737469 
 2369      6D6500
 2370              	.LASF121:
 2371 063e 63685379 		.ascii	"chSysUnlock\000"
 2371      73556E6C 
 2371      6F636B00 
 2372              	.LASF43:
 2373 064a 705F6D73 		.ascii	"p_msg\000"
 2373      6700
 2374              	.LASF101:
 2375 0650 6D5F6F77 		.ascii	"m_owner\000"
 2375      6E657200 
 2376              	.LASF32:
 2377 0658 705F6374 		.ascii	"p_ctx\000"
 2377      7800
 2378              	.LASF68:
 2379 065e 76745F66 		.ascii	"vt_func\000"
 2379      756E6300 
 2380              		.ident	"GCC: (GNU Tools for ARM Embedded Processors) 4.9.3 20150529 (release) [ARM/embedded-4_9-br
ARM GAS  /tmp/cceRg5rP.s 			page 48


DEFINED SYMBOLS
                            *ABS*:0000000000000000 chmemcore.c
     /tmp/cceRg5rP.s:21     .text._core_init:0000000000000000 $t
     /tmp/cceRg5rP.s:27     .text._core_init:0000000000000000 _core_init
     /tmp/cceRg5rP.s:55     .text._core_init:0000000000000018 $d
     /tmp/cceRg5rP.s:63     .text.chCoreAlloc:0000000000000000 $t
     /tmp/cceRg5rP.s:69     .text.chCoreAlloc:0000000000000000 chCoreAlloc
     /tmp/cceRg5rP.s:145    .text.chCoreAlloc:0000000000000028 $d
     /tmp/cceRg5rP.s:151    .text.chCoreAllocI:0000000000000000 $t
     /tmp/cceRg5rP.s:157    .text.chCoreAllocI:0000000000000000 chCoreAllocI
     /tmp/cceRg5rP.s:200    .text.chCoreAllocI:0000000000000024 $d
     /tmp/cceRg5rP.s:206    .text.chCoreGetStatusX:0000000000000000 $t
     /tmp/cceRg5rP.s:212    .text.chCoreGetStatusX:0000000000000000 chCoreGetStatusX
     /tmp/cceRg5rP.s:230    .text.chCoreGetStatusX:000000000000000c $d
     /tmp/cceRg5rP.s:236    .bss.endmem:0000000000000000 $d
     /tmp/cceRg5rP.s:240    .bss.endmem:0000000000000000 endmem
     /tmp/cceRg5rP.s:243    .bss.nextmem:0000000000000000 $d
     /tmp/cceRg5rP.s:247    .bss.nextmem:0000000000000000 nextmem
                     .debug_frame:0000000000000010 $d

UNDEFINED SYMBOLS
__heap_base__
__heap_end__
