ARM GAS  /tmp/ccWxQqQq.s 			page 1


   1              		.syntax unified
   2              		.cpu cortex-m4
   3              		.eabi_attribute 27, 1
   4              		.eabi_attribute 28, 1
   5              		.fpu fpv4-sp-d16
   6              		.eabi_attribute 20, 1
   7              		.eabi_attribute 21, 1
   8              		.eabi_attribute 23, 3
   9              		.eabi_attribute 24, 1
  10              		.eabi_attribute 25, 1
  11              		.eabi_attribute 26, 1
  12              		.eabi_attribute 30, 2
  13              		.eabi_attribute 34, 1
  14              		.eabi_attribute 18, 4
  15              		.thumb
  16              		.file	"chregistry.c"
  17              		.text
  18              	.Ltext0:
  19              		.cfi_sections	.debug_frame
  20              		.section	.text.chRegFirstThread,"ax",%progbits
  21              		.align	2
  22              		.p2align 4,,15
  23              		.global	chRegFirstThread
  24              		.thumb
  25              		.thumb_func
  26              		.type	chRegFirstThread, %function
  27              	chRegFirstThread:
  28              	.LFB219:
  29              		.file 1 "ChibiOS_3.0.2/os/rt/src/chregistry.c"
  30              		.loc 1 131 0
  31              		.cfi_startproc
  32              		@ args = 0, pretend = 0, frame = 0
  33              		@ frame_needed = 0, uses_anonymous_args = 0
  34              		@ link register save eliminated.
  35              	.LBB34:
  36              	.LBB35:
  37              	.LBB36:
  38              	.LBB37:
  39              		.file 2 "ChibiOS_3.0.2/os/ext/CMSIS/include/core_cmFunc.h"
  40              		.loc 2 342 0
  41              	@ 342 "ChibiOS_3.0.2/os/ext/CMSIS/include/core_cmFunc.h" 1
  42 0000 72B6     		cpsid i
  43              	@ 0 "" 2
  44              		.thumb
  45              	.LBE37:
  46              	.LBE36:
  47              	.LBE35:
  48              	.LBE34:
  49              		.loc 1 135 0
  50 0002 034B     		ldr	r3, .L2
  51 0004 1869     		ldr	r0, [r3, #16]
  52              	.LVL0:
  53              		.loc 1 137 0
  54 0006 837F     		ldrb	r3, [r0, #30]	@ zero_extendqisi2
  55 0008 0133     		adds	r3, r3, #1
  56 000a 8377     		strb	r3, [r0, #30]
  57              	.LBB38:
ARM GAS  /tmp/ccWxQqQq.s 			page 2


  58              	.LBB39:
  59              	.LBB40:
  60              	.LBB41:
  61              	.LBB42:
  62              		.loc 2 331 0
  63              	@ 331 "ChibiOS_3.0.2/os/ext/CMSIS/include/core_cmFunc.h" 1
  64 000c 62B6     		cpsie i
  65              	@ 0 "" 2
  66              		.thumb
  67              	.LBE42:
  68              	.LBE41:
  69              	.LBE40:
  70              	.LBE39:
  71              	.LBE38:
  72              		.loc 1 142 0
  73 000e 7047     		bx	lr
  74              	.L3:
  75              		.align	2
  76              	.L2:
  77 0010 00000000 		.word	ch
  78              		.cfi_endproc
  79              	.LFE219:
  80              		.size	chRegFirstThread, .-chRegFirstThread
  81              		.section	.text.chRegNextThread,"ax",%progbits
  82              		.align	2
  83              		.p2align 4,,15
  84              		.global	chRegNextThread
  85              		.thumb
  86              		.thumb_func
  87              		.type	chRegNextThread, %function
  88              	chRegNextThread:
  89              	.LFB220:
  90              		.loc 1 155 0
  91              		.cfi_startproc
  92              		@ args = 0, pretend = 0, frame = 0
  93              		@ frame_needed = 0, uses_anonymous_args = 0
  94              	.LVL1:
  95 0000 10B5     		push	{r4, lr}
  96              		.cfi_def_cfa_offset 8
  97              		.cfi_offset 4, -8
  98              		.cfi_offset 14, -4
  99              	.LBB43:
 100              	.LBB44:
 101              	.LBB45:
 102              	.LBB46:
 103              		.loc 2 342 0
 104              	@ 342 "ChibiOS_3.0.2/os/ext/CMSIS/include/core_cmFunc.h" 1
 105 0002 72B6     		cpsid i
 106              	@ 0 "" 2
 107              		.thumb
 108              	.LBE46:
 109              	.LBE45:
 110              	.LBE44:
 111              	.LBE43:
 112              		.loc 1 161 0
 113 0004 064B     		ldr	r3, .L8
 114              		.loc 1 159 0
ARM GAS  /tmp/ccWxQqQq.s 			page 3


 115 0006 0469     		ldr	r4, [r0, #16]
 116              	.LVL2:
 117              		.loc 1 161 0
 118 0008 9C42     		cmp	r4, r3
 119              		.loc 1 168 0
 120 000a 1DBF     		ittte	ne
 121 000c A37F     		ldrbne	r3, [r4, #30]	@ zero_extendqisi2
 122 000e 0133     		addne	r3, r3, #1
 123 0010 A377     		strbne	r3, [r4, #30]
 124              		.loc 1 163 0
 125 0012 0024     		moveq	r4, #0
 126              	.LVL3:
 127              	.LBB47:
 128              	.LBB48:
 129              	.LBB49:
 130              	.LBB50:
 131              	.LBB51:
 132              		.loc 2 331 0
 133              	@ 331 "ChibiOS_3.0.2/os/ext/CMSIS/include/core_cmFunc.h" 1
 134 0014 62B6     		cpsie i
 135              	@ 0 "" 2
 136              		.thumb
 137              	.LBE51:
 138              	.LBE50:
 139              	.LBE49:
 140              	.LBE48:
 141              	.LBE47:
 142              		.loc 1 173 0
 143 0016 FFF7FEFF 		bl	chThdRelease
 144              	.LVL4:
 145              		.loc 1 177 0
 146 001a 2046     		mov	r0, r4
 147 001c 10BD     		pop	{r4, pc}
 148              	.LVL5:
 149              	.L9:
 150 001e 00BF     		.align	2
 151              	.L8:
 152 0020 00000000 		.word	ch
 153              		.cfi_endproc
 154              	.LFE220:
 155              		.size	chRegNextThread, .-chRegNextThread
 156              		.global	ch_debug
 157              		.section	.rodata.ch_debug,"a",%progbits
 158              		.align	2
 159              		.type	ch_debug, %object
 160              		.size	ch_debug, 22
 161              	ch_debug:
 162 0000 6D       		.byte	109
 163 0001 61       		.byte	97
 164 0002 69       		.byte	105
 165 0003 6E       		.byte	110
 166 0004 00       		.byte	0
 167 0005 16       		.byte	22
 168 0006 0118     		.short	6145
 169 0008 04       		.byte	4
 170 0009 04       		.byte	4
 171 000a 48       		.byte	72
ARM GAS  /tmp/ccWxQqQq.s 			page 4


 172 000b 08       		.byte	8
 173 000c 0C       		.byte	12
 174 000d 10       		.byte	16
 175 000e 14       		.byte	20
 176 000f 18       		.byte	24
 177 0010 00       		.byte	0
 178 0011 1C       		.byte	28
 179 0012 1D       		.byte	29
 180 0013 1E       		.byte	30
 181 0014 1F       		.byte	31
 182 0015 20       		.byte	32
 183              		.text
 184              	.Letext0:
 185              		.file 3 "/usr/lib/gcc/arm-none-eabi/4.9.3/include/stddef.h"
 186              		.file 4 "/usr/arm-none-eabi/include/machine/_default_types.h"
 187              		.file 5 "/usr/arm-none-eabi/include/sys/_stdint.h"
 188              		.file 6 "ChibiOS_3.0.2/os/rt/ports/ARMCMx/compilers/GCC/chtypes.h"
 189              		.file 7 "ChibiOS_3.0.2/os/rt/include/chsystypes.h"
 190              		.file 8 "ChibiOS_3.0.2/os/rt/include/chschd.h"
 191              		.file 9 "ChibiOS_3.0.2/os/rt/ports/ARMCMx/chcore.h"
 192              		.file 10 "ChibiOS_3.0.2/os/rt/ports/ARMCMx/chcore_v7m.h"
 193              		.file 11 "ChibiOS_3.0.2/os/rt/include/chtm.h"
 194              		.file 12 "ChibiOS_3.0.2/os/rt/include/chsem.h"
 195              		.file 13 "ChibiOS_3.0.2/os/rt/include/chmtx.h"
 196              		.file 14 "ChibiOS_3.0.2/os/rt/include/chregistry.h"
 197              		.file 15 "ChibiOS_3.0.2/os/rt/include/chsys.h"
 198              		.file 16 "ChibiOS_3.0.2/os/ext/CMSIS/include/core_cm4.h"
 199              		.file 17 "ChibiOS_3.0.2/os/rt/include/chdynamic.h"
 200              		.section	.debug_info,"",%progbits
 201              	.Ldebug_info0:
 202 0000 340A0000 		.4byte	0xa34
 203 0004 0400     		.2byte	0x4
 204 0006 00000000 		.4byte	.Ldebug_abbrev0
 205 000a 04       		.byte	0x4
 206 000b 01       		.uleb128 0x1
 207 000c 1F050000 		.4byte	.LASF135
 208 0010 01       		.byte	0x1
 209 0011 48010000 		.4byte	.LASF136
 210 0015 9A030000 		.4byte	.LASF137
 211 0019 00000000 		.4byte	.Ldebug_ranges0+0
 212 001d 00000000 		.4byte	0
 213 0021 00000000 		.4byte	.Ldebug_line0
 214 0025 02       		.uleb128 0x2
 215 0026 04       		.byte	0x4
 216 0027 05       		.byte	0x5
 217 0028 696E7400 		.ascii	"int\000"
 218 002c 03       		.uleb128 0x3
 219 002d 1A000000 		.4byte	.LASF2
 220 0031 03       		.byte	0x3
 221 0032 D4       		.byte	0xd4
 222 0033 37000000 		.4byte	0x37
 223 0037 04       		.uleb128 0x4
 224 0038 04       		.byte	0x4
 225 0039 07       		.byte	0x7
 226 003a DF010000 		.4byte	.LASF0
 227 003e 04       		.uleb128 0x4
 228 003f 01       		.byte	0x1
ARM GAS  /tmp/ccWxQqQq.s 			page 5


 229 0040 06       		.byte	0x6
 230 0041 F2000000 		.4byte	.LASF1
 231 0045 03       		.uleb128 0x3
 232 0046 31000000 		.4byte	.LASF3
 233 004a 04       		.byte	0x4
 234 004b 1D       		.byte	0x1d
 235 004c 50000000 		.4byte	0x50
 236 0050 04       		.uleb128 0x4
 237 0051 01       		.byte	0x1
 238 0052 08       		.byte	0x8
 239 0053 E3030000 		.4byte	.LASF4
 240 0057 04       		.uleb128 0x4
 241 0058 02       		.byte	0x2
 242 0059 05       		.byte	0x5
 243 005a FB030000 		.4byte	.LASF5
 244 005e 03       		.uleb128 0x3
 245 005f 14050000 		.4byte	.LASF6
 246 0063 04       		.byte	0x4
 247 0064 2B       		.byte	0x2b
 248 0065 69000000 		.4byte	0x69
 249 0069 04       		.uleb128 0x4
 250 006a 02       		.byte	0x2
 251 006b 07       		.byte	0x7
 252 006c 2E020000 		.4byte	.LASF7
 253 0070 03       		.uleb128 0x3
 254 0071 83020000 		.4byte	.LASF8
 255 0075 04       		.byte	0x4
 256 0076 3F       		.byte	0x3f
 257 0077 7B000000 		.4byte	0x7b
 258 007b 04       		.uleb128 0x4
 259 007c 04       		.byte	0x4
 260 007d 05       		.byte	0x5
 261 007e 7D010000 		.4byte	.LASF9
 262 0082 03       		.uleb128 0x3
 263 0083 68060000 		.4byte	.LASF10
 264 0087 04       		.byte	0x4
 265 0088 41       		.byte	0x41
 266 0089 8D000000 		.4byte	0x8d
 267 008d 04       		.uleb128 0x4
 268 008e 04       		.byte	0x4
 269 008f 07       		.byte	0x7
 270 0090 E6040000 		.4byte	.LASF11
 271 0094 04       		.uleb128 0x4
 272 0095 08       		.byte	0x8
 273 0096 05       		.byte	0x5
 274 0097 E4000000 		.4byte	.LASF12
 275 009b 03       		.uleb128 0x3
 276 009c 57030000 		.4byte	.LASF13
 277 00a0 04       		.byte	0x4
 278 00a1 5B       		.byte	0x5b
 279 00a2 A6000000 		.4byte	0xa6
 280 00a6 04       		.uleb128 0x4
 281 00a7 08       		.byte	0x8
 282 00a8 07       		.byte	0x7
 283 00a9 60000000 		.4byte	.LASF14
 284 00ad 03       		.uleb128 0x3
 285 00ae CB060000 		.4byte	.LASF15
ARM GAS  /tmp/ccWxQqQq.s 			page 6


 286 00b2 05       		.byte	0x5
 287 00b3 14       		.byte	0x14
 288 00b4 45000000 		.4byte	0x45
 289 00b8 03       		.uleb128 0x3
 290 00b9 F4010000 		.4byte	.LASF16
 291 00bd 05       		.byte	0x5
 292 00be 1A       		.byte	0x1a
 293 00bf 5E000000 		.4byte	0x5e
 294 00c3 03       		.uleb128 0x3
 295 00c4 DB030000 		.4byte	.LASF17
 296 00c8 05       		.byte	0x5
 297 00c9 1F       		.byte	0x1f
 298 00ca 70000000 		.4byte	0x70
 299 00ce 03       		.uleb128 0x3
 300 00cf B1040000 		.4byte	.LASF18
 301 00d3 05       		.byte	0x5
 302 00d4 20       		.byte	0x20
 303 00d5 82000000 		.4byte	0x82
 304 00d9 03       		.uleb128 0x3
 305 00da 28000000 		.4byte	.LASF19
 306 00de 05       		.byte	0x5
 307 00df 26       		.byte	0x26
 308 00e0 9B000000 		.4byte	0x9b
 309 00e4 05       		.uleb128 0x5
 310 00e5 C3000000 		.4byte	0xc3
 311 00e9 03       		.uleb128 0x3
 312 00ea 92060000 		.4byte	.LASF20
 313 00ee 06       		.byte	0x6
 314 00ef 45       		.byte	0x45
 315 00f0 CE000000 		.4byte	0xce
 316 00f4 03       		.uleb128 0x3
 317 00f5 2C040000 		.4byte	.LASF21
 318 00f9 06       		.byte	0x6
 319 00fa 48       		.byte	0x48
 320 00fb AD000000 		.4byte	0xad
 321 00ff 03       		.uleb128 0x3
 322 0100 86010000 		.4byte	.LASF22
 323 0104 06       		.byte	0x6
 324 0105 49       		.byte	0x49
 325 0106 AD000000 		.4byte	0xad
 326 010a 03       		.uleb128 0x3
 327 010b DC000000 		.4byte	.LASF23
 328 010f 06       		.byte	0x6
 329 0110 4A       		.byte	0x4a
 330 0111 AD000000 		.4byte	0xad
 331 0115 03       		.uleb128 0x3
 332 0116 3E010000 		.4byte	.LASF24
 333 011a 06       		.byte	0x6
 334 011b 4B       		.byte	0x4b
 335 011c AD000000 		.4byte	0xad
 336 0120 03       		.uleb128 0x3
 337 0121 92030000 		.4byte	.LASF25
 338 0125 06       		.byte	0x6
 339 0126 4C       		.byte	0x4c
 340 0127 CE000000 		.4byte	0xce
 341 012b 03       		.uleb128 0x3
 342 012c 4B020000 		.4byte	.LASF26
ARM GAS  /tmp/ccWxQqQq.s 			page 7


 343 0130 06       		.byte	0x6
 344 0131 4D       		.byte	0x4d
 345 0132 C3000000 		.4byte	0xc3
 346 0136 03       		.uleb128 0x3
 347 0137 77020000 		.4byte	.LASF27
 348 013b 06       		.byte	0x6
 349 013c 4F       		.byte	0x4f
 350 013d CE000000 		.4byte	0xce
 351 0141 03       		.uleb128 0x3
 352 0142 D9010000 		.4byte	.LASF28
 353 0146 06       		.byte	0x6
 354 0147 51       		.byte	0x51
 355 0148 C3000000 		.4byte	0xc3
 356 014c 03       		.uleb128 0x3
 357 014d 4A060000 		.4byte	.LASF29
 358 0151 07       		.byte	0x7
 359 0152 33       		.byte	0x33
 360 0153 CE000000 		.4byte	0xce
 361 0157 03       		.uleb128 0x3
 362 0158 BC060000 		.4byte	.LASF30
 363 015c 07       		.byte	0x7
 364 015d 3F       		.byte	0x3f
 365 015e 62010000 		.4byte	0x162
 366 0162 06       		.uleb128 0x6
 367 0163 41020000 		.4byte	.LASF52
 368 0167 48       		.byte	0x48
 369 0168 08       		.byte	0x8
 370 0169 C2       		.byte	0xc2
 371 016a 67020000 		.4byte	0x267
 372 016e 07       		.uleb128 0x7
 373 016f 25040000 		.4byte	.LASF31
 374 0173 08       		.byte	0x8
 375 0174 C3       		.byte	0xc3
 376 0175 72020000 		.4byte	0x272
 377 0179 00       		.byte	0
 378 017a 07       		.uleb128 0x7
 379 017b 8B030000 		.4byte	.LASF32
 380 017f 08       		.byte	0x8
 381 0180 C5       		.byte	0xc5
 382 0181 72020000 		.4byte	0x272
 383 0185 04       		.byte	0x4
 384 0186 07       		.uleb128 0x7
 385 0187 C8000000 		.4byte	.LASF33
 386 018b 08       		.byte	0x8
 387 018c C7       		.byte	0xc7
 388 018d 20010000 		.4byte	0x120
 389 0191 08       		.byte	0x8
 390 0192 07       		.uleb128 0x7
 391 0193 21030000 		.4byte	.LASF34
 392 0197 08       		.byte	0x8
 393 0198 C8       		.byte	0xc8
 394 0199 A2040000 		.4byte	0x4a2
 395 019d 0C       		.byte	0xc
 396 019e 07       		.uleb128 0x7
 397 019f 99010000 		.4byte	.LASF35
 398 01a3 08       		.byte	0x8
 399 01a4 CA       		.byte	0xca
ARM GAS  /tmp/ccWxQqQq.s 			page 8


 400 01a5 72020000 		.4byte	0x272
 401 01a9 10       		.byte	0x10
 402 01aa 07       		.uleb128 0x7
 403 01ab 13030000 		.4byte	.LASF36
 404 01af 08       		.byte	0x8
 405 01b0 CB       		.byte	0xcb
 406 01b1 72020000 		.4byte	0x272
 407 01b5 14       		.byte	0x14
 408 01b6 07       		.uleb128 0x7
 409 01b7 ED060000 		.4byte	.LASF37
 410 01bb 08       		.byte	0x8
 411 01bc D2       		.byte	0xd2
 412 01bd E7060000 		.4byte	0x6e7
 413 01c1 18       		.byte	0x18
 414 01c2 07       		.uleb128 0x7
 415 01c3 05040000 		.4byte	.LASF38
 416 01c7 08       		.byte	0x8
 417 01c8 DD       		.byte	0xdd
 418 01c9 FF000000 		.4byte	0xff
 419 01cd 1C       		.byte	0x1c
 420 01ce 07       		.uleb128 0x7
 421 01cf 43040000 		.4byte	.LASF39
 422 01d3 08       		.byte	0x8
 423 01d4 E1       		.byte	0xe1
 424 01d5 F4000000 		.4byte	0xf4
 425 01d9 1D       		.byte	0x1d
 426 01da 07       		.uleb128 0x7
 427 01db B5060000 		.4byte	.LASF40
 428 01df 08       		.byte	0x8
 429 01e0 E6       		.byte	0xe6
 430 01e1 0A010000 		.4byte	0x10a
 431 01e5 1E       		.byte	0x1e
 432 01e6 07       		.uleb128 0x7
 433 01e7 0D040000 		.4byte	.LASF41
 434 01eb 08       		.byte	0x8
 435 01ec EC       		.byte	0xec
 436 01ed 15010000 		.4byte	0x115
 437 01f1 1F       		.byte	0x1f
 438 01f2 07       		.uleb128 0x7
 439 01f3 FD010000 		.4byte	.LASF42
 440 01f7 08       		.byte	0x8
 441 01f8 F3       		.byte	0xf3
 442 01f9 F9060000 		.4byte	0x6f9
 443 01fd 20       		.byte	0x20
 444 01fe 08       		.uleb128 0x8
 445 01ff 705F7500 		.ascii	"p_u\000"
 446 0203 08       		.byte	0x8
 447 0204 3101     		.2byte	0x131
 448 0206 22060000 		.4byte	0x622
 449 020a 24       		.byte	0x24
 450 020b 09       		.uleb128 0x9
 451 020c D1020000 		.4byte	.LASF43
 452 0210 08       		.byte	0x8
 453 0211 3601     		.2byte	0x136
 454 0213 78020000 		.4byte	0x278
 455 0217 28       		.byte	0x28
 456 0218 09       		.uleb128 0x9
ARM GAS  /tmp/ccWxQqQq.s 			page 9


 457 0219 14020000 		.4byte	.LASF44
 458 021d 08       		.byte	0x8
 459 021e 3C01     		.2byte	0x13c
 460 0220 9C020000 		.4byte	0x29c
 461 0224 2C       		.byte	0x2c
 462 0225 09       		.uleb128 0x9
 463 0226 8C060000 		.4byte	.LASF45
 464 022a 08       		.byte	0x8
 465 022b 4001     		.2byte	0x140
 466 022d 2B010000 		.4byte	0x12b
 467 0231 34       		.byte	0x34
 468 0232 09       		.uleb128 0x9
 469 0233 A6040000 		.4byte	.LASF46
 470 0237 08       		.byte	0x8
 471 0238 4601     		.2byte	0x146
 472 023a 36010000 		.4byte	0x136
 473 023e 38       		.byte	0x38
 474 023f 09       		.uleb128 0x9
 475 0240 F1030000 		.4byte	.LASF47
 476 0244 08       		.byte	0x8
 477 0245 4D01     		.2byte	0x14d
 478 0247 E1060000 		.4byte	0x6e1
 479 024b 3C       		.byte	0x3c
 480 024c 09       		.uleb128 0x9
 481 024d 54060000 		.4byte	.LASF48
 482 0251 08       		.byte	0x8
 483 0252 5101     		.2byte	0x151
 484 0254 20010000 		.4byte	0x120
 485 0258 40       		.byte	0x40
 486 0259 09       		.uleb128 0x9
 487 025a 1B010000 		.4byte	.LASF49
 488 025e 08       		.byte	0x8
 489 025f 5801     		.2byte	0x158
 490 0261 4F030000 		.4byte	0x34f
 491 0265 44       		.byte	0x44
 492 0266 00       		.byte	0
 493 0267 03       		.uleb128 0x3
 494 0268 D3060000 		.4byte	.LASF50
 495 026c 07       		.byte	0x7
 496 026d 44       		.byte	0x44
 497 026e 72020000 		.4byte	0x272
 498 0272 0A       		.uleb128 0xa
 499 0273 04       		.byte	0x4
 500 0274 57010000 		.4byte	0x157
 501 0278 03       		.uleb128 0x3
 502 0279 AE020000 		.4byte	.LASF51
 503 027d 07       		.byte	0x7
 504 027e 49       		.byte	0x49
 505 027f 83020000 		.4byte	0x283
 506 0283 06       		.uleb128 0x6
 507 0284 CE040000 		.4byte	.LASF53
 508 0288 04       		.byte	0x4
 509 0289 08       		.byte	0x8
 510 028a B0       		.byte	0xb0
 511 028b 9C020000 		.4byte	0x29c
 512 028f 07       		.uleb128 0x7
 513 0290 25040000 		.4byte	.LASF31
ARM GAS  /tmp/ccWxQqQq.s 			page 10


 514 0294 08       		.byte	0x8
 515 0295 B1       		.byte	0xb1
 516 0296 72020000 		.4byte	0x272
 517 029a 00       		.byte	0
 518 029b 00       		.byte	0
 519 029c 03       		.uleb128 0x3
 520 029d 6B040000 		.4byte	.LASF54
 521 02a1 07       		.byte	0x7
 522 02a2 50       		.byte	0x50
 523 02a3 A7020000 		.4byte	0x2a7
 524 02a7 06       		.uleb128 0x6
 525 02a8 B7000000 		.4byte	.LASF55
 526 02ac 08       		.byte	0x8
 527 02ad 08       		.byte	0x8
 528 02ae B7       		.byte	0xb7
 529 02af CC020000 		.4byte	0x2cc
 530 02b3 07       		.uleb128 0x7
 531 02b4 25040000 		.4byte	.LASF31
 532 02b8 08       		.byte	0x8
 533 02b9 B8       		.byte	0xb8
 534 02ba 72020000 		.4byte	0x272
 535 02be 00       		.byte	0
 536 02bf 07       		.uleb128 0x7
 537 02c0 8B030000 		.4byte	.LASF32
 538 02c4 08       		.byte	0x8
 539 02c5 B9       		.byte	0xb9
 540 02c6 72020000 		.4byte	0x272
 541 02ca 04       		.byte	0x4
 542 02cb 00       		.byte	0
 543 02cc 03       		.uleb128 0x3
 544 02cd 0D000000 		.4byte	.LASF56
 545 02d1 07       		.byte	0x7
 546 02d2 57       		.byte	0x57
 547 02d3 D7020000 		.4byte	0x2d7
 548 02d7 0B       		.uleb128 0xb
 549 02d8 69020000 		.4byte	.LASF57
 550 02dc 1C       		.byte	0x1c
 551 02dd 08       		.byte	0x8
 552 02de 9001     		.2byte	0x190
 553 02e0 33030000 		.4byte	0x333
 554 02e4 09       		.uleb128 0x9
 555 02e5 C6040000 		.4byte	.LASF58
 556 02e9 08       		.byte	0x8
 557 02ea 9101     		.2byte	0x191
 558 02ec 9C020000 		.4byte	0x29c
 559 02f0 00       		.byte	0
 560 02f1 09       		.uleb128 0x9
 561 02f2 17040000 		.4byte	.LASF59
 562 02f6 08       		.byte	0x8
 563 02f7 9201     		.2byte	0x192
 564 02f9 20010000 		.4byte	0x120
 565 02fd 08       		.byte	0x8
 566 02fe 09       		.uleb128 0x9
 567 02ff 1B030000 		.4byte	.LASF60
 568 0303 08       		.byte	0x8
 569 0304 9401     		.2byte	0x194
 570 0306 A2040000 		.4byte	0x4a2
ARM GAS  /tmp/ccWxQqQq.s 			page 11


 571 030a 0C       		.byte	0xc
 572 030b 09       		.uleb128 0x9
 573 030c A9010000 		.4byte	.LASF61
 574 0310 08       		.byte	0x8
 575 0311 9701     		.2byte	0x197
 576 0313 72020000 		.4byte	0x272
 577 0317 10       		.byte	0x10
 578 0318 09       		.uleb128 0x9
 579 0319 42030000 		.4byte	.LASF62
 580 031d 08       		.byte	0x8
 581 031e 9801     		.2byte	0x198
 582 0320 72020000 		.4byte	0x272
 583 0324 14       		.byte	0x14
 584 0325 09       		.uleb128 0x9
 585 0326 38030000 		.4byte	.LASF63
 586 032a 08       		.byte	0x8
 587 032b 9B01     		.2byte	0x19b
 588 032d 72020000 		.4byte	0x272
 589 0331 18       		.byte	0x18
 590 0332 00       		.byte	0
 591 0333 03       		.uleb128 0x3
 592 0334 5F060000 		.4byte	.LASF64
 593 0338 07       		.byte	0x7
 594 0339 5C       		.byte	0x5c
 595 033a 3E030000 		.4byte	0x33e
 596 033e 0A       		.uleb128 0xa
 597 033f 04       		.byte	0x4
 598 0340 44030000 		.4byte	0x344
 599 0344 0C       		.uleb128 0xc
 600 0345 4F030000 		.4byte	0x34f
 601 0349 0D       		.uleb128 0xd
 602 034a 4F030000 		.4byte	0x34f
 603 034e 00       		.byte	0
 604 034f 0E       		.uleb128 0xe
 605 0350 04       		.byte	0x4
 606 0351 03       		.uleb128 0x3
 607 0352 7B030000 		.4byte	.LASF65
 608 0356 07       		.byte	0x7
 609 0357 61       		.byte	0x61
 610 0358 5C030000 		.4byte	0x35c
 611 035c 0B       		.uleb128 0xb
 612 035d 7B040000 		.4byte	.LASF66
 613 0361 14       		.byte	0x14
 614 0362 08       		.byte	0x8
 615 0363 6B01     		.2byte	0x16b
 616 0365 AB030000 		.4byte	0x3ab
 617 0369 09       		.uleb128 0x9
 618 036a EC010000 		.4byte	.LASF67
 619 036e 08       		.byte	0x8
 620 036f 6C01     		.2byte	0x16c
 621 0371 FE060000 		.4byte	0x6fe
 622 0375 00       		.byte	0
 623 0376 09       		.uleb128 0x9
 624 0377 BA010000 		.4byte	.LASF68
 625 037b 08       		.byte	0x8
 626 037c 6D01     		.2byte	0x16d
 627 037e FE060000 		.4byte	0x6fe
ARM GAS  /tmp/ccWxQqQq.s 			page 12


 628 0382 04       		.byte	0x4
 629 0383 09       		.uleb128 0x9
 630 0384 0B020000 		.4byte	.LASF69
 631 0388 08       		.byte	0x8
 632 0389 6E01     		.2byte	0x16e
 633 038b 4C010000 		.4byte	0x14c
 634 038f 08       		.byte	0x8
 635 0390 09       		.uleb128 0x9
 636 0391 2C070000 		.4byte	.LASF70
 637 0395 08       		.byte	0x8
 638 0396 6F01     		.2byte	0x16f
 639 0398 33030000 		.4byte	0x333
 640 039c 0C       		.byte	0xc
 641 039d 09       		.uleb128 0x9
 642 039e 9A060000 		.4byte	.LASF71
 643 03a2 08       		.byte	0x8
 644 03a3 7101     		.2byte	0x171
 645 03a5 4F030000 		.4byte	0x34f
 646 03a9 10       		.byte	0x10
 647 03aa 00       		.byte	0
 648 03ab 03       		.uleb128 0x3
 649 03ac 8D020000 		.4byte	.LASF72
 650 03b0 07       		.byte	0x7
 651 03b1 66       		.byte	0x66
 652 03b2 B6030000 		.4byte	0x3b6
 653 03b6 0B       		.uleb128 0xb
 654 03b7 E4020000 		.4byte	.LASF73
 655 03bb 10       		.byte	0x10
 656 03bc 08       		.byte	0x8
 657 03bd 7B01     		.2byte	0x17b
 658 03bf F8030000 		.4byte	0x3f8
 659 03c3 09       		.uleb128 0x9
 660 03c4 EC010000 		.4byte	.LASF67
 661 03c8 08       		.byte	0x8
 662 03c9 7C01     		.2byte	0x17c
 663 03cb FE060000 		.4byte	0x6fe
 664 03cf 00       		.byte	0
 665 03d0 09       		.uleb128 0x9
 666 03d1 BA010000 		.4byte	.LASF68
 667 03d5 08       		.byte	0x8
 668 03d6 7E01     		.2byte	0x17e
 669 03d8 FE060000 		.4byte	0x6fe
 670 03dc 04       		.byte	0x4
 671 03dd 09       		.uleb128 0x9
 672 03de 0B020000 		.4byte	.LASF69
 673 03e2 08       		.byte	0x8
 674 03e3 8001     		.2byte	0x180
 675 03e5 4C010000 		.4byte	0x14c
 676 03e9 08       		.byte	0x8
 677 03ea 09       		.uleb128 0x9
 678 03eb F4060000 		.4byte	.LASF74
 679 03ef 08       		.byte	0x8
 680 03f0 8201     		.2byte	0x182
 681 03f2 F9060000 		.4byte	0x6f9
 682 03f6 0C       		.byte	0xc
 683 03f7 00       		.byte	0
 684 03f8 03       		.uleb128 0x3
ARM GAS  /tmp/ccWxQqQq.s 			page 13


 685 03f9 47000000 		.4byte	.LASF75
 686 03fd 07       		.byte	0x7
 687 03fe 6B       		.byte	0x6b
 688 03ff 03040000 		.4byte	0x403
 689 0403 0B       		.uleb128 0xb
 690 0404 CB030000 		.4byte	.LASF76
 691 0408 04       		.byte	0x4
 692 0409 08       		.byte	0x8
 693 040a A201     		.2byte	0x1a2
 694 040c 1E040000 		.4byte	0x41e
 695 0410 09       		.uleb128 0x9
 696 0411 73060000 		.4byte	.LASF77
 697 0415 08       		.byte	0x8
 698 0416 AA01     		.2byte	0x1aa
 699 0418 04070000 		.4byte	0x704
 700 041c 00       		.byte	0
 701 041d 00       		.byte	0
 702 041e 03       		.uleb128 0x3
 703 041f 51020000 		.4byte	.LASF78
 704 0423 07       		.byte	0x7
 705 0424 70       		.byte	0x70
 706 0425 29040000 		.4byte	0x429
 707 0429 0F       		.uleb128 0xf
 708 042a 73010000 		.4byte	.LASF79
 709 042e 5802     		.2byte	0x258
 710 0430 08       		.byte	0x8
 711 0431 C201     		.2byte	0x1c2
 712 0433 85040000 		.4byte	0x485
 713 0437 09       		.uleb128 0x9
 714 0438 C5060000 		.4byte	.LASF80
 715 043c 08       		.byte	0x8
 716 043d C601     		.2byte	0x1c6
 717 043f CC020000 		.4byte	0x2cc
 718 0443 00       		.byte	0
 719 0444 09       		.uleb128 0x9
 720 0445 2B010000 		.4byte	.LASF81
 721 0449 08       		.byte	0x8
 722 044a CA01     		.2byte	0x1ca
 723 044c AB030000 		.4byte	0x3ab
 724 0450 1C       		.byte	0x1c
 725 0451 08       		.uleb128 0x8
 726 0452 64626700 		.ascii	"dbg\000"
 727 0456 08       		.byte	0x8
 728 0457 CE01     		.2byte	0x1ce
 729 0459 F8030000 		.4byte	0x3f8
 730 045d 2C       		.byte	0x2c
 731 045e 09       		.uleb128 0x9
 732 045f 8E000000 		.4byte	.LASF82
 733 0463 08       		.byte	0x8
 734 0464 D201     		.2byte	0x1d2
 735 0466 57010000 		.4byte	0x157
 736 046a 30       		.byte	0x30
 737 046b 08       		.uleb128 0x8
 738 046c 746D00   		.ascii	"tm\000"
 739 046f 08       		.byte	0x8
 740 0470 D701     		.2byte	0x1d7
 741 0472 17060000 		.4byte	0x617
ARM GAS  /tmp/ccWxQqQq.s 			page 14


 742 0476 78       		.byte	0x78
 743 0477 09       		.uleb128 0x9
 744 0478 CA010000 		.4byte	.LASF83
 745 047c 08       		.byte	0x8
 746 047d E301     		.2byte	0x1e3
 747 047f 09070000 		.4byte	0x709
 748 0483 80       		.byte	0x80
 749 0484 00       		.byte	0
 750 0485 04       		.uleb128 0x4
 751 0486 04       		.byte	0x4
 752 0487 07       		.byte	0x7
 753 0488 DB020000 		.4byte	.LASF84
 754 048c 03       		.uleb128 0x3
 755 048d B1010000 		.4byte	.LASF85
 756 0491 09       		.byte	0x9
 757 0492 65       		.byte	0x65
 758 0493 4F030000 		.4byte	0x34f
 759 0497 03       		.uleb128 0x3
 760 0498 A3020000 		.4byte	.LASF86
 761 049c 09       		.byte	0x9
 762 049d 6D       		.byte	0x6d
 763 049e D9000000 		.4byte	0xd9
 764 04a2 06       		.uleb128 0x6
 765 04a3 84060000 		.4byte	.LASF87
 766 04a7 04       		.byte	0x4
 767 04a8 09       		.byte	0x9
 768 04a9 89       		.byte	0x89
 769 04aa BB040000 		.4byte	0x4bb
 770 04ae 10       		.uleb128 0x10
 771 04af 72313300 		.ascii	"r13\000"
 772 04b3 09       		.byte	0x9
 773 04b4 8A       		.byte	0x8a
 774 04b5 FC050000 		.4byte	0x5fc
 775 04b9 00       		.byte	0
 776 04ba 00       		.byte	0
 777 04bb 06       		.uleb128 0x6
 778 04bc 3B000000 		.4byte	.LASF88
 779 04c0 64       		.byte	0x64
 780 04c1 0A       		.byte	0xa
 781 04c2 F4       		.byte	0xf4
 782 04c3 FC050000 		.4byte	0x5fc
 783 04c7 10       		.uleb128 0x10
 784 04c8 73313600 		.ascii	"s16\000"
 785 04cc 0A       		.byte	0xa
 786 04cd F6       		.byte	0xf6
 787 04ce 8C040000 		.4byte	0x48c
 788 04d2 00       		.byte	0
 789 04d3 10       		.uleb128 0x10
 790 04d4 73313700 		.ascii	"s17\000"
 791 04d8 0A       		.byte	0xa
 792 04d9 F7       		.byte	0xf7
 793 04da 8C040000 		.4byte	0x48c
 794 04de 04       		.byte	0x4
 795 04df 10       		.uleb128 0x10
 796 04e0 73313800 		.ascii	"s18\000"
 797 04e4 0A       		.byte	0xa
 798 04e5 F8       		.byte	0xf8
ARM GAS  /tmp/ccWxQqQq.s 			page 15


 799 04e6 8C040000 		.4byte	0x48c
 800 04ea 08       		.byte	0x8
 801 04eb 10       		.uleb128 0x10
 802 04ec 73313900 		.ascii	"s19\000"
 803 04f0 0A       		.byte	0xa
 804 04f1 F9       		.byte	0xf9
 805 04f2 8C040000 		.4byte	0x48c
 806 04f6 0C       		.byte	0xc
 807 04f7 10       		.uleb128 0x10
 808 04f8 73323000 		.ascii	"s20\000"
 809 04fc 0A       		.byte	0xa
 810 04fd FA       		.byte	0xfa
 811 04fe 8C040000 		.4byte	0x48c
 812 0502 10       		.byte	0x10
 813 0503 10       		.uleb128 0x10
 814 0504 73323100 		.ascii	"s21\000"
 815 0508 0A       		.byte	0xa
 816 0509 FB       		.byte	0xfb
 817 050a 8C040000 		.4byte	0x48c
 818 050e 14       		.byte	0x14
 819 050f 10       		.uleb128 0x10
 820 0510 73323200 		.ascii	"s22\000"
 821 0514 0A       		.byte	0xa
 822 0515 FC       		.byte	0xfc
 823 0516 8C040000 		.4byte	0x48c
 824 051a 18       		.byte	0x18
 825 051b 10       		.uleb128 0x10
 826 051c 73323300 		.ascii	"s23\000"
 827 0520 0A       		.byte	0xa
 828 0521 FD       		.byte	0xfd
 829 0522 8C040000 		.4byte	0x48c
 830 0526 1C       		.byte	0x1c
 831 0527 10       		.uleb128 0x10
 832 0528 73323400 		.ascii	"s24\000"
 833 052c 0A       		.byte	0xa
 834 052d FE       		.byte	0xfe
 835 052e 8C040000 		.4byte	0x48c
 836 0532 20       		.byte	0x20
 837 0533 10       		.uleb128 0x10
 838 0534 73323500 		.ascii	"s25\000"
 839 0538 0A       		.byte	0xa
 840 0539 FF       		.byte	0xff
 841 053a 8C040000 		.4byte	0x48c
 842 053e 24       		.byte	0x24
 843 053f 08       		.uleb128 0x8
 844 0540 73323600 		.ascii	"s26\000"
 845 0544 0A       		.byte	0xa
 846 0545 0001     		.2byte	0x100
 847 0547 8C040000 		.4byte	0x48c
 848 054b 28       		.byte	0x28
 849 054c 08       		.uleb128 0x8
 850 054d 73323700 		.ascii	"s27\000"
 851 0551 0A       		.byte	0xa
 852 0552 0101     		.2byte	0x101
 853 0554 8C040000 		.4byte	0x48c
 854 0558 2C       		.byte	0x2c
 855 0559 08       		.uleb128 0x8
ARM GAS  /tmp/ccWxQqQq.s 			page 16


 856 055a 73323800 		.ascii	"s28\000"
 857 055e 0A       		.byte	0xa
 858 055f 0201     		.2byte	0x102
 859 0561 8C040000 		.4byte	0x48c
 860 0565 30       		.byte	0x30
 861 0566 08       		.uleb128 0x8
 862 0567 73323900 		.ascii	"s29\000"
 863 056b 0A       		.byte	0xa
 864 056c 0301     		.2byte	0x103
 865 056e 8C040000 		.4byte	0x48c
 866 0572 34       		.byte	0x34
 867 0573 08       		.uleb128 0x8
 868 0574 73333000 		.ascii	"s30\000"
 869 0578 0A       		.byte	0xa
 870 0579 0401     		.2byte	0x104
 871 057b 8C040000 		.4byte	0x48c
 872 057f 38       		.byte	0x38
 873 0580 08       		.uleb128 0x8
 874 0581 73333100 		.ascii	"s31\000"
 875 0585 0A       		.byte	0xa
 876 0586 0501     		.2byte	0x105
 877 0588 8C040000 		.4byte	0x48c
 878 058c 3C       		.byte	0x3c
 879 058d 08       		.uleb128 0x8
 880 058e 723400   		.ascii	"r4\000"
 881 0591 0A       		.byte	0xa
 882 0592 0701     		.2byte	0x107
 883 0594 8C040000 		.4byte	0x48c
 884 0598 40       		.byte	0x40
 885 0599 08       		.uleb128 0x8
 886 059a 723500   		.ascii	"r5\000"
 887 059d 0A       		.byte	0xa
 888 059e 0801     		.2byte	0x108
 889 05a0 8C040000 		.4byte	0x48c
 890 05a4 44       		.byte	0x44
 891 05a5 08       		.uleb128 0x8
 892 05a6 723600   		.ascii	"r6\000"
 893 05a9 0A       		.byte	0xa
 894 05aa 0901     		.2byte	0x109
 895 05ac 8C040000 		.4byte	0x48c
 896 05b0 48       		.byte	0x48
 897 05b1 08       		.uleb128 0x8
 898 05b2 723700   		.ascii	"r7\000"
 899 05b5 0A       		.byte	0xa
 900 05b6 0A01     		.2byte	0x10a
 901 05b8 8C040000 		.4byte	0x48c
 902 05bc 4C       		.byte	0x4c
 903 05bd 08       		.uleb128 0x8
 904 05be 723800   		.ascii	"r8\000"
 905 05c1 0A       		.byte	0xa
 906 05c2 0B01     		.2byte	0x10b
 907 05c4 8C040000 		.4byte	0x48c
 908 05c8 50       		.byte	0x50
 909 05c9 08       		.uleb128 0x8
 910 05ca 723900   		.ascii	"r9\000"
 911 05cd 0A       		.byte	0xa
 912 05ce 0C01     		.2byte	0x10c
ARM GAS  /tmp/ccWxQqQq.s 			page 17


 913 05d0 8C040000 		.4byte	0x48c
 914 05d4 54       		.byte	0x54
 915 05d5 08       		.uleb128 0x8
 916 05d6 72313000 		.ascii	"r10\000"
 917 05da 0A       		.byte	0xa
 918 05db 0D01     		.2byte	0x10d
 919 05dd 8C040000 		.4byte	0x48c
 920 05e1 58       		.byte	0x58
 921 05e2 08       		.uleb128 0x8
 922 05e3 72313100 		.ascii	"r11\000"
 923 05e7 0A       		.byte	0xa
 924 05e8 0E01     		.2byte	0x10e
 925 05ea 8C040000 		.4byte	0x48c
 926 05ee 5C       		.byte	0x5c
 927 05ef 08       		.uleb128 0x8
 928 05f0 6C7200   		.ascii	"lr\000"
 929 05f3 0A       		.byte	0xa
 930 05f4 0F01     		.2byte	0x10f
 931 05f6 8C040000 		.4byte	0x48c
 932 05fa 60       		.byte	0x60
 933 05fb 00       		.byte	0
 934 05fc 0A       		.uleb128 0xa
 935 05fd 04       		.byte	0x4
 936 05fe BB040000 		.4byte	0x4bb
 937 0602 11       		.uleb128 0x11
 938 0603 04       		.byte	0x4
 939 0604 0B       		.byte	0xb
 940 0605 38       		.byte	0x38
 941 0606 17060000 		.4byte	0x617
 942 060a 07       		.uleb128 0x7
 943 060b 7D060000 		.4byte	.LASF89
 944 060f 0B       		.byte	0xb
 945 0610 3C       		.byte	0x3c
 946 0611 E9000000 		.4byte	0xe9
 947 0615 00       		.byte	0
 948 0616 00       		.byte	0
 949 0617 03       		.uleb128 0x3
 950 0618 27030000 		.4byte	.LASF90
 951 061c 0B       		.byte	0xb
 952 061d 3D       		.byte	0x3d
 953 061e 02060000 		.4byte	0x602
 954 0622 12       		.uleb128 0x12
 955 0623 04       		.byte	0x4
 956 0624 08       		.byte	0x8
 957 0625 FA       		.byte	0xfa
 958 0626 7F060000 		.4byte	0x67f
 959 062a 13       		.uleb128 0x13
 960 062b 21000000 		.4byte	.LASF91
 961 062f 08       		.byte	0x8
 962 0630 0101     		.2byte	0x101
 963 0632 2B010000 		.4byte	0x12b
 964 0636 13       		.uleb128 0x13
 965 0637 85000000 		.4byte	.LASF92
 966 063b 08       		.byte	0x8
 967 063c 0801     		.2byte	0x108
 968 063e 2B010000 		.4byte	0x12b
 969 0642 13       		.uleb128 0x13
ARM GAS  /tmp/ccWxQqQq.s 			page 18


 970 0643 E6060000 		.4byte	.LASF93
 971 0647 08       		.byte	0x8
 972 0648 0F01     		.2byte	0x10f
 973 064a 4F030000 		.4byte	0x34f
 974 064e 13       		.uleb128 0x13
 975 064f 6D010000 		.4byte	.LASF94
 976 0653 08       		.byte	0x8
 977 0654 1601     		.2byte	0x116
 978 0656 7F060000 		.4byte	0x67f
 979 065a 13       		.uleb128 0x13
 980 065b 04020000 		.4byte	.LASF95
 981 065f 08       		.byte	0x8
 982 0660 1E01     		.2byte	0x11e
 983 0662 AA060000 		.4byte	0x6aa
 984 0666 13       		.uleb128 0x13
 985 0667 0D050000 		.4byte	.LASF96
 986 066b 08       		.byte	0x8
 987 066c 2701     		.2byte	0x127
 988 066e E1060000 		.4byte	0x6e1
 989 0672 13       		.uleb128 0x13
 990 0673 1E040000 		.4byte	.LASF97
 991 0677 08       		.byte	0x8
 992 0678 2F01     		.2byte	0x12f
 993 067a 36010000 		.4byte	0x136
 994 067e 00       		.byte	0
 995 067f 0A       		.uleb128 0xa
 996 0680 04       		.byte	0x4
 997 0681 67020000 		.4byte	0x267
 998 0685 06       		.uleb128 0x6
 999 0686 99040000 		.4byte	.LASF98
 1000 068a 0C       		.byte	0xc
 1001 068b 0C       		.byte	0xc
 1002 068c 34       		.byte	0x34
 1003 068d AA060000 		.4byte	0x6aa
 1004 0691 07       		.uleb128 0x7
 1005 0692 A1010000 		.4byte	.LASF99
 1006 0696 0C       		.byte	0xc
 1007 0697 35       		.byte	0x35
 1008 0698 9C020000 		.4byte	0x29c
 1009 069c 00       		.byte	0
 1010 069d 07       		.uleb128 0x7
 1011 069e 28020000 		.4byte	.LASF100
 1012 06a2 0C       		.byte	0xc
 1013 06a3 37       		.byte	0x37
 1014 06a4 41010000 		.4byte	0x141
 1015 06a8 08       		.byte	0x8
 1016 06a9 00       		.byte	0
 1017 06aa 0A       		.uleb128 0xa
 1018 06ab 04       		.byte	0x4
 1019 06ac 85060000 		.4byte	0x685
 1020 06b0 06       		.uleb128 0x6
 1021 06b1 AC060000 		.4byte	.LASF101
 1022 06b5 10       		.byte	0x10
 1023 06b6 0D       		.byte	0xd
 1024 06b7 39       		.byte	0x39
 1025 06b8 E1060000 		.4byte	0x6e1
 1026 06bc 07       		.uleb128 0x7
ARM GAS  /tmp/ccWxQqQq.s 			page 19


 1027 06bd 23010000 		.4byte	.LASF102
 1028 06c1 0D       		.byte	0xd
 1029 06c2 3A       		.byte	0x3a
 1030 06c3 9C020000 		.4byte	0x29c
 1031 06c7 00       		.byte	0
 1032 06c8 07       		.uleb128 0x7
 1033 06c9 16070000 		.4byte	.LASF103
 1034 06cd 0D       		.byte	0xd
 1035 06ce 3C       		.byte	0x3c
 1036 06cf 72020000 		.4byte	0x272
 1037 06d3 08       		.byte	0x8
 1038 06d4 07       		.uleb128 0x7
 1039 06d5 43060000 		.4byte	.LASF104
 1040 06d9 0D       		.byte	0xd
 1041 06da 3E       		.byte	0x3e
 1042 06db 20080000 		.4byte	0x820
 1043 06df 0C       		.byte	0xc
 1044 06e0 00       		.byte	0
 1045 06e1 0A       		.uleb128 0xa
 1046 06e2 04       		.byte	0x4
 1047 06e3 B0060000 		.4byte	0x6b0
 1048 06e7 0A       		.uleb128 0xa
 1049 06e8 04       		.byte	0x4
 1050 06e9 ED060000 		.4byte	0x6ed
 1051 06ed 14       		.uleb128 0x14
 1052 06ee F2060000 		.4byte	0x6f2
 1053 06f2 04       		.uleb128 0x4
 1054 06f3 01       		.byte	0x1
 1055 06f4 08       		.byte	0x8
 1056 06f5 F8040000 		.4byte	.LASF105
 1057 06f9 05       		.uleb128 0x5
 1058 06fa 4C010000 		.4byte	0x14c
 1059 06fe 0A       		.uleb128 0xa
 1060 06ff 04       		.byte	0x4
 1061 0700 51030000 		.4byte	0x351
 1062 0704 05       		.uleb128 0x5
 1063 0705 E7060000 		.4byte	0x6e7
 1064 0709 15       		.uleb128 0x15
 1065 070a 97040000 		.4byte	0x497
 1066 070e 19070000 		.4byte	0x719
 1067 0712 16       		.uleb128 0x16
 1068 0713 85040000 		.4byte	0x485
 1069 0717 3A       		.byte	0x3a
 1070 0718 00       		.byte	0
 1071 0719 11       		.uleb128 0x11
 1072 071a 16       		.byte	0x16
 1073 071b 0E       		.byte	0xe
 1074 071c 34       		.byte	0x34
 1075 071d FA070000 		.4byte	0x7fa
 1076 0721 07       		.uleb128 0x7
 1077 0722 1E070000 		.4byte	.LASF106
 1078 0726 0E       		.byte	0xe
 1079 0727 35       		.byte	0x35
 1080 0728 FA070000 		.4byte	0x7fa
 1081 072c 00       		.byte	0
 1082 072d 07       		.uleb128 0x7
 1083 072e BD020000 		.4byte	.LASF107
ARM GAS  /tmp/ccWxQqQq.s 			page 20


 1084 0732 0E       		.byte	0xe
 1085 0733 36       		.byte	0x36
 1086 0734 AD000000 		.4byte	0xad
 1087 0738 04       		.byte	0x4
 1088 0739 07       		.uleb128 0x7
 1089 073a DE040000 		.4byte	.LASF108
 1090 073e 0E       		.byte	0xe
 1091 073f 37       		.byte	0x37
 1092 0740 AD000000 		.4byte	0xad
 1093 0744 05       		.byte	0x5
 1094 0745 07       		.uleb128 0x7
 1095 0746 0B070000 		.4byte	.LASF109
 1096 074a 0E       		.byte	0xe
 1097 074b 38       		.byte	0x38
 1098 074c B8000000 		.4byte	0xb8
 1099 0750 06       		.byte	0x6
 1100 0751 07       		.uleb128 0x7
 1101 0752 70030000 		.4byte	.LASF110
 1102 0756 0E       		.byte	0xe
 1103 0757 39       		.byte	0x39
 1104 0758 AD000000 		.4byte	0xad
 1105 075c 08       		.byte	0x8
 1106 075d 07       		.uleb128 0x7
 1107 075e FB020000 		.4byte	.LASF111
 1108 0762 0E       		.byte	0xe
 1109 0763 3A       		.byte	0x3a
 1110 0764 AD000000 		.4byte	0xad
 1111 0768 09       		.byte	0x9
 1112 0769 07       		.uleb128 0x7
 1113 076a 77000000 		.4byte	.LASF112
 1114 076e 0E       		.byte	0xe
 1115 076f 3B       		.byte	0x3b
 1116 0770 AD000000 		.4byte	0xad
 1117 0774 0A       		.byte	0xa
 1118 0775 07       		.uleb128 0x7
 1119 0776 BA040000 		.4byte	.LASF113
 1120 077a 0E       		.byte	0xe
 1121 077b 3C       		.byte	0x3c
 1122 077c AD000000 		.4byte	0xad
 1123 0780 0B       		.byte	0xb
 1124 0781 07       		.uleb128 0x7
 1125 0782 A1060000 		.4byte	.LASF114
 1126 0786 0E       		.byte	0xe
 1127 0787 3D       		.byte	0x3d
 1128 0788 AD000000 		.4byte	0xad
 1129 078c 0C       		.byte	0xc
 1130 078d 07       		.uleb128 0x7
 1131 078e 8C040000 		.4byte	.LASF115
 1132 0792 0E       		.byte	0xe
 1133 0793 3E       		.byte	0x3e
 1134 0794 AD000000 		.4byte	0xad
 1135 0798 0D       		.byte	0xd
 1136 0799 07       		.uleb128 0x7
 1137 079a 00000000 		.4byte	.LASF116
 1138 079e 0E       		.byte	0xe
 1139 079f 3F       		.byte	0x3f
 1140 07a0 AD000000 		.4byte	0xad
ARM GAS  /tmp/ccWxQqQq.s 			page 21


 1141 07a4 0E       		.byte	0xe
 1142 07a5 07       		.uleb128 0x7
 1143 07a6 07030000 		.4byte	.LASF117
 1144 07aa 0E       		.byte	0xe
 1145 07ab 40       		.byte	0x40
 1146 07ac AD000000 		.4byte	0xad
 1147 07b0 0F       		.byte	0xf
 1148 07b1 07       		.uleb128 0x7
 1149 07b2 FE000000 		.4byte	.LASF118
 1150 07b6 0E       		.byte	0xe
 1151 07b7 41       		.byte	0x41
 1152 07b8 AD000000 		.4byte	0xad
 1153 07bc 10       		.byte	0x10
 1154 07bd 07       		.uleb128 0x7
 1155 07be CF000000 		.4byte	.LASF119
 1156 07c2 0E       		.byte	0xe
 1157 07c3 43       		.byte	0x43
 1158 07c4 AD000000 		.4byte	0xad
 1159 07c8 11       		.byte	0x11
 1160 07c9 07       		.uleb128 0x7
 1161 07ca 0E010000 		.4byte	.LASF120
 1162 07ce 0E       		.byte	0xe
 1163 07cf 44       		.byte	0x44
 1164 07d0 AD000000 		.4byte	0xad
 1165 07d4 12       		.byte	0x12
 1166 07d5 07       		.uleb128 0x7
 1167 07d6 C5020000 		.4byte	.LASF121
 1168 07da 0E       		.byte	0xe
 1169 07db 45       		.byte	0x45
 1170 07dc AD000000 		.4byte	0xad
 1171 07e0 13       		.byte	0x13
 1172 07e1 07       		.uleb128 0x7
 1173 07e2 34040000 		.4byte	.LASF122
 1174 07e6 0E       		.byte	0xe
 1175 07e7 46       		.byte	0x46
 1176 07e8 AD000000 		.4byte	0xad
 1177 07ec 14       		.byte	0x14
 1178 07ed 07       		.uleb128 0x7
 1179 07ee 5D020000 		.4byte	.LASF123
 1180 07f2 0E       		.byte	0xe
 1181 07f3 48       		.byte	0x48
 1182 07f4 AD000000 		.4byte	0xad
 1183 07f8 15       		.byte	0x15
 1184 07f9 00       		.byte	0
 1185 07fa 15       		.uleb128 0x15
 1186 07fb F2060000 		.4byte	0x6f2
 1187 07ff 0A080000 		.4byte	0x80a
 1188 0803 16       		.uleb128 0x16
 1189 0804 85040000 		.4byte	0x485
 1190 0808 03       		.byte	0x3
 1191 0809 00       		.byte	0
 1192 080a 03       		.uleb128 0x3
 1193 080b 8F010000 		.4byte	.LASF124
 1194 080f 0E       		.byte	0xe
 1195 0810 49       		.byte	0x49
 1196 0811 19070000 		.4byte	0x719
 1197 0815 03       		.uleb128 0x3
ARM GAS  /tmp/ccWxQqQq.s 			page 22


 1198 0816 C2010000 		.4byte	.LASF125
 1199 081a 0D       		.byte	0xd
 1200 081b 34       		.byte	0x34
 1201 081c B0060000 		.4byte	0x6b0
 1202 0820 0A       		.uleb128 0xa
 1203 0821 04       		.byte	0x4
 1204 0822 15080000 		.4byte	0x815
 1205 0826 17       		.uleb128 0x17
 1206 0827 62030000 		.4byte	.LASF126
 1207 082b 02       		.byte	0x2
 1208 082c 5401     		.2byte	0x154
 1209 082e 03       		.byte	0x3
 1210 082f 17       		.uleb128 0x17
 1211 0830 4A030000 		.4byte	.LASF127
 1212 0834 02       		.byte	0x2
 1213 0835 4901     		.2byte	0x149
 1214 0837 03       		.byte	0x3
 1215 0838 17       		.uleb128 0x17
 1216 0839 56000000 		.4byte	.LASF128
 1217 083d 0A       		.byte	0xa
 1218 083e BC01     		.2byte	0x1bc
 1219 0840 03       		.byte	0x3
 1220 0841 17       		.uleb128 0x17
 1221 0842 32010000 		.4byte	.LASF129
 1222 0846 0A       		.byte	0xa
 1223 0847 CA01     		.2byte	0x1ca
 1224 0849 03       		.byte	0x3
 1225 084a 17       		.uleb128 0x17
 1226 084b 54040000 		.4byte	.LASF130
 1227 084f 0F       		.byte	0xf
 1228 0850 5A01     		.2byte	0x15a
 1229 0852 03       		.byte	0x3
 1230 0853 18       		.uleb128 0x18
 1231 0854 FF060000 		.4byte	.LASF138
 1232 0858 0F       		.byte	0xf
 1233 0859 6601     		.2byte	0x166
 1234 085b 03       		.byte	0x3
 1235 085c 6E080000 		.4byte	0x86e
 1236 0860 19       		.uleb128 0x19
 1237 0861 4B040000 		.4byte	.LASF139
 1238 0865 7E080000 		.4byte	0x87e
 1239 0869 FF060000 		.4byte	.LASF138
 1240 086d 00       		.byte	0
 1241 086e 15       		.uleb128 0x15
 1242 086f F2060000 		.4byte	0x6f2
 1243 0873 7E080000 		.4byte	0x87e
 1244 0877 16       		.uleb128 0x16
 1245 0878 85040000 		.4byte	0x485
 1246 087c 0B       		.byte	0xb
 1247 087d 00       		.byte	0
 1248 087e 14       		.uleb128 0x14
 1249 087f 6E080000 		.4byte	0x86e
 1250 0883 1A       		.uleb128 0x1a
 1251 0884 99000000 		.4byte	.LASF131
 1252 0888 01       		.byte	0x1
 1253 0889 83       		.byte	0x83
 1254 088a 72020000 		.4byte	0x272
ARM GAS  /tmp/ccWxQqQq.s 			page 23


 1255 088e 00000000 		.4byte	.LFB219
 1256 0892 14000000 		.4byte	.LFE219-.LFB219
 1257 0896 01       		.uleb128 0x1
 1258 0897 9C       		.byte	0x9c
 1259 0898 1E090000 		.4byte	0x91e
 1260 089c 1B       		.uleb128 0x1b
 1261 089d 747000   		.ascii	"tp\000"
 1262 08a0 01       		.byte	0x1
 1263 08a1 84       		.byte	0x84
 1264 08a2 72020000 		.4byte	0x272
 1265 08a6 01       		.uleb128 0x1
 1266 08a7 50       		.byte	0x50
 1267 08a8 1C       		.uleb128 0x1c
 1268 08a9 4A080000 		.4byte	0x84a
 1269 08ad 00000000 		.4byte	.LBB34
 1270 08b1 02000000 		.4byte	.LBE34-.LBB34
 1271 08b5 01       		.byte	0x1
 1272 08b6 86       		.byte	0x86
 1273 08b7 DD080000 		.4byte	0x8dd
 1274 08bb 1D       		.uleb128 0x1d
 1275 08bc 38080000 		.4byte	0x838
 1276 08c0 00000000 		.4byte	.LBB35
 1277 08c4 02000000 		.4byte	.LBE35-.LBB35
 1278 08c8 0F       		.byte	0xf
 1279 08c9 5C01     		.2byte	0x15c
 1280 08cb 1E       		.uleb128 0x1e
 1281 08cc 26080000 		.4byte	0x826
 1282 08d0 00000000 		.4byte	.LBB36
 1283 08d4 02000000 		.4byte	.LBE36-.LBB36
 1284 08d8 0A       		.byte	0xa
 1285 08d9 C101     		.2byte	0x1c1
 1286 08db 00       		.byte	0
 1287 08dc 00       		.byte	0
 1288 08dd 1F       		.uleb128 0x1f
 1289 08de 53080000 		.4byte	0x853
 1290 08e2 0C000000 		.4byte	.LBB38
 1291 08e6 02000000 		.4byte	.LBE38-.LBB38
 1292 08ea 01       		.byte	0x1
 1293 08eb 8B       		.byte	0x8b
 1294 08ec 20       		.uleb128 0x20
 1295 08ed 0C000000 		.4byte	.LBB39
 1296 08f1 02000000 		.4byte	.LBE39-.LBB39
 1297 08f5 21       		.uleb128 0x21
 1298 08f6 60080000 		.4byte	0x860
 1299 08fa 1D       		.uleb128 0x1d
 1300 08fb 41080000 		.4byte	0x841
 1301 08ff 0C000000 		.4byte	.LBB40
 1302 0903 02000000 		.4byte	.LBE40-.LBB40
 1303 0907 0F       		.byte	0xf
 1304 0908 7301     		.2byte	0x173
 1305 090a 1E       		.uleb128 0x1e
 1306 090b 2F080000 		.4byte	0x82f
 1307 090f 0C000000 		.4byte	.LBB41
 1308 0913 02000000 		.4byte	.LBE41-.LBB41
 1309 0917 0A       		.byte	0xa
 1310 0918 CF01     		.2byte	0x1cf
 1311 091a 00       		.byte	0
ARM GAS  /tmp/ccWxQqQq.s 			page 24


 1312 091b 00       		.byte	0
 1313 091c 00       		.byte	0
 1314 091d 00       		.byte	0
 1315 091e 1A       		.uleb128 0x1a
 1316 091f FD040000 		.4byte	.LASF132
 1317 0923 01       		.byte	0x1
 1318 0924 9B       		.byte	0x9b
 1319 0925 72020000 		.4byte	0x272
 1320 0929 00000000 		.4byte	.LFB220
 1321 092d 24000000 		.4byte	.LFE220-.LFB220
 1322 0931 01       		.uleb128 0x1
 1323 0932 9C       		.byte	0x9c
 1324 0933 E8090000 		.4byte	0x9e8
 1325 0937 22       		.uleb128 0x22
 1326 0938 747000   		.ascii	"tp\000"
 1327 093b 01       		.byte	0x1
 1328 093c 9B       		.byte	0x9b
 1329 093d 72020000 		.4byte	0x272
 1330 0941 00000000 		.4byte	.LLST0
 1331 0945 23       		.uleb128 0x23
 1332 0946 6E747000 		.ascii	"ntp\000"
 1333 094a 01       		.byte	0x1
 1334 094b 9C       		.byte	0x9c
 1335 094c 72020000 		.4byte	0x272
 1336 0950 21000000 		.4byte	.LLST1
 1337 0954 24       		.uleb128 0x24
 1338 0955 4B040000 		.4byte	.LASF139
 1339 0959 F8090000 		.4byte	0x9f8
 1340 095d 1C       		.uleb128 0x1c
 1341 095e 4A080000 		.4byte	0x84a
 1342 0962 02000000 		.4byte	.LBB43
 1343 0966 02000000 		.4byte	.LBE43-.LBB43
 1344 096a 01       		.byte	0x1
 1345 096b 9E       		.byte	0x9e
 1346 096c 92090000 		.4byte	0x992
 1347 0970 1D       		.uleb128 0x1d
 1348 0971 38080000 		.4byte	0x838
 1349 0975 02000000 		.4byte	.LBB44
 1350 0979 02000000 		.4byte	.LBE44-.LBB44
 1351 097d 0F       		.byte	0xf
 1352 097e 5C01     		.2byte	0x15c
 1353 0980 1E       		.uleb128 0x1e
 1354 0981 26080000 		.4byte	0x826
 1355 0985 02000000 		.4byte	.LBB45
 1356 0989 02000000 		.4byte	.LBE45-.LBB45
 1357 098d 0A       		.byte	0xa
 1358 098e C101     		.2byte	0x1c1
 1359 0990 00       		.byte	0
 1360 0991 00       		.byte	0
 1361 0992 1C       		.uleb128 0x1c
 1362 0993 53080000 		.4byte	0x853
 1363 0997 14000000 		.4byte	.LBB47
 1364 099b 02000000 		.4byte	.LBE47-.LBB47
 1365 099f 01       		.byte	0x1
 1366 09a0 AB       		.byte	0xab
 1367 09a1 D6090000 		.4byte	0x9d6
 1368 09a5 20       		.uleb128 0x20
ARM GAS  /tmp/ccWxQqQq.s 			page 25


 1369 09a6 14000000 		.4byte	.LBB48
 1370 09aa 02000000 		.4byte	.LBE48-.LBB48
 1371 09ae 21       		.uleb128 0x21
 1372 09af 60080000 		.4byte	0x860
 1373 09b3 1D       		.uleb128 0x1d
 1374 09b4 41080000 		.4byte	0x841
 1375 09b8 14000000 		.4byte	.LBB49
 1376 09bc 02000000 		.4byte	.LBE49-.LBB49
 1377 09c0 0F       		.byte	0xf
 1378 09c1 7301     		.2byte	0x173
 1379 09c3 1E       		.uleb128 0x1e
 1380 09c4 2F080000 		.4byte	0x82f
 1381 09c8 14000000 		.4byte	.LBB50
 1382 09cc 02000000 		.4byte	.LBE50-.LBB50
 1383 09d0 0A       		.byte	0xa
 1384 09d1 CF01     		.2byte	0x1cf
 1385 09d3 00       		.byte	0
 1386 09d4 00       		.byte	0
 1387 09d5 00       		.byte	0
 1388 09d6 25       		.uleb128 0x25
 1389 09d7 1A000000 		.4byte	.LVL4
 1390 09db 2A0A0000 		.4byte	0xa2a
 1391 09df 26       		.uleb128 0x26
 1392 09e0 01       		.uleb128 0x1
 1393 09e1 50       		.byte	0x50
 1394 09e2 03       		.uleb128 0x3
 1395 09e3 F3       		.byte	0xf3
 1396 09e4 01       		.uleb128 0x1
 1397 09e5 50       		.byte	0x50
 1398 09e6 00       		.byte	0
 1399 09e7 00       		.byte	0
 1400 09e8 15       		.uleb128 0x15
 1401 09e9 F2060000 		.4byte	0x6f2
 1402 09ed F8090000 		.4byte	0x9f8
 1403 09f1 16       		.uleb128 0x16
 1404 09f2 85040000 		.4byte	0x485
 1405 09f6 0F       		.byte	0xf
 1406 09f7 00       		.byte	0
 1407 09f8 14       		.uleb128 0x14
 1408 09f9 E8090000 		.4byte	0x9e8
 1409 09fd 27       		.uleb128 0x27
 1410 09fe AA000000 		.4byte	.LASF133
 1411 0a02 10       		.byte	0x10
 1412 0a03 A706     		.2byte	0x6a7
 1413 0a05 E4000000 		.4byte	0xe4
 1414 0a09 28       		.uleb128 0x28
 1415 0a0a 636800   		.ascii	"ch\000"
 1416 0a0d 08       		.byte	0x8
 1417 0a0e 0902     		.2byte	0x209
 1418 0a10 1E040000 		.4byte	0x41e
 1419 0a14 29       		.uleb128 0x29
 1420 0a15 1F020000 		.4byte	.LASF134
 1421 0a19 01       		.byte	0x1
 1422 0a1a 50       		.byte	0x50
 1423 0a1b 250A0000 		.4byte	0xa25
 1424 0a1f 05       		.uleb128 0x5
 1425 0a20 03       		.byte	0x3
ARM GAS  /tmp/ccWxQqQq.s 			page 26


 1426 0a21 00000000 		.4byte	ch_debug
 1427 0a25 14       		.uleb128 0x14
 1428 0a26 0A080000 		.4byte	0x80a
 1429 0a2a 2A       		.uleb128 0x2a
 1430 0a2b 5E040000 		.4byte	.LASF140
 1431 0a2f 11       		.byte	0x11
 1432 0a30 4B       		.byte	0x4b
 1433 0a31 0D       		.uleb128 0xd
 1434 0a32 72020000 		.4byte	0x272
 1435 0a36 00       		.byte	0
 1436 0a37 00       		.byte	0
 1437              		.section	.debug_abbrev,"",%progbits
 1438              	.Ldebug_abbrev0:
 1439 0000 01       		.uleb128 0x1
 1440 0001 11       		.uleb128 0x11
 1441 0002 01       		.byte	0x1
 1442 0003 25       		.uleb128 0x25
 1443 0004 0E       		.uleb128 0xe
 1444 0005 13       		.uleb128 0x13
 1445 0006 0B       		.uleb128 0xb
 1446 0007 03       		.uleb128 0x3
 1447 0008 0E       		.uleb128 0xe
 1448 0009 1B       		.uleb128 0x1b
 1449 000a 0E       		.uleb128 0xe
 1450 000b 55       		.uleb128 0x55
 1451 000c 17       		.uleb128 0x17
 1452 000d 11       		.uleb128 0x11
 1453 000e 01       		.uleb128 0x1
 1454 000f 10       		.uleb128 0x10
 1455 0010 17       		.uleb128 0x17
 1456 0011 00       		.byte	0
 1457 0012 00       		.byte	0
 1458 0013 02       		.uleb128 0x2
 1459 0014 24       		.uleb128 0x24
 1460 0015 00       		.byte	0
 1461 0016 0B       		.uleb128 0xb
 1462 0017 0B       		.uleb128 0xb
 1463 0018 3E       		.uleb128 0x3e
 1464 0019 0B       		.uleb128 0xb
 1465 001a 03       		.uleb128 0x3
 1466 001b 08       		.uleb128 0x8
 1467 001c 00       		.byte	0
 1468 001d 00       		.byte	0
 1469 001e 03       		.uleb128 0x3
 1470 001f 16       		.uleb128 0x16
 1471 0020 00       		.byte	0
 1472 0021 03       		.uleb128 0x3
 1473 0022 0E       		.uleb128 0xe
 1474 0023 3A       		.uleb128 0x3a
 1475 0024 0B       		.uleb128 0xb
 1476 0025 3B       		.uleb128 0x3b
 1477 0026 0B       		.uleb128 0xb
 1478 0027 49       		.uleb128 0x49
 1479 0028 13       		.uleb128 0x13
 1480 0029 00       		.byte	0
 1481 002a 00       		.byte	0
 1482 002b 04       		.uleb128 0x4
ARM GAS  /tmp/ccWxQqQq.s 			page 27


 1483 002c 24       		.uleb128 0x24
 1484 002d 00       		.byte	0
 1485 002e 0B       		.uleb128 0xb
 1486 002f 0B       		.uleb128 0xb
 1487 0030 3E       		.uleb128 0x3e
 1488 0031 0B       		.uleb128 0xb
 1489 0032 03       		.uleb128 0x3
 1490 0033 0E       		.uleb128 0xe
 1491 0034 00       		.byte	0
 1492 0035 00       		.byte	0
 1493 0036 05       		.uleb128 0x5
 1494 0037 35       		.uleb128 0x35
 1495 0038 00       		.byte	0
 1496 0039 49       		.uleb128 0x49
 1497 003a 13       		.uleb128 0x13
 1498 003b 00       		.byte	0
 1499 003c 00       		.byte	0
 1500 003d 06       		.uleb128 0x6
 1501 003e 13       		.uleb128 0x13
 1502 003f 01       		.byte	0x1
 1503 0040 03       		.uleb128 0x3
 1504 0041 0E       		.uleb128 0xe
 1505 0042 0B       		.uleb128 0xb
 1506 0043 0B       		.uleb128 0xb
 1507 0044 3A       		.uleb128 0x3a
 1508 0045 0B       		.uleb128 0xb
 1509 0046 3B       		.uleb128 0x3b
 1510 0047 0B       		.uleb128 0xb
 1511 0048 01       		.uleb128 0x1
 1512 0049 13       		.uleb128 0x13
 1513 004a 00       		.byte	0
 1514 004b 00       		.byte	0
 1515 004c 07       		.uleb128 0x7
 1516 004d 0D       		.uleb128 0xd
 1517 004e 00       		.byte	0
 1518 004f 03       		.uleb128 0x3
 1519 0050 0E       		.uleb128 0xe
 1520 0051 3A       		.uleb128 0x3a
 1521 0052 0B       		.uleb128 0xb
 1522 0053 3B       		.uleb128 0x3b
 1523 0054 0B       		.uleb128 0xb
 1524 0055 49       		.uleb128 0x49
 1525 0056 13       		.uleb128 0x13
 1526 0057 38       		.uleb128 0x38
 1527 0058 0B       		.uleb128 0xb
 1528 0059 00       		.byte	0
 1529 005a 00       		.byte	0
 1530 005b 08       		.uleb128 0x8
 1531 005c 0D       		.uleb128 0xd
 1532 005d 00       		.byte	0
 1533 005e 03       		.uleb128 0x3
 1534 005f 08       		.uleb128 0x8
 1535 0060 3A       		.uleb128 0x3a
 1536 0061 0B       		.uleb128 0xb
 1537 0062 3B       		.uleb128 0x3b
 1538 0063 05       		.uleb128 0x5
 1539 0064 49       		.uleb128 0x49
ARM GAS  /tmp/ccWxQqQq.s 			page 28


 1540 0065 13       		.uleb128 0x13
 1541 0066 38       		.uleb128 0x38
 1542 0067 0B       		.uleb128 0xb
 1543 0068 00       		.byte	0
 1544 0069 00       		.byte	0
 1545 006a 09       		.uleb128 0x9
 1546 006b 0D       		.uleb128 0xd
 1547 006c 00       		.byte	0
 1548 006d 03       		.uleb128 0x3
 1549 006e 0E       		.uleb128 0xe
 1550 006f 3A       		.uleb128 0x3a
 1551 0070 0B       		.uleb128 0xb
 1552 0071 3B       		.uleb128 0x3b
 1553 0072 05       		.uleb128 0x5
 1554 0073 49       		.uleb128 0x49
 1555 0074 13       		.uleb128 0x13
 1556 0075 38       		.uleb128 0x38
 1557 0076 0B       		.uleb128 0xb
 1558 0077 00       		.byte	0
 1559 0078 00       		.byte	0
 1560 0079 0A       		.uleb128 0xa
 1561 007a 0F       		.uleb128 0xf
 1562 007b 00       		.byte	0
 1563 007c 0B       		.uleb128 0xb
 1564 007d 0B       		.uleb128 0xb
 1565 007e 49       		.uleb128 0x49
 1566 007f 13       		.uleb128 0x13
 1567 0080 00       		.byte	0
 1568 0081 00       		.byte	0
 1569 0082 0B       		.uleb128 0xb
 1570 0083 13       		.uleb128 0x13
 1571 0084 01       		.byte	0x1
 1572 0085 03       		.uleb128 0x3
 1573 0086 0E       		.uleb128 0xe
 1574 0087 0B       		.uleb128 0xb
 1575 0088 0B       		.uleb128 0xb
 1576 0089 3A       		.uleb128 0x3a
 1577 008a 0B       		.uleb128 0xb
 1578 008b 3B       		.uleb128 0x3b
 1579 008c 05       		.uleb128 0x5
 1580 008d 01       		.uleb128 0x1
 1581 008e 13       		.uleb128 0x13
 1582 008f 00       		.byte	0
 1583 0090 00       		.byte	0
 1584 0091 0C       		.uleb128 0xc
 1585 0092 15       		.uleb128 0x15
 1586 0093 01       		.byte	0x1
 1587 0094 27       		.uleb128 0x27
 1588 0095 19       		.uleb128 0x19
 1589 0096 01       		.uleb128 0x1
 1590 0097 13       		.uleb128 0x13
 1591 0098 00       		.byte	0
 1592 0099 00       		.byte	0
 1593 009a 0D       		.uleb128 0xd
 1594 009b 05       		.uleb128 0x5
 1595 009c 00       		.byte	0
 1596 009d 49       		.uleb128 0x49
ARM GAS  /tmp/ccWxQqQq.s 			page 29


 1597 009e 13       		.uleb128 0x13
 1598 009f 00       		.byte	0
 1599 00a0 00       		.byte	0
 1600 00a1 0E       		.uleb128 0xe
 1601 00a2 0F       		.uleb128 0xf
 1602 00a3 00       		.byte	0
 1603 00a4 0B       		.uleb128 0xb
 1604 00a5 0B       		.uleb128 0xb
 1605 00a6 00       		.byte	0
 1606 00a7 00       		.byte	0
 1607 00a8 0F       		.uleb128 0xf
 1608 00a9 13       		.uleb128 0x13
 1609 00aa 01       		.byte	0x1
 1610 00ab 03       		.uleb128 0x3
 1611 00ac 0E       		.uleb128 0xe
 1612 00ad 0B       		.uleb128 0xb
 1613 00ae 05       		.uleb128 0x5
 1614 00af 3A       		.uleb128 0x3a
 1615 00b0 0B       		.uleb128 0xb
 1616 00b1 3B       		.uleb128 0x3b
 1617 00b2 05       		.uleb128 0x5
 1618 00b3 01       		.uleb128 0x1
 1619 00b4 13       		.uleb128 0x13
 1620 00b5 00       		.byte	0
 1621 00b6 00       		.byte	0
 1622 00b7 10       		.uleb128 0x10
 1623 00b8 0D       		.uleb128 0xd
 1624 00b9 00       		.byte	0
 1625 00ba 03       		.uleb128 0x3
 1626 00bb 08       		.uleb128 0x8
 1627 00bc 3A       		.uleb128 0x3a
 1628 00bd 0B       		.uleb128 0xb
 1629 00be 3B       		.uleb128 0x3b
 1630 00bf 0B       		.uleb128 0xb
 1631 00c0 49       		.uleb128 0x49
 1632 00c1 13       		.uleb128 0x13
 1633 00c2 38       		.uleb128 0x38
 1634 00c3 0B       		.uleb128 0xb
 1635 00c4 00       		.byte	0
 1636 00c5 00       		.byte	0
 1637 00c6 11       		.uleb128 0x11
 1638 00c7 13       		.uleb128 0x13
 1639 00c8 01       		.byte	0x1
 1640 00c9 0B       		.uleb128 0xb
 1641 00ca 0B       		.uleb128 0xb
 1642 00cb 3A       		.uleb128 0x3a
 1643 00cc 0B       		.uleb128 0xb
 1644 00cd 3B       		.uleb128 0x3b
 1645 00ce 0B       		.uleb128 0xb
 1646 00cf 01       		.uleb128 0x1
 1647 00d0 13       		.uleb128 0x13
 1648 00d1 00       		.byte	0
 1649 00d2 00       		.byte	0
 1650 00d3 12       		.uleb128 0x12
 1651 00d4 17       		.uleb128 0x17
 1652 00d5 01       		.byte	0x1
 1653 00d6 0B       		.uleb128 0xb
ARM GAS  /tmp/ccWxQqQq.s 			page 30


 1654 00d7 0B       		.uleb128 0xb
 1655 00d8 3A       		.uleb128 0x3a
 1656 00d9 0B       		.uleb128 0xb
 1657 00da 3B       		.uleb128 0x3b
 1658 00db 0B       		.uleb128 0xb
 1659 00dc 01       		.uleb128 0x1
 1660 00dd 13       		.uleb128 0x13
 1661 00de 00       		.byte	0
 1662 00df 00       		.byte	0
 1663 00e0 13       		.uleb128 0x13
 1664 00e1 0D       		.uleb128 0xd
 1665 00e2 00       		.byte	0
 1666 00e3 03       		.uleb128 0x3
 1667 00e4 0E       		.uleb128 0xe
 1668 00e5 3A       		.uleb128 0x3a
 1669 00e6 0B       		.uleb128 0xb
 1670 00e7 3B       		.uleb128 0x3b
 1671 00e8 05       		.uleb128 0x5
 1672 00e9 49       		.uleb128 0x49
 1673 00ea 13       		.uleb128 0x13
 1674 00eb 00       		.byte	0
 1675 00ec 00       		.byte	0
 1676 00ed 14       		.uleb128 0x14
 1677 00ee 26       		.uleb128 0x26
 1678 00ef 00       		.byte	0
 1679 00f0 49       		.uleb128 0x49
 1680 00f1 13       		.uleb128 0x13
 1681 00f2 00       		.byte	0
 1682 00f3 00       		.byte	0
 1683 00f4 15       		.uleb128 0x15
 1684 00f5 01       		.uleb128 0x1
 1685 00f6 01       		.byte	0x1
 1686 00f7 49       		.uleb128 0x49
 1687 00f8 13       		.uleb128 0x13
 1688 00f9 01       		.uleb128 0x1
 1689 00fa 13       		.uleb128 0x13
 1690 00fb 00       		.byte	0
 1691 00fc 00       		.byte	0
 1692 00fd 16       		.uleb128 0x16
 1693 00fe 21       		.uleb128 0x21
 1694 00ff 00       		.byte	0
 1695 0100 49       		.uleb128 0x49
 1696 0101 13       		.uleb128 0x13
 1697 0102 2F       		.uleb128 0x2f
 1698 0103 0B       		.uleb128 0xb
 1699 0104 00       		.byte	0
 1700 0105 00       		.byte	0
 1701 0106 17       		.uleb128 0x17
 1702 0107 2E       		.uleb128 0x2e
 1703 0108 00       		.byte	0
 1704 0109 03       		.uleb128 0x3
 1705 010a 0E       		.uleb128 0xe
 1706 010b 3A       		.uleb128 0x3a
 1707 010c 0B       		.uleb128 0xb
 1708 010d 3B       		.uleb128 0x3b
 1709 010e 05       		.uleb128 0x5
 1710 010f 27       		.uleb128 0x27
ARM GAS  /tmp/ccWxQqQq.s 			page 31


 1711 0110 19       		.uleb128 0x19
 1712 0111 20       		.uleb128 0x20
 1713 0112 0B       		.uleb128 0xb
 1714 0113 00       		.byte	0
 1715 0114 00       		.byte	0
 1716 0115 18       		.uleb128 0x18
 1717 0116 2E       		.uleb128 0x2e
 1718 0117 01       		.byte	0x1
 1719 0118 03       		.uleb128 0x3
 1720 0119 0E       		.uleb128 0xe
 1721 011a 3A       		.uleb128 0x3a
 1722 011b 0B       		.uleb128 0xb
 1723 011c 3B       		.uleb128 0x3b
 1724 011d 05       		.uleb128 0x5
 1725 011e 27       		.uleb128 0x27
 1726 011f 19       		.uleb128 0x19
 1727 0120 20       		.uleb128 0x20
 1728 0121 0B       		.uleb128 0xb
 1729 0122 01       		.uleb128 0x1
 1730 0123 13       		.uleb128 0x13
 1731 0124 00       		.byte	0
 1732 0125 00       		.byte	0
 1733 0126 19       		.uleb128 0x19
 1734 0127 34       		.uleb128 0x34
 1735 0128 00       		.byte	0
 1736 0129 03       		.uleb128 0x3
 1737 012a 0E       		.uleb128 0xe
 1738 012b 49       		.uleb128 0x49
 1739 012c 13       		.uleb128 0x13
 1740 012d 34       		.uleb128 0x34
 1741 012e 19       		.uleb128 0x19
 1742 012f 1C       		.uleb128 0x1c
 1743 0130 0E       		.uleb128 0xe
 1744 0131 00       		.byte	0
 1745 0132 00       		.byte	0
 1746 0133 1A       		.uleb128 0x1a
 1747 0134 2E       		.uleb128 0x2e
 1748 0135 01       		.byte	0x1
 1749 0136 3F       		.uleb128 0x3f
 1750 0137 19       		.uleb128 0x19
 1751 0138 03       		.uleb128 0x3
 1752 0139 0E       		.uleb128 0xe
 1753 013a 3A       		.uleb128 0x3a
 1754 013b 0B       		.uleb128 0xb
 1755 013c 3B       		.uleb128 0x3b
 1756 013d 0B       		.uleb128 0xb
 1757 013e 27       		.uleb128 0x27
 1758 013f 19       		.uleb128 0x19
 1759 0140 49       		.uleb128 0x49
 1760 0141 13       		.uleb128 0x13
 1761 0142 11       		.uleb128 0x11
 1762 0143 01       		.uleb128 0x1
 1763 0144 12       		.uleb128 0x12
 1764 0145 06       		.uleb128 0x6
 1765 0146 40       		.uleb128 0x40
 1766 0147 18       		.uleb128 0x18
 1767 0148 9742     		.uleb128 0x2117
ARM GAS  /tmp/ccWxQqQq.s 			page 32


 1768 014a 19       		.uleb128 0x19
 1769 014b 01       		.uleb128 0x1
 1770 014c 13       		.uleb128 0x13
 1771 014d 00       		.byte	0
 1772 014e 00       		.byte	0
 1773 014f 1B       		.uleb128 0x1b
 1774 0150 34       		.uleb128 0x34
 1775 0151 00       		.byte	0
 1776 0152 03       		.uleb128 0x3
 1777 0153 08       		.uleb128 0x8
 1778 0154 3A       		.uleb128 0x3a
 1779 0155 0B       		.uleb128 0xb
 1780 0156 3B       		.uleb128 0x3b
 1781 0157 0B       		.uleb128 0xb
 1782 0158 49       		.uleb128 0x49
 1783 0159 13       		.uleb128 0x13
 1784 015a 02       		.uleb128 0x2
 1785 015b 18       		.uleb128 0x18
 1786 015c 00       		.byte	0
 1787 015d 00       		.byte	0
 1788 015e 1C       		.uleb128 0x1c
 1789 015f 1D       		.uleb128 0x1d
 1790 0160 01       		.byte	0x1
 1791 0161 31       		.uleb128 0x31
 1792 0162 13       		.uleb128 0x13
 1793 0163 11       		.uleb128 0x11
 1794 0164 01       		.uleb128 0x1
 1795 0165 12       		.uleb128 0x12
 1796 0166 06       		.uleb128 0x6
 1797 0167 58       		.uleb128 0x58
 1798 0168 0B       		.uleb128 0xb
 1799 0169 59       		.uleb128 0x59
 1800 016a 0B       		.uleb128 0xb
 1801 016b 01       		.uleb128 0x1
 1802 016c 13       		.uleb128 0x13
 1803 016d 00       		.byte	0
 1804 016e 00       		.byte	0
 1805 016f 1D       		.uleb128 0x1d
 1806 0170 1D       		.uleb128 0x1d
 1807 0171 01       		.byte	0x1
 1808 0172 31       		.uleb128 0x31
 1809 0173 13       		.uleb128 0x13
 1810 0174 11       		.uleb128 0x11
 1811 0175 01       		.uleb128 0x1
 1812 0176 12       		.uleb128 0x12
 1813 0177 06       		.uleb128 0x6
 1814 0178 58       		.uleb128 0x58
 1815 0179 0B       		.uleb128 0xb
 1816 017a 59       		.uleb128 0x59
 1817 017b 05       		.uleb128 0x5
 1818 017c 00       		.byte	0
 1819 017d 00       		.byte	0
 1820 017e 1E       		.uleb128 0x1e
 1821 017f 1D       		.uleb128 0x1d
 1822 0180 00       		.byte	0
 1823 0181 31       		.uleb128 0x31
 1824 0182 13       		.uleb128 0x13
ARM GAS  /tmp/ccWxQqQq.s 			page 33


 1825 0183 11       		.uleb128 0x11
 1826 0184 01       		.uleb128 0x1
 1827 0185 12       		.uleb128 0x12
 1828 0186 06       		.uleb128 0x6
 1829 0187 58       		.uleb128 0x58
 1830 0188 0B       		.uleb128 0xb
 1831 0189 59       		.uleb128 0x59
 1832 018a 05       		.uleb128 0x5
 1833 018b 00       		.byte	0
 1834 018c 00       		.byte	0
 1835 018d 1F       		.uleb128 0x1f
 1836 018e 1D       		.uleb128 0x1d
 1837 018f 01       		.byte	0x1
 1838 0190 31       		.uleb128 0x31
 1839 0191 13       		.uleb128 0x13
 1840 0192 11       		.uleb128 0x11
 1841 0193 01       		.uleb128 0x1
 1842 0194 12       		.uleb128 0x12
 1843 0195 06       		.uleb128 0x6
 1844 0196 58       		.uleb128 0x58
 1845 0197 0B       		.uleb128 0xb
 1846 0198 59       		.uleb128 0x59
 1847 0199 0B       		.uleb128 0xb
 1848 019a 00       		.byte	0
 1849 019b 00       		.byte	0
 1850 019c 20       		.uleb128 0x20
 1851 019d 0B       		.uleb128 0xb
 1852 019e 01       		.byte	0x1
 1853 019f 11       		.uleb128 0x11
 1854 01a0 01       		.uleb128 0x1
 1855 01a1 12       		.uleb128 0x12
 1856 01a2 06       		.uleb128 0x6
 1857 01a3 00       		.byte	0
 1858 01a4 00       		.byte	0
 1859 01a5 21       		.uleb128 0x21
 1860 01a6 34       		.uleb128 0x34
 1861 01a7 00       		.byte	0
 1862 01a8 31       		.uleb128 0x31
 1863 01a9 13       		.uleb128 0x13
 1864 01aa 00       		.byte	0
 1865 01ab 00       		.byte	0
 1866 01ac 22       		.uleb128 0x22
 1867 01ad 05       		.uleb128 0x5
 1868 01ae 00       		.byte	0
 1869 01af 03       		.uleb128 0x3
 1870 01b0 08       		.uleb128 0x8
 1871 01b1 3A       		.uleb128 0x3a
 1872 01b2 0B       		.uleb128 0xb
 1873 01b3 3B       		.uleb128 0x3b
 1874 01b4 0B       		.uleb128 0xb
 1875 01b5 49       		.uleb128 0x49
 1876 01b6 13       		.uleb128 0x13
 1877 01b7 02       		.uleb128 0x2
 1878 01b8 17       		.uleb128 0x17
 1879 01b9 00       		.byte	0
 1880 01ba 00       		.byte	0
 1881 01bb 23       		.uleb128 0x23
ARM GAS  /tmp/ccWxQqQq.s 			page 34


 1882 01bc 34       		.uleb128 0x34
 1883 01bd 00       		.byte	0
 1884 01be 03       		.uleb128 0x3
 1885 01bf 08       		.uleb128 0x8
 1886 01c0 3A       		.uleb128 0x3a
 1887 01c1 0B       		.uleb128 0xb
 1888 01c2 3B       		.uleb128 0x3b
 1889 01c3 0B       		.uleb128 0xb
 1890 01c4 49       		.uleb128 0x49
 1891 01c5 13       		.uleb128 0x13
 1892 01c6 02       		.uleb128 0x2
 1893 01c7 17       		.uleb128 0x17
 1894 01c8 00       		.byte	0
 1895 01c9 00       		.byte	0
 1896 01ca 24       		.uleb128 0x24
 1897 01cb 34       		.uleb128 0x34
 1898 01cc 00       		.byte	0
 1899 01cd 03       		.uleb128 0x3
 1900 01ce 0E       		.uleb128 0xe
 1901 01cf 49       		.uleb128 0x49
 1902 01d0 13       		.uleb128 0x13
 1903 01d1 34       		.uleb128 0x34
 1904 01d2 19       		.uleb128 0x19
 1905 01d3 00       		.byte	0
 1906 01d4 00       		.byte	0
 1907 01d5 25       		.uleb128 0x25
 1908 01d6 898201   		.uleb128 0x4109
 1909 01d9 01       		.byte	0x1
 1910 01da 11       		.uleb128 0x11
 1911 01db 01       		.uleb128 0x1
 1912 01dc 31       		.uleb128 0x31
 1913 01dd 13       		.uleb128 0x13
 1914 01de 00       		.byte	0
 1915 01df 00       		.byte	0
 1916 01e0 26       		.uleb128 0x26
 1917 01e1 8A8201   		.uleb128 0x410a
 1918 01e4 00       		.byte	0
 1919 01e5 02       		.uleb128 0x2
 1920 01e6 18       		.uleb128 0x18
 1921 01e7 9142     		.uleb128 0x2111
 1922 01e9 18       		.uleb128 0x18
 1923 01ea 00       		.byte	0
 1924 01eb 00       		.byte	0
 1925 01ec 27       		.uleb128 0x27
 1926 01ed 34       		.uleb128 0x34
 1927 01ee 00       		.byte	0
 1928 01ef 03       		.uleb128 0x3
 1929 01f0 0E       		.uleb128 0xe
 1930 01f1 3A       		.uleb128 0x3a
 1931 01f2 0B       		.uleb128 0xb
 1932 01f3 3B       		.uleb128 0x3b
 1933 01f4 05       		.uleb128 0x5
 1934 01f5 49       		.uleb128 0x49
 1935 01f6 13       		.uleb128 0x13
 1936 01f7 3F       		.uleb128 0x3f
 1937 01f8 19       		.uleb128 0x19
 1938 01f9 3C       		.uleb128 0x3c
ARM GAS  /tmp/ccWxQqQq.s 			page 35


 1939 01fa 19       		.uleb128 0x19
 1940 01fb 00       		.byte	0
 1941 01fc 00       		.byte	0
 1942 01fd 28       		.uleb128 0x28
 1943 01fe 34       		.uleb128 0x34
 1944 01ff 00       		.byte	0
 1945 0200 03       		.uleb128 0x3
 1946 0201 08       		.uleb128 0x8
 1947 0202 3A       		.uleb128 0x3a
 1948 0203 0B       		.uleb128 0xb
 1949 0204 3B       		.uleb128 0x3b
 1950 0205 05       		.uleb128 0x5
 1951 0206 49       		.uleb128 0x49
 1952 0207 13       		.uleb128 0x13
 1953 0208 3F       		.uleb128 0x3f
 1954 0209 19       		.uleb128 0x19
 1955 020a 3C       		.uleb128 0x3c
 1956 020b 19       		.uleb128 0x19
 1957 020c 00       		.byte	0
 1958 020d 00       		.byte	0
 1959 020e 29       		.uleb128 0x29
 1960 020f 34       		.uleb128 0x34
 1961 0210 00       		.byte	0
 1962 0211 03       		.uleb128 0x3
 1963 0212 0E       		.uleb128 0xe
 1964 0213 3A       		.uleb128 0x3a
 1965 0214 0B       		.uleb128 0xb
 1966 0215 3B       		.uleb128 0x3b
 1967 0216 0B       		.uleb128 0xb
 1968 0217 49       		.uleb128 0x49
 1969 0218 13       		.uleb128 0x13
 1970 0219 3F       		.uleb128 0x3f
 1971 021a 19       		.uleb128 0x19
 1972 021b 02       		.uleb128 0x2
 1973 021c 18       		.uleb128 0x18
 1974 021d 00       		.byte	0
 1975 021e 00       		.byte	0
 1976 021f 2A       		.uleb128 0x2a
 1977 0220 2E       		.uleb128 0x2e
 1978 0221 01       		.byte	0x1
 1979 0222 3F       		.uleb128 0x3f
 1980 0223 19       		.uleb128 0x19
 1981 0224 03       		.uleb128 0x3
 1982 0225 0E       		.uleb128 0xe
 1983 0226 3A       		.uleb128 0x3a
 1984 0227 0B       		.uleb128 0xb
 1985 0228 3B       		.uleb128 0x3b
 1986 0229 0B       		.uleb128 0xb
 1987 022a 27       		.uleb128 0x27
 1988 022b 19       		.uleb128 0x19
 1989 022c 3C       		.uleb128 0x3c
 1990 022d 19       		.uleb128 0x19
 1991 022e 00       		.byte	0
 1992 022f 00       		.byte	0
 1993 0230 00       		.byte	0
 1994              		.section	.debug_loc,"",%progbits
 1995              	.Ldebug_loc0:
ARM GAS  /tmp/ccWxQqQq.s 			page 36


 1996              	.LLST0:
 1997 0000 00000000 		.4byte	.LVL1
 1998 0004 19000000 		.4byte	.LVL4-1
 1999 0008 0100     		.2byte	0x1
 2000 000a 50       		.byte	0x50
 2001 000b 19000000 		.4byte	.LVL4-1
 2002 000f 24000000 		.4byte	.LFE220
 2003 0013 0400     		.2byte	0x4
 2004 0015 F3       		.byte	0xf3
 2005 0016 01       		.uleb128 0x1
 2006 0017 50       		.byte	0x50
 2007 0018 9F       		.byte	0x9f
 2008 0019 00000000 		.4byte	0
 2009 001d 00000000 		.4byte	0
 2010              	.LLST1:
 2011 0021 08000000 		.4byte	.LVL2
 2012 0025 1E000000 		.4byte	.LVL5
 2013 0029 0100     		.2byte	0x1
 2014 002b 54       		.byte	0x54
 2015 002c 1E000000 		.4byte	.LVL5
 2016 0030 24000000 		.4byte	.LFE220
 2017 0034 0100     		.2byte	0x1
 2018 0036 50       		.byte	0x50
 2019 0037 00000000 		.4byte	0
 2020 003b 00000000 		.4byte	0
 2021              		.section	.debug_aranges,"",%progbits
 2022 0000 24000000 		.4byte	0x24
 2023 0004 0200     		.2byte	0x2
 2024 0006 00000000 		.4byte	.Ldebug_info0
 2025 000a 04       		.byte	0x4
 2026 000b 00       		.byte	0
 2027 000c 0000     		.2byte	0
 2028 000e 0000     		.2byte	0
 2029 0010 00000000 		.4byte	.LFB219
 2030 0014 14000000 		.4byte	.LFE219-.LFB219
 2031 0018 00000000 		.4byte	.LFB220
 2032 001c 24000000 		.4byte	.LFE220-.LFB220
 2033 0020 00000000 		.4byte	0
 2034 0024 00000000 		.4byte	0
 2035              		.section	.debug_ranges,"",%progbits
 2036              	.Ldebug_ranges0:
 2037 0000 00000000 		.4byte	.LFB219
 2038 0004 14000000 		.4byte	.LFE219
 2039 0008 00000000 		.4byte	.LFB220
 2040 000c 24000000 		.4byte	.LFE220
 2041 0010 00000000 		.4byte	0
 2042 0014 00000000 		.4byte	0
 2043              		.section	.debug_line,"",%progbits
 2044              	.Ldebug_line0:
 2045 0000 6C020000 		.section	.debug_str,"MS",%progbits,1
 2045      02001002 
 2045      00000201 
 2045      FB0E0D00 
 2045      01010101 
 2046              	.LASF116:
 2047 0000 63665F6F 		.ascii	"cf_off_older\000"
 2047      66665F6F 
ARM GAS  /tmp/ccWxQqQq.s 			page 37


 2047      6C646572 
 2047      00
 2048              	.LASF56:
 2049 000d 72656164 		.ascii	"ready_list_t\000"
 2049      795F6C69 
 2049      73745F74 
 2049      00
 2050              	.LASF2:
 2051 001a 73697A65 		.ascii	"size_t\000"
 2051      5F7400
 2052              	.LASF91:
 2053 0021 7264796D 		.ascii	"rdymsg\000"
 2053      736700
 2054              	.LASF19:
 2055 0028 75696E74 		.ascii	"uint64_t\000"
 2055      36345F74 
 2055      00
 2056              	.LASF3:
 2057 0031 5F5F7569 		.ascii	"__uint8_t\000"
 2057      6E74385F 
 2057      7400
 2058              	.LASF88:
 2059 003b 706F7274 		.ascii	"port_intctx\000"
 2059      5F696E74 
 2059      63747800 
 2060              	.LASF75:
 2061 0047 73797374 		.ascii	"system_debug_t\000"
 2061      656D5F64 
 2061      65627567 
 2061      5F7400
 2062              	.LASF128:
 2063 0056 706F7274 		.ascii	"port_lock\000"
 2063      5F6C6F63 
 2063      6B00
 2064              	.LASF14:
 2065 0060 6C6F6E67 		.ascii	"long long unsigned int\000"
 2065      206C6F6E 
 2065      6720756E 
 2065      7369676E 
 2065      65642069 
 2066              	.LASF112:
 2067 0077 63685F74 		.ascii	"ch_threadsize\000"
 2067      68726561 
 2067      6473697A 
 2067      6500
 2068              	.LASF92:
 2069 0085 65786974 		.ascii	"exitcode\000"
 2069      636F6465 
 2069      00
 2070              	.LASF82:
 2071 008e 6D61696E 		.ascii	"mainthread\000"
 2071      74687265 
 2071      616400
 2072              	.LASF131:
 2073 0099 63685265 		.ascii	"chRegFirstThread\000"
 2073      67466972 
 2073      73745468 
ARM GAS  /tmp/ccWxQqQq.s 			page 38


 2073      72656164 
 2073      00
 2074              	.LASF133:
 2075 00aa 49544D5F 		.ascii	"ITM_RxBuffer\000"
 2075      52784275 
 2075      66666572 
 2075      00
 2076              	.LASF55:
 2077 00b7 63685F74 		.ascii	"ch_threads_queue\000"
 2077      68726561 
 2077      64735F71 
 2077      75657565 
 2077      00
 2078              	.LASF33:
 2079 00c8 705F7072 		.ascii	"p_prio\000"
 2079      696F00
 2080              	.LASF119:
 2081 00cf 63665F6F 		.ascii	"cf_off_state\000"
 2081      66665F73 
 2081      74617465 
 2081      00
 2082              	.LASF23:
 2083 00dc 74726566 		.ascii	"trefs_t\000"
 2083      735F7400 
 2084              	.LASF12:
 2085 00e4 6C6F6E67 		.ascii	"long long int\000"
 2085      206C6F6E 
 2085      6720696E 
 2085      7400
 2086              	.LASF1:
 2087 00f2 7369676E 		.ascii	"signed char\000"
 2087      65642063 
 2087      68617200 
 2088              	.LASF118:
 2089 00fe 63665F6F 		.ascii	"cf_off_stklimit\000"
 2089      66665F73 
 2089      746B6C69 
 2089      6D697400 
 2090              	.LASF120:
 2091 010e 63665F6F 		.ascii	"cf_off_flags\000"
 2091      66665F66 
 2091      6C616773 
 2091      00
 2092              	.LASF49:
 2093 011b 705F6D70 		.ascii	"p_mpool\000"
 2093      6F6F6C00 
 2094              	.LASF102:
 2095 0123 6D5F7175 		.ascii	"m_queue\000"
 2095      65756500 
 2096              	.LASF81:
 2097 012b 76746C69 		.ascii	"vtlist\000"
 2097      737400
 2098              	.LASF129:
 2099 0132 706F7274 		.ascii	"port_unlock\000"
 2099      5F756E6C 
 2099      6F636B00 
 2100              	.LASF24:
ARM GAS  /tmp/ccWxQqQq.s 			page 39


 2101 013e 74736C69 		.ascii	"tslices_t\000"
 2101      6365735F 
 2101      7400
 2102              	.LASF136:
 2103 0148 43686962 		.ascii	"ChibiOS_3.0.2/os/rt/src/chregistry.c\000"
 2103      694F535F 
 2103      332E302E 
 2103      322F6F73 
 2103      2F72742F 
 2104              	.LASF94:
 2105 016d 77747472 		.ascii	"wttrp\000"
 2105      7000
 2106              	.LASF79:
 2107 0173 63685F73 		.ascii	"ch_system\000"
 2107      79737465 
 2107      6D00
 2108              	.LASF9:
 2109 017d 6C6F6E67 		.ascii	"long int\000"
 2109      20696E74 
 2109      00
 2110              	.LASF22:
 2111 0186 74737461 		.ascii	"tstate_t\000"
 2111      74655F74 
 2111      00
 2112              	.LASF124:
 2113 018f 63686465 		.ascii	"chdebug_t\000"
 2113      6275675F 
 2113      7400
 2114              	.LASF35:
 2115 0199 705F6E65 		.ascii	"p_newer\000"
 2115      77657200 
 2116              	.LASF99:
 2117 01a1 735F7175 		.ascii	"s_queue\000"
 2117      65756500 
 2118              	.LASF61:
 2119 01a9 725F6E65 		.ascii	"r_newer\000"
 2119      77657200 
 2120              	.LASF85:
 2121 01b1 72656761 		.ascii	"regarm_t\000"
 2121      726D5F74 
 2121      00
 2122              	.LASF68:
 2123 01ba 76745F70 		.ascii	"vt_prev\000"
 2123      72657600 
 2124              	.LASF125:
 2125 01c2 6D757465 		.ascii	"mutex_t\000"
 2125      785F7400 
 2126              	.LASF83:
 2127 01ca 69646C65 		.ascii	"idle_thread_wa\000"
 2127      5F746872 
 2127      6561645F 
 2127      776100
 2128              	.LASF28:
 2129 01d9 636E745F 		.ascii	"cnt_t\000"
 2129      7400
 2130              	.LASF0:
 2131 01df 756E7369 		.ascii	"unsigned int\000"
ARM GAS  /tmp/ccWxQqQq.s 			page 40


 2131      676E6564 
 2131      20696E74 
 2131      00
 2132              	.LASF67:
 2133 01ec 76745F6E 		.ascii	"vt_next\000"
 2133      65787400 
 2134              	.LASF16:
 2135 01f4 75696E74 		.ascii	"uint16_t\000"
 2135      31365F74 
 2135      00
 2136              	.LASF42:
 2137 01fd 705F7469 		.ascii	"p_time\000"
 2137      6D6500
 2138              	.LASF95:
 2139 0204 77747365 		.ascii	"wtsemp\000"
 2139      6D7000
 2140              	.LASF69:
 2141 020b 76745F64 		.ascii	"vt_delta\000"
 2141      656C7461 
 2141      00
 2142              	.LASF44:
 2143 0214 705F6D73 		.ascii	"p_msgqueue\000"
 2143      67717565 
 2143      756500
 2144              	.LASF134:
 2145 021f 63685F64 		.ascii	"ch_debug\000"
 2145      65627567 
 2145      00
 2146              	.LASF100:
 2147 0228 735F636E 		.ascii	"s_cnt\000"
 2147      7400
 2148              	.LASF7:
 2149 022e 73686F72 		.ascii	"short unsigned int\000"
 2149      7420756E 
 2149      7369676E 
 2149      65642069 
 2149      6E7400
 2150              	.LASF52:
 2151 0241 63685F74 		.ascii	"ch_thread\000"
 2151      68726561 
 2151      6400
 2152              	.LASF26:
 2153 024b 6D73675F 		.ascii	"msg_t\000"
 2153      7400
 2154              	.LASF78:
 2155 0251 63685F73 		.ascii	"ch_system_t\000"
 2155      79737465 
 2155      6D5F7400 
 2156              	.LASF123:
 2157 025d 63665F6F 		.ascii	"cf_off_time\000"
 2157      66665F74 
 2157      696D6500 
 2158              	.LASF57:
 2159 0269 63685F72 		.ascii	"ch_ready_list\000"
 2159      65616479 
 2159      5F6C6973 
 2159      7400
ARM GAS  /tmp/ccWxQqQq.s 			page 41


 2160              	.LASF27:
 2161 0277 6576656E 		.ascii	"eventmask_t\000"
 2161      746D6173 
 2161      6B5F7400 
 2162              	.LASF8:
 2163 0283 5F5F696E 		.ascii	"__int32_t\000"
 2163      7433325F 
 2163      7400
 2164              	.LASF72:
 2165 028d 76697274 		.ascii	"virtual_timers_list_t\000"
 2165      75616C5F 
 2165      74696D65 
 2165      72735F6C 
 2165      6973745F 
 2166              	.LASF86:
 2167 02a3 73746B61 		.ascii	"stkalign_t\000"
 2167      6C69676E 
 2167      5F7400
 2168              	.LASF51:
 2169 02ae 74687265 		.ascii	"threads_list_t\000"
 2169      6164735F 
 2169      6C697374 
 2169      5F7400
 2170              	.LASF107:
 2171 02bd 63685F7A 		.ascii	"ch_zero\000"
 2171      65726F00 
 2172              	.LASF121:
 2173 02c5 63665F6F 		.ascii	"cf_off_refs\000"
 2173      66665F72 
 2173      65667300 
 2174              	.LASF43:
 2175 02d1 705F7761 		.ascii	"p_waiting\000"
 2175      6974696E 
 2175      6700
 2176              	.LASF84:
 2177 02db 73697A65 		.ascii	"sizetype\000"
 2177      74797065 
 2177      00
 2178              	.LASF73:
 2179 02e4 63685F76 		.ascii	"ch_virtual_timers_list\000"
 2179      69727475 
 2179      616C5F74 
 2179      696D6572 
 2179      735F6C69 
 2180              	.LASF111:
 2181 02fb 63685F74 		.ascii	"ch_timesize\000"
 2181      696D6573 
 2181      697A6500 
 2182              	.LASF117:
 2183 0307 63665F6F 		.ascii	"cf_off_name\000"
 2183      66665F6E 
 2183      616D6500 
 2184              	.LASF36:
 2185 0313 705F6F6C 		.ascii	"p_older\000"
 2185      64657200 
 2186              	.LASF60:
 2187 031b 725F6374 		.ascii	"r_ctx\000"
ARM GAS  /tmp/ccWxQqQq.s 			page 42


 2187      7800
 2188              	.LASF34:
 2189 0321 705F6374 		.ascii	"p_ctx\000"
 2189      7800
 2190              	.LASF90:
 2191 0327 746D5F63 		.ascii	"tm_calibration_t\000"
 2191      616C6962 
 2191      72617469 
 2191      6F6E5F74 
 2191      00
 2192              	.LASF63:
 2193 0338 725F6375 		.ascii	"r_current\000"
 2193      7272656E 
 2193      7400
 2194              	.LASF62:
 2195 0342 725F6F6C 		.ascii	"r_older\000"
 2195      64657200 
 2196              	.LASF127:
 2197 034a 5F5F656E 		.ascii	"__enable_irq\000"
 2197      61626C65 
 2197      5F697271 
 2197      00
 2198              	.LASF13:
 2199 0357 5F5F7569 		.ascii	"__uint64_t\000"
 2199      6E743634 
 2199      5F7400
 2200              	.LASF126:
 2201 0362 5F5F6469 		.ascii	"__disable_irq\000"
 2201      7361626C 
 2201      655F6972 
 2201      7100
 2202              	.LASF110:
 2203 0370 63685F70 		.ascii	"ch_ptrsize\000"
 2203      74727369 
 2203      7A6500
 2204              	.LASF65:
 2205 037b 76697274 		.ascii	"virtual_timer_t\000"
 2205      75616C5F 
 2205      74696D65 
 2205      725F7400 
 2206              	.LASF32:
 2207 038b 705F7072 		.ascii	"p_prev\000"
 2207      657600
 2208              	.LASF25:
 2209 0392 74707269 		.ascii	"tprio_t\000"
 2209      6F5F7400 
 2210              	.LASF137:
 2211 039a 2F686F6D 		.ascii	"/home/benjamin/Skrivbord/SP-RCCar/Embedded/Mote/\000"
 2211      652F6265 
 2211      6E6A616D 
 2211      696E2F53 
 2211      6B726976 
 2212              	.LASF76:
 2213 03cb 63685F73 		.ascii	"ch_system_debug\000"
 2213      79737465 
 2213      6D5F6465 
 2213      62756700 
ARM GAS  /tmp/ccWxQqQq.s 			page 43


 2214              	.LASF17:
 2215 03db 696E7433 		.ascii	"int32_t\000"
 2215      325F7400 
 2216              	.LASF4:
 2217 03e3 756E7369 		.ascii	"unsigned char\000"
 2217      676E6564 
 2217      20636861 
 2217      7200
 2218              	.LASF47:
 2219 03f1 705F6D74 		.ascii	"p_mtxlist\000"
 2219      786C6973 
 2219      7400
 2220              	.LASF5:
 2221 03fb 73686F72 		.ascii	"short int\000"
 2221      7420696E 
 2221      7400
 2222              	.LASF38:
 2223 0405 705F7374 		.ascii	"p_state\000"
 2223      61746500 
 2224              	.LASF41:
 2225 040d 705F7072 		.ascii	"p_preempt\000"
 2225      65656D70 
 2225      7400
 2226              	.LASF59:
 2227 0417 725F7072 		.ascii	"r_prio\000"
 2227      696F00
 2228              	.LASF97:
 2229 041e 65776D61 		.ascii	"ewmask\000"
 2229      736B00
 2230              	.LASF31:
 2231 0425 705F6E65 		.ascii	"p_next\000"
 2231      787400
 2232              	.LASF21:
 2233 042c 746D6F64 		.ascii	"tmode_t\000"
 2233      655F7400 
 2234              	.LASF122:
 2235 0434 63665F6F 		.ascii	"cf_off_preempt\000"
 2235      66665F70 
 2235      7265656D 
 2235      707400
 2236              	.LASF39:
 2237 0443 705F666C 		.ascii	"p_flags\000"
 2237      61677300 
 2238              	.LASF139:
 2239 044b 5F5F6675 		.ascii	"__func__\000"
 2239      6E635F5F 
 2239      00
 2240              	.LASF130:
 2241 0454 63685379 		.ascii	"chSysLock\000"
 2241      734C6F63 
 2241      6B00
 2242              	.LASF140:
 2243 045e 63685468 		.ascii	"chThdRelease\000"
 2243      6452656C 
 2243      65617365 
 2243      00
 2244              	.LASF54:
ARM GAS  /tmp/ccWxQqQq.s 			page 44


 2245 046b 74687265 		.ascii	"threads_queue_t\000"
 2245      6164735F 
 2245      71756575 
 2245      655F7400 
 2246              	.LASF66:
 2247 047b 63685F76 		.ascii	"ch_virtual_timer\000"
 2247      69727475 
 2247      616C5F74 
 2247      696D6572 
 2247      00
 2248              	.LASF115:
 2249 048c 63665F6F 		.ascii	"cf_off_newer\000"
 2249      66665F6E 
 2249      65776572 
 2249      00
 2250              	.LASF98:
 2251 0499 63685F73 		.ascii	"ch_semaphore\000"
 2251      656D6170 
 2251      686F7265 
 2251      00
 2252              	.LASF46:
 2253 04a6 705F6570 		.ascii	"p_epending\000"
 2253      656E6469 
 2253      6E6700
 2254              	.LASF18:
 2255 04b1 75696E74 		.ascii	"uint32_t\000"
 2255      33325F74 
 2255      00
 2256              	.LASF113:
 2257 04ba 63665F6F 		.ascii	"cf_off_prio\000"
 2257      66665F70 
 2257      72696F00 
 2258              	.LASF58:
 2259 04c6 725F7175 		.ascii	"r_queue\000"
 2259      65756500 
 2260              	.LASF53:
 2261 04ce 63685F74 		.ascii	"ch_threads_list\000"
 2261      68726561 
 2261      64735F6C 
 2261      69737400 
 2262              	.LASF108:
 2263 04de 63685F73 		.ascii	"ch_size\000"
 2263      697A6500 
 2264              	.LASF11:
 2265 04e6 6C6F6E67 		.ascii	"long unsigned int\000"
 2265      20756E73 
 2265      69676E65 
 2265      6420696E 
 2265      7400
 2266              	.LASF105:
 2267 04f8 63686172 		.ascii	"char\000"
 2267      00
 2268              	.LASF132:
 2269 04fd 63685265 		.ascii	"chRegNextThread\000"
 2269      674E6578 
 2269      74546872 
 2269      65616400 
ARM GAS  /tmp/ccWxQqQq.s 			page 45


 2270              	.LASF96:
 2271 050d 77746D74 		.ascii	"wtmtxp\000"
 2271      787000
 2272              	.LASF6:
 2273 0514 5F5F7569 		.ascii	"__uint16_t\000"
 2273      6E743136 
 2273      5F7400
 2274              	.LASF135:
 2275 051f 474E5520 		.ascii	"GNU C 4.9.3 20150529 (release) [ARM/embedded-4_9-br"
 2275      4320342E 
 2275      392E3320 
 2275      32303135 
 2275      30353239 
 2276 0552 616E6368 		.ascii	"anch revision 227977] -mcpu=cortex-m4 -mfloat-abi=h"
 2276      20726576 
 2276      6973696F 
 2276      6E203232 
 2276      37393737 
 2277 0585 61726420 		.ascii	"ard -mfpu=fpv4-sp-d16 -mno-thumb-interwork -mthumb "
 2277      2D6D6670 
 2277      753D6670 
 2277      76342D73 
 2277      702D6431 
 2278 05b8 2D676764 		.ascii	"-ggdb -O2 -std=gnu99 -fomit-frame-pointer -falign-f"
 2278      62202D4F 
 2278      32202D73 
 2278      74643D67 
 2278      6E753939 
 2279 05eb 756E6374 		.ascii	"unctions=16 -ffunction-sections -fdata-sections -fn"
 2279      696F6E73 
 2279      3D313620 
 2279      2D666675 
 2279      6E637469 
 2280 061e 6F2D636F 		.ascii	"o-common -fsingle-precision-constant\000"
 2280      6D6D6F6E 
 2280      202D6673 
 2280      696E676C 
 2280      652D7072 
 2281              	.LASF104:
 2282 0643 6D5F6E65 		.ascii	"m_next\000"
 2282      787400
 2283              	.LASF29:
 2284 064a 73797374 		.ascii	"systime_t\000"
 2284      696D655F 
 2284      7400
 2285              	.LASF48:
 2286 0654 705F7265 		.ascii	"p_realprio\000"
 2286      616C7072 
 2286      696F00
 2287              	.LASF64:
 2288 065f 76746675 		.ascii	"vtfunc_t\000"
 2288      6E635F74 
 2288      00
 2289              	.LASF10:
 2290 0668 5F5F7569 		.ascii	"__uint32_t\000"
 2290      6E743332 
 2290      5F7400
ARM GAS  /tmp/ccWxQqQq.s 			page 46


 2291              	.LASF77:
 2292 0673 70616E69 		.ascii	"panic_msg\000"
 2292      635F6D73 
 2292      6700
 2293              	.LASF89:
 2294 067d 6F666673 		.ascii	"offset\000"
 2294      657400
 2295              	.LASF87:
 2296 0684 636F6E74 		.ascii	"context\000"
 2296      65787400 
 2297              	.LASF45:
 2298 068c 705F6D73 		.ascii	"p_msg\000"
 2298      6700
 2299              	.LASF20:
 2300 0692 7274636E 		.ascii	"rtcnt_t\000"
 2300      745F7400 
 2301              	.LASF71:
 2302 069a 76745F70 		.ascii	"vt_par\000"
 2302      617200
 2303              	.LASF114:
 2304 06a1 63665F6F 		.ascii	"cf_off_ctx\000"
 2304      66665F63 
 2304      747800
 2305              	.LASF101:
 2306 06ac 63685F6D 		.ascii	"ch_mutex\000"
 2306      75746578 
 2306      00
 2307              	.LASF40:
 2308 06b5 705F7265 		.ascii	"p_refs\000"
 2308      667300
 2309              	.LASF30:
 2310 06bc 74687265 		.ascii	"thread_t\000"
 2310      61645F74 
 2310      00
 2311              	.LASF80:
 2312 06c5 726C6973 		.ascii	"rlist\000"
 2312      7400
 2313              	.LASF15:
 2314 06cb 75696E74 		.ascii	"uint8_t\000"
 2314      385F7400 
 2315              	.LASF50:
 2316 06d3 74687265 		.ascii	"thread_reference_t\000"
 2316      61645F72 
 2316      65666572 
 2316      656E6365 
 2316      5F7400
 2317              	.LASF93:
 2318 06e6 77746F62 		.ascii	"wtobjp\000"
 2318      6A7000
 2319              	.LASF37:
 2320 06ed 705F6E61 		.ascii	"p_name\000"
 2320      6D6500
 2321              	.LASF74:
 2322 06f4 76745F73 		.ascii	"vt_systime\000"
 2322      79737469 
 2322      6D6500
 2323              	.LASF138:
ARM GAS  /tmp/ccWxQqQq.s 			page 47


 2324 06ff 63685379 		.ascii	"chSysUnlock\000"
 2324      73556E6C 
 2324      6F636B00 
 2325              	.LASF109:
 2326 070b 63685F76 		.ascii	"ch_version\000"
 2326      65727369 
 2326      6F6E00
 2327              	.LASF103:
 2328 0716 6D5F6F77 		.ascii	"m_owner\000"
 2328      6E657200 
 2329              	.LASF106:
 2330 071e 63685F69 		.ascii	"ch_identifier\000"
 2330      64656E74 
 2330      69666965 
 2330      7200
 2331              	.LASF70:
 2332 072c 76745F66 		.ascii	"vt_func\000"
 2332      756E6300 
 2333              		.ident	"GCC: (GNU Tools for ARM Embedded Processors) 4.9.3 20150529 (release) [ARM/embedded-4_9-br
ARM GAS  /tmp/ccWxQqQq.s 			page 48


DEFINED SYMBOLS
                            *ABS*:0000000000000000 chregistry.c
     /tmp/ccWxQqQq.s:21     .text.chRegFirstThread:0000000000000000 $t
     /tmp/ccWxQqQq.s:27     .text.chRegFirstThread:0000000000000000 chRegFirstThread
     /tmp/ccWxQqQq.s:77     .text.chRegFirstThread:0000000000000010 $d
     /tmp/ccWxQqQq.s:82     .text.chRegNextThread:0000000000000000 $t
     /tmp/ccWxQqQq.s:88     .text.chRegNextThread:0000000000000000 chRegNextThread
     /tmp/ccWxQqQq.s:152    .text.chRegNextThread:0000000000000020 $d
     /tmp/ccWxQqQq.s:161    .rodata.ch_debug:0000000000000000 ch_debug
     /tmp/ccWxQqQq.s:158    .rodata.ch_debug:0000000000000000 $d
                     .debug_frame:0000000000000010 $d

UNDEFINED SYMBOLS
ch
chThdRelease
