ARM GAS  /tmp/ccWsXmFY.s 			page 1


   1              		.syntax unified
   2              		.cpu cortex-m4
   3              		.eabi_attribute 27, 1
   4              		.eabi_attribute 28, 1
   5              		.fpu fpv4-sp-d16
   6              		.eabi_attribute 20, 1
   7              		.eabi_attribute 21, 1
   8              		.eabi_attribute 23, 3
   9              		.eabi_attribute 24, 1
  10              		.eabi_attribute 25, 1
  11              		.eabi_attribute 26, 1
  12              		.eabi_attribute 30, 2
  13              		.eabi_attribute 34, 1
  14              		.eabi_attribute 18, 4
  15              		.thumb
  16              		.file	"hal_lld.c"
  17              		.text
  18              	.Ltext0:
  19              		.cfi_sections	.debug_frame
  20              		.section	.text.hal_lld_init,"ax",%progbits
  21              		.align	2
  22              		.p2align 4,,15
  23              		.global	hal_lld_init
  24              		.thumb
  25              		.thumb_func
  26              		.type	hal_lld_init, %function
  27              	hal_lld_init:
  28              	.LFB257:
  29              		.file 1 "ChibiOS_3.0.2/os/hal/ports/STM32/STM32F4xx/hal_lld.c"
  30              		.loc 1 114 0
  31              		.cfi_startproc
  32              		@ args = 0, pretend = 0, frame = 0
  33              		@ frame_needed = 0, uses_anonymous_args = 0
  34              		@ link register save eliminated.
  35              		.loc 1 118 0
  36 0000 174B     		ldr	r3, .L8
  37 0002 4FF0FF31 		mov	r1, #-1
  38 0006 1A69     		ldr	r2, [r3, #16]
  39 0008 0022     		movs	r2, #0
  40              		.loc 1 114 0
  41 000a 10B4     		push	{r4}
  42              		.cfi_def_cfa_offset 4
  43              		.cfi_offset 4, -4
  44              		.loc 1 118 0
  45 000c 1961     		str	r1, [r3, #16]
  46 000e 1A61     		str	r2, [r3, #16]
  47              		.loc 1 119 0
  48 0010 5869     		ldr	r0, [r3, #20]
  49 0012 5961     		str	r1, [r3, #20]
  50 0014 5A61     		str	r2, [r3, #20]
  51              		.loc 1 120 0
  52 0016 186A     		ldr	r0, [r3, #32]
  53              	.LBB4:
  54              	.LBB5:
  55              		.loc 1 57 0
  56 0018 124C     		ldr	r4, .L8+4
  57              	.LBE5:
ARM GAS  /tmp/ccWsXmFY.s 			page 2


  58              	.LBE4:
  59              		.loc 1 120 0
  60 001a 60F08050 		orn	r0, r0, #268435456
  61 001e 1862     		str	r0, [r3, #32]
  62 0020 1A62     		str	r2, [r3, #32]
  63              		.loc 1 121 0
  64 0022 586A     		ldr	r0, [r3, #36]
  65 0024 5962     		str	r1, [r3, #36]
  66 0026 5A62     		str	r2, [r3, #36]
  67              		.loc 1 124 0
  68 0028 196C     		ldr	r1, [r3, #64]
  69 002a 41F08051 		orr	r1, r1, #268435456
  70 002e 1964     		str	r1, [r3, #64]
  71              	.LBB8:
  72              	.LBB6:
  73              		.loc 1 57 0
  74 0030 2168     		ldr	r1, [r4]
  75 0032 41F48071 		orr	r1, r1, #256
  76 0036 2160     		str	r1, [r4]
  77              		.loc 1 60 0
  78 0038 196F     		ldr	r1, [r3, #112]
  79 003a 01F44071 		and	r1, r1, #768
  80 003e B1F5007F 		cmp	r1, #512
  81 0042 03D0     		beq	.L2
  82              		.loc 1 62 0
  83 0044 4FF48031 		mov	r1, #65536
  84 0048 1967     		str	r1, [r3, #112]
  85              		.loc 1 63 0
  86 004a 1A67     		str	r2, [r3, #112]
  87              	.L2:
  88              		.loc 1 97 0
  89 004c 054A     		ldr	r2, .L8+4
  90              	.LBE6:
  91              	.LBE8:
  92              		.loc 1 137 0
  93 004e 5DF8044B 		ldr	r4, [sp], #4
  94              		.cfi_restore 4
  95              		.cfi_def_cfa_offset 0
  96              	.LBB9:
  97              	.LBB7:
  98              		.loc 1 97 0
  99 0052 5368     		ldr	r3, [r2, #4]
 100 0054 23F40073 		bic	r3, r3, #512
 101 0058 5360     		str	r3, [r2, #4]
 102              	.LBE7:
 103              	.LBE9:
 104              		.loc 1 130 0
 105 005a FFF7FEBF 		b	dmaInit
 106              	.LVL0:
 107              	.L9:
 108 005e 00BF     		.align	2
 109              	.L8:
 110 0060 00380240 		.word	1073887232
 111 0064 00700040 		.word	1073770496
 112              		.cfi_endproc
 113              	.LFE257:
 114              		.size	hal_lld_init, .-hal_lld_init
ARM GAS  /tmp/ccWsXmFY.s 			page 3


 115              		.section	.text.stm32_clock_init,"ax",%progbits
 116              		.align	2
 117              		.p2align 4,,15
 118              		.global	stm32_clock_init
 119              		.thumb
 120              		.thumb_func
 121              		.type	stm32_clock_init, %function
 122              	stm32_clock_init:
 123              	.LFB258:
 124              		.loc 1 146 0
 125              		.cfi_startproc
 126              		@ args = 0, pretend = 0, frame = 0
 127              		@ frame_needed = 0, uses_anonymous_args = 0
 128              		@ link register save eliminated.
 129              		.loc 1 150 0
 130 0000 2C49     		ldr	r1, .L31
 131              		.loc 1 154 0
 132 0002 2D4B     		ldr	r3, .L31+4
 133              		.loc 1 150 0
 134 0004 4FF08050 		mov	r0, #268435456
 135              		.loc 1 154 0
 136 0008 4FF44042 		mov	r2, #49152
 137              		.loc 1 150 0
 138 000c 0864     		str	r0, [r1, #64]
 139              		.loc 1 154 0
 140 000e 1A60     		str	r2, [r3]
 141              		.loc 1 161 0
 142 0010 0B68     		ldr	r3, [r1]
 143 0012 43F00103 		orr	r3, r3, #1
 144 0016 0B60     		str	r3, [r1]
 145              	.L11:
 146              		.loc 1 162 0 discriminator 1
 147 0018 0A68     		ldr	r2, [r1]
 148 001a 264B     		ldr	r3, .L31
 149 001c 9007     		lsls	r0, r2, #30
 150 001e FBD5     		bpl	.L11
 151              		.loc 1 168 0
 152 0020 9A68     		ldr	r2, [r3, #8]
 153 0022 22F00302 		bic	r2, r2, #3
 154 0026 9A60     		str	r2, [r3, #8]
 155              		.loc 1 169 0
 156 0028 9A68     		ldr	r2, [r3, #8]
 157 002a 9A60     		str	r2, [r3, #8]
 158              		.loc 1 170 0
 159 002c 1946     		mov	r1, r3
 160              	.L12:
 161              		.loc 1 170 0 is_stmt 0 discriminator 1
 162 002e 8B68     		ldr	r3, [r1, #8]
 163 0030 204A     		ldr	r2, .L31
 164 0032 13F00C03 		ands	r3, r3, #12
 165 0036 FAD1     		bne	.L12
 166              		.loc 1 174 0 is_stmt 1
 167 0038 1168     		ldr	r1, [r2]
 168 003a 01F0F901 		and	r1, r1, #249
 169 003e 1160     		str	r1, [r2]
 170              		.loc 1 175 0
 171 0040 9360     		str	r3, [r2, #8]
ARM GAS  /tmp/ccWsXmFY.s 			page 4


 172              		.loc 1 184 0
 173 0042 1368     		ldr	r3, [r2]
 174 0044 43F48033 		orr	r3, r3, #65536
 175 0048 1360     		str	r3, [r2]
 176              	.L13:
 177              		.loc 1 186 0 discriminator 1
 178 004a 1168     		ldr	r1, [r2]
 179 004c 194B     		ldr	r3, .L31
 180 004e 8903     		lsls	r1, r1, #14
 181 0050 FBD5     		bpl	.L13
 182              		.loc 1 192 0
 183 0052 5A6F     		ldr	r2, [r3, #116]
 184 0054 42F00102 		orr	r2, r2, #1
 185 0058 5A67     		str	r2, [r3, #116]
 186              	.L14:
 187              		.loc 1 193 0 discriminator 1
 188 005a 5A6F     		ldr	r2, [r3, #116]
 189 005c 1549     		ldr	r1, .L31
 190 005e 9007     		lsls	r0, r2, #30
 191 0060 FBD5     		bpl	.L14
 192              		.loc 1 199 0
 193 0062 164B     		ldr	r3, .L31+8
 194 0064 4B60     		str	r3, [r1, #4]
 195              		.loc 1 201 0
 196 0066 0B68     		ldr	r3, [r1]
 197              		.loc 1 205 0
 198 0068 134A     		ldr	r2, .L31+4
 199              		.loc 1 201 0
 200 006a 43F08073 		orr	r3, r3, #16777216
 201 006e 0B60     		str	r3, [r1]
 202              	.L15:
 203              		.loc 1 205 0 discriminator 1
 204 0070 5368     		ldr	r3, [r2, #4]
 205 0072 5904     		lsls	r1, r3, #17
 206 0074 FCD5     		bpl	.L15
 207              		.loc 1 221 0 discriminator 1
 208 0076 0F49     		ldr	r1, .L31
 209              	.L25:
 210 0078 0A68     		ldr	r2, [r1]
 211 007a 0E4B     		ldr	r3, .L31
 212 007c 9201     		lsls	r2, r2, #6
 213 007e FBD5     		bpl	.L25
 214              		.loc 1 260 0
 215 0080 0F4A     		ldr	r2, .L31+12
 216              		.loc 1 247 0
 217 0082 1049     		ldr	r1, .L31+16
 218 0084 9960     		str	r1, [r3, #8]
 219              		.loc 1 260 0
 220 0086 40F20571 		movw	r1, #1797
 221 008a 1160     		str	r1, [r2]
 222              		.loc 1 266 0
 223 008c 9A68     		ldr	r2, [r3, #8]
 224 008e 42F00202 		orr	r2, r2, #2
 225 0092 9A60     		str	r2, [r3, #8]
 226              		.loc 1 267 0
 227 0094 1A46     		mov	r2, r3
 228              	.L17:
ARM GAS  /tmp/ccWsXmFY.s 			page 5


 229              		.loc 1 267 0 is_stmt 0 discriminator 1
 230 0096 9368     		ldr	r3, [r2, #8]
 231 0098 0649     		ldr	r1, .L31
 232 009a 03F00C03 		and	r3, r3, #12
 233 009e 082B     		cmp	r3, #8
 234 00a0 F9D1     		bne	.L17
 235              		.loc 1 274 0 is_stmt 1
 236 00a2 4B6C     		ldr	r3, [r1, #68]
 237 00a4 43F48043 		orr	r3, r3, #16384
 238 00a8 4B64     		str	r3, [r1, #68]
 239 00aa 4B6E     		ldr	r3, [r1, #100]
 240 00ac 43F48043 		orr	r3, r3, #16384
 241 00b0 4B66     		str	r3, [r1, #100]
 242 00b2 7047     		bx	lr
 243              	.L32:
 244              		.align	2
 245              	.L31:
 246 00b4 00380240 		.word	1073887232
 247 00b8 00700040 		.word	1073770496
 248 00bc 08544007 		.word	121656328
 249 00c0 003C0240 		.word	1073888256
 250 00c4 00940838 		.word	940086272
 251              		.cfi_endproc
 252              	.LFE258:
 253              		.size	stm32_clock_init, .-stm32_clock_init
 254              		.global	SystemCoreClock
 255              		.section	.data.SystemCoreClock,"aw",%progbits
 256              		.align	2
 257              		.type	SystemCoreClock, %object
 258              		.size	SystemCoreClock, 4
 259              	SystemCoreClock:
 260 0000 007A030A 		.word	168000000
 261              		.text
 262              	.Letext0:
 263              		.file 2 "/usr/lib/gcc/arm-none-eabi/4.9.3/include/stddef.h"
 264              		.file 3 "/usr/arm-none-eabi/include/machine/_default_types.h"
 265              		.file 4 "/usr/arm-none-eabi/include/sys/_stdint.h"
 266              		.file 5 "ChibiOS_3.0.2/os/rt/ports/ARMCMx/compilers/GCC/chtypes.h"
 267              		.file 6 "ChibiOS_3.0.2/os/rt/include/chsystypes.h"
 268              		.file 7 "ChibiOS_3.0.2/os/rt/include/chschd.h"
 269              		.file 8 "ChibiOS_3.0.2/os/ext/CMSIS/ST/stm32f407xx.h"
 270              		.file 9 "ChibiOS_3.0.2/os/rt/ports/ARMCMx/chcore.h"
 271              		.file 10 "ChibiOS_3.0.2/os/rt/ports/ARMCMx/chcore_v7m.h"
 272              		.file 11 "ChibiOS_3.0.2/os/rt/include/chtm.h"
 273              		.file 12 "ChibiOS_3.0.2/os/rt/include/chsem.h"
 274              		.file 13 "ChibiOS_3.0.2/os/rt/include/chmtx.h"
 275              		.file 14 "ChibiOS_3.0.2/os/ext/CMSIS/include/core_cm4.h"
 276              		.file 15 "ChibiOS_3.0.2/os/hal/ports/STM32/STM32F4xx/stm32_dma.h"
 277              		.section	.debug_info,"",%progbits
 278              	.Ldebug_info0:
 279 0000 DD090000 		.4byte	0x9dd
 280 0004 0400     		.2byte	0x4
 281 0006 00000000 		.4byte	.Ldebug_abbrev0
 282 000a 04       		.byte	0x4
 283 000b 01       		.uleb128 0x1
 284 000c 28050000 		.4byte	.LASF142
 285 0010 01       		.byte	0x1
ARM GAS  /tmp/ccWsXmFY.s 			page 6


 286 0011 A4000000 		.4byte	.LASF143
 287 0015 F1030000 		.4byte	.LASF144
 288 0019 20000000 		.4byte	.Ldebug_ranges0+0x20
 289 001d 00000000 		.4byte	0
 290 0021 00000000 		.4byte	.Ldebug_line0
 291 0025 02       		.uleb128 0x2
 292 0026 04       		.byte	0x4
 293 0027 05       		.byte	0x5
 294 0028 696E7400 		.ascii	"int\000"
 295 002c 03       		.uleb128 0x3
 296 002d 0D000000 		.4byte	.LASF2
 297 0031 02       		.byte	0x2
 298 0032 D4       		.byte	0xd4
 299 0033 37000000 		.4byte	0x37
 300 0037 04       		.uleb128 0x4
 301 0038 04       		.byte	0x4
 302 0039 07       		.byte	0x7
 303 003a F5010000 		.4byte	.LASF0
 304 003e 04       		.uleb128 0x4
 305 003f 01       		.byte	0x1
 306 0040 06       		.byte	0x6
 307 0041 14010000 		.4byte	.LASF1
 308 0045 03       		.uleb128 0x3
 309 0046 24000000 		.4byte	.LASF3
 310 004a 03       		.byte	0x3
 311 004b 1D       		.byte	0x1d
 312 004c 50000000 		.4byte	0x50
 313 0050 04       		.uleb128 0x4
 314 0051 01       		.byte	0x1
 315 0052 08       		.byte	0x8
 316 0053 40040000 		.4byte	.LASF4
 317 0057 04       		.uleb128 0x4
 318 0058 02       		.byte	0x2
 319 0059 05       		.byte	0x5
 320 005a 58040000 		.4byte	.LASF5
 321 005e 04       		.uleb128 0x4
 322 005f 02       		.byte	0x2
 323 0060 07       		.byte	0x7
 324 0061 4E020000 		.4byte	.LASF6
 325 0065 03       		.uleb128 0x3
 326 0066 D7020000 		.4byte	.LASF7
 327 006a 03       		.byte	0x3
 328 006b 3F       		.byte	0x3f
 329 006c 70000000 		.4byte	0x70
 330 0070 04       		.uleb128 0x4
 331 0071 04       		.byte	0x4
 332 0072 05       		.byte	0x5
 333 0073 74010000 		.4byte	.LASF8
 334 0077 03       		.uleb128 0x3
 335 0078 71060000 		.4byte	.LASF9
 336 007c 03       		.byte	0x3
 337 007d 41       		.byte	0x41
 338 007e 82000000 		.4byte	0x82
 339 0082 04       		.uleb128 0x4
 340 0083 04       		.byte	0x4
 341 0084 07       		.byte	0x7
 342 0085 08050000 		.4byte	.LASF10
ARM GAS  /tmp/ccWsXmFY.s 			page 7


 343 0089 04       		.uleb128 0x4
 344 008a 08       		.byte	0x8
 345 008b 05       		.byte	0x5
 346 008c 06010000 		.4byte	.LASF11
 347 0090 03       		.uleb128 0x3
 348 0091 93030000 		.4byte	.LASF12
 349 0095 03       		.byte	0x3
 350 0096 5B       		.byte	0x5b
 351 0097 9B000000 		.4byte	0x9b
 352 009b 04       		.uleb128 0x4
 353 009c 08       		.byte	0x8
 354 009d 07       		.byte	0x7
 355 009e 56000000 		.4byte	.LASF13
 356 00a2 03       		.uleb128 0x3
 357 00a3 03070000 		.4byte	.LASF14
 358 00a7 04       		.byte	0x4
 359 00a8 14       		.byte	0x14
 360 00a9 45000000 		.4byte	0x45
 361 00ad 03       		.uleb128 0x3
 362 00ae 38040000 		.4byte	.LASF15
 363 00b2 04       		.byte	0x4
 364 00b3 1F       		.byte	0x1f
 365 00b4 65000000 		.4byte	0x65
 366 00b8 03       		.uleb128 0x3
 367 00b9 D8040000 		.4byte	.LASF16
 368 00bd 04       		.byte	0x4
 369 00be 20       		.byte	0x20
 370 00bf 77000000 		.4byte	0x77
 371 00c3 03       		.uleb128 0x3
 372 00c4 1B000000 		.4byte	.LASF17
 373 00c8 04       		.byte	0x4
 374 00c9 26       		.byte	0x26
 375 00ca 90000000 		.4byte	0x90
 376 00ce 05       		.uleb128 0x5
 377 00cf AD000000 		.4byte	0xad
 378 00d3 05       		.uleb128 0x5
 379 00d4 B8000000 		.4byte	0xb8
 380 00d8 03       		.uleb128 0x3
 381 00d9 BA060000 		.4byte	.LASF18
 382 00dd 05       		.byte	0x5
 383 00de 45       		.byte	0x45
 384 00df B8000000 		.4byte	0xb8
 385 00e3 03       		.uleb128 0x3
 386 00e4 AB020000 		.4byte	.LASF19
 387 00e8 05       		.byte	0x5
 388 00e9 48       		.byte	0x48
 389 00ea A2000000 		.4byte	0xa2
 390 00ee 03       		.uleb128 0x3
 391 00ef 90010000 		.4byte	.LASF20
 392 00f3 05       		.byte	0x5
 393 00f4 49       		.byte	0x49
 394 00f5 A2000000 		.4byte	0xa2
 395 00f9 03       		.uleb128 0x3
 396 00fa 9E030000 		.4byte	.LASF21
 397 00fe 05       		.byte	0x5
 398 00ff 4A       		.byte	0x4a
 399 0100 A2000000 		.4byte	0xa2
ARM GAS  /tmp/ccWsXmFY.s 			page 8


 400 0104 03       		.uleb128 0x3
 401 0105 5A010000 		.4byte	.LASF22
 402 0109 05       		.byte	0x5
 403 010a 4B       		.byte	0x4b
 404 010b A2000000 		.4byte	0xa2
 405 010f 03       		.uleb128 0x3
 406 0110 E9030000 		.4byte	.LASF23
 407 0114 05       		.byte	0x5
 408 0115 4C       		.byte	0x4c
 409 0116 B8000000 		.4byte	0xb8
 410 011a 03       		.uleb128 0x3
 411 011b 76020000 		.4byte	.LASF24
 412 011f 05       		.byte	0x5
 413 0120 4D       		.byte	0x4d
 414 0121 AD000000 		.4byte	0xad
 415 0125 03       		.uleb128 0x3
 416 0126 CB020000 		.4byte	.LASF25
 417 012a 05       		.byte	0x5
 418 012b 4F       		.byte	0x4f
 419 012c B8000000 		.4byte	0xb8
 420 0130 03       		.uleb128 0x3
 421 0131 EF010000 		.4byte	.LASF26
 422 0135 05       		.byte	0x5
 423 0136 51       		.byte	0x51
 424 0137 AD000000 		.4byte	0xad
 425 013b 03       		.uleb128 0x3
 426 013c 53060000 		.4byte	.LASF27
 427 0140 06       		.byte	0x6
 428 0141 33       		.byte	0x33
 429 0142 B8000000 		.4byte	0xb8
 430 0146 03       		.uleb128 0x3
 431 0147 EF060000 		.4byte	.LASF28
 432 014b 06       		.byte	0x6
 433 014c 3F       		.byte	0x3f
 434 014d 51010000 		.4byte	0x151
 435 0151 06       		.uleb128 0x6
 436 0152 61020000 		.4byte	.LASF50
 437 0156 48       		.byte	0x48
 438 0157 07       		.byte	0x7
 439 0158 C2       		.byte	0xc2
 440 0159 56020000 		.4byte	0x256
 441 015d 07       		.uleb128 0x7
 442 015e 48030000 		.4byte	.LASF29
 443 0162 07       		.byte	0x7
 444 0163 C3       		.byte	0xc3
 445 0164 61020000 		.4byte	0x261
 446 0168 00       		.byte	0
 447 0169 07       		.uleb128 0x7
 448 016a D8030000 		.4byte	.LASF30
 449 016e 07       		.byte	0x7
 450 016f C5       		.byte	0xc5
 451 0170 61020000 		.4byte	0x261
 452 0174 04       		.byte	0x4
 453 0175 07       		.uleb128 0x7
 454 0176 F4000000 		.4byte	.LASF31
 455 017a 07       		.byte	0x7
 456 017b C7       		.byte	0xc7
ARM GAS  /tmp/ccWsXmFY.s 			page 9


 457 017c 0F010000 		.4byte	0x10f
 458 0180 08       		.byte	0x8
 459 0181 07       		.uleb128 0x7
 460 0182 3C070000 		.4byte	.LASF32
 461 0186 07       		.byte	0x7
 462 0187 C8       		.byte	0xc8
 463 0188 DA060000 		.4byte	0x6da
 464 018c 0C       		.byte	0xc
 465 018d 07       		.uleb128 0x7
 466 018e 99010000 		.4byte	.LASF33
 467 0192 07       		.byte	0x7
 468 0193 CA       		.byte	0xca
 469 0194 61020000 		.4byte	0x261
 470 0198 10       		.byte	0x10
 471 0199 07       		.uleb128 0x7
 472 019a 57030000 		.4byte	.LASF34
 473 019e 07       		.byte	0x7
 474 019f CB       		.byte	0xcb
 475 01a0 61020000 		.4byte	0x261
 476 01a4 14       		.byte	0x14
 477 01a5 07       		.uleb128 0x7
 478 01a6 12070000 		.4byte	.LASF35
 479 01aa 07       		.byte	0x7
 480 01ab D2       		.byte	0xd2
 481 01ac 1F090000 		.4byte	0x91f
 482 01b0 18       		.byte	0x18
 483 01b1 07       		.uleb128 0x7
 484 01b2 62040000 		.4byte	.LASF36
 485 01b6 07       		.byte	0x7
 486 01b7 DD       		.byte	0xdd
 487 01b8 EE000000 		.4byte	0xee
 488 01bc 1C       		.byte	0x1c
 489 01bd 07       		.uleb128 0x7
 490 01be 8C040000 		.4byte	.LASF37
 491 01c2 07       		.byte	0x7
 492 01c3 E1       		.byte	0xe1
 493 01c4 E3000000 		.4byte	0xe3
 494 01c8 1D       		.byte	0x1d
 495 01c9 07       		.uleb128 0x7
 496 01ca E8060000 		.4byte	.LASF38
 497 01ce 07       		.byte	0x7
 498 01cf E6       		.byte	0xe6
 499 01d0 F9000000 		.4byte	0xf9
 500 01d4 1E       		.byte	0x1e
 501 01d5 07       		.uleb128 0x7
 502 01d6 6A040000 		.4byte	.LASF39
 503 01da 07       		.byte	0x7
 504 01db EC       		.byte	0xec
 505 01dc 04010000 		.4byte	0x104
 506 01e0 1F       		.byte	0x1f
 507 01e1 07       		.uleb128 0x7
 508 01e2 1A020000 		.4byte	.LASF40
 509 01e6 07       		.byte	0x7
 510 01e7 F3       		.byte	0xf3
 511 01e8 31090000 		.4byte	0x931
 512 01ec 20       		.byte	0x20
 513 01ed 08       		.uleb128 0x8
ARM GAS  /tmp/ccWsXmFY.s 			page 10


 514 01ee 705F7500 		.ascii	"p_u\000"
 515 01f2 07       		.byte	0x7
 516 01f3 3101     		.2byte	0x131
 517 01f5 5A080000 		.4byte	0x85a
 518 01f9 24       		.byte	0x24
 519 01fa 09       		.uleb128 0x9
 520 01fb 0B030000 		.4byte	.LASF41
 521 01ff 07       		.byte	0x7
 522 0200 3601     		.2byte	0x136
 523 0202 67020000 		.4byte	0x267
 524 0206 28       		.byte	0x28
 525 0207 09       		.uleb128 0x9
 526 0208 31020000 		.4byte	.LASF42
 527 020c 07       		.byte	0x7
 528 020d 3C01     		.2byte	0x13c
 529 020f 8B020000 		.4byte	0x28b
 530 0213 2C       		.byte	0x2c
 531 0214 09       		.uleb128 0x9
 532 0215 2E070000 		.4byte	.LASF43
 533 0219 07       		.byte	0x7
 534 021a 4001     		.2byte	0x140
 535 021c 1A010000 		.4byte	0x11a
 536 0220 34       		.byte	0x34
 537 0221 09       		.uleb128 0x9
 538 0222 C3040000 		.4byte	.LASF44
 539 0226 07       		.byte	0x7
 540 0227 4601     		.2byte	0x146
 541 0229 25010000 		.4byte	0x125
 542 022d 38       		.byte	0x38
 543 022e 09       		.uleb128 0x9
 544 022f 4E040000 		.4byte	.LASF45
 545 0233 07       		.byte	0x7
 546 0234 4D01     		.2byte	0x14d
 547 0236 19090000 		.4byte	0x919
 548 023a 3C       		.byte	0x3c
 549 023b 09       		.uleb128 0x9
 550 023c 5D060000 		.4byte	.LASF46
 551 0240 07       		.byte	0x7
 552 0241 5101     		.2byte	0x151
 553 0243 0F010000 		.4byte	0x10f
 554 0247 40       		.byte	0x40
 555 0248 09       		.uleb128 0x9
 556 0249 37010000 		.4byte	.LASF47
 557 024d 07       		.byte	0x7
 558 024e 5801     		.2byte	0x158
 559 0250 3E030000 		.4byte	0x33e
 560 0254 44       		.byte	0x44
 561 0255 00       		.byte	0
 562 0256 03       		.uleb128 0x3
 563 0257 1E030000 		.4byte	.LASF48
 564 025b 06       		.byte	0x6
 565 025c 44       		.byte	0x44
 566 025d 61020000 		.4byte	0x261
 567 0261 0A       		.uleb128 0xa
 568 0262 04       		.byte	0x4
 569 0263 46010000 		.4byte	0x146
 570 0267 03       		.uleb128 0x3
ARM GAS  /tmp/ccWsXmFY.s 			page 11


 571 0268 EC020000 		.4byte	.LASF49
 572 026c 06       		.byte	0x6
 573 026d 49       		.byte	0x49
 574 026e 72020000 		.4byte	0x272
 575 0272 06       		.uleb128 0x6
 576 0273 F0040000 		.4byte	.LASF51
 577 0277 04       		.byte	0x4
 578 0278 07       		.byte	0x7
 579 0279 B0       		.byte	0xb0
 580 027a 8B020000 		.4byte	0x28b
 581 027e 07       		.uleb128 0x7
 582 027f 48030000 		.4byte	.LASF29
 583 0283 07       		.byte	0x7
 584 0284 B1       		.byte	0xb1
 585 0285 61020000 		.4byte	0x261
 586 0289 00       		.byte	0
 587 028a 00       		.byte	0
 588 028b 03       		.uleb128 0x3
 589 028c CF060000 		.4byte	.LASF52
 590 0290 06       		.byte	0x6
 591 0291 50       		.byte	0x50
 592 0292 96020000 		.4byte	0x296
 593 0296 06       		.uleb128 0x6
 594 0297 D9000000 		.4byte	.LASF53
 595 029b 08       		.byte	0x8
 596 029c 07       		.byte	0x7
 597 029d B7       		.byte	0xb7
 598 029e BB020000 		.4byte	0x2bb
 599 02a2 07       		.uleb128 0x7
 600 02a3 48030000 		.4byte	.LASF29
 601 02a7 07       		.byte	0x7
 602 02a8 B8       		.byte	0xb8
 603 02a9 61020000 		.4byte	0x261
 604 02ad 00       		.byte	0
 605 02ae 07       		.uleb128 0x7
 606 02af D8030000 		.4byte	.LASF30
 607 02b3 07       		.byte	0x7
 608 02b4 B9       		.byte	0xb9
 609 02b5 61020000 		.4byte	0x261
 610 02b9 04       		.byte	0x4
 611 02ba 00       		.byte	0
 612 02bb 03       		.uleb128 0x3
 613 02bc 00000000 		.4byte	.LASF54
 614 02c0 06       		.byte	0x6
 615 02c1 57       		.byte	0x57
 616 02c2 C6020000 		.4byte	0x2c6
 617 02c6 0B       		.uleb128 0xb
 618 02c7 BD020000 		.4byte	.LASF55
 619 02cb 1C       		.byte	0x1c
 620 02cc 07       		.byte	0x7
 621 02cd 9001     		.2byte	0x190
 622 02cf 22030000 		.4byte	0x322
 623 02d3 09       		.uleb128 0x9
 624 02d4 E8040000 		.4byte	.LASF56
 625 02d8 07       		.byte	0x7
 626 02d9 9101     		.2byte	0x191
 627 02db 8B020000 		.4byte	0x28b
ARM GAS  /tmp/ccWsXmFY.s 			page 12


 628 02df 00       		.byte	0
 629 02e0 09       		.uleb128 0x9
 630 02e1 7E040000 		.4byte	.LASF57
 631 02e5 07       		.byte	0x7
 632 02e6 9201     		.2byte	0x192
 633 02e8 0F010000 		.4byte	0x10f
 634 02ec 08       		.byte	0x8
 635 02ed 09       		.uleb128 0x9
 636 02ee 5F030000 		.4byte	.LASF58
 637 02f2 07       		.byte	0x7
 638 02f3 9401     		.2byte	0x194
 639 02f5 DA060000 		.4byte	0x6da
 640 02f9 0C       		.byte	0xc
 641 02fa 09       		.uleb128 0x9
 642 02fb A9010000 		.4byte	.LASF59
 643 02ff 07       		.byte	0x7
 644 0300 9701     		.2byte	0x197
 645 0302 61020000 		.4byte	0x261
 646 0306 10       		.byte	0x10
 647 0307 09       		.uleb128 0x9
 648 0308 A5060000 		.4byte	.LASF60
 649 030c 07       		.byte	0x7
 650 030d 9801     		.2byte	0x198
 651 030f 61020000 		.4byte	0x261
 652 0313 14       		.byte	0x14
 653 0314 09       		.uleb128 0x9
 654 0315 80030000 		.4byte	.LASF61
 655 0319 07       		.byte	0x7
 656 031a 9B01     		.2byte	0x19b
 657 031c 61020000 		.4byte	0x261
 658 0320 18       		.byte	0x18
 659 0321 00       		.byte	0
 660 0322 03       		.uleb128 0x3
 661 0323 68060000 		.4byte	.LASF62
 662 0327 06       		.byte	0x6
 663 0328 5C       		.byte	0x5c
 664 0329 2D030000 		.4byte	0x32d
 665 032d 0A       		.uleb128 0xa
 666 032e 04       		.byte	0x4
 667 032f 33030000 		.4byte	0x333
 668 0333 0C       		.uleb128 0xc
 669 0334 3E030000 		.4byte	0x33e
 670 0338 0D       		.uleb128 0xd
 671 0339 3E030000 		.4byte	0x33e
 672 033d 00       		.byte	0
 673 033e 0E       		.uleb128 0xe
 674 033f 04       		.byte	0x4
 675 0340 03       		.uleb128 0x3
 676 0341 FB020000 		.4byte	.LASF63
 677 0345 06       		.byte	0x6
 678 0346 61       		.byte	0x61
 679 0347 4B030000 		.4byte	0x34b
 680 034b 0B       		.uleb128 0xb
 681 034c A5040000 		.4byte	.LASF64
 682 0350 14       		.byte	0x14
 683 0351 07       		.byte	0x7
 684 0352 6B01     		.2byte	0x16b
ARM GAS  /tmp/ccWsXmFY.s 			page 13


 685 0354 9A030000 		.4byte	0x39a
 686 0358 09       		.uleb128 0x9
 687 0359 02020000 		.4byte	.LASF65
 688 035d 07       		.byte	0x7
 689 035e 6C01     		.2byte	0x16c
 690 0360 36090000 		.4byte	0x936
 691 0364 00       		.byte	0
 692 0365 09       		.uleb128 0x9
 693 0366 BA010000 		.4byte	.LASF66
 694 036a 07       		.byte	0x7
 695 036b 6D01     		.2byte	0x16d
 696 036d 36090000 		.4byte	0x936
 697 0371 04       		.byte	0x4
 698 0372 09       		.uleb128 0x9
 699 0373 28020000 		.4byte	.LASF67
 700 0377 07       		.byte	0x7
 701 0378 6E01     		.2byte	0x16e
 702 037a 3B010000 		.4byte	0x13b
 703 037e 08       		.byte	0x8
 704 037f 09       		.uleb128 0x9
 705 0380 42070000 		.4byte	.LASF68
 706 0384 07       		.byte	0x7
 707 0385 6F01     		.2byte	0x16f
 708 0387 22030000 		.4byte	0x322
 709 038b 0C       		.byte	0xc
 710 038c 09       		.uleb128 0x9
 711 038d C2060000 		.4byte	.LASF69
 712 0391 07       		.byte	0x7
 713 0392 7101     		.2byte	0x171
 714 0394 3E030000 		.4byte	0x33e
 715 0398 10       		.byte	0x10
 716 0399 00       		.byte	0
 717 039a 03       		.uleb128 0x3
 718 039b 81000000 		.4byte	.LASF70
 719 039f 06       		.byte	0x6
 720 03a0 66       		.byte	0x66
 721 03a1 A5030000 		.4byte	0x3a5
 722 03a5 0B       		.uleb128 0xb
 723 03a6 31030000 		.4byte	.LASF71
 724 03aa 10       		.byte	0x10
 725 03ab 07       		.byte	0x7
 726 03ac 7B01     		.2byte	0x17b
 727 03ae E7030000 		.4byte	0x3e7
 728 03b2 09       		.uleb128 0x9
 729 03b3 02020000 		.4byte	.LASF65
 730 03b7 07       		.byte	0x7
 731 03b8 7C01     		.2byte	0x17c
 732 03ba 36090000 		.4byte	0x936
 733 03be 00       		.byte	0
 734 03bf 09       		.uleb128 0x9
 735 03c0 BA010000 		.4byte	.LASF66
 736 03c4 07       		.byte	0x7
 737 03c5 7E01     		.2byte	0x17e
 738 03c7 36090000 		.4byte	0x936
 739 03cb 04       		.byte	0x4
 740 03cc 09       		.uleb128 0x9
 741 03cd 28020000 		.4byte	.LASF67
ARM GAS  /tmp/ccWsXmFY.s 			page 14


 742 03d1 07       		.byte	0x7
 743 03d2 8001     		.2byte	0x180
 744 03d4 3B010000 		.4byte	0x13b
 745 03d8 08       		.byte	0x8
 746 03d9 09       		.uleb128 0x9
 747 03da FB000000 		.4byte	.LASF72
 748 03de 07       		.byte	0x7
 749 03df 8201     		.2byte	0x182
 750 03e1 31090000 		.4byte	0x931
 751 03e5 0C       		.byte	0xc
 752 03e6 00       		.byte	0
 753 03e7 03       		.uleb128 0x3
 754 03e8 3A000000 		.4byte	.LASF73
 755 03ec 06       		.byte	0x6
 756 03ed 6B       		.byte	0x6b
 757 03ee F2030000 		.4byte	0x3f2
 758 03f2 0B       		.uleb128 0xb
 759 03f3 22040000 		.4byte	.LASF74
 760 03f7 04       		.byte	0x4
 761 03f8 07       		.byte	0x7
 762 03f9 A201     		.2byte	0x1a2
 763 03fb 0D040000 		.4byte	0x40d
 764 03ff 09       		.uleb128 0x9
 765 0400 7C060000 		.4byte	.LASF75
 766 0404 07       		.byte	0x7
 767 0405 AA01     		.2byte	0x1aa
 768 0407 3C090000 		.4byte	0x93c
 769 040b 00       		.byte	0
 770 040c 00       		.byte	0
 771 040d 03       		.uleb128 0x3
 772 040e 9F020000 		.4byte	.LASF76
 773 0412 06       		.byte	0x6
 774 0413 70       		.byte	0x70
 775 0414 18040000 		.4byte	0x418
 776 0418 0F       		.uleb128 0xf
 777 0419 6A010000 		.4byte	.LASF77
 778 041d 5802     		.2byte	0x258
 779 041f 07       		.byte	0x7
 780 0420 C201     		.2byte	0x1c2
 781 0422 74040000 		.4byte	0x474
 782 0426 09       		.uleb128 0x9
 783 0427 FD060000 		.4byte	.LASF78
 784 042b 07       		.byte	0x7
 785 042c C601     		.2byte	0x1c6
 786 042e BB020000 		.4byte	0x2bb
 787 0432 00       		.byte	0
 788 0433 09       		.uleb128 0x9
 789 0434 47010000 		.4byte	.LASF79
 790 0438 07       		.byte	0x7
 791 0439 CA01     		.2byte	0x1ca
 792 043b 9A030000 		.4byte	0x39a
 793 043f 1C       		.byte	0x1c
 794 0440 08       		.uleb128 0x8
 795 0441 64626700 		.ascii	"dbg\000"
 796 0445 07       		.byte	0x7
 797 0446 CE01     		.2byte	0x1ce
 798 0448 E7030000 		.4byte	0x3e7
ARM GAS  /tmp/ccWsXmFY.s 			page 15


 799 044c 2C       		.byte	0x2c
 800 044d 09       		.uleb128 0x9
 801 044e 76000000 		.4byte	.LASF80
 802 0452 07       		.byte	0x7
 803 0453 D201     		.2byte	0x1d2
 804 0455 46010000 		.4byte	0x146
 805 0459 30       		.byte	0x30
 806 045a 08       		.uleb128 0x8
 807 045b 746D00   		.ascii	"tm\000"
 808 045e 07       		.byte	0x7
 809 045f D701     		.2byte	0x1d7
 810 0461 4F080000 		.4byte	0x84f
 811 0465 78       		.byte	0x78
 812 0466 09       		.uleb128 0x9
 813 0467 E0010000 		.4byte	.LASF81
 814 046b 07       		.byte	0x7
 815 046c E301     		.2byte	0x1e3
 816 046e 41090000 		.4byte	0x941
 817 0472 80       		.byte	0x80
 818 0473 00       		.byte	0
 819 0474 04       		.uleb128 0x4
 820 0475 04       		.byte	0x4
 821 0476 07       		.byte	0x7
 822 0477 15030000 		.4byte	.LASF82
 823 047b 10       		.uleb128 0x10
 824 047c B8000000 		.4byte	0xb8
 825 0480 8B040000 		.4byte	0x48b
 826 0484 11       		.uleb128 0x11
 827 0485 74040000 		.4byte	0x474
 828 0489 01       		.byte	0x1
 829 048a 00       		.byte	0
 830 048b 12       		.uleb128 0x12
 831 048c 1C       		.byte	0x1c
 832 048d 08       		.byte	0x8
 833 048e DA01     		.2byte	0x1da
 834 0490 EE040000 		.4byte	0x4ee
 835 0494 08       		.uleb128 0x8
 836 0495 41435200 		.ascii	"ACR\000"
 837 0499 08       		.byte	0x8
 838 049a DC01     		.2byte	0x1dc
 839 049c D3000000 		.4byte	0xd3
 840 04a0 00       		.byte	0
 841 04a1 09       		.uleb128 0x9
 842 04a2 C2010000 		.4byte	.LASF83
 843 04a6 08       		.byte	0x8
 844 04a7 DD01     		.2byte	0x1dd
 845 04a9 D3000000 		.4byte	0xd3
 846 04ad 04       		.byte	0x4
 847 04ae 09       		.uleb128 0x9
 848 04af A1010000 		.4byte	.LASF84
 849 04b3 08       		.byte	0x8
 850 04b4 DE01     		.2byte	0x1de
 851 04b6 D3000000 		.4byte	0xd3
 852 04ba 08       		.byte	0x8
 853 04bb 08       		.uleb128 0x8
 854 04bc 535200   		.ascii	"SR\000"
 855 04bf 08       		.byte	0x8
ARM GAS  /tmp/ccWsXmFY.s 			page 16


 856 04c0 DF01     		.2byte	0x1df
 857 04c2 D3000000 		.4byte	0xd3
 858 04c6 0C       		.byte	0xc
 859 04c7 08       		.uleb128 0x8
 860 04c8 435200   		.ascii	"CR\000"
 861 04cb 08       		.byte	0x8
 862 04cc E001     		.2byte	0x1e0
 863 04ce D3000000 		.4byte	0xd3
 864 04d2 10       		.byte	0x10
 865 04d3 09       		.uleb128 0x9
 866 04d4 49000000 		.4byte	.LASF85
 867 04d8 08       		.byte	0x8
 868 04d9 E101     		.2byte	0x1e1
 869 04db D3000000 		.4byte	0xd3
 870 04df 14       		.byte	0x14
 871 04e0 09       		.uleb128 0x9
 872 04e1 4F000000 		.4byte	.LASF86
 873 04e5 08       		.byte	0x8
 874 04e6 E201     		.2byte	0x1e2
 875 04e8 D3000000 		.4byte	0xd3
 876 04ec 18       		.byte	0x18
 877 04ed 00       		.byte	0
 878 04ee 13       		.uleb128 0x13
 879 04ef 29010000 		.4byte	.LASF87
 880 04f3 08       		.byte	0x8
 881 04f4 E301     		.2byte	0x1e3
 882 04f6 8B040000 		.4byte	0x48b
 883 04fa 12       		.uleb128 0x12
 884 04fb 08       		.byte	0x8
 885 04fc 08       		.byte	0x8
 886 04fd 5D02     		.2byte	0x25d
 887 04ff 1D050000 		.4byte	0x51d
 888 0503 08       		.uleb128 0x8
 889 0504 435200   		.ascii	"CR\000"
 890 0507 08       		.byte	0x8
 891 0508 5F02     		.2byte	0x25f
 892 050a D3000000 		.4byte	0xd3
 893 050e 00       		.byte	0
 894 050f 08       		.uleb128 0x8
 895 0510 43535200 		.ascii	"CSR\000"
 896 0514 08       		.byte	0x8
 897 0515 6002     		.2byte	0x260
 898 0517 D3000000 		.4byte	0xd3
 899 051b 04       		.byte	0x4
 900 051c 00       		.byte	0
 901 051d 13       		.uleb128 0x13
 902 051e 4E010000 		.4byte	.LASF88
 903 0522 08       		.byte	0x8
 904 0523 6102     		.2byte	0x261
 905 0525 FA040000 		.4byte	0x4fa
 906 0529 12       		.uleb128 0x12
 907 052a 88       		.byte	0x88
 908 052b 08       		.byte	0x8
 909 052c 6702     		.2byte	0x267
 910 052e B8060000 		.4byte	0x6b8
 911 0532 08       		.uleb128 0x8
 912 0533 435200   		.ascii	"CR\000"
ARM GAS  /tmp/ccWsXmFY.s 			page 17


 913 0536 08       		.byte	0x8
 914 0537 6902     		.2byte	0x269
 915 0539 D3000000 		.4byte	0xd3
 916 053d 00       		.byte	0
 917 053e 09       		.uleb128 0x9
 918 053f 7C020000 		.4byte	.LASF89
 919 0543 08       		.byte	0x8
 920 0544 6A02     		.2byte	0x26a
 921 0546 D3000000 		.4byte	0xd3
 922 054a 04       		.byte	0x4
 923 054b 09       		.uleb128 0x9
 924 054c 21070000 		.4byte	.LASF90
 925 0550 08       		.byte	0x8
 926 0551 6B02     		.2byte	0x26b
 927 0553 D3000000 		.4byte	0xd3
 928 0557 08       		.byte	0x8
 929 0558 08       		.uleb128 0x8
 930 0559 43495200 		.ascii	"CIR\000"
 931 055d 08       		.byte	0x8
 932 055e 6C02     		.2byte	0x26c
 933 0560 D3000000 		.4byte	0xd3
 934 0564 0C       		.byte	0xc
 935 0565 09       		.uleb128 0x9
 936 0566 20010000 		.4byte	.LASF91
 937 056a 08       		.byte	0x8
 938 056b 6D02     		.2byte	0x26d
 939 056d D3000000 		.4byte	0xd3
 940 0571 10       		.byte	0x10
 941 0572 09       		.uleb128 0x9
 942 0573 1F050000 		.4byte	.LASF92
 943 0577 08       		.byte	0x8
 944 0578 6E02     		.2byte	0x26e
 945 057a D3000000 		.4byte	0xd3
 946 057e 14       		.byte	0x14
 947 057f 09       		.uleb128 0x9
 948 0580 9C040000 		.4byte	.LASF93
 949 0584 08       		.byte	0x8
 950 0585 6F02     		.2byte	0x26f
 951 0587 D3000000 		.4byte	0xd3
 952 058b 18       		.byte	0x18
 953 058c 09       		.uleb128 0x9
 954 058d A6030000 		.4byte	.LASF94
 955 0591 08       		.byte	0x8
 956 0592 7002     		.2byte	0x270
 957 0594 B8000000 		.4byte	0xb8
 958 0598 1C       		.byte	0x1c
 959 0599 09       		.uleb128 0x9
 960 059a 8A030000 		.4byte	.LASF95
 961 059e 08       		.byte	0x8
 962 059f 7102     		.2byte	0x271
 963 05a1 D3000000 		.4byte	0xd3
 964 05a5 20       		.byte	0x20
 965 05a6 09       		.uleb128 0x9
 966 05a7 7D010000 		.4byte	.LASF96
 967 05ab 08       		.byte	0x8
 968 05ac 7202     		.2byte	0x272
 969 05ae D3000000 		.4byte	0xd3
ARM GAS  /tmp/ccWsXmFY.s 			page 18


 970 05b2 24       		.byte	0x24
 971 05b3 09       		.uleb128 0x9
 972 05b4 B0030000 		.4byte	.LASF97
 973 05b8 08       		.byte	0x8
 974 05b9 7302     		.2byte	0x273
 975 05bb 7B040000 		.4byte	0x47b
 976 05bf 28       		.byte	0x28
 977 05c0 09       		.uleb128 0x9
 978 05c1 19070000 		.4byte	.LASF98
 979 05c5 08       		.byte	0x8
 980 05c6 7402     		.2byte	0x274
 981 05c8 D3000000 		.4byte	0xd3
 982 05cc 30       		.byte	0x30
 983 05cd 09       		.uleb128 0x9
 984 05ce 95060000 		.4byte	.LASF99
 985 05d2 08       		.byte	0x8
 986 05d3 7502     		.2byte	0x275
 987 05d5 D3000000 		.4byte	0xd3
 988 05d9 34       		.byte	0x34
 989 05da 09       		.uleb128 0x9
 990 05db 4F030000 		.4byte	.LASF100
 991 05df 08       		.byte	0x8
 992 05e0 7602     		.2byte	0x276
 993 05e2 D3000000 		.4byte	0xd3
 994 05e6 38       		.byte	0x38
 995 05e7 09       		.uleb128 0x9
 996 05e8 BA030000 		.4byte	.LASF101
 997 05ec 08       		.byte	0x8
 998 05ed 7702     		.2byte	0x277
 999 05ef B8000000 		.4byte	0xb8
 1000 05f3 3C       		.byte	0x3c
 1001 05f4 09       		.uleb128 0x9
 1002 05f5 8D060000 		.4byte	.LASF102
 1003 05f9 08       		.byte	0x8
 1004 05fa 7802     		.2byte	0x278
 1005 05fc D3000000 		.4byte	0xd3
 1006 0600 40       		.byte	0x40
 1007 0601 09       		.uleb128 0x9
 1008 0602 94040000 		.4byte	.LASF103
 1009 0606 08       		.byte	0x8
 1010 0607 7902     		.2byte	0x279
 1011 0609 D3000000 		.4byte	0xd3
 1012 060d 44       		.byte	0x44
 1013 060e 09       		.uleb128 0x9
 1014 060f C4030000 		.4byte	.LASF104
 1015 0613 08       		.byte	0x8
 1016 0614 7A02     		.2byte	0x27a
 1017 0616 7B040000 		.4byte	0x47b
 1018 061a 48       		.byte	0x48
 1019 061b 09       		.uleb128 0x9
 1020 061c EA000000 		.4byte	.LASF105
 1021 0620 08       		.byte	0x8
 1022 0621 7B02     		.2byte	0x27b
 1023 0623 D3000000 		.4byte	0xd3
 1024 0627 50       		.byte	0x50
 1025 0628 09       		.uleb128 0x9
 1026 0629 65030000 		.4byte	.LASF106
ARM GAS  /tmp/ccWsXmFY.s 			page 19


 1027 062d 08       		.byte	0x8
 1028 062e 7C02     		.2byte	0x27c
 1029 0630 D3000000 		.4byte	0xd3
 1030 0634 54       		.byte	0x54
 1031 0635 09       		.uleb128 0x9
 1032 0636 74040000 		.4byte	.LASF107
 1033 063a 08       		.byte	0x8
 1034 063b 7D02     		.2byte	0x27d
 1035 063d D3000000 		.4byte	0xd3
 1036 0641 58       		.byte	0x58
 1037 0642 09       		.uleb128 0x9
 1038 0643 CE030000 		.4byte	.LASF108
 1039 0647 08       		.byte	0x8
 1040 0648 7E02     		.2byte	0x27e
 1041 064a B8000000 		.4byte	0xb8
 1042 064e 5C       		.byte	0x5c
 1043 064f 09       		.uleb128 0x9
 1044 0650 86010000 		.4byte	.LASF109
 1045 0654 08       		.byte	0x8
 1046 0655 7F02     		.2byte	0x27f
 1047 0657 D3000000 		.4byte	0xd3
 1048 065b 60       		.byte	0x60
 1049 065c 09       		.uleb128 0x9
 1050 065d B3020000 		.4byte	.LASF110
 1051 0661 08       		.byte	0x8
 1052 0662 8002     		.2byte	0x280
 1053 0664 D3000000 		.4byte	0xd3
 1054 0668 64       		.byte	0x64
 1055 0669 09       		.uleb128 0x9
 1056 066a CE040000 		.4byte	.LASF111
 1057 066e 08       		.byte	0x8
 1058 066f 8102     		.2byte	0x281
 1059 0671 7B040000 		.4byte	0x47b
 1060 0675 68       		.byte	0x68
 1061 0676 09       		.uleb128 0x9
 1062 0677 F8060000 		.4byte	.LASF112
 1063 067b 08       		.byte	0x8
 1064 067c 8202     		.2byte	0x282
 1065 067e D3000000 		.4byte	0xd3
 1066 0682 70       		.byte	0x70
 1067 0683 08       		.uleb128 0x8
 1068 0684 43535200 		.ascii	"CSR\000"
 1069 0688 08       		.byte	0x8
 1070 0689 8302     		.2byte	0x283
 1071 068b D3000000 		.4byte	0xd3
 1072 068f 74       		.byte	0x74
 1073 0690 09       		.uleb128 0x9
 1074 0691 DF030000 		.4byte	.LASF113
 1075 0695 08       		.byte	0x8
 1076 0696 8402     		.2byte	0x284
 1077 0698 7B040000 		.4byte	0x47b
 1078 069c 78       		.byte	0x78
 1079 069d 09       		.uleb128 0x9
 1080 069e C9060000 		.4byte	.LASF114
 1081 06a2 08       		.byte	0x8
 1082 06a3 8502     		.2byte	0x285
 1083 06a5 D3000000 		.4byte	0xd3
ARM GAS  /tmp/ccWsXmFY.s 			page 20


 1084 06a9 80       		.byte	0x80
 1085 06aa 09       		.uleb128 0x9
 1086 06ab 6B020000 		.4byte	.LASF115
 1087 06af 08       		.byte	0x8
 1088 06b0 8602     		.2byte	0x286
 1089 06b2 D3000000 		.4byte	0xd3
 1090 06b6 84       		.byte	0x84
 1091 06b7 00       		.byte	0
 1092 06b8 13       		.uleb128 0x13
 1093 06b9 3C020000 		.4byte	.LASF116
 1094 06bd 08       		.byte	0x8
 1095 06be 8802     		.2byte	0x288
 1096 06c0 29050000 		.4byte	0x529
 1097 06c4 03       		.uleb128 0x3
 1098 06c5 B1010000 		.4byte	.LASF117
 1099 06c9 09       		.byte	0x9
 1100 06ca 65       		.byte	0x65
 1101 06cb 3E030000 		.4byte	0x33e
 1102 06cf 03       		.uleb128 0x3
 1103 06d0 E1020000 		.4byte	.LASF118
 1104 06d4 09       		.byte	0x9
 1105 06d5 6D       		.byte	0x6d
 1106 06d6 C3000000 		.4byte	0xc3
 1107 06da 06       		.uleb128 0x6
 1108 06db 9D060000 		.4byte	.LASF119
 1109 06df 04       		.byte	0x4
 1110 06e0 09       		.byte	0x9
 1111 06e1 89       		.byte	0x89
 1112 06e2 F3060000 		.4byte	0x6f3
 1113 06e6 14       		.uleb128 0x14
 1114 06e7 72313300 		.ascii	"r13\000"
 1115 06eb 09       		.byte	0x9
 1116 06ec 8A       		.byte	0x8a
 1117 06ed 34080000 		.4byte	0x834
 1118 06f1 00       		.byte	0
 1119 06f2 00       		.byte	0
 1120 06f3 06       		.uleb128 0x6
 1121 06f4 2E000000 		.4byte	.LASF120
 1122 06f8 64       		.byte	0x64
 1123 06f9 0A       		.byte	0xa
 1124 06fa F4       		.byte	0xf4
 1125 06fb 34080000 		.4byte	0x834
 1126 06ff 14       		.uleb128 0x14
 1127 0700 73313600 		.ascii	"s16\000"
 1128 0704 0A       		.byte	0xa
 1129 0705 F6       		.byte	0xf6
 1130 0706 C4060000 		.4byte	0x6c4
 1131 070a 00       		.byte	0
 1132 070b 14       		.uleb128 0x14
 1133 070c 73313700 		.ascii	"s17\000"
 1134 0710 0A       		.byte	0xa
 1135 0711 F7       		.byte	0xf7
 1136 0712 C4060000 		.4byte	0x6c4
 1137 0716 04       		.byte	0x4
 1138 0717 14       		.uleb128 0x14
 1139 0718 73313800 		.ascii	"s18\000"
 1140 071c 0A       		.byte	0xa
ARM GAS  /tmp/ccWsXmFY.s 			page 21


 1141 071d F8       		.byte	0xf8
 1142 071e C4060000 		.4byte	0x6c4
 1143 0722 08       		.byte	0x8
 1144 0723 14       		.uleb128 0x14
 1145 0724 73313900 		.ascii	"s19\000"
 1146 0728 0A       		.byte	0xa
 1147 0729 F9       		.byte	0xf9
 1148 072a C4060000 		.4byte	0x6c4
 1149 072e 0C       		.byte	0xc
 1150 072f 14       		.uleb128 0x14
 1151 0730 73323000 		.ascii	"s20\000"
 1152 0734 0A       		.byte	0xa
 1153 0735 FA       		.byte	0xfa
 1154 0736 C4060000 		.4byte	0x6c4
 1155 073a 10       		.byte	0x10
 1156 073b 14       		.uleb128 0x14
 1157 073c 73323100 		.ascii	"s21\000"
 1158 0740 0A       		.byte	0xa
 1159 0741 FB       		.byte	0xfb
 1160 0742 C4060000 		.4byte	0x6c4
 1161 0746 14       		.byte	0x14
 1162 0747 14       		.uleb128 0x14
 1163 0748 73323200 		.ascii	"s22\000"
 1164 074c 0A       		.byte	0xa
 1165 074d FC       		.byte	0xfc
 1166 074e C4060000 		.4byte	0x6c4
 1167 0752 18       		.byte	0x18
 1168 0753 14       		.uleb128 0x14
 1169 0754 73323300 		.ascii	"s23\000"
 1170 0758 0A       		.byte	0xa
 1171 0759 FD       		.byte	0xfd
 1172 075a C4060000 		.4byte	0x6c4
 1173 075e 1C       		.byte	0x1c
 1174 075f 14       		.uleb128 0x14
 1175 0760 73323400 		.ascii	"s24\000"
 1176 0764 0A       		.byte	0xa
 1177 0765 FE       		.byte	0xfe
 1178 0766 C4060000 		.4byte	0x6c4
 1179 076a 20       		.byte	0x20
 1180 076b 14       		.uleb128 0x14
 1181 076c 73323500 		.ascii	"s25\000"
 1182 0770 0A       		.byte	0xa
 1183 0771 FF       		.byte	0xff
 1184 0772 C4060000 		.4byte	0x6c4
 1185 0776 24       		.byte	0x24
 1186 0777 08       		.uleb128 0x8
 1187 0778 73323600 		.ascii	"s26\000"
 1188 077c 0A       		.byte	0xa
 1189 077d 0001     		.2byte	0x100
 1190 077f C4060000 		.4byte	0x6c4
 1191 0783 28       		.byte	0x28
 1192 0784 08       		.uleb128 0x8
 1193 0785 73323700 		.ascii	"s27\000"
 1194 0789 0A       		.byte	0xa
 1195 078a 0101     		.2byte	0x101
 1196 078c C4060000 		.4byte	0x6c4
 1197 0790 2C       		.byte	0x2c
ARM GAS  /tmp/ccWsXmFY.s 			page 22


 1198 0791 08       		.uleb128 0x8
 1199 0792 73323800 		.ascii	"s28\000"
 1200 0796 0A       		.byte	0xa
 1201 0797 0201     		.2byte	0x102
 1202 0799 C4060000 		.4byte	0x6c4
 1203 079d 30       		.byte	0x30
 1204 079e 08       		.uleb128 0x8
 1205 079f 73323900 		.ascii	"s29\000"
 1206 07a3 0A       		.byte	0xa
 1207 07a4 0301     		.2byte	0x103
 1208 07a6 C4060000 		.4byte	0x6c4
 1209 07aa 34       		.byte	0x34
 1210 07ab 08       		.uleb128 0x8
 1211 07ac 73333000 		.ascii	"s30\000"
 1212 07b0 0A       		.byte	0xa
 1213 07b1 0401     		.2byte	0x104
 1214 07b3 C4060000 		.4byte	0x6c4
 1215 07b7 38       		.byte	0x38
 1216 07b8 08       		.uleb128 0x8
 1217 07b9 73333100 		.ascii	"s31\000"
 1218 07bd 0A       		.byte	0xa
 1219 07be 0501     		.2byte	0x105
 1220 07c0 C4060000 		.4byte	0x6c4
 1221 07c4 3C       		.byte	0x3c
 1222 07c5 08       		.uleb128 0x8
 1223 07c6 723400   		.ascii	"r4\000"
 1224 07c9 0A       		.byte	0xa
 1225 07ca 0701     		.2byte	0x107
 1226 07cc C4060000 		.4byte	0x6c4
 1227 07d0 40       		.byte	0x40
 1228 07d1 08       		.uleb128 0x8
 1229 07d2 723500   		.ascii	"r5\000"
 1230 07d5 0A       		.byte	0xa
 1231 07d6 0801     		.2byte	0x108
 1232 07d8 C4060000 		.4byte	0x6c4
 1233 07dc 44       		.byte	0x44
 1234 07dd 08       		.uleb128 0x8
 1235 07de 723600   		.ascii	"r6\000"
 1236 07e1 0A       		.byte	0xa
 1237 07e2 0901     		.2byte	0x109
 1238 07e4 C4060000 		.4byte	0x6c4
 1239 07e8 48       		.byte	0x48
 1240 07e9 08       		.uleb128 0x8
 1241 07ea 723700   		.ascii	"r7\000"
 1242 07ed 0A       		.byte	0xa
 1243 07ee 0A01     		.2byte	0x10a
 1244 07f0 C4060000 		.4byte	0x6c4
 1245 07f4 4C       		.byte	0x4c
 1246 07f5 08       		.uleb128 0x8
 1247 07f6 723800   		.ascii	"r8\000"
 1248 07f9 0A       		.byte	0xa
 1249 07fa 0B01     		.2byte	0x10b
 1250 07fc C4060000 		.4byte	0x6c4
 1251 0800 50       		.byte	0x50
 1252 0801 08       		.uleb128 0x8
 1253 0802 723900   		.ascii	"r9\000"
 1254 0805 0A       		.byte	0xa
ARM GAS  /tmp/ccWsXmFY.s 			page 23


 1255 0806 0C01     		.2byte	0x10c
 1256 0808 C4060000 		.4byte	0x6c4
 1257 080c 54       		.byte	0x54
 1258 080d 08       		.uleb128 0x8
 1259 080e 72313000 		.ascii	"r10\000"
 1260 0812 0A       		.byte	0xa
 1261 0813 0D01     		.2byte	0x10d
 1262 0815 C4060000 		.4byte	0x6c4
 1263 0819 58       		.byte	0x58
 1264 081a 08       		.uleb128 0x8
 1265 081b 72313100 		.ascii	"r11\000"
 1266 081f 0A       		.byte	0xa
 1267 0820 0E01     		.2byte	0x10e
 1268 0822 C4060000 		.4byte	0x6c4
 1269 0826 5C       		.byte	0x5c
 1270 0827 08       		.uleb128 0x8
 1271 0828 6C7200   		.ascii	"lr\000"
 1272 082b 0A       		.byte	0xa
 1273 082c 0F01     		.2byte	0x10f
 1274 082e C4060000 		.4byte	0x6c4
 1275 0832 60       		.byte	0x60
 1276 0833 00       		.byte	0
 1277 0834 0A       		.uleb128 0xa
 1278 0835 04       		.byte	0x4
 1279 0836 F3060000 		.4byte	0x6f3
 1280 083a 15       		.uleb128 0x15
 1281 083b 04       		.byte	0x4
 1282 083c 0B       		.byte	0xb
 1283 083d 38       		.byte	0x38
 1284 083e 4F080000 		.4byte	0x84f
 1285 0842 07       		.uleb128 0x7
 1286 0843 86060000 		.4byte	.LASF121
 1287 0847 0B       		.byte	0xb
 1288 0848 3C       		.byte	0x3c
 1289 0849 D8000000 		.4byte	0xd8
 1290 084d 00       		.byte	0
 1291 084e 00       		.byte	0
 1292 084f 03       		.uleb128 0x3
 1293 0850 6F030000 		.4byte	.LASF122
 1294 0854 0B       		.byte	0xb
 1295 0855 3D       		.byte	0x3d
 1296 0856 3A080000 		.4byte	0x83a
 1297 085a 16       		.uleb128 0x16
 1298 085b 04       		.byte	0x4
 1299 085c 07       		.byte	0x7
 1300 085d FA       		.byte	0xfa
 1301 085e B7080000 		.4byte	0x8b7
 1302 0862 17       		.uleb128 0x17
 1303 0863 14000000 		.4byte	.LASF123
 1304 0867 07       		.byte	0x7
 1305 0868 0101     		.2byte	0x101
 1306 086a 1A010000 		.4byte	0x11a
 1307 086e 17       		.uleb128 0x17
 1308 086f 6D000000 		.4byte	.LASF124
 1309 0873 07       		.byte	0x7
 1310 0874 0801     		.2byte	0x108
 1311 0876 1A010000 		.4byte	0x11a
ARM GAS  /tmp/ccWsXmFY.s 			page 24


 1312 087a 17       		.uleb128 0x17
 1313 087b 0B070000 		.4byte	.LASF125
 1314 087f 07       		.byte	0x7
 1315 0880 0F01     		.2byte	0x10f
 1316 0882 3E030000 		.4byte	0x33e
 1317 0886 17       		.uleb128 0x17
 1318 0887 64010000 		.4byte	.LASF126
 1319 088b 07       		.byte	0x7
 1320 088c 1601     		.2byte	0x116
 1321 088e B7080000 		.4byte	0x8b7
 1322 0892 17       		.uleb128 0x17
 1323 0893 21020000 		.4byte	.LASF127
 1324 0897 07       		.byte	0x7
 1325 0898 1E01     		.2byte	0x11e
 1326 089a E2080000 		.4byte	0x8e2
 1327 089e 17       		.uleb128 0x17
 1328 089f E1040000 		.4byte	.LASF128
 1329 08a3 07       		.byte	0x7
 1330 08a4 2701     		.2byte	0x127
 1331 08a6 19090000 		.4byte	0x919
 1332 08aa 17       		.uleb128 0x17
 1333 08ab 85040000 		.4byte	.LASF129
 1334 08af 07       		.byte	0x7
 1335 08b0 2F01     		.2byte	0x12f
 1336 08b2 25010000 		.4byte	0x125
 1337 08b6 00       		.byte	0
 1338 08b7 0A       		.uleb128 0xa
 1339 08b8 04       		.byte	0x4
 1340 08b9 56020000 		.4byte	0x256
 1341 08bd 06       		.uleb128 0x6
 1342 08be B6040000 		.4byte	.LASF130
 1343 08c2 0C       		.byte	0xc
 1344 08c3 0C       		.byte	0xc
 1345 08c4 34       		.byte	0x34
 1346 08c5 E2080000 		.4byte	0x8e2
 1347 08c9 07       		.uleb128 0x7
 1348 08ca 26070000 		.4byte	.LASF131
 1349 08ce 0C       		.byte	0xc
 1350 08cf 35       		.byte	0x35
 1351 08d0 8B020000 		.4byte	0x28b
 1352 08d4 00       		.byte	0
 1353 08d5 07       		.uleb128 0x7
 1354 08d6 48020000 		.4byte	.LASF132
 1355 08da 0C       		.byte	0xc
 1356 08db 37       		.byte	0x37
 1357 08dc 30010000 		.4byte	0x130
 1358 08e0 08       		.byte	0x8
 1359 08e1 00       		.byte	0
 1360 08e2 0A       		.uleb128 0xa
 1361 08e3 04       		.byte	0x4
 1362 08e4 BD080000 		.4byte	0x8bd
 1363 08e8 06       		.uleb128 0x6
 1364 08e9 DF060000 		.4byte	.LASF133
 1365 08ed 10       		.byte	0x10
 1366 08ee 0D       		.byte	0xd
 1367 08ef 39       		.byte	0x39
 1368 08f0 19090000 		.4byte	0x919
ARM GAS  /tmp/ccWsXmFY.s 			page 25


 1369 08f4 07       		.uleb128 0x7
 1370 08f5 3F010000 		.4byte	.LASF134
 1371 08f9 0D       		.byte	0xd
 1372 08fa 3A       		.byte	0x3a
 1373 08fb 8B020000 		.4byte	0x28b
 1374 08ff 00       		.byte	0
 1375 0900 07       		.uleb128 0x7
 1376 0901 34070000 		.4byte	.LASF135
 1377 0905 0D       		.byte	0xd
 1378 0906 3C       		.byte	0x3c
 1379 0907 61020000 		.4byte	0x261
 1380 090b 08       		.byte	0x8
 1381 090c 07       		.uleb128 0x7
 1382 090d 4C060000 		.4byte	.LASF136
 1383 0911 0D       		.byte	0xd
 1384 0912 3E       		.byte	0x3e
 1385 0913 5C090000 		.4byte	0x95c
 1386 0917 0C       		.byte	0xc
 1387 0918 00       		.byte	0
 1388 0919 0A       		.uleb128 0xa
 1389 091a 04       		.byte	0x4
 1390 091b E8080000 		.4byte	0x8e8
 1391 091f 0A       		.uleb128 0xa
 1392 0920 04       		.byte	0x4
 1393 0921 25090000 		.4byte	0x925
 1394 0925 18       		.uleb128 0x18
 1395 0926 2A090000 		.4byte	0x92a
 1396 092a 04       		.uleb128 0x4
 1397 092b 01       		.byte	0x1
 1398 092c 08       		.byte	0x8
 1399 092d 1A050000 		.4byte	.LASF137
 1400 0931 05       		.uleb128 0x5
 1401 0932 3B010000 		.4byte	0x13b
 1402 0936 0A       		.uleb128 0xa
 1403 0937 04       		.byte	0x4
 1404 0938 40030000 		.4byte	0x340
 1405 093c 05       		.uleb128 0x5
 1406 093d 1F090000 		.4byte	0x91f
 1407 0941 10       		.uleb128 0x10
 1408 0942 CF060000 		.4byte	0x6cf
 1409 0946 51090000 		.4byte	0x951
 1410 094a 11       		.uleb128 0x11
 1411 094b 74040000 		.4byte	0x474
 1412 094f 3A       		.byte	0x3a
 1413 0950 00       		.byte	0
 1414 0951 03       		.uleb128 0x3
 1415 0952 D8010000 		.4byte	.LASF138
 1416 0956 0D       		.byte	0xd
 1417 0957 34       		.byte	0x34
 1418 0958 E8080000 		.4byte	0x8e8
 1419 095c 0A       		.uleb128 0xa
 1420 095d 04       		.byte	0x4
 1421 095e 51090000 		.4byte	0x951
 1422 0962 04       		.uleb128 0x4
 1423 0963 01       		.byte	0x1
 1424 0964 02       		.byte	0x2
 1425 0965 32040000 		.4byte	.LASF139
ARM GAS  /tmp/ccWsXmFY.s 			page 26


 1426 0969 19       		.uleb128 0x19
 1427 096a 84020000 		.4byte	.LASF145
 1428 096e 01       		.byte	0x1
 1429 096f 36       		.byte	0x36
 1430 0970 01       		.byte	0x1
 1431 0971 1A       		.uleb128 0x1a
 1432 0972 AD060000 		.4byte	.LASF146
 1433 0976 01       		.byte	0x1
 1434 0977 72       		.byte	0x72
 1435 0978 00000000 		.4byte	.LFB257
 1436 097c 68000000 		.4byte	.LFE257-.LFB257
 1437 0980 01       		.uleb128 0x1
 1438 0981 9C       		.byte	0x9c
 1439 0982 9F090000 		.4byte	0x99f
 1440 0986 1B       		.uleb128 0x1b
 1441 0987 69090000 		.4byte	0x969
 1442 098b 18000000 		.4byte	.LBB4
 1443 098f 00000000 		.4byte	.Ldebug_ranges0+0
 1444 0993 01       		.byte	0x1
 1445 0994 7F       		.byte	0x7f
 1446 0995 1C       		.uleb128 0x1c
 1447 0996 5E000000 		.4byte	.LVL0
 1448 099a D8090000 		.4byte	0x9d8
 1449 099e 00       		.byte	0
 1450 099f 1D       		.uleb128 0x1d
 1451 09a0 C7010000 		.4byte	.LASF147
 1452 09a4 01       		.byte	0x1
 1453 09a5 92       		.byte	0x92
 1454 09a6 00000000 		.4byte	.LFB258
 1455 09aa C8000000 		.4byte	.LFE258-.LFB258
 1456 09ae 01       		.uleb128 0x1
 1457 09af 9C       		.byte	0x9c
 1458 09b0 1E       		.uleb128 0x1e
 1459 09b1 97000000 		.4byte	.LASF140
 1460 09b5 0E       		.byte	0xe
 1461 09b6 A706     		.2byte	0x6a7
 1462 09b8 CE000000 		.4byte	0xce
 1463 09bc 1F       		.uleb128 0x1f
 1464 09bd 0A020000 		.4byte	.LASF141
 1465 09c1 01       		.byte	0x1
 1466 09c2 27       		.byte	0x27
 1467 09c3 B8000000 		.4byte	0xb8
 1468 09c7 05       		.uleb128 0x5
 1469 09c8 03       		.byte	0x3
 1470 09c9 00000000 		.4byte	SystemCoreClock
 1471 09cd 20       		.uleb128 0x20
 1472 09ce 636800   		.ascii	"ch\000"
 1473 09d1 07       		.byte	0x7
 1474 09d2 0902     		.2byte	0x209
 1475 09d4 0D040000 		.4byte	0x40d
 1476 09d8 21       		.uleb128 0x21
 1477 09d9 00050000 		.4byte	.LASF148
 1478 09dd 0F       		.byte	0xf
 1479 09de C101     		.2byte	0x1c1
 1480 09e0 00       		.byte	0
 1481              		.section	.debug_abbrev,"",%progbits
 1482              	.Ldebug_abbrev0:
ARM GAS  /tmp/ccWsXmFY.s 			page 27


 1483 0000 01       		.uleb128 0x1
 1484 0001 11       		.uleb128 0x11
 1485 0002 01       		.byte	0x1
 1486 0003 25       		.uleb128 0x25
 1487 0004 0E       		.uleb128 0xe
 1488 0005 13       		.uleb128 0x13
 1489 0006 0B       		.uleb128 0xb
 1490 0007 03       		.uleb128 0x3
 1491 0008 0E       		.uleb128 0xe
 1492 0009 1B       		.uleb128 0x1b
 1493 000a 0E       		.uleb128 0xe
 1494 000b 55       		.uleb128 0x55
 1495 000c 17       		.uleb128 0x17
 1496 000d 11       		.uleb128 0x11
 1497 000e 01       		.uleb128 0x1
 1498 000f 10       		.uleb128 0x10
 1499 0010 17       		.uleb128 0x17
 1500 0011 00       		.byte	0
 1501 0012 00       		.byte	0
 1502 0013 02       		.uleb128 0x2
 1503 0014 24       		.uleb128 0x24
 1504 0015 00       		.byte	0
 1505 0016 0B       		.uleb128 0xb
 1506 0017 0B       		.uleb128 0xb
 1507 0018 3E       		.uleb128 0x3e
 1508 0019 0B       		.uleb128 0xb
 1509 001a 03       		.uleb128 0x3
 1510 001b 08       		.uleb128 0x8
 1511 001c 00       		.byte	0
 1512 001d 00       		.byte	0
 1513 001e 03       		.uleb128 0x3
 1514 001f 16       		.uleb128 0x16
 1515 0020 00       		.byte	0
 1516 0021 03       		.uleb128 0x3
 1517 0022 0E       		.uleb128 0xe
 1518 0023 3A       		.uleb128 0x3a
 1519 0024 0B       		.uleb128 0xb
 1520 0025 3B       		.uleb128 0x3b
 1521 0026 0B       		.uleb128 0xb
 1522 0027 49       		.uleb128 0x49
 1523 0028 13       		.uleb128 0x13
 1524 0029 00       		.byte	0
 1525 002a 00       		.byte	0
 1526 002b 04       		.uleb128 0x4
 1527 002c 24       		.uleb128 0x24
 1528 002d 00       		.byte	0
 1529 002e 0B       		.uleb128 0xb
 1530 002f 0B       		.uleb128 0xb
 1531 0030 3E       		.uleb128 0x3e
 1532 0031 0B       		.uleb128 0xb
 1533 0032 03       		.uleb128 0x3
 1534 0033 0E       		.uleb128 0xe
 1535 0034 00       		.byte	0
 1536 0035 00       		.byte	0
 1537 0036 05       		.uleb128 0x5
 1538 0037 35       		.uleb128 0x35
 1539 0038 00       		.byte	0
ARM GAS  /tmp/ccWsXmFY.s 			page 28


 1540 0039 49       		.uleb128 0x49
 1541 003a 13       		.uleb128 0x13
 1542 003b 00       		.byte	0
 1543 003c 00       		.byte	0
 1544 003d 06       		.uleb128 0x6
 1545 003e 13       		.uleb128 0x13
 1546 003f 01       		.byte	0x1
 1547 0040 03       		.uleb128 0x3
 1548 0041 0E       		.uleb128 0xe
 1549 0042 0B       		.uleb128 0xb
 1550 0043 0B       		.uleb128 0xb
 1551 0044 3A       		.uleb128 0x3a
 1552 0045 0B       		.uleb128 0xb
 1553 0046 3B       		.uleb128 0x3b
 1554 0047 0B       		.uleb128 0xb
 1555 0048 01       		.uleb128 0x1
 1556 0049 13       		.uleb128 0x13
 1557 004a 00       		.byte	0
 1558 004b 00       		.byte	0
 1559 004c 07       		.uleb128 0x7
 1560 004d 0D       		.uleb128 0xd
 1561 004e 00       		.byte	0
 1562 004f 03       		.uleb128 0x3
 1563 0050 0E       		.uleb128 0xe
 1564 0051 3A       		.uleb128 0x3a
 1565 0052 0B       		.uleb128 0xb
 1566 0053 3B       		.uleb128 0x3b
 1567 0054 0B       		.uleb128 0xb
 1568 0055 49       		.uleb128 0x49
 1569 0056 13       		.uleb128 0x13
 1570 0057 38       		.uleb128 0x38
 1571 0058 0B       		.uleb128 0xb
 1572 0059 00       		.byte	0
 1573 005a 00       		.byte	0
 1574 005b 08       		.uleb128 0x8
 1575 005c 0D       		.uleb128 0xd
 1576 005d 00       		.byte	0
 1577 005e 03       		.uleb128 0x3
 1578 005f 08       		.uleb128 0x8
 1579 0060 3A       		.uleb128 0x3a
 1580 0061 0B       		.uleb128 0xb
 1581 0062 3B       		.uleb128 0x3b
 1582 0063 05       		.uleb128 0x5
 1583 0064 49       		.uleb128 0x49
 1584 0065 13       		.uleb128 0x13
 1585 0066 38       		.uleb128 0x38
 1586 0067 0B       		.uleb128 0xb
 1587 0068 00       		.byte	0
 1588 0069 00       		.byte	0
 1589 006a 09       		.uleb128 0x9
 1590 006b 0D       		.uleb128 0xd
 1591 006c 00       		.byte	0
 1592 006d 03       		.uleb128 0x3
 1593 006e 0E       		.uleb128 0xe
 1594 006f 3A       		.uleb128 0x3a
 1595 0070 0B       		.uleb128 0xb
 1596 0071 3B       		.uleb128 0x3b
ARM GAS  /tmp/ccWsXmFY.s 			page 29


 1597 0072 05       		.uleb128 0x5
 1598 0073 49       		.uleb128 0x49
 1599 0074 13       		.uleb128 0x13
 1600 0075 38       		.uleb128 0x38
 1601 0076 0B       		.uleb128 0xb
 1602 0077 00       		.byte	0
 1603 0078 00       		.byte	0
 1604 0079 0A       		.uleb128 0xa
 1605 007a 0F       		.uleb128 0xf
 1606 007b 00       		.byte	0
 1607 007c 0B       		.uleb128 0xb
 1608 007d 0B       		.uleb128 0xb
 1609 007e 49       		.uleb128 0x49
 1610 007f 13       		.uleb128 0x13
 1611 0080 00       		.byte	0
 1612 0081 00       		.byte	0
 1613 0082 0B       		.uleb128 0xb
 1614 0083 13       		.uleb128 0x13
 1615 0084 01       		.byte	0x1
 1616 0085 03       		.uleb128 0x3
 1617 0086 0E       		.uleb128 0xe
 1618 0087 0B       		.uleb128 0xb
 1619 0088 0B       		.uleb128 0xb
 1620 0089 3A       		.uleb128 0x3a
 1621 008a 0B       		.uleb128 0xb
 1622 008b 3B       		.uleb128 0x3b
 1623 008c 05       		.uleb128 0x5
 1624 008d 01       		.uleb128 0x1
 1625 008e 13       		.uleb128 0x13
 1626 008f 00       		.byte	0
 1627 0090 00       		.byte	0
 1628 0091 0C       		.uleb128 0xc
 1629 0092 15       		.uleb128 0x15
 1630 0093 01       		.byte	0x1
 1631 0094 27       		.uleb128 0x27
 1632 0095 19       		.uleb128 0x19
 1633 0096 01       		.uleb128 0x1
 1634 0097 13       		.uleb128 0x13
 1635 0098 00       		.byte	0
 1636 0099 00       		.byte	0
 1637 009a 0D       		.uleb128 0xd
 1638 009b 05       		.uleb128 0x5
 1639 009c 00       		.byte	0
 1640 009d 49       		.uleb128 0x49
 1641 009e 13       		.uleb128 0x13
 1642 009f 00       		.byte	0
 1643 00a0 00       		.byte	0
 1644 00a1 0E       		.uleb128 0xe
 1645 00a2 0F       		.uleb128 0xf
 1646 00a3 00       		.byte	0
 1647 00a4 0B       		.uleb128 0xb
 1648 00a5 0B       		.uleb128 0xb
 1649 00a6 00       		.byte	0
 1650 00a7 00       		.byte	0
 1651 00a8 0F       		.uleb128 0xf
 1652 00a9 13       		.uleb128 0x13
 1653 00aa 01       		.byte	0x1
ARM GAS  /tmp/ccWsXmFY.s 			page 30


 1654 00ab 03       		.uleb128 0x3
 1655 00ac 0E       		.uleb128 0xe
 1656 00ad 0B       		.uleb128 0xb
 1657 00ae 05       		.uleb128 0x5
 1658 00af 3A       		.uleb128 0x3a
 1659 00b0 0B       		.uleb128 0xb
 1660 00b1 3B       		.uleb128 0x3b
 1661 00b2 05       		.uleb128 0x5
 1662 00b3 01       		.uleb128 0x1
 1663 00b4 13       		.uleb128 0x13
 1664 00b5 00       		.byte	0
 1665 00b6 00       		.byte	0
 1666 00b7 10       		.uleb128 0x10
 1667 00b8 01       		.uleb128 0x1
 1668 00b9 01       		.byte	0x1
 1669 00ba 49       		.uleb128 0x49
 1670 00bb 13       		.uleb128 0x13
 1671 00bc 01       		.uleb128 0x1
 1672 00bd 13       		.uleb128 0x13
 1673 00be 00       		.byte	0
 1674 00bf 00       		.byte	0
 1675 00c0 11       		.uleb128 0x11
 1676 00c1 21       		.uleb128 0x21
 1677 00c2 00       		.byte	0
 1678 00c3 49       		.uleb128 0x49
 1679 00c4 13       		.uleb128 0x13
 1680 00c5 2F       		.uleb128 0x2f
 1681 00c6 0B       		.uleb128 0xb
 1682 00c7 00       		.byte	0
 1683 00c8 00       		.byte	0
 1684 00c9 12       		.uleb128 0x12
 1685 00ca 13       		.uleb128 0x13
 1686 00cb 01       		.byte	0x1
 1687 00cc 0B       		.uleb128 0xb
 1688 00cd 0B       		.uleb128 0xb
 1689 00ce 3A       		.uleb128 0x3a
 1690 00cf 0B       		.uleb128 0xb
 1691 00d0 3B       		.uleb128 0x3b
 1692 00d1 05       		.uleb128 0x5
 1693 00d2 01       		.uleb128 0x1
 1694 00d3 13       		.uleb128 0x13
 1695 00d4 00       		.byte	0
 1696 00d5 00       		.byte	0
 1697 00d6 13       		.uleb128 0x13
 1698 00d7 16       		.uleb128 0x16
 1699 00d8 00       		.byte	0
 1700 00d9 03       		.uleb128 0x3
 1701 00da 0E       		.uleb128 0xe
 1702 00db 3A       		.uleb128 0x3a
 1703 00dc 0B       		.uleb128 0xb
 1704 00dd 3B       		.uleb128 0x3b
 1705 00de 05       		.uleb128 0x5
 1706 00df 49       		.uleb128 0x49
 1707 00e0 13       		.uleb128 0x13
 1708 00e1 00       		.byte	0
 1709 00e2 00       		.byte	0
 1710 00e3 14       		.uleb128 0x14
ARM GAS  /tmp/ccWsXmFY.s 			page 31


 1711 00e4 0D       		.uleb128 0xd
 1712 00e5 00       		.byte	0
 1713 00e6 03       		.uleb128 0x3
 1714 00e7 08       		.uleb128 0x8
 1715 00e8 3A       		.uleb128 0x3a
 1716 00e9 0B       		.uleb128 0xb
 1717 00ea 3B       		.uleb128 0x3b
 1718 00eb 0B       		.uleb128 0xb
 1719 00ec 49       		.uleb128 0x49
 1720 00ed 13       		.uleb128 0x13
 1721 00ee 38       		.uleb128 0x38
 1722 00ef 0B       		.uleb128 0xb
 1723 00f0 00       		.byte	0
 1724 00f1 00       		.byte	0
 1725 00f2 15       		.uleb128 0x15
 1726 00f3 13       		.uleb128 0x13
 1727 00f4 01       		.byte	0x1
 1728 00f5 0B       		.uleb128 0xb
 1729 00f6 0B       		.uleb128 0xb
 1730 00f7 3A       		.uleb128 0x3a
 1731 00f8 0B       		.uleb128 0xb
 1732 00f9 3B       		.uleb128 0x3b
 1733 00fa 0B       		.uleb128 0xb
 1734 00fb 01       		.uleb128 0x1
 1735 00fc 13       		.uleb128 0x13
 1736 00fd 00       		.byte	0
 1737 00fe 00       		.byte	0
 1738 00ff 16       		.uleb128 0x16
 1739 0100 17       		.uleb128 0x17
 1740 0101 01       		.byte	0x1
 1741 0102 0B       		.uleb128 0xb
 1742 0103 0B       		.uleb128 0xb
 1743 0104 3A       		.uleb128 0x3a
 1744 0105 0B       		.uleb128 0xb
 1745 0106 3B       		.uleb128 0x3b
 1746 0107 0B       		.uleb128 0xb
 1747 0108 01       		.uleb128 0x1
 1748 0109 13       		.uleb128 0x13
 1749 010a 00       		.byte	0
 1750 010b 00       		.byte	0
 1751 010c 17       		.uleb128 0x17
 1752 010d 0D       		.uleb128 0xd
 1753 010e 00       		.byte	0
 1754 010f 03       		.uleb128 0x3
 1755 0110 0E       		.uleb128 0xe
 1756 0111 3A       		.uleb128 0x3a
 1757 0112 0B       		.uleb128 0xb
 1758 0113 3B       		.uleb128 0x3b
 1759 0114 05       		.uleb128 0x5
 1760 0115 49       		.uleb128 0x49
 1761 0116 13       		.uleb128 0x13
 1762 0117 00       		.byte	0
 1763 0118 00       		.byte	0
 1764 0119 18       		.uleb128 0x18
 1765 011a 26       		.uleb128 0x26
 1766 011b 00       		.byte	0
 1767 011c 49       		.uleb128 0x49
ARM GAS  /tmp/ccWsXmFY.s 			page 32


 1768 011d 13       		.uleb128 0x13
 1769 011e 00       		.byte	0
 1770 011f 00       		.byte	0
 1771 0120 19       		.uleb128 0x19
 1772 0121 2E       		.uleb128 0x2e
 1773 0122 00       		.byte	0
 1774 0123 03       		.uleb128 0x3
 1775 0124 0E       		.uleb128 0xe
 1776 0125 3A       		.uleb128 0x3a
 1777 0126 0B       		.uleb128 0xb
 1778 0127 3B       		.uleb128 0x3b
 1779 0128 0B       		.uleb128 0xb
 1780 0129 27       		.uleb128 0x27
 1781 012a 19       		.uleb128 0x19
 1782 012b 20       		.uleb128 0x20
 1783 012c 0B       		.uleb128 0xb
 1784 012d 00       		.byte	0
 1785 012e 00       		.byte	0
 1786 012f 1A       		.uleb128 0x1a
 1787 0130 2E       		.uleb128 0x2e
 1788 0131 01       		.byte	0x1
 1789 0132 3F       		.uleb128 0x3f
 1790 0133 19       		.uleb128 0x19
 1791 0134 03       		.uleb128 0x3
 1792 0135 0E       		.uleb128 0xe
 1793 0136 3A       		.uleb128 0x3a
 1794 0137 0B       		.uleb128 0xb
 1795 0138 3B       		.uleb128 0x3b
 1796 0139 0B       		.uleb128 0xb
 1797 013a 27       		.uleb128 0x27
 1798 013b 19       		.uleb128 0x19
 1799 013c 11       		.uleb128 0x11
 1800 013d 01       		.uleb128 0x1
 1801 013e 12       		.uleb128 0x12
 1802 013f 06       		.uleb128 0x6
 1803 0140 40       		.uleb128 0x40
 1804 0141 18       		.uleb128 0x18
 1805 0142 9742     		.uleb128 0x2117
 1806 0144 19       		.uleb128 0x19
 1807 0145 01       		.uleb128 0x1
 1808 0146 13       		.uleb128 0x13
 1809 0147 00       		.byte	0
 1810 0148 00       		.byte	0
 1811 0149 1B       		.uleb128 0x1b
 1812 014a 1D       		.uleb128 0x1d
 1813 014b 00       		.byte	0
 1814 014c 31       		.uleb128 0x31
 1815 014d 13       		.uleb128 0x13
 1816 014e 52       		.uleb128 0x52
 1817 014f 01       		.uleb128 0x1
 1818 0150 55       		.uleb128 0x55
 1819 0151 17       		.uleb128 0x17
 1820 0152 58       		.uleb128 0x58
 1821 0153 0B       		.uleb128 0xb
 1822 0154 59       		.uleb128 0x59
 1823 0155 0B       		.uleb128 0xb
 1824 0156 00       		.byte	0
ARM GAS  /tmp/ccWsXmFY.s 			page 33


 1825 0157 00       		.byte	0
 1826 0158 1C       		.uleb128 0x1c
 1827 0159 898201   		.uleb128 0x4109
 1828 015c 00       		.byte	0
 1829 015d 11       		.uleb128 0x11
 1830 015e 01       		.uleb128 0x1
 1831 015f 9542     		.uleb128 0x2115
 1832 0161 19       		.uleb128 0x19
 1833 0162 31       		.uleb128 0x31
 1834 0163 13       		.uleb128 0x13
 1835 0164 00       		.byte	0
 1836 0165 00       		.byte	0
 1837 0166 1D       		.uleb128 0x1d
 1838 0167 2E       		.uleb128 0x2e
 1839 0168 00       		.byte	0
 1840 0169 3F       		.uleb128 0x3f
 1841 016a 19       		.uleb128 0x19
 1842 016b 03       		.uleb128 0x3
 1843 016c 0E       		.uleb128 0xe
 1844 016d 3A       		.uleb128 0x3a
 1845 016e 0B       		.uleb128 0xb
 1846 016f 3B       		.uleb128 0x3b
 1847 0170 0B       		.uleb128 0xb
 1848 0171 27       		.uleb128 0x27
 1849 0172 19       		.uleb128 0x19
 1850 0173 11       		.uleb128 0x11
 1851 0174 01       		.uleb128 0x1
 1852 0175 12       		.uleb128 0x12
 1853 0176 06       		.uleb128 0x6
 1854 0177 40       		.uleb128 0x40
 1855 0178 18       		.uleb128 0x18
 1856 0179 9742     		.uleb128 0x2117
 1857 017b 19       		.uleb128 0x19
 1858 017c 00       		.byte	0
 1859 017d 00       		.byte	0
 1860 017e 1E       		.uleb128 0x1e
 1861 017f 34       		.uleb128 0x34
 1862 0180 00       		.byte	0
 1863 0181 03       		.uleb128 0x3
 1864 0182 0E       		.uleb128 0xe
 1865 0183 3A       		.uleb128 0x3a
 1866 0184 0B       		.uleb128 0xb
 1867 0185 3B       		.uleb128 0x3b
 1868 0186 05       		.uleb128 0x5
 1869 0187 49       		.uleb128 0x49
 1870 0188 13       		.uleb128 0x13
 1871 0189 3F       		.uleb128 0x3f
 1872 018a 19       		.uleb128 0x19
 1873 018b 3C       		.uleb128 0x3c
 1874 018c 19       		.uleb128 0x19
 1875 018d 00       		.byte	0
 1876 018e 00       		.byte	0
 1877 018f 1F       		.uleb128 0x1f
 1878 0190 34       		.uleb128 0x34
 1879 0191 00       		.byte	0
 1880 0192 03       		.uleb128 0x3
 1881 0193 0E       		.uleb128 0xe
ARM GAS  /tmp/ccWsXmFY.s 			page 34


 1882 0194 3A       		.uleb128 0x3a
 1883 0195 0B       		.uleb128 0xb
 1884 0196 3B       		.uleb128 0x3b
 1885 0197 0B       		.uleb128 0xb
 1886 0198 49       		.uleb128 0x49
 1887 0199 13       		.uleb128 0x13
 1888 019a 3F       		.uleb128 0x3f
 1889 019b 19       		.uleb128 0x19
 1890 019c 02       		.uleb128 0x2
 1891 019d 18       		.uleb128 0x18
 1892 019e 00       		.byte	0
 1893 019f 00       		.byte	0
 1894 01a0 20       		.uleb128 0x20
 1895 01a1 34       		.uleb128 0x34
 1896 01a2 00       		.byte	0
 1897 01a3 03       		.uleb128 0x3
 1898 01a4 08       		.uleb128 0x8
 1899 01a5 3A       		.uleb128 0x3a
 1900 01a6 0B       		.uleb128 0xb
 1901 01a7 3B       		.uleb128 0x3b
 1902 01a8 05       		.uleb128 0x5
 1903 01a9 49       		.uleb128 0x49
 1904 01aa 13       		.uleb128 0x13
 1905 01ab 3F       		.uleb128 0x3f
 1906 01ac 19       		.uleb128 0x19
 1907 01ad 3C       		.uleb128 0x3c
 1908 01ae 19       		.uleb128 0x19
 1909 01af 00       		.byte	0
 1910 01b0 00       		.byte	0
 1911 01b1 21       		.uleb128 0x21
 1912 01b2 2E       		.uleb128 0x2e
 1913 01b3 00       		.byte	0
 1914 01b4 3F       		.uleb128 0x3f
 1915 01b5 19       		.uleb128 0x19
 1916 01b6 03       		.uleb128 0x3
 1917 01b7 0E       		.uleb128 0xe
 1918 01b8 3A       		.uleb128 0x3a
 1919 01b9 0B       		.uleb128 0xb
 1920 01ba 3B       		.uleb128 0x3b
 1921 01bb 05       		.uleb128 0x5
 1922 01bc 27       		.uleb128 0x27
 1923 01bd 19       		.uleb128 0x19
 1924 01be 3C       		.uleb128 0x3c
 1925 01bf 19       		.uleb128 0x19
 1926 01c0 00       		.byte	0
 1927 01c1 00       		.byte	0
 1928 01c2 00       		.byte	0
 1929              		.section	.debug_aranges,"",%progbits
 1930 0000 24000000 		.4byte	0x24
 1931 0004 0200     		.2byte	0x2
 1932 0006 00000000 		.4byte	.Ldebug_info0
 1933 000a 04       		.byte	0x4
 1934 000b 00       		.byte	0
 1935 000c 0000     		.2byte	0
 1936 000e 0000     		.2byte	0
 1937 0010 00000000 		.4byte	.LFB257
 1938 0014 68000000 		.4byte	.LFE257-.LFB257
ARM GAS  /tmp/ccWsXmFY.s 			page 35


 1939 0018 00000000 		.4byte	.LFB258
 1940 001c C8000000 		.4byte	.LFE258-.LFB258
 1941 0020 00000000 		.4byte	0
 1942 0024 00000000 		.4byte	0
 1943              		.section	.debug_ranges,"",%progbits
 1944              	.Ldebug_ranges0:
 1945 0000 18000000 		.4byte	.LBB4
 1946 0004 1A000000 		.4byte	.LBE4
 1947 0008 30000000 		.4byte	.LBB8
 1948 000c 4E000000 		.4byte	.LBE8
 1949 0010 52000000 		.4byte	.LBB9
 1950 0014 5A000000 		.4byte	.LBE9
 1951 0018 00000000 		.4byte	0
 1952 001c 00000000 		.4byte	0
 1953 0020 00000000 		.4byte	.LFB257
 1954 0024 68000000 		.4byte	.LFE257
 1955 0028 00000000 		.4byte	.LFB258
 1956 002c C8000000 		.4byte	.LFE258
 1957 0030 00000000 		.4byte	0
 1958 0034 00000000 		.4byte	0
 1959              		.section	.debug_line,"",%progbits
 1960              	.Ldebug_line0:
 1961 0000 B2020000 		.section	.debug_str,"MS",%progbits,1
 1961      02002302 
 1961      00000201 
 1961      FB0E0D00 
 1961      01010101 
 1962              	.LASF54:
 1963 0000 72656164 		.ascii	"ready_list_t\000"
 1963      795F6C69 
 1963      73745F74 
 1963      00
 1964              	.LASF2:
 1965 000d 73697A65 		.ascii	"size_t\000"
 1965      5F7400
 1966              	.LASF123:
 1967 0014 7264796D 		.ascii	"rdymsg\000"
 1967      736700
 1968              	.LASF17:
 1969 001b 75696E74 		.ascii	"uint64_t\000"
 1969      36345F74 
 1969      00
 1970              	.LASF3:
 1971 0024 5F5F7569 		.ascii	"__uint8_t\000"
 1971      6E74385F 
 1971      7400
 1972              	.LASF120:
 1973 002e 706F7274 		.ascii	"port_intctx\000"
 1973      5F696E74 
 1973      63747800 
 1974              	.LASF73:
 1975 003a 73797374 		.ascii	"system_debug_t\000"
 1975      656D5F64 
 1975      65627567 
 1975      5F7400
 1976              	.LASF85:
 1977 0049 4F505443 		.ascii	"OPTCR\000"
ARM GAS  /tmp/ccWsXmFY.s 			page 36


 1977      5200
 1978              	.LASF86:
 1979 004f 4F505443 		.ascii	"OPTCR1\000"
 1979      523100
 1980              	.LASF13:
 1981 0056 6C6F6E67 		.ascii	"long long unsigned int\000"
 1981      206C6F6E 
 1981      6720756E 
 1981      7369676E 
 1981      65642069 
 1982              	.LASF124:
 1983 006d 65786974 		.ascii	"exitcode\000"
 1983      636F6465 
 1983      00
 1984              	.LASF80:
 1985 0076 6D61696E 		.ascii	"mainthread\000"
 1985      74687265 
 1985      616400
 1986              	.LASF70:
 1987 0081 76697274 		.ascii	"virtual_timers_list_t\000"
 1987      75616C5F 
 1987      74696D65 
 1987      72735F6C 
 1987      6973745F 
 1988              	.LASF140:
 1989 0097 49544D5F 		.ascii	"ITM_RxBuffer\000"
 1989      52784275 
 1989      66666572 
 1989      00
 1990              	.LASF143:
 1991 00a4 43686962 		.ascii	"ChibiOS_3.0.2/os/hal/ports/STM32/STM32F4xx/hal_lld."
 1991      694F535F 
 1991      332E302E 
 1991      322F6F73 
 1991      2F68616C 
 1992 00d7 6300     		.ascii	"c\000"
 1993              	.LASF53:
 1994 00d9 63685F74 		.ascii	"ch_threads_queue\000"
 1994      68726561 
 1994      64735F71 
 1994      75657565 
 1994      00
 1995              	.LASF105:
 1996 00ea 41484231 		.ascii	"AHB1LPENR\000"
 1996      4C50454E 
 1996      5200
 1997              	.LASF31:
 1998 00f4 705F7072 		.ascii	"p_prio\000"
 1998      696F00
 1999              	.LASF72:
 2000 00fb 76745F73 		.ascii	"vt_systime\000"
 2000      79737469 
 2000      6D6500
 2001              	.LASF11:
 2002 0106 6C6F6E67 		.ascii	"long long int\000"
 2002      206C6F6E 
 2002      6720696E 
ARM GAS  /tmp/ccWsXmFY.s 			page 37


 2002      7400
 2003              	.LASF1:
 2004 0114 7369676E 		.ascii	"signed char\000"
 2004      65642063 
 2004      68617200 
 2005              	.LASF91:
 2006 0120 41484231 		.ascii	"AHB1RSTR\000"
 2006      52535452 
 2006      00
 2007              	.LASF87:
 2008 0129 464C4153 		.ascii	"FLASH_TypeDef\000"
 2008      485F5479 
 2008      70654465 
 2008      6600
 2009              	.LASF47:
 2010 0137 705F6D70 		.ascii	"p_mpool\000"
 2010      6F6F6C00 
 2011              	.LASF134:
 2012 013f 6D5F7175 		.ascii	"m_queue\000"
 2012      65756500 
 2013              	.LASF79:
 2014 0147 76746C69 		.ascii	"vtlist\000"
 2014      737400
 2015              	.LASF88:
 2016 014e 5057525F 		.ascii	"PWR_TypeDef\000"
 2016      54797065 
 2016      44656600 
 2017              	.LASF22:
 2018 015a 74736C69 		.ascii	"tslices_t\000"
 2018      6365735F 
 2018      7400
 2019              	.LASF126:
 2020 0164 77747472 		.ascii	"wttrp\000"
 2020      7000
 2021              	.LASF77:
 2022 016a 63685F73 		.ascii	"ch_system\000"
 2022      79737465 
 2022      6D00
 2023              	.LASF8:
 2024 0174 6C6F6E67 		.ascii	"long int\000"
 2024      20696E74 
 2024      00
 2025              	.LASF96:
 2026 017d 41504232 		.ascii	"APB2RSTR\000"
 2026      52535452 
 2026      00
 2027              	.LASF109:
 2028 0186 41504231 		.ascii	"APB1LPENR\000"
 2028      4C50454E 
 2028      5200
 2029              	.LASF20:
 2030 0190 74737461 		.ascii	"tstate_t\000"
 2030      74655F74 
 2030      00
 2031              	.LASF33:
 2032 0199 705F6E65 		.ascii	"p_newer\000"
 2032      77657200 
ARM GAS  /tmp/ccWsXmFY.s 			page 38


 2033              	.LASF84:
 2034 01a1 4F50544B 		.ascii	"OPTKEYR\000"
 2034      45595200 
 2035              	.LASF59:
 2036 01a9 725F6E65 		.ascii	"r_newer\000"
 2036      77657200 
 2037              	.LASF117:
 2038 01b1 72656761 		.ascii	"regarm_t\000"
 2038      726D5F74 
 2038      00
 2039              	.LASF66:
 2040 01ba 76745F70 		.ascii	"vt_prev\000"
 2040      72657600 
 2041              	.LASF83:
 2042 01c2 4B455952 		.ascii	"KEYR\000"
 2042      00
 2043              	.LASF147:
 2044 01c7 73746D33 		.ascii	"stm32_clock_init\000"
 2044      325F636C 
 2044      6F636B5F 
 2044      696E6974 
 2044      00
 2045              	.LASF138:
 2046 01d8 6D757465 		.ascii	"mutex_t\000"
 2046      785F7400 
 2047              	.LASF81:
 2048 01e0 69646C65 		.ascii	"idle_thread_wa\000"
 2048      5F746872 
 2048      6561645F 
 2048      776100
 2049              	.LASF26:
 2050 01ef 636E745F 		.ascii	"cnt_t\000"
 2050      7400
 2051              	.LASF0:
 2052 01f5 756E7369 		.ascii	"unsigned int\000"
 2052      676E6564 
 2052      20696E74 
 2052      00
 2053              	.LASF65:
 2054 0202 76745F6E 		.ascii	"vt_next\000"
 2054      65787400 
 2055              	.LASF141:
 2056 020a 53797374 		.ascii	"SystemCoreClock\000"
 2056      656D436F 
 2056      7265436C 
 2056      6F636B00 
 2057              	.LASF40:
 2058 021a 705F7469 		.ascii	"p_time\000"
 2058      6D6500
 2059              	.LASF127:
 2060 0221 77747365 		.ascii	"wtsemp\000"
 2060      6D7000
 2061              	.LASF67:
 2062 0228 76745F64 		.ascii	"vt_delta\000"
 2062      656C7461 
 2062      00
 2063              	.LASF42:
ARM GAS  /tmp/ccWsXmFY.s 			page 39


 2064 0231 705F6D73 		.ascii	"p_msgqueue\000"
 2064      67717565 
 2064      756500
 2065              	.LASF116:
 2066 023c 5243435F 		.ascii	"RCC_TypeDef\000"
 2066      54797065 
 2066      44656600 
 2067              	.LASF132:
 2068 0248 735F636E 		.ascii	"s_cnt\000"
 2068      7400
 2069              	.LASF6:
 2070 024e 73686F72 		.ascii	"short unsigned int\000"
 2070      7420756E 
 2070      7369676E 
 2070      65642069 
 2070      6E7400
 2071              	.LASF50:
 2072 0261 63685F74 		.ascii	"ch_thread\000"
 2072      68726561 
 2072      6400
 2073              	.LASF115:
 2074 026b 504C4C49 		.ascii	"PLLI2SCFGR\000"
 2074      32534346 
 2074      475200
 2075              	.LASF24:
 2076 0276 6D73675F 		.ascii	"msg_t\000"
 2076      7400
 2077              	.LASF89:
 2078 027c 504C4C43 		.ascii	"PLLCFGR\000"
 2078      46475200 
 2079              	.LASF145:
 2080 0284 68616C5F 		.ascii	"hal_lld_backup_domain_init\000"
 2080      6C6C645F 
 2080      6261636B 
 2080      75705F64 
 2080      6F6D6169 
 2081              	.LASF76:
 2082 029f 63685F73 		.ascii	"ch_system_t\000"
 2082      79737465 
 2082      6D5F7400 
 2083              	.LASF19:
 2084 02ab 746D6F64 		.ascii	"tmode_t\000"
 2084      655F7400 
 2085              	.LASF110:
 2086 02b3 41504232 		.ascii	"APB2LPENR\000"
 2086      4C50454E 
 2086      5200
 2087              	.LASF55:
 2088 02bd 63685F72 		.ascii	"ch_ready_list\000"
 2088      65616479 
 2088      5F6C6973 
 2088      7400
 2089              	.LASF25:
 2090 02cb 6576656E 		.ascii	"eventmask_t\000"
 2090      746D6173 
 2090      6B5F7400 
 2091              	.LASF7:
ARM GAS  /tmp/ccWsXmFY.s 			page 40


 2092 02d7 5F5F696E 		.ascii	"__int32_t\000"
 2092      7433325F 
 2092      7400
 2093              	.LASF118:
 2094 02e1 73746B61 		.ascii	"stkalign_t\000"
 2094      6C69676E 
 2094      5F7400
 2095              	.LASF49:
 2096 02ec 74687265 		.ascii	"threads_list_t\000"
 2096      6164735F 
 2096      6C697374 
 2096      5F7400
 2097              	.LASF63:
 2098 02fb 76697274 		.ascii	"virtual_timer_t\000"
 2098      75616C5F 
 2098      74696D65 
 2098      725F7400 
 2099              	.LASF41:
 2100 030b 705F7761 		.ascii	"p_waiting\000"
 2100      6974696E 
 2100      6700
 2101              	.LASF82:
 2102 0315 73697A65 		.ascii	"sizetype\000"
 2102      74797065 
 2102      00
 2103              	.LASF48:
 2104 031e 74687265 		.ascii	"thread_reference_t\000"
 2104      61645F72 
 2104      65666572 
 2104      656E6365 
 2104      5F7400
 2105              	.LASF71:
 2106 0331 63685F76 		.ascii	"ch_virtual_timers_list\000"
 2106      69727475 
 2106      616C5F74 
 2106      696D6572 
 2106      735F6C69 
 2107              	.LASF29:
 2108 0348 705F6E65 		.ascii	"p_next\000"
 2108      787400
 2109              	.LASF100:
 2110 034f 41484233 		.ascii	"AHB3ENR\000"
 2110      454E5200 
 2111              	.LASF34:
 2112 0357 705F6F6C 		.ascii	"p_older\000"
 2112      64657200 
 2113              	.LASF58:
 2114 035f 725F6374 		.ascii	"r_ctx\000"
 2114      7800
 2115              	.LASF106:
 2116 0365 41484232 		.ascii	"AHB2LPENR\000"
 2116      4C50454E 
 2116      5200
 2117              	.LASF122:
 2118 036f 746D5F63 		.ascii	"tm_calibration_t\000"
 2118      616C6962 
 2118      72617469 
ARM GAS  /tmp/ccWsXmFY.s 			page 41


 2118      6F6E5F74 
 2118      00
 2119              	.LASF61:
 2120 0380 725F6375 		.ascii	"r_current\000"
 2120      7272656E 
 2120      7400
 2121              	.LASF95:
 2122 038a 41504231 		.ascii	"APB1RSTR\000"
 2122      52535452 
 2122      00
 2123              	.LASF12:
 2124 0393 5F5F7569 		.ascii	"__uint64_t\000"
 2124      6E743634 
 2124      5F7400
 2125              	.LASF21:
 2126 039e 74726566 		.ascii	"trefs_t\000"
 2126      735F7400 
 2127              	.LASF94:
 2128 03a6 52455345 		.ascii	"RESERVED0\000"
 2128      52564544 
 2128      3000
 2129              	.LASF97:
 2130 03b0 52455345 		.ascii	"RESERVED1\000"
 2130      52564544 
 2130      3100
 2131              	.LASF101:
 2132 03ba 52455345 		.ascii	"RESERVED2\000"
 2132      52564544 
 2132      3200
 2133              	.LASF104:
 2134 03c4 52455345 		.ascii	"RESERVED3\000"
 2134      52564544 
 2134      3300
 2135              	.LASF108:
 2136 03ce 52455345 		.ascii	"RESERVED4\000"
 2136      52564544 
 2136      3400
 2137              	.LASF30:
 2138 03d8 705F7072 		.ascii	"p_prev\000"
 2138      657600
 2139              	.LASF113:
 2140 03df 52455345 		.ascii	"RESERVED6\000"
 2140      52564544 
 2140      3600
 2141              	.LASF23:
 2142 03e9 74707269 		.ascii	"tprio_t\000"
 2142      6F5F7400 
 2143              	.LASF144:
 2144 03f1 2F686F6D 		.ascii	"/home/benjamin/Skrivbord/SP-RCCar/Embedded/Mote/\000"
 2144      652F6265 
 2144      6E6A616D 
 2144      696E2F53 
 2144      6B726976 
 2145              	.LASF74:
 2146 0422 63685F73 		.ascii	"ch_system_debug\000"
 2146      79737465 
 2146      6D5F6465 
ARM GAS  /tmp/ccWsXmFY.s 			page 42


 2146      62756700 
 2147              	.LASF139:
 2148 0432 5F426F6F 		.ascii	"_Bool\000"
 2148      6C00
 2149              	.LASF15:
 2150 0438 696E7433 		.ascii	"int32_t\000"
 2150      325F7400 
 2151              	.LASF4:
 2152 0440 756E7369 		.ascii	"unsigned char\000"
 2152      676E6564 
 2152      20636861 
 2152      7200
 2153              	.LASF45:
 2154 044e 705F6D74 		.ascii	"p_mtxlist\000"
 2154      786C6973 
 2154      7400
 2155              	.LASF5:
 2156 0458 73686F72 		.ascii	"short int\000"
 2156      7420696E 
 2156      7400
 2157              	.LASF36:
 2158 0462 705F7374 		.ascii	"p_state\000"
 2158      61746500 
 2159              	.LASF39:
 2160 046a 705F7072 		.ascii	"p_preempt\000"
 2160      65656D70 
 2160      7400
 2161              	.LASF107:
 2162 0474 41484233 		.ascii	"AHB3LPENR\000"
 2162      4C50454E 
 2162      5200
 2163              	.LASF57:
 2164 047e 725F7072 		.ascii	"r_prio\000"
 2164      696F00
 2165              	.LASF129:
 2166 0485 65776D61 		.ascii	"ewmask\000"
 2166      736B00
 2167              	.LASF37:
 2168 048c 705F666C 		.ascii	"p_flags\000"
 2168      61677300 
 2169              	.LASF103:
 2170 0494 41504232 		.ascii	"APB2ENR\000"
 2170      454E5200 
 2171              	.LASF93:
 2172 049c 41484233 		.ascii	"AHB3RSTR\000"
 2172      52535452 
 2172      00
 2173              	.LASF64:
 2174 04a5 63685F76 		.ascii	"ch_virtual_timer\000"
 2174      69727475 
 2174      616C5F74 
 2174      696D6572 
 2174      00
 2175              	.LASF130:
 2176 04b6 63685F73 		.ascii	"ch_semaphore\000"
 2176      656D6170 
 2176      686F7265 
ARM GAS  /tmp/ccWsXmFY.s 			page 43


 2176      00
 2177              	.LASF44:
 2178 04c3 705F6570 		.ascii	"p_epending\000"
 2178      656E6469 
 2178      6E6700
 2179              	.LASF111:
 2180 04ce 52455345 		.ascii	"RESERVED5\000"
 2180      52564544 
 2180      3500
 2181              	.LASF16:
 2182 04d8 75696E74 		.ascii	"uint32_t\000"
 2182      33325F74 
 2182      00
 2183              	.LASF128:
 2184 04e1 77746D74 		.ascii	"wtmtxp\000"
 2184      787000
 2185              	.LASF56:
 2186 04e8 725F7175 		.ascii	"r_queue\000"
 2186      65756500 
 2187              	.LASF51:
 2188 04f0 63685F74 		.ascii	"ch_threads_list\000"
 2188      68726561 
 2188      64735F6C 
 2188      69737400 
 2189              	.LASF148:
 2190 0500 646D6149 		.ascii	"dmaInit\000"
 2190      6E697400 
 2191              	.LASF10:
 2192 0508 6C6F6E67 		.ascii	"long unsigned int\000"
 2192      20756E73 
 2192      69676E65 
 2192      6420696E 
 2192      7400
 2193              	.LASF137:
 2194 051a 63686172 		.ascii	"char\000"
 2194      00
 2195              	.LASF92:
 2196 051f 41484232 		.ascii	"AHB2RSTR\000"
 2196      52535452 
 2196      00
 2197              	.LASF142:
 2198 0528 474E5520 		.ascii	"GNU C 4.9.3 20150529 (release) [ARM/embedded-4_9-br"
 2198      4320342E 
 2198      392E3320 
 2198      32303135 
 2198      30353239 
 2199 055b 616E6368 		.ascii	"anch revision 227977] -mcpu=cortex-m4 -mfloat-abi=h"
 2199      20726576 
 2199      6973696F 
 2199      6E203232 
 2199      37393737 
 2200 058e 61726420 		.ascii	"ard -mfpu=fpv4-sp-d16 -mno-thumb-interwork -mthumb "
 2200      2D6D6670 
 2200      753D6670 
 2200      76342D73 
 2200      702D6431 
 2201 05c1 2D676764 		.ascii	"-ggdb -O2 -std=gnu99 -fomit-frame-pointer -falign-f"
ARM GAS  /tmp/ccWsXmFY.s 			page 44


 2201      62202D4F 
 2201      32202D73 
 2201      74643D67 
 2201      6E753939 
 2202 05f4 756E6374 		.ascii	"unctions=16 -ffunction-sections -fdata-sections -fn"
 2202      696F6E73 
 2202      3D313620 
 2202      2D666675 
 2202      6E637469 
 2203 0627 6F2D636F 		.ascii	"o-common -fsingle-precision-constant\000"
 2203      6D6D6F6E 
 2203      202D6673 
 2203      696E676C 
 2203      652D7072 
 2204              	.LASF136:
 2205 064c 6D5F6E65 		.ascii	"m_next\000"
 2205      787400
 2206              	.LASF27:
 2207 0653 73797374 		.ascii	"systime_t\000"
 2207      696D655F 
 2207      7400
 2208              	.LASF46:
 2209 065d 705F7265 		.ascii	"p_realprio\000"
 2209      616C7072 
 2209      696F00
 2210              	.LASF62:
 2211 0668 76746675 		.ascii	"vtfunc_t\000"
 2211      6E635F74 
 2211      00
 2212              	.LASF9:
 2213 0671 5F5F7569 		.ascii	"__uint32_t\000"
 2213      6E743332 
 2213      5F7400
 2214              	.LASF75:
 2215 067c 70616E69 		.ascii	"panic_msg\000"
 2215      635F6D73 
 2215      6700
 2216              	.LASF121:
 2217 0686 6F666673 		.ascii	"offset\000"
 2217      657400
 2218              	.LASF102:
 2219 068d 41504231 		.ascii	"APB1ENR\000"
 2219      454E5200 
 2220              	.LASF99:
 2221 0695 41484232 		.ascii	"AHB2ENR\000"
 2221      454E5200 
 2222              	.LASF119:
 2223 069d 636F6E74 		.ascii	"context\000"
 2223      65787400 
 2224              	.LASF60:
 2225 06a5 725F6F6C 		.ascii	"r_older\000"
 2225      64657200 
 2226              	.LASF146:
 2227 06ad 68616C5F 		.ascii	"hal_lld_init\000"
 2227      6C6C645F 
 2227      696E6974 
 2227      00
ARM GAS  /tmp/ccWsXmFY.s 			page 45


 2228              	.LASF18:
 2229 06ba 7274636E 		.ascii	"rtcnt_t\000"
 2229      745F7400 
 2230              	.LASF69:
 2231 06c2 76745F70 		.ascii	"vt_par\000"
 2231      617200
 2232              	.LASF114:
 2233 06c9 53534347 		.ascii	"SSCGR\000"
 2233      5200
 2234              	.LASF52:
 2235 06cf 74687265 		.ascii	"threads_queue_t\000"
 2235      6164735F 
 2235      71756575 
 2235      655F7400 
 2236              	.LASF133:
 2237 06df 63685F6D 		.ascii	"ch_mutex\000"
 2237      75746578 
 2237      00
 2238              	.LASF38:
 2239 06e8 705F7265 		.ascii	"p_refs\000"
 2239      667300
 2240              	.LASF28:
 2241 06ef 74687265 		.ascii	"thread_t\000"
 2241      61645F74 
 2241      00
 2242              	.LASF112:
 2243 06f8 42444352 		.ascii	"BDCR\000"
 2243      00
 2244              	.LASF78:
 2245 06fd 726C6973 		.ascii	"rlist\000"
 2245      7400
 2246              	.LASF14:
 2247 0703 75696E74 		.ascii	"uint8_t\000"
 2247      385F7400 
 2248              	.LASF125:
 2249 070b 77746F62 		.ascii	"wtobjp\000"
 2249      6A7000
 2250              	.LASF35:
 2251 0712 705F6E61 		.ascii	"p_name\000"
 2251      6D6500
 2252              	.LASF98:
 2253 0719 41484231 		.ascii	"AHB1ENR\000"
 2253      454E5200 
 2254              	.LASF90:
 2255 0721 43464752 		.ascii	"CFGR\000"
 2255      00
 2256              	.LASF131:
 2257 0726 735F7175 		.ascii	"s_queue\000"
 2257      65756500 
 2258              	.LASF43:
 2259 072e 705F6D73 		.ascii	"p_msg\000"
 2259      6700
 2260              	.LASF135:
 2261 0734 6D5F6F77 		.ascii	"m_owner\000"
 2261      6E657200 
 2262              	.LASF32:
 2263 073c 705F6374 		.ascii	"p_ctx\000"
ARM GAS  /tmp/ccWsXmFY.s 			page 46


 2263      7800
 2264              	.LASF68:
 2265 0742 76745F66 		.ascii	"vt_func\000"
 2265      756E6300 
 2266              		.ident	"GCC: (GNU Tools for ARM Embedded Processors) 4.9.3 20150529 (release) [ARM/embedded-4_9-br
ARM GAS  /tmp/ccWsXmFY.s 			page 47


DEFINED SYMBOLS
                            *ABS*:0000000000000000 hal_lld.c
     /tmp/ccWsXmFY.s:21     .text.hal_lld_init:0000000000000000 $t
     /tmp/ccWsXmFY.s:27     .text.hal_lld_init:0000000000000000 hal_lld_init
     /tmp/ccWsXmFY.s:110    .text.hal_lld_init:0000000000000060 $d
     /tmp/ccWsXmFY.s:116    .text.stm32_clock_init:0000000000000000 $t
     /tmp/ccWsXmFY.s:122    .text.stm32_clock_init:0000000000000000 stm32_clock_init
     /tmp/ccWsXmFY.s:246    .text.stm32_clock_init:00000000000000b4 $d
     /tmp/ccWsXmFY.s:259    .data.SystemCoreClock:0000000000000000 SystemCoreClock
     /tmp/ccWsXmFY.s:256    .data.SystemCoreClock:0000000000000000 $d
                     .debug_frame:0000000000000010 $d

UNDEFINED SYMBOLS
dmaInit
