ARM GAS  /tmp/ccYcUUw4.s 			page 1


   1              		.syntax unified
   2              		.cpu cortex-m4
   3              		.eabi_attribute 27, 1
   4              		.eabi_attribute 28, 1
   5              		.fpu fpv4-sp-d16
   6              		.eabi_attribute 20, 1
   7              		.eabi_attribute 21, 1
   8              		.eabi_attribute 23, 3
   9              		.eabi_attribute 24, 1
  10              		.eabi_attribute 25, 1
  11              		.eabi_attribute 26, 1
  12              		.eabi_attribute 30, 2
  13              		.eabi_attribute 34, 1
  14              		.eabi_attribute 18, 4
  15              		.thumb
  16              		.file	"led.c"
  17              		.text
  18              	.Ltext0:
  19              		.cfi_sections	.debug_frame
  20              		.section	.text.led_init,"ax",%progbits
  21              		.align	2
  22              		.p2align 4,,15
  23              		.global	led_init
  24              		.thumb
  25              		.thumb_func
  26              		.type	led_init, %function
  27              	led_init:
  28              	.LFB256:
  29              		.file 1 "led.c"
  30              		.loc 1 22 0
  31              		.cfi_startproc
  32              		@ args = 0, pretend = 0, frame = 0
  33              		@ frame_needed = 0, uses_anonymous_args = 0
  34 0000 10B5     		push	{r4, lr}
  35              		.cfi_def_cfa_offset 8
  36              		.cfi_offset 4, -8
  37              		.cfi_offset 14, -4
  38              		.loc 1 23 0
  39 0002 094C     		ldr	r4, .L3
  40 0004 0221     		movs	r1, #2
  41 0006 2046     		mov	r0, r4
  42 0008 1922     		movs	r2, #25
  43 000a FFF7FEFF 		bl	_pal_lld_setgroupmode
  44              	.LVL0:
  45              		.loc 1 26 0
  46 000e 1922     		movs	r2, #25
  47 0010 2046     		mov	r0, r4
  48 0012 0421     		movs	r1, #4
  49 0014 FFF7FEFF 		bl	_pal_lld_setgroupmode
  50              	.LVL1:
  51              	.LBB8:
  52              	.LBB9:
  53              	.LBB10:
  54              		.loc 1 37 0
  55 0018 4FF48022 		mov	r2, #262144
  56              	.LBE10:
  57              	.LBE9:
ARM GAS  /tmp/ccYcUUw4.s 			page 2


  58              	.LBE8:
  59              	.LBB13:
  60              	.LBB14:
  61              		.loc 1 41 0
  62 001c 4FF40033 		mov	r3, #131072
  63              	.LBE14:
  64              	.LBE13:
  65              	.LBB16:
  66              	.LBB12:
  67              	.LBB11:
  68              		.loc 1 37 0
  69 0020 A261     		str	r2, [r4, #24]
  70              	.LVL2:
  71              	.LBE11:
  72              	.LBE12:
  73              	.LBE16:
  74              	.LBB17:
  75              	.LBB15:
  76              		.loc 1 41 0
  77 0022 A361     		str	r3, [r4, #24]
  78 0024 10BD     		pop	{r4, pc}
  79              	.L4:
  80 0026 00BF     		.align	2
  81              	.L3:
  82 0028 00000240 		.word	1073872896
  83              	.LBE15:
  84              	.LBE17:
  85              		.cfi_endproc
  86              	.LFE256:
  87              		.size	led_init, .-led_init
  88              		.section	.text.led_write,"ax",%progbits
  89              		.align	2
  90              		.p2align 4,,15
  91              		.global	led_write
  92              		.thumb
  93              		.thumb_func
  94              		.type	led_write, %function
  95              	led_write:
  96              	.LFB257:
  97              		.loc 1 34 0
  98              		.cfi_startproc
  99              		@ args = 0, pretend = 0, frame = 0
 100              		@ frame_needed = 0, uses_anonymous_args = 0
 101              		@ link register save eliminated.
 102              	.LVL3:
 103              		.loc 1 35 0
 104 0000 68B1     		cbz	r0, .L7
 105 0002 0128     		cmp	r0, #1
 106 0004 0AD1     		bne	.L14
 107              		.loc 1 41 0
 108 0006 11F00101 		ands	r1, r1, #1
 109              	.LVL4:
 110 000a 0CBF     		ite	eq
 111 000c 4FF40033 		moveq	r3, #131072
 112 0010 0023     		movne	r3, #0
 113 0012 084A     		ldr	r2, .L15
 114 0014 43EA4101 		orr	r1, r3, r1, lsl #1
ARM GAS  /tmp/ccYcUUw4.s 			page 3


 115 0018 9161     		str	r1, [r2, #24]
 116 001a 7047     		bx	lr
 117              	.LVL5:
 118              	.L14:
 119 001c 7047     		bx	lr
 120              	.L7:
 121              	.LVL6:
 122              	.LBB20:
 123              	.LBB21:
 124              		.loc 1 37 0
 125 001e 11F00101 		ands	r1, r1, #1
 126              	.LVL7:
 127 0022 0CBF     		ite	eq
 128 0024 4FF48023 		moveq	r3, #262144
 129 0028 0023     		movne	r3, #0
 130 002a 024A     		ldr	r2, .L15
 131 002c 43EA8101 		orr	r1, r3, r1, lsl #2
 132 0030 9161     		str	r1, [r2, #24]
 133 0032 7047     		bx	lr
 134              	.L16:
 135              		.align	2
 136              	.L15:
 137 0034 00000240 		.word	1073872896
 138              	.LBE21:
 139              	.LBE20:
 140              		.cfi_endproc
 141              	.LFE257:
 142              		.size	led_write, .-led_write
 143              		.section	.text.led_toggle,"ax",%progbits
 144              		.align	2
 145              		.p2align 4,,15
 146              		.global	led_toggle
 147              		.thumb
 148              		.thumb_func
 149              		.type	led_toggle, %function
 150              	led_toggle:
 151              	.LFB258:
 152              		.loc 1 49 0
 153              		.cfi_startproc
 154              		@ args = 0, pretend = 0, frame = 0
 155              		@ frame_needed = 0, uses_anonymous_args = 0
 156              		@ link register save eliminated.
 157              	.LVL8:
 158              		.loc 1 50 0
 159 0000 40B1     		cbz	r0, .L19
 160 0002 0128     		cmp	r0, #1
 161 0004 05D1     		bne	.L21
 162              		.loc 1 56 0
 163 0006 064A     		ldr	r2, .L22
 164 0008 5369     		ldr	r3, [r2, #20]
 165 000a 83F00203 		eor	r3, r3, #2
 166 000e 5361     		str	r3, [r2, #20]
 167 0010 7047     		bx	lr
 168              	.L21:
 169 0012 7047     		bx	lr
 170              	.L19:
 171              		.loc 1 52 0
ARM GAS  /tmp/ccYcUUw4.s 			page 4


 172 0014 024A     		ldr	r2, .L22
 173 0016 5369     		ldr	r3, [r2, #20]
 174 0018 83F00403 		eor	r3, r3, #4
 175 001c 5361     		str	r3, [r2, #20]
 176              		.loc 1 53 0
 177 001e 7047     		bx	lr
 178              	.L23:
 179              		.align	2
 180              	.L22:
 181 0020 00000240 		.word	1073872896
 182              		.cfi_endproc
 183              	.LFE258:
 184              		.size	led_toggle, .-led_toggle
 185              		.text
 186              	.Letext0:
 187              		.file 2 "/usr/arm-none-eabi/include/machine/_default_types.h"
 188              		.file 3 "/usr/arm-none-eabi/include/sys/_stdint.h"
 189              		.file 4 "ChibiOS_3.0.2/os/rt/ports/ARMCMx/compilers/GCC/chtypes.h"
 190              		.file 5 "ChibiOS_3.0.2/os/rt/include/chsystypes.h"
 191              		.file 6 "ChibiOS_3.0.2/os/rt/include/chschd.h"
 192              		.file 7 "ChibiOS_3.0.2/os/rt/ports/ARMCMx/chcore.h"
 193              		.file 8 "ChibiOS_3.0.2/os/rt/ports/ARMCMx/chcore_v7m.h"
 194              		.file 9 "ChibiOS_3.0.2/os/rt/include/chtm.h"
 195              		.file 10 "ChibiOS_3.0.2/os/rt/include/chsem.h"
 196              		.file 11 "ChibiOS_3.0.2/os/rt/include/chmtx.h"
 197              		.file 12 "ChibiOS_3.0.2/os/hal/ports/STM32/LLD/GPIOv2/pal_lld.h"
 198              		.file 13 "ChibiOS_3.0.2/os/ext/CMSIS/include/core_cm4.h"
 199              		.section	.debug_info,"",%progbits
 200              	.Ldebug_info0:
 201 0000 7D090000 		.4byte	0x97d
 202 0004 0400     		.2byte	0x4
 203 0006 00000000 		.4byte	.Ldebug_abbrev0
 204 000a 04       		.byte	0x4
 205 000b 01       		.uleb128 0x1
 206 000c 1F040000 		.4byte	.LASF124
 207 0010 01       		.byte	0x1
 208 0011 D0010000 		.4byte	.LASF125
 209 0015 0C030000 		.4byte	.LASF126
 210 0019 30000000 		.4byte	.Ldebug_ranges0+0x30
 211 001d 00000000 		.4byte	0
 212 0021 00000000 		.4byte	.Ldebug_line0
 213 0025 02       		.uleb128 0x2
 214 0026 04       		.byte	0x4
 215 0027 05       		.byte	0x5
 216 0028 696E7400 		.ascii	"int\000"
 217 002c 03       		.uleb128 0x3
 218 002d 04       		.byte	0x4
 219 002e 07       		.byte	0x7
 220 002f 8B010000 		.4byte	.LASF0
 221 0033 03       		.uleb128 0x3
 222 0034 01       		.byte	0x1
 223 0035 06       		.byte	0x6
 224 0036 DC000000 		.4byte	.LASF1
 225 003a 04       		.uleb128 0x4
 226 003b 23000000 		.4byte	.LASF4
 227 003f 02       		.byte	0x2
 228 0040 1D       		.byte	0x1d
ARM GAS  /tmp/ccYcUUw4.s 			page 5


 229 0041 45000000 		.4byte	0x45
 230 0045 03       		.uleb128 0x3
 231 0046 01       		.byte	0x1
 232 0047 08       		.byte	0x8
 233 0048 5B030000 		.4byte	.LASF2
 234 004c 03       		.uleb128 0x3
 235 004d 02       		.byte	0x2
 236 004e 05       		.byte	0x5
 237 004f 73030000 		.4byte	.LASF3
 238 0053 04       		.uleb128 0x4
 239 0054 14040000 		.4byte	.LASF5
 240 0058 02       		.byte	0x2
 241 0059 2B       		.byte	0x2b
 242 005a 5E000000 		.4byte	0x5e
 243 005e 03       		.uleb128 0x3
 244 005f 02       		.byte	0x2
 245 0060 07       		.byte	0x7
 246 0061 DC010000 		.4byte	.LASF6
 247 0065 04       		.uleb128 0x4
 248 0066 2D020000 		.4byte	.LASF7
 249 006a 02       		.byte	0x2
 250 006b 3F       		.byte	0x3f
 251 006c 70000000 		.4byte	0x70
 252 0070 03       		.uleb128 0x3
 253 0071 04       		.byte	0x4
 254 0072 05       		.byte	0x5
 255 0073 1E010000 		.4byte	.LASF8
 256 0077 04       		.uleb128 0x4
 257 0078 68050000 		.4byte	.LASF9
 258 007c 02       		.byte	0x2
 259 007d 41       		.byte	0x41
 260 007e 82000000 		.4byte	0x82
 261 0082 03       		.uleb128 0x3
 262 0083 04       		.byte	0x4
 263 0084 07       		.byte	0x7
 264 0085 FD030000 		.4byte	.LASF10
 265 0089 03       		.uleb128 0x3
 266 008a 08       		.byte	0x8
 267 008b 05       		.byte	0x5
 268 008c CE000000 		.4byte	.LASF11
 269 0090 04       		.uleb128 0x4
 270 0091 D0020000 		.4byte	.LASF12
 271 0095 02       		.byte	0x2
 272 0096 5B       		.byte	0x5b
 273 0097 9B000000 		.4byte	0x9b
 274 009b 03       		.uleb128 0x3
 275 009c 08       		.byte	0x8
 276 009d 07       		.byte	0x7
 277 009e 62000000 		.4byte	.LASF13
 278 00a2 04       		.uleb128 0x4
 279 00a3 EB050000 		.4byte	.LASF14
 280 00a7 03       		.byte	0x3
 281 00a8 14       		.byte	0x14
 282 00a9 3A000000 		.4byte	0x3a
 283 00ad 04       		.uleb128 0x4
 284 00ae A0010000 		.4byte	.LASF15
 285 00b2 03       		.byte	0x3
ARM GAS  /tmp/ccYcUUw4.s 			page 6


 286 00b3 1A       		.byte	0x1a
 287 00b4 53000000 		.4byte	0x53
 288 00b8 04       		.uleb128 0x4
 289 00b9 53030000 		.4byte	.LASF16
 290 00bd 03       		.byte	0x3
 291 00be 1F       		.byte	0x1f
 292 00bf 65000000 		.4byte	0x65
 293 00c3 04       		.uleb128 0x4
 294 00c4 D5030000 		.4byte	.LASF17
 295 00c8 03       		.byte	0x3
 296 00c9 20       		.byte	0x20
 297 00ca 77000000 		.4byte	0x77
 298 00ce 04       		.uleb128 0x4
 299 00cf 1A000000 		.4byte	.LASF18
 300 00d3 03       		.byte	0x3
 301 00d4 26       		.byte	0x26
 302 00d5 90000000 		.4byte	0x90
 303 00d9 05       		.uleb128 0x5
 304 00da B8000000 		.4byte	0xb8
 305 00de 05       		.uleb128 0x5
 306 00df C3000000 		.4byte	0xc3
 307 00e3 04       		.uleb128 0x4
 308 00e4 AD050000 		.4byte	.LASF19
 309 00e8 04       		.byte	0x4
 310 00e9 45       		.byte	0x45
 311 00ea C3000000 		.4byte	0xc3
 312 00ee 04       		.uleb128 0x4
 313 00ef 0B020000 		.4byte	.LASF20
 314 00f3 04       		.byte	0x4
 315 00f4 48       		.byte	0x48
 316 00f5 A2000000 		.4byte	0xa2
 317 00f9 04       		.uleb128 0x4
 318 00fa 27010000 		.4byte	.LASF21
 319 00fe 04       		.byte	0x4
 320 00ff 49       		.byte	0x49
 321 0100 A2000000 		.4byte	0xa2
 322 0104 04       		.uleb128 0x4
 323 0105 E5020000 		.4byte	.LASF22
 324 0109 04       		.byte	0x4
 325 010a 4A       		.byte	0x4a
 326 010b A2000000 		.4byte	0xa2
 327 010f 04       		.uleb128 0x4
 328 0110 04010000 		.4byte	.LASF23
 329 0114 04       		.byte	0x4
 330 0115 4B       		.byte	0x4b
 331 0116 A2000000 		.4byte	0xa2
 332 011a 04       		.uleb128 0x4
 333 011b 04030000 		.4byte	.LASF24
 334 011f 04       		.byte	0x4
 335 0120 4C       		.byte	0x4c
 336 0121 C3000000 		.4byte	0xc3
 337 0125 04       		.uleb128 0x4
 338 0126 F9010000 		.4byte	.LASF25
 339 012a 04       		.byte	0x4
 340 012b 4D       		.byte	0x4d
 341 012c B8000000 		.4byte	0xb8
 342 0130 04       		.uleb128 0x4
ARM GAS  /tmp/ccYcUUw4.s 			page 7


 343 0131 21020000 		.4byte	.LASF26
 344 0135 04       		.byte	0x4
 345 0136 4F       		.byte	0x4f
 346 0137 C3000000 		.4byte	0xc3
 347 013b 04       		.uleb128 0x4
 348 013c 85010000 		.4byte	.LASF27
 349 0140 04       		.byte	0x4
 350 0141 51       		.byte	0x51
 351 0142 B8000000 		.4byte	0xb8
 352 0146 04       		.uleb128 0x4
 353 0147 4A050000 		.4byte	.LASF28
 354 014b 05       		.byte	0x5
 355 014c 33       		.byte	0x33
 356 014d C3000000 		.4byte	0xc3
 357 0151 04       		.uleb128 0x4
 358 0152 DC050000 		.4byte	.LASF29
 359 0156 05       		.byte	0x5
 360 0157 3F       		.byte	0x3f
 361 0158 5C010000 		.4byte	0x15c
 362 015c 06       		.uleb128 0x6
 363 015d EF010000 		.4byte	.LASF51
 364 0161 48       		.byte	0x48
 365 0162 06       		.byte	0x6
 366 0163 C2       		.byte	0xc2
 367 0164 61020000 		.4byte	0x261
 368 0168 07       		.uleb128 0x7
 369 0169 9D030000 		.4byte	.LASF30
 370 016d 06       		.byte	0x6
 371 016e C3       		.byte	0xc3
 372 016f 6C020000 		.4byte	0x26c
 373 0173 00       		.byte	0
 374 0174 07       		.uleb128 0x7
 375 0175 FD020000 		.4byte	.LASF31
 376 0179 06       		.byte	0x6
 377 017a C5       		.byte	0xc5
 378 017b 6C020000 		.4byte	0x26c
 379 017f 04       		.byte	0x4
 380 0180 07       		.uleb128 0x7
 381 0181 C7000000 		.4byte	.LASF32
 382 0185 06       		.byte	0x6
 383 0186 C7       		.byte	0xc7
 384 0187 1A010000 		.4byte	0x11a
 385 018b 08       		.byte	0x8
 386 018c 07       		.uleb128 0x7
 387 018d 2D060000 		.4byte	.LASF33
 388 0191 06       		.byte	0x6
 389 0192 C8       		.byte	0xc8
 390 0193 9C040000 		.4byte	0x49c
 391 0197 0C       		.byte	0xc
 392 0198 07       		.uleb128 0x7
 393 0199 30010000 		.4byte	.LASF34
 394 019d 06       		.byte	0x6
 395 019e CA       		.byte	0xca
 396 019f 6C020000 		.4byte	0x26c
 397 01a3 10       		.byte	0x10
 398 01a4 07       		.uleb128 0x7
 399 01a5 94020000 		.4byte	.LASF35
ARM GAS  /tmp/ccYcUUw4.s 			page 8


 400 01a9 06       		.byte	0x6
 401 01aa CB       		.byte	0xcb
 402 01ab 6C020000 		.4byte	0x26c
 403 01af 14       		.byte	0x14
 404 01b0 07       		.uleb128 0x7
 405 01b1 04060000 		.4byte	.LASF36
 406 01b5 06       		.byte	0x6
 407 01b6 D2       		.byte	0xd2
 408 01b7 E1060000 		.4byte	0x6e1
 409 01bb 18       		.byte	0x18
 410 01bc 07       		.uleb128 0x7
 411 01bd 7D030000 		.4byte	.LASF37
 412 01c1 06       		.byte	0x6
 413 01c2 DD       		.byte	0xdd
 414 01c3 F9000000 		.4byte	0xf9
 415 01c7 1C       		.byte	0x1c
 416 01c8 07       		.uleb128 0x7
 417 01c9 A4030000 		.4byte	.LASF38
 418 01cd 06       		.byte	0x6
 419 01ce E1       		.byte	0xe1
 420 01cf EE000000 		.4byte	0xee
 421 01d3 1D       		.byte	0x1d
 422 01d4 07       		.uleb128 0x7
 423 01d5 D5050000 		.4byte	.LASF39
 424 01d9 06       		.byte	0x6
 425 01da E6       		.byte	0xe6
 426 01db 04010000 		.4byte	0x104
 427 01df 1E       		.byte	0x1e
 428 01e0 07       		.uleb128 0x7
 429 01e1 85030000 		.4byte	.LASF40
 430 01e5 06       		.byte	0x6
 431 01e6 EC       		.byte	0xec
 432 01e7 0F010000 		.4byte	0x10f
 433 01eb 1F       		.byte	0x1f
 434 01ec 07       		.uleb128 0x7
 435 01ed A9010000 		.4byte	.LASF41
 436 01f1 06       		.byte	0x6
 437 01f2 F3       		.byte	0xf3
 438 01f3 F3060000 		.4byte	0x6f3
 439 01f7 20       		.byte	0x20
 440 01f8 08       		.uleb128 0x8
 441 01f9 705F7500 		.ascii	"p_u\000"
 442 01fd 06       		.byte	0x6
 443 01fe 3101     		.2byte	0x131
 444 0200 1C060000 		.4byte	0x61c
 445 0204 24       		.byte	0x24
 446 0205 09       		.uleb128 0x9
 447 0206 51020000 		.4byte	.LASF42
 448 020a 06       		.byte	0x6
 449 020b 3601     		.2byte	0x136
 450 020d 72020000 		.4byte	0x272
 451 0211 28       		.byte	0x28
 452 0212 09       		.uleb128 0x9
 453 0213 C0010000 		.4byte	.LASF43
 454 0217 06       		.byte	0x6
 455 0218 3C01     		.2byte	0x13c
 456 021a 96020000 		.4byte	0x296
ARM GAS  /tmp/ccYcUUw4.s 			page 9


 457 021e 2C       		.byte	0x2c
 458 021f 09       		.uleb128 0x9
 459 0220 16060000 		.4byte	.LASF44
 460 0224 06       		.byte	0x6
 461 0225 4001     		.2byte	0x140
 462 0227 25010000 		.4byte	0x125
 463 022b 34       		.byte	0x34
 464 022c 09       		.uleb128 0x9
 465 022d CA030000 		.4byte	.LASF45
 466 0231 06       		.byte	0x6
 467 0232 4601     		.2byte	0x146
 468 0234 30010000 		.4byte	0x130
 469 0238 38       		.byte	0x38
 470 0239 09       		.uleb128 0x9
 471 023a 69030000 		.4byte	.LASF46
 472 023e 06       		.byte	0x6
 473 023f 4D01     		.2byte	0x14d
 474 0241 DB060000 		.4byte	0x6db
 475 0245 3C       		.byte	0x3c
 476 0246 09       		.uleb128 0x9
 477 0247 54050000 		.4byte	.LASF47
 478 024b 06       		.byte	0x6
 479 024c 5101     		.2byte	0x151
 480 024e 1A010000 		.4byte	0x11a
 481 0252 40       		.byte	0x40
 482 0253 09       		.uleb128 0x9
 483 0254 ED000000 		.4byte	.LASF48
 484 0258 06       		.byte	0x6
 485 0259 5801     		.2byte	0x158
 486 025b 49030000 		.4byte	0x349
 487 025f 44       		.byte	0x44
 488 0260 00       		.byte	0
 489 0261 04       		.uleb128 0x4
 490 0262 64020000 		.4byte	.LASF49
 491 0266 05       		.byte	0x5
 492 0267 44       		.byte	0x44
 493 0268 6C020000 		.4byte	0x26c
 494 026c 0A       		.uleb128 0xa
 495 026d 04       		.byte	0x4
 496 026e 51010000 		.4byte	0x151
 497 0272 04       		.uleb128 0x4
 498 0273 42020000 		.4byte	.LASF50
 499 0277 05       		.byte	0x5
 500 0278 49       		.byte	0x49
 501 0279 7D020000 		.4byte	0x27d
 502 027d 06       		.uleb128 0x6
 503 027e ED030000 		.4byte	.LASF52
 504 0282 04       		.byte	0x4
 505 0283 06       		.byte	0x6
 506 0284 B0       		.byte	0xb0
 507 0285 96020000 		.4byte	0x296
 508 0289 07       		.uleb128 0x7
 509 028a 9D030000 		.4byte	.LASF30
 510 028e 06       		.byte	0x6
 511 028f B1       		.byte	0xb1
 512 0290 6C020000 		.4byte	0x26c
 513 0294 00       		.byte	0
ARM GAS  /tmp/ccYcUUw4.s 			page 10


 514 0295 00       		.byte	0
 515 0296 04       		.uleb128 0x4
 516 0297 BC050000 		.4byte	.LASF53
 517 029b 05       		.byte	0x5
 518 029c 50       		.byte	0x50
 519 029d A1020000 		.4byte	0x2a1
 520 02a1 06       		.uleb128 0x6
 521 02a2 B6000000 		.4byte	.LASF54
 522 02a6 08       		.byte	0x8
 523 02a7 06       		.byte	0x6
 524 02a8 B7       		.byte	0xb7
 525 02a9 C6020000 		.4byte	0x2c6
 526 02ad 07       		.uleb128 0x7
 527 02ae 9D030000 		.4byte	.LASF30
 528 02b2 06       		.byte	0x6
 529 02b3 B8       		.byte	0xb8
 530 02b4 6C020000 		.4byte	0x26c
 531 02b8 00       		.byte	0
 532 02b9 07       		.uleb128 0x7
 533 02ba FD020000 		.4byte	.LASF31
 534 02be 06       		.byte	0x6
 535 02bf B9       		.byte	0xb9
 536 02c0 6C020000 		.4byte	0x26c
 537 02c4 04       		.byte	0x4
 538 02c5 00       		.byte	0
 539 02c6 04       		.uleb128 0x4
 540 02c7 00000000 		.4byte	.LASF55
 541 02cb 05       		.byte	0x5
 542 02cc 57       		.byte	0x57
 543 02cd D1020000 		.4byte	0x2d1
 544 02d1 0B       		.uleb128 0xb
 545 02d2 13020000 		.4byte	.LASF56
 546 02d6 1C       		.byte	0x1c
 547 02d7 06       		.byte	0x6
 548 02d8 9001     		.2byte	0x190
 549 02da 2D030000 		.4byte	0x32d
 550 02de 09       		.uleb128 0x9
 551 02df E5030000 		.4byte	.LASF57
 552 02e3 06       		.byte	0x6
 553 02e4 9101     		.2byte	0x191
 554 02e6 96020000 		.4byte	0x296
 555 02ea 00       		.byte	0
 556 02eb 09       		.uleb128 0x9
 557 02ec 8F030000 		.4byte	.LASF58
 558 02f0 06       		.byte	0x6
 559 02f1 9201     		.2byte	0x192
 560 02f3 1A010000 		.4byte	0x11a
 561 02f7 08       		.byte	0x8
 562 02f8 09       		.uleb128 0x9
 563 02f9 9C020000 		.4byte	.LASF59
 564 02fd 06       		.byte	0x6
 565 02fe 9401     		.2byte	0x194
 566 0300 9C040000 		.4byte	0x49c
 567 0304 0C       		.byte	0xc
 568 0305 09       		.uleb128 0x9
 569 0306 48010000 		.4byte	.LASF60
 570 030a 06       		.byte	0x6
ARM GAS  /tmp/ccYcUUw4.s 			page 11


 571 030b 9701     		.2byte	0x197
 572 030d 6C020000 		.4byte	0x26c
 573 0311 10       		.byte	0x10
 574 0312 09       		.uleb128 0x9
 575 0313 BD020000 		.4byte	.LASF61
 576 0317 06       		.byte	0x6
 577 0318 9801     		.2byte	0x198
 578 031a 6C020000 		.4byte	0x26c
 579 031e 14       		.byte	0x14
 580 031f 09       		.uleb128 0x9
 581 0320 B3020000 		.4byte	.LASF62
 582 0324 06       		.byte	0x6
 583 0325 9B01     		.2byte	0x19b
 584 0327 6C020000 		.4byte	0x26c
 585 032b 18       		.byte	0x18
 586 032c 00       		.byte	0
 587 032d 04       		.uleb128 0x4
 588 032e 5F050000 		.4byte	.LASF63
 589 0332 05       		.byte	0x5
 590 0333 5C       		.byte	0x5c
 591 0334 38030000 		.4byte	0x338
 592 0338 0A       		.uleb128 0xa
 593 0339 04       		.byte	0x4
 594 033a 3E030000 		.4byte	0x33e
 595 033e 0C       		.uleb128 0xc
 596 033f 49030000 		.4byte	0x349
 597 0343 0D       		.uleb128 0xd
 598 0344 49030000 		.4byte	0x349
 599 0348 00       		.byte	0
 600 0349 0E       		.uleb128 0xe
 601 034a 04       		.byte	0x4
 602 034b 04       		.uleb128 0x4
 603 034c ED020000 		.4byte	.LASF64
 604 0350 05       		.byte	0x5
 605 0351 61       		.byte	0x61
 606 0352 56030000 		.4byte	0x356
 607 0356 0B       		.uleb128 0xb
 608 0357 AC030000 		.4byte	.LASF65
 609 035b 14       		.byte	0x14
 610 035c 06       		.byte	0x6
 611 035d 6B01     		.2byte	0x16b
 612 035f A5030000 		.4byte	0x3a5
 613 0363 09       		.uleb128 0x9
 614 0364 98010000 		.4byte	.LASF66
 615 0368 06       		.byte	0x6
 616 0369 6C01     		.2byte	0x16c
 617 036b F8060000 		.4byte	0x6f8
 618 036f 00       		.byte	0
 619 0370 09       		.uleb128 0x9
 620 0371 59010000 		.4byte	.LASF67
 621 0375 06       		.byte	0x6
 622 0376 6D01     		.2byte	0x16d
 623 0378 F8060000 		.4byte	0x6f8
 624 037c 04       		.byte	0x4
 625 037d 09       		.uleb128 0x9
 626 037e B7010000 		.4byte	.LASF68
 627 0382 06       		.byte	0x6
ARM GAS  /tmp/ccYcUUw4.s 			page 12


 628 0383 6E01     		.2byte	0x16e
 629 0385 46010000 		.4byte	0x146
 630 0389 08       		.byte	0x8
 631 038a 09       		.uleb128 0x9
 632 038b 33060000 		.4byte	.LASF69
 633 038f 06       		.byte	0x6
 634 0390 6F01     		.2byte	0x16f
 635 0392 2D030000 		.4byte	0x32d
 636 0396 0C       		.byte	0xc
 637 0397 09       		.uleb128 0x9
 638 0398 B5050000 		.4byte	.LASF70
 639 039c 06       		.byte	0x6
 640 039d 7101     		.2byte	0x171
 641 039f 49030000 		.4byte	0x349
 642 03a3 10       		.byte	0x10
 643 03a4 00       		.byte	0
 644 03a5 04       		.uleb128 0x4
 645 03a6 93000000 		.4byte	.LASF71
 646 03aa 05       		.byte	0x5
 647 03ab 66       		.byte	0x66
 648 03ac B0030000 		.4byte	0x3b0
 649 03b0 0B       		.uleb128 0xb
 650 03b1 77020000 		.4byte	.LASF72
 651 03b5 10       		.byte	0x10
 652 03b6 06       		.byte	0x6
 653 03b7 7B01     		.2byte	0x17b
 654 03b9 F2030000 		.4byte	0x3f2
 655 03bd 09       		.uleb128 0x9
 656 03be 98010000 		.4byte	.LASF66
 657 03c2 06       		.byte	0x6
 658 03c3 7C01     		.2byte	0x17c
 659 03c5 F8060000 		.4byte	0x6f8
 660 03c9 00       		.byte	0
 661 03ca 09       		.uleb128 0x9
 662 03cb 59010000 		.4byte	.LASF67
 663 03cf 06       		.byte	0x6
 664 03d0 7E01     		.2byte	0x17e
 665 03d2 F8060000 		.4byte	0x6f8
 666 03d6 04       		.byte	0x4
 667 03d7 09       		.uleb128 0x9
 668 03d8 B7010000 		.4byte	.LASF68
 669 03dc 06       		.byte	0x6
 670 03dd 8001     		.2byte	0x180
 671 03df 46010000 		.4byte	0x146
 672 03e3 08       		.byte	0x8
 673 03e4 09       		.uleb128 0x9
 674 03e5 0B060000 		.4byte	.LASF73
 675 03e9 06       		.byte	0x6
 676 03ea 8201     		.2byte	0x182
 677 03ec F3060000 		.4byte	0x6f3
 678 03f0 0C       		.byte	0xc
 679 03f1 00       		.byte	0
 680 03f2 04       		.uleb128 0x4
 681 03f3 40000000 		.4byte	.LASF74
 682 03f7 05       		.byte	0x5
 683 03f8 6B       		.byte	0x6b
 684 03f9 FD030000 		.4byte	0x3fd
ARM GAS  /tmp/ccYcUUw4.s 			page 13


 685 03fd 0B       		.uleb128 0xb
 686 03fe 3D030000 		.4byte	.LASF75
 687 0402 04       		.byte	0x4
 688 0403 06       		.byte	0x6
 689 0404 A201     		.2byte	0x1a2
 690 0406 18040000 		.4byte	0x418
 691 040a 09       		.uleb128 0x9
 692 040b 73050000 		.4byte	.LASF76
 693 040f 06       		.byte	0x6
 694 0410 AA01     		.2byte	0x1aa
 695 0412 FE060000 		.4byte	0x6fe
 696 0416 00       		.byte	0
 697 0417 00       		.byte	0
 698 0418 04       		.uleb128 0x4
 699 0419 FF010000 		.4byte	.LASF77
 700 041d 05       		.byte	0x5
 701 041e 70       		.byte	0x70
 702 041f 23040000 		.4byte	0x423
 703 0423 0F       		.uleb128 0xf
 704 0424 14010000 		.4byte	.LASF78
 705 0428 5802     		.2byte	0x258
 706 042a 06       		.byte	0x6
 707 042b C201     		.2byte	0x1c2
 708 042d 7F040000 		.4byte	0x47f
 709 0431 09       		.uleb128 0x9
 710 0432 E5050000 		.4byte	.LASF79
 711 0436 06       		.byte	0x6
 712 0437 C601     		.2byte	0x1c6
 713 0439 C6020000 		.4byte	0x2c6
 714 043d 00       		.byte	0
 715 043e 09       		.uleb128 0x9
 716 043f FD000000 		.4byte	.LASF80
 717 0443 06       		.byte	0x6
 718 0444 CA01     		.2byte	0x1ca
 719 0446 A5030000 		.4byte	0x3a5
 720 044a 1C       		.byte	0x1c
 721 044b 08       		.uleb128 0x8
 722 044c 64626700 		.ascii	"dbg\000"
 723 0450 06       		.byte	0x6
 724 0451 CE01     		.2byte	0x1ce
 725 0453 F2030000 		.4byte	0x3f2
 726 0457 2C       		.byte	0x2c
 727 0458 09       		.uleb128 0x9
 728 0459 88000000 		.4byte	.LASF81
 729 045d 06       		.byte	0x6
 730 045e D201     		.2byte	0x1d2
 731 0460 51010000 		.4byte	0x151
 732 0464 30       		.byte	0x30
 733 0465 08       		.uleb128 0x8
 734 0466 746D00   		.ascii	"tm\000"
 735 0469 06       		.byte	0x6
 736 046a D701     		.2byte	0x1d7
 737 046c 11060000 		.4byte	0x611
 738 0470 78       		.byte	0x78
 739 0471 09       		.uleb128 0x9
 740 0472 76010000 		.4byte	.LASF82
 741 0476 06       		.byte	0x6
ARM GAS  /tmp/ccYcUUw4.s 			page 14


 742 0477 E301     		.2byte	0x1e3
 743 0479 03070000 		.4byte	0x703
 744 047d 80       		.byte	0x80
 745 047e 00       		.byte	0
 746 047f 03       		.uleb128 0x3
 747 0480 04       		.byte	0x4
 748 0481 07       		.byte	0x7
 749 0482 5B020000 		.4byte	.LASF83
 750 0486 04       		.uleb128 0x4
 751 0487 50010000 		.4byte	.LASF84
 752 048b 07       		.byte	0x7
 753 048c 65       		.byte	0x65
 754 048d 49030000 		.4byte	0x349
 755 0491 04       		.uleb128 0x4
 756 0492 37020000 		.4byte	.LASF85
 757 0496 07       		.byte	0x7
 758 0497 6D       		.byte	0x6d
 759 0498 CE000000 		.4byte	0xce
 760 049c 06       		.uleb128 0x6
 761 049d 8F050000 		.4byte	.LASF86
 762 04a1 04       		.byte	0x4
 763 04a2 07       		.byte	0x7
 764 04a3 89       		.byte	0x89
 765 04a4 B5040000 		.4byte	0x4b5
 766 04a8 10       		.uleb128 0x10
 767 04a9 72313300 		.ascii	"r13\000"
 768 04ad 07       		.byte	0x7
 769 04ae 8A       		.byte	0x8a
 770 04af F6050000 		.4byte	0x5f6
 771 04b3 00       		.byte	0
 772 04b4 00       		.byte	0
 773 04b5 06       		.uleb128 0x6
 774 04b6 34000000 		.4byte	.LASF87
 775 04ba 64       		.byte	0x64
 776 04bb 08       		.byte	0x8
 777 04bc F4       		.byte	0xf4
 778 04bd F6050000 		.4byte	0x5f6
 779 04c1 10       		.uleb128 0x10
 780 04c2 73313600 		.ascii	"s16\000"
 781 04c6 08       		.byte	0x8
 782 04c7 F6       		.byte	0xf6
 783 04c8 86040000 		.4byte	0x486
 784 04cc 00       		.byte	0
 785 04cd 10       		.uleb128 0x10
 786 04ce 73313700 		.ascii	"s17\000"
 787 04d2 08       		.byte	0x8
 788 04d3 F7       		.byte	0xf7
 789 04d4 86040000 		.4byte	0x486
 790 04d8 04       		.byte	0x4
 791 04d9 10       		.uleb128 0x10
 792 04da 73313800 		.ascii	"s18\000"
 793 04de 08       		.byte	0x8
 794 04df F8       		.byte	0xf8
 795 04e0 86040000 		.4byte	0x486
 796 04e4 08       		.byte	0x8
 797 04e5 10       		.uleb128 0x10
 798 04e6 73313900 		.ascii	"s19\000"
ARM GAS  /tmp/ccYcUUw4.s 			page 15


 799 04ea 08       		.byte	0x8
 800 04eb F9       		.byte	0xf9
 801 04ec 86040000 		.4byte	0x486
 802 04f0 0C       		.byte	0xc
 803 04f1 10       		.uleb128 0x10
 804 04f2 73323000 		.ascii	"s20\000"
 805 04f6 08       		.byte	0x8
 806 04f7 FA       		.byte	0xfa
 807 04f8 86040000 		.4byte	0x486
 808 04fc 10       		.byte	0x10
 809 04fd 10       		.uleb128 0x10
 810 04fe 73323100 		.ascii	"s21\000"
 811 0502 08       		.byte	0x8
 812 0503 FB       		.byte	0xfb
 813 0504 86040000 		.4byte	0x486
 814 0508 14       		.byte	0x14
 815 0509 10       		.uleb128 0x10
 816 050a 73323200 		.ascii	"s22\000"
 817 050e 08       		.byte	0x8
 818 050f FC       		.byte	0xfc
 819 0510 86040000 		.4byte	0x486
 820 0514 18       		.byte	0x18
 821 0515 10       		.uleb128 0x10
 822 0516 73323300 		.ascii	"s23\000"
 823 051a 08       		.byte	0x8
 824 051b FD       		.byte	0xfd
 825 051c 86040000 		.4byte	0x486
 826 0520 1C       		.byte	0x1c
 827 0521 10       		.uleb128 0x10
 828 0522 73323400 		.ascii	"s24\000"
 829 0526 08       		.byte	0x8
 830 0527 FE       		.byte	0xfe
 831 0528 86040000 		.4byte	0x486
 832 052c 20       		.byte	0x20
 833 052d 10       		.uleb128 0x10
 834 052e 73323500 		.ascii	"s25\000"
 835 0532 08       		.byte	0x8
 836 0533 FF       		.byte	0xff
 837 0534 86040000 		.4byte	0x486
 838 0538 24       		.byte	0x24
 839 0539 08       		.uleb128 0x8
 840 053a 73323600 		.ascii	"s26\000"
 841 053e 08       		.byte	0x8
 842 053f 0001     		.2byte	0x100
 843 0541 86040000 		.4byte	0x486
 844 0545 28       		.byte	0x28
 845 0546 08       		.uleb128 0x8
 846 0547 73323700 		.ascii	"s27\000"
 847 054b 08       		.byte	0x8
 848 054c 0101     		.2byte	0x101
 849 054e 86040000 		.4byte	0x486
 850 0552 2C       		.byte	0x2c
 851 0553 08       		.uleb128 0x8
 852 0554 73323800 		.ascii	"s28\000"
 853 0558 08       		.byte	0x8
 854 0559 0201     		.2byte	0x102
 855 055b 86040000 		.4byte	0x486
ARM GAS  /tmp/ccYcUUw4.s 			page 16


 856 055f 30       		.byte	0x30
 857 0560 08       		.uleb128 0x8
 858 0561 73323900 		.ascii	"s29\000"
 859 0565 08       		.byte	0x8
 860 0566 0301     		.2byte	0x103
 861 0568 86040000 		.4byte	0x486
 862 056c 34       		.byte	0x34
 863 056d 08       		.uleb128 0x8
 864 056e 73333000 		.ascii	"s30\000"
 865 0572 08       		.byte	0x8
 866 0573 0401     		.2byte	0x104
 867 0575 86040000 		.4byte	0x486
 868 0579 38       		.byte	0x38
 869 057a 08       		.uleb128 0x8
 870 057b 73333100 		.ascii	"s31\000"
 871 057f 08       		.byte	0x8
 872 0580 0501     		.2byte	0x105
 873 0582 86040000 		.4byte	0x486
 874 0586 3C       		.byte	0x3c
 875 0587 08       		.uleb128 0x8
 876 0588 723400   		.ascii	"r4\000"
 877 058b 08       		.byte	0x8
 878 058c 0701     		.2byte	0x107
 879 058e 86040000 		.4byte	0x486
 880 0592 40       		.byte	0x40
 881 0593 08       		.uleb128 0x8
 882 0594 723500   		.ascii	"r5\000"
 883 0597 08       		.byte	0x8
 884 0598 0801     		.2byte	0x108
 885 059a 86040000 		.4byte	0x486
 886 059e 44       		.byte	0x44
 887 059f 08       		.uleb128 0x8
 888 05a0 723600   		.ascii	"r6\000"
 889 05a3 08       		.byte	0x8
 890 05a4 0901     		.2byte	0x109
 891 05a6 86040000 		.4byte	0x486
 892 05aa 48       		.byte	0x48
 893 05ab 08       		.uleb128 0x8
 894 05ac 723700   		.ascii	"r7\000"
 895 05af 08       		.byte	0x8
 896 05b0 0A01     		.2byte	0x10a
 897 05b2 86040000 		.4byte	0x486
 898 05b6 4C       		.byte	0x4c
 899 05b7 08       		.uleb128 0x8
 900 05b8 723800   		.ascii	"r8\000"
 901 05bb 08       		.byte	0x8
 902 05bc 0B01     		.2byte	0x10b
 903 05be 86040000 		.4byte	0x486
 904 05c2 50       		.byte	0x50
 905 05c3 08       		.uleb128 0x8
 906 05c4 723900   		.ascii	"r9\000"
 907 05c7 08       		.byte	0x8
 908 05c8 0C01     		.2byte	0x10c
 909 05ca 86040000 		.4byte	0x486
 910 05ce 54       		.byte	0x54
 911 05cf 08       		.uleb128 0x8
 912 05d0 72313000 		.ascii	"r10\000"
ARM GAS  /tmp/ccYcUUw4.s 			page 17


 913 05d4 08       		.byte	0x8
 914 05d5 0D01     		.2byte	0x10d
 915 05d7 86040000 		.4byte	0x486
 916 05db 58       		.byte	0x58
 917 05dc 08       		.uleb128 0x8
 918 05dd 72313100 		.ascii	"r11\000"
 919 05e1 08       		.byte	0x8
 920 05e2 0E01     		.2byte	0x10e
 921 05e4 86040000 		.4byte	0x486
 922 05e8 5C       		.byte	0x5c
 923 05e9 08       		.uleb128 0x8
 924 05ea 6C7200   		.ascii	"lr\000"
 925 05ed 08       		.byte	0x8
 926 05ee 0F01     		.2byte	0x10f
 927 05f0 86040000 		.4byte	0x486
 928 05f4 60       		.byte	0x60
 929 05f5 00       		.byte	0
 930 05f6 0A       		.uleb128 0xa
 931 05f7 04       		.byte	0x4
 932 05f8 B5040000 		.4byte	0x4b5
 933 05fc 11       		.uleb128 0x11
 934 05fd 04       		.byte	0x4
 935 05fe 09       		.byte	0x9
 936 05ff 38       		.byte	0x38
 937 0600 11060000 		.4byte	0x611
 938 0604 07       		.uleb128 0x7
 939 0605 7D050000 		.4byte	.LASF88
 940 0609 09       		.byte	0x9
 941 060a 3C       		.byte	0x3c
 942 060b E3000000 		.4byte	0xe3
 943 060f 00       		.byte	0
 944 0610 00       		.byte	0
 945 0611 04       		.uleb128 0x4
 946 0612 A2020000 		.4byte	.LASF89
 947 0616 09       		.byte	0x9
 948 0617 3D       		.byte	0x3d
 949 0618 FC050000 		.4byte	0x5fc
 950 061c 12       		.uleb128 0x12
 951 061d 04       		.byte	0x4
 952 061e 06       		.byte	0x6
 953 061f FA       		.byte	0xfa
 954 0620 79060000 		.4byte	0x679
 955 0624 13       		.uleb128 0x13
 956 0625 13000000 		.4byte	.LASF90
 957 0629 06       		.byte	0x6
 958 062a 0101     		.2byte	0x101
 959 062c 25010000 		.4byte	0x125
 960 0630 13       		.uleb128 0x13
 961 0631 7F000000 		.4byte	.LASF91
 962 0635 06       		.byte	0x6
 963 0636 0801     		.2byte	0x108
 964 0638 25010000 		.4byte	0x125
 965 063c 13       		.uleb128 0x13
 966 063d F3050000 		.4byte	.LASF92
 967 0641 06       		.byte	0x6
 968 0642 0F01     		.2byte	0x10f
 969 0644 49030000 		.4byte	0x349
ARM GAS  /tmp/ccYcUUw4.s 			page 18


 970 0648 13       		.uleb128 0x13
 971 0649 0D000000 		.4byte	.LASF93
 972 064d 06       		.byte	0x6
 973 064e 1601     		.2byte	0x116
 974 0650 79060000 		.4byte	0x679
 975 0654 13       		.uleb128 0x13
 976 0655 B0010000 		.4byte	.LASF94
 977 0659 06       		.byte	0x6
 978 065a 1E01     		.2byte	0x11e
 979 065c A4060000 		.4byte	0x6a4
 980 0660 13       		.uleb128 0x13
 981 0661 DE030000 		.4byte	.LASF95
 982 0665 06       		.byte	0x6
 983 0666 2701     		.2byte	0x127
 984 0668 DB060000 		.4byte	0x6db
 985 066c 13       		.uleb128 0x13
 986 066d 96030000 		.4byte	.LASF96
 987 0671 06       		.byte	0x6
 988 0672 2F01     		.2byte	0x12f
 989 0674 30010000 		.4byte	0x130
 990 0678 00       		.byte	0
 991 0679 0A       		.uleb128 0xa
 992 067a 04       		.byte	0x4
 993 067b 61020000 		.4byte	0x261
 994 067f 06       		.uleb128 0x6
 995 0680 BD030000 		.4byte	.LASF97
 996 0684 0C       		.byte	0xc
 997 0685 0A       		.byte	0xa
 998 0686 34       		.byte	0x34
 999 0687 A4060000 		.4byte	0x6a4
 1000 068b 07       		.uleb128 0x7
 1001 068c 38010000 		.4byte	.LASF98
 1002 0690 0A       		.byte	0xa
 1003 0691 35       		.byte	0x35
 1004 0692 96020000 		.4byte	0x296
 1005 0696 00       		.byte	0
 1006 0697 07       		.uleb128 0x7
 1007 0698 D6010000 		.4byte	.LASF99
 1008 069c 0A       		.byte	0xa
 1009 069d 37       		.byte	0x37
 1010 069e 3B010000 		.4byte	0x13b
 1011 06a2 08       		.byte	0x8
 1012 06a3 00       		.byte	0
 1013 06a4 0A       		.uleb128 0xa
 1014 06a5 04       		.byte	0x4
 1015 06a6 7F060000 		.4byte	0x67f
 1016 06aa 06       		.uleb128 0x6
 1017 06ab CC050000 		.4byte	.LASF100
 1018 06af 10       		.byte	0x10
 1019 06b0 0B       		.byte	0xb
 1020 06b1 39       		.byte	0x39
 1021 06b2 DB060000 		.4byte	0x6db
 1022 06b6 07       		.uleb128 0x7
 1023 06b7 F5000000 		.4byte	.LASF101
 1024 06bb 0B       		.byte	0xb
 1025 06bc 3A       		.byte	0x3a
 1026 06bd 96020000 		.4byte	0x296
ARM GAS  /tmp/ccYcUUw4.s 			page 19


 1027 06c1 00       		.byte	0
 1028 06c2 07       		.uleb128 0x7
 1029 06c3 25060000 		.4byte	.LASF102
 1030 06c7 0B       		.byte	0xb
 1031 06c8 3C       		.byte	0x3c
 1032 06c9 6C020000 		.4byte	0x26c
 1033 06cd 08       		.byte	0x8
 1034 06ce 07       		.uleb128 0x7
 1035 06cf 43050000 		.4byte	.LASF103
 1036 06d3 0B       		.byte	0xb
 1037 06d4 3E       		.byte	0x3e
 1038 06d5 1E070000 		.4byte	0x71e
 1039 06d9 0C       		.byte	0xc
 1040 06da 00       		.byte	0
 1041 06db 0A       		.uleb128 0xa
 1042 06dc 04       		.byte	0x4
 1043 06dd AA060000 		.4byte	0x6aa
 1044 06e1 0A       		.uleb128 0xa
 1045 06e2 04       		.byte	0x4
 1046 06e3 E7060000 		.4byte	0x6e7
 1047 06e7 14       		.uleb128 0x14
 1048 06e8 EC060000 		.4byte	0x6ec
 1049 06ec 03       		.uleb128 0x3
 1050 06ed 01       		.byte	0x1
 1051 06ee 08       		.byte	0x8
 1052 06ef 0F040000 		.4byte	.LASF104
 1053 06f3 05       		.uleb128 0x5
 1054 06f4 46010000 		.4byte	0x146
 1055 06f8 0A       		.uleb128 0xa
 1056 06f9 04       		.byte	0x4
 1057 06fa 4B030000 		.4byte	0x34b
 1058 06fe 05       		.uleb128 0x5
 1059 06ff E1060000 		.4byte	0x6e1
 1060 0703 15       		.uleb128 0x15
 1061 0704 91040000 		.4byte	0x491
 1062 0708 13070000 		.4byte	0x713
 1063 070c 16       		.uleb128 0x16
 1064 070d 7F040000 		.4byte	0x47f
 1065 0711 3A       		.byte	0x3a
 1066 0712 00       		.byte	0
 1067 0713 04       		.uleb128 0x4
 1068 0714 6E010000 		.4byte	.LASF105
 1069 0718 0B       		.byte	0xb
 1070 0719 34       		.byte	0x34
 1071 071a AA060000 		.4byte	0x6aa
 1072 071e 0A       		.uleb128 0xa
 1073 071f 04       		.byte	0x4
 1074 0720 13070000 		.4byte	0x713
 1075 0724 03       		.uleb128 0x3
 1076 0725 01       		.byte	0x1
 1077 0726 02       		.byte	0x2
 1078 0727 4D030000 		.4byte	.LASF106
 1079 072b 11       		.uleb128 0x11
 1080 072c 04       		.byte	0x4
 1081 072d 0C       		.byte	0xc
 1082 072e B3       		.byte	0xb3
 1083 072f 4C070000 		.4byte	0x74c
ARM GAS  /tmp/ccYcUUw4.s 			page 20


 1084 0733 10       		.uleb128 0x10
 1085 0734 73657400 		.ascii	"set\000"
 1086 0738 0C       		.byte	0xc
 1087 0739 B4       		.byte	0xb4
 1088 073a AD000000 		.4byte	0xad
 1089 073e 00       		.byte	0
 1090 073f 07       		.uleb128 0x7
 1091 0740 8E020000 		.4byte	.LASF107
 1092 0744 0C       		.byte	0xc
 1093 0745 B5       		.byte	0xb5
 1094 0746 AD000000 		.4byte	0xad
 1095 074a 02       		.byte	0x2
 1096 074b 00       		.byte	0
 1097 074c 12       		.uleb128 0x12
 1098 074d 04       		.byte	0x4
 1099 074e 0C       		.byte	0xc
 1100 074f B1       		.byte	0xb1
 1101 0750 67070000 		.4byte	0x767
 1102 0754 17       		.uleb128 0x17
 1103 0755 5700     		.ascii	"W\000"
 1104 0757 0C       		.byte	0xc
 1105 0758 B2       		.byte	0xb2
 1106 0759 C3000000 		.4byte	0xc3
 1107 075d 17       		.uleb128 0x17
 1108 075e 4800     		.ascii	"H\000"
 1109 0760 0C       		.byte	0xc
 1110 0761 B6       		.byte	0xb6
 1111 0762 2B070000 		.4byte	0x72b
 1112 0766 00       		.byte	0
 1113 0767 11       		.uleb128 0x11
 1114 0768 2C       		.byte	0x2c
 1115 0769 0C       		.byte	0xc
 1116 076a A9       		.byte	0xa9
 1117 076b F4070000 		.4byte	0x7f4
 1118 076f 07       		.uleb128 0x7
 1119 0770 5C000000 		.4byte	.LASF108
 1120 0774 0C       		.byte	0xc
 1121 0775 AB       		.byte	0xab
 1122 0776 DE000000 		.4byte	0xde
 1123 077a 00       		.byte	0
 1124 077b 07       		.uleb128 0x7
 1125 077c 2D000000 		.4byte	.LASF109
 1126 0780 0C       		.byte	0xc
 1127 0781 AC       		.byte	0xac
 1128 0782 DE000000 		.4byte	0xde
 1129 0786 04       		.byte	0x4
 1130 0787 07       		.uleb128 0x7
 1131 0788 40010000 		.4byte	.LASF110
 1132 078c 0C       		.byte	0xc
 1133 078d AD       		.byte	0xad
 1134 078e DE000000 		.4byte	0xde
 1135 0792 08       		.byte	0x8
 1136 0793 07       		.uleb128 0x7
 1137 0794 79000000 		.4byte	.LASF111
 1138 0798 0C       		.byte	0xc
 1139 0799 AE       		.byte	0xae
 1140 079a DE000000 		.4byte	0xde
ARM GAS  /tmp/ccYcUUw4.s 			page 21


 1141 079e 0C       		.byte	0xc
 1142 079f 10       		.uleb128 0x10
 1143 07a0 49445200 		.ascii	"IDR\000"
 1144 07a4 0C       		.byte	0xc
 1145 07a5 AF       		.byte	0xaf
 1146 07a6 DE000000 		.4byte	0xde
 1147 07aa 10       		.byte	0x10
 1148 07ab 10       		.uleb128 0x10
 1149 07ac 4F445200 		.ascii	"ODR\000"
 1150 07b0 0C       		.byte	0xc
 1151 07b1 B0       		.byte	0xb0
 1152 07b2 DE000000 		.4byte	0xde
 1153 07b6 14       		.byte	0x14
 1154 07b7 07       		.uleb128 0x7
 1155 07b8 E8000000 		.4byte	.LASF112
 1156 07bc 0C       		.byte	0xc
 1157 07bd B7       		.byte	0xb7
 1158 07be F4070000 		.4byte	0x7f4
 1159 07c2 18       		.byte	0x18
 1160 07c3 07       		.uleb128 0x7
 1161 07c4 CB010000 		.4byte	.LASF113
 1162 07c8 0C       		.byte	0xc
 1163 07c9 B8       		.byte	0xb8
 1164 07ca DE000000 		.4byte	0xde
 1165 07ce 1C       		.byte	0x1c
 1166 07cf 07       		.uleb128 0x7
 1167 07d0 E0020000 		.4byte	.LASF114
 1168 07d4 0C       		.byte	0xc
 1169 07d5 B9       		.byte	0xb9
 1170 07d6 DE000000 		.4byte	0xde
 1171 07da 20       		.byte	0x20
 1172 07db 07       		.uleb128 0x7
 1173 07dc DB020000 		.4byte	.LASF115
 1174 07e0 0C       		.byte	0xc
 1175 07e1 BA       		.byte	0xba
 1176 07e2 DE000000 		.4byte	0xde
 1177 07e6 24       		.byte	0x24
 1178 07e7 10       		.uleb128 0x10
 1179 07e8 42525200 		.ascii	"BRR\000"
 1180 07ec 0C       		.byte	0xc
 1181 07ed BB       		.byte	0xbb
 1182 07ee DE000000 		.4byte	0xde
 1183 07f2 28       		.byte	0x28
 1184 07f3 00       		.byte	0
 1185 07f4 05       		.uleb128 0x5
 1186 07f5 4C070000 		.4byte	0x74c
 1187 07f9 04       		.uleb128 0x4
 1188 07fa 61010000 		.4byte	.LASF116
 1189 07fe 0C       		.byte	0xc
 1190 07ff BC       		.byte	0xbc
 1191 0800 67070000 		.4byte	0x767
 1192 0804 18       		.uleb128 0x18
 1193 0805 4F000000 		.4byte	.LASF117
 1194 0809 0C       		.byte	0xc
 1195 080a 0E01     		.2byte	0x10e
 1196 080c C3000000 		.4byte	0xc3
 1197 0810 18       		.uleb128 0x18
ARM GAS  /tmp/ccYcUUw4.s 			page 22


 1198 0811 1C060000 		.4byte	.LASF118
 1199 0815 0C       		.byte	0xc
 1200 0816 1301     		.2byte	0x113
 1201 0818 C3000000 		.4byte	0xc3
 1202 081c 18       		.uleb128 0x18
 1203 081d 84050000 		.4byte	.LASF119
 1204 0821 0C       		.byte	0xc
 1205 0822 1B01     		.2byte	0x11b
 1206 0824 28080000 		.4byte	0x828
 1207 0828 0A       		.uleb128 0xa
 1208 0829 04       		.byte	0x4
 1209 082a F9070000 		.4byte	0x7f9
 1210 082e 19       		.uleb128 0x19
 1211 082f FA050000 		.4byte	.LASF127
 1212 0833 01       		.byte	0x1
 1213 0834 22       		.byte	0x22
 1214 0835 01       		.byte	0x1
 1215 0836 51080000 		.4byte	0x851
 1216 083a 1A       		.uleb128 0x1a
 1217 083b 6E756D00 		.ascii	"num\000"
 1218 083f 01       		.byte	0x1
 1219 0840 22       		.byte	0x22
 1220 0841 25000000 		.4byte	0x25
 1221 0845 1B       		.uleb128 0x1b
 1222 0846 0E010000 		.4byte	.LASF120
 1223 084a 01       		.byte	0x1
 1224 084b 22       		.byte	0x22
 1225 084c 25000000 		.4byte	0x25
 1226 0850 00       		.byte	0
 1227 0851 1C       		.uleb128 0x1c
 1228 0852 3B060000 		.4byte	.LASF121
 1229 0856 01       		.byte	0x1
 1230 0857 16       		.byte	0x16
 1231 0858 00000000 		.4byte	.LFB256
 1232 085c 2C000000 		.4byte	.LFE256-.LFB256
 1233 0860 01       		.uleb128 0x1
 1234 0861 9C       		.byte	0x9c
 1235 0862 F1080000 		.4byte	0x8f1
 1236 0866 1D       		.uleb128 0x1d
 1237 0867 2E080000 		.4byte	0x82e
 1238 086b 18000000 		.4byte	.LBB8
 1239 086f 00000000 		.4byte	.Ldebug_ranges0+0
 1240 0873 01       		.byte	0x1
 1241 0874 1E       		.byte	0x1e
 1242 0875 98080000 		.4byte	0x898
 1243 0879 1E       		.uleb128 0x1e
 1244 087a 45080000 		.4byte	0x845
 1245 087e 00       		.byte	0
 1246 087f 1E       		.uleb128 0x1e
 1247 0880 3A080000 		.4byte	0x83a
 1248 0884 00       		.byte	0
 1249 0885 1F       		.uleb128 0x1f
 1250 0886 00000000 		.4byte	.Ldebug_ranges0+0
 1251 088a 1E       		.uleb128 0x1e
 1252 088b 3A080000 		.4byte	0x83a
 1253 088f 00       		.byte	0
 1254 0890 1E       		.uleb128 0x1e
ARM GAS  /tmp/ccYcUUw4.s 			page 23


 1255 0891 45080000 		.4byte	0x845
 1256 0895 00       		.byte	0
 1257 0896 00       		.byte	0
 1258 0897 00       		.byte	0
 1259 0898 1D       		.uleb128 0x1d
 1260 0899 2E080000 		.4byte	0x82e
 1261 089d 1C000000 		.4byte	.LBB13
 1262 08a1 18000000 		.4byte	.Ldebug_ranges0+0x18
 1263 08a5 01       		.byte	0x1
 1264 08a6 1F       		.byte	0x1f
 1265 08a7 B8080000 		.4byte	0x8b8
 1266 08ab 1E       		.uleb128 0x1e
 1267 08ac 45080000 		.4byte	0x845
 1268 08b0 00       		.byte	0
 1269 08b1 1E       		.uleb128 0x1e
 1270 08b2 3A080000 		.4byte	0x83a
 1271 08b6 01       		.byte	0x1
 1272 08b7 00       		.byte	0
 1273 08b8 20       		.uleb128 0x20
 1274 08b9 0E000000 		.4byte	.LVL0
 1275 08bd 68090000 		.4byte	0x968
 1276 08c1 D6080000 		.4byte	0x8d6
 1277 08c5 21       		.uleb128 0x21
 1278 08c6 01       		.uleb128 0x1
 1279 08c7 52       		.byte	0x52
 1280 08c8 01       		.uleb128 0x1
 1281 08c9 49       		.byte	0x49
 1282 08ca 21       		.uleb128 0x21
 1283 08cb 01       		.uleb128 0x1
 1284 08cc 51       		.byte	0x51
 1285 08cd 01       		.uleb128 0x1
 1286 08ce 32       		.byte	0x32
 1287 08cf 21       		.uleb128 0x21
 1288 08d0 01       		.uleb128 0x1
 1289 08d1 50       		.byte	0x50
 1290 08d2 02       		.uleb128 0x2
 1291 08d3 74       		.byte	0x74
 1292 08d4 00       		.sleb128 0
 1293 08d5 00       		.byte	0
 1294 08d6 22       		.uleb128 0x22
 1295 08d7 18000000 		.4byte	.LVL1
 1296 08db 68090000 		.4byte	0x968
 1297 08df 21       		.uleb128 0x21
 1298 08e0 01       		.uleb128 0x1
 1299 08e1 52       		.byte	0x52
 1300 08e2 01       		.uleb128 0x1
 1301 08e3 49       		.byte	0x49
 1302 08e4 21       		.uleb128 0x21
 1303 08e5 01       		.uleb128 0x1
 1304 08e6 51       		.byte	0x51
 1305 08e7 01       		.uleb128 0x1
 1306 08e8 34       		.byte	0x34
 1307 08e9 21       		.uleb128 0x21
 1308 08ea 01       		.uleb128 0x1
 1309 08eb 50       		.byte	0x50
 1310 08ec 02       		.uleb128 0x2
 1311 08ed 74       		.byte	0x74
ARM GAS  /tmp/ccYcUUw4.s 			page 24


 1312 08ee 00       		.sleb128 0
 1313 08ef 00       		.byte	0
 1314 08f0 00       		.byte	0
 1315 08f1 23       		.uleb128 0x23
 1316 08f2 2E080000 		.4byte	0x82e
 1317 08f6 00000000 		.4byte	.LFB257
 1318 08fa 38000000 		.4byte	.LFE257-.LFB257
 1319 08fe 01       		.uleb128 0x1
 1320 08ff 9C       		.byte	0x9c
 1321 0900 2E090000 		.4byte	0x92e
 1322 0904 24       		.uleb128 0x24
 1323 0905 3A080000 		.4byte	0x83a
 1324 0909 01       		.uleb128 0x1
 1325 090a 50       		.byte	0x50
 1326 090b 25       		.uleb128 0x25
 1327 090c 45080000 		.4byte	0x845
 1328 0910 00000000 		.4byte	.LLST0
 1329 0914 26       		.uleb128 0x26
 1330 0915 1E000000 		.4byte	.LBB20
 1331 0919 1A000000 		.4byte	.LBE20-.LBB20
 1332 091d 1E       		.uleb128 0x1e
 1333 091e 3A080000 		.4byte	0x83a
 1334 0922 00       		.byte	0
 1335 0923 25       		.uleb128 0x25
 1336 0924 45080000 		.4byte	0x845
 1337 0928 3A000000 		.4byte	.LLST1
 1338 092c 00       		.byte	0
 1339 092d 00       		.byte	0
 1340 092e 1C       		.uleb128 0x1c
 1341 092f C5020000 		.4byte	.LASF122
 1342 0933 01       		.byte	0x1
 1343 0934 31       		.byte	0x31
 1344 0935 00000000 		.4byte	.LFB258
 1345 0939 24000000 		.4byte	.LFE258-.LFB258
 1346 093d 01       		.uleb128 0x1
 1347 093e 9C       		.byte	0x9c
 1348 093f 51090000 		.4byte	0x951
 1349 0943 27       		.uleb128 0x27
 1350 0944 6E756D00 		.ascii	"num\000"
 1351 0948 01       		.byte	0x1
 1352 0949 31       		.byte	0x31
 1353 094a 25000000 		.4byte	0x25
 1354 094e 01       		.uleb128 0x1
 1355 094f 50       		.byte	0x50
 1356 0950 00       		.byte	0
 1357 0951 28       		.uleb128 0x28
 1358 0952 A9000000 		.4byte	.LASF123
 1359 0956 0D       		.byte	0xd
 1360 0957 A706     		.2byte	0x6a7
 1361 0959 D9000000 		.4byte	0xd9
 1362 095d 29       		.uleb128 0x29
 1363 095e 636800   		.ascii	"ch\000"
 1364 0961 06       		.byte	0x6
 1365 0962 0902     		.2byte	0x209
 1366 0964 18040000 		.4byte	0x418
 1367 0968 2A       		.uleb128 0x2a
 1368 0969 97050000 		.4byte	.LASF128
ARM GAS  /tmp/ccYcUUw4.s 			page 25


 1369 096d 0C       		.byte	0xc
 1370 096e E001     		.2byte	0x1e0
 1371 0970 0D       		.uleb128 0xd
 1372 0971 1C080000 		.4byte	0x81c
 1373 0975 0D       		.uleb128 0xd
 1374 0976 04080000 		.4byte	0x804
 1375 097a 0D       		.uleb128 0xd
 1376 097b 10080000 		.4byte	0x810
 1377 097f 00       		.byte	0
 1378 0980 00       		.byte	0
 1379              		.section	.debug_abbrev,"",%progbits
 1380              	.Ldebug_abbrev0:
 1381 0000 01       		.uleb128 0x1
 1382 0001 11       		.uleb128 0x11
 1383 0002 01       		.byte	0x1
 1384 0003 25       		.uleb128 0x25
 1385 0004 0E       		.uleb128 0xe
 1386 0005 13       		.uleb128 0x13
 1387 0006 0B       		.uleb128 0xb
 1388 0007 03       		.uleb128 0x3
 1389 0008 0E       		.uleb128 0xe
 1390 0009 1B       		.uleb128 0x1b
 1391 000a 0E       		.uleb128 0xe
 1392 000b 55       		.uleb128 0x55
 1393 000c 17       		.uleb128 0x17
 1394 000d 11       		.uleb128 0x11
 1395 000e 01       		.uleb128 0x1
 1396 000f 10       		.uleb128 0x10
 1397 0010 17       		.uleb128 0x17
 1398 0011 00       		.byte	0
 1399 0012 00       		.byte	0
 1400 0013 02       		.uleb128 0x2
 1401 0014 24       		.uleb128 0x24
 1402 0015 00       		.byte	0
 1403 0016 0B       		.uleb128 0xb
 1404 0017 0B       		.uleb128 0xb
 1405 0018 3E       		.uleb128 0x3e
 1406 0019 0B       		.uleb128 0xb
 1407 001a 03       		.uleb128 0x3
 1408 001b 08       		.uleb128 0x8
 1409 001c 00       		.byte	0
 1410 001d 00       		.byte	0
 1411 001e 03       		.uleb128 0x3
 1412 001f 24       		.uleb128 0x24
 1413 0020 00       		.byte	0
 1414 0021 0B       		.uleb128 0xb
 1415 0022 0B       		.uleb128 0xb
 1416 0023 3E       		.uleb128 0x3e
 1417 0024 0B       		.uleb128 0xb
 1418 0025 03       		.uleb128 0x3
 1419 0026 0E       		.uleb128 0xe
 1420 0027 00       		.byte	0
 1421 0028 00       		.byte	0
 1422 0029 04       		.uleb128 0x4
 1423 002a 16       		.uleb128 0x16
 1424 002b 00       		.byte	0
 1425 002c 03       		.uleb128 0x3
ARM GAS  /tmp/ccYcUUw4.s 			page 26


 1426 002d 0E       		.uleb128 0xe
 1427 002e 3A       		.uleb128 0x3a
 1428 002f 0B       		.uleb128 0xb
 1429 0030 3B       		.uleb128 0x3b
 1430 0031 0B       		.uleb128 0xb
 1431 0032 49       		.uleb128 0x49
 1432 0033 13       		.uleb128 0x13
 1433 0034 00       		.byte	0
 1434 0035 00       		.byte	0
 1435 0036 05       		.uleb128 0x5
 1436 0037 35       		.uleb128 0x35
 1437 0038 00       		.byte	0
 1438 0039 49       		.uleb128 0x49
 1439 003a 13       		.uleb128 0x13
 1440 003b 00       		.byte	0
 1441 003c 00       		.byte	0
 1442 003d 06       		.uleb128 0x6
 1443 003e 13       		.uleb128 0x13
 1444 003f 01       		.byte	0x1
 1445 0040 03       		.uleb128 0x3
 1446 0041 0E       		.uleb128 0xe
 1447 0042 0B       		.uleb128 0xb
 1448 0043 0B       		.uleb128 0xb
 1449 0044 3A       		.uleb128 0x3a
 1450 0045 0B       		.uleb128 0xb
 1451 0046 3B       		.uleb128 0x3b
 1452 0047 0B       		.uleb128 0xb
 1453 0048 01       		.uleb128 0x1
 1454 0049 13       		.uleb128 0x13
 1455 004a 00       		.byte	0
 1456 004b 00       		.byte	0
 1457 004c 07       		.uleb128 0x7
 1458 004d 0D       		.uleb128 0xd
 1459 004e 00       		.byte	0
 1460 004f 03       		.uleb128 0x3
 1461 0050 0E       		.uleb128 0xe
 1462 0051 3A       		.uleb128 0x3a
 1463 0052 0B       		.uleb128 0xb
 1464 0053 3B       		.uleb128 0x3b
 1465 0054 0B       		.uleb128 0xb
 1466 0055 49       		.uleb128 0x49
 1467 0056 13       		.uleb128 0x13
 1468 0057 38       		.uleb128 0x38
 1469 0058 0B       		.uleb128 0xb
 1470 0059 00       		.byte	0
 1471 005a 00       		.byte	0
 1472 005b 08       		.uleb128 0x8
 1473 005c 0D       		.uleb128 0xd
 1474 005d 00       		.byte	0
 1475 005e 03       		.uleb128 0x3
 1476 005f 08       		.uleb128 0x8
 1477 0060 3A       		.uleb128 0x3a
 1478 0061 0B       		.uleb128 0xb
 1479 0062 3B       		.uleb128 0x3b
 1480 0063 05       		.uleb128 0x5
 1481 0064 49       		.uleb128 0x49
 1482 0065 13       		.uleb128 0x13
ARM GAS  /tmp/ccYcUUw4.s 			page 27


 1483 0066 38       		.uleb128 0x38
 1484 0067 0B       		.uleb128 0xb
 1485 0068 00       		.byte	0
 1486 0069 00       		.byte	0
 1487 006a 09       		.uleb128 0x9
 1488 006b 0D       		.uleb128 0xd
 1489 006c 00       		.byte	0
 1490 006d 03       		.uleb128 0x3
 1491 006e 0E       		.uleb128 0xe
 1492 006f 3A       		.uleb128 0x3a
 1493 0070 0B       		.uleb128 0xb
 1494 0071 3B       		.uleb128 0x3b
 1495 0072 05       		.uleb128 0x5
 1496 0073 49       		.uleb128 0x49
 1497 0074 13       		.uleb128 0x13
 1498 0075 38       		.uleb128 0x38
 1499 0076 0B       		.uleb128 0xb
 1500 0077 00       		.byte	0
 1501 0078 00       		.byte	0
 1502 0079 0A       		.uleb128 0xa
 1503 007a 0F       		.uleb128 0xf
 1504 007b 00       		.byte	0
 1505 007c 0B       		.uleb128 0xb
 1506 007d 0B       		.uleb128 0xb
 1507 007e 49       		.uleb128 0x49
 1508 007f 13       		.uleb128 0x13
 1509 0080 00       		.byte	0
 1510 0081 00       		.byte	0
 1511 0082 0B       		.uleb128 0xb
 1512 0083 13       		.uleb128 0x13
 1513 0084 01       		.byte	0x1
 1514 0085 03       		.uleb128 0x3
 1515 0086 0E       		.uleb128 0xe
 1516 0087 0B       		.uleb128 0xb
 1517 0088 0B       		.uleb128 0xb
 1518 0089 3A       		.uleb128 0x3a
 1519 008a 0B       		.uleb128 0xb
 1520 008b 3B       		.uleb128 0x3b
 1521 008c 05       		.uleb128 0x5
 1522 008d 01       		.uleb128 0x1
 1523 008e 13       		.uleb128 0x13
 1524 008f 00       		.byte	0
 1525 0090 00       		.byte	0
 1526 0091 0C       		.uleb128 0xc
 1527 0092 15       		.uleb128 0x15
 1528 0093 01       		.byte	0x1
 1529 0094 27       		.uleb128 0x27
 1530 0095 19       		.uleb128 0x19
 1531 0096 01       		.uleb128 0x1
 1532 0097 13       		.uleb128 0x13
 1533 0098 00       		.byte	0
 1534 0099 00       		.byte	0
 1535 009a 0D       		.uleb128 0xd
 1536 009b 05       		.uleb128 0x5
 1537 009c 00       		.byte	0
 1538 009d 49       		.uleb128 0x49
 1539 009e 13       		.uleb128 0x13
ARM GAS  /tmp/ccYcUUw4.s 			page 28


 1540 009f 00       		.byte	0
 1541 00a0 00       		.byte	0
 1542 00a1 0E       		.uleb128 0xe
 1543 00a2 0F       		.uleb128 0xf
 1544 00a3 00       		.byte	0
 1545 00a4 0B       		.uleb128 0xb
 1546 00a5 0B       		.uleb128 0xb
 1547 00a6 00       		.byte	0
 1548 00a7 00       		.byte	0
 1549 00a8 0F       		.uleb128 0xf
 1550 00a9 13       		.uleb128 0x13
 1551 00aa 01       		.byte	0x1
 1552 00ab 03       		.uleb128 0x3
 1553 00ac 0E       		.uleb128 0xe
 1554 00ad 0B       		.uleb128 0xb
 1555 00ae 05       		.uleb128 0x5
 1556 00af 3A       		.uleb128 0x3a
 1557 00b0 0B       		.uleb128 0xb
 1558 00b1 3B       		.uleb128 0x3b
 1559 00b2 05       		.uleb128 0x5
 1560 00b3 01       		.uleb128 0x1
 1561 00b4 13       		.uleb128 0x13
 1562 00b5 00       		.byte	0
 1563 00b6 00       		.byte	0
 1564 00b7 10       		.uleb128 0x10
 1565 00b8 0D       		.uleb128 0xd
 1566 00b9 00       		.byte	0
 1567 00ba 03       		.uleb128 0x3
 1568 00bb 08       		.uleb128 0x8
 1569 00bc 3A       		.uleb128 0x3a
 1570 00bd 0B       		.uleb128 0xb
 1571 00be 3B       		.uleb128 0x3b
 1572 00bf 0B       		.uleb128 0xb
 1573 00c0 49       		.uleb128 0x49
 1574 00c1 13       		.uleb128 0x13
 1575 00c2 38       		.uleb128 0x38
 1576 00c3 0B       		.uleb128 0xb
 1577 00c4 00       		.byte	0
 1578 00c5 00       		.byte	0
 1579 00c6 11       		.uleb128 0x11
 1580 00c7 13       		.uleb128 0x13
 1581 00c8 01       		.byte	0x1
 1582 00c9 0B       		.uleb128 0xb
 1583 00ca 0B       		.uleb128 0xb
 1584 00cb 3A       		.uleb128 0x3a
 1585 00cc 0B       		.uleb128 0xb
 1586 00cd 3B       		.uleb128 0x3b
 1587 00ce 0B       		.uleb128 0xb
 1588 00cf 01       		.uleb128 0x1
 1589 00d0 13       		.uleb128 0x13
 1590 00d1 00       		.byte	0
 1591 00d2 00       		.byte	0
 1592 00d3 12       		.uleb128 0x12
 1593 00d4 17       		.uleb128 0x17
 1594 00d5 01       		.byte	0x1
 1595 00d6 0B       		.uleb128 0xb
 1596 00d7 0B       		.uleb128 0xb
ARM GAS  /tmp/ccYcUUw4.s 			page 29


 1597 00d8 3A       		.uleb128 0x3a
 1598 00d9 0B       		.uleb128 0xb
 1599 00da 3B       		.uleb128 0x3b
 1600 00db 0B       		.uleb128 0xb
 1601 00dc 01       		.uleb128 0x1
 1602 00dd 13       		.uleb128 0x13
 1603 00de 00       		.byte	0
 1604 00df 00       		.byte	0
 1605 00e0 13       		.uleb128 0x13
 1606 00e1 0D       		.uleb128 0xd
 1607 00e2 00       		.byte	0
 1608 00e3 03       		.uleb128 0x3
 1609 00e4 0E       		.uleb128 0xe
 1610 00e5 3A       		.uleb128 0x3a
 1611 00e6 0B       		.uleb128 0xb
 1612 00e7 3B       		.uleb128 0x3b
 1613 00e8 05       		.uleb128 0x5
 1614 00e9 49       		.uleb128 0x49
 1615 00ea 13       		.uleb128 0x13
 1616 00eb 00       		.byte	0
 1617 00ec 00       		.byte	0
 1618 00ed 14       		.uleb128 0x14
 1619 00ee 26       		.uleb128 0x26
 1620 00ef 00       		.byte	0
 1621 00f0 49       		.uleb128 0x49
 1622 00f1 13       		.uleb128 0x13
 1623 00f2 00       		.byte	0
 1624 00f3 00       		.byte	0
 1625 00f4 15       		.uleb128 0x15
 1626 00f5 01       		.uleb128 0x1
 1627 00f6 01       		.byte	0x1
 1628 00f7 49       		.uleb128 0x49
 1629 00f8 13       		.uleb128 0x13
 1630 00f9 01       		.uleb128 0x1
 1631 00fa 13       		.uleb128 0x13
 1632 00fb 00       		.byte	0
 1633 00fc 00       		.byte	0
 1634 00fd 16       		.uleb128 0x16
 1635 00fe 21       		.uleb128 0x21
 1636 00ff 00       		.byte	0
 1637 0100 49       		.uleb128 0x49
 1638 0101 13       		.uleb128 0x13
 1639 0102 2F       		.uleb128 0x2f
 1640 0103 0B       		.uleb128 0xb
 1641 0104 00       		.byte	0
 1642 0105 00       		.byte	0
 1643 0106 17       		.uleb128 0x17
 1644 0107 0D       		.uleb128 0xd
 1645 0108 00       		.byte	0
 1646 0109 03       		.uleb128 0x3
 1647 010a 08       		.uleb128 0x8
 1648 010b 3A       		.uleb128 0x3a
 1649 010c 0B       		.uleb128 0xb
 1650 010d 3B       		.uleb128 0x3b
 1651 010e 0B       		.uleb128 0xb
 1652 010f 49       		.uleb128 0x49
 1653 0110 13       		.uleb128 0x13
ARM GAS  /tmp/ccYcUUw4.s 			page 30


 1654 0111 00       		.byte	0
 1655 0112 00       		.byte	0
 1656 0113 18       		.uleb128 0x18
 1657 0114 16       		.uleb128 0x16
 1658 0115 00       		.byte	0
 1659 0116 03       		.uleb128 0x3
 1660 0117 0E       		.uleb128 0xe
 1661 0118 3A       		.uleb128 0x3a
 1662 0119 0B       		.uleb128 0xb
 1663 011a 3B       		.uleb128 0x3b
 1664 011b 05       		.uleb128 0x5
 1665 011c 49       		.uleb128 0x49
 1666 011d 13       		.uleb128 0x13
 1667 011e 00       		.byte	0
 1668 011f 00       		.byte	0
 1669 0120 19       		.uleb128 0x19
 1670 0121 2E       		.uleb128 0x2e
 1671 0122 01       		.byte	0x1
 1672 0123 3F       		.uleb128 0x3f
 1673 0124 19       		.uleb128 0x19
 1674 0125 03       		.uleb128 0x3
 1675 0126 0E       		.uleb128 0xe
 1676 0127 3A       		.uleb128 0x3a
 1677 0128 0B       		.uleb128 0xb
 1678 0129 3B       		.uleb128 0x3b
 1679 012a 0B       		.uleb128 0xb
 1680 012b 27       		.uleb128 0x27
 1681 012c 19       		.uleb128 0x19
 1682 012d 20       		.uleb128 0x20
 1683 012e 0B       		.uleb128 0xb
 1684 012f 01       		.uleb128 0x1
 1685 0130 13       		.uleb128 0x13
 1686 0131 00       		.byte	0
 1687 0132 00       		.byte	0
 1688 0133 1A       		.uleb128 0x1a
 1689 0134 05       		.uleb128 0x5
 1690 0135 00       		.byte	0
 1691 0136 03       		.uleb128 0x3
 1692 0137 08       		.uleb128 0x8
 1693 0138 3A       		.uleb128 0x3a
 1694 0139 0B       		.uleb128 0xb
 1695 013a 3B       		.uleb128 0x3b
 1696 013b 0B       		.uleb128 0xb
 1697 013c 49       		.uleb128 0x49
 1698 013d 13       		.uleb128 0x13
 1699 013e 00       		.byte	0
 1700 013f 00       		.byte	0
 1701 0140 1B       		.uleb128 0x1b
 1702 0141 05       		.uleb128 0x5
 1703 0142 00       		.byte	0
 1704 0143 03       		.uleb128 0x3
 1705 0144 0E       		.uleb128 0xe
 1706 0145 3A       		.uleb128 0x3a
 1707 0146 0B       		.uleb128 0xb
 1708 0147 3B       		.uleb128 0x3b
 1709 0148 0B       		.uleb128 0xb
 1710 0149 49       		.uleb128 0x49
ARM GAS  /tmp/ccYcUUw4.s 			page 31


 1711 014a 13       		.uleb128 0x13
 1712 014b 00       		.byte	0
 1713 014c 00       		.byte	0
 1714 014d 1C       		.uleb128 0x1c
 1715 014e 2E       		.uleb128 0x2e
 1716 014f 01       		.byte	0x1
 1717 0150 3F       		.uleb128 0x3f
 1718 0151 19       		.uleb128 0x19
 1719 0152 03       		.uleb128 0x3
 1720 0153 0E       		.uleb128 0xe
 1721 0154 3A       		.uleb128 0x3a
 1722 0155 0B       		.uleb128 0xb
 1723 0156 3B       		.uleb128 0x3b
 1724 0157 0B       		.uleb128 0xb
 1725 0158 27       		.uleb128 0x27
 1726 0159 19       		.uleb128 0x19
 1727 015a 11       		.uleb128 0x11
 1728 015b 01       		.uleb128 0x1
 1729 015c 12       		.uleb128 0x12
 1730 015d 06       		.uleb128 0x6
 1731 015e 40       		.uleb128 0x40
 1732 015f 18       		.uleb128 0x18
 1733 0160 9742     		.uleb128 0x2117
 1734 0162 19       		.uleb128 0x19
 1735 0163 01       		.uleb128 0x1
 1736 0164 13       		.uleb128 0x13
 1737 0165 00       		.byte	0
 1738 0166 00       		.byte	0
 1739 0167 1D       		.uleb128 0x1d
 1740 0168 1D       		.uleb128 0x1d
 1741 0169 01       		.byte	0x1
 1742 016a 31       		.uleb128 0x31
 1743 016b 13       		.uleb128 0x13
 1744 016c 52       		.uleb128 0x52
 1745 016d 01       		.uleb128 0x1
 1746 016e 55       		.uleb128 0x55
 1747 016f 17       		.uleb128 0x17
 1748 0170 58       		.uleb128 0x58
 1749 0171 0B       		.uleb128 0xb
 1750 0172 59       		.uleb128 0x59
 1751 0173 0B       		.uleb128 0xb
 1752 0174 01       		.uleb128 0x1
 1753 0175 13       		.uleb128 0x13
 1754 0176 00       		.byte	0
 1755 0177 00       		.byte	0
 1756 0178 1E       		.uleb128 0x1e
 1757 0179 05       		.uleb128 0x5
 1758 017a 00       		.byte	0
 1759 017b 31       		.uleb128 0x31
 1760 017c 13       		.uleb128 0x13
 1761 017d 1C       		.uleb128 0x1c
 1762 017e 0B       		.uleb128 0xb
 1763 017f 00       		.byte	0
 1764 0180 00       		.byte	0
 1765 0181 1F       		.uleb128 0x1f
 1766 0182 0B       		.uleb128 0xb
 1767 0183 01       		.byte	0x1
ARM GAS  /tmp/ccYcUUw4.s 			page 32


 1768 0184 55       		.uleb128 0x55
 1769 0185 17       		.uleb128 0x17
 1770 0186 00       		.byte	0
 1771 0187 00       		.byte	0
 1772 0188 20       		.uleb128 0x20
 1773 0189 898201   		.uleb128 0x4109
 1774 018c 01       		.byte	0x1
 1775 018d 11       		.uleb128 0x11
 1776 018e 01       		.uleb128 0x1
 1777 018f 31       		.uleb128 0x31
 1778 0190 13       		.uleb128 0x13
 1779 0191 01       		.uleb128 0x1
 1780 0192 13       		.uleb128 0x13
 1781 0193 00       		.byte	0
 1782 0194 00       		.byte	0
 1783 0195 21       		.uleb128 0x21
 1784 0196 8A8201   		.uleb128 0x410a
 1785 0199 00       		.byte	0
 1786 019a 02       		.uleb128 0x2
 1787 019b 18       		.uleb128 0x18
 1788 019c 9142     		.uleb128 0x2111
 1789 019e 18       		.uleb128 0x18
 1790 019f 00       		.byte	0
 1791 01a0 00       		.byte	0
 1792 01a1 22       		.uleb128 0x22
 1793 01a2 898201   		.uleb128 0x4109
 1794 01a5 01       		.byte	0x1
 1795 01a6 11       		.uleb128 0x11
 1796 01a7 01       		.uleb128 0x1
 1797 01a8 31       		.uleb128 0x31
 1798 01a9 13       		.uleb128 0x13
 1799 01aa 00       		.byte	0
 1800 01ab 00       		.byte	0
 1801 01ac 23       		.uleb128 0x23
 1802 01ad 2E       		.uleb128 0x2e
 1803 01ae 01       		.byte	0x1
 1804 01af 31       		.uleb128 0x31
 1805 01b0 13       		.uleb128 0x13
 1806 01b1 11       		.uleb128 0x11
 1807 01b2 01       		.uleb128 0x1
 1808 01b3 12       		.uleb128 0x12
 1809 01b4 06       		.uleb128 0x6
 1810 01b5 40       		.uleb128 0x40
 1811 01b6 18       		.uleb128 0x18
 1812 01b7 9742     		.uleb128 0x2117
 1813 01b9 19       		.uleb128 0x19
 1814 01ba 01       		.uleb128 0x1
 1815 01bb 13       		.uleb128 0x13
 1816 01bc 00       		.byte	0
 1817 01bd 00       		.byte	0
 1818 01be 24       		.uleb128 0x24
 1819 01bf 05       		.uleb128 0x5
 1820 01c0 00       		.byte	0
 1821 01c1 31       		.uleb128 0x31
 1822 01c2 13       		.uleb128 0x13
 1823 01c3 02       		.uleb128 0x2
 1824 01c4 18       		.uleb128 0x18
ARM GAS  /tmp/ccYcUUw4.s 			page 33


 1825 01c5 00       		.byte	0
 1826 01c6 00       		.byte	0
 1827 01c7 25       		.uleb128 0x25
 1828 01c8 05       		.uleb128 0x5
 1829 01c9 00       		.byte	0
 1830 01ca 31       		.uleb128 0x31
 1831 01cb 13       		.uleb128 0x13
 1832 01cc 02       		.uleb128 0x2
 1833 01cd 17       		.uleb128 0x17
 1834 01ce 00       		.byte	0
 1835 01cf 00       		.byte	0
 1836 01d0 26       		.uleb128 0x26
 1837 01d1 0B       		.uleb128 0xb
 1838 01d2 01       		.byte	0x1
 1839 01d3 11       		.uleb128 0x11
 1840 01d4 01       		.uleb128 0x1
 1841 01d5 12       		.uleb128 0x12
 1842 01d6 06       		.uleb128 0x6
 1843 01d7 00       		.byte	0
 1844 01d8 00       		.byte	0
 1845 01d9 27       		.uleb128 0x27
 1846 01da 05       		.uleb128 0x5
 1847 01db 00       		.byte	0
 1848 01dc 03       		.uleb128 0x3
 1849 01dd 08       		.uleb128 0x8
 1850 01de 3A       		.uleb128 0x3a
 1851 01df 0B       		.uleb128 0xb
 1852 01e0 3B       		.uleb128 0x3b
 1853 01e1 0B       		.uleb128 0xb
 1854 01e2 49       		.uleb128 0x49
 1855 01e3 13       		.uleb128 0x13
 1856 01e4 02       		.uleb128 0x2
 1857 01e5 18       		.uleb128 0x18
 1858 01e6 00       		.byte	0
 1859 01e7 00       		.byte	0
 1860 01e8 28       		.uleb128 0x28
 1861 01e9 34       		.uleb128 0x34
 1862 01ea 00       		.byte	0
 1863 01eb 03       		.uleb128 0x3
 1864 01ec 0E       		.uleb128 0xe
 1865 01ed 3A       		.uleb128 0x3a
 1866 01ee 0B       		.uleb128 0xb
 1867 01ef 3B       		.uleb128 0x3b
 1868 01f0 05       		.uleb128 0x5
 1869 01f1 49       		.uleb128 0x49
 1870 01f2 13       		.uleb128 0x13
 1871 01f3 3F       		.uleb128 0x3f
 1872 01f4 19       		.uleb128 0x19
 1873 01f5 3C       		.uleb128 0x3c
 1874 01f6 19       		.uleb128 0x19
 1875 01f7 00       		.byte	0
 1876 01f8 00       		.byte	0
 1877 01f9 29       		.uleb128 0x29
 1878 01fa 34       		.uleb128 0x34
 1879 01fb 00       		.byte	0
 1880 01fc 03       		.uleb128 0x3
 1881 01fd 08       		.uleb128 0x8
ARM GAS  /tmp/ccYcUUw4.s 			page 34


 1882 01fe 3A       		.uleb128 0x3a
 1883 01ff 0B       		.uleb128 0xb
 1884 0200 3B       		.uleb128 0x3b
 1885 0201 05       		.uleb128 0x5
 1886 0202 49       		.uleb128 0x49
 1887 0203 13       		.uleb128 0x13
 1888 0204 3F       		.uleb128 0x3f
 1889 0205 19       		.uleb128 0x19
 1890 0206 3C       		.uleb128 0x3c
 1891 0207 19       		.uleb128 0x19
 1892 0208 00       		.byte	0
 1893 0209 00       		.byte	0
 1894 020a 2A       		.uleb128 0x2a
 1895 020b 2E       		.uleb128 0x2e
 1896 020c 01       		.byte	0x1
 1897 020d 3F       		.uleb128 0x3f
 1898 020e 19       		.uleb128 0x19
 1899 020f 03       		.uleb128 0x3
 1900 0210 0E       		.uleb128 0xe
 1901 0211 3A       		.uleb128 0x3a
 1902 0212 0B       		.uleb128 0xb
 1903 0213 3B       		.uleb128 0x3b
 1904 0214 05       		.uleb128 0x5
 1905 0215 27       		.uleb128 0x27
 1906 0216 19       		.uleb128 0x19
 1907 0217 3C       		.uleb128 0x3c
 1908 0218 19       		.uleb128 0x19
 1909 0219 00       		.byte	0
 1910 021a 00       		.byte	0
 1911 021b 00       		.byte	0
 1912              		.section	.debug_loc,"",%progbits
 1913              	.Ldebug_loc0:
 1914              	.LLST0:
 1915 0000 00000000 		.4byte	.LVL3
 1916 0004 0A000000 		.4byte	.LVL4
 1917 0008 0100     		.2byte	0x1
 1918 000a 51       		.byte	0x51
 1919 000b 0A000000 		.4byte	.LVL4
 1920 000f 1C000000 		.4byte	.LVL5
 1921 0013 0400     		.2byte	0x4
 1922 0015 F3       		.byte	0xf3
 1923 0016 01       		.uleb128 0x1
 1924 0017 51       		.byte	0x51
 1925 0018 9F       		.byte	0x9f
 1926 0019 1C000000 		.4byte	.LVL5
 1927 001d 22000000 		.4byte	.LVL7
 1928 0021 0100     		.2byte	0x1
 1929 0023 51       		.byte	0x51
 1930 0024 22000000 		.4byte	.LVL7
 1931 0028 38000000 		.4byte	.LFE257
 1932 002c 0400     		.2byte	0x4
 1933 002e F3       		.byte	0xf3
 1934 002f 01       		.uleb128 0x1
 1935 0030 51       		.byte	0x51
 1936 0031 9F       		.byte	0x9f
 1937 0032 00000000 		.4byte	0
 1938 0036 00000000 		.4byte	0
ARM GAS  /tmp/ccYcUUw4.s 			page 35


 1939              	.LLST1:
 1940 003a 1E000000 		.4byte	.LVL6
 1941 003e 22000000 		.4byte	.LVL7
 1942 0042 0100     		.2byte	0x1
 1943 0044 51       		.byte	0x51
 1944 0045 22000000 		.4byte	.LVL7
 1945 0049 38000000 		.4byte	.LFE257
 1946 004d 0400     		.2byte	0x4
 1947 004f F3       		.byte	0xf3
 1948 0050 01       		.uleb128 0x1
 1949 0051 51       		.byte	0x51
 1950 0052 9F       		.byte	0x9f
 1951 0053 00000000 		.4byte	0
 1952 0057 00000000 		.4byte	0
 1953              		.section	.debug_aranges,"",%progbits
 1954 0000 2C000000 		.4byte	0x2c
 1955 0004 0200     		.2byte	0x2
 1956 0006 00000000 		.4byte	.Ldebug_info0
 1957 000a 04       		.byte	0x4
 1958 000b 00       		.byte	0
 1959 000c 0000     		.2byte	0
 1960 000e 0000     		.2byte	0
 1961 0010 00000000 		.4byte	.LFB256
 1962 0014 2C000000 		.4byte	.LFE256-.LFB256
 1963 0018 00000000 		.4byte	.LFB257
 1964 001c 38000000 		.4byte	.LFE257-.LFB257
 1965 0020 00000000 		.4byte	.LFB258
 1966 0024 24000000 		.4byte	.LFE258-.LFB258
 1967 0028 00000000 		.4byte	0
 1968 002c 00000000 		.4byte	0
 1969              		.section	.debug_ranges,"",%progbits
 1970              	.Ldebug_ranges0:
 1971 0000 18000000 		.4byte	.LBB8
 1972 0004 1C000000 		.4byte	.LBE8
 1973 0008 20000000 		.4byte	.LBB16
 1974 000c 22000000 		.4byte	.LBE16
 1975 0010 00000000 		.4byte	0
 1976 0014 00000000 		.4byte	0
 1977 0018 1C000000 		.4byte	.LBB13
 1978 001c 20000000 		.4byte	.LBE13
 1979 0020 22000000 		.4byte	.LBB17
 1980 0024 2C000000 		.4byte	.LBE17
 1981 0028 00000000 		.4byte	0
 1982 002c 00000000 		.4byte	0
 1983 0030 00000000 		.4byte	.LFB256
 1984 0034 2C000000 		.4byte	.LFE256
 1985 0038 00000000 		.4byte	.LFB257
 1986 003c 38000000 		.4byte	.LFE257
 1987 0040 00000000 		.4byte	.LFB258
 1988 0044 24000000 		.4byte	.LFE258
 1989 0048 00000000 		.4byte	0
 1990 004c 00000000 		.4byte	0
 1991              		.section	.debug_line,"",%progbits
 1992              	.Ldebug_line0:
 1993 0000 FC010000 		.section	.debug_str,"MS",%progbits,1
 1993      0200BA01 
 1993      00000201 
ARM GAS  /tmp/ccYcUUw4.s 			page 36


 1993      FB0E0D00 
 1993      01010101 
 1994              	.LASF55:
 1995 0000 72656164 		.ascii	"ready_list_t\000"
 1995      795F6C69 
 1995      73745F74 
 1995      00
 1996              	.LASF93:
 1997 000d 77747472 		.ascii	"wttrp\000"
 1997      7000
 1998              	.LASF90:
 1999 0013 7264796D 		.ascii	"rdymsg\000"
 1999      736700
 2000              	.LASF18:
 2001 001a 75696E74 		.ascii	"uint64_t\000"
 2001      36345F74 
 2001      00
 2002              	.LASF4:
 2003 0023 5F5F7569 		.ascii	"__uint8_t\000"
 2003      6E74385F 
 2003      7400
 2004              	.LASF109:
 2005 002d 4F545950 		.ascii	"OTYPER\000"
 2005      455200
 2006              	.LASF87:
 2007 0034 706F7274 		.ascii	"port_intctx\000"
 2007      5F696E74 
 2007      63747800 
 2008              	.LASF74:
 2009 0040 73797374 		.ascii	"system_debug_t\000"
 2009      656D5F64 
 2009      65627567 
 2009      5F7400
 2010              	.LASF117:
 2011 004f 696F706F 		.ascii	"ioportmask_t\000"
 2011      72746D61 
 2011      736B5F74 
 2011      00
 2012              	.LASF108:
 2013 005c 4D4F4445 		.ascii	"MODER\000"
 2013      5200
 2014              	.LASF13:
 2015 0062 6C6F6E67 		.ascii	"long long unsigned int\000"
 2015      206C6F6E 
 2015      6720756E 
 2015      7369676E 
 2015      65642069 
 2016              	.LASF111:
 2017 0079 50555044 		.ascii	"PUPDR\000"
 2017      5200
 2018              	.LASF91:
 2019 007f 65786974 		.ascii	"exitcode\000"
 2019      636F6465 
 2019      00
 2020              	.LASF81:
 2021 0088 6D61696E 		.ascii	"mainthread\000"
 2021      74687265 
ARM GAS  /tmp/ccYcUUw4.s 			page 37


 2021      616400
 2022              	.LASF71:
 2023 0093 76697274 		.ascii	"virtual_timers_list_t\000"
 2023      75616C5F 
 2023      74696D65 
 2023      72735F6C 
 2023      6973745F 
 2024              	.LASF123:
 2025 00a9 49544D5F 		.ascii	"ITM_RxBuffer\000"
 2025      52784275 
 2025      66666572 
 2025      00
 2026              	.LASF54:
 2027 00b6 63685F74 		.ascii	"ch_threads_queue\000"
 2027      68726561 
 2027      64735F71 
 2027      75657565 
 2027      00
 2028              	.LASF32:
 2029 00c7 705F7072 		.ascii	"p_prio\000"
 2029      696F00
 2030              	.LASF11:
 2031 00ce 6C6F6E67 		.ascii	"long long int\000"
 2031      206C6F6E 
 2031      6720696E 
 2031      7400
 2032              	.LASF1:
 2033 00dc 7369676E 		.ascii	"signed char\000"
 2033      65642063 
 2033      68617200 
 2034              	.LASF112:
 2035 00e8 42535252 		.ascii	"BSRR\000"
 2035      00
 2036              	.LASF48:
 2037 00ed 705F6D70 		.ascii	"p_mpool\000"
 2037      6F6F6C00 
 2038              	.LASF101:
 2039 00f5 6D5F7175 		.ascii	"m_queue\000"
 2039      65756500 
 2040              	.LASF80:
 2041 00fd 76746C69 		.ascii	"vtlist\000"
 2041      737400
 2042              	.LASF23:
 2043 0104 74736C69 		.ascii	"tslices_t\000"
 2043      6365735F 
 2043      7400
 2044              	.LASF120:
 2045 010e 73746174 		.ascii	"state\000"
 2045      6500
 2046              	.LASF78:
 2047 0114 63685F73 		.ascii	"ch_system\000"
 2047      79737465 
 2047      6D00
 2048              	.LASF8:
 2049 011e 6C6F6E67 		.ascii	"long int\000"
 2049      20696E74 
 2049      00
ARM GAS  /tmp/ccYcUUw4.s 			page 38


 2050              	.LASF21:
 2051 0127 74737461 		.ascii	"tstate_t\000"
 2051      74655F74 
 2051      00
 2052              	.LASF34:
 2053 0130 705F6E65 		.ascii	"p_newer\000"
 2053      77657200 
 2054              	.LASF98:
 2055 0138 735F7175 		.ascii	"s_queue\000"
 2055      65756500 
 2056              	.LASF110:
 2057 0140 4F535045 		.ascii	"OSPEEDR\000"
 2057      45445200 
 2058              	.LASF60:
 2059 0148 725F6E65 		.ascii	"r_newer\000"
 2059      77657200 
 2060              	.LASF84:
 2061 0150 72656761 		.ascii	"regarm_t\000"
 2061      726D5F74 
 2061      00
 2062              	.LASF67:
 2063 0159 76745F70 		.ascii	"vt_prev\000"
 2063      72657600 
 2064              	.LASF116:
 2065 0161 73746D33 		.ascii	"stm32_gpio_t\000"
 2065      325F6770 
 2065      696F5F74 
 2065      00
 2066              	.LASF105:
 2067 016e 6D757465 		.ascii	"mutex_t\000"
 2067      785F7400 
 2068              	.LASF82:
 2069 0176 69646C65 		.ascii	"idle_thread_wa\000"
 2069      5F746872 
 2069      6561645F 
 2069      776100
 2070              	.LASF27:
 2071 0185 636E745F 		.ascii	"cnt_t\000"
 2071      7400
 2072              	.LASF0:
 2073 018b 756E7369 		.ascii	"unsigned int\000"
 2073      676E6564 
 2073      20696E74 
 2073      00
 2074              	.LASF66:
 2075 0198 76745F6E 		.ascii	"vt_next\000"
 2075      65787400 
 2076              	.LASF15:
 2077 01a0 75696E74 		.ascii	"uint16_t\000"
 2077      31365F74 
 2077      00
 2078              	.LASF41:
 2079 01a9 705F7469 		.ascii	"p_time\000"
 2079      6D6500
 2080              	.LASF94:
 2081 01b0 77747365 		.ascii	"wtsemp\000"
 2081      6D7000
ARM GAS  /tmp/ccYcUUw4.s 			page 39


 2082              	.LASF68:
 2083 01b7 76745F64 		.ascii	"vt_delta\000"
 2083      656C7461 
 2083      00
 2084              	.LASF43:
 2085 01c0 705F6D73 		.ascii	"p_msgqueue\000"
 2085      67717565 
 2085      756500
 2086              	.LASF113:
 2087 01cb 4C434B52 		.ascii	"LCKR\000"
 2087      00
 2088              	.LASF125:
 2089 01d0 6C65642E 		.ascii	"led.c\000"
 2089      6300
 2090              	.LASF99:
 2091 01d6 735F636E 		.ascii	"s_cnt\000"
 2091      7400
 2092              	.LASF6:
 2093 01dc 73686F72 		.ascii	"short unsigned int\000"
 2093      7420756E 
 2093      7369676E 
 2093      65642069 
 2093      6E7400
 2094              	.LASF51:
 2095 01ef 63685F74 		.ascii	"ch_thread\000"
 2095      68726561 
 2095      6400
 2096              	.LASF25:
 2097 01f9 6D73675F 		.ascii	"msg_t\000"
 2097      7400
 2098              	.LASF77:
 2099 01ff 63685F73 		.ascii	"ch_system_t\000"
 2099      79737465 
 2099      6D5F7400 
 2100              	.LASF20:
 2101 020b 746D6F64 		.ascii	"tmode_t\000"
 2101      655F7400 
 2102              	.LASF56:
 2103 0213 63685F72 		.ascii	"ch_ready_list\000"
 2103      65616479 
 2103      5F6C6973 
 2103      7400
 2104              	.LASF26:
 2105 0221 6576656E 		.ascii	"eventmask_t\000"
 2105      746D6173 
 2105      6B5F7400 
 2106              	.LASF7:
 2107 022d 5F5F696E 		.ascii	"__int32_t\000"
 2107      7433325F 
 2107      7400
 2108              	.LASF85:
 2109 0237 73746B61 		.ascii	"stkalign_t\000"
 2109      6C69676E 
 2109      5F7400
 2110              	.LASF50:
 2111 0242 74687265 		.ascii	"threads_list_t\000"
 2111      6164735F 
ARM GAS  /tmp/ccYcUUw4.s 			page 40


 2111      6C697374 
 2111      5F7400
 2112              	.LASF42:
 2113 0251 705F7761 		.ascii	"p_waiting\000"
 2113      6974696E 
 2113      6700
 2114              	.LASF83:
 2115 025b 73697A65 		.ascii	"sizetype\000"
 2115      74797065 
 2115      00
 2116              	.LASF49:
 2117 0264 74687265 		.ascii	"thread_reference_t\000"
 2117      61645F72 
 2117      65666572 
 2117      656E6365 
 2117      5F7400
 2118              	.LASF72:
 2119 0277 63685F76 		.ascii	"ch_virtual_timers_list\000"
 2119      69727475 
 2119      616C5F74 
 2119      696D6572 
 2119      735F6C69 
 2120              	.LASF107:
 2121 028e 636C6561 		.ascii	"clear\000"
 2121      7200
 2122              	.LASF35:
 2123 0294 705F6F6C 		.ascii	"p_older\000"
 2123      64657200 
 2124              	.LASF59:
 2125 029c 725F6374 		.ascii	"r_ctx\000"
 2125      7800
 2126              	.LASF89:
 2127 02a2 746D5F63 		.ascii	"tm_calibration_t\000"
 2127      616C6962 
 2127      72617469 
 2127      6F6E5F74 
 2127      00
 2128              	.LASF62:
 2129 02b3 725F6375 		.ascii	"r_current\000"
 2129      7272656E 
 2129      7400
 2130              	.LASF61:
 2131 02bd 725F6F6C 		.ascii	"r_older\000"
 2131      64657200 
 2132              	.LASF122:
 2133 02c5 6C65645F 		.ascii	"led_toggle\000"
 2133      746F6767 
 2133      6C6500
 2134              	.LASF12:
 2135 02d0 5F5F7569 		.ascii	"__uint64_t\000"
 2135      6E743634 
 2135      5F7400
 2136              	.LASF115:
 2137 02db 41465248 		.ascii	"AFRH\000"
 2137      00
 2138              	.LASF114:
 2139 02e0 4146524C 		.ascii	"AFRL\000"
ARM GAS  /tmp/ccYcUUw4.s 			page 41


 2139      00
 2140              	.LASF22:
 2141 02e5 74726566 		.ascii	"trefs_t\000"
 2141      735F7400 
 2142              	.LASF64:
 2143 02ed 76697274 		.ascii	"virtual_timer_t\000"
 2143      75616C5F 
 2143      74696D65 
 2143      725F7400 
 2144              	.LASF31:
 2145 02fd 705F7072 		.ascii	"p_prev\000"
 2145      657600
 2146              	.LASF24:
 2147 0304 74707269 		.ascii	"tprio_t\000"
 2147      6F5F7400 
 2148              	.LASF126:
 2149 030c 2F686F6D 		.ascii	"/home/benjamin/Skrivbord/SP-RCCar/Embedded/Mote/\000"
 2149      652F6265 
 2149      6E6A616D 
 2149      696E2F53 
 2149      6B726976 
 2150              	.LASF75:
 2151 033d 63685F73 		.ascii	"ch_system_debug\000"
 2151      79737465 
 2151      6D5F6465 
 2151      62756700 
 2152              	.LASF106:
 2153 034d 5F426F6F 		.ascii	"_Bool\000"
 2153      6C00
 2154              	.LASF16:
 2155 0353 696E7433 		.ascii	"int32_t\000"
 2155      325F7400 
 2156              	.LASF2:
 2157 035b 756E7369 		.ascii	"unsigned char\000"
 2157      676E6564 
 2157      20636861 
 2157      7200
 2158              	.LASF46:
 2159 0369 705F6D74 		.ascii	"p_mtxlist\000"
 2159      786C6973 
 2159      7400
 2160              	.LASF3:
 2161 0373 73686F72 		.ascii	"short int\000"
 2161      7420696E 
 2161      7400
 2162              	.LASF37:
 2163 037d 705F7374 		.ascii	"p_state\000"
 2163      61746500 
 2164              	.LASF40:
 2165 0385 705F7072 		.ascii	"p_preempt\000"
 2165      65656D70 
 2165      7400
 2166              	.LASF58:
 2167 038f 725F7072 		.ascii	"r_prio\000"
 2167      696F00
 2168              	.LASF96:
 2169 0396 65776D61 		.ascii	"ewmask\000"
ARM GAS  /tmp/ccYcUUw4.s 			page 42


 2169      736B00
 2170              	.LASF30:
 2171 039d 705F6E65 		.ascii	"p_next\000"
 2171      787400
 2172              	.LASF38:
 2173 03a4 705F666C 		.ascii	"p_flags\000"
 2173      61677300 
 2174              	.LASF65:
 2175 03ac 63685F76 		.ascii	"ch_virtual_timer\000"
 2175      69727475 
 2175      616C5F74 
 2175      696D6572 
 2175      00
 2176              	.LASF97:
 2177 03bd 63685F73 		.ascii	"ch_semaphore\000"
 2177      656D6170 
 2177      686F7265 
 2177      00
 2178              	.LASF45:
 2179 03ca 705F6570 		.ascii	"p_epending\000"
 2179      656E6469 
 2179      6E6700
 2180              	.LASF17:
 2181 03d5 75696E74 		.ascii	"uint32_t\000"
 2181      33325F74 
 2181      00
 2182              	.LASF95:
 2183 03de 77746D74 		.ascii	"wtmtxp\000"
 2183      787000
 2184              	.LASF57:
 2185 03e5 725F7175 		.ascii	"r_queue\000"
 2185      65756500 
 2186              	.LASF52:
 2187 03ed 63685F74 		.ascii	"ch_threads_list\000"
 2187      68726561 
 2187      64735F6C 
 2187      69737400 
 2188              	.LASF10:
 2189 03fd 6C6F6E67 		.ascii	"long unsigned int\000"
 2189      20756E73 
 2189      69676E65 
 2189      6420696E 
 2189      7400
 2190              	.LASF104:
 2191 040f 63686172 		.ascii	"char\000"
 2191      00
 2192              	.LASF5:
 2193 0414 5F5F7569 		.ascii	"__uint16_t\000"
 2193      6E743136 
 2193      5F7400
 2194              	.LASF124:
 2195 041f 474E5520 		.ascii	"GNU C 4.9.3 20150529 (release) [ARM/embedded-4_9-br"
 2195      4320342E 
 2195      392E3320 
 2195      32303135 
 2195      30353239 
 2196 0452 616E6368 		.ascii	"anch revision 227977] -mcpu=cortex-m4 -mfloat-abi=h"
ARM GAS  /tmp/ccYcUUw4.s 			page 43


 2196      20726576 
 2196      6973696F 
 2196      6E203232 
 2196      37393737 
 2197 0485 61726420 		.ascii	"ard -mfpu=fpv4-sp-d16 -mno-thumb-interwork -mthumb "
 2197      2D6D6670 
 2197      753D6670 
 2197      76342D73 
 2197      702D6431 
 2198 04b8 2D676764 		.ascii	"-ggdb -O2 -std=gnu99 -fomit-frame-pointer -falign-f"
 2198      62202D4F 
 2198      32202D73 
 2198      74643D67 
 2198      6E753939 
 2199 04eb 756E6374 		.ascii	"unctions=16 -ffunction-sections -fdata-sections -fn"
 2199      696F6E73 
 2199      3D313620 
 2199      2D666675 
 2199      6E637469 
 2200 051e 6F2D636F 		.ascii	"o-common -fsingle-precision-constant\000"
 2200      6D6D6F6E 
 2200      202D6673 
 2200      696E676C 
 2200      652D7072 
 2201              	.LASF103:
 2202 0543 6D5F6E65 		.ascii	"m_next\000"
 2202      787400
 2203              	.LASF28:
 2204 054a 73797374 		.ascii	"systime_t\000"
 2204      696D655F 
 2204      7400
 2205              	.LASF47:
 2206 0554 705F7265 		.ascii	"p_realprio\000"
 2206      616C7072 
 2206      696F00
 2207              	.LASF63:
 2208 055f 76746675 		.ascii	"vtfunc_t\000"
 2208      6E635F74 
 2208      00
 2209              	.LASF9:
 2210 0568 5F5F7569 		.ascii	"__uint32_t\000"
 2210      6E743332 
 2210      5F7400
 2211              	.LASF76:
 2212 0573 70616E69 		.ascii	"panic_msg\000"
 2212      635F6D73 
 2212      6700
 2213              	.LASF88:
 2214 057d 6F666673 		.ascii	"offset\000"
 2214      657400
 2215              	.LASF119:
 2216 0584 696F706F 		.ascii	"ioportid_t\000"
 2216      72746964 
 2216      5F7400
 2217              	.LASF86:
 2218 058f 636F6E74 		.ascii	"context\000"
 2218      65787400 
ARM GAS  /tmp/ccYcUUw4.s 			page 44


 2219              	.LASF128:
 2220 0597 5F70616C 		.ascii	"_pal_lld_setgroupmode\000"
 2220      5F6C6C64 
 2220      5F736574 
 2220      67726F75 
 2220      706D6F64 
 2221              	.LASF19:
 2222 05ad 7274636E 		.ascii	"rtcnt_t\000"
 2222      745F7400 
 2223              	.LASF70:
 2224 05b5 76745F70 		.ascii	"vt_par\000"
 2224      617200
 2225              	.LASF53:
 2226 05bc 74687265 		.ascii	"threads_queue_t\000"
 2226      6164735F 
 2226      71756575 
 2226      655F7400 
 2227              	.LASF100:
 2228 05cc 63685F6D 		.ascii	"ch_mutex\000"
 2228      75746578 
 2228      00
 2229              	.LASF39:
 2230 05d5 705F7265 		.ascii	"p_refs\000"
 2230      667300
 2231              	.LASF29:
 2232 05dc 74687265 		.ascii	"thread_t\000"
 2232      61645F74 
 2232      00
 2233              	.LASF79:
 2234 05e5 726C6973 		.ascii	"rlist\000"
 2234      7400
 2235              	.LASF14:
 2236 05eb 75696E74 		.ascii	"uint8_t\000"
 2236      385F7400 
 2237              	.LASF92:
 2238 05f3 77746F62 		.ascii	"wtobjp\000"
 2238      6A7000
 2239              	.LASF127:
 2240 05fa 6C65645F 		.ascii	"led_write\000"
 2240      77726974 
 2240      6500
 2241              	.LASF36:
 2242 0604 705F6E61 		.ascii	"p_name\000"
 2242      6D6500
 2243              	.LASF73:
 2244 060b 76745F73 		.ascii	"vt_systime\000"
 2244      79737469 
 2244      6D6500
 2245              	.LASF44:
 2246 0616 705F6D73 		.ascii	"p_msg\000"
 2246      6700
 2247              	.LASF118:
 2248 061c 696F6D6F 		.ascii	"iomode_t\000"
 2248      64655F74 
 2248      00
 2249              	.LASF102:
 2250 0625 6D5F6F77 		.ascii	"m_owner\000"
ARM GAS  /tmp/ccYcUUw4.s 			page 45


 2250      6E657200 
 2251              	.LASF33:
 2252 062d 705F6374 		.ascii	"p_ctx\000"
 2252      7800
 2253              	.LASF69:
 2254 0633 76745F66 		.ascii	"vt_func\000"
 2254      756E6300 
 2255              	.LASF121:
 2256 063b 6C65645F 		.ascii	"led_init\000"
 2256      696E6974 
 2256      00
 2257              		.ident	"GCC: (GNU Tools for ARM Embedded Processors) 4.9.3 20150529 (release) [ARM/embedded-4_9-br
ARM GAS  /tmp/ccYcUUw4.s 			page 46


DEFINED SYMBOLS
                            *ABS*:0000000000000000 led.c
     /tmp/ccYcUUw4.s:21     .text.led_init:0000000000000000 $t
     /tmp/ccYcUUw4.s:27     .text.led_init:0000000000000000 led_init
     /tmp/ccYcUUw4.s:82     .text.led_init:0000000000000028 $d
     /tmp/ccYcUUw4.s:89     .text.led_write:0000000000000000 $t
     /tmp/ccYcUUw4.s:95     .text.led_write:0000000000000000 led_write
     /tmp/ccYcUUw4.s:137    .text.led_write:0000000000000034 $d
     /tmp/ccYcUUw4.s:144    .text.led_toggle:0000000000000000 $t
     /tmp/ccYcUUw4.s:150    .text.led_toggle:0000000000000000 led_toggle
     /tmp/ccYcUUw4.s:181    .text.led_toggle:0000000000000020 $d
                     .debug_frame:0000000000000010 $d

UNDEFINED SYMBOLS
_pal_lld_setgroupmode
