ARM GAS  /tmp/ccsqi33F.s 			page 1


   1              		.syntax unified
   2              		.cpu cortex-m4
   3              		.eabi_attribute 27, 1
   4              		.eabi_attribute 28, 1
   5              		.fpu fpv4-sp-d16
   6              		.eabi_attribute 20, 1
   7              		.eabi_attribute 21, 1
   8              		.eabi_attribute 23, 3
   9              		.eabi_attribute 24, 1
  10              		.eabi_attribute 25, 1
  11              		.eabi_attribute 26, 1
  12              		.eabi_attribute 30, 2
  13              		.eabi_attribute 34, 1
  14              		.eabi_attribute 18, 4
  15              		.thumb
  16              		.file	"packet.c"
  17              		.text
  18              	.Ltext0:
  19              		.cfi_sections	.debug_frame
  20              		.section	.text.packet_init,"ax",%progbits
  21              		.align	2
  22              		.p2align 4,,15
  23              		.global	packet_init
  24              		.thumb
  25              		.thumb_func
  26              		.type	packet_init, %function
  27              	packet_init:
  28              	.LFB0:
  29              		.file 1 "packet.c"
  30              		.loc 1 45 0
  31              		.cfi_startproc
  32              		@ args = 0, pretend = 0, frame = 0
  33              		@ frame_needed = 0, uses_anonymous_args = 0
  34              		@ link register save eliminated.
  35              	.LVL0:
  36              		.loc 1 46 0
  37 0000 034B     		ldr	r3, .L2
  38 0002 02EB8212 		add	r2, r2, r2, lsl #6
  39              	.LVL1:
  40 0006 03EB4212 		add	r2, r3, r2, lsl #5
  41 000a 5060     		str	r0, [r2, #4]
  42              		.loc 1 47 0
  43 000c 9160     		str	r1, [r2, #8]
  44 000e 7047     		bx	lr
  45              	.L3:
  46              		.align	2
  47              	.L2:
  48 0010 00000000 		.word	.LANCHOR0
  49              		.cfi_endproc
  50              	.LFE0:
  51              		.size	packet_init, .-packet_init
  52              		.section	.text.packet_send_packet,"ax",%progbits
  53              		.align	2
  54              		.p2align 4,,15
  55              		.global	packet_send_packet
  56              		.thumb
  57              		.thumb_func
ARM GAS  /tmp/ccsqi33F.s 			page 2


  58              		.type	packet_send_packet, %function
  59              	packet_send_packet:
  60              	.LFB1:
  61              		.loc 1 50 0
  62              		.cfi_startproc
  63              		@ args = 0, pretend = 0, frame = 0
  64              		@ frame_needed = 0, uses_anonymous_args = 0
  65              	.LVL2:
  66              		.loc 1 51 0
  67 0000 B1F5806F 		cmp	r1, #1024
  68              		.loc 1 50 0
  69 0004 2DE9F047 		push	{r4, r5, r6, r7, r8, r9, r10, lr}
  70              		.cfi_def_cfa_offset 32
  71              		.cfi_offset 4, -32
  72              		.cfi_offset 5, -28
  73              		.cfi_offset 6, -24
  74              		.cfi_offset 7, -20
  75              		.cfi_offset 8, -16
  76              		.cfi_offset 9, -12
  77              		.cfi_offset 10, -8
  78              		.cfi_offset 14, -4
  79              		.loc 1 50 0
  80 0008 0C46     		mov	r4, r1
  81              		.loc 1 51 0
  82 000a 31D8     		bhi	.L4
  83              		.loc 1 58 0
  84 000c 9501     		lsls	r5, r2, #6
  85 000e DFF87080 		ldr	r8, .L16
  86 0012 AB18     		adds	r3, r5, r2
  87              		.loc 1 57 0
  88 0014 B1F5807F 		cmp	r1, #256
  89 0018 8146     		mov	r9, r0
  90              	.LVL3:
  91              		.loc 1 58 0
  92 001a 08EB4313 		add	r3, r8, r3, lsl #5
  93              		.loc 1 57 0
  94 001e 29D9     		bls	.L15
  95              	.LVL4:
  96              		.loc 1 62 0
  97 0020 080A     		lsrs	r0, r1, #8
  98              	.LVL5:
  99              		.loc 1 61 0
 100 0022 0326     		movs	r6, #3
 101              		.loc 1 63 0
 102 0024 83F81214 		strb	r1, [r3, #1042]
 103              		.loc 1 62 0
 104 0028 83F81104 		strb	r0, [r3, #1041]
 105              		.loc 1 61 0
 106 002c 83F81064 		strb	r6, [r3, #1040]
 107              	.LVL6:
 108              	.L8:
 109              		.loc 1 66 0
 110 0030 2A44     		add	r2, r2, r5
 111              	.LVL7:
 112 0032 5501     		lsls	r5, r2, #5
 113 0034 05F58267 		add	r7, r5, #1040
 114 0038 4744     		add	r7, r7, r8
ARM GAS  /tmp/ccsqi33F.s 			page 3


 115 003a 2246     		mov	r2, r4
 116 003c 4946     		mov	r1, r9
 117              	.LVL8:
 118 003e B819     		adds	r0, r7, r6
 119 0040 FFF7FEFF 		bl	memcpy
 120              	.LVL9:
 121              		.loc 1 69 0
 122 0044 2146     		mov	r1, r4
 123 0046 4846     		mov	r0, r9
 124 0048 FFF7FEFF 		bl	crc16
 125              	.LVL10:
 126              		.loc 1 70 0
 127 004c 4544     		add	r5, r5, r8
 128              		.loc 1 67 0
 129 004e 3444     		add	r4, r4, r6
 130              	.LVL11:
 131              		.loc 1 70 0
 132 0050 2B19     		adds	r3, r5, r4
 133              		.loc 1 74 0
 134 0052 6A68     		ldr	r2, [r5, #4]
 135              		.loc 1 71 0
 136 0054 83F81104 		strb	r0, [r3, #1041]
 137              		.loc 1 72 0
 138 0058 0325     		movs	r5, #3
 139              		.loc 1 70 0
 140 005a 000A     		lsrs	r0, r0, #8
 141              	.LVL12:
 142 005c 83F81004 		strb	r0, [r3, #1040]
 143              	.LVL13:
 144              		.loc 1 72 0
 145 0060 6119     		adds	r1, r4, r5
 146              	.LVL14:
 147 0062 83F81254 		strb	r5, [r3, #1042]
 148              		.loc 1 74 0
 149 0066 1AB1     		cbz	r2, .L4
 150              		.loc 1 75 0
 151 0068 3846     		mov	r0, r7
 152              		.loc 1 77 0
 153 006a BDE8F047 		pop	{r4, r5, r6, r7, r8, r9, r10, lr}
 154              		.cfi_remember_state
 155              		.cfi_restore 14
 156              		.cfi_restore 10
 157              		.cfi_restore 9
 158              		.cfi_restore 8
 159              		.cfi_restore 7
 160              		.cfi_restore 6
 161              		.cfi_restore 5
 162              		.cfi_restore 4
 163              		.cfi_def_cfa_offset 0
 164              	.LVL15:
 165              		.loc 1 75 0
 166 006e 1047     		bx	r2	@ indirect register sibling call
 167              	.LVL16:
 168              	.L4:
 169              		.cfi_restore_state
 170 0070 BDE8F087 		pop	{r4, r5, r6, r7, r8, r9, r10, pc}
 171              	.LVL17:
ARM GAS  /tmp/ccsqi33F.s 			page 4


 172              	.L15:
 173              		.loc 1 58 0
 174 0074 0226     		movs	r6, #2
 175              		.loc 1 59 0
 176 0076 83F81114 		strb	r1, [r3, #1041]
 177              		.loc 1 58 0
 178 007a 83F81064 		strb	r6, [r3, #1040]
 179              	.LVL18:
 180 007e D7E7     		b	.L8
 181              	.L17:
 182              		.align	2
 183              	.L16:
 184 0080 00000000 		.word	.LANCHOR0
 185              		.cfi_endproc
 186              	.LFE1:
 187              		.size	packet_send_packet, .-packet_send_packet
 188              		.section	.text.packet_timerfunc,"ax",%progbits
 189              		.align	2
 190              		.p2align 4,,15
 191              		.global	packet_timerfunc
 192              		.thumb
 193              		.thumb_func
 194              		.type	packet_timerfunc, %function
 195              	packet_timerfunc:
 196              	.LFB2:
 197              		.loc 1 82 0
 198              		.cfi_startproc
 199              		@ args = 0, pretend = 0, frame = 0
 200              		@ frame_needed = 0, uses_anonymous_args = 0
 201              		@ link register save eliminated.
 202              	.LVL19:
 203              	.LBB2:
 204              		.loc 1 84 0
 205 0000 054B     		ldr	r3, .L21
 206 0002 5A78     		ldrb	r2, [r3, #1]	@ zero_extendqisi2
 207 0004 02F0FF01 		and	r1, r2, #255
 208 0008 0AB9     		cbnz	r2, .L19
 209              		.loc 1 87 0
 210 000a 1970     		strb	r1, [r3]
 211 000c 7047     		bx	lr
 212              	.L19:
 213              		.loc 1 85 0
 214 000e 5A78     		ldrb	r2, [r3, #1]	@ zero_extendqisi2
 215 0010 013A     		subs	r2, r2, #1
 216 0012 D2B2     		uxtb	r2, r2
 217 0014 5A70     		strb	r2, [r3, #1]
 218              	.LVL20:
 219 0016 7047     		bx	lr
 220              	.L22:
 221              		.align	2
 222              	.L21:
 223 0018 00000000 		.word	.LANCHOR0
 224              	.LBE2:
 225              		.cfi_endproc
 226              	.LFE2:
 227              		.size	packet_timerfunc, .-packet_timerfunc
 228              		.section	.text.packet_process_byte,"ax",%progbits
ARM GAS  /tmp/ccsqi33F.s 			page 5


 229              		.align	2
 230              		.p2align 4,,15
 231              		.global	packet_process_byte
 232              		.thumb
 233              		.thumb_func
 234              		.type	packet_process_byte, %function
 235              	packet_process_byte:
 236              	.LFB3:
 237              		.loc 1 92 0
 238              		.cfi_startproc
 239              		@ args = 0, pretend = 0, frame = 0
 240              		@ frame_needed = 0, uses_anonymous_args = 0
 241              	.LVL21:
 242 0000 2DE9F843 		push	{r3, r4, r5, r6, r7, r8, r9, lr}
 243              		.cfi_def_cfa_offset 32
 244              		.cfi_offset 3, -32
 245              		.cfi_offset 4, -28
 246              		.cfi_offset 5, -24
 247              		.cfi_offset 6, -20
 248              		.cfi_offset 7, -16
 249              		.cfi_offset 8, -12
 250              		.cfi_offset 9, -8
 251              		.cfi_offset 14, -4
 252              		.loc 1 93 0
 253 0004 8E01     		lsls	r6, r1, #6
 254 0006 7318     		adds	r3, r6, r1
 255 0008 5B01     		lsls	r3, r3, #5
 256 000a 4E4D     		ldr	r5, .L49
 257 000c EB5C     		ldrb	r3, [r5, r3]	@ zero_extendqisi2
 258              		.loc 1 92 0
 259 000e 0C46     		mov	r4, r1
 260              		.loc 1 93 0
 261 0010 062B     		cmp	r3, #6
 262 0012 21D8     		bhi	.L24
 263 0014 DFE803F0 		tbb	[pc, r3]
 264              	.L26:
 265 0018 26       		.byte	(.L25-.L26)/2
 266 0019 3A       		.byte	(.L27-.L26)/2
 267 001a 47       		.byte	(.L28-.L26)/2
 268 001b 5A       		.byte	(.L29-.L26)/2
 269 001c 78       		.byte	(.L30-.L26)/2
 270 001d 85       		.byte	(.L31-.L26)/2
 271 001e 04       		.byte	(.L32-.L26)/2
 272 001f 00       		.p2align 1
 273              	.L32:
 274              		.loc 1 150 0
 275 0020 0328     		cmp	r0, #3
 276 0022 19D1     		bne	.L24
 277              		.loc 1 151 0
 278 0024 7318     		adds	r3, r6, r1
 279 0026 5B01     		lsls	r3, r3, #5
 280 0028 05EB0308 		add	r8, r5, r3
 281 002c 1033     		adds	r3, r3, #16
 282 002e EF18     		adds	r7, r5, r3
 283 0030 D8F80C10 		ldr	r1, [r8, #12]
 284              	.LVL22:
 285 0034 3846     		mov	r0, r7
ARM GAS  /tmp/ccsqi33F.s 			page 6


 286              	.LVL23:
 287 0036 FFF7FEFF 		bl	crc16
 288              	.LVL24:
 289              		.loc 1 152 0
 290 003a 98F81D18 		ldrb	r1, [r8, #2077]	@ zero_extendqisi2
 291              		.loc 1 153 0
 292 003e 98F81C38 		ldrb	r3, [r8, #2076]	@ zero_extendqisi2
 293 0042 43EA0123 		orr	r3, r3, r1, lsl #8
 294              		.loc 1 151 0
 295 0046 9842     		cmp	r0, r3
 296 0048 06D1     		bne	.L24
 297              		.loc 1 155 0
 298 004a D8F80830 		ldr	r3, [r8, #8]
 299 004e 1BB1     		cbz	r3, .L24
 300              		.loc 1 156 0
 301 0050 3846     		mov	r0, r7
 302 0052 D8F80C10 		ldr	r1, [r8, #12]
 303 0056 9847     		blx	r3
 304              	.LVL25:
 305              	.L24:
 306              		.loc 1 165 0
 307 0058 3444     		add	r4, r4, r6
 308              	.LVL26:
 309 005a 6401     		lsls	r4, r4, #5
 310              	.L47:
 311 005c 0023     		movs	r3, #0
 312 005e 2B55     		strb	r3, [r5, r4]
 313 0060 BDE8F883 		pop	{r3, r4, r5, r6, r7, r8, r9, pc}
 314              	.LVL27:
 315              	.L25:
 316              		.loc 1 97 0
 317 0064 3444     		add	r4, r4, r6
 318              		.loc 1 95 0
 319 0066 0228     		cmp	r0, #2
 320              		.loc 1 97 0
 321 0068 4FEA4414 		lsl	r4, r4, #5
 322              		.loc 1 95 0
 323 006c 64D0     		beq	.L48
 324              		.loc 1 101 0
 325 006e 0328     		cmp	r0, #3
 326 0070 F4D1     		bne	.L47
 327              		.loc 1 103 0
 328 0072 2B5D     		ldrb	r3, [r5, r4]	@ zero_extendqisi2
 329 0074 0133     		adds	r3, r3, #1
 330 0076 2A19     		adds	r2, r5, r4
 331 0078 DBB2     		uxtb	r3, r3
 332              		.loc 1 104 0
 333 007a 0220     		movs	r0, #2
 334              	.LVL28:
 335              	.L45:
 336              		.loc 1 103 0
 337 007c 2B55     		strb	r3, [r5, r4]
 338              		.loc 1 105 0
 339 007e 0021     		movs	r1, #0
 340              	.LVL29:
 341              		.loc 1 104 0
 342 0080 5070     		strb	r0, [r2, #1]
ARM GAS  /tmp/ccsqi33F.s 			page 7


 343              		.loc 1 106 0
 344 0082 D160     		str	r1, [r2, #12]
 345              		.loc 1 105 0
 346 0084 C2F81818 		str	r1, [r2, #2072]
 347 0088 BDE8F883 		pop	{r3, r4, r5, r6, r7, r8, r9, pc}
 348              	.LVL30:
 349              	.L27:
 350              		.loc 1 113 0
 351 008c 3444     		add	r4, r4, r6
 352 008e 6401     		lsls	r4, r4, #5
 353 0090 2A19     		adds	r2, r5, r4
 354              		.loc 1 114 0
 355 0092 2B5D     		ldrb	r3, [r5, r4]	@ zero_extendqisi2
 356 0094 0133     		adds	r3, r3, #1
 357 0096 DBB2     		uxtb	r3, r3
 358              		.loc 1 115 0
 359 0098 0221     		movs	r1, #2
 360              	.LVL31:
 361              		.loc 1 114 0
 362 009a 2B55     		strb	r3, [r5, r4]
 363              		.loc 1 113 0
 364 009c 0002     		lsls	r0, r0, #8
 365              	.LVL32:
 366              		.loc 1 115 0
 367 009e 5170     		strb	r1, [r2, #1]
 368              		.loc 1 113 0
 369 00a0 D060     		str	r0, [r2, #12]
 370              		.loc 1 116 0
 371 00a2 BDE8F883 		pop	{r3, r4, r5, r6, r7, r8, r9, pc}
 372              	.LVL33:
 373              	.L28:
 374              		.loc 1 119 0
 375 00a6 3444     		add	r4, r4, r6
 376 00a8 6401     		lsls	r4, r4, #5
 377 00aa 2544     		add	r5, r5, r4
 378 00ac 2549     		ldr	r1, .L49
 379              	.LVL34:
 380 00ae EB68     		ldr	r3, [r5, #12]
 381 00b0 1843     		orrs	r0, r0, r3
 382              	.LVL35:
 383              		.loc 1 120 0
 384 00b2 431E     		subs	r3, r0, #1
 385 00b4 B3F5806F 		cmp	r3, #1024
 386              		.loc 1 119 0
 387 00b8 E860     		str	r0, [r5, #12]
 388              		.loc 1 120 0
 389 00ba 39D2     		bcs	.L36
 390              		.loc 1 122 0
 391 00bc 0B5D     		ldrb	r3, [r1, r4]	@ zero_extendqisi2
 392 00be 0133     		adds	r3, r3, #1
 393 00c0 DBB2     		uxtb	r3, r3
 394              		.loc 1 123 0
 395 00c2 0222     		movs	r2, #2
 396              		.loc 1 122 0
 397 00c4 0B55     		strb	r3, [r1, r4]
 398              		.loc 1 123 0
 399 00c6 6A70     		strb	r2, [r5, #1]
ARM GAS  /tmp/ccsqi33F.s 			page 8


 400 00c8 BDE8F883 		pop	{r3, r4, r5, r6, r7, r8, r9, pc}
 401              	.LVL36:
 402              	.L29:
 403              		.loc 1 130 0
 404 00cc 7118     		adds	r1, r6, r1
 405              	.LVL37:
 406 00ce 4901     		lsls	r1, r1, #5
 407 00d0 6A18     		adds	r2, r5, r1
 408 00d2 DFF870C0 		ldr	ip, .L49
 409 00d6 D2F81838 		ldr	r3, [r2, #2072]
 410              		.loc 1 131 0
 411 00da D768     		ldr	r7, [r2, #12]
 412              		.loc 1 130 0
 413 00dc 02EB030E 		add	lr, r2, r3
 414 00e0 0133     		adds	r3, r3, #1
 415              		.loc 1 131 0
 416 00e2 BB42     		cmp	r3, r7
 417              		.loc 1 130 0
 418 00e4 8EF81000 		strb	r0, [lr, #16]
 419 00e8 C2F81838 		str	r3, [r2, #2072]
 420              		.loc 1 131 0
 421 00ec 05D1     		bne	.L37
 422              		.loc 1 132 0
 423 00ee 1CF80130 		ldrb	r3, [ip, r1]	@ zero_extendqisi2
 424 00f2 0133     		adds	r3, r3, #1
 425 00f4 DBB2     		uxtb	r3, r3
 426 00f6 0CF80130 		strb	r3, [ip, r1]
 427              	.L37:
 428              		.loc 1 134 0
 429 00fa 3444     		add	r4, r4, r6
 430              	.LVL38:
 431 00fc 05EB4414 		add	r4, r5, r4, lsl #5
 432 0100 0223     		movs	r3, #2
 433 0102 6370     		strb	r3, [r4, #1]
 434              		.loc 1 135 0
 435 0104 BDE8F883 		pop	{r3, r4, r5, r6, r7, r8, r9, pc}
 436              	.LVL39:
 437              	.L30:
 438              		.loc 1 138 0
 439 0108 3444     		add	r4, r4, r6
 440 010a 6401     		lsls	r4, r4, #5
 441 010c 2A19     		adds	r2, r5, r4
 442              		.loc 1 139 0
 443 010e 2B5D     		ldrb	r3, [r5, r4]	@ zero_extendqisi2
 444              		.loc 1 138 0
 445 0110 82F81D08 		strb	r0, [r2, #2077]
 446              	.L46:
 447              		.loc 1 145 0
 448 0114 0133     		adds	r3, r3, #1
 449 0116 DBB2     		uxtb	r3, r3
 450              		.loc 1 146 0
 451 0118 0221     		movs	r1, #2
 452              	.LVL40:
 453              		.loc 1 145 0
 454 011a 2B55     		strb	r3, [r5, r4]
 455              		.loc 1 146 0
 456 011c 5170     		strb	r1, [r2, #1]
ARM GAS  /tmp/ccsqi33F.s 			page 9


 457              		.loc 1 147 0
 458 011e BDE8F883 		pop	{r3, r4, r5, r6, r7, r8, r9, pc}
 459              	.LVL41:
 460              	.L31:
 461              		.loc 1 144 0
 462 0122 3444     		add	r4, r4, r6
 463 0124 6401     		lsls	r4, r4, #5
 464 0126 2A19     		adds	r2, r5, r4
 465              		.loc 1 145 0
 466 0128 2B5D     		ldrb	r3, [r5, r4]	@ zero_extendqisi2
 467              		.loc 1 144 0
 468 012a 82F81C08 		strb	r0, [r2, #2076]
 469 012e F1E7     		b	.L46
 470              	.LVL42:
 471              	.L36:
 472              		.loc 1 125 0
 473 0130 0023     		movs	r3, #0
 474 0132 0B55     		strb	r3, [r1, r4]
 475 0134 BDE8F883 		pop	{r3, r4, r5, r6, r7, r8, r9, pc}
 476              	.LVL43:
 477              	.L48:
 478              		.loc 1 97 0
 479 0138 2B5D     		ldrb	r3, [r5, r4]	@ zero_extendqisi2
 480 013a 0233     		adds	r3, r3, #2
 481 013c 2A19     		adds	r2, r5, r4
 482 013e DBB2     		uxtb	r3, r3
 483 0140 9CE7     		b	.L45
 484              	.L50:
 485 0142 00BF     		.align	2
 486              	.L49:
 487 0144 00000000 		.word	.LANCHOR0
 488              		.cfi_endproc
 489              	.LFE3:
 490              		.size	packet_process_byte, .-packet_process_byte
 491              		.section	.bss.handler_states,"aw",%nobits
 492              		.align	2
 493              		.set	.LANCHOR0,. + 0
 494              		.type	handler_states, %object
 495              		.size	handler_states, 2080
 496              	handler_states:
 497 0000 00000000 		.space	2080
 497      00000000 
 497      00000000 
 497      00000000 
 497      00000000 
 498              		.text
 499              	.Letext0:
 500              		.file 2 "/usr/arm-none-eabi/include/machine/_default_types.h"
 501              		.file 3 "/usr/arm-none-eabi/include/sys/_stdint.h"
 502              		.file 4 "crc.h"
 503              		.section	.debug_info,"",%progbits
 504              	.Ldebug_info0:
 505 0000 36030000 		.4byte	0x336
 506 0004 0400     		.2byte	0x4
 507 0006 00000000 		.4byte	.Ldebug_abbrev0
 508 000a 04       		.byte	0x4
 509 000b 01       		.uleb128 0x1
ARM GAS  /tmp/ccsqi33F.s 			page 10


 510 000c C1000000 		.4byte	.LASF37
 511 0010 01       		.byte	0x1
 512 0011 09000000 		.4byte	.LASF38
 513 0015 8A020000 		.4byte	.LASF39
 514 0019 00000000 		.4byte	.Ldebug_ranges0+0
 515 001d 00000000 		.4byte	0
 516 0021 00000000 		.4byte	.Ldebug_line0
 517 0025 02       		.uleb128 0x2
 518 0026 04       		.byte	0x4
 519 0027 05       		.byte	0x5
 520 0028 696E7400 		.ascii	"int\000"
 521 002c 03       		.uleb128 0x3
 522 002d 04       		.byte	0x4
 523 002e 07       		.byte	0x7
 524 002f E5010000 		.4byte	.LASF0
 525 0033 03       		.uleb128 0x3
 526 0034 01       		.byte	0x1
 527 0035 06       		.byte	0x6
 528 0036 F4020000 		.4byte	.LASF1
 529 003a 04       		.uleb128 0x4
 530 003b 12000000 		.4byte	.LASF11
 531 003f 02       		.byte	0x2
 532 0040 1D       		.byte	0x1d
 533 0041 45000000 		.4byte	0x45
 534 0045 03       		.uleb128 0x3
 535 0046 01       		.byte	0x1
 536 0047 08       		.byte	0x8
 537 0048 8E000000 		.4byte	.LASF2
 538 004c 03       		.uleb128 0x3
 539 004d 02       		.byte	0x2
 540 004e 05       		.byte	0x5
 541 004f BB020000 		.4byte	.LASF3
 542 0053 03       		.uleb128 0x3
 543 0054 02       		.byte	0x2
 544 0055 07       		.byte	0x7
 545 0056 AE000000 		.4byte	.LASF4
 546 005a 03       		.uleb128 0x3
 547 005b 04       		.byte	0x4
 548 005c 05       		.byte	0x5
 549 005d DA020000 		.4byte	.LASF5
 550 0061 03       		.uleb128 0x3
 551 0062 04       		.byte	0x4
 552 0063 07       		.byte	0x7
 553 0064 9C000000 		.4byte	.LASF6
 554 0068 03       		.uleb128 0x3
 555 0069 08       		.byte	0x8
 556 006a 05       		.byte	0x5
 557 006b 6E020000 		.4byte	.LASF7
 558 006f 03       		.uleb128 0x3
 559 0070 08       		.byte	0x8
 560 0071 07       		.byte	0x7
 561 0072 0F020000 		.4byte	.LASF8
 562 0076 03       		.uleb128 0x3
 563 0077 04       		.byte	0x4
 564 0078 07       		.byte	0x7
 565 0079 65020000 		.4byte	.LASF9
 566 007d 05       		.uleb128 0x5
ARM GAS  /tmp/ccsqi33F.s 			page 11


 567 007e 04       		.byte	0x4
 568 007f 06       		.uleb128 0x6
 569 0080 04       		.byte	0x4
 570 0081 45000000 		.4byte	0x45
 571 0085 03       		.uleb128 0x3
 572 0086 01       		.byte	0x1
 573 0087 08       		.byte	0x8
 574 0088 E3020000 		.4byte	.LASF10
 575 008c 04       		.uleb128 0x4
 576 008d 26020000 		.4byte	.LASF12
 577 0091 03       		.byte	0x3
 578 0092 14       		.byte	0x14
 579 0093 3A000000 		.4byte	0x3a
 580 0097 07       		.uleb128 0x7
 581 0098 2008     		.2byte	0x820
 582 009a 01       		.byte	0x1
 583 009b 1D       		.byte	0x1d
 584 009c 1D010000 		.4byte	0x11d
 585 00a0 08       		.uleb128 0x8
 586 00a1 00030000 		.4byte	.LASF13
 587 00a5 01       		.byte	0x1
 588 00a6 1E       		.byte	0x1e
 589 00a7 1D010000 		.4byte	0x11d
 590 00ab 00       		.byte	0
 591 00ac 08       		.uleb128 0x8
 592 00ad 49020000 		.4byte	.LASF14
 593 00b1 01       		.byte	0x1
 594 00b2 1F       		.byte	0x1f
 595 00b3 1D010000 		.4byte	0x11d
 596 00b7 01       		.byte	0x1
 597 00b8 08       		.uleb128 0x8
 598 00b9 5B020000 		.4byte	.LASF15
 599 00bd 01       		.byte	0x1
 600 00be 20       		.byte	0x20
 601 00bf 32010000 		.4byte	0x132
 602 00c3 04       		.byte	0x4
 603 00c4 08       		.uleb128 0x8
 604 00c5 77000000 		.4byte	.LASF16
 605 00c9 01       		.byte	0x1
 606 00ca 21       		.byte	0x21
 607 00cb 32010000 		.4byte	0x132
 608 00cf 08       		.byte	0x8
 609 00d0 08       		.uleb128 0x8
 610 00d1 C5020000 		.4byte	.LASF17
 611 00d5 01       		.byte	0x1
 612 00d6 22       		.byte	0x22
 613 00d7 2C000000 		.4byte	0x2c
 614 00db 0C       		.byte	0xc
 615 00dc 08       		.uleb128 0x8
 616 00dd 84000000 		.4byte	.LASF18
 617 00e1 01       		.byte	0x1
 618 00e2 23       		.byte	0x23
 619 00e3 38010000 		.4byte	0x138
 620 00e7 10       		.byte	0x10
 621 00e8 09       		.uleb128 0x9
 622 00e9 62000000 		.4byte	.LASF19
 623 00ed 01       		.byte	0x1
ARM GAS  /tmp/ccsqi33F.s 			page 12


 624 00ee 24       		.byte	0x24
 625 00ef 49010000 		.4byte	0x149
 626 00f3 1004     		.2byte	0x410
 627 00f5 09       		.uleb128 0x9
 628 00f6 F2010000 		.4byte	.LASF20
 629 00fa 01       		.byte	0x1
 630 00fb 25       		.byte	0x25
 631 00fc 2C000000 		.4byte	0x2c
 632 0100 1808     		.2byte	0x818
 633 0102 09       		.uleb128 0x9
 634 0103 41020000 		.4byte	.LASF21
 635 0107 01       		.byte	0x1
 636 0108 26       		.byte	0x26
 637 0109 45000000 		.4byte	0x45
 638 010d 1C08     		.2byte	0x81c
 639 010f 09       		.uleb128 0x9
 640 0110 00000000 		.4byte	.LASF22
 641 0114 01       		.byte	0x1
 642 0115 27       		.byte	0x27
 643 0116 45000000 		.4byte	0x45
 644 011a 1D08     		.2byte	0x81d
 645 011c 00       		.byte	0
 646 011d 0A       		.uleb128 0xa
 647 011e 45000000 		.4byte	0x45
 648 0122 0B       		.uleb128 0xb
 649 0123 32010000 		.4byte	0x132
 650 0127 0C       		.uleb128 0xc
 651 0128 7F000000 		.4byte	0x7f
 652 012c 0C       		.uleb128 0xc
 653 012d 2C000000 		.4byte	0x2c
 654 0131 00       		.byte	0
 655 0132 06       		.uleb128 0x6
 656 0133 04       		.byte	0x4
 657 0134 22010000 		.4byte	0x122
 658 0138 0D       		.uleb128 0xd
 659 0139 45000000 		.4byte	0x45
 660 013d 49010000 		.4byte	0x149
 661 0141 0E       		.uleb128 0xe
 662 0142 76000000 		.4byte	0x76
 663 0146 FF03     		.2byte	0x3ff
 664 0148 00       		.byte	0
 665 0149 0D       		.uleb128 0xd
 666 014a 45000000 		.4byte	0x45
 667 014e 5A010000 		.4byte	0x15a
 668 0152 0E       		.uleb128 0xe
 669 0153 76000000 		.4byte	0x76
 670 0157 0504     		.2byte	0x405
 671 0159 00       		.byte	0
 672 015a 04       		.uleb128 0x4
 673 015b 3F000000 		.4byte	.LASF23
 674 015f 01       		.byte	0x1
 675 0160 28       		.byte	0x28
 676 0161 97000000 		.4byte	0x97
 677 0165 0F       		.uleb128 0xf
 678 0166 E8020000 		.4byte	.LASF27
 679 016a 01       		.byte	0x1
 680 016b 2C       		.byte	0x2c
ARM GAS  /tmp/ccsqi33F.s 			page 13


 681 016c 00000000 		.4byte	.LFB0
 682 0170 14000000 		.4byte	.LFE0-.LFB0
 683 0174 01       		.uleb128 0x1
 684 0175 9C       		.byte	0x9c
 685 0176 A4010000 		.4byte	0x1a4
 686 017a 10       		.uleb128 0x10
 687 017b 54020000 		.4byte	.LASF24
 688 017f 01       		.byte	0x1
 689 0180 2C       		.byte	0x2c
 690 0181 32010000 		.4byte	0x132
 691 0185 01       		.uleb128 0x1
 692 0186 50       		.byte	0x50
 693 0187 10       		.uleb128 0x10
 694 0188 7C020000 		.4byte	.LASF25
 695 018c 01       		.byte	0x1
 696 018d 2D       		.byte	0x2d
 697 018e 32010000 		.4byte	0x132
 698 0192 01       		.uleb128 0x1
 699 0193 51       		.byte	0x51
 700 0194 11       		.uleb128 0x11
 701 0195 2B000000 		.4byte	.LASF26
 702 0199 01       		.byte	0x1
 703 019a 2D       		.byte	0x2d
 704 019b 25000000 		.4byte	0x25
 705 019f 00000000 		.4byte	.LLST0
 706 01a3 00       		.byte	0
 707 01a4 0F       		.uleb128 0xf
 708 01a5 2E020000 		.4byte	.LASF28
 709 01a9 01       		.byte	0x1
 710 01aa 32       		.byte	0x32
 711 01ab 00000000 		.4byte	.LFB1
 712 01af 84000000 		.4byte	.LFE1-.LFB1
 713 01b3 01       		.uleb128 0x1
 714 01b4 9C       		.byte	0x9c
 715 01b5 5D020000 		.4byte	0x25d
 716 01b9 11       		.uleb128 0x11
 717 01ba 6C000000 		.4byte	.LASF29
 718 01be 01       		.byte	0x1
 719 01bf 32       		.byte	0x32
 720 01c0 7F000000 		.4byte	0x7f
 721 01c4 21000000 		.4byte	.LLST1
 722 01c8 12       		.uleb128 0x12
 723 01c9 6C656E00 		.ascii	"len\000"
 724 01cd 01       		.byte	0x1
 725 01ce 32       		.byte	0x32
 726 01cf 2C000000 		.4byte	0x2c
 727 01d3 58000000 		.4byte	.LLST2
 728 01d7 11       		.uleb128 0x11
 729 01d8 2B000000 		.4byte	.LASF26
 730 01dc 01       		.byte	0x1
 731 01dd 32       		.byte	0x32
 732 01de 25000000 		.4byte	0x25
 733 01e2 8F000000 		.4byte	.LLST3
 734 01e6 13       		.uleb128 0x13
 735 01e7 71000000 		.4byte	.LASF30
 736 01eb 01       		.byte	0x1
 737 01ec 37       		.byte	0x37
ARM GAS  /tmp/ccsqi33F.s 			page 14


 738 01ed 25000000 		.4byte	0x25
 739 01f1 BB000000 		.4byte	.LLST4
 740 01f5 14       		.uleb128 0x14
 741 01f6 63726300 		.ascii	"crc\000"
 742 01fa 01       		.byte	0x1
 743 01fb 45       		.byte	0x45
 744 01fc 53000000 		.4byte	0x53
 745 0200 18010000 		.4byte	.LLST5
 746 0204 15       		.uleb128 0x15
 747 0205 44000000 		.4byte	.LVL9
 748 0209 FF020000 		.4byte	0x2ff
 749 020d 27020000 		.4byte	0x227
 750 0211 16       		.uleb128 0x16
 751 0212 01       		.uleb128 0x1
 752 0213 52       		.byte	0x52
 753 0214 02       		.uleb128 0x2
 754 0215 74       		.byte	0x74
 755 0216 00       		.sleb128 0
 756 0217 16       		.uleb128 0x16
 757 0218 01       		.uleb128 0x1
 758 0219 51       		.byte	0x51
 759 021a 02       		.uleb128 0x2
 760 021b 79       		.byte	0x79
 761 021c 00       		.sleb128 0
 762 021d 16       		.uleb128 0x16
 763 021e 01       		.uleb128 0x1
 764 021f 50       		.byte	0x50
 765 0220 05       		.uleb128 0x5
 766 0221 77       		.byte	0x77
 767 0222 00       		.sleb128 0
 768 0223 76       		.byte	0x76
 769 0224 00       		.sleb128 0
 770 0225 22       		.byte	0x22
 771 0226 00       		.byte	0
 772 0227 15       		.uleb128 0x15
 773 0228 4C000000 		.4byte	.LVL10
 774 022c 23030000 		.4byte	0x323
 775 0230 41020000 		.4byte	0x241
 776 0234 16       		.uleb128 0x16
 777 0235 01       		.uleb128 0x1
 778 0236 51       		.byte	0x51
 779 0237 02       		.uleb128 0x2
 780 0238 74       		.byte	0x74
 781 0239 00       		.sleb128 0
 782 023a 16       		.uleb128 0x16
 783 023b 01       		.uleb128 0x1
 784 023c 50       		.byte	0x50
 785 023d 02       		.uleb128 0x2
 786 023e 79       		.byte	0x79
 787 023f 00       		.sleb128 0
 788 0240 00       		.byte	0
 789 0241 17       		.uleb128 0x17
 790 0242 70000000 		.4byte	.LVL16
 791 0246 16       		.uleb128 0x16
 792 0247 01       		.uleb128 0x1
 793 0248 50       		.byte	0x50
 794 0249 11       		.uleb128 0x11
ARM GAS  /tmp/ccsqi33F.s 			page 15


 795 024a F3       		.byte	0xf3
 796 024b 01       		.uleb128 0x1
 797 024c 52       		.byte	0x52
 798 024d 36       		.byte	0x36
 799 024e 24       		.byte	0x24
 800 024f F3       		.byte	0xf3
 801 0250 01       		.uleb128 0x1
 802 0251 52       		.byte	0x52
 803 0252 22       		.byte	0x22
 804 0253 35       		.byte	0x35
 805 0254 24       		.byte	0x24
 806 0255 03       		.byte	0x3
 807 0256 10040000 		.4byte	.LANCHOR0+1040
 808 025a 22       		.byte	0x22
 809 025b 00       		.byte	0
 810 025c 00       		.byte	0
 811 025d 0F       		.uleb128 0xf
 812 025e FE010000 		.4byte	.LASF31
 813 0262 01       		.byte	0x1
 814 0263 52       		.byte	0x52
 815 0264 00000000 		.4byte	.LFB2
 816 0268 1C000000 		.4byte	.LFE2-.LFB2
 817 026c 01       		.uleb128 0x1
 818 026d 9C       		.byte	0x9c
 819 026e 8A020000 		.4byte	0x28a
 820 0272 18       		.uleb128 0x18
 821 0273 00000000 		.4byte	.LBB2
 822 0277 1C000000 		.4byte	.LBE2-.LBB2
 823 027b 14       		.uleb128 0x14
 824 027c 6900     		.ascii	"i\000"
 825 027e 01       		.byte	0x1
 826 027f 53       		.byte	0x53
 827 0280 25000000 		.4byte	0x25
 828 0284 2B010000 		.4byte	.LLST6
 829 0288 00       		.byte	0
 830 0289 00       		.byte	0
 831 028a 0F       		.uleb128 0xf
 832 028b 4E000000 		.4byte	.LASF32
 833 028f 01       		.byte	0x1
 834 0290 5C       		.byte	0x5c
 835 0291 00000000 		.4byte	.LFB3
 836 0295 48010000 		.4byte	.LFE3-.LFB3
 837 0299 01       		.uleb128 0x1
 838 029a 9C       		.byte	0x9c
 839 029b DE020000 		.4byte	0x2de
 840 029f 11       		.uleb128 0x11
 841 02a0 37000000 		.4byte	.LASF33
 842 02a4 01       		.byte	0x1
 843 02a5 5C       		.byte	0x5c
 844 02a6 8C000000 		.4byte	0x8c
 845 02aa 4B010000 		.4byte	.LLST7
 846 02ae 11       		.uleb128 0x11
 847 02af 2B000000 		.4byte	.LASF26
 848 02b3 01       		.byte	0x1
 849 02b4 5C       		.byte	0x5c
 850 02b5 25000000 		.4byte	0x25
 851 02b9 DB010000 		.4byte	.LLST8
ARM GAS  /tmp/ccsqi33F.s 			page 16


 852 02bd 15       		.uleb128 0x15
 853 02be 3A000000 		.4byte	.LVL24
 854 02c2 23030000 		.4byte	0x323
 855 02c6 D1020000 		.4byte	0x2d1
 856 02ca 16       		.uleb128 0x16
 857 02cb 01       		.uleb128 0x1
 858 02cc 50       		.byte	0x50
 859 02cd 02       		.uleb128 0x2
 860 02ce 77       		.byte	0x77
 861 02cf 00       		.sleb128 0
 862 02d0 00       		.byte	0
 863 02d1 19       		.uleb128 0x19
 864 02d2 58000000 		.4byte	.LVL25
 865 02d6 16       		.uleb128 0x16
 866 02d7 01       		.uleb128 0x1
 867 02d8 50       		.byte	0x50
 868 02d9 02       		.uleb128 0x2
 869 02da 77       		.byte	0x77
 870 02db 00       		.sleb128 0
 871 02dc 00       		.byte	0
 872 02dd 00       		.byte	0
 873 02de 0D       		.uleb128 0xd
 874 02df 5A010000 		.4byte	0x15a
 875 02e3 EE020000 		.4byte	0x2ee
 876 02e7 1A       		.uleb128 0x1a
 877 02e8 76000000 		.4byte	0x76
 878 02ec 00       		.byte	0
 879 02ed 00       		.byte	0
 880 02ee 1B       		.uleb128 0x1b
 881 02ef 1C000000 		.4byte	.LASF34
 882 02f3 01       		.byte	0x1
 883 02f4 2A       		.byte	0x2a
 884 02f5 DE020000 		.4byte	0x2de
 885 02f9 05       		.uleb128 0x5
 886 02fa 03       		.byte	0x3
 887 02fb 00000000 		.4byte	handler_states
 888 02ff 1C       		.uleb128 0x1c
 889 0300 83020000 		.4byte	.LASF35
 890 0304 7D000000 		.4byte	0x7d
 891 0308 1C030000 		.4byte	0x31c
 892 030c 0C       		.uleb128 0xc
 893 030d 7D000000 		.4byte	0x7d
 894 0311 0C       		.uleb128 0xc
 895 0312 1C030000 		.4byte	0x31c
 896 0316 0C       		.uleb128 0xc
 897 0317 76000000 		.4byte	0x76
 898 031b 00       		.byte	0
 899 031c 06       		.uleb128 0x6
 900 031d 04       		.byte	0x4
 901 031e 22030000 		.4byte	0x322
 902 0322 1D       		.uleb128 0x1d
 903 0323 1E       		.uleb128 0x1e
 904 0324 D4020000 		.4byte	.LASF36
 905 0328 04       		.byte	0x4
 906 0329 1F       		.byte	0x1f
 907 032a 53000000 		.4byte	0x53
 908 032e 0C       		.uleb128 0xc
ARM GAS  /tmp/ccsqi33F.s 			page 17


 909 032f 7F000000 		.4byte	0x7f
 910 0333 0C       		.uleb128 0xc
 911 0334 2C000000 		.4byte	0x2c
 912 0338 00       		.byte	0
 913 0339 00       		.byte	0
 914              		.section	.debug_abbrev,"",%progbits
 915              	.Ldebug_abbrev0:
 916 0000 01       		.uleb128 0x1
 917 0001 11       		.uleb128 0x11
 918 0002 01       		.byte	0x1
 919 0003 25       		.uleb128 0x25
 920 0004 0E       		.uleb128 0xe
 921 0005 13       		.uleb128 0x13
 922 0006 0B       		.uleb128 0xb
 923 0007 03       		.uleb128 0x3
 924 0008 0E       		.uleb128 0xe
 925 0009 1B       		.uleb128 0x1b
 926 000a 0E       		.uleb128 0xe
 927 000b 55       		.uleb128 0x55
 928 000c 17       		.uleb128 0x17
 929 000d 11       		.uleb128 0x11
 930 000e 01       		.uleb128 0x1
 931 000f 10       		.uleb128 0x10
 932 0010 17       		.uleb128 0x17
 933 0011 00       		.byte	0
 934 0012 00       		.byte	0
 935 0013 02       		.uleb128 0x2
 936 0014 24       		.uleb128 0x24
 937 0015 00       		.byte	0
 938 0016 0B       		.uleb128 0xb
 939 0017 0B       		.uleb128 0xb
 940 0018 3E       		.uleb128 0x3e
 941 0019 0B       		.uleb128 0xb
 942 001a 03       		.uleb128 0x3
 943 001b 08       		.uleb128 0x8
 944 001c 00       		.byte	0
 945 001d 00       		.byte	0
 946 001e 03       		.uleb128 0x3
 947 001f 24       		.uleb128 0x24
 948 0020 00       		.byte	0
 949 0021 0B       		.uleb128 0xb
 950 0022 0B       		.uleb128 0xb
 951 0023 3E       		.uleb128 0x3e
 952 0024 0B       		.uleb128 0xb
 953 0025 03       		.uleb128 0x3
 954 0026 0E       		.uleb128 0xe
 955 0027 00       		.byte	0
 956 0028 00       		.byte	0
 957 0029 04       		.uleb128 0x4
 958 002a 16       		.uleb128 0x16
 959 002b 00       		.byte	0
 960 002c 03       		.uleb128 0x3
 961 002d 0E       		.uleb128 0xe
 962 002e 3A       		.uleb128 0x3a
 963 002f 0B       		.uleb128 0xb
 964 0030 3B       		.uleb128 0x3b
 965 0031 0B       		.uleb128 0xb
ARM GAS  /tmp/ccsqi33F.s 			page 18


 966 0032 49       		.uleb128 0x49
 967 0033 13       		.uleb128 0x13
 968 0034 00       		.byte	0
 969 0035 00       		.byte	0
 970 0036 05       		.uleb128 0x5
 971 0037 0F       		.uleb128 0xf
 972 0038 00       		.byte	0
 973 0039 0B       		.uleb128 0xb
 974 003a 0B       		.uleb128 0xb
 975 003b 00       		.byte	0
 976 003c 00       		.byte	0
 977 003d 06       		.uleb128 0x6
 978 003e 0F       		.uleb128 0xf
 979 003f 00       		.byte	0
 980 0040 0B       		.uleb128 0xb
 981 0041 0B       		.uleb128 0xb
 982 0042 49       		.uleb128 0x49
 983 0043 13       		.uleb128 0x13
 984 0044 00       		.byte	0
 985 0045 00       		.byte	0
 986 0046 07       		.uleb128 0x7
 987 0047 13       		.uleb128 0x13
 988 0048 01       		.byte	0x1
 989 0049 0B       		.uleb128 0xb
 990 004a 05       		.uleb128 0x5
 991 004b 3A       		.uleb128 0x3a
 992 004c 0B       		.uleb128 0xb
 993 004d 3B       		.uleb128 0x3b
 994 004e 0B       		.uleb128 0xb
 995 004f 01       		.uleb128 0x1
 996 0050 13       		.uleb128 0x13
 997 0051 00       		.byte	0
 998 0052 00       		.byte	0
 999 0053 08       		.uleb128 0x8
 1000 0054 0D       		.uleb128 0xd
 1001 0055 00       		.byte	0
 1002 0056 03       		.uleb128 0x3
 1003 0057 0E       		.uleb128 0xe
 1004 0058 3A       		.uleb128 0x3a
 1005 0059 0B       		.uleb128 0xb
 1006 005a 3B       		.uleb128 0x3b
 1007 005b 0B       		.uleb128 0xb
 1008 005c 49       		.uleb128 0x49
 1009 005d 13       		.uleb128 0x13
 1010 005e 38       		.uleb128 0x38
 1011 005f 0B       		.uleb128 0xb
 1012 0060 00       		.byte	0
 1013 0061 00       		.byte	0
 1014 0062 09       		.uleb128 0x9
 1015 0063 0D       		.uleb128 0xd
 1016 0064 00       		.byte	0
 1017 0065 03       		.uleb128 0x3
 1018 0066 0E       		.uleb128 0xe
 1019 0067 3A       		.uleb128 0x3a
 1020 0068 0B       		.uleb128 0xb
 1021 0069 3B       		.uleb128 0x3b
 1022 006a 0B       		.uleb128 0xb
ARM GAS  /tmp/ccsqi33F.s 			page 19


 1023 006b 49       		.uleb128 0x49
 1024 006c 13       		.uleb128 0x13
 1025 006d 38       		.uleb128 0x38
 1026 006e 05       		.uleb128 0x5
 1027 006f 00       		.byte	0
 1028 0070 00       		.byte	0
 1029 0071 0A       		.uleb128 0xa
 1030 0072 35       		.uleb128 0x35
 1031 0073 00       		.byte	0
 1032 0074 49       		.uleb128 0x49
 1033 0075 13       		.uleb128 0x13
 1034 0076 00       		.byte	0
 1035 0077 00       		.byte	0
 1036 0078 0B       		.uleb128 0xb
 1037 0079 15       		.uleb128 0x15
 1038 007a 01       		.byte	0x1
 1039 007b 27       		.uleb128 0x27
 1040 007c 19       		.uleb128 0x19
 1041 007d 01       		.uleb128 0x1
 1042 007e 13       		.uleb128 0x13
 1043 007f 00       		.byte	0
 1044 0080 00       		.byte	0
 1045 0081 0C       		.uleb128 0xc
 1046 0082 05       		.uleb128 0x5
 1047 0083 00       		.byte	0
 1048 0084 49       		.uleb128 0x49
 1049 0085 13       		.uleb128 0x13
 1050 0086 00       		.byte	0
 1051 0087 00       		.byte	0
 1052 0088 0D       		.uleb128 0xd
 1053 0089 01       		.uleb128 0x1
 1054 008a 01       		.byte	0x1
 1055 008b 49       		.uleb128 0x49
 1056 008c 13       		.uleb128 0x13
 1057 008d 01       		.uleb128 0x1
 1058 008e 13       		.uleb128 0x13
 1059 008f 00       		.byte	0
 1060 0090 00       		.byte	0
 1061 0091 0E       		.uleb128 0xe
 1062 0092 21       		.uleb128 0x21
 1063 0093 00       		.byte	0
 1064 0094 49       		.uleb128 0x49
 1065 0095 13       		.uleb128 0x13
 1066 0096 2F       		.uleb128 0x2f
 1067 0097 05       		.uleb128 0x5
 1068 0098 00       		.byte	0
 1069 0099 00       		.byte	0
 1070 009a 0F       		.uleb128 0xf
 1071 009b 2E       		.uleb128 0x2e
 1072 009c 01       		.byte	0x1
 1073 009d 3F       		.uleb128 0x3f
 1074 009e 19       		.uleb128 0x19
 1075 009f 03       		.uleb128 0x3
 1076 00a0 0E       		.uleb128 0xe
 1077 00a1 3A       		.uleb128 0x3a
 1078 00a2 0B       		.uleb128 0xb
 1079 00a3 3B       		.uleb128 0x3b
ARM GAS  /tmp/ccsqi33F.s 			page 20


 1080 00a4 0B       		.uleb128 0xb
 1081 00a5 27       		.uleb128 0x27
 1082 00a6 19       		.uleb128 0x19
 1083 00a7 11       		.uleb128 0x11
 1084 00a8 01       		.uleb128 0x1
 1085 00a9 12       		.uleb128 0x12
 1086 00aa 06       		.uleb128 0x6
 1087 00ab 40       		.uleb128 0x40
 1088 00ac 18       		.uleb128 0x18
 1089 00ad 9742     		.uleb128 0x2117
 1090 00af 19       		.uleb128 0x19
 1091 00b0 01       		.uleb128 0x1
 1092 00b1 13       		.uleb128 0x13
 1093 00b2 00       		.byte	0
 1094 00b3 00       		.byte	0
 1095 00b4 10       		.uleb128 0x10
 1096 00b5 05       		.uleb128 0x5
 1097 00b6 00       		.byte	0
 1098 00b7 03       		.uleb128 0x3
 1099 00b8 0E       		.uleb128 0xe
 1100 00b9 3A       		.uleb128 0x3a
 1101 00ba 0B       		.uleb128 0xb
 1102 00bb 3B       		.uleb128 0x3b
 1103 00bc 0B       		.uleb128 0xb
 1104 00bd 49       		.uleb128 0x49
 1105 00be 13       		.uleb128 0x13
 1106 00bf 02       		.uleb128 0x2
 1107 00c0 18       		.uleb128 0x18
 1108 00c1 00       		.byte	0
 1109 00c2 00       		.byte	0
 1110 00c3 11       		.uleb128 0x11
 1111 00c4 05       		.uleb128 0x5
 1112 00c5 00       		.byte	0
 1113 00c6 03       		.uleb128 0x3
 1114 00c7 0E       		.uleb128 0xe
 1115 00c8 3A       		.uleb128 0x3a
 1116 00c9 0B       		.uleb128 0xb
 1117 00ca 3B       		.uleb128 0x3b
 1118 00cb 0B       		.uleb128 0xb
 1119 00cc 49       		.uleb128 0x49
 1120 00cd 13       		.uleb128 0x13
 1121 00ce 02       		.uleb128 0x2
 1122 00cf 17       		.uleb128 0x17
 1123 00d0 00       		.byte	0
 1124 00d1 00       		.byte	0
 1125 00d2 12       		.uleb128 0x12
 1126 00d3 05       		.uleb128 0x5
 1127 00d4 00       		.byte	0
 1128 00d5 03       		.uleb128 0x3
 1129 00d6 08       		.uleb128 0x8
 1130 00d7 3A       		.uleb128 0x3a
 1131 00d8 0B       		.uleb128 0xb
 1132 00d9 3B       		.uleb128 0x3b
 1133 00da 0B       		.uleb128 0xb
 1134 00db 49       		.uleb128 0x49
 1135 00dc 13       		.uleb128 0x13
 1136 00dd 02       		.uleb128 0x2
ARM GAS  /tmp/ccsqi33F.s 			page 21


 1137 00de 17       		.uleb128 0x17
 1138 00df 00       		.byte	0
 1139 00e0 00       		.byte	0
 1140 00e1 13       		.uleb128 0x13
 1141 00e2 34       		.uleb128 0x34
 1142 00e3 00       		.byte	0
 1143 00e4 03       		.uleb128 0x3
 1144 00e5 0E       		.uleb128 0xe
 1145 00e6 3A       		.uleb128 0x3a
 1146 00e7 0B       		.uleb128 0xb
 1147 00e8 3B       		.uleb128 0x3b
 1148 00e9 0B       		.uleb128 0xb
 1149 00ea 49       		.uleb128 0x49
 1150 00eb 13       		.uleb128 0x13
 1151 00ec 02       		.uleb128 0x2
 1152 00ed 17       		.uleb128 0x17
 1153 00ee 00       		.byte	0
 1154 00ef 00       		.byte	0
 1155 00f0 14       		.uleb128 0x14
 1156 00f1 34       		.uleb128 0x34
 1157 00f2 00       		.byte	0
 1158 00f3 03       		.uleb128 0x3
 1159 00f4 08       		.uleb128 0x8
 1160 00f5 3A       		.uleb128 0x3a
 1161 00f6 0B       		.uleb128 0xb
 1162 00f7 3B       		.uleb128 0x3b
 1163 00f8 0B       		.uleb128 0xb
 1164 00f9 49       		.uleb128 0x49
 1165 00fa 13       		.uleb128 0x13
 1166 00fb 02       		.uleb128 0x2
 1167 00fc 17       		.uleb128 0x17
 1168 00fd 00       		.byte	0
 1169 00fe 00       		.byte	0
 1170 00ff 15       		.uleb128 0x15
 1171 0100 898201   		.uleb128 0x4109
 1172 0103 01       		.byte	0x1
 1173 0104 11       		.uleb128 0x11
 1174 0105 01       		.uleb128 0x1
 1175 0106 31       		.uleb128 0x31
 1176 0107 13       		.uleb128 0x13
 1177 0108 01       		.uleb128 0x1
 1178 0109 13       		.uleb128 0x13
 1179 010a 00       		.byte	0
 1180 010b 00       		.byte	0
 1181 010c 16       		.uleb128 0x16
 1182 010d 8A8201   		.uleb128 0x410a
 1183 0110 00       		.byte	0
 1184 0111 02       		.uleb128 0x2
 1185 0112 18       		.uleb128 0x18
 1186 0113 9142     		.uleb128 0x2111
 1187 0115 18       		.uleb128 0x18
 1188 0116 00       		.byte	0
 1189 0117 00       		.byte	0
 1190 0118 17       		.uleb128 0x17
 1191 0119 898201   		.uleb128 0x4109
 1192 011c 01       		.byte	0x1
 1193 011d 11       		.uleb128 0x11
ARM GAS  /tmp/ccsqi33F.s 			page 22


 1194 011e 01       		.uleb128 0x1
 1195 011f 9542     		.uleb128 0x2115
 1196 0121 19       		.uleb128 0x19
 1197 0122 00       		.byte	0
 1198 0123 00       		.byte	0
 1199 0124 18       		.uleb128 0x18
 1200 0125 0B       		.uleb128 0xb
 1201 0126 01       		.byte	0x1
 1202 0127 11       		.uleb128 0x11
 1203 0128 01       		.uleb128 0x1
 1204 0129 12       		.uleb128 0x12
 1205 012a 06       		.uleb128 0x6
 1206 012b 00       		.byte	0
 1207 012c 00       		.byte	0
 1208 012d 19       		.uleb128 0x19
 1209 012e 898201   		.uleb128 0x4109
 1210 0131 01       		.byte	0x1
 1211 0132 11       		.uleb128 0x11
 1212 0133 01       		.uleb128 0x1
 1213 0134 00       		.byte	0
 1214 0135 00       		.byte	0
 1215 0136 1A       		.uleb128 0x1a
 1216 0137 21       		.uleb128 0x21
 1217 0138 00       		.byte	0
 1218 0139 49       		.uleb128 0x49
 1219 013a 13       		.uleb128 0x13
 1220 013b 2F       		.uleb128 0x2f
 1221 013c 0B       		.uleb128 0xb
 1222 013d 00       		.byte	0
 1223 013e 00       		.byte	0
 1224 013f 1B       		.uleb128 0x1b
 1225 0140 34       		.uleb128 0x34
 1226 0141 00       		.byte	0
 1227 0142 03       		.uleb128 0x3
 1228 0143 0E       		.uleb128 0xe
 1229 0144 3A       		.uleb128 0x3a
 1230 0145 0B       		.uleb128 0xb
 1231 0146 3B       		.uleb128 0x3b
 1232 0147 0B       		.uleb128 0xb
 1233 0148 49       		.uleb128 0x49
 1234 0149 13       		.uleb128 0x13
 1235 014a 02       		.uleb128 0x2
 1236 014b 18       		.uleb128 0x18
 1237 014c 00       		.byte	0
 1238 014d 00       		.byte	0
 1239 014e 1C       		.uleb128 0x1c
 1240 014f 2E       		.uleb128 0x2e
 1241 0150 01       		.byte	0x1
 1242 0151 3F       		.uleb128 0x3f
 1243 0152 19       		.uleb128 0x19
 1244 0153 03       		.uleb128 0x3
 1245 0154 0E       		.uleb128 0xe
 1246 0155 27       		.uleb128 0x27
 1247 0156 19       		.uleb128 0x19
 1248 0157 49       		.uleb128 0x49
 1249 0158 13       		.uleb128 0x13
 1250 0159 34       		.uleb128 0x34
ARM GAS  /tmp/ccsqi33F.s 			page 23


 1251 015a 19       		.uleb128 0x19
 1252 015b 3C       		.uleb128 0x3c
 1253 015c 19       		.uleb128 0x19
 1254 015d 01       		.uleb128 0x1
 1255 015e 13       		.uleb128 0x13
 1256 015f 00       		.byte	0
 1257 0160 00       		.byte	0
 1258 0161 1D       		.uleb128 0x1d
 1259 0162 26       		.uleb128 0x26
 1260 0163 00       		.byte	0
 1261 0164 00       		.byte	0
 1262 0165 00       		.byte	0
 1263 0166 1E       		.uleb128 0x1e
 1264 0167 2E       		.uleb128 0x2e
 1265 0168 01       		.byte	0x1
 1266 0169 3F       		.uleb128 0x3f
 1267 016a 19       		.uleb128 0x19
 1268 016b 03       		.uleb128 0x3
 1269 016c 0E       		.uleb128 0xe
 1270 016d 3A       		.uleb128 0x3a
 1271 016e 0B       		.uleb128 0xb
 1272 016f 3B       		.uleb128 0x3b
 1273 0170 0B       		.uleb128 0xb
 1274 0171 27       		.uleb128 0x27
 1275 0172 19       		.uleb128 0x19
 1276 0173 49       		.uleb128 0x49
 1277 0174 13       		.uleb128 0x13
 1278 0175 3C       		.uleb128 0x3c
 1279 0176 19       		.uleb128 0x19
 1280 0177 00       		.byte	0
 1281 0178 00       		.byte	0
 1282 0179 00       		.byte	0
 1283              		.section	.debug_loc,"",%progbits
 1284              	.Ldebug_loc0:
 1285              	.LLST0:
 1286 0000 00000000 		.4byte	.LVL0
 1287 0004 06000000 		.4byte	.LVL1
 1288 0008 0100     		.2byte	0x1
 1289 000a 52       		.byte	0x52
 1290 000b 06000000 		.4byte	.LVL1
 1291 000f 14000000 		.4byte	.LFE0
 1292 0013 0400     		.2byte	0x4
 1293 0015 F3       		.byte	0xf3
 1294 0016 01       		.uleb128 0x1
 1295 0017 52       		.byte	0x52
 1296 0018 9F       		.byte	0x9f
 1297 0019 00000000 		.4byte	0
 1298 001d 00000000 		.4byte	0
 1299              	.LLST1:
 1300 0021 00000000 		.4byte	.LVL2
 1301 0025 22000000 		.4byte	.LVL5
 1302 0029 0100     		.2byte	0x1
 1303 002b 50       		.byte	0x50
 1304 002c 22000000 		.4byte	.LVL5
 1305 0030 6E000000 		.4byte	.LVL15
 1306 0034 0100     		.2byte	0x1
 1307 0036 59       		.byte	0x59
ARM GAS  /tmp/ccsqi33F.s 			page 24


 1308 0037 6E000000 		.4byte	.LVL15
 1309 003b 74000000 		.4byte	.LVL17
 1310 003f 0400     		.2byte	0x4
 1311 0041 F3       		.byte	0xf3
 1312 0042 01       		.uleb128 0x1
 1313 0043 50       		.byte	0x50
 1314 0044 9F       		.byte	0x9f
 1315 0045 74000000 		.4byte	.LVL17
 1316 0049 84000000 		.4byte	.LFE1
 1317 004d 0100     		.2byte	0x1
 1318 004f 50       		.byte	0x50
 1319 0050 00000000 		.4byte	0
 1320 0054 00000000 		.4byte	0
 1321              	.LLST2:
 1322 0058 00000000 		.4byte	.LVL2
 1323 005c 3E000000 		.4byte	.LVL8
 1324 0060 0100     		.2byte	0x1
 1325 0062 51       		.byte	0x51
 1326 0063 3E000000 		.4byte	.LVL8
 1327 0067 50000000 		.4byte	.LVL11
 1328 006b 0100     		.2byte	0x1
 1329 006d 54       		.byte	0x54
 1330 006e 50000000 		.4byte	.LVL11
 1331 0072 74000000 		.4byte	.LVL17
 1332 0076 0400     		.2byte	0x4
 1333 0078 F3       		.byte	0xf3
 1334 0079 01       		.uleb128 0x1
 1335 007a 51       		.byte	0x51
 1336 007b 9F       		.byte	0x9f
 1337 007c 74000000 		.4byte	.LVL17
 1338 0080 84000000 		.4byte	.LFE1
 1339 0084 0100     		.2byte	0x1
 1340 0086 51       		.byte	0x51
 1341 0087 00000000 		.4byte	0
 1342 008b 00000000 		.4byte	0
 1343              	.LLST3:
 1344 008f 00000000 		.4byte	.LVL2
 1345 0093 32000000 		.4byte	.LVL7
 1346 0097 0100     		.2byte	0x1
 1347 0099 52       		.byte	0x52
 1348 009a 32000000 		.4byte	.LVL7
 1349 009e 74000000 		.4byte	.LVL17
 1350 00a2 0400     		.2byte	0x4
 1351 00a4 F3       		.byte	0xf3
 1352 00a5 01       		.uleb128 0x1
 1353 00a6 52       		.byte	0x52
 1354 00a7 9F       		.byte	0x9f
 1355 00a8 74000000 		.4byte	.LVL17
 1356 00ac 84000000 		.4byte	.LFE1
 1357 00b0 0100     		.2byte	0x1
 1358 00b2 52       		.byte	0x52
 1359 00b3 00000000 		.4byte	0
 1360 00b7 00000000 		.4byte	0
 1361              	.LLST4:
 1362 00bb 1A000000 		.4byte	.LVL3
 1363 00bf 20000000 		.4byte	.LVL4
 1364 00c3 0200     		.2byte	0x2
ARM GAS  /tmp/ccsqi33F.s 			page 25


 1365 00c5 30       		.byte	0x30
 1366 00c6 9F       		.byte	0x9f
 1367 00c7 20000000 		.4byte	.LVL4
 1368 00cb 30000000 		.4byte	.LVL6
 1369 00cf 0200     		.2byte	0x2
 1370 00d1 31       		.byte	0x31
 1371 00d2 9F       		.byte	0x9f
 1372 00d3 50000000 		.4byte	.LVL11
 1373 00d7 60000000 		.4byte	.LVL13
 1374 00db 0300     		.2byte	0x3
 1375 00dd 74       		.byte	0x74
 1376 00de 01       		.sleb128 1
 1377 00df 9F       		.byte	0x9f
 1378 00e0 60000000 		.4byte	.LVL13
 1379 00e4 62000000 		.4byte	.LVL14
 1380 00e8 0300     		.2byte	0x3
 1381 00ea 74       		.byte	0x74
 1382 00eb 02       		.sleb128 2
 1383 00ec 9F       		.byte	0x9f
 1384 00ed 62000000 		.4byte	.LVL14
 1385 00f1 6F000000 		.4byte	.LVL16-1
 1386 00f5 0100     		.2byte	0x1
 1387 00f7 51       		.byte	0x51
 1388 00f8 74000000 		.4byte	.LVL17
 1389 00fc 7E000000 		.4byte	.LVL18
 1390 0100 0200     		.2byte	0x2
 1391 0102 31       		.byte	0x31
 1392 0103 9F       		.byte	0x9f
 1393 0104 7E000000 		.4byte	.LVL18
 1394 0108 84000000 		.4byte	.LFE1
 1395 010c 0200     		.2byte	0x2
 1396 010e 32       		.byte	0x32
 1397 010f 9F       		.byte	0x9f
 1398 0110 00000000 		.4byte	0
 1399 0114 00000000 		.4byte	0
 1400              	.LLST5:
 1401 0118 50000000 		.4byte	.LVL11
 1402 011c 5C000000 		.4byte	.LVL12
 1403 0120 0100     		.2byte	0x1
 1404 0122 50       		.byte	0x50
 1405 0123 00000000 		.4byte	0
 1406 0127 00000000 		.4byte	0
 1407              	.LLST6:
 1408 012b 00000000 		.4byte	.LVL19
 1409 012f 16000000 		.4byte	.LVL20
 1410 0133 0200     		.2byte	0x2
 1411 0135 30       		.byte	0x30
 1412 0136 9F       		.byte	0x9f
 1413 0137 16000000 		.4byte	.LVL20
 1414 013b 1C000000 		.4byte	.LFE2
 1415 013f 0200     		.2byte	0x2
 1416 0141 31       		.byte	0x31
 1417 0142 9F       		.byte	0x9f
 1418 0143 00000000 		.4byte	0
 1419 0147 00000000 		.4byte	0
 1420              	.LLST7:
 1421 014b 00000000 		.4byte	.LVL21
ARM GAS  /tmp/ccsqi33F.s 			page 26


 1422 014f 36000000 		.4byte	.LVL23
 1423 0153 0100     		.2byte	0x1
 1424 0155 50       		.byte	0x50
 1425 0156 36000000 		.4byte	.LVL23
 1426 015a 64000000 		.4byte	.LVL27
 1427 015e 0400     		.2byte	0x4
 1428 0160 F3       		.byte	0xf3
 1429 0161 01       		.uleb128 0x1
 1430 0162 50       		.byte	0x50
 1431 0163 9F       		.byte	0x9f
 1432 0164 64000000 		.4byte	.LVL27
 1433 0168 7C000000 		.4byte	.LVL28
 1434 016c 0100     		.2byte	0x1
 1435 016e 50       		.byte	0x50
 1436 016f 7C000000 		.4byte	.LVL28
 1437 0173 8C000000 		.4byte	.LVL30
 1438 0177 0400     		.2byte	0x4
 1439 0179 F3       		.byte	0xf3
 1440 017a 01       		.uleb128 0x1
 1441 017b 50       		.byte	0x50
 1442 017c 9F       		.byte	0x9f
 1443 017d 8C000000 		.4byte	.LVL30
 1444 0181 9E000000 		.4byte	.LVL32
 1445 0185 0100     		.2byte	0x1
 1446 0187 50       		.byte	0x50
 1447 0188 9E000000 		.4byte	.LVL32
 1448 018c A6000000 		.4byte	.LVL33
 1449 0190 0400     		.2byte	0x4
 1450 0192 F3       		.byte	0xf3
 1451 0193 01       		.uleb128 0x1
 1452 0194 50       		.byte	0x50
 1453 0195 9F       		.byte	0x9f
 1454 0196 A6000000 		.4byte	.LVL33
 1455 019a B2000000 		.4byte	.LVL35
 1456 019e 0100     		.2byte	0x1
 1457 01a0 50       		.byte	0x50
 1458 01a1 B2000000 		.4byte	.LVL35
 1459 01a5 CC000000 		.4byte	.LVL36
 1460 01a9 0400     		.2byte	0x4
 1461 01ab F3       		.byte	0xf3
 1462 01ac 01       		.uleb128 0x1
 1463 01ad 50       		.byte	0x50
 1464 01ae 9F       		.byte	0x9f
 1465 01af CC000000 		.4byte	.LVL36
 1466 01b3 30010000 		.4byte	.LVL42
 1467 01b7 0100     		.2byte	0x1
 1468 01b9 50       		.byte	0x50
 1469 01ba 30010000 		.4byte	.LVL42
 1470 01be 38010000 		.4byte	.LVL43
 1471 01c2 0400     		.2byte	0x4
 1472 01c4 F3       		.byte	0xf3
 1473 01c5 01       		.uleb128 0x1
 1474 01c6 50       		.byte	0x50
 1475 01c7 9F       		.byte	0x9f
 1476 01c8 38010000 		.4byte	.LVL43
 1477 01cc 48010000 		.4byte	.LFE3
 1478 01d0 0100     		.2byte	0x1
ARM GAS  /tmp/ccsqi33F.s 			page 27


 1479 01d2 50       		.byte	0x50
 1480 01d3 00000000 		.4byte	0
 1481 01d7 00000000 		.4byte	0
 1482              	.LLST8:
 1483 01db 00000000 		.4byte	.LVL21
 1484 01df 34000000 		.4byte	.LVL22
 1485 01e3 0100     		.2byte	0x1
 1486 01e5 51       		.byte	0x51
 1487 01e6 34000000 		.4byte	.LVL22
 1488 01ea 5A000000 		.4byte	.LVL26
 1489 01ee 0100     		.2byte	0x1
 1490 01f0 54       		.byte	0x54
 1491 01f1 5A000000 		.4byte	.LVL26
 1492 01f5 64000000 		.4byte	.LVL27
 1493 01f9 0400     		.2byte	0x4
 1494 01fb F3       		.byte	0xf3
 1495 01fc 01       		.uleb128 0x1
 1496 01fd 51       		.byte	0x51
 1497 01fe 9F       		.byte	0x9f
 1498 01ff 64000000 		.4byte	.LVL27
 1499 0203 80000000 		.4byte	.LVL29
 1500 0207 0100     		.2byte	0x1
 1501 0209 51       		.byte	0x51
 1502 020a 80000000 		.4byte	.LVL29
 1503 020e 8C000000 		.4byte	.LVL30
 1504 0212 0400     		.2byte	0x4
 1505 0214 F3       		.byte	0xf3
 1506 0215 01       		.uleb128 0x1
 1507 0216 51       		.byte	0x51
 1508 0217 9F       		.byte	0x9f
 1509 0218 8C000000 		.4byte	.LVL30
 1510 021c 9A000000 		.4byte	.LVL31
 1511 0220 0100     		.2byte	0x1
 1512 0222 51       		.byte	0x51
 1513 0223 9A000000 		.4byte	.LVL31
 1514 0227 A6000000 		.4byte	.LVL33
 1515 022b 0400     		.2byte	0x4
 1516 022d F3       		.byte	0xf3
 1517 022e 01       		.uleb128 0x1
 1518 022f 51       		.byte	0x51
 1519 0230 9F       		.byte	0x9f
 1520 0231 A6000000 		.4byte	.LVL33
 1521 0235 AE000000 		.4byte	.LVL34
 1522 0239 0100     		.2byte	0x1
 1523 023b 51       		.byte	0x51
 1524 023c AE000000 		.4byte	.LVL34
 1525 0240 CC000000 		.4byte	.LVL36
 1526 0244 0400     		.2byte	0x4
 1527 0246 F3       		.byte	0xf3
 1528 0247 01       		.uleb128 0x1
 1529 0248 51       		.byte	0x51
 1530 0249 9F       		.byte	0x9f
 1531 024a CC000000 		.4byte	.LVL36
 1532 024e CE000000 		.4byte	.LVL37
 1533 0252 0100     		.2byte	0x1
 1534 0254 51       		.byte	0x51
 1535 0255 CE000000 		.4byte	.LVL37
ARM GAS  /tmp/ccsqi33F.s 			page 28


 1536 0259 FC000000 		.4byte	.LVL38
 1537 025d 0100     		.2byte	0x1
 1538 025f 54       		.byte	0x54
 1539 0260 FC000000 		.4byte	.LVL38
 1540 0264 08010000 		.4byte	.LVL39
 1541 0268 0400     		.2byte	0x4
 1542 026a F3       		.byte	0xf3
 1543 026b 01       		.uleb128 0x1
 1544 026c 51       		.byte	0x51
 1545 026d 9F       		.byte	0x9f
 1546 026e 08010000 		.4byte	.LVL39
 1547 0272 1A010000 		.4byte	.LVL40
 1548 0276 0100     		.2byte	0x1
 1549 0278 51       		.byte	0x51
 1550 0279 1A010000 		.4byte	.LVL40
 1551 027d 22010000 		.4byte	.LVL41
 1552 0281 0400     		.2byte	0x4
 1553 0283 F3       		.byte	0xf3
 1554 0284 01       		.uleb128 0x1
 1555 0285 51       		.byte	0x51
 1556 0286 9F       		.byte	0x9f
 1557 0287 22010000 		.4byte	.LVL41
 1558 028b 30010000 		.4byte	.LVL42
 1559 028f 0100     		.2byte	0x1
 1560 0291 51       		.byte	0x51
 1561 0292 30010000 		.4byte	.LVL42
 1562 0296 38010000 		.4byte	.LVL43
 1563 029a 0400     		.2byte	0x4
 1564 029c F3       		.byte	0xf3
 1565 029d 01       		.uleb128 0x1
 1566 029e 51       		.byte	0x51
 1567 029f 9F       		.byte	0x9f
 1568 02a0 38010000 		.4byte	.LVL43
 1569 02a4 48010000 		.4byte	.LFE3
 1570 02a8 0100     		.2byte	0x1
 1571 02aa 51       		.byte	0x51
 1572 02ab 00000000 		.4byte	0
 1573 02af 00000000 		.4byte	0
 1574              		.section	.debug_aranges,"",%progbits
 1575 0000 34000000 		.4byte	0x34
 1576 0004 0200     		.2byte	0x2
 1577 0006 00000000 		.4byte	.Ldebug_info0
 1578 000a 04       		.byte	0x4
 1579 000b 00       		.byte	0
 1580 000c 0000     		.2byte	0
 1581 000e 0000     		.2byte	0
 1582 0010 00000000 		.4byte	.LFB0
 1583 0014 14000000 		.4byte	.LFE0-.LFB0
 1584 0018 00000000 		.4byte	.LFB1
 1585 001c 84000000 		.4byte	.LFE1-.LFB1
 1586 0020 00000000 		.4byte	.LFB2
 1587 0024 1C000000 		.4byte	.LFE2-.LFB2
 1588 0028 00000000 		.4byte	.LFB3
 1589 002c 48010000 		.4byte	.LFE3-.LFB3
 1590 0030 00000000 		.4byte	0
 1591 0034 00000000 		.4byte	0
 1592              		.section	.debug_ranges,"",%progbits
ARM GAS  /tmp/ccsqi33F.s 			page 29


 1593              	.Ldebug_ranges0:
 1594 0000 00000000 		.4byte	.LFB0
 1595 0004 14000000 		.4byte	.LFE0
 1596 0008 00000000 		.4byte	.LFB1
 1597 000c 84000000 		.4byte	.LFE1
 1598 0010 00000000 		.4byte	.LFB2
 1599 0014 1C000000 		.4byte	.LFE2
 1600 0018 00000000 		.4byte	.LFB3
 1601 001c 48010000 		.4byte	.LFE3
 1602 0020 00000000 		.4byte	0
 1603 0024 00000000 		.4byte	0
 1604              		.section	.debug_line,"",%progbits
 1605              	.Ldebug_line0:
 1606 0000 3C010000 		.section	.debug_str,"MS",%progbits,1
 1606      02008B00 
 1606      00000201 
 1606      FB0E0D00 
 1606      01010101 
 1607              	.LASF22:
 1608 0000 6372635F 		.ascii	"crc_high\000"
 1608      68696768 
 1608      00
 1609              	.LASF38:
 1610 0009 7061636B 		.ascii	"packet.c\000"
 1610      65742E63 
 1610      00
 1611              	.LASF11:
 1612 0012 5F5F7569 		.ascii	"__uint8_t\000"
 1612      6E74385F 
 1612      7400
 1613              	.LASF34:
 1614 001c 68616E64 		.ascii	"handler_states\000"
 1614      6C65725F 
 1614      73746174 
 1614      657300
 1615              	.LASF26:
 1616 002b 68616E64 		.ascii	"handler_num\000"
 1616      6C65725F 
 1616      6E756D00 
 1617              	.LASF33:
 1618 0037 72785F64 		.ascii	"rx_data\000"
 1618      61746100 
 1619              	.LASF23:
 1620 003f 5041434B 		.ascii	"PACKET_STATE_t\000"
 1620      45545F53 
 1620      54415445 
 1620      5F7400
 1621              	.LASF32:
 1622 004e 7061636B 		.ascii	"packet_process_byte\000"
 1622      65745F70 
 1622      726F6365 
 1622      73735F62 
 1622      79746500 
 1623              	.LASF19:
 1624 0062 74785F62 		.ascii	"tx_buffer\000"
 1624      75666665 
 1624      7200
ARM GAS  /tmp/ccsqi33F.s 			page 30


 1625              	.LASF29:
 1626 006c 64617461 		.ascii	"data\000"
 1626      00
 1627              	.LASF30:
 1628 0071 625F696E 		.ascii	"b_ind\000"
 1628      6400
 1629              	.LASF16:
 1630 0077 70726F63 		.ascii	"process_func\000"
 1630      6573735F 
 1630      66756E63 
 1630      00
 1631              	.LASF18:
 1632 0084 72785F62 		.ascii	"rx_buffer\000"
 1632      75666665 
 1632      7200
 1633              	.LASF2:
 1634 008e 756E7369 		.ascii	"unsigned char\000"
 1634      676E6564 
 1634      20636861 
 1634      7200
 1635              	.LASF6:
 1636 009c 6C6F6E67 		.ascii	"long unsigned int\000"
 1636      20756E73 
 1636      69676E65 
 1636      6420696E 
 1636      7400
 1637              	.LASF4:
 1638 00ae 73686F72 		.ascii	"short unsigned int\000"
 1638      7420756E 
 1638      7369676E 
 1638      65642069 
 1638      6E7400
 1639              	.LASF37:
 1640 00c1 474E5520 		.ascii	"GNU C 4.9.3 20150529 (release) [ARM/embedded-4_9-br"
 1640      4320342E 
 1640      392E3320 
 1640      32303135 
 1640      30353239 
 1641 00f4 616E6368 		.ascii	"anch revision 227977] -mcpu=cortex-m4 -mfloat-abi=h"
 1641      20726576 
 1641      6973696F 
 1641      6E203232 
 1641      37393737 
 1642 0127 61726420 		.ascii	"ard -mfpu=fpv4-sp-d16 -mno-thumb-interwork -mthumb "
 1642      2D6D6670 
 1642      753D6670 
 1642      76342D73 
 1642      702D6431 
 1643 015a 2D676764 		.ascii	"-ggdb -O2 -std=gnu99 -fomit-frame-pointer -falign-f"
 1643      62202D4F 
 1643      32202D73 
 1643      74643D67 
 1643      6E753939 
 1644 018d 756E6374 		.ascii	"unctions=16 -ffunction-sections -fdata-sections -fn"
 1644      696F6E73 
 1644      3D313620 
 1644      2D666675 
ARM GAS  /tmp/ccsqi33F.s 			page 31


 1644      6E637469 
 1645 01c0 6F2D636F 		.ascii	"o-common -fsingle-precision-constant\000"
 1645      6D6D6F6E 
 1645      202D6673 
 1645      696E676C 
 1645      652D7072 
 1646              	.LASF0:
 1647 01e5 756E7369 		.ascii	"unsigned int\000"
 1647      676E6564 
 1647      20696E74 
 1647      00
 1648              	.LASF20:
 1649 01f2 72785F64 		.ascii	"rx_data_ptr\000"
 1649      6174615F 
 1649      70747200 
 1650              	.LASF31:
 1651 01fe 7061636B 		.ascii	"packet_timerfunc\000"
 1651      65745F74 
 1651      696D6572 
 1651      66756E63 
 1651      00
 1652              	.LASF8:
 1653 020f 6C6F6E67 		.ascii	"long long unsigned int\000"
 1653      206C6F6E 
 1653      6720756E 
 1653      7369676E 
 1653      65642069 
 1654              	.LASF12:
 1655 0226 75696E74 		.ascii	"uint8_t\000"
 1655      385F7400 
 1656              	.LASF28:
 1657 022e 7061636B 		.ascii	"packet_send_packet\000"
 1657      65745F73 
 1657      656E645F 
 1657      7061636B 
 1657      657400
 1658              	.LASF21:
 1659 0241 6372635F 		.ascii	"crc_low\000"
 1659      6C6F7700 
 1660              	.LASF14:
 1661 0249 72785F74 		.ascii	"rx_timeout\000"
 1661      696D656F 
 1661      757400
 1662              	.LASF24:
 1663 0254 735F6675 		.ascii	"s_func\000"
 1663      6E6300
 1664              	.LASF15:
 1665 025b 73656E64 		.ascii	"send_func\000"
 1665      5F66756E 
 1665      6300
 1666              	.LASF9:
 1667 0265 73697A65 		.ascii	"sizetype\000"
 1667      74797065 
 1667      00
 1668              	.LASF7:
 1669 026e 6C6F6E67 		.ascii	"long long int\000"
 1669      206C6F6E 
ARM GAS  /tmp/ccsqi33F.s 			page 32


 1669      6720696E 
 1669      7400
 1670              	.LASF25:
 1671 027c 705F6675 		.ascii	"p_func\000"
 1671      6E6300
 1672              	.LASF35:
 1673 0283 6D656D63 		.ascii	"memcpy\000"
 1673      707900
 1674              	.LASF39:
 1675 028a 2F686F6D 		.ascii	"/home/benjamin/Skrivbord/SP-RCCar/Embedded/Mote/\000"
 1675      652F6265 
 1675      6E6A616D 
 1675      696E2F53 
 1675      6B726976 
 1676              	.LASF3:
 1677 02bb 73686F72 		.ascii	"short int\000"
 1677      7420696E 
 1677      7400
 1678              	.LASF17:
 1679 02c5 7061796C 		.ascii	"payload_length\000"
 1679      6F61645F 
 1679      6C656E67 
 1679      746800
 1680              	.LASF36:
 1681 02d4 63726331 		.ascii	"crc16\000"
 1681      3600
 1682              	.LASF5:
 1683 02da 6C6F6E67 		.ascii	"long int\000"
 1683      20696E74 
 1683      00
 1684              	.LASF10:
 1685 02e3 63686172 		.ascii	"char\000"
 1685      00
 1686              	.LASF27:
 1687 02e8 7061636B 		.ascii	"packet_init\000"
 1687      65745F69 
 1687      6E697400 
 1688              	.LASF1:
 1689 02f4 7369676E 		.ascii	"signed char\000"
 1689      65642063 
 1689      68617200 
 1690              	.LASF13:
 1691 0300 72785F73 		.ascii	"rx_state\000"
 1691      74617465 
 1691      00
 1692              		.ident	"GCC: (GNU Tools for ARM Embedded Processors) 4.9.3 20150529 (release) [ARM/embedded-4_9-br
ARM GAS  /tmp/ccsqi33F.s 			page 33


DEFINED SYMBOLS
                            *ABS*:0000000000000000 packet.c
     /tmp/ccsqi33F.s:21     .text.packet_init:0000000000000000 $t
     /tmp/ccsqi33F.s:27     .text.packet_init:0000000000000000 packet_init
     /tmp/ccsqi33F.s:48     .text.packet_init:0000000000000010 $d
     /tmp/ccsqi33F.s:53     .text.packet_send_packet:0000000000000000 $t
     /tmp/ccsqi33F.s:59     .text.packet_send_packet:0000000000000000 packet_send_packet
     /tmp/ccsqi33F.s:184    .text.packet_send_packet:0000000000000080 $d
     /tmp/ccsqi33F.s:189    .text.packet_timerfunc:0000000000000000 $t
     /tmp/ccsqi33F.s:195    .text.packet_timerfunc:0000000000000000 packet_timerfunc
     /tmp/ccsqi33F.s:223    .text.packet_timerfunc:0000000000000018 $d
     /tmp/ccsqi33F.s:229    .text.packet_process_byte:0000000000000000 $t
     /tmp/ccsqi33F.s:235    .text.packet_process_byte:0000000000000000 packet_process_byte
     /tmp/ccsqi33F.s:265    .text.packet_process_byte:0000000000000018 $d
     /tmp/ccsqi33F.s:487    .text.packet_process_byte:0000000000000144 $d
     /tmp/ccsqi33F.s:492    .bss.handler_states:0000000000000000 $d
     /tmp/ccsqi33F.s:496    .bss.handler_states:0000000000000000 handler_states
                     .debug_frame:0000000000000010 $d
     /tmp/ccsqi33F.s:272    .text.packet_process_byte:000000000000001f $d
     /tmp/ccsqi33F.s:272    .text.packet_process_byte:0000000000000020 $t

UNDEFINED SYMBOLS
memcpy
crc16
