ARM GAS  /tmp/cc6kf5f9.s 			page 1


   1              		.syntax unified
   2              		.cpu cortex-m4
   3              		.eabi_attribute 27, 1
   4              		.eabi_attribute 28, 1
   5              		.fpu fpv4-sp-d16
   6              		.eabi_attribute 20, 1
   7              		.eabi_attribute 21, 1
   8              		.eabi_attribute 23, 3
   9              		.eabi_attribute 24, 1
  10              		.eabi_attribute 25, 1
  11              		.eabi_attribute 26, 1
  12              		.eabi_attribute 30, 2
  13              		.eabi_attribute 34, 1
  14              		.eabi_attribute 18, 4
  15              		.thumb
  16              		.file	"st_lld.c"
  17              		.text
  18              	.Ltext0:
  19              		.cfi_sections	.debug_frame
  20              		.section	.text.SysTick_Handler,"ax",%progbits
  21              		.align	2
  22              		.p2align 4,,15
  23              		.global	SysTick_Handler
  24              		.thumb
  25              		.thumb_func
  26              		.type	SysTick_Handler, %function
  27              	SysTick_Handler:
  28              	.LFB256:
  29              		.file 1 "ChibiOS_3.0.2/os/hal/ports/STM32/LLD/TIMv1/st_lld.c"
  30              		.loc 1 154 0
  31              		.cfi_startproc
  32              		@ args = 0, pretend = 0, frame = 0
  33              		@ frame_needed = 0, uses_anonymous_args = 0
  34 0000 08B5     		push	{r3, lr}
  35              		.cfi_def_cfa_offset 8
  36              		.cfi_offset 3, -8
  37              		.cfi_offset 14, -4
  38              	.LBB52:
  39              	.LBB53:
  40              	.LBB54:
  41              	.LBB55:
  42              	.LBB56:
  43              	.LBB57:
  44              		.file 2 "ChibiOS_3.0.2/os/ext/CMSIS/include/core_cmFunc.h"
  45              		.loc 2 342 0
  46              	@ 342 "ChibiOS_3.0.2/os/ext/CMSIS/include/core_cmFunc.h" 1
  47 0002 72B6     		cpsid i
  48              	@ 0 "" 2
  49              		.thumb
  50              	.LBE57:
  51              	.LBE56:
  52              	.LBE55:
  53              	.LBE54:
  54              	.LBE53:
  55              	.LBE52:
  56              	.LBB58:
  57              	.LBB59:
ARM GAS  /tmp/cc6kf5f9.s 			page 2


  58              		.file 3 "ChibiOS_3.0.2/os/hal/osal/rt/osal.h"
  59              		.loc 3 585 0
  60 0004 FFF7FEFF 		bl	chSysTimerHandlerI
  61              	.LVL0:
  62              	.LBE59:
  63              	.LBE58:
  64              	.LBB60:
  65              	.LBB61:
  66              	.LBB62:
  67              	.LBB63:
  68              	.LBB64:
  69              	.LBB65:
  70              		.loc 2 331 0
  71              	@ 331 "ChibiOS_3.0.2/os/ext/CMSIS/include/core_cmFunc.h" 1
  72 0008 62B6     		cpsie i
  73              	@ 0 "" 2
  74              		.thumb
  75              	.LBE65:
  76              	.LBE64:
  77              	.LBE63:
  78              	.LBE62:
  79              	.LBE61:
  80              	.LBE60:
  81              		.loc 1 163 0
  82 000a BDE80840 		pop	{r3, lr}
  83              		.cfi_restore 14
  84              		.cfi_restore 3
  85              		.cfi_def_cfa_offset 0
  86              		.loc 1 162 0
  87 000e FFF7FEBF 		b	_port_irq_epilogue
  88              	.LVL1:
  89              		.cfi_endproc
  90              	.LFE256:
  91              		.size	SysTick_Handler, .-SysTick_Handler
  92 0012 00BF     		.section	.text.st_lld_init,"ax",%progbits
  93              		.align	2
  94              		.p2align 4,,15
  95              		.global	st_lld_init
  96              		.thumb
  97              		.thumb_func
  98              		.type	st_lld_init, %function
  99              	st_lld_init:
 100              	.LFB257:
 101              		.loc 1 201 0
 102              		.cfi_startproc
 103              		@ args = 0, pretend = 0, frame = 0
 104              		@ frame_needed = 0, uses_anonymous_args = 0
 105              		@ link register save eliminated.
 106              		.loc 1 229 0
 107 0000 054B     		ldr	r3, .L4
 108 0002 44F29F10 		movw	r0, #16799
 109              		.loc 1 230 0
 110 0006 0021     		movs	r1, #0
 111              		.loc 1 231 0
 112 0008 0722     		movs	r2, #7
 113              		.loc 1 229 0
 114 000a 5860     		str	r0, [r3, #4]
ARM GAS  /tmp/cc6kf5f9.s 			page 3


 115              		.loc 1 230 0
 116 000c 9960     		str	r1, [r3, #8]
 117              		.loc 1 236 0
 118 000e 0B20     		movs	r0, #11
 119 0010 0821     		movs	r1, #8
 120              		.loc 1 231 0
 121 0012 1A60     		str	r2, [r3]
 122              		.loc 1 236 0
 123 0014 FFF7FEBF 		b	nvicSetSystemHandlerPriority
 124              	.LVL2:
 125              	.L5:
 126              		.align	2
 127              	.L4:
 128 0018 10E000E0 		.word	-536813552
 129              		.cfi_endproc
 130              	.LFE257:
 131              		.size	st_lld_init, .-st_lld_init
 132              		.text
 133              	.Letext0:
 134              		.file 4 "/usr/arm-none-eabi/include/machine/_default_types.h"
 135              		.file 5 "/usr/arm-none-eabi/include/sys/_stdint.h"
 136              		.file 6 "ChibiOS_3.0.2/os/rt/ports/ARMCMx/compilers/GCC/chtypes.h"
 137              		.file 7 "ChibiOS_3.0.2/os/rt/include/chsystypes.h"
 138              		.file 8 "ChibiOS_3.0.2/os/rt/include/chschd.h"
 139              		.file 9 "ChibiOS_3.0.2/os/ext/CMSIS/include/core_cm4.h"
 140              		.file 10 "ChibiOS_3.0.2/os/rt/ports/ARMCMx/chcore.h"
 141              		.file 11 "ChibiOS_3.0.2/os/rt/ports/ARMCMx/chcore_v7m.h"
 142              		.file 12 "ChibiOS_3.0.2/os/rt/include/chtm.h"
 143              		.file 13 "ChibiOS_3.0.2/os/rt/include/chsem.h"
 144              		.file 14 "ChibiOS_3.0.2/os/rt/include/chmtx.h"
 145              		.file 15 "ChibiOS_3.0.2/os/rt/include/chsys.h"
 146              		.file 16 "ChibiOS_3.0.2/os/hal/ports/common/ARMCMx/nvic.h"
 147              		.section	.debug_info,"",%progbits
 148              	.Ldebug_info0:
 149 0000 11090000 		.4byte	0x911
 150 0004 0400     		.2byte	0x4
 151 0006 00000000 		.4byte	.Ldebug_abbrev0
 152 000a 04       		.byte	0x4
 153 000b 01       		.uleb128 0x1
 154 000c 94040000 		.4byte	.LASF125
 155 0010 01       		.byte	0x1
 156 0011 40060000 		.4byte	.LASF126
 157 0015 05030000 		.4byte	.LASF127
 158 0019 00000000 		.4byte	.Ldebug_ranges0+0
 159 001d 00000000 		.4byte	0
 160 0021 00000000 		.4byte	.Ldebug_line0
 161 0025 02       		.uleb128 0x2
 162 0026 04       		.byte	0x4
 163 0027 05       		.byte	0x5
 164 0028 696E7400 		.ascii	"int\000"
 165 002c 03       		.uleb128 0x3
 166 002d 04       		.byte	0x4
 167 002e 07       		.byte	0x7
 168 002f B0010000 		.4byte	.LASF0
 169 0033 03       		.uleb128 0x3
 170 0034 01       		.byte	0x1
 171 0035 06       		.byte	0x6
ARM GAS  /tmp/cc6kf5f9.s 			page 4


 172 0036 E2000000 		.4byte	.LASF1
 173 003a 04       		.uleb128 0x4
 174 003b 2B000000 		.4byte	.LASF5
 175 003f 04       		.byte	0x4
 176 0040 1D       		.byte	0x1d
 177 0041 45000000 		.4byte	0x45
 178 0045 03       		.uleb128 0x3
 179 0046 01       		.byte	0x1
 180 0047 08       		.byte	0x8
 181 0048 94030000 		.4byte	.LASF2
 182 004c 03       		.uleb128 0x3
 183 004d 02       		.byte	0x2
 184 004e 05       		.byte	0x5
 185 004f B9030000 		.4byte	.LASF3
 186 0053 03       		.uleb128 0x3
 187 0054 02       		.byte	0x2
 188 0055 07       		.byte	0x7
 189 0056 47010000 		.4byte	.LASF4
 190 005a 04       		.uleb128 0x4
 191 005b 42020000 		.4byte	.LASF6
 192 005f 04       		.byte	0x4
 193 0060 3F       		.byte	0x3f
 194 0061 65000000 		.4byte	0x65
 195 0065 03       		.uleb128 0x3
 196 0066 04       		.byte	0x4
 197 0067 05       		.byte	0x5
 198 0068 25010000 		.4byte	.LASF7
 199 006c 04       		.uleb128 0x4
 200 006d E5050000 		.4byte	.LASF8
 201 0071 04       		.byte	0x4
 202 0072 41       		.byte	0x41
 203 0073 77000000 		.4byte	0x77
 204 0077 03       		.uleb128 0x3
 205 0078 04       		.byte	0x4
 206 0079 07       		.byte	0x7
 207 007a 68040000 		.4byte	.LASF9
 208 007e 03       		.uleb128 0x3
 209 007f 08       		.byte	0x8
 210 0080 05       		.byte	0x5
 211 0081 D4000000 		.4byte	.LASF10
 212 0085 04       		.uleb128 0x4
 213 0086 FA020000 		.4byte	.LASF11
 214 008a 04       		.byte	0x4
 215 008b 5B       		.byte	0x5b
 216 008c 90000000 		.4byte	0x90
 217 0090 03       		.uleb128 0x3
 218 0091 08       		.byte	0x8
 219 0092 07       		.byte	0x7
 220 0093 5A000000 		.4byte	.LASF12
 221 0097 04       		.uleb128 0x4
 222 0098 AF060000 		.4byte	.LASF13
 223 009c 05       		.byte	0x5
 224 009d 14       		.byte	0x14
 225 009e 3A000000 		.4byte	0x3a
 226 00a2 04       		.uleb128 0x4
 227 00a3 8C030000 		.4byte	.LASF14
 228 00a7 05       		.byte	0x5
ARM GAS  /tmp/cc6kf5f9.s 			page 5


 229 00a8 1F       		.byte	0x1f
 230 00a9 5A000000 		.4byte	0x5a
 231 00ad 04       		.uleb128 0x4
 232 00ae 40040000 		.4byte	.LASF15
 233 00b2 05       		.byte	0x5
 234 00b3 20       		.byte	0x20
 235 00b4 6C000000 		.4byte	0x6c
 236 00b8 04       		.uleb128 0x4
 237 00b9 22000000 		.4byte	.LASF16
 238 00bd 05       		.byte	0x5
 239 00be 26       		.byte	0x26
 240 00bf 85000000 		.4byte	0x85
 241 00c3 05       		.uleb128 0x5
 242 00c4 A2000000 		.4byte	0xa2
 243 00c8 05       		.uleb128 0x5
 244 00c9 AD000000 		.4byte	0xad
 245 00cd 04       		.uleb128 0x4
 246 00ce 25060000 		.4byte	.LASF17
 247 00d2 06       		.byte	0x6
 248 00d3 45       		.byte	0x45
 249 00d4 AD000000 		.4byte	0xad
 250 00d8 04       		.uleb128 0x4
 251 00d9 07040000 		.4byte	.LASF18
 252 00dd 06       		.byte	0x6
 253 00de 48       		.byte	0x48
 254 00df 97000000 		.4byte	0x97
 255 00e3 04       		.uleb128 0x4
 256 00e4 2E010000 		.4byte	.LASF19
 257 00e8 06       		.byte	0x6
 258 00e9 49       		.byte	0x49
 259 00ea 97000000 		.4byte	0x97
 260 00ee 04       		.uleb128 0x4
 261 00ef 00000000 		.4byte	.LASF20
 262 00f3 06       		.byte	0x6
 263 00f4 4A       		.byte	0x4a
 264 00f5 97000000 		.4byte	0x97
 265 00f9 04       		.uleb128 0x4
 266 00fa 11010000 		.4byte	.LASF21
 267 00fe 06       		.byte	0x6
 268 00ff 4B       		.byte	0x4b
 269 0100 97000000 		.4byte	0x97
 270 0104 04       		.uleb128 0x4
 271 0105 5B030000 		.4byte	.LASF22
 272 0109 06       		.byte	0x6
 273 010a 4C       		.byte	0x4c
 274 010b AD000000 		.4byte	0xad
 275 010f 04       		.uleb128 0x4
 276 0110 FD010000 		.4byte	.LASF23
 277 0114 06       		.byte	0x6
 278 0115 4D       		.byte	0x4d
 279 0116 A2000000 		.4byte	0xa2
 280 011a 04       		.uleb128 0x4
 281 011b 36020000 		.4byte	.LASF24
 282 011f 06       		.byte	0x6
 283 0120 4F       		.byte	0x4f
 284 0121 AD000000 		.4byte	0xad
 285 0125 04       		.uleb128 0x4
ARM GAS  /tmp/cc6kf5f9.s 			page 6


 286 0126 AA010000 		.4byte	.LASF25
 287 012a 06       		.byte	0x6
 288 012b 51       		.byte	0x51
 289 012c A2000000 		.4byte	0xa2
 290 0130 04       		.uleb128 0x4
 291 0131 BF050000 		.4byte	.LASF26
 292 0135 07       		.byte	0x7
 293 0136 33       		.byte	0x33
 294 0137 AD000000 		.4byte	0xad
 295 013b 04       		.uleb128 0x4
 296 013c A0060000 		.4byte	.LASF27
 297 0140 07       		.byte	0x7
 298 0141 3F       		.byte	0x3f
 299 0142 46010000 		.4byte	0x146
 300 0146 06       		.uleb128 0x6
 301 0147 F3010000 		.4byte	.LASF49
 302 014b 48       		.byte	0x48
 303 014c 08       		.byte	0x8
 304 014d C2       		.byte	0xc2
 305 014e 4B020000 		.4byte	0x24b
 306 0152 07       		.uleb128 0x7
 307 0153 00040000 		.4byte	.LASF28
 308 0157 08       		.byte	0x8
 309 0158 C3       		.byte	0xc3
 310 0159 56020000 		.4byte	0x256
 311 015d 00       		.byte	0
 312 015e 07       		.uleb128 0x7
 313 015f 54030000 		.4byte	.LASF29
 314 0163 08       		.byte	0x8
 315 0164 C5       		.byte	0xc5
 316 0165 56020000 		.4byte	0x256
 317 0169 04       		.byte	0x4
 318 016a 07       		.uleb128 0x7
 319 016b CD000000 		.4byte	.LASF30
 320 016f 08       		.byte	0x8
 321 0170 C7       		.byte	0xc7
 322 0171 04010000 		.4byte	0x104
 323 0175 08       		.byte	0x8
 324 0176 07       		.uleb128 0x7
 325 0177 E8060000 		.4byte	.LASF31
 326 017b 08       		.byte	0x8
 327 017c C8       		.byte	0xc8
 328 017d D5040000 		.4byte	0x4d5
 329 0181 0C       		.byte	0xc
 330 0182 07       		.uleb128 0x7
 331 0183 37010000 		.4byte	.LASF32
 332 0187 08       		.byte	0x8
 333 0188 CA       		.byte	0xca
 334 0189 56020000 		.4byte	0x256
 335 018d 10       		.byte	0x10
 336 018e 07       		.uleb128 0x7
 337 018f BC020000 		.4byte	.LASF33
 338 0193 08       		.byte	0x8
 339 0194 CB       		.byte	0xcb
 340 0195 56020000 		.4byte	0x256
 341 0199 14       		.byte	0x14
 342 019a 07       		.uleb128 0x7
ARM GAS  /tmp/cc6kf5f9.s 			page 7


 343 019b C8060000 		.4byte	.LASF34
 344 019f 08       		.byte	0x8
 345 01a0 D2       		.byte	0xd2
 346 01a1 1A070000 		.4byte	0x71a
 347 01a5 18       		.byte	0x18
 348 01a6 07       		.uleb128 0x7
 349 01a7 C3030000 		.4byte	.LASF35
 350 01ab 08       		.byte	0x8
 351 01ac DD       		.byte	0xdd
 352 01ad E3000000 		.4byte	0xe3
 353 01b1 1C       		.byte	0x1c
 354 01b2 07       		.uleb128 0x7
 355 01b3 0F040000 		.4byte	.LASF36
 356 01b7 08       		.byte	0x8
 357 01b8 E1       		.byte	0xe1
 358 01b9 D8000000 		.4byte	0xd8
 359 01bd 1D       		.byte	0x1d
 360 01be 07       		.uleb128 0x7
 361 01bf 99060000 		.4byte	.LASF37
 362 01c3 08       		.byte	0x8
 363 01c4 E6       		.byte	0xe6
 364 01c5 EE000000 		.4byte	0xee
 365 01c9 1E       		.byte	0x1e
 366 01ca 07       		.uleb128 0x7
 367 01cb CB030000 		.4byte	.LASF38
 368 01cf 08       		.byte	0x8
 369 01d0 EC       		.byte	0xec
 370 01d1 F9000000 		.4byte	0xf9
 371 01d5 1F       		.byte	0x1f
 372 01d6 07       		.uleb128 0x7
 373 01d7 C5010000 		.4byte	.LASF39
 374 01db 08       		.byte	0x8
 375 01dc F3       		.byte	0xf3
 376 01dd 2C070000 		.4byte	0x72c
 377 01e1 20       		.byte	0x20
 378 01e2 08       		.uleb128 0x8
 379 01e3 705F7500 		.ascii	"p_u\000"
 380 01e7 08       		.byte	0x8
 381 01e8 3101     		.2byte	0x131
 382 01ea 55060000 		.4byte	0x655
 383 01ee 24       		.byte	0x24
 384 01ef 09       		.uleb128 0x9
 385 01f0 7A020000 		.4byte	.LASF40
 386 01f4 08       		.byte	0x8
 387 01f5 3601     		.2byte	0x136
 388 01f7 5C020000 		.4byte	0x25c
 389 01fb 28       		.byte	0x28
 390 01fc 09       		.uleb128 0x9
 391 01fd DC010000 		.4byte	.LASF41
 392 0201 08       		.byte	0x8
 393 0202 3C01     		.2byte	0x13c
 394 0204 80020000 		.4byte	0x280
 395 0208 2C       		.byte	0x2c
 396 0209 09       		.uleb128 0x9
 397 020a DA060000 		.4byte	.LASF42
 398 020e 08       		.byte	0x8
 399 020f 4001     		.2byte	0x140
ARM GAS  /tmp/cc6kf5f9.s 			page 8


 400 0211 0F010000 		.4byte	0x10f
 401 0215 34       		.byte	0x34
 402 0216 09       		.uleb128 0x9
 403 0217 35040000 		.4byte	.LASF43
 404 021b 08       		.byte	0x8
 405 021c 4601     		.2byte	0x146
 406 021e 1A010000 		.4byte	0x11a
 407 0222 38       		.byte	0x38
 408 0223 09       		.uleb128 0x9
 409 0224 AF030000 		.4byte	.LASF44
 410 0228 08       		.byte	0x8
 411 0229 4D01     		.2byte	0x14d
 412 022b 14070000 		.4byte	0x714
 413 022f 3C       		.byte	0x3c
 414 0230 09       		.uleb128 0x9
 415 0231 03020000 		.4byte	.LASF45
 416 0235 08       		.byte	0x8
 417 0236 5101     		.2byte	0x151
 418 0238 04010000 		.4byte	0x104
 419 023c 40       		.byte	0x40
 420 023d 09       		.uleb128 0x9
 421 023e EE000000 		.4byte	.LASF46
 422 0242 08       		.byte	0x8
 423 0243 5801     		.2byte	0x158
 424 0245 33030000 		.4byte	0x333
 425 0249 44       		.byte	0x44
 426 024a 00       		.byte	0
 427 024b 04       		.uleb128 0x4
 428 024c 8D020000 		.4byte	.LASF47
 429 0250 07       		.byte	0x7
 430 0251 44       		.byte	0x44
 431 0252 56020000 		.4byte	0x256
 432 0256 0A       		.uleb128 0xa
 433 0257 04       		.byte	0x4
 434 0258 3B010000 		.4byte	0x13b
 435 025c 04       		.uleb128 0x4
 436 025d 6B020000 		.4byte	.LASF48
 437 0261 07       		.byte	0x7
 438 0262 49       		.byte	0x49
 439 0263 67020000 		.4byte	0x267
 440 0267 06       		.uleb128 0x6
 441 0268 58040000 		.4byte	.LASF50
 442 026c 04       		.byte	0x4
 443 026d 08       		.byte	0x8
 444 026e B0       		.byte	0xb0
 445 026f 80020000 		.4byte	0x280
 446 0273 07       		.uleb128 0x7
 447 0274 00040000 		.4byte	.LASF28
 448 0278 08       		.byte	0x8
 449 0279 B1       		.byte	0xb1
 450 027a 56020000 		.4byte	0x256
 451 027e 00       		.byte	0
 452 027f 00       		.byte	0
 453 0280 04       		.uleb128 0x4
 454 0281 80060000 		.4byte	.LASF51
 455 0285 07       		.byte	0x7
 456 0286 50       		.byte	0x50
ARM GAS  /tmp/cc6kf5f9.s 			page 9


 457 0287 8B020000 		.4byte	0x28b
 458 028b 06       		.uleb128 0x6
 459 028c BC000000 		.4byte	.LASF52
 460 0290 08       		.byte	0x8
 461 0291 08       		.byte	0x8
 462 0292 B7       		.byte	0xb7
 463 0293 B0020000 		.4byte	0x2b0
 464 0297 07       		.uleb128 0x7
 465 0298 00040000 		.4byte	.LASF28
 466 029c 08       		.byte	0x8
 467 029d B8       		.byte	0xb8
 468 029e 56020000 		.4byte	0x256
 469 02a2 00       		.byte	0
 470 02a3 07       		.uleb128 0x7
 471 02a4 54030000 		.4byte	.LASF29
 472 02a8 08       		.byte	0x8
 473 02a9 B9       		.byte	0xb9
 474 02aa 56020000 		.4byte	0x256
 475 02ae 04       		.byte	0x4
 476 02af 00       		.byte	0
 477 02b0 04       		.uleb128 0x4
 478 02b1 08000000 		.4byte	.LASF53
 479 02b5 07       		.byte	0x7
 480 02b6 57       		.byte	0x57
 481 02b7 BB020000 		.4byte	0x2bb
 482 02bb 0B       		.uleb128 0xb
 483 02bc 28020000 		.4byte	.LASF54
 484 02c0 1C       		.byte	0x1c
 485 02c1 08       		.byte	0x8
 486 02c2 9001     		.2byte	0x190
 487 02c4 17030000 		.4byte	0x317
 488 02c8 09       		.uleb128 0x9
 489 02c9 50040000 		.4byte	.LASF55
 490 02cd 08       		.byte	0x8
 491 02ce 9101     		.2byte	0x191
 492 02d0 80020000 		.4byte	0x280
 493 02d4 00       		.byte	0
 494 02d5 09       		.uleb128 0x9
 495 02d6 F2030000 		.4byte	.LASF56
 496 02da 08       		.byte	0x8
 497 02db 9201     		.2byte	0x192
 498 02dd 04010000 		.4byte	0x104
 499 02e1 08       		.byte	0x8
 500 02e2 09       		.uleb128 0x9
 501 02e3 C4020000 		.4byte	.LASF57
 502 02e7 08       		.byte	0x8
 503 02e8 9401     		.2byte	0x194
 504 02ea D5040000 		.4byte	0x4d5
 505 02ee 0C       		.byte	0xc
 506 02ef 09       		.uleb128 0x9
 507 02f0 67010000 		.4byte	.LASF58
 508 02f4 08       		.byte	0x8
 509 02f5 9701     		.2byte	0x197
 510 02f7 56020000 		.4byte	0x256
 511 02fb 10       		.byte	0x10
 512 02fc 09       		.uleb128 0x9
 513 02fd E5020000 		.4byte	.LASF59
ARM GAS  /tmp/cc6kf5f9.s 			page 10


 514 0301 08       		.byte	0x8
 515 0302 9801     		.2byte	0x198
 516 0304 56020000 		.4byte	0x256
 517 0308 14       		.byte	0x14
 518 0309 09       		.uleb128 0x9
 519 030a DB020000 		.4byte	.LASF60
 520 030e 08       		.byte	0x8
 521 030f 9B01     		.2byte	0x19b
 522 0311 56020000 		.4byte	0x256
 523 0315 18       		.byte	0x18
 524 0316 00       		.byte	0
 525 0317 04       		.uleb128 0x4
 526 0318 DC050000 		.4byte	.LASF61
 527 031c 07       		.byte	0x7
 528 031d 5C       		.byte	0x5c
 529 031e 22030000 		.4byte	0x322
 530 0322 0A       		.uleb128 0xa
 531 0323 04       		.byte	0x4
 532 0324 28030000 		.4byte	0x328
 533 0328 0C       		.uleb128 0xc
 534 0329 33030000 		.4byte	0x333
 535 032d 0D       		.uleb128 0xd
 536 032e 33030000 		.4byte	0x333
 537 0332 00       		.byte	0
 538 0333 0E       		.uleb128 0xe
 539 0334 04       		.byte	0x4
 540 0335 04       		.uleb128 0x4
 541 0336 44030000 		.4byte	.LASF62
 542 033a 07       		.byte	0x7
 543 033b 61       		.byte	0x61
 544 033c 40030000 		.4byte	0x340
 545 0340 0B       		.uleb128 0xb
 546 0341 17040000 		.4byte	.LASF63
 547 0345 14       		.byte	0x14
 548 0346 08       		.byte	0x8
 549 0347 6B01     		.2byte	0x16b
 550 0349 8F030000 		.4byte	0x38f
 551 034d 09       		.uleb128 0x9
 552 034e BD010000 		.4byte	.LASF64
 553 0352 08       		.byte	0x8
 554 0353 6C01     		.2byte	0x16c
 555 0355 31070000 		.4byte	0x731
 556 0359 00       		.byte	0
 557 035a 09       		.uleb128 0x9
 558 035b 78010000 		.4byte	.LASF65
 559 035f 08       		.byte	0x8
 560 0360 6D01     		.2byte	0x16d
 561 0362 31070000 		.4byte	0x731
 562 0366 04       		.byte	0x4
 563 0367 09       		.uleb128 0x9
 564 0368 D3010000 		.4byte	.LASF66
 565 036c 08       		.byte	0x8
 566 036d 6E01     		.2byte	0x16e
 567 036f 30010000 		.4byte	0x130
 568 0373 08       		.byte	0x8
 569 0374 09       		.uleb128 0x9
 570 0375 EE060000 		.4byte	.LASF67
ARM GAS  /tmp/cc6kf5f9.s 			page 11


 571 0379 08       		.byte	0x8
 572 037a 6F01     		.2byte	0x16f
 573 037c 17030000 		.4byte	0x317
 574 0380 0C       		.byte	0xc
 575 0381 09       		.uleb128 0x9
 576 0382 79060000 		.4byte	.LASF68
 577 0386 08       		.byte	0x8
 578 0387 7101     		.2byte	0x171
 579 0389 33030000 		.4byte	0x333
 580 038d 10       		.byte	0x10
 581 038e 00       		.byte	0
 582 038f 04       		.uleb128 0x4
 583 0390 85000000 		.4byte	.LASF69
 584 0394 07       		.byte	0x7
 585 0395 66       		.byte	0x66
 586 0396 9A030000 		.4byte	0x39a
 587 039a 0B       		.uleb128 0xb
 588 039b A5020000 		.4byte	.LASF70
 589 039f 10       		.byte	0x10
 590 03a0 08       		.byte	0x8
 591 03a1 7B01     		.2byte	0x17b
 592 03a3 DC030000 		.4byte	0x3dc
 593 03a7 09       		.uleb128 0x9
 594 03a8 BD010000 		.4byte	.LASF64
 595 03ac 08       		.byte	0x8
 596 03ad 7C01     		.2byte	0x17c
 597 03af 31070000 		.4byte	0x731
 598 03b3 00       		.byte	0
 599 03b4 09       		.uleb128 0x9
 600 03b5 78010000 		.4byte	.LASF65
 601 03b9 08       		.byte	0x8
 602 03ba 7E01     		.2byte	0x17e
 603 03bc 31070000 		.4byte	0x731
 604 03c0 04       		.byte	0x4
 605 03c1 09       		.uleb128 0x9
 606 03c2 D3010000 		.4byte	.LASF66
 607 03c6 08       		.byte	0x8
 608 03c7 8001     		.2byte	0x180
 609 03c9 30010000 		.4byte	0x130
 610 03cd 08       		.byte	0x8
 611 03ce 09       		.uleb128 0x9
 612 03cf CF060000 		.4byte	.LASF71
 613 03d3 08       		.byte	0x8
 614 03d4 8201     		.2byte	0x182
 615 03d6 2C070000 		.4byte	0x72c
 616 03da 0C       		.byte	0xc
 617 03db 00       		.byte	0
 618 03dc 04       		.uleb128 0x4
 619 03dd 41000000 		.4byte	.LASF72
 620 03e1 07       		.byte	0x7
 621 03e2 6B       		.byte	0x6b
 622 03e3 E7030000 		.4byte	0x3e7
 623 03e7 0B       		.uleb128 0xb
 624 03e8 76030000 		.4byte	.LASF73
 625 03ec 04       		.byte	0x4
 626 03ed 08       		.byte	0x8
 627 03ee A201     		.2byte	0x1a2
ARM GAS  /tmp/cc6kf5f9.s 			page 12


 628 03f0 02040000 		.4byte	0x402
 629 03f4 09       		.uleb128 0x9
 630 03f5 F0050000 		.4byte	.LASF74
 631 03f9 08       		.byte	0x8
 632 03fa AA01     		.2byte	0x1aa
 633 03fc 37070000 		.4byte	0x737
 634 0400 00       		.byte	0
 635 0401 00       		.byte	0
 636 0402 04       		.uleb128 0x4
 637 0403 19060000 		.4byte	.LASF75
 638 0407 07       		.byte	0x7
 639 0408 70       		.byte	0x70
 640 0409 0D040000 		.4byte	0x40d
 641 040d 0F       		.uleb128 0xf
 642 040e 1B010000 		.4byte	.LASF76
 643 0412 5802     		.2byte	0x258
 644 0414 08       		.byte	0x8
 645 0415 C201     		.2byte	0x1c2
 646 0417 69040000 		.4byte	0x469
 647 041b 09       		.uleb128 0x9
 648 041c A9060000 		.4byte	.LASF77
 649 0420 08       		.byte	0x8
 650 0421 C601     		.2byte	0x1c6
 651 0423 B0020000 		.4byte	0x2b0
 652 0427 00       		.byte	0
 653 0428 09       		.uleb128 0x9
 654 0429 FE000000 		.4byte	.LASF78
 655 042d 08       		.byte	0x8
 656 042e CA01     		.2byte	0x1ca
 657 0430 8F030000 		.4byte	0x38f
 658 0434 1C       		.byte	0x1c
 659 0435 08       		.uleb128 0x8
 660 0436 64626700 		.ascii	"dbg\000"
 661 043a 08       		.byte	0x8
 662 043b CE01     		.2byte	0x1ce
 663 043d DC030000 		.4byte	0x3dc
 664 0441 2C       		.byte	0x2c
 665 0442 09       		.uleb128 0x9
 666 0443 7A000000 		.4byte	.LASF79
 667 0447 08       		.byte	0x8
 668 0448 D201     		.2byte	0x1d2
 669 044a 3B010000 		.4byte	0x13b
 670 044e 30       		.byte	0x30
 671 044f 08       		.uleb128 0x8
 672 0450 746D00   		.ascii	"tm\000"
 673 0453 08       		.byte	0x8
 674 0454 D701     		.2byte	0x1d7
 675 0456 4A060000 		.4byte	0x64a
 676 045a 78       		.byte	0x78
 677 045b 09       		.uleb128 0x9
 678 045c 9B010000 		.4byte	.LASF80
 679 0460 08       		.byte	0x8
 680 0461 E301     		.2byte	0x1e3
 681 0463 3C070000 		.4byte	0x73c
 682 0467 80       		.byte	0x80
 683 0468 00       		.byte	0
 684 0469 03       		.uleb128 0x3
ARM GAS  /tmp/cc6kf5f9.s 			page 13


 685 046a 04       		.byte	0x4
 686 046b 07       		.byte	0x7
 687 046c 84020000 		.4byte	.LASF81
 688 0470 10       		.uleb128 0x10
 689 0471 C8000000 		.4byte	0xc8
 690 0475 11       		.uleb128 0x11
 691 0476 10       		.byte	0x10
 692 0477 09       		.byte	0x9
 693 0478 6F02     		.2byte	0x26f
 694 047a B3040000 		.4byte	0x4b3
 695 047e 09       		.uleb128 0x9
 696 047f 74060000 		.4byte	.LASF82
 697 0483 09       		.byte	0x9
 698 0484 7102     		.2byte	0x271
 699 0486 C8000000 		.4byte	0xc8
 700 048a 00       		.byte	0
 701 048b 09       		.uleb128 0x9
 702 048c A0020000 		.4byte	.LASF83
 703 0490 09       		.byte	0x9
 704 0491 7202     		.2byte	0x272
 705 0493 C8000000 		.4byte	0xc8
 706 0497 04       		.byte	0x4
 707 0498 08       		.uleb128 0x8
 708 0499 56414C00 		.ascii	"VAL\000"
 709 049d 09       		.byte	0x9
 710 049e 7302     		.2byte	0x273
 711 04a0 C8000000 		.4byte	0xc8
 712 04a4 08       		.byte	0x8
 713 04a5 09       		.uleb128 0x9
 714 04a6 ED010000 		.4byte	.LASF84
 715 04aa 09       		.byte	0x9
 716 04ab 7402     		.2byte	0x274
 717 04ad 70040000 		.4byte	0x470
 718 04b1 0C       		.byte	0xc
 719 04b2 00       		.byte	0
 720 04b3 12       		.uleb128 0x12
 721 04b4 5A010000 		.4byte	.LASF85
 722 04b8 09       		.byte	0x9
 723 04b9 7502     		.2byte	0x275
 724 04bb 75040000 		.4byte	0x475
 725 04bf 04       		.uleb128 0x4
 726 04c0 6F010000 		.4byte	.LASF86
 727 04c4 0A       		.byte	0xa
 728 04c5 65       		.byte	0x65
 729 04c6 33030000 		.4byte	0x333
 730 04ca 04       		.uleb128 0x4
 731 04cb 4C020000 		.4byte	.LASF87
 732 04cf 0A       		.byte	0xa
 733 04d0 6D       		.byte	0x6d
 734 04d1 B8000000 		.4byte	0xb8
 735 04d5 06       		.uleb128 0x6
 736 04d6 01060000 		.4byte	.LASF88
 737 04da 04       		.byte	0x4
 738 04db 0A       		.byte	0xa
 739 04dc 89       		.byte	0x89
 740 04dd EE040000 		.4byte	0x4ee
 741 04e1 13       		.uleb128 0x13
ARM GAS  /tmp/cc6kf5f9.s 			page 14


 742 04e2 72313300 		.ascii	"r13\000"
 743 04e6 0A       		.byte	0xa
 744 04e7 8A       		.byte	0x8a
 745 04e8 2F060000 		.4byte	0x62f
 746 04ec 00       		.byte	0
 747 04ed 00       		.byte	0
 748 04ee 06       		.uleb128 0x6
 749 04ef 35000000 		.4byte	.LASF89
 750 04f3 64       		.byte	0x64
 751 04f4 0B       		.byte	0xb
 752 04f5 F4       		.byte	0xf4
 753 04f6 2F060000 		.4byte	0x62f
 754 04fa 13       		.uleb128 0x13
 755 04fb 73313600 		.ascii	"s16\000"
 756 04ff 0B       		.byte	0xb
 757 0500 F6       		.byte	0xf6
 758 0501 BF040000 		.4byte	0x4bf
 759 0505 00       		.byte	0
 760 0506 13       		.uleb128 0x13
 761 0507 73313700 		.ascii	"s17\000"
 762 050b 0B       		.byte	0xb
 763 050c F7       		.byte	0xf7
 764 050d BF040000 		.4byte	0x4bf
 765 0511 04       		.byte	0x4
 766 0512 13       		.uleb128 0x13
 767 0513 73313800 		.ascii	"s18\000"
 768 0517 0B       		.byte	0xb
 769 0518 F8       		.byte	0xf8
 770 0519 BF040000 		.4byte	0x4bf
 771 051d 08       		.byte	0x8
 772 051e 13       		.uleb128 0x13
 773 051f 73313900 		.ascii	"s19\000"
 774 0523 0B       		.byte	0xb
 775 0524 F9       		.byte	0xf9
 776 0525 BF040000 		.4byte	0x4bf
 777 0529 0C       		.byte	0xc
 778 052a 13       		.uleb128 0x13
 779 052b 73323000 		.ascii	"s20\000"
 780 052f 0B       		.byte	0xb
 781 0530 FA       		.byte	0xfa
 782 0531 BF040000 		.4byte	0x4bf
 783 0535 10       		.byte	0x10
 784 0536 13       		.uleb128 0x13
 785 0537 73323100 		.ascii	"s21\000"
 786 053b 0B       		.byte	0xb
 787 053c FB       		.byte	0xfb
 788 053d BF040000 		.4byte	0x4bf
 789 0541 14       		.byte	0x14
 790 0542 13       		.uleb128 0x13
 791 0543 73323200 		.ascii	"s22\000"
 792 0547 0B       		.byte	0xb
 793 0548 FC       		.byte	0xfc
 794 0549 BF040000 		.4byte	0x4bf
 795 054d 18       		.byte	0x18
 796 054e 13       		.uleb128 0x13
 797 054f 73323300 		.ascii	"s23\000"
 798 0553 0B       		.byte	0xb
ARM GAS  /tmp/cc6kf5f9.s 			page 15


 799 0554 FD       		.byte	0xfd
 800 0555 BF040000 		.4byte	0x4bf
 801 0559 1C       		.byte	0x1c
 802 055a 13       		.uleb128 0x13
 803 055b 73323400 		.ascii	"s24\000"
 804 055f 0B       		.byte	0xb
 805 0560 FE       		.byte	0xfe
 806 0561 BF040000 		.4byte	0x4bf
 807 0565 20       		.byte	0x20
 808 0566 13       		.uleb128 0x13
 809 0567 73323500 		.ascii	"s25\000"
 810 056b 0B       		.byte	0xb
 811 056c FF       		.byte	0xff
 812 056d BF040000 		.4byte	0x4bf
 813 0571 24       		.byte	0x24
 814 0572 08       		.uleb128 0x8
 815 0573 73323600 		.ascii	"s26\000"
 816 0577 0B       		.byte	0xb
 817 0578 0001     		.2byte	0x100
 818 057a BF040000 		.4byte	0x4bf
 819 057e 28       		.byte	0x28
 820 057f 08       		.uleb128 0x8
 821 0580 73323700 		.ascii	"s27\000"
 822 0584 0B       		.byte	0xb
 823 0585 0101     		.2byte	0x101
 824 0587 BF040000 		.4byte	0x4bf
 825 058b 2C       		.byte	0x2c
 826 058c 08       		.uleb128 0x8
 827 058d 73323800 		.ascii	"s28\000"
 828 0591 0B       		.byte	0xb
 829 0592 0201     		.2byte	0x102
 830 0594 BF040000 		.4byte	0x4bf
 831 0598 30       		.byte	0x30
 832 0599 08       		.uleb128 0x8
 833 059a 73323900 		.ascii	"s29\000"
 834 059e 0B       		.byte	0xb
 835 059f 0301     		.2byte	0x103
 836 05a1 BF040000 		.4byte	0x4bf
 837 05a5 34       		.byte	0x34
 838 05a6 08       		.uleb128 0x8
 839 05a7 73333000 		.ascii	"s30\000"
 840 05ab 0B       		.byte	0xb
 841 05ac 0401     		.2byte	0x104
 842 05ae BF040000 		.4byte	0x4bf
 843 05b2 38       		.byte	0x38
 844 05b3 08       		.uleb128 0x8
 845 05b4 73333100 		.ascii	"s31\000"
 846 05b8 0B       		.byte	0xb
 847 05b9 0501     		.2byte	0x105
 848 05bb BF040000 		.4byte	0x4bf
 849 05bf 3C       		.byte	0x3c
 850 05c0 08       		.uleb128 0x8
 851 05c1 723400   		.ascii	"r4\000"
 852 05c4 0B       		.byte	0xb
 853 05c5 0701     		.2byte	0x107
 854 05c7 BF040000 		.4byte	0x4bf
 855 05cb 40       		.byte	0x40
ARM GAS  /tmp/cc6kf5f9.s 			page 16


 856 05cc 08       		.uleb128 0x8
 857 05cd 723500   		.ascii	"r5\000"
 858 05d0 0B       		.byte	0xb
 859 05d1 0801     		.2byte	0x108
 860 05d3 BF040000 		.4byte	0x4bf
 861 05d7 44       		.byte	0x44
 862 05d8 08       		.uleb128 0x8
 863 05d9 723600   		.ascii	"r6\000"
 864 05dc 0B       		.byte	0xb
 865 05dd 0901     		.2byte	0x109
 866 05df BF040000 		.4byte	0x4bf
 867 05e3 48       		.byte	0x48
 868 05e4 08       		.uleb128 0x8
 869 05e5 723700   		.ascii	"r7\000"
 870 05e8 0B       		.byte	0xb
 871 05e9 0A01     		.2byte	0x10a
 872 05eb BF040000 		.4byte	0x4bf
 873 05ef 4C       		.byte	0x4c
 874 05f0 08       		.uleb128 0x8
 875 05f1 723800   		.ascii	"r8\000"
 876 05f4 0B       		.byte	0xb
 877 05f5 0B01     		.2byte	0x10b
 878 05f7 BF040000 		.4byte	0x4bf
 879 05fb 50       		.byte	0x50
 880 05fc 08       		.uleb128 0x8
 881 05fd 723900   		.ascii	"r9\000"
 882 0600 0B       		.byte	0xb
 883 0601 0C01     		.2byte	0x10c
 884 0603 BF040000 		.4byte	0x4bf
 885 0607 54       		.byte	0x54
 886 0608 08       		.uleb128 0x8
 887 0609 72313000 		.ascii	"r10\000"
 888 060d 0B       		.byte	0xb
 889 060e 0D01     		.2byte	0x10d
 890 0610 BF040000 		.4byte	0x4bf
 891 0614 58       		.byte	0x58
 892 0615 08       		.uleb128 0x8
 893 0616 72313100 		.ascii	"r11\000"
 894 061a 0B       		.byte	0xb
 895 061b 0E01     		.2byte	0x10e
 896 061d BF040000 		.4byte	0x4bf
 897 0621 5C       		.byte	0x5c
 898 0622 08       		.uleb128 0x8
 899 0623 6C7200   		.ascii	"lr\000"
 900 0626 0B       		.byte	0xb
 901 0627 0F01     		.2byte	0x10f
 902 0629 BF040000 		.4byte	0x4bf
 903 062d 60       		.byte	0x60
 904 062e 00       		.byte	0
 905 062f 0A       		.uleb128 0xa
 906 0630 04       		.byte	0x4
 907 0631 EE040000 		.4byte	0x4ee
 908 0635 14       		.uleb128 0x14
 909 0636 04       		.byte	0x4
 910 0637 0C       		.byte	0xc
 911 0638 38       		.byte	0x38
 912 0639 4A060000 		.4byte	0x64a
ARM GAS  /tmp/cc6kf5f9.s 			page 17


 913 063d 07       		.uleb128 0x7
 914 063e FA050000 		.4byte	.LASF90
 915 0642 0C       		.byte	0xc
 916 0643 3C       		.byte	0x3c
 917 0644 CD000000 		.4byte	0xcd
 918 0648 00       		.byte	0
 919 0649 00       		.byte	0
 920 064a 04       		.uleb128 0x4
 921 064b CA020000 		.4byte	.LASF91
 922 064f 0C       		.byte	0xc
 923 0650 3D       		.byte	0x3d
 924 0651 35060000 		.4byte	0x635
 925 0655 15       		.uleb128 0x15
 926 0656 04       		.byte	0x4
 927 0657 08       		.byte	0x8
 928 0658 FA       		.byte	0xfa
 929 0659 B2060000 		.4byte	0x6b2
 930 065d 16       		.uleb128 0x16
 931 065e 1B000000 		.4byte	.LASF92
 932 0662 08       		.byte	0x8
 933 0663 0101     		.2byte	0x101
 934 0665 0F010000 		.4byte	0x10f
 935 0669 16       		.uleb128 0x16
 936 066a 71000000 		.4byte	.LASF93
 937 066e 08       		.byte	0x8
 938 066f 0801     		.2byte	0x108
 939 0671 0F010000 		.4byte	0x10f
 940 0675 16       		.uleb128 0x16
 941 0676 21020000 		.4byte	.LASF94
 942 067a 08       		.byte	0x8
 943 067b 0F01     		.2byte	0x10f
 944 067d 33030000 		.4byte	0x333
 945 0681 16       		.uleb128 0x16
 946 0682 15000000 		.4byte	.LASF95
 947 0686 08       		.byte	0x8
 948 0687 1601     		.2byte	0x116
 949 0689 B2060000 		.4byte	0x6b2
 950 068d 16       		.uleb128 0x16
 951 068e CC010000 		.4byte	.LASF96
 952 0692 08       		.byte	0x8
 953 0693 1E01     		.2byte	0x11e
 954 0695 DD060000 		.4byte	0x6dd
 955 0699 16       		.uleb128 0x16
 956 069a 49040000 		.4byte	.LASF97
 957 069e 08       		.byte	0x8
 958 069f 2701     		.2byte	0x127
 959 06a1 14070000 		.4byte	0x714
 960 06a5 16       		.uleb128 0x16
 961 06a6 F9030000 		.4byte	.LASF98
 962 06aa 08       		.byte	0x8
 963 06ab 2F01     		.2byte	0x12f
 964 06ad 1A010000 		.4byte	0x11a
 965 06b1 00       		.byte	0
 966 06b2 0A       		.uleb128 0xa
 967 06b3 04       		.byte	0x4
 968 06b4 4B020000 		.4byte	0x24b
 969 06b8 06       		.uleb128 0x6
ARM GAS  /tmp/cc6kf5f9.s 			page 18


 970 06b9 28040000 		.4byte	.LASF99
 971 06bd 0C       		.byte	0xc
 972 06be 0D       		.byte	0xd
 973 06bf 34       		.byte	0x34
 974 06c0 DD060000 		.4byte	0x6dd
 975 06c4 07       		.uleb128 0x7
 976 06c5 3F010000 		.4byte	.LASF100
 977 06c9 0D       		.byte	0xd
 978 06ca 35       		.byte	0x35
 979 06cb 80020000 		.4byte	0x280
 980 06cf 00       		.byte	0
 981 06d0 07       		.uleb128 0x7
 982 06d1 E7010000 		.4byte	.LASF101
 983 06d5 0D       		.byte	0xd
 984 06d6 37       		.byte	0x37
 985 06d7 25010000 		.4byte	0x125
 986 06db 08       		.byte	0x8
 987 06dc 00       		.byte	0
 988 06dd 0A       		.uleb128 0xa
 989 06de 04       		.byte	0x4
 990 06df B8060000 		.4byte	0x6b8
 991 06e3 06       		.uleb128 0x6
 992 06e4 90060000 		.4byte	.LASF102
 993 06e8 10       		.byte	0x10
 994 06e9 0E       		.byte	0xe
 995 06ea 39       		.byte	0x39
 996 06eb 14070000 		.4byte	0x714
 997 06ef 07       		.uleb128 0x7
 998 06f0 F6000000 		.4byte	.LASF103
 999 06f4 0E       		.byte	0xe
 1000 06f5 3A       		.byte	0x3a
 1001 06f6 80020000 		.4byte	0x280
 1002 06fa 00       		.byte	0
 1003 06fb 07       		.uleb128 0x7
 1004 06fc E0060000 		.4byte	.LASF104
 1005 0700 0E       		.byte	0xe
 1006 0701 3C       		.byte	0x3c
 1007 0702 56020000 		.4byte	0x256
 1008 0706 08       		.byte	0x8
 1009 0707 07       		.uleb128 0x7
 1010 0708 B8050000 		.4byte	.LASF105
 1011 070c 0E       		.byte	0xe
 1012 070d 3E       		.byte	0x3e
 1013 070e 57070000 		.4byte	0x757
 1014 0712 0C       		.byte	0xc
 1015 0713 00       		.byte	0
 1016 0714 0A       		.uleb128 0xa
 1017 0715 04       		.byte	0x4
 1018 0716 E3060000 		.4byte	0x6e3
 1019 071a 0A       		.uleb128 0xa
 1020 071b 04       		.byte	0x4
 1021 071c 20070000 		.4byte	0x720
 1022 0720 10       		.uleb128 0x10
 1023 0721 25070000 		.4byte	0x725
 1024 0725 03       		.uleb128 0x3
 1025 0726 01       		.byte	0x1
 1026 0727 08       		.byte	0x8
ARM GAS  /tmp/cc6kf5f9.s 			page 19


 1027 0728 7A040000 		.4byte	.LASF106
 1028 072c 05       		.uleb128 0x5
 1029 072d 30010000 		.4byte	0x130
 1030 0731 0A       		.uleb128 0xa
 1031 0732 04       		.byte	0x4
 1032 0733 35030000 		.4byte	0x335
 1033 0737 05       		.uleb128 0x5
 1034 0738 1A070000 		.4byte	0x71a
 1035 073c 17       		.uleb128 0x17
 1036 073d CA040000 		.4byte	0x4ca
 1037 0741 4C070000 		.4byte	0x74c
 1038 0745 18       		.uleb128 0x18
 1039 0746 69040000 		.4byte	0x469
 1040 074a 3A       		.byte	0x3a
 1041 074b 00       		.byte	0
 1042 074c 04       		.uleb128 0x4
 1043 074d 93010000 		.4byte	.LASF107
 1044 0751 0E       		.byte	0xe
 1045 0752 34       		.byte	0x34
 1046 0753 E3060000 		.4byte	0x6e3
 1047 0757 0A       		.uleb128 0xa
 1048 0758 04       		.byte	0x4
 1049 0759 4C070000 		.4byte	0x74c
 1050 075d 03       		.uleb128 0x3
 1051 075e 01       		.byte	0x1
 1052 075f 02       		.byte	0x2
 1053 0760 86030000 		.4byte	.LASF108
 1054 0764 19       		.uleb128 0x19
 1055 0765 36030000 		.4byte	.LASF109
 1056 0769 02       		.byte	0x2
 1057 076a 5401     		.2byte	0x154
 1058 076c 03       		.byte	0x3
 1059 076d 19       		.uleb128 0x19
 1060 076e ED020000 		.4byte	.LASF110
 1061 0772 02       		.byte	0x2
 1062 0773 4901     		.2byte	0x149
 1063 0775 03       		.byte	0x3
 1064 0776 19       		.uleb128 0x19
 1065 0777 50000000 		.4byte	.LASF111
 1066 077b 0B       		.byte	0xb
 1067 077c BC01     		.2byte	0x1bc
 1068 077e 03       		.byte	0x3
 1069 077f 19       		.uleb128 0x19
 1070 0780 05010000 		.4byte	.LASF112
 1071 0784 0B       		.byte	0xb
 1072 0785 CA01     		.2byte	0x1ca
 1073 0787 03       		.byte	0x3
 1074 0788 19       		.uleb128 0x19
 1075 0789 2D060000 		.4byte	.LASF113
 1076 078d 0B       		.byte	0xb
 1077 078e D901     		.2byte	0x1d9
 1078 0790 03       		.byte	0x3
 1079 0791 19       		.uleb128 0x19
 1080 0792 7F040000 		.4byte	.LASF114
 1081 0796 0B       		.byte	0xb
 1082 0797 E401     		.2byte	0x1e4
 1083 0799 03       		.byte	0x3
ARM GAS  /tmp/cc6kf5f9.s 			page 20


 1084 079a 19       		.uleb128 0x19
 1085 079b B7060000 		.4byte	.LASF115
 1086 079f 0F       		.byte	0xf
 1087 07a0 8201     		.2byte	0x182
 1088 07a2 03       		.byte	0x3
 1089 07a3 19       		.uleb128 0x19
 1090 07a4 63030000 		.4byte	.LASF116
 1091 07a8 0F       		.byte	0xf
 1092 07a9 9601     		.2byte	0x196
 1093 07ab 03       		.byte	0x3
 1094 07ac 19       		.uleb128 0x19
 1095 07ad 80010000 		.4byte	.LASF117
 1096 07b1 03       		.byte	0x3
 1097 07b2 0102     		.2byte	0x201
 1098 07b4 03       		.byte	0x3
 1099 07b5 19       		.uleb128 0x19
 1100 07b6 57020000 		.4byte	.LASF118
 1101 07ba 03       		.byte	0x3
 1102 07bb 4702     		.2byte	0x247
 1103 07bd 03       		.byte	0x3
 1104 07be 19       		.uleb128 0x19
 1105 07bf 9B000000 		.4byte	.LASF119
 1106 07c3 03       		.byte	0x3
 1107 07c4 0C02     		.2byte	0x20c
 1108 07c6 03       		.byte	0x3
 1109 07c7 1A       		.uleb128 0x1a
 1110 07c8 09060000 		.4byte	.LASF120
 1111 07cc 01       		.byte	0x1
 1112 07cd 9A       		.byte	0x9a
 1113 07ce 00000000 		.4byte	.LFB256
 1114 07d2 12000000 		.4byte	.LFE256-.LFB256
 1115 07d6 01       		.uleb128 0x1
 1116 07d7 9C       		.byte	0x9c
 1117 07d8 B1080000 		.4byte	0x8b1
 1118 07dc 1B       		.uleb128 0x1b
 1119 07dd AC070000 		.4byte	0x7ac
 1120 07e1 02000000 		.4byte	.LBB52
 1121 07e5 02000000 		.4byte	.LBE52-.LBB52
 1122 07e9 01       		.byte	0x1
 1123 07ea 9E       		.byte	0x9e
 1124 07eb 33080000 		.4byte	0x833
 1125 07ef 1C       		.uleb128 0x1c
 1126 07f0 9A070000 		.4byte	0x79a
 1127 07f4 02000000 		.4byte	.LBB53
 1128 07f8 02000000 		.4byte	.LBE53-.LBB53
 1129 07fc 03       		.byte	0x3
 1130 07fd 0302     		.2byte	0x203
 1131 07ff 1C       		.uleb128 0x1c
 1132 0800 88070000 		.4byte	0x788
 1133 0804 02000000 		.4byte	.LBB54
 1134 0808 02000000 		.4byte	.LBE54-.LBB54
 1135 080c 0F       		.byte	0xf
 1136 080d 8401     		.2byte	0x184
 1137 080f 1C       		.uleb128 0x1c
 1138 0810 76070000 		.4byte	0x776
 1139 0814 02000000 		.4byte	.LBB55
 1140 0818 02000000 		.4byte	.LBE55-.LBB55
ARM GAS  /tmp/cc6kf5f9.s 			page 21


 1141 081c 0B       		.byte	0xb
 1142 081d DB01     		.2byte	0x1db
 1143 081f 1D       		.uleb128 0x1d
 1144 0820 64070000 		.4byte	0x764
 1145 0824 02000000 		.4byte	.LBB56
 1146 0828 02000000 		.4byte	.LBE56-.LBB56
 1147 082c 0B       		.byte	0xb
 1148 082d C101     		.2byte	0x1c1
 1149 082f 00       		.byte	0
 1150 0830 00       		.byte	0
 1151 0831 00       		.byte	0
 1152 0832 00       		.byte	0
 1153 0833 1B       		.uleb128 0x1b
 1154 0834 B5070000 		.4byte	0x7b5
 1155 0838 04000000 		.4byte	.LBB58
 1156 083c 04000000 		.4byte	.LBE58-.LBB58
 1157 0840 01       		.byte	0x1
 1158 0841 9F       		.byte	0x9f
 1159 0842 50080000 		.4byte	0x850
 1160 0846 1E       		.uleb128 0x1e
 1161 0847 08000000 		.4byte	.LVL0
 1162 084b F2080000 		.4byte	0x8f2
 1163 084f 00       		.byte	0
 1164 0850 1B       		.uleb128 0x1b
 1165 0851 BE070000 		.4byte	0x7be
 1166 0855 08000000 		.4byte	.LBB60
 1167 0859 02000000 		.4byte	.LBE60-.LBB60
 1168 085d 01       		.byte	0x1
 1169 085e A0       		.byte	0xa0
 1170 085f A7080000 		.4byte	0x8a7
 1171 0863 1C       		.uleb128 0x1c
 1172 0864 A3070000 		.4byte	0x7a3
 1173 0868 08000000 		.4byte	.LBB61
 1174 086c 02000000 		.4byte	.LBE61-.LBB61
 1175 0870 03       		.byte	0x3
 1176 0871 0E02     		.2byte	0x20e
 1177 0873 1C       		.uleb128 0x1c
 1178 0874 91070000 		.4byte	0x791
 1179 0878 08000000 		.4byte	.LBB62
 1180 087c 02000000 		.4byte	.LBE62-.LBB62
 1181 0880 0F       		.byte	0xf
 1182 0881 9A01     		.2byte	0x19a
 1183 0883 1C       		.uleb128 0x1c
 1184 0884 7F070000 		.4byte	0x77f
 1185 0888 08000000 		.4byte	.LBB63
 1186 088c 02000000 		.4byte	.LBE63-.LBB63
 1187 0890 0B       		.byte	0xb
 1188 0891 E601     		.2byte	0x1e6
 1189 0893 1D       		.uleb128 0x1d
 1190 0894 6D070000 		.4byte	0x76d
 1191 0898 08000000 		.4byte	.LBB64
 1192 089c 02000000 		.4byte	.LBE64-.LBB64
 1193 08a0 0B       		.byte	0xb
 1194 08a1 CF01     		.2byte	0x1cf
 1195 08a3 00       		.byte	0
 1196 08a4 00       		.byte	0
 1197 08a5 00       		.byte	0
ARM GAS  /tmp/cc6kf5f9.s 			page 22


 1198 08a6 00       		.byte	0
 1199 08a7 1F       		.uleb128 0x1f
 1200 08a8 12000000 		.4byte	.LVL1
 1201 08ac FA080000 		.4byte	0x8fa
 1202 08b0 00       		.byte	0
 1203 08b1 1A       		.uleb128 0x1a
 1204 08b2 B0000000 		.4byte	.LASF121
 1205 08b6 01       		.byte	0x1
 1206 08b7 C9       		.byte	0xc9
 1207 08b8 00000000 		.4byte	.LFB257
 1208 08bc 1C000000 		.4byte	.LFE257-.LFB257
 1209 08c0 01       		.uleb128 0x1
 1210 08c1 9C       		.byte	0x9c
 1211 08c2 DB080000 		.4byte	0x8db
 1212 08c6 20       		.uleb128 0x20
 1213 08c7 18000000 		.4byte	.LVL2
 1214 08cb 02090000 		.4byte	0x902
 1215 08cf 21       		.uleb128 0x21
 1216 08d0 01       		.uleb128 0x1
 1217 08d1 51       		.byte	0x51
 1218 08d2 01       		.uleb128 0x1
 1219 08d3 38       		.byte	0x38
 1220 08d4 21       		.uleb128 0x21
 1221 08d5 01       		.uleb128 0x1
 1222 08d6 50       		.byte	0x50
 1223 08d7 01       		.uleb128 0x1
 1224 08d8 3B       		.byte	0x3b
 1225 08d9 00       		.byte	0
 1226 08da 00       		.byte	0
 1227 08db 22       		.uleb128 0x22
 1228 08dc A2030000 		.4byte	.LASF122
 1229 08e0 09       		.byte	0x9
 1230 08e1 A706     		.2byte	0x6a7
 1231 08e3 C3000000 		.4byte	0xc3
 1232 08e7 23       		.uleb128 0x23
 1233 08e8 636800   		.ascii	"ch\000"
 1234 08eb 08       		.byte	0x8
 1235 08ec 0902     		.2byte	0x209
 1236 08ee 02040000 		.4byte	0x402
 1237 08f2 24       		.uleb128 0x24
 1238 08f3 C9050000 		.4byte	.LASF123
 1239 08f7 0F       		.byte	0xf
 1240 08f8 1801     		.2byte	0x118
 1241 08fa 24       		.uleb128 0x24
 1242 08fb 0E020000 		.4byte	.LASF124
 1243 08ff 0B       		.byte	0xb
 1244 0900 6601     		.2byte	0x166
 1245 0902 25       		.uleb128 0x25
 1246 0903 D5030000 		.4byte	.LASF128
 1247 0907 10       		.byte	0x10
 1248 0908 50       		.byte	0x50
 1249 0909 0D       		.uleb128 0xd
 1250 090a AD000000 		.4byte	0xad
 1251 090e 0D       		.uleb128 0xd
 1252 090f AD000000 		.4byte	0xad
 1253 0913 00       		.byte	0
 1254 0914 00       		.byte	0
ARM GAS  /tmp/cc6kf5f9.s 			page 23


 1255              		.section	.debug_abbrev,"",%progbits
 1256              	.Ldebug_abbrev0:
 1257 0000 01       		.uleb128 0x1
 1258 0001 11       		.uleb128 0x11
 1259 0002 01       		.byte	0x1
 1260 0003 25       		.uleb128 0x25
 1261 0004 0E       		.uleb128 0xe
 1262 0005 13       		.uleb128 0x13
 1263 0006 0B       		.uleb128 0xb
 1264 0007 03       		.uleb128 0x3
 1265 0008 0E       		.uleb128 0xe
 1266 0009 1B       		.uleb128 0x1b
 1267 000a 0E       		.uleb128 0xe
 1268 000b 55       		.uleb128 0x55
 1269 000c 17       		.uleb128 0x17
 1270 000d 11       		.uleb128 0x11
 1271 000e 01       		.uleb128 0x1
 1272 000f 10       		.uleb128 0x10
 1273 0010 17       		.uleb128 0x17
 1274 0011 00       		.byte	0
 1275 0012 00       		.byte	0
 1276 0013 02       		.uleb128 0x2
 1277 0014 24       		.uleb128 0x24
 1278 0015 00       		.byte	0
 1279 0016 0B       		.uleb128 0xb
 1280 0017 0B       		.uleb128 0xb
 1281 0018 3E       		.uleb128 0x3e
 1282 0019 0B       		.uleb128 0xb
 1283 001a 03       		.uleb128 0x3
 1284 001b 08       		.uleb128 0x8
 1285 001c 00       		.byte	0
 1286 001d 00       		.byte	0
 1287 001e 03       		.uleb128 0x3
 1288 001f 24       		.uleb128 0x24
 1289 0020 00       		.byte	0
 1290 0021 0B       		.uleb128 0xb
 1291 0022 0B       		.uleb128 0xb
 1292 0023 3E       		.uleb128 0x3e
 1293 0024 0B       		.uleb128 0xb
 1294 0025 03       		.uleb128 0x3
 1295 0026 0E       		.uleb128 0xe
 1296 0027 00       		.byte	0
 1297 0028 00       		.byte	0
 1298 0029 04       		.uleb128 0x4
 1299 002a 16       		.uleb128 0x16
 1300 002b 00       		.byte	0
 1301 002c 03       		.uleb128 0x3
 1302 002d 0E       		.uleb128 0xe
 1303 002e 3A       		.uleb128 0x3a
 1304 002f 0B       		.uleb128 0xb
 1305 0030 3B       		.uleb128 0x3b
 1306 0031 0B       		.uleb128 0xb
 1307 0032 49       		.uleb128 0x49
 1308 0033 13       		.uleb128 0x13
 1309 0034 00       		.byte	0
 1310 0035 00       		.byte	0
 1311 0036 05       		.uleb128 0x5
ARM GAS  /tmp/cc6kf5f9.s 			page 24


 1312 0037 35       		.uleb128 0x35
 1313 0038 00       		.byte	0
 1314 0039 49       		.uleb128 0x49
 1315 003a 13       		.uleb128 0x13
 1316 003b 00       		.byte	0
 1317 003c 00       		.byte	0
 1318 003d 06       		.uleb128 0x6
 1319 003e 13       		.uleb128 0x13
 1320 003f 01       		.byte	0x1
 1321 0040 03       		.uleb128 0x3
 1322 0041 0E       		.uleb128 0xe
 1323 0042 0B       		.uleb128 0xb
 1324 0043 0B       		.uleb128 0xb
 1325 0044 3A       		.uleb128 0x3a
 1326 0045 0B       		.uleb128 0xb
 1327 0046 3B       		.uleb128 0x3b
 1328 0047 0B       		.uleb128 0xb
 1329 0048 01       		.uleb128 0x1
 1330 0049 13       		.uleb128 0x13
 1331 004a 00       		.byte	0
 1332 004b 00       		.byte	0
 1333 004c 07       		.uleb128 0x7
 1334 004d 0D       		.uleb128 0xd
 1335 004e 00       		.byte	0
 1336 004f 03       		.uleb128 0x3
 1337 0050 0E       		.uleb128 0xe
 1338 0051 3A       		.uleb128 0x3a
 1339 0052 0B       		.uleb128 0xb
 1340 0053 3B       		.uleb128 0x3b
 1341 0054 0B       		.uleb128 0xb
 1342 0055 49       		.uleb128 0x49
 1343 0056 13       		.uleb128 0x13
 1344 0057 38       		.uleb128 0x38
 1345 0058 0B       		.uleb128 0xb
 1346 0059 00       		.byte	0
 1347 005a 00       		.byte	0
 1348 005b 08       		.uleb128 0x8
 1349 005c 0D       		.uleb128 0xd
 1350 005d 00       		.byte	0
 1351 005e 03       		.uleb128 0x3
 1352 005f 08       		.uleb128 0x8
 1353 0060 3A       		.uleb128 0x3a
 1354 0061 0B       		.uleb128 0xb
 1355 0062 3B       		.uleb128 0x3b
 1356 0063 05       		.uleb128 0x5
 1357 0064 49       		.uleb128 0x49
 1358 0065 13       		.uleb128 0x13
 1359 0066 38       		.uleb128 0x38
 1360 0067 0B       		.uleb128 0xb
 1361 0068 00       		.byte	0
 1362 0069 00       		.byte	0
 1363 006a 09       		.uleb128 0x9
 1364 006b 0D       		.uleb128 0xd
 1365 006c 00       		.byte	0
 1366 006d 03       		.uleb128 0x3
 1367 006e 0E       		.uleb128 0xe
 1368 006f 3A       		.uleb128 0x3a
ARM GAS  /tmp/cc6kf5f9.s 			page 25


 1369 0070 0B       		.uleb128 0xb
 1370 0071 3B       		.uleb128 0x3b
 1371 0072 05       		.uleb128 0x5
 1372 0073 49       		.uleb128 0x49
 1373 0074 13       		.uleb128 0x13
 1374 0075 38       		.uleb128 0x38
 1375 0076 0B       		.uleb128 0xb
 1376 0077 00       		.byte	0
 1377 0078 00       		.byte	0
 1378 0079 0A       		.uleb128 0xa
 1379 007a 0F       		.uleb128 0xf
 1380 007b 00       		.byte	0
 1381 007c 0B       		.uleb128 0xb
 1382 007d 0B       		.uleb128 0xb
 1383 007e 49       		.uleb128 0x49
 1384 007f 13       		.uleb128 0x13
 1385 0080 00       		.byte	0
 1386 0081 00       		.byte	0
 1387 0082 0B       		.uleb128 0xb
 1388 0083 13       		.uleb128 0x13
 1389 0084 01       		.byte	0x1
 1390 0085 03       		.uleb128 0x3
 1391 0086 0E       		.uleb128 0xe
 1392 0087 0B       		.uleb128 0xb
 1393 0088 0B       		.uleb128 0xb
 1394 0089 3A       		.uleb128 0x3a
 1395 008a 0B       		.uleb128 0xb
 1396 008b 3B       		.uleb128 0x3b
 1397 008c 05       		.uleb128 0x5
 1398 008d 01       		.uleb128 0x1
 1399 008e 13       		.uleb128 0x13
 1400 008f 00       		.byte	0
 1401 0090 00       		.byte	0
 1402 0091 0C       		.uleb128 0xc
 1403 0092 15       		.uleb128 0x15
 1404 0093 01       		.byte	0x1
 1405 0094 27       		.uleb128 0x27
 1406 0095 19       		.uleb128 0x19
 1407 0096 01       		.uleb128 0x1
 1408 0097 13       		.uleb128 0x13
 1409 0098 00       		.byte	0
 1410 0099 00       		.byte	0
 1411 009a 0D       		.uleb128 0xd
 1412 009b 05       		.uleb128 0x5
 1413 009c 00       		.byte	0
 1414 009d 49       		.uleb128 0x49
 1415 009e 13       		.uleb128 0x13
 1416 009f 00       		.byte	0
 1417 00a0 00       		.byte	0
 1418 00a1 0E       		.uleb128 0xe
 1419 00a2 0F       		.uleb128 0xf
 1420 00a3 00       		.byte	0
 1421 00a4 0B       		.uleb128 0xb
 1422 00a5 0B       		.uleb128 0xb
 1423 00a6 00       		.byte	0
 1424 00a7 00       		.byte	0
 1425 00a8 0F       		.uleb128 0xf
ARM GAS  /tmp/cc6kf5f9.s 			page 26


 1426 00a9 13       		.uleb128 0x13
 1427 00aa 01       		.byte	0x1
 1428 00ab 03       		.uleb128 0x3
 1429 00ac 0E       		.uleb128 0xe
 1430 00ad 0B       		.uleb128 0xb
 1431 00ae 05       		.uleb128 0x5
 1432 00af 3A       		.uleb128 0x3a
 1433 00b0 0B       		.uleb128 0xb
 1434 00b1 3B       		.uleb128 0x3b
 1435 00b2 05       		.uleb128 0x5
 1436 00b3 01       		.uleb128 0x1
 1437 00b4 13       		.uleb128 0x13
 1438 00b5 00       		.byte	0
 1439 00b6 00       		.byte	0
 1440 00b7 10       		.uleb128 0x10
 1441 00b8 26       		.uleb128 0x26
 1442 00b9 00       		.byte	0
 1443 00ba 49       		.uleb128 0x49
 1444 00bb 13       		.uleb128 0x13
 1445 00bc 00       		.byte	0
 1446 00bd 00       		.byte	0
 1447 00be 11       		.uleb128 0x11
 1448 00bf 13       		.uleb128 0x13
 1449 00c0 01       		.byte	0x1
 1450 00c1 0B       		.uleb128 0xb
 1451 00c2 0B       		.uleb128 0xb
 1452 00c3 3A       		.uleb128 0x3a
 1453 00c4 0B       		.uleb128 0xb
 1454 00c5 3B       		.uleb128 0x3b
 1455 00c6 05       		.uleb128 0x5
 1456 00c7 01       		.uleb128 0x1
 1457 00c8 13       		.uleb128 0x13
 1458 00c9 00       		.byte	0
 1459 00ca 00       		.byte	0
 1460 00cb 12       		.uleb128 0x12
 1461 00cc 16       		.uleb128 0x16
 1462 00cd 00       		.byte	0
 1463 00ce 03       		.uleb128 0x3
 1464 00cf 0E       		.uleb128 0xe
 1465 00d0 3A       		.uleb128 0x3a
 1466 00d1 0B       		.uleb128 0xb
 1467 00d2 3B       		.uleb128 0x3b
 1468 00d3 05       		.uleb128 0x5
 1469 00d4 49       		.uleb128 0x49
 1470 00d5 13       		.uleb128 0x13
 1471 00d6 00       		.byte	0
 1472 00d7 00       		.byte	0
 1473 00d8 13       		.uleb128 0x13
 1474 00d9 0D       		.uleb128 0xd
 1475 00da 00       		.byte	0
 1476 00db 03       		.uleb128 0x3
 1477 00dc 08       		.uleb128 0x8
 1478 00dd 3A       		.uleb128 0x3a
 1479 00de 0B       		.uleb128 0xb
 1480 00df 3B       		.uleb128 0x3b
 1481 00e0 0B       		.uleb128 0xb
 1482 00e1 49       		.uleb128 0x49
ARM GAS  /tmp/cc6kf5f9.s 			page 27


 1483 00e2 13       		.uleb128 0x13
 1484 00e3 38       		.uleb128 0x38
 1485 00e4 0B       		.uleb128 0xb
 1486 00e5 00       		.byte	0
 1487 00e6 00       		.byte	0
 1488 00e7 14       		.uleb128 0x14
 1489 00e8 13       		.uleb128 0x13
 1490 00e9 01       		.byte	0x1
 1491 00ea 0B       		.uleb128 0xb
 1492 00eb 0B       		.uleb128 0xb
 1493 00ec 3A       		.uleb128 0x3a
 1494 00ed 0B       		.uleb128 0xb
 1495 00ee 3B       		.uleb128 0x3b
 1496 00ef 0B       		.uleb128 0xb
 1497 00f0 01       		.uleb128 0x1
 1498 00f1 13       		.uleb128 0x13
 1499 00f2 00       		.byte	0
 1500 00f3 00       		.byte	0
 1501 00f4 15       		.uleb128 0x15
 1502 00f5 17       		.uleb128 0x17
 1503 00f6 01       		.byte	0x1
 1504 00f7 0B       		.uleb128 0xb
 1505 00f8 0B       		.uleb128 0xb
 1506 00f9 3A       		.uleb128 0x3a
 1507 00fa 0B       		.uleb128 0xb
 1508 00fb 3B       		.uleb128 0x3b
 1509 00fc 0B       		.uleb128 0xb
 1510 00fd 01       		.uleb128 0x1
 1511 00fe 13       		.uleb128 0x13
 1512 00ff 00       		.byte	0
 1513 0100 00       		.byte	0
 1514 0101 16       		.uleb128 0x16
 1515 0102 0D       		.uleb128 0xd
 1516 0103 00       		.byte	0
 1517 0104 03       		.uleb128 0x3
 1518 0105 0E       		.uleb128 0xe
 1519 0106 3A       		.uleb128 0x3a
 1520 0107 0B       		.uleb128 0xb
 1521 0108 3B       		.uleb128 0x3b
 1522 0109 05       		.uleb128 0x5
 1523 010a 49       		.uleb128 0x49
 1524 010b 13       		.uleb128 0x13
 1525 010c 00       		.byte	0
 1526 010d 00       		.byte	0
 1527 010e 17       		.uleb128 0x17
 1528 010f 01       		.uleb128 0x1
 1529 0110 01       		.byte	0x1
 1530 0111 49       		.uleb128 0x49
 1531 0112 13       		.uleb128 0x13
 1532 0113 01       		.uleb128 0x1
 1533 0114 13       		.uleb128 0x13
 1534 0115 00       		.byte	0
 1535 0116 00       		.byte	0
 1536 0117 18       		.uleb128 0x18
 1537 0118 21       		.uleb128 0x21
 1538 0119 00       		.byte	0
 1539 011a 49       		.uleb128 0x49
ARM GAS  /tmp/cc6kf5f9.s 			page 28


 1540 011b 13       		.uleb128 0x13
 1541 011c 2F       		.uleb128 0x2f
 1542 011d 0B       		.uleb128 0xb
 1543 011e 00       		.byte	0
 1544 011f 00       		.byte	0
 1545 0120 19       		.uleb128 0x19
 1546 0121 2E       		.uleb128 0x2e
 1547 0122 00       		.byte	0
 1548 0123 03       		.uleb128 0x3
 1549 0124 0E       		.uleb128 0xe
 1550 0125 3A       		.uleb128 0x3a
 1551 0126 0B       		.uleb128 0xb
 1552 0127 3B       		.uleb128 0x3b
 1553 0128 05       		.uleb128 0x5
 1554 0129 27       		.uleb128 0x27
 1555 012a 19       		.uleb128 0x19
 1556 012b 20       		.uleb128 0x20
 1557 012c 0B       		.uleb128 0xb
 1558 012d 00       		.byte	0
 1559 012e 00       		.byte	0
 1560 012f 1A       		.uleb128 0x1a
 1561 0130 2E       		.uleb128 0x2e
 1562 0131 01       		.byte	0x1
 1563 0132 3F       		.uleb128 0x3f
 1564 0133 19       		.uleb128 0x19
 1565 0134 03       		.uleb128 0x3
 1566 0135 0E       		.uleb128 0xe
 1567 0136 3A       		.uleb128 0x3a
 1568 0137 0B       		.uleb128 0xb
 1569 0138 3B       		.uleb128 0x3b
 1570 0139 0B       		.uleb128 0xb
 1571 013a 27       		.uleb128 0x27
 1572 013b 19       		.uleb128 0x19
 1573 013c 11       		.uleb128 0x11
 1574 013d 01       		.uleb128 0x1
 1575 013e 12       		.uleb128 0x12
 1576 013f 06       		.uleb128 0x6
 1577 0140 40       		.uleb128 0x40
 1578 0141 18       		.uleb128 0x18
 1579 0142 9742     		.uleb128 0x2117
 1580 0144 19       		.uleb128 0x19
 1581 0145 01       		.uleb128 0x1
 1582 0146 13       		.uleb128 0x13
 1583 0147 00       		.byte	0
 1584 0148 00       		.byte	0
 1585 0149 1B       		.uleb128 0x1b
 1586 014a 1D       		.uleb128 0x1d
 1587 014b 01       		.byte	0x1
 1588 014c 31       		.uleb128 0x31
 1589 014d 13       		.uleb128 0x13
 1590 014e 11       		.uleb128 0x11
 1591 014f 01       		.uleb128 0x1
 1592 0150 12       		.uleb128 0x12
 1593 0151 06       		.uleb128 0x6
 1594 0152 58       		.uleb128 0x58
 1595 0153 0B       		.uleb128 0xb
 1596 0154 59       		.uleb128 0x59
ARM GAS  /tmp/cc6kf5f9.s 			page 29


 1597 0155 0B       		.uleb128 0xb
 1598 0156 01       		.uleb128 0x1
 1599 0157 13       		.uleb128 0x13
 1600 0158 00       		.byte	0
 1601 0159 00       		.byte	0
 1602 015a 1C       		.uleb128 0x1c
 1603 015b 1D       		.uleb128 0x1d
 1604 015c 01       		.byte	0x1
 1605 015d 31       		.uleb128 0x31
 1606 015e 13       		.uleb128 0x13
 1607 015f 11       		.uleb128 0x11
 1608 0160 01       		.uleb128 0x1
 1609 0161 12       		.uleb128 0x12
 1610 0162 06       		.uleb128 0x6
 1611 0163 58       		.uleb128 0x58
 1612 0164 0B       		.uleb128 0xb
 1613 0165 59       		.uleb128 0x59
 1614 0166 05       		.uleb128 0x5
 1615 0167 00       		.byte	0
 1616 0168 00       		.byte	0
 1617 0169 1D       		.uleb128 0x1d
 1618 016a 1D       		.uleb128 0x1d
 1619 016b 00       		.byte	0
 1620 016c 31       		.uleb128 0x31
 1621 016d 13       		.uleb128 0x13
 1622 016e 11       		.uleb128 0x11
 1623 016f 01       		.uleb128 0x1
 1624 0170 12       		.uleb128 0x12
 1625 0171 06       		.uleb128 0x6
 1626 0172 58       		.uleb128 0x58
 1627 0173 0B       		.uleb128 0xb
 1628 0174 59       		.uleb128 0x59
 1629 0175 05       		.uleb128 0x5
 1630 0176 00       		.byte	0
 1631 0177 00       		.byte	0
 1632 0178 1E       		.uleb128 0x1e
 1633 0179 898201   		.uleb128 0x4109
 1634 017c 00       		.byte	0
 1635 017d 11       		.uleb128 0x11
 1636 017e 01       		.uleb128 0x1
 1637 017f 31       		.uleb128 0x31
 1638 0180 13       		.uleb128 0x13
 1639 0181 00       		.byte	0
 1640 0182 00       		.byte	0
 1641 0183 1F       		.uleb128 0x1f
 1642 0184 898201   		.uleb128 0x4109
 1643 0187 00       		.byte	0
 1644 0188 11       		.uleb128 0x11
 1645 0189 01       		.uleb128 0x1
 1646 018a 9542     		.uleb128 0x2115
 1647 018c 19       		.uleb128 0x19
 1648 018d 31       		.uleb128 0x31
 1649 018e 13       		.uleb128 0x13
 1650 018f 00       		.byte	0
 1651 0190 00       		.byte	0
 1652 0191 20       		.uleb128 0x20
 1653 0192 898201   		.uleb128 0x4109
ARM GAS  /tmp/cc6kf5f9.s 			page 30


 1654 0195 01       		.byte	0x1
 1655 0196 11       		.uleb128 0x11
 1656 0197 01       		.uleb128 0x1
 1657 0198 9542     		.uleb128 0x2115
 1658 019a 19       		.uleb128 0x19
 1659 019b 31       		.uleb128 0x31
 1660 019c 13       		.uleb128 0x13
 1661 019d 00       		.byte	0
 1662 019e 00       		.byte	0
 1663 019f 21       		.uleb128 0x21
 1664 01a0 8A8201   		.uleb128 0x410a
 1665 01a3 00       		.byte	0
 1666 01a4 02       		.uleb128 0x2
 1667 01a5 18       		.uleb128 0x18
 1668 01a6 9142     		.uleb128 0x2111
 1669 01a8 18       		.uleb128 0x18
 1670 01a9 00       		.byte	0
 1671 01aa 00       		.byte	0
 1672 01ab 22       		.uleb128 0x22
 1673 01ac 34       		.uleb128 0x34
 1674 01ad 00       		.byte	0
 1675 01ae 03       		.uleb128 0x3
 1676 01af 0E       		.uleb128 0xe
 1677 01b0 3A       		.uleb128 0x3a
 1678 01b1 0B       		.uleb128 0xb
 1679 01b2 3B       		.uleb128 0x3b
 1680 01b3 05       		.uleb128 0x5
 1681 01b4 49       		.uleb128 0x49
 1682 01b5 13       		.uleb128 0x13
 1683 01b6 3F       		.uleb128 0x3f
 1684 01b7 19       		.uleb128 0x19
 1685 01b8 3C       		.uleb128 0x3c
 1686 01b9 19       		.uleb128 0x19
 1687 01ba 00       		.byte	0
 1688 01bb 00       		.byte	0
 1689 01bc 23       		.uleb128 0x23
 1690 01bd 34       		.uleb128 0x34
 1691 01be 00       		.byte	0
 1692 01bf 03       		.uleb128 0x3
 1693 01c0 08       		.uleb128 0x8
 1694 01c1 3A       		.uleb128 0x3a
 1695 01c2 0B       		.uleb128 0xb
 1696 01c3 3B       		.uleb128 0x3b
 1697 01c4 05       		.uleb128 0x5
 1698 01c5 49       		.uleb128 0x49
 1699 01c6 13       		.uleb128 0x13
 1700 01c7 3F       		.uleb128 0x3f
 1701 01c8 19       		.uleb128 0x19
 1702 01c9 3C       		.uleb128 0x3c
 1703 01ca 19       		.uleb128 0x19
 1704 01cb 00       		.byte	0
 1705 01cc 00       		.byte	0
 1706 01cd 24       		.uleb128 0x24
 1707 01ce 2E       		.uleb128 0x2e
 1708 01cf 00       		.byte	0
 1709 01d0 3F       		.uleb128 0x3f
 1710 01d1 19       		.uleb128 0x19
ARM GAS  /tmp/cc6kf5f9.s 			page 31


 1711 01d2 03       		.uleb128 0x3
 1712 01d3 0E       		.uleb128 0xe
 1713 01d4 3A       		.uleb128 0x3a
 1714 01d5 0B       		.uleb128 0xb
 1715 01d6 3B       		.uleb128 0x3b
 1716 01d7 05       		.uleb128 0x5
 1717 01d8 27       		.uleb128 0x27
 1718 01d9 19       		.uleb128 0x19
 1719 01da 3C       		.uleb128 0x3c
 1720 01db 19       		.uleb128 0x19
 1721 01dc 00       		.byte	0
 1722 01dd 00       		.byte	0
 1723 01de 25       		.uleb128 0x25
 1724 01df 2E       		.uleb128 0x2e
 1725 01e0 01       		.byte	0x1
 1726 01e1 3F       		.uleb128 0x3f
 1727 01e2 19       		.uleb128 0x19
 1728 01e3 03       		.uleb128 0x3
 1729 01e4 0E       		.uleb128 0xe
 1730 01e5 3A       		.uleb128 0x3a
 1731 01e6 0B       		.uleb128 0xb
 1732 01e7 3B       		.uleb128 0x3b
 1733 01e8 0B       		.uleb128 0xb
 1734 01e9 27       		.uleb128 0x27
 1735 01ea 19       		.uleb128 0x19
 1736 01eb 3C       		.uleb128 0x3c
 1737 01ec 19       		.uleb128 0x19
 1738 01ed 00       		.byte	0
 1739 01ee 00       		.byte	0
 1740 01ef 00       		.byte	0
 1741              		.section	.debug_aranges,"",%progbits
 1742 0000 24000000 		.4byte	0x24
 1743 0004 0200     		.2byte	0x2
 1744 0006 00000000 		.4byte	.Ldebug_info0
 1745 000a 04       		.byte	0x4
 1746 000b 00       		.byte	0
 1747 000c 0000     		.2byte	0
 1748 000e 0000     		.2byte	0
 1749 0010 00000000 		.4byte	.LFB256
 1750 0014 12000000 		.4byte	.LFE256-.LFB256
 1751 0018 00000000 		.4byte	.LFB257
 1752 001c 1C000000 		.4byte	.LFE257-.LFB257
 1753 0020 00000000 		.4byte	0
 1754 0024 00000000 		.4byte	0
 1755              		.section	.debug_ranges,"",%progbits
 1756              	.Ldebug_ranges0:
 1757 0000 00000000 		.4byte	.LFB256
 1758 0004 12000000 		.4byte	.LFE256
 1759 0008 00000000 		.4byte	.LFB257
 1760 000c 1C000000 		.4byte	.LFE257
 1761 0010 00000000 		.4byte	0
 1762 0014 00000000 		.4byte	0
 1763              		.section	.debug_line,"",%progbits
 1764              	.Ldebug_line0:
 1765 0000 6E020000 		.section	.debug_str,"MS",%progbits,1
 1765      02002502 
 1765      00000201 
ARM GAS  /tmp/cc6kf5f9.s 			page 32


 1765      FB0E0D00 
 1765      01010101 
 1766              	.LASF20:
 1767 0000 74726566 		.ascii	"trefs_t\000"
 1767      735F7400 
 1768              	.LASF53:
 1769 0008 72656164 		.ascii	"ready_list_t\000"
 1769      795F6C69 
 1769      73745F74 
 1769      00
 1770              	.LASF95:
 1771 0015 77747472 		.ascii	"wttrp\000"
 1771      7000
 1772              	.LASF92:
 1773 001b 7264796D 		.ascii	"rdymsg\000"
 1773      736700
 1774              	.LASF16:
 1775 0022 75696E74 		.ascii	"uint64_t\000"
 1775      36345F74 
 1775      00
 1776              	.LASF5:
 1777 002b 5F5F7569 		.ascii	"__uint8_t\000"
 1777      6E74385F 
 1777      7400
 1778              	.LASF89:
 1779 0035 706F7274 		.ascii	"port_intctx\000"
 1779      5F696E74 
 1779      63747800 
 1780              	.LASF72:
 1781 0041 73797374 		.ascii	"system_debug_t\000"
 1781      656D5F64 
 1781      65627567 
 1781      5F7400
 1782              	.LASF111:
 1783 0050 706F7274 		.ascii	"port_lock\000"
 1783      5F6C6F63 
 1783      6B00
 1784              	.LASF12:
 1785 005a 6C6F6E67 		.ascii	"long long unsigned int\000"
 1785      206C6F6E 
 1785      6720756E 
 1785      7369676E 
 1785      65642069 
 1786              	.LASF93:
 1787 0071 65786974 		.ascii	"exitcode\000"
 1787      636F6465 
 1787      00
 1788              	.LASF79:
 1789 007a 6D61696E 		.ascii	"mainthread\000"
 1789      74687265 
 1789      616400
 1790              	.LASF69:
 1791 0085 76697274 		.ascii	"virtual_timers_list_t\000"
 1791      75616C5F 
 1791      74696D65 
 1791      72735F6C 
 1791      6973745F 
ARM GAS  /tmp/cc6kf5f9.s 			page 33


 1792              	.LASF119:
 1793 009b 6F73616C 		.ascii	"osalSysUnlockFromISR\000"
 1793      53797355 
 1793      6E6C6F63 
 1793      6B46726F 
 1793      6D495352 
 1794              	.LASF121:
 1795 00b0 73745F6C 		.ascii	"st_lld_init\000"
 1795      6C645F69 
 1795      6E697400 
 1796              	.LASF52:
 1797 00bc 63685F74 		.ascii	"ch_threads_queue\000"
 1797      68726561 
 1797      64735F71 
 1797      75657565 
 1797      00
 1798              	.LASF30:
 1799 00cd 705F7072 		.ascii	"p_prio\000"
 1799      696F00
 1800              	.LASF10:
 1801 00d4 6C6F6E67 		.ascii	"long long int\000"
 1801      206C6F6E 
 1801      6720696E 
 1801      7400
 1802              	.LASF1:
 1803 00e2 7369676E 		.ascii	"signed char\000"
 1803      65642063 
 1803      68617200 
 1804              	.LASF46:
 1805 00ee 705F6D70 		.ascii	"p_mpool\000"
 1805      6F6F6C00 
 1806              	.LASF103:
 1807 00f6 6D5F7175 		.ascii	"m_queue\000"
 1807      65756500 
 1808              	.LASF78:
 1809 00fe 76746C69 		.ascii	"vtlist\000"
 1809      737400
 1810              	.LASF112:
 1811 0105 706F7274 		.ascii	"port_unlock\000"
 1811      5F756E6C 
 1811      6F636B00 
 1812              	.LASF21:
 1813 0111 74736C69 		.ascii	"tslices_t\000"
 1813      6365735F 
 1813      7400
 1814              	.LASF76:
 1815 011b 63685F73 		.ascii	"ch_system\000"
 1815      79737465 
 1815      6D00
 1816              	.LASF7:
 1817 0125 6C6F6E67 		.ascii	"long int\000"
 1817      20696E74 
 1817      00
 1818              	.LASF19:
 1819 012e 74737461 		.ascii	"tstate_t\000"
 1819      74655F74 
 1819      00
ARM GAS  /tmp/cc6kf5f9.s 			page 34


 1820              	.LASF32:
 1821 0137 705F6E65 		.ascii	"p_newer\000"
 1821      77657200 
 1822              	.LASF100:
 1823 013f 735F7175 		.ascii	"s_queue\000"
 1823      65756500 
 1824              	.LASF4:
 1825 0147 73686F72 		.ascii	"short unsigned int\000"
 1825      7420756E 
 1825      7369676E 
 1825      65642069 
 1825      6E7400
 1826              	.LASF85:
 1827 015a 53797354 		.ascii	"SysTick_Type\000"
 1827      69636B5F 
 1827      54797065 
 1827      00
 1828              	.LASF58:
 1829 0167 725F6E65 		.ascii	"r_newer\000"
 1829      77657200 
 1830              	.LASF86:
 1831 016f 72656761 		.ascii	"regarm_t\000"
 1831      726D5F74 
 1831      00
 1832              	.LASF65:
 1833 0178 76745F70 		.ascii	"vt_prev\000"
 1833      72657600 
 1834              	.LASF117:
 1835 0180 6F73616C 		.ascii	"osalSysLockFromISR\000"
 1835      5379734C 
 1835      6F636B46 
 1835      726F6D49 
 1835      535200
 1836              	.LASF107:
 1837 0193 6D757465 		.ascii	"mutex_t\000"
 1837      785F7400 
 1838              	.LASF80:
 1839 019b 69646C65 		.ascii	"idle_thread_wa\000"
 1839      5F746872 
 1839      6561645F 
 1839      776100
 1840              	.LASF25:
 1841 01aa 636E745F 		.ascii	"cnt_t\000"
 1841      7400
 1842              	.LASF0:
 1843 01b0 756E7369 		.ascii	"unsigned int\000"
 1843      676E6564 
 1843      20696E74 
 1843      00
 1844              	.LASF64:
 1845 01bd 76745F6E 		.ascii	"vt_next\000"
 1845      65787400 
 1846              	.LASF39:
 1847 01c5 705F7469 		.ascii	"p_time\000"
 1847      6D6500
 1848              	.LASF96:
 1849 01cc 77747365 		.ascii	"wtsemp\000"
ARM GAS  /tmp/cc6kf5f9.s 			page 35


 1849      6D7000
 1850              	.LASF66:
 1851 01d3 76745F64 		.ascii	"vt_delta\000"
 1851      656C7461 
 1851      00
 1852              	.LASF41:
 1853 01dc 705F6D73 		.ascii	"p_msgqueue\000"
 1853      67717565 
 1853      756500
 1854              	.LASF101:
 1855 01e7 735F636E 		.ascii	"s_cnt\000"
 1855      7400
 1856              	.LASF84:
 1857 01ed 43414C49 		.ascii	"CALIB\000"
 1857      4200
 1858              	.LASF49:
 1859 01f3 63685F74 		.ascii	"ch_thread\000"
 1859      68726561 
 1859      6400
 1860              	.LASF23:
 1861 01fd 6D73675F 		.ascii	"msg_t\000"
 1861      7400
 1862              	.LASF45:
 1863 0203 705F7265 		.ascii	"p_realprio\000"
 1863      616C7072 
 1863      696F00
 1864              	.LASF124:
 1865 020e 5F706F72 		.ascii	"_port_irq_epilogue\000"
 1865      745F6972 
 1865      715F6570 
 1865      696C6F67 
 1865      756500
 1866              	.LASF94:
 1867 0221 77746F62 		.ascii	"wtobjp\000"
 1867      6A7000
 1868              	.LASF54:
 1869 0228 63685F72 		.ascii	"ch_ready_list\000"
 1869      65616479 
 1869      5F6C6973 
 1869      7400
 1870              	.LASF24:
 1871 0236 6576656E 		.ascii	"eventmask_t\000"
 1871      746D6173 
 1871      6B5F7400 
 1872              	.LASF6:
 1873 0242 5F5F696E 		.ascii	"__int32_t\000"
 1873      7433325F 
 1873      7400
 1874              	.LASF87:
 1875 024c 73746B61 		.ascii	"stkalign_t\000"
 1875      6C69676E 
 1875      5F7400
 1876              	.LASF118:
 1877 0257 6F73616C 		.ascii	"osalOsTimerHandlerI\000"
 1877      4F735469 
 1877      6D657248 
 1877      616E646C 
ARM GAS  /tmp/cc6kf5f9.s 			page 36


 1877      65724900 
 1878              	.LASF48:
 1879 026b 74687265 		.ascii	"threads_list_t\000"
 1879      6164735F 
 1879      6C697374 
 1879      5F7400
 1880              	.LASF40:
 1881 027a 705F7761 		.ascii	"p_waiting\000"
 1881      6974696E 
 1881      6700
 1882              	.LASF81:
 1883 0284 73697A65 		.ascii	"sizetype\000"
 1883      74797065 
 1883      00
 1884              	.LASF47:
 1885 028d 74687265 		.ascii	"thread_reference_t\000"
 1885      61645F72 
 1885      65666572 
 1885      656E6365 
 1885      5F7400
 1886              	.LASF83:
 1887 02a0 4C4F4144 		.ascii	"LOAD\000"
 1887      00
 1888              	.LASF70:
 1889 02a5 63685F76 		.ascii	"ch_virtual_timers_list\000"
 1889      69727475 
 1889      616C5F74 
 1889      696D6572 
 1889      735F6C69 
 1890              	.LASF33:
 1891 02bc 705F6F6C 		.ascii	"p_older\000"
 1891      64657200 
 1892              	.LASF57:
 1893 02c4 725F6374 		.ascii	"r_ctx\000"
 1893      7800
 1894              	.LASF91:
 1895 02ca 746D5F63 		.ascii	"tm_calibration_t\000"
 1895      616C6962 
 1895      72617469 
 1895      6F6E5F74 
 1895      00
 1896              	.LASF60:
 1897 02db 725F6375 		.ascii	"r_current\000"
 1897      7272656E 
 1897      7400
 1898              	.LASF59:
 1899 02e5 725F6F6C 		.ascii	"r_older\000"
 1899      64657200 
 1900              	.LASF110:
 1901 02ed 5F5F656E 		.ascii	"__enable_irq\000"
 1901      61626C65 
 1901      5F697271 
 1901      00
 1902              	.LASF11:
 1903 02fa 5F5F7569 		.ascii	"__uint64_t\000"
 1903      6E743634 
 1903      5F7400
ARM GAS  /tmp/cc6kf5f9.s 			page 37


 1904              	.LASF127:
 1905 0305 2F686F6D 		.ascii	"/home/benjamin/Skrivbord/SP-RCCar/Embedded/Mote/\000"
 1905      652F6265 
 1905      6E6A616D 
 1905      696E2F53 
 1905      6B726976 
 1906              	.LASF109:
 1907 0336 5F5F6469 		.ascii	"__disable_irq\000"
 1907      7361626C 
 1907      655F6972 
 1907      7100
 1908              	.LASF62:
 1909 0344 76697274 		.ascii	"virtual_timer_t\000"
 1909      75616C5F 
 1909      74696D65 
 1909      725F7400 
 1910              	.LASF29:
 1911 0354 705F7072 		.ascii	"p_prev\000"
 1911      657600
 1912              	.LASF22:
 1913 035b 74707269 		.ascii	"tprio_t\000"
 1913      6F5F7400 
 1914              	.LASF116:
 1915 0363 63685379 		.ascii	"chSysUnlockFromISR\000"
 1915      73556E6C 
 1915      6F636B46 
 1915      726F6D49 
 1915      535200
 1916              	.LASF73:
 1917 0376 63685F73 		.ascii	"ch_system_debug\000"
 1917      79737465 
 1917      6D5F6465 
 1917      62756700 
 1918              	.LASF108:
 1919 0386 5F426F6F 		.ascii	"_Bool\000"
 1919      6C00
 1920              	.LASF14:
 1921 038c 696E7433 		.ascii	"int32_t\000"
 1921      325F7400 
 1922              	.LASF2:
 1923 0394 756E7369 		.ascii	"unsigned char\000"
 1923      676E6564 
 1923      20636861 
 1923      7200
 1924              	.LASF122:
 1925 03a2 49544D5F 		.ascii	"ITM_RxBuffer\000"
 1925      52784275 
 1925      66666572 
 1925      00
 1926              	.LASF44:
 1927 03af 705F6D74 		.ascii	"p_mtxlist\000"
 1927      786C6973 
 1927      7400
 1928              	.LASF3:
 1929 03b9 73686F72 		.ascii	"short int\000"
 1929      7420696E 
 1929      7400
ARM GAS  /tmp/cc6kf5f9.s 			page 38


 1930              	.LASF35:
 1931 03c3 705F7374 		.ascii	"p_state\000"
 1931      61746500 
 1932              	.LASF38:
 1933 03cb 705F7072 		.ascii	"p_preempt\000"
 1933      65656D70 
 1933      7400
 1934              	.LASF128:
 1935 03d5 6E766963 		.ascii	"nvicSetSystemHandlerPriority\000"
 1935      53657453 
 1935      79737465 
 1935      6D48616E 
 1935      646C6572 
 1936              	.LASF56:
 1937 03f2 725F7072 		.ascii	"r_prio\000"
 1937      696F00
 1938              	.LASF98:
 1939 03f9 65776D61 		.ascii	"ewmask\000"
 1939      736B00
 1940              	.LASF28:
 1941 0400 705F6E65 		.ascii	"p_next\000"
 1941      787400
 1942              	.LASF18:
 1943 0407 746D6F64 		.ascii	"tmode_t\000"
 1943      655F7400 
 1944              	.LASF36:
 1945 040f 705F666C 		.ascii	"p_flags\000"
 1945      61677300 
 1946              	.LASF63:
 1947 0417 63685F76 		.ascii	"ch_virtual_timer\000"
 1947      69727475 
 1947      616C5F74 
 1947      696D6572 
 1947      00
 1948              	.LASF99:
 1949 0428 63685F73 		.ascii	"ch_semaphore\000"
 1949      656D6170 
 1949      686F7265 
 1949      00
 1950              	.LASF43:
 1951 0435 705F6570 		.ascii	"p_epending\000"
 1951      656E6469 
 1951      6E6700
 1952              	.LASF15:
 1953 0440 75696E74 		.ascii	"uint32_t\000"
 1953      33325F74 
 1953      00
 1954              	.LASF97:
 1955 0449 77746D74 		.ascii	"wtmtxp\000"
 1955      787000
 1956              	.LASF55:
 1957 0450 725F7175 		.ascii	"r_queue\000"
 1957      65756500 
 1958              	.LASF50:
 1959 0458 63685F74 		.ascii	"ch_threads_list\000"
 1959      68726561 
 1959      64735F6C 
ARM GAS  /tmp/cc6kf5f9.s 			page 39


 1959      69737400 
 1960              	.LASF9:
 1961 0468 6C6F6E67 		.ascii	"long unsigned int\000"
 1961      20756E73 
 1961      69676E65 
 1961      6420696E 
 1961      7400
 1962              	.LASF106:
 1963 047a 63686172 		.ascii	"char\000"
 1963      00
 1964              	.LASF114:
 1965 047f 706F7274 		.ascii	"port_unlock_from_isr\000"
 1965      5F756E6C 
 1965      6F636B5F 
 1965      66726F6D 
 1965      5F697372 
 1966              	.LASF125:
 1967 0494 474E5520 		.ascii	"GNU C 4.9.3 20150529 (release) [ARM/embedded-4_9-br"
 1967      4320342E 
 1967      392E3320 
 1967      32303135 
 1967      30353239 
 1968 04c7 616E6368 		.ascii	"anch revision 227977] -mcpu=cortex-m4 -mfloat-abi=h"
 1968      20726576 
 1968      6973696F 
 1968      6E203232 
 1968      37393737 
 1969 04fa 61726420 		.ascii	"ard -mfpu=fpv4-sp-d16 -mno-thumb-interwork -mthumb "
 1969      2D6D6670 
 1969      753D6670 
 1969      76342D73 
 1969      702D6431 
 1970 052d 2D676764 		.ascii	"-ggdb -O2 -std=gnu99 -fomit-frame-pointer -falign-f"
 1970      62202D4F 
 1970      32202D73 
 1970      74643D67 
 1970      6E753939 
 1971 0560 756E6374 		.ascii	"unctions=16 -ffunction-sections -fdata-sections -fn"
 1971      696F6E73 
 1971      3D313620 
 1971      2D666675 
 1971      6E637469 
 1972 0593 6F2D636F 		.ascii	"o-common -fsingle-precision-constant\000"
 1972      6D6D6F6E 
 1972      202D6673 
 1972      696E676C 
 1972      652D7072 
 1973              	.LASF105:
 1974 05b8 6D5F6E65 		.ascii	"m_next\000"
 1974      787400
 1975              	.LASF26:
 1976 05bf 73797374 		.ascii	"systime_t\000"
 1976      696D655F 
 1976      7400
 1977              	.LASF123:
 1978 05c9 63685379 		.ascii	"chSysTimerHandlerI\000"
 1978      7354696D 
ARM GAS  /tmp/cc6kf5f9.s 			page 40


 1978      65724861 
 1978      6E646C65 
 1978      724900
 1979              	.LASF61:
 1980 05dc 76746675 		.ascii	"vtfunc_t\000"
 1980      6E635F74 
 1980      00
 1981              	.LASF8:
 1982 05e5 5F5F7569 		.ascii	"__uint32_t\000"
 1982      6E743332 
 1982      5F7400
 1983              	.LASF74:
 1984 05f0 70616E69 		.ascii	"panic_msg\000"
 1984      635F6D73 
 1984      6700
 1985              	.LASF90:
 1986 05fa 6F666673 		.ascii	"offset\000"
 1986      657400
 1987              	.LASF88:
 1988 0601 636F6E74 		.ascii	"context\000"
 1988      65787400 
 1989              	.LASF120:
 1990 0609 53797354 		.ascii	"SysTick_Handler\000"
 1990      69636B5F 
 1990      48616E64 
 1990      6C657200 
 1991              	.LASF75:
 1992 0619 63685F73 		.ascii	"ch_system_t\000"
 1992      79737465 
 1992      6D5F7400 
 1993              	.LASF17:
 1994 0625 7274636E 		.ascii	"rtcnt_t\000"
 1994      745F7400 
 1995              	.LASF113:
 1996 062d 706F7274 		.ascii	"port_lock_from_isr\000"
 1996      5F6C6F63 
 1996      6B5F6672 
 1996      6F6D5F69 
 1996      737200
 1997              	.LASF126:
 1998 0640 43686962 		.ascii	"ChibiOS_3.0.2/os/hal/ports/STM32/LLD/TIMv1/st_lld.c"
 1998      694F535F 
 1998      332E302E 
 1998      322F6F73 
 1998      2F68616C 
 1999 0673 00       		.ascii	"\000"
 2000              	.LASF82:
 2001 0674 4354524C 		.ascii	"CTRL\000"
 2001      00
 2002              	.LASF68:
 2003 0679 76745F70 		.ascii	"vt_par\000"
 2003      617200
 2004              	.LASF51:
 2005 0680 74687265 		.ascii	"threads_queue_t\000"
 2005      6164735F 
 2005      71756575 
 2005      655F7400 
ARM GAS  /tmp/cc6kf5f9.s 			page 41


 2006              	.LASF102:
 2007 0690 63685F6D 		.ascii	"ch_mutex\000"
 2007      75746578 
 2007      00
 2008              	.LASF37:
 2009 0699 705F7265 		.ascii	"p_refs\000"
 2009      667300
 2010              	.LASF27:
 2011 06a0 74687265 		.ascii	"thread_t\000"
 2011      61645F74 
 2011      00
 2012              	.LASF77:
 2013 06a9 726C6973 		.ascii	"rlist\000"
 2013      7400
 2014              	.LASF13:
 2015 06af 75696E74 		.ascii	"uint8_t\000"
 2015      385F7400 
 2016              	.LASF115:
 2017 06b7 63685379 		.ascii	"chSysLockFromISR\000"
 2017      734C6F63 
 2017      6B46726F 
 2017      6D495352 
 2017      00
 2018              	.LASF34:
 2019 06c8 705F6E61 		.ascii	"p_name\000"
 2019      6D6500
 2020              	.LASF71:
 2021 06cf 76745F73 		.ascii	"vt_systime\000"
 2021      79737469 
 2021      6D6500
 2022              	.LASF42:
 2023 06da 705F6D73 		.ascii	"p_msg\000"
 2023      6700
 2024              	.LASF104:
 2025 06e0 6D5F6F77 		.ascii	"m_owner\000"
 2025      6E657200 
 2026              	.LASF31:
 2027 06e8 705F6374 		.ascii	"p_ctx\000"
 2027      7800
 2028              	.LASF67:
 2029 06ee 76745F66 		.ascii	"vt_func\000"
 2029      756E6300 
 2030              		.ident	"GCC: (GNU Tools for ARM Embedded Processors) 4.9.3 20150529 (release) [ARM/embedded-4_9-br
ARM GAS  /tmp/cc6kf5f9.s 			page 42


DEFINED SYMBOLS
                            *ABS*:0000000000000000 st_lld.c
     /tmp/cc6kf5f9.s:21     .text.SysTick_Handler:0000000000000000 $t
     /tmp/cc6kf5f9.s:27     .text.SysTick_Handler:0000000000000000 SysTick_Handler
     /tmp/cc6kf5f9.s:93     .text.st_lld_init:0000000000000000 $t
     /tmp/cc6kf5f9.s:99     .text.st_lld_init:0000000000000000 st_lld_init
     /tmp/cc6kf5f9.s:128    .text.st_lld_init:0000000000000018 $d
                     .debug_frame:0000000000000010 $d

UNDEFINED SYMBOLS
chSysTimerHandlerI
_port_irq_epilogue
nvicSetSystemHandlerPriority
