ARM GAS  /tmp/ccWD2Hqw.s 			page 1


   1              		.syntax unified
   2              		.cpu cortex-m4
   3              		.eabi_attribute 27, 1
   4              		.eabi_attribute 28, 1
   5              		.fpu fpv4-sp-d16
   6              		.eabi_attribute 20, 1
   7              		.eabi_attribute 21, 1
   8              		.eabi_attribute 23, 3
   9              		.eabi_attribute 24, 1
  10              		.eabi_attribute 25, 1
  11              		.eabi_attribute 26, 1
  12              		.eabi_attribute 30, 2
  13              		.eabi_attribute 34, 1
  14              		.eabi_attribute 18, 4
  15              		.thumb
  16              		.file	"stm32f4xx_wwdg.c"
  17              		.text
  18              	.Ltext0:
  19              		.cfi_sections	.debug_frame
  20              		.section	.text.WWDG_DeInit,"ax",%progbits
  21              		.align	2
  22              		.p2align 4,,15
  23              		.global	WWDG_DeInit
  24              		.thumb
  25              		.thumb_func
  26              		.type	WWDG_DeInit, %function
  27              	WWDG_DeInit:
  28              	.LFB112:
  29              		.file 1 "ChibiOS_3.0.2/ext/stdperiph_stm32f4/src/stm32f4xx_wwdg.c"
  30              		.loc 1 143 0
  31              		.cfi_startproc
  32              		@ args = 0, pretend = 0, frame = 0
  33              		@ frame_needed = 0, uses_anonymous_args = 0
  34 0000 08B5     		push	{r3, lr}
  35              		.cfi_def_cfa_offset 8
  36              		.cfi_offset 3, -8
  37              		.cfi_offset 14, -4
  38              		.loc 1 144 0
  39 0002 4FF40060 		mov	r0, #2048
  40 0006 0121     		movs	r1, #1
  41 0008 FFF7FEFF 		bl	RCC_APB1PeriphResetCmd
  42              	.LVL0:
  43              		.loc 1 145 0
  44 000c 4FF40060 		mov	r0, #2048
  45 0010 0021     		movs	r1, #0
  46              		.loc 1 146 0
  47 0012 BDE80840 		pop	{r3, lr}
  48              		.cfi_restore 14
  49              		.cfi_restore 3
  50              		.cfi_def_cfa_offset 0
  51              		.loc 1 145 0
  52 0016 FFF7FEBF 		b	RCC_APB1PeriphResetCmd
  53              	.LVL1:
  54              		.cfi_endproc
  55              	.LFE112:
  56              		.size	WWDG_DeInit, .-WWDG_DeInit
  57 001a 00BF     		.section	.text.WWDG_SetPrescaler,"ax",%progbits
ARM GAS  /tmp/ccWD2Hqw.s 			page 2


  58              		.align	2
  59              		.p2align 4,,15
  60              		.global	WWDG_SetPrescaler
  61              		.thumb
  62              		.thumb_func
  63              		.type	WWDG_SetPrescaler, %function
  64              	WWDG_SetPrescaler:
  65              	.LFB113:
  66              		.loc 1 159 0
  67              		.cfi_startproc
  68              		@ args = 0, pretend = 0, frame = 0
  69              		@ frame_needed = 0, uses_anonymous_args = 0
  70              		@ link register save eliminated.
  71              	.LVL2:
  72              		.loc 1 164 0
  73 0000 034A     		ldr	r2, .L4
  74 0002 5368     		ldr	r3, [r2, #4]
  75 0004 23F4C073 		bic	r3, r3, #384
  76              	.LVL3:
  77              		.loc 1 166 0
  78 0008 1843     		orrs	r0, r0, r3
  79              	.LVL4:
  80              		.loc 1 168 0
  81 000a 5060     		str	r0, [r2, #4]
  82 000c 7047     		bx	lr
  83              	.L5:
  84 000e 00BF     		.align	2
  85              	.L4:
  86 0010 002C0040 		.word	1073753088
  87              		.cfi_endproc
  88              	.LFE113:
  89              		.size	WWDG_SetPrescaler, .-WWDG_SetPrescaler
  90              		.section	.text.WWDG_SetWindowValue,"ax",%progbits
  91              		.align	2
  92              		.p2align 4,,15
  93              		.global	WWDG_SetWindowValue
  94              		.thumb
  95              		.thumb_func
  96              		.type	WWDG_SetWindowValue, %function
  97              	WWDG_SetWindowValue:
  98              	.LFB114:
  99              		.loc 1 178 0
 100              		.cfi_startproc
 101              		@ args = 0, pretend = 0, frame = 8
 102              		@ frame_needed = 0, uses_anonymous_args = 0
 103              		@ link register save eliminated.
 104              	.LVL5:
 105 0000 82B0     		sub	sp, sp, #8
 106              		.cfi_def_cfa_offset 8
 107              		.loc 1 185 0
 108 0002 084A     		ldr	r2, .L8
 109              		.loc 1 179 0
 110 0004 0023     		movs	r3, #0
 111 0006 0193     		str	r3, [sp, #4]
 112              		.loc 1 185 0
 113 0008 5368     		ldr	r3, [r2, #4]
 114 000a 23F07F03 		bic	r3, r3, #127
ARM GAS  /tmp/ccWD2Hqw.s 			page 3


 115 000e 0193     		str	r3, [sp, #4]
 116              		.loc 1 188 0
 117 0010 019B     		ldr	r3, [sp, #4]
 118 0012 00F07F00 		and	r0, r0, #127
 119              	.LVL6:
 120 0016 0343     		orrs	r3, r3, r0
 121 0018 0193     		str	r3, [sp, #4]
 122              		.loc 1 191 0
 123 001a 019B     		ldr	r3, [sp, #4]
 124 001c 5360     		str	r3, [r2, #4]
 125              		.loc 1 192 0
 126 001e 02B0     		add	sp, sp, #8
 127              		.cfi_def_cfa_offset 0
 128              		@ sp needed
 129 0020 7047     		bx	lr
 130              	.L9:
 131 0022 00BF     		.align	2
 132              	.L8:
 133 0024 002C0040 		.word	1073753088
 134              		.cfi_endproc
 135              	.LFE114:
 136              		.size	WWDG_SetWindowValue, .-WWDG_SetWindowValue
 137              		.section	.text.WWDG_EnableIT,"ax",%progbits
 138              		.align	2
 139              		.p2align 4,,15
 140              		.global	WWDG_EnableIT
 141              		.thumb
 142              		.thumb_func
 143              		.type	WWDG_EnableIT, %function
 144              	WWDG_EnableIT:
 145              	.LFB115:
 146              		.loc 1 201 0
 147              		.cfi_startproc
 148              		@ args = 0, pretend = 0, frame = 0
 149              		@ frame_needed = 0, uses_anonymous_args = 0
 150              		@ link register save eliminated.
 151              		.loc 1 202 0
 152 0000 014B     		ldr	r3, .L11
 153 0002 0122     		movs	r2, #1
 154 0004 1A60     		str	r2, [r3]
 155 0006 7047     		bx	lr
 156              	.L12:
 157              		.align	2
 158              	.L11:
 159 0008 A4800542 		.word	1107656868
 160              		.cfi_endproc
 161              	.LFE115:
 162              		.size	WWDG_EnableIT, .-WWDG_EnableIT
 163              		.section	.text.WWDG_SetCounter,"ax",%progbits
 164              		.align	2
 165              		.p2align 4,,15
 166              		.global	WWDG_SetCounter
 167              		.thumb
 168              		.thumb_func
 169              		.type	WWDG_SetCounter, %function
 170              	WWDG_SetCounter:
 171              	.LFB116:
ARM GAS  /tmp/ccWD2Hqw.s 			page 4


 172              		.loc 1 213 0
 173              		.cfi_startproc
 174              		@ args = 0, pretend = 0, frame = 0
 175              		@ frame_needed = 0, uses_anonymous_args = 0
 176              		@ link register save eliminated.
 177              	.LVL7:
 178              		.loc 1 218 0
 179 0000 024B     		ldr	r3, .L14
 180 0002 00F07F00 		and	r0, r0, #127
 181              	.LVL8:
 182 0006 1860     		str	r0, [r3]
 183 0008 7047     		bx	lr
 184              	.L15:
 185 000a 00BF     		.align	2
 186              	.L14:
 187 000c 002C0040 		.word	1073753088
 188              		.cfi_endproc
 189              	.LFE116:
 190              		.size	WWDG_SetCounter, .-WWDG_SetCounter
 191              		.section	.text.WWDG_Enable,"ax",%progbits
 192              		.align	2
 193              		.p2align 4,,15
 194              		.global	WWDG_Enable
 195              		.thumb
 196              		.thumb_func
 197              		.type	WWDG_Enable, %function
 198              	WWDG_Enable:
 199              	.LFB117:
 200              		.loc 1 244 0
 201              		.cfi_startproc
 202              		@ args = 0, pretend = 0, frame = 0
 203              		@ frame_needed = 0, uses_anonymous_args = 0
 204              		@ link register save eliminated.
 205              	.LVL9:
 206              		.loc 1 247 0
 207 0000 024B     		ldr	r3, .L17
 208 0002 40F08000 		orr	r0, r0, #128
 209              	.LVL10:
 210 0006 1860     		str	r0, [r3]
 211 0008 7047     		bx	lr
 212              	.L18:
 213 000a 00BF     		.align	2
 214              	.L17:
 215 000c 002C0040 		.word	1073753088
 216              		.cfi_endproc
 217              	.LFE117:
 218              		.size	WWDG_Enable, .-WWDG_Enable
 219              		.section	.text.WWDG_GetFlagStatus,"ax",%progbits
 220              		.align	2
 221              		.p2align 4,,15
 222              		.global	WWDG_GetFlagStatus
 223              		.thumb
 224              		.thumb_func
 225              		.type	WWDG_GetFlagStatus, %function
 226              	WWDG_GetFlagStatus:
 227              	.LFB118:
 228              		.loc 1 271 0
ARM GAS  /tmp/ccWD2Hqw.s 			page 5


 229              		.cfi_startproc
 230              		@ args = 0, pretend = 0, frame = 0
 231              		@ frame_needed = 0, uses_anonymous_args = 0
 232              		@ link register save eliminated.
 233              	.LVL11:
 234              		.loc 1 274 0
 235 0000 024B     		ldr	r3, .L20
 236 0002 9868     		ldr	r0, [r3, #8]
 237              	.LVL12:
 238              		.loc 1 283 0
 239 0004 0030     		adds	r0, r0, #0
 240 0006 18BF     		it	ne
 241 0008 0120     		movne	r0, #1
 242              	.LVL13:
 243 000a 7047     		bx	lr
 244              	.L21:
 245              		.align	2
 246              	.L20:
 247 000c 002C0040 		.word	1073753088
 248              		.cfi_endproc
 249              	.LFE118:
 250              		.size	WWDG_GetFlagStatus, .-WWDG_GetFlagStatus
 251              		.section	.text.WWDG_ClearFlag,"ax",%progbits
 252              		.align	2
 253              		.p2align 4,,15
 254              		.global	WWDG_ClearFlag
 255              		.thumb
 256              		.thumb_func
 257              		.type	WWDG_ClearFlag, %function
 258              	WWDG_ClearFlag:
 259              	.LFB119:
 260              		.loc 1 291 0
 261              		.cfi_startproc
 262              		@ args = 0, pretend = 0, frame = 0
 263              		@ frame_needed = 0, uses_anonymous_args = 0
 264              		@ link register save eliminated.
 265              		.loc 1 292 0
 266 0000 014B     		ldr	r3, .L23
 267 0002 0022     		movs	r2, #0
 268 0004 9A60     		str	r2, [r3, #8]
 269 0006 7047     		bx	lr
 270              	.L24:
 271              		.align	2
 272              	.L23:
 273 0008 002C0040 		.word	1073753088
 274              		.cfi_endproc
 275              	.LFE119:
 276              		.size	WWDG_ClearFlag, .-WWDG_ClearFlag
 277              		.text
 278              	.Letext0:
 279              		.file 2 "/usr/arm-none-eabi/include/machine/_default_types.h"
 280              		.file 3 "/usr/arm-none-eabi/include/sys/_stdint.h"
 281              		.file 4 "ChibiOS_3.0.2/os/ext/CMSIS/ST/stm32f407xx.h"
 282              		.file 5 "ChibiOS_3.0.2/os/ext/CMSIS/ST/stm32f4xx.h"
 283              		.file 6 "ChibiOS_3.0.2/os/ext/CMSIS/include/core_cm4.h"
 284              		.file 7 "ChibiOS_3.0.2/ext/stdperiph_stm32f4/inc/stm32f4xx_rcc.h"
 285              		.section	.debug_info,"",%progbits
ARM GAS  /tmp/ccWD2Hqw.s 			page 6


 286              	.Ldebug_info0:
 287 0000 9A020000 		.4byte	0x29a
 288 0004 0400     		.2byte	0x4
 289 0006 00000000 		.4byte	.Ldebug_abbrev0
 290 000a 04       		.byte	0x4
 291 000b 01       		.uleb128 0x1
 292 000c E6000000 		.4byte	.LASF34
 293 0010 01       		.byte	0x1
 294 0011 48020000 		.4byte	.LASF35
 295 0015 E4020000 		.4byte	.LASF36
 296 0019 00000000 		.4byte	.Ldebug_ranges0+0
 297 001d 00000000 		.4byte	0
 298 0021 00000000 		.4byte	.Ldebug_line0
 299 0025 02       		.uleb128 0x2
 300 0026 01       		.byte	0x1
 301 0027 06       		.byte	0x6
 302 0028 67000000 		.4byte	.LASF0
 303 002c 03       		.uleb128 0x3
 304 002d 00000000 		.4byte	.LASF4
 305 0031 02       		.byte	0x2
 306 0032 1D       		.byte	0x1d
 307 0033 37000000 		.4byte	0x37
 308 0037 02       		.uleb128 0x2
 309 0038 01       		.byte	0x1
 310 0039 08       		.byte	0x8
 311 003a C4000000 		.4byte	.LASF1
 312 003e 02       		.uleb128 0x2
 313 003f 02       		.byte	0x2
 314 0040 05       		.byte	0x5
 315 0041 C4020000 		.4byte	.LASF2
 316 0045 02       		.uleb128 0x2
 317 0046 02       		.byte	0x2
 318 0047 07       		.byte	0x7
 319 0048 14000000 		.4byte	.LASF3
 320 004c 03       		.uleb128 0x3
 321 004d 0A000000 		.4byte	.LASF5
 322 0051 02       		.byte	0x2
 323 0052 3F       		.byte	0x3f
 324 0053 57000000 		.4byte	0x57
 325 0057 02       		.uleb128 0x2
 326 0058 04       		.byte	0x4
 327 0059 05       		.byte	0x5
 328 005a 3E030000 		.4byte	.LASF6
 329 005e 03       		.uleb128 0x3
 330 005f 55000000 		.4byte	.LASF7
 331 0063 02       		.byte	0x2
 332 0064 41       		.byte	0x41
 333 0065 69000000 		.4byte	0x69
 334 0069 02       		.uleb128 0x2
 335 006a 04       		.byte	0x4
 336 006b 07       		.byte	0x7
 337 006c 9F000000 		.4byte	.LASF8
 338 0070 02       		.uleb128 0x2
 339 0071 08       		.byte	0x8
 340 0072 05       		.byte	0x5
 341 0073 A9020000 		.4byte	.LASF9
 342 0077 02       		.uleb128 0x2
ARM GAS  /tmp/ccWD2Hqw.s 			page 7


 343 0078 08       		.byte	0x8
 344 0079 07       		.byte	0x7
 345 007a 17020000 		.4byte	.LASF10
 346 007e 04       		.uleb128 0x4
 347 007f 04       		.byte	0x4
 348 0080 05       		.byte	0x5
 349 0081 696E7400 		.ascii	"int\000"
 350 0085 02       		.uleb128 0x2
 351 0086 04       		.byte	0x4
 352 0087 07       		.byte	0x7
 353 0088 0A020000 		.4byte	.LASF11
 354 008c 03       		.uleb128 0x3
 355 008d 2E020000 		.4byte	.LASF12
 356 0091 03       		.byte	0x3
 357 0092 14       		.byte	0x14
 358 0093 2C000000 		.4byte	0x2c
 359 0097 03       		.uleb128 0x3
 360 0098 41000000 		.4byte	.LASF13
 361 009c 03       		.byte	0x3
 362 009d 1F       		.byte	0x1f
 363 009e 4C000000 		.4byte	0x4c
 364 00a2 03       		.uleb128 0x3
 365 00a3 35030000 		.4byte	.LASF14
 366 00a7 03       		.byte	0x3
 367 00a8 20       		.byte	0x20
 368 00a9 5E000000 		.4byte	0x5e
 369 00ad 02       		.uleb128 0x2
 370 00ae 04       		.byte	0x4
 371 00af 07       		.byte	0x7
 372 00b0 A0020000 		.4byte	.LASF15
 373 00b4 05       		.uleb128 0x5
 374 00b5 A2000000 		.4byte	0xa2
 375 00b9 06       		.uleb128 0x6
 376 00ba 0C       		.byte	0xc
 377 00bb 04       		.byte	0x4
 378 00bc 1803     		.2byte	0x318
 379 00be E8000000 		.4byte	0xe8
 380 00c2 07       		.uleb128 0x7
 381 00c3 435200   		.ascii	"CR\000"
 382 00c6 04       		.byte	0x4
 383 00c7 1A03     		.2byte	0x31a
 384 00c9 B4000000 		.4byte	0xb4
 385 00cd 00       		.byte	0
 386 00ce 07       		.uleb128 0x7
 387 00cf 43465200 		.ascii	"CFR\000"
 388 00d3 04       		.byte	0x4
 389 00d4 1B03     		.2byte	0x31b
 390 00d6 B4000000 		.4byte	0xb4
 391 00da 04       		.byte	0x4
 392 00db 07       		.uleb128 0x7
 393 00dc 535200   		.ascii	"SR\000"
 394 00df 04       		.byte	0x4
 395 00e0 1C03     		.2byte	0x31c
 396 00e2 B4000000 		.4byte	0xb4
 397 00e6 08       		.byte	0x8
 398 00e7 00       		.byte	0
 399 00e8 08       		.uleb128 0x8
ARM GAS  /tmp/ccWD2Hqw.s 			page 8


 400 00e9 B7020000 		.4byte	.LASF16
 401 00ed 04       		.byte	0x4
 402 00ee 1D03     		.2byte	0x31d
 403 00f0 B9000000 		.4byte	0xb9
 404 00f4 09       		.uleb128 0x9
 405 00f5 01       		.byte	0x1
 406 00f6 05       		.byte	0x5
 407 00f7 A2       		.byte	0xa2
 408 00f8 09010000 		.4byte	0x109
 409 00fc 0A       		.uleb128 0xa
 410 00fd B1000000 		.4byte	.LASF17
 411 0101 00       		.sleb128 0
 412 0102 0B       		.uleb128 0xb
 413 0103 53455400 		.ascii	"SET\000"
 414 0107 01       		.sleb128 1
 415 0108 00       		.byte	0
 416 0109 03       		.uleb128 0x3
 417 010a 81000000 		.4byte	.LASF18
 418 010e 05       		.byte	0x5
 419 010f A5       		.byte	0xa5
 420 0110 F4000000 		.4byte	0xf4
 421 0114 09       		.uleb128 0x9
 422 0115 01       		.byte	0x1
 423 0116 05       		.byte	0x5
 424 0117 A8       		.byte	0xa8
 425 0118 29010000 		.4byte	0x129
 426 011c 0A       		.uleb128 0xa
 427 011d 47030000 		.4byte	.LASF19
 428 0121 00       		.sleb128 0
 429 0122 0A       		.uleb128 0xa
 430 0123 60000000 		.4byte	.LASF20
 431 0127 01       		.sleb128 1
 432 0128 00       		.byte	0
 433 0129 03       		.uleb128 0x3
 434 012a 27000000 		.4byte	.LASF21
 435 012e 05       		.byte	0x5
 436 012f AB       		.byte	0xab
 437 0130 14010000 		.4byte	0x114
 438 0134 0C       		.uleb128 0xc
 439 0135 29030000 		.4byte	.LASF22
 440 0139 01       		.byte	0x1
 441 013a 8E       		.byte	0x8e
 442 013b 00000000 		.4byte	.LFB112
 443 013f 1A000000 		.4byte	.LFE112-.LFB112
 444 0143 01       		.uleb128 0x1
 445 0144 9C       		.byte	0x9c
 446 0145 7A010000 		.4byte	0x17a
 447 0149 0D       		.uleb128 0xd
 448 014a 0C000000 		.4byte	.LVL0
 449 014e 8A020000 		.4byte	0x28a
 450 0152 63010000 		.4byte	0x163
 451 0156 0E       		.uleb128 0xe
 452 0157 01       		.uleb128 0x1
 453 0158 51       		.byte	0x51
 454 0159 01       		.uleb128 0x1
 455 015a 31       		.byte	0x31
 456 015b 0E       		.uleb128 0xe
ARM GAS  /tmp/ccWD2Hqw.s 			page 9


 457 015c 01       		.uleb128 0x1
 458 015d 50       		.byte	0x50
 459 015e 03       		.uleb128 0x3
 460 015f 0A       		.byte	0xa
 461 0160 0008     		.2byte	0x800
 462 0162 00       		.byte	0
 463 0163 0F       		.uleb128 0xf
 464 0164 1A000000 		.4byte	.LVL1
 465 0168 8A020000 		.4byte	0x28a
 466 016c 0E       		.uleb128 0xe
 467 016d 01       		.uleb128 0x1
 468 016e 51       		.byte	0x51
 469 016f 01       		.uleb128 0x1
 470 0170 30       		.byte	0x30
 471 0171 0E       		.uleb128 0xe
 472 0172 01       		.uleb128 0x1
 473 0173 50       		.byte	0x50
 474 0174 03       		.uleb128 0x3
 475 0175 0A       		.byte	0xa
 476 0176 0008     		.2byte	0x800
 477 0178 00       		.byte	0
 478 0179 00       		.byte	0
 479 017a 0C       		.uleb128 0xc
 480 017b 36020000 		.4byte	.LASF23
 481 017f 01       		.byte	0x1
 482 0180 9E       		.byte	0x9e
 483 0181 00000000 		.4byte	.LFB113
 484 0185 14000000 		.4byte	.LFE113-.LFB113
 485 0189 01       		.uleb128 0x1
 486 018a 9C       		.byte	0x9c
 487 018b AE010000 		.4byte	0x1ae
 488 018f 10       		.uleb128 0x10
 489 0190 91020000 		.4byte	.LASF25
 490 0194 01       		.byte	0x1
 491 0195 9E       		.byte	0x9e
 492 0196 A2000000 		.4byte	0xa2
 493 019a 00000000 		.4byte	.LLST0
 494 019e 11       		.uleb128 0x11
 495 019f CE020000 		.4byte	.LASF27
 496 01a3 01       		.byte	0x1
 497 01a4 A0       		.byte	0xa0
 498 01a5 A2000000 		.4byte	0xa2
 499 01a9 21000000 		.4byte	.LLST1
 500 01ad 00       		.byte	0
 501 01ae 0C       		.uleb128 0xc
 502 01af 15030000 		.4byte	.LASF24
 503 01b3 01       		.byte	0x1
 504 01b4 B1       		.byte	0xb1
 505 01b5 00000000 		.4byte	.LFB114
 506 01b9 28000000 		.4byte	.LFE114-.LFB114
 507 01bd 01       		.uleb128 0x1
 508 01be 9C       		.byte	0x9c
 509 01bf E1010000 		.4byte	0x1e1
 510 01c3 10       		.uleb128 0x10
 511 01c4 D2000000 		.4byte	.LASF26
 512 01c8 01       		.byte	0x1
 513 01c9 B1       		.byte	0xb1
ARM GAS  /tmp/ccWD2Hqw.s 			page 10


 514 01ca 8C000000 		.4byte	0x8c
 515 01ce 4B000000 		.4byte	.LLST2
 516 01d2 12       		.uleb128 0x12
 517 01d3 CE020000 		.4byte	.LASF27
 518 01d7 01       		.byte	0x1
 519 01d8 B3       		.byte	0xb3
 520 01d9 B4000000 		.4byte	0xb4
 521 01dd 02       		.uleb128 0x2
 522 01de 91       		.byte	0x91
 523 01df 7C       		.sleb128 -4
 524 01e0 00       		.byte	0
 525 01e1 13       		.uleb128 0x13
 526 01e2 73000000 		.4byte	.LASF32
 527 01e6 01       		.byte	0x1
 528 01e7 C8       		.byte	0xc8
 529 01e8 00000000 		.4byte	.LFB115
 530 01ec 0C000000 		.4byte	.LFE115-.LFB115
 531 01f0 01       		.uleb128 0x1
 532 01f1 9C       		.byte	0x9c
 533 01f2 0C       		.uleb128 0xc
 534 01f3 81020000 		.4byte	.LASF28
 535 01f7 01       		.byte	0x1
 536 01f8 D4       		.byte	0xd4
 537 01f9 00000000 		.4byte	.LFB116
 538 01fd 10000000 		.4byte	.LFE116-.LFB116
 539 0201 01       		.uleb128 0x1
 540 0202 9C       		.byte	0x9c
 541 0203 17020000 		.4byte	0x217
 542 0207 10       		.uleb128 0x10
 543 0208 DE000000 		.4byte	.LASF29
 544 020c 01       		.byte	0x1
 545 020d D4       		.byte	0xd4
 546 020e 8C000000 		.4byte	0x8c
 547 0212 6C000000 		.4byte	.LLST3
 548 0216 00       		.byte	0
 549 0217 0C       		.uleb128 0xc
 550 0218 49000000 		.4byte	.LASF30
 551 021c 01       		.byte	0x1
 552 021d F3       		.byte	0xf3
 553 021e 00000000 		.4byte	.LFB117
 554 0222 10000000 		.4byte	.LFE117-.LFB117
 555 0226 01       		.uleb128 0x1
 556 0227 9C       		.byte	0x9c
 557 0228 3C020000 		.4byte	0x23c
 558 022c 10       		.uleb128 0x10
 559 022d DE000000 		.4byte	.LASF29
 560 0231 01       		.byte	0x1
 561 0232 F3       		.byte	0xf3
 562 0233 8C000000 		.4byte	0x8c
 563 0237 8D000000 		.4byte	.LLST4
 564 023b 00       		.byte	0
 565 023c 14       		.uleb128 0x14
 566 023d 8C000000 		.4byte	.LASF37
 567 0241 01       		.byte	0x1
 568 0242 0E01     		.2byte	0x10e
 569 0244 09010000 		.4byte	0x109
 570 0248 00000000 		.4byte	.LFB118
ARM GAS  /tmp/ccWD2Hqw.s 			page 11


 571 024c 10000000 		.4byte	.LFE118-.LFB118
 572 0250 01       		.uleb128 0x1
 573 0251 9C       		.byte	0x9c
 574 0252 67020000 		.4byte	0x267
 575 0256 15       		.uleb128 0x15
 576 0257 37000000 		.4byte	.LASF31
 577 025b 01       		.byte	0x1
 578 025c 1001     		.2byte	0x110
 579 025e 09010000 		.4byte	0x109
 580 0262 AE000000 		.4byte	.LLST5
 581 0266 00       		.byte	0
 582 0267 16       		.uleb128 0x16
 583 0268 D5020000 		.4byte	.LASF33
 584 026c 01       		.byte	0x1
 585 026d 2201     		.2byte	0x122
 586 026f 00000000 		.4byte	.LFB119
 587 0273 0C000000 		.4byte	.LFE119-.LFB119
 588 0277 01       		.uleb128 0x1
 589 0278 9C       		.byte	0x9c
 590 0279 17       		.uleb128 0x17
 591 027a B7000000 		.4byte	.LASF38
 592 027e 06       		.byte	0x6
 593 027f A706     		.2byte	0x6a7
 594 0281 85020000 		.4byte	0x285
 595 0285 05       		.uleb128 0x5
 596 0286 97000000 		.4byte	0x97
 597 028a 18       		.uleb128 0x18
 598 028b 4F030000 		.4byte	.LASF39
 599 028f 07       		.byte	0x7
 600 0290 6103     		.2byte	0x361
 601 0292 19       		.uleb128 0x19
 602 0293 A2000000 		.4byte	0xa2
 603 0297 19       		.uleb128 0x19
 604 0298 29010000 		.4byte	0x129
 605 029c 00       		.byte	0
 606 029d 00       		.byte	0
 607              		.section	.debug_abbrev,"",%progbits
 608              	.Ldebug_abbrev0:
 609 0000 01       		.uleb128 0x1
 610 0001 11       		.uleb128 0x11
 611 0002 01       		.byte	0x1
 612 0003 25       		.uleb128 0x25
 613 0004 0E       		.uleb128 0xe
 614 0005 13       		.uleb128 0x13
 615 0006 0B       		.uleb128 0xb
 616 0007 03       		.uleb128 0x3
 617 0008 0E       		.uleb128 0xe
 618 0009 1B       		.uleb128 0x1b
 619 000a 0E       		.uleb128 0xe
 620 000b 55       		.uleb128 0x55
 621 000c 17       		.uleb128 0x17
 622 000d 11       		.uleb128 0x11
 623 000e 01       		.uleb128 0x1
 624 000f 10       		.uleb128 0x10
 625 0010 17       		.uleb128 0x17
 626 0011 00       		.byte	0
 627 0012 00       		.byte	0
ARM GAS  /tmp/ccWD2Hqw.s 			page 12


 628 0013 02       		.uleb128 0x2
 629 0014 24       		.uleb128 0x24
 630 0015 00       		.byte	0
 631 0016 0B       		.uleb128 0xb
 632 0017 0B       		.uleb128 0xb
 633 0018 3E       		.uleb128 0x3e
 634 0019 0B       		.uleb128 0xb
 635 001a 03       		.uleb128 0x3
 636 001b 0E       		.uleb128 0xe
 637 001c 00       		.byte	0
 638 001d 00       		.byte	0
 639 001e 03       		.uleb128 0x3
 640 001f 16       		.uleb128 0x16
 641 0020 00       		.byte	0
 642 0021 03       		.uleb128 0x3
 643 0022 0E       		.uleb128 0xe
 644 0023 3A       		.uleb128 0x3a
 645 0024 0B       		.uleb128 0xb
 646 0025 3B       		.uleb128 0x3b
 647 0026 0B       		.uleb128 0xb
 648 0027 49       		.uleb128 0x49
 649 0028 13       		.uleb128 0x13
 650 0029 00       		.byte	0
 651 002a 00       		.byte	0
 652 002b 04       		.uleb128 0x4
 653 002c 24       		.uleb128 0x24
 654 002d 00       		.byte	0
 655 002e 0B       		.uleb128 0xb
 656 002f 0B       		.uleb128 0xb
 657 0030 3E       		.uleb128 0x3e
 658 0031 0B       		.uleb128 0xb
 659 0032 03       		.uleb128 0x3
 660 0033 08       		.uleb128 0x8
 661 0034 00       		.byte	0
 662 0035 00       		.byte	0
 663 0036 05       		.uleb128 0x5
 664 0037 35       		.uleb128 0x35
 665 0038 00       		.byte	0
 666 0039 49       		.uleb128 0x49
 667 003a 13       		.uleb128 0x13
 668 003b 00       		.byte	0
 669 003c 00       		.byte	0
 670 003d 06       		.uleb128 0x6
 671 003e 13       		.uleb128 0x13
 672 003f 01       		.byte	0x1
 673 0040 0B       		.uleb128 0xb
 674 0041 0B       		.uleb128 0xb
 675 0042 3A       		.uleb128 0x3a
 676 0043 0B       		.uleb128 0xb
 677 0044 3B       		.uleb128 0x3b
 678 0045 05       		.uleb128 0x5
 679 0046 01       		.uleb128 0x1
 680 0047 13       		.uleb128 0x13
 681 0048 00       		.byte	0
 682 0049 00       		.byte	0
 683 004a 07       		.uleb128 0x7
 684 004b 0D       		.uleb128 0xd
ARM GAS  /tmp/ccWD2Hqw.s 			page 13


 685 004c 00       		.byte	0
 686 004d 03       		.uleb128 0x3
 687 004e 08       		.uleb128 0x8
 688 004f 3A       		.uleb128 0x3a
 689 0050 0B       		.uleb128 0xb
 690 0051 3B       		.uleb128 0x3b
 691 0052 05       		.uleb128 0x5
 692 0053 49       		.uleb128 0x49
 693 0054 13       		.uleb128 0x13
 694 0055 38       		.uleb128 0x38
 695 0056 0B       		.uleb128 0xb
 696 0057 00       		.byte	0
 697 0058 00       		.byte	0
 698 0059 08       		.uleb128 0x8
 699 005a 16       		.uleb128 0x16
 700 005b 00       		.byte	0
 701 005c 03       		.uleb128 0x3
 702 005d 0E       		.uleb128 0xe
 703 005e 3A       		.uleb128 0x3a
 704 005f 0B       		.uleb128 0xb
 705 0060 3B       		.uleb128 0x3b
 706 0061 05       		.uleb128 0x5
 707 0062 49       		.uleb128 0x49
 708 0063 13       		.uleb128 0x13
 709 0064 00       		.byte	0
 710 0065 00       		.byte	0
 711 0066 09       		.uleb128 0x9
 712 0067 04       		.uleb128 0x4
 713 0068 01       		.byte	0x1
 714 0069 0B       		.uleb128 0xb
 715 006a 0B       		.uleb128 0xb
 716 006b 3A       		.uleb128 0x3a
 717 006c 0B       		.uleb128 0xb
 718 006d 3B       		.uleb128 0x3b
 719 006e 0B       		.uleb128 0xb
 720 006f 01       		.uleb128 0x1
 721 0070 13       		.uleb128 0x13
 722 0071 00       		.byte	0
 723 0072 00       		.byte	0
 724 0073 0A       		.uleb128 0xa
 725 0074 28       		.uleb128 0x28
 726 0075 00       		.byte	0
 727 0076 03       		.uleb128 0x3
 728 0077 0E       		.uleb128 0xe
 729 0078 1C       		.uleb128 0x1c
 730 0079 0D       		.uleb128 0xd
 731 007a 00       		.byte	0
 732 007b 00       		.byte	0
 733 007c 0B       		.uleb128 0xb
 734 007d 28       		.uleb128 0x28
 735 007e 00       		.byte	0
 736 007f 03       		.uleb128 0x3
 737 0080 08       		.uleb128 0x8
 738 0081 1C       		.uleb128 0x1c
 739 0082 0D       		.uleb128 0xd
 740 0083 00       		.byte	0
 741 0084 00       		.byte	0
ARM GAS  /tmp/ccWD2Hqw.s 			page 14


 742 0085 0C       		.uleb128 0xc
 743 0086 2E       		.uleb128 0x2e
 744 0087 01       		.byte	0x1
 745 0088 3F       		.uleb128 0x3f
 746 0089 19       		.uleb128 0x19
 747 008a 03       		.uleb128 0x3
 748 008b 0E       		.uleb128 0xe
 749 008c 3A       		.uleb128 0x3a
 750 008d 0B       		.uleb128 0xb
 751 008e 3B       		.uleb128 0x3b
 752 008f 0B       		.uleb128 0xb
 753 0090 27       		.uleb128 0x27
 754 0091 19       		.uleb128 0x19
 755 0092 11       		.uleb128 0x11
 756 0093 01       		.uleb128 0x1
 757 0094 12       		.uleb128 0x12
 758 0095 06       		.uleb128 0x6
 759 0096 40       		.uleb128 0x40
 760 0097 18       		.uleb128 0x18
 761 0098 9742     		.uleb128 0x2117
 762 009a 19       		.uleb128 0x19
 763 009b 01       		.uleb128 0x1
 764 009c 13       		.uleb128 0x13
 765 009d 00       		.byte	0
 766 009e 00       		.byte	0
 767 009f 0D       		.uleb128 0xd
 768 00a0 898201   		.uleb128 0x4109
 769 00a3 01       		.byte	0x1
 770 00a4 11       		.uleb128 0x11
 771 00a5 01       		.uleb128 0x1
 772 00a6 31       		.uleb128 0x31
 773 00a7 13       		.uleb128 0x13
 774 00a8 01       		.uleb128 0x1
 775 00a9 13       		.uleb128 0x13
 776 00aa 00       		.byte	0
 777 00ab 00       		.byte	0
 778 00ac 0E       		.uleb128 0xe
 779 00ad 8A8201   		.uleb128 0x410a
 780 00b0 00       		.byte	0
 781 00b1 02       		.uleb128 0x2
 782 00b2 18       		.uleb128 0x18
 783 00b3 9142     		.uleb128 0x2111
 784 00b5 18       		.uleb128 0x18
 785 00b6 00       		.byte	0
 786 00b7 00       		.byte	0
 787 00b8 0F       		.uleb128 0xf
 788 00b9 898201   		.uleb128 0x4109
 789 00bc 01       		.byte	0x1
 790 00bd 11       		.uleb128 0x11
 791 00be 01       		.uleb128 0x1
 792 00bf 9542     		.uleb128 0x2115
 793 00c1 19       		.uleb128 0x19
 794 00c2 31       		.uleb128 0x31
 795 00c3 13       		.uleb128 0x13
 796 00c4 00       		.byte	0
 797 00c5 00       		.byte	0
 798 00c6 10       		.uleb128 0x10
ARM GAS  /tmp/ccWD2Hqw.s 			page 15


 799 00c7 05       		.uleb128 0x5
 800 00c8 00       		.byte	0
 801 00c9 03       		.uleb128 0x3
 802 00ca 0E       		.uleb128 0xe
 803 00cb 3A       		.uleb128 0x3a
 804 00cc 0B       		.uleb128 0xb
 805 00cd 3B       		.uleb128 0x3b
 806 00ce 0B       		.uleb128 0xb
 807 00cf 49       		.uleb128 0x49
 808 00d0 13       		.uleb128 0x13
 809 00d1 02       		.uleb128 0x2
 810 00d2 17       		.uleb128 0x17
 811 00d3 00       		.byte	0
 812 00d4 00       		.byte	0
 813 00d5 11       		.uleb128 0x11
 814 00d6 34       		.uleb128 0x34
 815 00d7 00       		.byte	0
 816 00d8 03       		.uleb128 0x3
 817 00d9 0E       		.uleb128 0xe
 818 00da 3A       		.uleb128 0x3a
 819 00db 0B       		.uleb128 0xb
 820 00dc 3B       		.uleb128 0x3b
 821 00dd 0B       		.uleb128 0xb
 822 00de 49       		.uleb128 0x49
 823 00df 13       		.uleb128 0x13
 824 00e0 02       		.uleb128 0x2
 825 00e1 17       		.uleb128 0x17
 826 00e2 00       		.byte	0
 827 00e3 00       		.byte	0
 828 00e4 12       		.uleb128 0x12
 829 00e5 34       		.uleb128 0x34
 830 00e6 00       		.byte	0
 831 00e7 03       		.uleb128 0x3
 832 00e8 0E       		.uleb128 0xe
 833 00e9 3A       		.uleb128 0x3a
 834 00ea 0B       		.uleb128 0xb
 835 00eb 3B       		.uleb128 0x3b
 836 00ec 0B       		.uleb128 0xb
 837 00ed 49       		.uleb128 0x49
 838 00ee 13       		.uleb128 0x13
 839 00ef 02       		.uleb128 0x2
 840 00f0 18       		.uleb128 0x18
 841 00f1 00       		.byte	0
 842 00f2 00       		.byte	0
 843 00f3 13       		.uleb128 0x13
 844 00f4 2E       		.uleb128 0x2e
 845 00f5 00       		.byte	0
 846 00f6 3F       		.uleb128 0x3f
 847 00f7 19       		.uleb128 0x19
 848 00f8 03       		.uleb128 0x3
 849 00f9 0E       		.uleb128 0xe
 850 00fa 3A       		.uleb128 0x3a
 851 00fb 0B       		.uleb128 0xb
 852 00fc 3B       		.uleb128 0x3b
 853 00fd 0B       		.uleb128 0xb
 854 00fe 27       		.uleb128 0x27
 855 00ff 19       		.uleb128 0x19
ARM GAS  /tmp/ccWD2Hqw.s 			page 16


 856 0100 11       		.uleb128 0x11
 857 0101 01       		.uleb128 0x1
 858 0102 12       		.uleb128 0x12
 859 0103 06       		.uleb128 0x6
 860 0104 40       		.uleb128 0x40
 861 0105 18       		.uleb128 0x18
 862 0106 9742     		.uleb128 0x2117
 863 0108 19       		.uleb128 0x19
 864 0109 00       		.byte	0
 865 010a 00       		.byte	0
 866 010b 14       		.uleb128 0x14
 867 010c 2E       		.uleb128 0x2e
 868 010d 01       		.byte	0x1
 869 010e 3F       		.uleb128 0x3f
 870 010f 19       		.uleb128 0x19
 871 0110 03       		.uleb128 0x3
 872 0111 0E       		.uleb128 0xe
 873 0112 3A       		.uleb128 0x3a
 874 0113 0B       		.uleb128 0xb
 875 0114 3B       		.uleb128 0x3b
 876 0115 05       		.uleb128 0x5
 877 0116 27       		.uleb128 0x27
 878 0117 19       		.uleb128 0x19
 879 0118 49       		.uleb128 0x49
 880 0119 13       		.uleb128 0x13
 881 011a 11       		.uleb128 0x11
 882 011b 01       		.uleb128 0x1
 883 011c 12       		.uleb128 0x12
 884 011d 06       		.uleb128 0x6
 885 011e 40       		.uleb128 0x40
 886 011f 18       		.uleb128 0x18
 887 0120 9742     		.uleb128 0x2117
 888 0122 19       		.uleb128 0x19
 889 0123 01       		.uleb128 0x1
 890 0124 13       		.uleb128 0x13
 891 0125 00       		.byte	0
 892 0126 00       		.byte	0
 893 0127 15       		.uleb128 0x15
 894 0128 34       		.uleb128 0x34
 895 0129 00       		.byte	0
 896 012a 03       		.uleb128 0x3
 897 012b 0E       		.uleb128 0xe
 898 012c 3A       		.uleb128 0x3a
 899 012d 0B       		.uleb128 0xb
 900 012e 3B       		.uleb128 0x3b
 901 012f 05       		.uleb128 0x5
 902 0130 49       		.uleb128 0x49
 903 0131 13       		.uleb128 0x13
 904 0132 02       		.uleb128 0x2
 905 0133 17       		.uleb128 0x17
 906 0134 00       		.byte	0
 907 0135 00       		.byte	0
 908 0136 16       		.uleb128 0x16
 909 0137 2E       		.uleb128 0x2e
 910 0138 00       		.byte	0
 911 0139 3F       		.uleb128 0x3f
 912 013a 19       		.uleb128 0x19
ARM GAS  /tmp/ccWD2Hqw.s 			page 17


 913 013b 03       		.uleb128 0x3
 914 013c 0E       		.uleb128 0xe
 915 013d 3A       		.uleb128 0x3a
 916 013e 0B       		.uleb128 0xb
 917 013f 3B       		.uleb128 0x3b
 918 0140 05       		.uleb128 0x5
 919 0141 27       		.uleb128 0x27
 920 0142 19       		.uleb128 0x19
 921 0143 11       		.uleb128 0x11
 922 0144 01       		.uleb128 0x1
 923 0145 12       		.uleb128 0x12
 924 0146 06       		.uleb128 0x6
 925 0147 40       		.uleb128 0x40
 926 0148 18       		.uleb128 0x18
 927 0149 9742     		.uleb128 0x2117
 928 014b 19       		.uleb128 0x19
 929 014c 00       		.byte	0
 930 014d 00       		.byte	0
 931 014e 17       		.uleb128 0x17
 932 014f 34       		.uleb128 0x34
 933 0150 00       		.byte	0
 934 0151 03       		.uleb128 0x3
 935 0152 0E       		.uleb128 0xe
 936 0153 3A       		.uleb128 0x3a
 937 0154 0B       		.uleb128 0xb
 938 0155 3B       		.uleb128 0x3b
 939 0156 05       		.uleb128 0x5
 940 0157 49       		.uleb128 0x49
 941 0158 13       		.uleb128 0x13
 942 0159 3F       		.uleb128 0x3f
 943 015a 19       		.uleb128 0x19
 944 015b 3C       		.uleb128 0x3c
 945 015c 19       		.uleb128 0x19
 946 015d 00       		.byte	0
 947 015e 00       		.byte	0
 948 015f 18       		.uleb128 0x18
 949 0160 2E       		.uleb128 0x2e
 950 0161 01       		.byte	0x1
 951 0162 3F       		.uleb128 0x3f
 952 0163 19       		.uleb128 0x19
 953 0164 03       		.uleb128 0x3
 954 0165 0E       		.uleb128 0xe
 955 0166 3A       		.uleb128 0x3a
 956 0167 0B       		.uleb128 0xb
 957 0168 3B       		.uleb128 0x3b
 958 0169 05       		.uleb128 0x5
 959 016a 27       		.uleb128 0x27
 960 016b 19       		.uleb128 0x19
 961 016c 3C       		.uleb128 0x3c
 962 016d 19       		.uleb128 0x19
 963 016e 00       		.byte	0
 964 016f 00       		.byte	0
 965 0170 19       		.uleb128 0x19
 966 0171 05       		.uleb128 0x5
 967 0172 00       		.byte	0
 968 0173 49       		.uleb128 0x49
 969 0174 13       		.uleb128 0x13
ARM GAS  /tmp/ccWD2Hqw.s 			page 18


 970 0175 00       		.byte	0
 971 0176 00       		.byte	0
 972 0177 00       		.byte	0
 973              		.section	.debug_loc,"",%progbits
 974              	.Ldebug_loc0:
 975              	.LLST0:
 976 0000 00000000 		.4byte	.LVL2
 977 0004 0A000000 		.4byte	.LVL4
 978 0008 0100     		.2byte	0x1
 979 000a 50       		.byte	0x50
 980 000b 0A000000 		.4byte	.LVL4
 981 000f 14000000 		.4byte	.LFE113
 982 0013 0400     		.2byte	0x4
 983 0015 F3       		.byte	0xf3
 984 0016 01       		.uleb128 0x1
 985 0017 50       		.byte	0x50
 986 0018 9F       		.byte	0x9f
 987 0019 00000000 		.4byte	0
 988 001d 00000000 		.4byte	0
 989              	.LLST1:
 990 0021 00000000 		.4byte	.LVL2
 991 0025 08000000 		.4byte	.LVL3
 992 0029 0200     		.2byte	0x2
 993 002b 30       		.byte	0x30
 994 002c 9F       		.byte	0x9f
 995 002d 08000000 		.4byte	.LVL3
 996 0031 0A000000 		.4byte	.LVL4
 997 0035 0100     		.2byte	0x1
 998 0037 53       		.byte	0x53
 999 0038 0A000000 		.4byte	.LVL4
 1000 003c 14000000 		.4byte	.LFE113
 1001 0040 0100     		.2byte	0x1
 1002 0042 50       		.byte	0x50
 1003 0043 00000000 		.4byte	0
 1004 0047 00000000 		.4byte	0
 1005              	.LLST2:
 1006 004b 00000000 		.4byte	.LVL5
 1007 004f 16000000 		.4byte	.LVL6
 1008 0053 0100     		.2byte	0x1
 1009 0055 50       		.byte	0x50
 1010 0056 16000000 		.4byte	.LVL6
 1011 005a 28000000 		.4byte	.LFE114
 1012 005e 0400     		.2byte	0x4
 1013 0060 F3       		.byte	0xf3
 1014 0061 01       		.uleb128 0x1
 1015 0062 50       		.byte	0x50
 1016 0063 9F       		.byte	0x9f
 1017 0064 00000000 		.4byte	0
 1018 0068 00000000 		.4byte	0
 1019              	.LLST3:
 1020 006c 00000000 		.4byte	.LVL7
 1021 0070 06000000 		.4byte	.LVL8
 1022 0074 0100     		.2byte	0x1
 1023 0076 50       		.byte	0x50
 1024 0077 06000000 		.4byte	.LVL8
 1025 007b 10000000 		.4byte	.LFE116
 1026 007f 0400     		.2byte	0x4
ARM GAS  /tmp/ccWD2Hqw.s 			page 19


 1027 0081 F3       		.byte	0xf3
 1028 0082 01       		.uleb128 0x1
 1029 0083 50       		.byte	0x50
 1030 0084 9F       		.byte	0x9f
 1031 0085 00000000 		.4byte	0
 1032 0089 00000000 		.4byte	0
 1033              	.LLST4:
 1034 008d 00000000 		.4byte	.LVL9
 1035 0091 06000000 		.4byte	.LVL10
 1036 0095 0100     		.2byte	0x1
 1037 0097 50       		.byte	0x50
 1038 0098 06000000 		.4byte	.LVL10
 1039 009c 10000000 		.4byte	.LFE117
 1040 00a0 0400     		.2byte	0x4
 1041 00a2 F3       		.byte	0xf3
 1042 00a3 01       		.uleb128 0x1
 1043 00a4 50       		.byte	0x50
 1044 00a5 9F       		.byte	0x9f
 1045 00a6 00000000 		.4byte	0
 1046 00aa 00000000 		.4byte	0
 1047              	.LLST5:
 1048 00ae 00000000 		.4byte	.LVL11
 1049 00b2 04000000 		.4byte	.LVL12
 1050 00b6 0200     		.2byte	0x2
 1051 00b8 30       		.byte	0x30
 1052 00b9 9F       		.byte	0x9f
 1053 00ba 04000000 		.4byte	.LVL12
 1054 00be 0A000000 		.4byte	.LVL13
 1055 00c2 0500     		.2byte	0x5
 1056 00c4 70       		.byte	0x70
 1057 00c5 00       		.sleb128 0
 1058 00c6 30       		.byte	0x30
 1059 00c7 2E       		.byte	0x2e
 1060 00c8 9F       		.byte	0x9f
 1061 00c9 00000000 		.4byte	0
 1062 00cd 00000000 		.4byte	0
 1063              		.section	.debug_aranges,"",%progbits
 1064 0000 54000000 		.4byte	0x54
 1065 0004 0200     		.2byte	0x2
 1066 0006 00000000 		.4byte	.Ldebug_info0
 1067 000a 04       		.byte	0x4
 1068 000b 00       		.byte	0
 1069 000c 0000     		.2byte	0
 1070 000e 0000     		.2byte	0
 1071 0010 00000000 		.4byte	.LFB112
 1072 0014 1A000000 		.4byte	.LFE112-.LFB112
 1073 0018 00000000 		.4byte	.LFB113
 1074 001c 14000000 		.4byte	.LFE113-.LFB113
 1075 0020 00000000 		.4byte	.LFB114
 1076 0024 28000000 		.4byte	.LFE114-.LFB114
 1077 0028 00000000 		.4byte	.LFB115
 1078 002c 0C000000 		.4byte	.LFE115-.LFB115
 1079 0030 00000000 		.4byte	.LFB116
 1080 0034 10000000 		.4byte	.LFE116-.LFB116
 1081 0038 00000000 		.4byte	.LFB117
 1082 003c 10000000 		.4byte	.LFE117-.LFB117
 1083 0040 00000000 		.4byte	.LFB118
ARM GAS  /tmp/ccWD2Hqw.s 			page 20


 1084 0044 10000000 		.4byte	.LFE118-.LFB118
 1085 0048 00000000 		.4byte	.LFB119
 1086 004c 0C000000 		.4byte	.LFE119-.LFB119
 1087 0050 00000000 		.4byte	0
 1088 0054 00000000 		.4byte	0
 1089              		.section	.debug_ranges,"",%progbits
 1090              	.Ldebug_ranges0:
 1091 0000 00000000 		.4byte	.LFB112
 1092 0004 1A000000 		.4byte	.LFE112
 1093 0008 00000000 		.4byte	.LFB113
 1094 000c 14000000 		.4byte	.LFE113
 1095 0010 00000000 		.4byte	.LFB114
 1096 0014 28000000 		.4byte	.LFE114
 1097 0018 00000000 		.4byte	.LFB115
 1098 001c 0C000000 		.4byte	.LFE115
 1099 0020 00000000 		.4byte	.LFB116
 1100 0024 10000000 		.4byte	.LFE116
 1101 0028 00000000 		.4byte	.LFB117
 1102 002c 10000000 		.4byte	.LFE117
 1103 0030 00000000 		.4byte	.LFB118
 1104 0034 10000000 		.4byte	.LFE118
 1105 0038 00000000 		.4byte	.LFB119
 1106 003c 0C000000 		.4byte	.LFE119
 1107 0040 00000000 		.4byte	0
 1108 0044 00000000 		.4byte	0
 1109              		.section	.debug_line,"",%progbits
 1110              	.Ldebug_line0:
 1111 0000 F9010000 		.section	.debug_str,"MS",%progbits,1
 1111      02005C01 
 1111      00000201 
 1111      FB0E0D00 
 1111      01010101 
 1112              	.LASF4:
 1113 0000 5F5F7569 		.ascii	"__uint8_t\000"
 1113      6E74385F 
 1113      7400
 1114              	.LASF5:
 1115 000a 5F5F696E 		.ascii	"__int32_t\000"
 1115      7433325F 
 1115      7400
 1116              	.LASF3:
 1117 0014 73686F72 		.ascii	"short unsigned int\000"
 1117      7420756E 
 1117      7369676E 
 1117      65642069 
 1117      6E7400
 1118              	.LASF21:
 1119 0027 46756E63 		.ascii	"FunctionalState\000"
 1119      74696F6E 
 1119      616C5374 
 1119      61746500 
 1120              	.LASF31:
 1121 0037 62697473 		.ascii	"bitstatus\000"
 1121      74617475 
 1121      7300
 1122              	.LASF13:
 1123 0041 696E7433 		.ascii	"int32_t\000"
ARM GAS  /tmp/ccWD2Hqw.s 			page 21


 1123      325F7400 
 1124              	.LASF30:
 1125 0049 57574447 		.ascii	"WWDG_Enable\000"
 1125      5F456E61 
 1125      626C6500 
 1126              	.LASF7:
 1127 0055 5F5F7569 		.ascii	"__uint32_t\000"
 1127      6E743332 
 1127      5F7400
 1128              	.LASF20:
 1129 0060 454E4142 		.ascii	"ENABLE\000"
 1129      4C4500
 1130              	.LASF0:
 1131 0067 7369676E 		.ascii	"signed char\000"
 1131      65642063 
 1131      68617200 
 1132              	.LASF32:
 1133 0073 57574447 		.ascii	"WWDG_EnableIT\000"
 1133      5F456E61 
 1133      626C6549 
 1133      5400
 1134              	.LASF18:
 1135 0081 466C6167 		.ascii	"FlagStatus\000"
 1135      53746174 
 1135      757300
 1136              	.LASF37:
 1137 008c 57574447 		.ascii	"WWDG_GetFlagStatus\000"
 1137      5F476574 
 1137      466C6167 
 1137      53746174 
 1137      757300
 1138              	.LASF8:
 1139 009f 6C6F6E67 		.ascii	"long unsigned int\000"
 1139      20756E73 
 1139      69676E65 
 1139      6420696E 
 1139      7400
 1140              	.LASF17:
 1141 00b1 52455345 		.ascii	"RESET\000"
 1141      5400
 1142              	.LASF38:
 1143 00b7 49544D5F 		.ascii	"ITM_RxBuffer\000"
 1143      52784275 
 1143      66666572 
 1143      00
 1144              	.LASF1:
 1145 00c4 756E7369 		.ascii	"unsigned char\000"
 1145      676E6564 
 1145      20636861 
 1145      7200
 1146              	.LASF26:
 1147 00d2 57696E64 		.ascii	"WindowValue\000"
 1147      6F775661 
 1147      6C756500 
 1148              	.LASF29:
 1149 00de 436F756E 		.ascii	"Counter\000"
 1149      74657200 
ARM GAS  /tmp/ccWD2Hqw.s 			page 22


 1150              	.LASF34:
 1151 00e6 474E5520 		.ascii	"GNU C 4.9.3 20150529 (release) [ARM/embedded-4_9-br"
 1151      4320342E 
 1151      392E3320 
 1151      32303135 
 1151      30353239 
 1152 0119 616E6368 		.ascii	"anch revision 227977] -mcpu=cortex-m4 -mfloat-abi=h"
 1152      20726576 
 1152      6973696F 
 1152      6E203232 
 1152      37393737 
 1153 014c 61726420 		.ascii	"ard -mfpu=fpv4-sp-d16 -mno-thumb-interwork -mthumb "
 1153      2D6D6670 
 1153      753D6670 
 1153      76342D73 
 1153      702D6431 
 1154 017f 2D676764 		.ascii	"-ggdb -O2 -std=gnu99 -fomit-frame-pointer -falign-f"
 1154      62202D4F 
 1154      32202D73 
 1154      74643D67 
 1154      6E753939 
 1155 01b2 756E6374 		.ascii	"unctions=16 -ffunction-sections -fdata-sections -fn"
 1155      696F6E73 
 1155      3D313620 
 1155      2D666675 
 1155      6E637469 
 1156 01e5 6F2D636F 		.ascii	"o-common -fsingle-precision-constant\000"
 1156      6D6D6F6E 
 1156      202D6673 
 1156      696E676C 
 1156      652D7072 
 1157              	.LASF11:
 1158 020a 756E7369 		.ascii	"unsigned int\000"
 1158      676E6564 
 1158      20696E74 
 1158      00
 1159              	.LASF10:
 1160 0217 6C6F6E67 		.ascii	"long long unsigned int\000"
 1160      206C6F6E 
 1160      6720756E 
 1160      7369676E 
 1160      65642069 
 1161              	.LASF12:
 1162 022e 75696E74 		.ascii	"uint8_t\000"
 1162      385F7400 
 1163              	.LASF23:
 1164 0236 57574447 		.ascii	"WWDG_SetPrescaler\000"
 1164      5F536574 
 1164      50726573 
 1164      63616C65 
 1164      7200
 1165              	.LASF35:
 1166 0248 43686962 		.ascii	"ChibiOS_3.0.2/ext/stdperiph_stm32f4/src/stm32f4xx_w"
 1166      694F535F 
 1166      332E302E 
 1166      322F6578 
 1166      742F7374 
ARM GAS  /tmp/ccWD2Hqw.s 			page 23


 1167 027b 7764672E 		.ascii	"wdg.c\000"
 1167      6300
 1168              	.LASF28:
 1169 0281 57574447 		.ascii	"WWDG_SetCounter\000"
 1169      5F536574 
 1169      436F756E 
 1169      74657200 
 1170              	.LASF25:
 1171 0291 57574447 		.ascii	"WWDG_Prescaler\000"
 1171      5F507265 
 1171      7363616C 
 1171      657200
 1172              	.LASF15:
 1173 02a0 73697A65 		.ascii	"sizetype\000"
 1173      74797065 
 1173      00
 1174              	.LASF9:
 1175 02a9 6C6F6E67 		.ascii	"long long int\000"
 1175      206C6F6E 
 1175      6720696E 
 1175      7400
 1176              	.LASF16:
 1177 02b7 57574447 		.ascii	"WWDG_TypeDef\000"
 1177      5F547970 
 1177      65446566 
 1177      00
 1178              	.LASF2:
 1179 02c4 73686F72 		.ascii	"short int\000"
 1179      7420696E 
 1179      7400
 1180              	.LASF27:
 1181 02ce 746D7072 		.ascii	"tmpreg\000"
 1181      656700
 1182              	.LASF33:
 1183 02d5 57574447 		.ascii	"WWDG_ClearFlag\000"
 1183      5F436C65 
 1183      6172466C 
 1183      616700
 1184              	.LASF36:
 1185 02e4 2F686F6D 		.ascii	"/home/benjamin/Skrivbord/SP-RCCar/Embedded/Mote/\000"
 1185      652F6265 
 1185      6E6A616D 
 1185      696E2F53 
 1185      6B726976 
 1186              	.LASF24:
 1187 0315 57574447 		.ascii	"WWDG_SetWindowValue\000"
 1187      5F536574 
 1187      57696E64 
 1187      6F775661 
 1187      6C756500 
 1188              	.LASF22:
 1189 0329 57574447 		.ascii	"WWDG_DeInit\000"
 1189      5F446549 
 1189      6E697400 
 1190              	.LASF14:
 1191 0335 75696E74 		.ascii	"uint32_t\000"
 1191      33325F74 
ARM GAS  /tmp/ccWD2Hqw.s 			page 24


 1191      00
 1192              	.LASF6:
 1193 033e 6C6F6E67 		.ascii	"long int\000"
 1193      20696E74 
 1193      00
 1194              	.LASF19:
 1195 0347 44495341 		.ascii	"DISABLE\000"
 1195      424C4500 
 1196              	.LASF39:
 1197 034f 5243435F 		.ascii	"RCC_APB1PeriphResetCmd\000"
 1197      41504231 
 1197      50657269 
 1197      70685265 
 1197      73657443 
 1198              		.ident	"GCC: (GNU Tools for ARM Embedded Processors) 4.9.3 20150529 (release) [ARM/embedded-4_9-br
ARM GAS  /tmp/ccWD2Hqw.s 			page 25


DEFINED SYMBOLS
                            *ABS*:0000000000000000 stm32f4xx_wwdg.c
     /tmp/ccWD2Hqw.s:21     .text.WWDG_DeInit:0000000000000000 $t
     /tmp/ccWD2Hqw.s:27     .text.WWDG_DeInit:0000000000000000 WWDG_DeInit
     /tmp/ccWD2Hqw.s:58     .text.WWDG_SetPrescaler:0000000000000000 $t
     /tmp/ccWD2Hqw.s:64     .text.WWDG_SetPrescaler:0000000000000000 WWDG_SetPrescaler
     /tmp/ccWD2Hqw.s:86     .text.WWDG_SetPrescaler:0000000000000010 $d
     /tmp/ccWD2Hqw.s:91     .text.WWDG_SetWindowValue:0000000000000000 $t
     /tmp/ccWD2Hqw.s:97     .text.WWDG_SetWindowValue:0000000000000000 WWDG_SetWindowValue
     /tmp/ccWD2Hqw.s:133    .text.WWDG_SetWindowValue:0000000000000024 $d
     /tmp/ccWD2Hqw.s:138    .text.WWDG_EnableIT:0000000000000000 $t
     /tmp/ccWD2Hqw.s:144    .text.WWDG_EnableIT:0000000000000000 WWDG_EnableIT
     /tmp/ccWD2Hqw.s:159    .text.WWDG_EnableIT:0000000000000008 $d
     /tmp/ccWD2Hqw.s:164    .text.WWDG_SetCounter:0000000000000000 $t
     /tmp/ccWD2Hqw.s:170    .text.WWDG_SetCounter:0000000000000000 WWDG_SetCounter
     /tmp/ccWD2Hqw.s:187    .text.WWDG_SetCounter:000000000000000c $d
     /tmp/ccWD2Hqw.s:192    .text.WWDG_Enable:0000000000000000 $t
     /tmp/ccWD2Hqw.s:198    .text.WWDG_Enable:0000000000000000 WWDG_Enable
     /tmp/ccWD2Hqw.s:215    .text.WWDG_Enable:000000000000000c $d
     /tmp/ccWD2Hqw.s:220    .text.WWDG_GetFlagStatus:0000000000000000 $t
     /tmp/ccWD2Hqw.s:226    .text.WWDG_GetFlagStatus:0000000000000000 WWDG_GetFlagStatus
     /tmp/ccWD2Hqw.s:247    .text.WWDG_GetFlagStatus:000000000000000c $d
     /tmp/ccWD2Hqw.s:252    .text.WWDG_ClearFlag:0000000000000000 $t
     /tmp/ccWD2Hqw.s:258    .text.WWDG_ClearFlag:0000000000000000 WWDG_ClearFlag
     /tmp/ccWD2Hqw.s:273    .text.WWDG_ClearFlag:0000000000000008 $d
                     .debug_frame:0000000000000010 $d

UNDEFINED SYMBOLS
RCC_APB1PeriphResetCmd
